#
# A fatal error has been detected by the Java Runtime Environment:
#
#  EXCEPTION_ACCESS_VIOLATION (0xc0000005) at pc=0x00007ffe1b8f6ab7, pid=15064, tid=9528
#
# JRE version: Java(TM) SE Runtime Environment (16.0.2+7) (build 16.0.2+7-67)
# Java VM: Java HotSpot(TM) 64-Bit Server VM (16.0.2+7-67, mixed mode, sharing, tiered, compressed oops, compressed class ptrs, g1 gc, windows-amd64)
# Problematic frame:
# C  [glass.dll+0x26ab7]
#
# No core dump will be written. Minidumps are not enabled by default on client versions of Windows
#
# If you would like to submit a bug report, please visit:
#   https://bugreport.java.com/bugreport/crash.jsp
#

---------------  S U M M A R Y ------------

Command Line: --module-path=C:/javafx-sdk-17.0.2/lib --add-modules=javafx.controls,javafx.fxml -javaagent:C:\Program Files\JetBrains\IntelliJ IDEA 2021.3.3\lib\idea_rt.jar=58022:C:\Program Files\JetBrains\IntelliJ IDEA 2021.3.3\bin -Dfile.encoding=UTF-8 forms.Main

Host: Intel(R) Pentium(R) Silver N5000 CPU @ 1.10GHz, 4 cores, 7G,  Windows 10 , 64 bit Build 19041 (10.0.19041.1566)
Time: Mon Apr  4 16:19:18 2022 RTZ 2 (s 10 , 64 bit Build 19041 (10.0.19041.1566) elapsed time: 125.800725 seconds (0d 0h 2m 5s)

---------------  T H R E A D  ---------------

Current thread (0x000002474f2581c0):  VMThread "VM Thread" [stack: 0x000000febc400000,0x000000febc500000] [id=9528]

Stack: [0x000000febc400000,0x000000febc500000],  sp=0x000000febc4feda0,  free space=1019k
Native frames: (J=compiled Java code, j=interpreted, Vv=VM code, C=native code)
C  [glass.dll+0x26ab7]


siginfo: EXCEPTION_ACCESS_VIOLATION (0xc0000005), reading address 0x0000000000000000


Register to memory mapping:

RIP=0x00007ffe1b8f6ab7 glass.dll
RAX=0x0 is NULL
RBX=0x000002474f269fd8 is a global jni handle
RCX=0x000002474f2581c0 points into unknown readable memory: 0x00007ffe05cef638 | 38 f6 ce 05 fe 7f 00 00
RDX=0x000000febc4feda0 points into unknown readable memory: 0x0000000000000000 | 00 00 00 00 00 00 00 00
RSP=0x000000febc4feda0 points into unknown readable memory: 0x0000000000000000 | 00 00 00 00 00 00 00 00
RBP=0x0000024750bcaaa8 points into unknown readable memory: 0x000046c2fd6fcf16 | 16 cf 6f fd c2 46 00 00
RSI=0x0000024750bcaa80 points into unknown readable memory: 0xff86a50d5a6fcf09 | 09 cf 6f 5a 0d a5 86 ff
RDI=0x000046c2fd6fcf16 is an unknown value
R8 =0x0000000000010002 is an unknown value
R9 =0x000046c2fd6fcf16 is an unknown value
R10=0x0000000000008000 is an unknown value
R11=0x000000febc4fed30 points into unknown readable memory: 0x0000000000000000 | 00 00 00 00 00 00 00 00
R12=0x00007ffe1b8f4384 glass.dll
R13=0x0000024731c4d6a0 points into unknown readable memory: 0x8000000900000001 | 01 00 00 00 09 00 00 80
R14=0x000000febc4fee98 points into unknown readable memory: 0x000000febc4fee80 | 80 ee 4f bc fe 00 00 00
R15=0x0000024750bcaa80 points into unknown readable memory: 0xff86a50d5a6fcf09 | 09 cf 6f 5a 0d a5 86 ff


Registers:
RAX=0x0000000000000000, RBX=0x000002474f269fd8, RCX=0x000002474f2581c0, RDX=0x000000febc4feda0
RSP=0x000000febc4feda0, RBP=0x0000024750bcaaa8, RSI=0x0000024750bcaa80, RDI=0x000046c2fd6fcf16
R8 =0x0000000000010002, R9 =0x000046c2fd6fcf16, R10=0x0000000000008000, R11=0x000000febc4fed30
R12=0x00007ffe1b8f4384, R13=0x0000024731c4d6a0, R14=0x000000febc4fee98, R15=0x0000024750bcaa80
RIP=0x00007ffe1b8f6ab7, EFLAGS=0x0000000000010202

Top of Stack: (sp=0x000000febc4feda0)
0x000000febc4feda0:   0000000000000000 0000024750bcaa80
0x000000febc4fedb0:   0000024731c4d6a0 00007ffe1b8f4384
0x000000febc4fedc0:   0000024750bcaa88 00007ffe4ef142d6
0x000000febc4fedd0:   000046c2fd6fcf16 0000024700000000
0x000000febc4fede0:   0000024750bcaaa8 0000024750bcaa80
0x000000febc4fedf0:   fffffffffffffffe 0000000000000000
0x000000febc4fee00:   0000000000000001 00007ffe1b8d0000
0x000000febc4fee10:   000000febc4fee88 00007ffe4ef141fb
0x000000febc4fee20:   0000000000000000 000000febc4fee98
0x000000febc4fee30:   000000febc4ff160 00007ffe4eff0e40
0x000000febc4fee40:   0000000000000001 00007ffe4ef141b4
0x000000febc4fee50:   0000000000000000 0000000000000001
0x000000febc4fee60:   00007ffe00000001 000000febc4fee88
0x000000febc4fee70:   0000000000000000 00007ffe1b8f4211
0x000000febc4fee80:   00007ffe1b90a138 00007ffe00000002
0x000000febc4fee90:   0000000000000002 000000febc4fee80 

Instructions: (pc=0x00007ffe1b8f6ab7)
0x00007ffe1b8f69b7:   8b 4d 58 e8 01 cf ff ff 48 8b 4d 60 e8 f8 ce ff
0x00007ffe1b8f69c7:   ff 48 8b 95 80 00 00 00 48 8b 8d 18 01 00 00 e8
0x00007ffe1b8f69d7:   c6 c3 ff ff 33 d2 33 c9 e8 3c e1 ff ff 90 48 89
0x00007ffe1b8f69e7:   54 24 10 55 48 83 ec 20 48 8b ea 48 b8 00 00 00
0x00007ffe1b8f69f7:   00 00 00 00 00 48 83 c4 20 5d c3 cc 40 55 48 8b
0x00007ffe1b8f6a07:   ea 48 8b 01 33 c9 81 38 05 00 00 c0 0f 94 c1 8b
0x00007ffe1b8f6a17:   c1 5d c3 cc 40 55 48 83 ec 20 48 8b ea 8a 4d 40
0x00007ffe1b8f6a27:   48 83 c4 20 5d e9 f7 d2 ff ff cc 40 55 48 83 ec
0x00007ffe1b8f6a37:   20 48 8b ea 8a 4d 20 e8 e5 d2 ff ff 90 48 83 c4
0x00007ffe1b8f6a47:   20 5d c3 cc 40 55 48 83 ec 20 48 8b ea 48 83 c4
0x00007ffe1b8f6a57:   20 5d e9 46 d1 ff ff cc 40 55 48 83 ec 30 48 8b
0x00007ffe1b8f6a67:   ea 48 8b 01 8b 10 48 89 4c 24 28 89 54 24 20 4c
0x00007ffe1b8f6a77:   8d 0d e7 d5 ff ff 4c 8b 45 70 8b 55 68 48 8b 4d
0x00007ffe1b8f6a87:   60 e8 87 d0 ff ff 90 48 83 c4 30 5d c3 cc cc cc
0x00007ffe1b8f6a97:   cc cc cc cc cc cc cc cc cc 40 53 48 83 ec 20 48
0x00007ffe1b8f6aa7:   8b 1d 83 30 01 00 48 85 db 74 16 e8 09 8b ff ff
0x00007ffe1b8f6ab7:   4c 8b 00 48 8b d3 48 8b c8 41 ff 90 b0 00 00 00
0x00007ffe1b8f6ac7:   90 48 83 c4 20 5b c3 cc cc 40 53 48 83 ec 20 48
0x00007ffe1b8f6ad7:   8b 1d fb 31 01 00 48 85 db 74 57 b8 ff ff ff ff
0x00007ffe1b8f6ae7:   f0 0f c1 43 10 83 f8 01 75 3d 48 85 db 74 38 48
0x00007ffe1b8f6af7:   8b 0b 48 85 c9 74 0d ff 15 a4 07 00 00 48 c7 03
0x00007ffe1b8f6b07:   00 00 00 00 48 8b 4b 08 48 85 c9 74 0d e8 a7 cd
0x00007ffe1b8f6b17:   ff ff 48 c7 43 08 00 00 00 00 ba 18 00 00 00 48
0x00007ffe1b8f6b27:   8b cb e8 92 cd ff ff 48 c7 05 9f 31 01 00 00 00
0x00007ffe1b8f6b37:   00 00 48 83 c4 20 5b c3 cc 40 53 48 83 ec 20 48
0x00007ffe1b8f6b47:   8b 1d 6b 31 01 00 48 85 db 74 57 b8 ff ff ff ff
0x00007ffe1b8f6b57:   f0 0f c1 43 10 83 f8 01 75 3d 48 85 db 74 38 48
0x00007ffe1b8f6b67:   8b 0b 48 85 c9 74 0d ff 15 34 07 00 00 48 c7 03
0x00007ffe1b8f6b77:   00 00 00 00 48 8b 4b 08 48 85 c9 74 0d e8 37 cd
0x00007ffe1b8f6b87:   ff ff 48 c7 43 08 00 00 00 00 ba 18 00 00 00 48
0x00007ffe1b8f6b97:   8b cb e8 22 cd ff ff 48 c7 05 0f 31 01 00 00 00
0x00007ffe1b8f6ba7:   00 00 48 83 c4 20 5b c3 cc 40 53 48 83 ec 20 48 


Stack slot to memory mapping:
stack at sp + 0 slots: 0x0 is NULL
stack at sp + 1 slots: 0x0000024750bcaa80 points into unknown readable memory: 0xff86a50d5a6fcf09 | 09 cf 6f 5a 0d a5 86 ff
stack at sp + 2 slots: 0x0000024731c4d6a0 points into unknown readable memory: 0x8000000900000001 | 01 00 00 00 09 00 00 80
stack at sp + 3 slots: 0x00007ffe1b8f4384 glass.dll
stack at sp + 4 slots: 0x0000024750bcaa88 points into unknown readable memory: 0x000046c2fd6fcf16 | 16 cf 6f fd c2 46 00 00
stack at sp + 5 slots: 0x00007ffe4ef142d6 ucrtbase.dll
stack at sp + 6 slots: 0x000046c2fd6fcf16 is an unknown value
stack at sp + 7 slots: 0x0000024700000000 is an unknown value

VM_Operation (0x000000febbbff140): Exit, mode: safepoint, requested by thread 0x00000247513a1510


---------------  P R O C E S S  ---------------

Threads class SMR info:
_java_thread_list=0x0000024750620900, length=20, elements={
0x0000024731bff9b0, 0x000002474f25e220, 0x000002474f25ff90, 0x000002474f273950,
0x000002474f274350, 0x000002474f274d50, 0x000002474f275b30, 0x000002474f27eb60,
0x000002474f29acb0, 0x000002474f23cc50, 0x00000247505ff220, 0x0000024750320ab0,
0x0000024750dc3f70, 0x000002474fddc540, 0x0000024751183620, 0x00000247507c3920,
0x000002475110c300, 0x00000247513a1a60, 0x00000247513a0520, 0x00000247513a1510
}

Java Threads: ( => current thread )
  0x0000024731bff9b0 JavaThread "main" [_thread_blocked, id=6772, stack(0x000000febbe00000,0x000000febbf00000)]
  0x000002474f25e220 JavaThread "Reference Handler" daemon [_thread_blocked, id=5676, stack(0x000000febc500000,0x000000febc600000)]
  0x000002474f25ff90 JavaThread "Finalizer" daemon [_thread_blocked, id=19720, stack(0x000000febc600000,0x000000febc700000)]
  0x000002474f273950 JavaThread "Attach Listener" daemon [_thread_blocked, id=7656, stack(0x000000febc800000,0x000000febc900000)]
  0x000002474f274350 JavaThread "Service Thread" daemon [_thread_blocked, id=9856, stack(0x000000febc900000,0x000000febca00000)]
  0x000002474f274d50 JavaThread "Monitor Deflation Thread" daemon [_thread_blocked, id=4240, stack(0x000000febca00000,0x000000febcb00000)]
  0x000002474f275b30 JavaThread "C2 CompilerThread0" daemon [_thread_blocked, id=15300, stack(0x000000febcb00000,0x000000febcc00000)]
  0x000002474f27eb60 JavaThread "C1 CompilerThread0" daemon [_thread_blocked, id=13220, stack(0x000000febcc00000,0x000000febcd00000)]
  0x000002474f29acb0 JavaThread "Sweeper thread" daemon [_thread_blocked, id=13032, stack(0x000000febcd00000,0x000000febce00000)]
  0x000002474f23cc50 JavaThread "Common-Cleaner" daemon [_thread_blocked, id=6492, stack(0x000000febce00000,0x000000febcf00000)]
  0x00000247505ff220 JavaThread "Monitor Ctrl-Break" daemon [_thread_in_native, id=7968, stack(0x000000febd000000,0x000000febd100000)]
  0x0000024750320ab0 JavaThread "Notification Thread" daemon [_thread_blocked, id=18340, stack(0x000000febd100000,0x000000febd200000)]
  0x0000024750dc3f70 JavaThread "QuantumRenderer-0" daemon [_thread_blocked, id=11272, stack(0x000000febd300000,0x000000febd400000)]
  0x000002474fddc540 JavaThread "InvokeLaterDispatcher" daemon [_thread_blocked, id=5036, stack(0x000000febcf00000,0x000000febd000000)]
  0x0000024751183620 JavaThread "JavaFX Application Thread" [_thread_in_native, id=7640, stack(0x000000febd700000,0x000000febd800000)]
  0x00000247507c3920 JavaThread "JavaFX-Launcher" [_thread_blocked, id=17312, stack(0x000000febdc00000,0x000000febdd00000)]
  0x000002475110c300 JavaThread "Thread-2" daemon [_thread_in_native, id=17304, stack(0x000000febdb00000,0x000000febdc00000)]
  0x00000247513a1a60 JavaThread "Prism Font Disposer" daemon [_thread_blocked, id=20052, stack(0x000000febe100000,0x000000febe200000)]
  0x00000247513a0520 JavaThread "Cleaner-0" daemon [_thread_blocked, id=9712, stack(0x000000febe200000,0x000000febe300000)]
  0x00000247513a1510 JavaThread "SIGINT handler" daemon [_thread_blocked, id=12532, stack(0x000000febbb00000,0x000000febbc00000)]

Other Threads:
=>0x000002474f2581c0 VMThread "VM Thread" [stack: 0x000000febc400000,0x000000febc500000] [id=9528]
  0x0000024731c39950 GCTaskThread "GC Thread#0" [stack: 0x000000febbf00000,0x000000febc000000] [id=19932]
  0x0000024750a8e200 GCTaskThread "GC Thread#1" [stack: 0x000000febd400000,0x000000febd500000] [id=19592]
  0x000002475115a4c0 GCTaskThread "GC Thread#2" [stack: 0x000000febd500000,0x000000febd600000] [id=17624]
  0x0000024751175460 GCTaskThread "GC Thread#3" [stack: 0x000000febd600000,0x000000febd700000] [id=16868]
  0x0000024731c4b130 ConcurrentGCThread "G1 Main Marker" terminated
  0x0000024731c4bab0 ConcurrentGCThread "G1 Conc#0" [stack: 0x000000febc100000,0x000000febc200000] [id=17872]
  0x0000024731cc3620 ConcurrentGCThread "G1 Refine#0" terminated
  0x0000024731cc40a0 ConcurrentGCThread "G1 Service" terminated

Threads with active compile tasks:

VM state: at safepoint (shutting down)

VM Mutex/Monitor currently owned by a thread:  ([mutex/lock_event])
[0x0000024731bfa880] Threads_lock - owner thread: 0x000002474f2581c0
[0x0000024731bfab50] Heap_lock - owner thread: 0x00000247513a1510

Heap address: 0x0000000082c00000, size: 2004 MB, Compressed Oops mode: 32-bit

CDS archive(s) mapped at: [0x0000000800000000-0x0000000800bb0000-0x0000000800bb0000), size 12255232, SharedBaseAddress: 0x0000000800000000, ArchiveRelocationMode: 0.
Compressed class space mapped at: 0x0000000800c00000-0x0000000840c00000, reserved size: 1073741824
Narrow klass base: 0x0000000800000000, Narrow klass shift: 3, Narrow klass range: 0x100000000

GC Precious Log:
 CPUs: 4 total, 4 available
 Memory: 8014M
 Large Page Support: Disabled
 NUMA Support: Disabled
 Compressed Oops: Enabled (32-bit)
 Heap Region Size: 1M
 Heap Min Capacity: 8M
 Heap Initial Capacity: 126M
 Heap Max Capacity: 2004M
 Pre-touch: Disabled
 Parallel Workers: 4
 Concurrent Workers: 1
 Concurrent Refinement Workers: 4
 Periodic GC: Disabled

Heap:
 garbage-first heap   total 129024K, used 74637K [0x0000000082c00000, 0x0000000100000000)
  region size 1024K, 64 young (65536K), 3 survivors (3072K)
 Metaspace       used 21046K, committed 21248K, reserved 1073152K
  class space    used 2834K, committed 2944K, reserved 1048576K

Heap Regions: E=young(eden), S=young(survivor), O=old, HS=humongous(starts), HC=humongous(continues), CS=collection set, F=free, OA=open archive, CA=closed archive, TAMS=top-at-mark-start (previous, next)
|   0|0x0000000082c00000, 0x0000000082d00000, 0x0000000082d00000|100%| O|  |TAMS 0x0000000082c00000, 0x0000000082c00000| Untracked 
|   1|0x0000000082d00000, 0x0000000082e00000, 0x0000000082e00000|100%| O|  |TAMS 0x0000000082d00000, 0x0000000082d00000| Untracked 
|   2|0x0000000082e00000, 0x0000000082eff800, 0x0000000082f00000| 99%| O|  |TAMS 0x0000000082e00000, 0x0000000082e00000| Untracked 
|   3|0x0000000082f00000, 0x0000000083000000, 0x0000000083000000|100%|HS|  |TAMS 0x0000000082f00000, 0x0000000082f00000| Complete 
|   4|0x0000000083000000, 0x0000000083100000, 0x0000000083100000|100%|HC|  |TAMS 0x0000000083000000, 0x0000000083000000| Complete 
|   5|0x0000000083100000, 0x0000000083200000, 0x0000000083200000|100%|HS|  |TAMS 0x0000000083100000, 0x0000000083100000| Complete 
|   6|0x0000000083200000, 0x0000000083300000, 0x0000000083300000|100%|HS|  |TAMS 0x0000000083200000, 0x0000000083200000| Complete 
|   7|0x0000000083300000, 0x0000000083400000, 0x0000000083400000|100%|HC|  |TAMS 0x0000000083300000, 0x0000000083300000| Complete 
|   8|0x0000000083400000, 0x0000000083500000, 0x0000000083500000|100%|HS|  |TAMS 0x0000000083400000, 0x0000000083400000| Complete 
|   9|0x0000000083500000, 0x0000000083600000, 0x0000000083600000|100%|HS|  |TAMS 0x0000000083500000, 0x0000000083500000| Complete 
|  10|0x0000000083600000, 0x0000000083600000, 0x0000000083700000|  0%| F|  |TAMS 0x0000000083600000, 0x0000000083600000| Untracked 
|  11|0x0000000083700000, 0x0000000083700000, 0x0000000083800000|  0%| F|  |TAMS 0x0000000083700000, 0x0000000083700000| Untracked 
|  12|0x0000000083800000, 0x0000000083800000, 0x0000000083900000|  0%| F|  |TAMS 0x0000000083800000, 0x0000000083800000| Untracked 
|  13|0x0000000083900000, 0x0000000083900000, 0x0000000083a00000|  0%| F|  |TAMS 0x0000000083900000, 0x0000000083900000| Untracked 
|  14|0x0000000083a00000, 0x0000000083a00000, 0x0000000083b00000|  0%| F|  |TAMS 0x0000000083a00000, 0x0000000083a00000| Untracked 
|  15|0x0000000083b00000, 0x0000000083b00000, 0x0000000083c00000|  0%| F|  |TAMS 0x0000000083b00000, 0x0000000083b00000| Untracked 
|  16|0x0000000083c00000, 0x0000000083c00000, 0x0000000083d00000|  0%| F|  |TAMS 0x0000000083c00000, 0x0000000083c00000| Untracked 
|  17|0x0000000083d00000, 0x0000000083d00000, 0x0000000083e00000|  0%| F|  |TAMS 0x0000000083d00000, 0x0000000083d00000| Untracked 
|  18|0x0000000083e00000, 0x0000000083e00000, 0x0000000083f00000|  0%| F|  |TAMS 0x0000000083e00000, 0x0000000083e00000| Untracked 
|  19|0x0000000083f00000, 0x0000000083f00000, 0x0000000084000000|  0%| F|  |TAMS 0x0000000083f00000, 0x0000000083f00000| Untracked 
|  20|0x0000000084000000, 0x0000000084000000, 0x0000000084100000|  0%| F|  |TAMS 0x0000000084000000, 0x0000000084000000| Untracked 
|  21|0x0000000084100000, 0x0000000084100000, 0x0000000084200000|  0%| F|  |TAMS 0x0000000084100000, 0x0000000084100000| Untracked 
|  22|0x0000000084200000, 0x0000000084200000, 0x0000000084300000|  0%| F|  |TAMS 0x0000000084200000, 0x0000000084200000| Untracked 
|  23|0x0000000084300000, 0x0000000084300000, 0x0000000084400000|  0%| F|  |TAMS 0x0000000084300000, 0x0000000084300000| Untracked 
|  24|0x0000000084400000, 0x0000000084400000, 0x0000000084500000|  0%| F|  |TAMS 0x0000000084400000, 0x0000000084400000| Untracked 
|  25|0x0000000084500000, 0x0000000084500000, 0x0000000084600000|  0%| F|  |TAMS 0x0000000084500000, 0x0000000084500000| Untracked 
|  26|0x0000000084600000, 0x0000000084600000, 0x0000000084700000|  0%| F|  |TAMS 0x0000000084600000, 0x0000000084600000| Untracked 
|  27|0x0000000084700000, 0x0000000084700000, 0x0000000084800000|  0%| F|  |TAMS 0x0000000084700000, 0x0000000084700000| Untracked 
|  28|0x0000000084800000, 0x0000000084800000, 0x0000000084900000|  0%| F|  |TAMS 0x0000000084800000, 0x0000000084800000| Untracked 
|  29|0x0000000084900000, 0x0000000084900000, 0x0000000084a00000|  0%| F|  |TAMS 0x0000000084900000, 0x0000000084900000| Untracked 
|  30|0x0000000084a00000, 0x0000000084a00000, 0x0000000084b00000|  0%| F|  |TAMS 0x0000000084a00000, 0x0000000084a00000| Untracked 
|  31|0x0000000084b00000, 0x0000000084b00000, 0x0000000084c00000|  0%| F|  |TAMS 0x0000000084b00000, 0x0000000084b00000| Untracked 
|  32|0x0000000084c00000, 0x0000000084c00000, 0x0000000084d00000|  0%| F|  |TAMS 0x0000000084c00000, 0x0000000084c00000| Untracked 
|  33|0x0000000084d00000, 0x0000000084d00000, 0x0000000084e00000|  0%| F|  |TAMS 0x0000000084d00000, 0x0000000084d00000| Untracked 
|  34|0x0000000084e00000, 0x0000000084e00000, 0x0000000084f00000|  0%| F|  |TAMS 0x0000000084e00000, 0x0000000084e00000| Untracked 
|  35|0x0000000084f00000, 0x0000000084f00000, 0x0000000085000000|  0%| F|  |TAMS 0x0000000084f00000, 0x0000000084f00000| Untracked 
|  36|0x0000000085000000, 0x0000000085000000, 0x0000000085100000|  0%| F|  |TAMS 0x0000000085000000, 0x0000000085000000| Untracked 
|  37|0x0000000085100000, 0x0000000085100000, 0x0000000085200000|  0%| F|  |TAMS 0x0000000085100000, 0x0000000085100000| Untracked 
|  38|0x0000000085200000, 0x0000000085200000, 0x0000000085300000|  0%| F|  |TAMS 0x0000000085200000, 0x0000000085200000| Untracked 
|  39|0x0000000085300000, 0x0000000085300000, 0x0000000085400000|  0%| F|  |TAMS 0x0000000085300000, 0x0000000085300000| Untracked 
|  40|0x0000000085400000, 0x0000000085400000, 0x0000000085500000|  0%| F|  |TAMS 0x0000000085400000, 0x0000000085400000| Untracked 
|  41|0x0000000085500000, 0x0000000085500000, 0x0000000085600000|  0%| F|  |TAMS 0x0000000085500000, 0x0000000085500000| Untracked 
|  42|0x0000000085600000, 0x0000000085600000, 0x0000000085700000|  0%| F|  |TAMS 0x0000000085600000, 0x0000000085600000| Untracked 
|  43|0x0000000085700000, 0x0000000085700000, 0x0000000085800000|  0%| F|  |TAMS 0x0000000085700000, 0x0000000085700000| Untracked 
|  44|0x0000000085800000, 0x0000000085800000, 0x0000000085900000|  0%| F|  |TAMS 0x0000000085800000, 0x0000000085800000| Untracked 
|  45|0x0000000085900000, 0x0000000085900000, 0x0000000085a00000|  0%| F|  |TAMS 0x0000000085900000, 0x0000000085900000| Untracked 
|  46|0x0000000085a00000, 0x0000000085a00000, 0x0000000085b00000|  0%| F|  |TAMS 0x0000000085a00000, 0x0000000085a00000| Untracked 
|  47|0x0000000085b00000, 0x0000000085b00000, 0x0000000085c00000|  0%| F|  |TAMS 0x0000000085b00000, 0x0000000085b00000| Untracked 
|  48|0x0000000085c00000, 0x0000000085c00000, 0x0000000085d00000|  0%| F|  |TAMS 0x0000000085c00000, 0x0000000085c00000| Untracked 
|  49|0x0000000085d00000, 0x0000000085d00000, 0x0000000085e00000|  0%| F|  |TAMS 0x0000000085d00000, 0x0000000085d00000| Untracked 
|  50|0x0000000085e00000, 0x0000000085e00000, 0x0000000085f00000|  0%| F|  |TAMS 0x0000000085e00000, 0x0000000085e00000| Untracked 
|  51|0x0000000085f00000, 0x0000000085f00000, 0x0000000086000000|  0%| F|  |TAMS 0x0000000085f00000, 0x0000000085f00000| Untracked 
|  52|0x0000000086000000, 0x0000000086000000, 0x0000000086100000|  0%| F|  |TAMS 0x0000000086000000, 0x0000000086000000| Untracked 
|  53|0x0000000086100000, 0x0000000086100000, 0x0000000086200000|  0%| F|  |TAMS 0x0000000086100000, 0x0000000086100000| Untracked 
|  54|0x0000000086200000, 0x0000000086200000, 0x0000000086300000|  0%| F|  |TAMS 0x0000000086200000, 0x0000000086200000| Untracked 
|  55|0x0000000086300000, 0x0000000086300000, 0x0000000086400000|  0%| F|  |TAMS 0x0000000086300000, 0x0000000086300000| Untracked 
|  56|0x0000000086400000, 0x0000000086400000, 0x0000000086500000|  0%| F|  |TAMS 0x0000000086400000, 0x0000000086400000| Untracked 
|  57|0x0000000086500000, 0x0000000086500000, 0x0000000086600000|  0%| F|  |TAMS 0x0000000086500000, 0x0000000086500000| Untracked 
|  58|0x0000000086600000, 0x0000000086600000, 0x0000000086700000|  0%| F|  |TAMS 0x0000000086600000, 0x0000000086600000| Untracked 
|  59|0x0000000086700000, 0x0000000086700000, 0x0000000086800000|  0%| F|  |TAMS 0x0000000086700000, 0x0000000086700000| Untracked 
|  60|0x0000000086800000, 0x0000000086800000, 0x0000000086900000|  0%| F|  |TAMS 0x0000000086800000, 0x0000000086800000| Untracked 
|  61|0x0000000086900000, 0x0000000086900000, 0x0000000086a00000|  0%| F|  |TAMS 0x0000000086900000, 0x0000000086900000| Untracked 
|  62|0x0000000086a00000, 0x0000000086a93f90, 0x0000000086b00000| 57%| E|  |TAMS 0x0000000086a00000, 0x0000000086a00000| Complete 
|  63|0x0000000086b00000, 0x0000000086c00000, 0x0000000086c00000|100%| E|CS|TAMS 0x0000000086b00000, 0x0000000086b00000| Complete 
|  64|0x0000000086c00000, 0x0000000086d00000, 0x0000000086d00000|100%| E|CS|TAMS 0x0000000086c00000, 0x0000000086c00000| Complete 
|  65|0x0000000086d00000, 0x0000000086e00000, 0x0000000086e00000|100%| E|CS|TAMS 0x0000000086d00000, 0x0000000086d00000| Complete 
|  66|0x0000000086e00000, 0x0000000086f00000, 0x0000000086f00000|100%| E|CS|TAMS 0x0000000086e00000, 0x0000000086e00000| Complete 
|  67|0x0000000086f00000, 0x0000000087000000, 0x0000000087000000|100%| E|CS|TAMS 0x0000000086f00000, 0x0000000086f00000| Complete 
|  68|0x0000000087000000, 0x0000000087100000, 0x0000000087100000|100%| E|CS|TAMS 0x0000000087000000, 0x0000000087000000| Complete 
|  69|0x0000000087100000, 0x0000000087200000, 0x0000000087200000|100%| E|CS|TAMS 0x0000000087100000, 0x0000000087100000| Complete 
|  70|0x0000000087200000, 0x0000000087300000, 0x0000000087300000|100%| E|CS|TAMS 0x0000000087200000, 0x0000000087200000| Complete 
|  71|0x0000000087300000, 0x0000000087400000, 0x0000000087400000|100%| E|CS|TAMS 0x0000000087300000, 0x0000000087300000| Complete 
|  72|0x0000000087400000, 0x0000000087500000, 0x0000000087500000|100%| E|CS|TAMS 0x0000000087400000, 0x0000000087400000| Complete 
|  73|0x0000000087500000, 0x0000000087600000, 0x0000000087600000|100%| E|CS|TAMS 0x0000000087500000, 0x0000000087500000| Complete 
|  74|0x0000000087600000, 0x0000000087700000, 0x0000000087700000|100%| E|CS|TAMS 0x0000000087600000, 0x0000000087600000| Complete 
|  75|0x0000000087700000, 0x0000000087800000, 0x0000000087800000|100%| E|CS|TAMS 0x0000000087700000, 0x0000000087700000| Complete 
|  76|0x0000000087800000, 0x0000000087900000, 0x0000000087900000|100%| E|CS|TAMS 0x0000000087800000, 0x0000000087800000| Complete 
|  77|0x0000000087900000, 0x0000000087a00000, 0x0000000087a00000|100%| E|CS|TAMS 0x0000000087900000, 0x0000000087900000| Complete 
|  78|0x0000000087a00000, 0x0000000087b00000, 0x0000000087b00000|100%| E|CS|TAMS 0x0000000087a00000, 0x0000000087a00000| Complete 
|  79|0x0000000087b00000, 0x0000000087c00000, 0x0000000087c00000|100%| E|CS|TAMS 0x0000000087b00000, 0x0000000087b00000| Complete 
|  80|0x0000000087c00000, 0x0000000087d00000, 0x0000000087d00000|100%| E|CS|TAMS 0x0000000087c00000, 0x0000000087c00000| Complete 
|  81|0x0000000087d00000, 0x0000000087e00000, 0x0000000087e00000|100%| E|CS|TAMS 0x0000000087d00000, 0x0000000087d00000| Complete 
|  82|0x0000000087e00000, 0x0000000087f00000, 0x0000000087f00000|100%| E|CS|TAMS 0x0000000087e00000, 0x0000000087e00000| Complete 
|  83|0x0000000087f00000, 0x0000000088000000, 0x0000000088000000|100%| E|CS|TAMS 0x0000000087f00000, 0x0000000087f00000| Complete 
|  84|0x0000000088000000, 0x0000000088100000, 0x0000000088100000|100%| E|CS|TAMS 0x0000000088000000, 0x0000000088000000| Complete 
|  85|0x0000000088100000, 0x0000000088200000, 0x0000000088200000|100%| E|CS|TAMS 0x0000000088100000, 0x0000000088100000| Complete 
|  86|0x0000000088200000, 0x0000000088300000, 0x0000000088300000|100%| E|CS|TAMS 0x0000000088200000, 0x0000000088200000| Complete 
|  87|0x0000000088300000, 0x0000000088400000, 0x0000000088400000|100%| E|CS|TAMS 0x0000000088300000, 0x0000000088300000| Complete 
|  88|0x0000000088400000, 0x0000000088500000, 0x0000000088500000|100%| E|CS|TAMS 0x0000000088400000, 0x0000000088400000| Complete 
|  89|0x0000000088500000, 0x0000000088600000, 0x0000000088600000|100%| E|CS|TAMS 0x0000000088500000, 0x0000000088500000| Complete 
|  90|0x0000000088600000, 0x0000000088700000, 0x0000000088700000|100%| E|CS|TAMS 0x0000000088600000, 0x0000000088600000| Complete 
|  91|0x0000000088700000, 0x0000000088800000, 0x0000000088800000|100%| E|CS|TAMS 0x0000000088700000, 0x0000000088700000| Complete 
|  92|0x0000000088800000, 0x0000000088900000, 0x0000000088900000|100%| E|CS|TAMS 0x0000000088800000, 0x0000000088800000| Complete 
|  93|0x0000000088900000, 0x0000000088a00000, 0x0000000088a00000|100%| E|CS|TAMS 0x0000000088900000, 0x0000000088900000| Complete 
|  94|0x0000000088a00000, 0x0000000088b00000, 0x0000000088b00000|100%| E|CS|TAMS 0x0000000088a00000, 0x0000000088a00000| Complete 
|  95|0x0000000088b00000, 0x0000000088c00000, 0x0000000088c00000|100%| E|CS|TAMS 0x0000000088b00000, 0x0000000088b00000| Complete 
|  96|0x0000000088c00000, 0x0000000088d00000, 0x0000000088d00000|100%| E|CS|TAMS 0x0000000088c00000, 0x0000000088c00000| Complete 
|  97|0x0000000088d00000, 0x0000000088e00000, 0x0000000088e00000|100%| E|CS|TAMS 0x0000000088d00000, 0x0000000088d00000| Complete 
|  98|0x0000000088e00000, 0x0000000088f00000, 0x0000000088f00000|100%| E|CS|TAMS 0x0000000088e00000, 0x0000000088e00000| Complete 
|  99|0x0000000088f00000, 0x0000000089000000, 0x0000000089000000|100%| E|CS|TAMS 0x0000000088f00000, 0x0000000088f00000| Complete 
| 100|0x0000000089000000, 0x0000000089100000, 0x0000000089100000|100%| E|CS|TAMS 0x0000000089000000, 0x0000000089000000| Complete 
| 101|0x0000000089100000, 0x0000000089200000, 0x0000000089200000|100%| E|CS|TAMS 0x0000000089100000, 0x0000000089100000| Complete 
| 102|0x0000000089200000, 0x0000000089300000, 0x0000000089300000|100%| E|CS|TAMS 0x0000000089200000, 0x0000000089200000| Complete 
| 103|0x0000000089300000, 0x0000000089400000, 0x0000000089400000|100%| E|CS|TAMS 0x0000000089300000, 0x0000000089300000| Complete 
| 104|0x0000000089400000, 0x0000000089500000, 0x0000000089500000|100%| E|CS|TAMS 0x0000000089400000, 0x0000000089400000| Complete 
| 105|0x0000000089500000, 0x0000000089600000, 0x0000000089600000|100%| E|CS|TAMS 0x0000000089500000, 0x0000000089500000| Complete 
| 106|0x0000000089600000, 0x00000000896e3ee0, 0x0000000089700000| 89%| S|CS|TAMS 0x0000000089600000, 0x0000000089600000| Complete 
| 107|0x0000000089700000, 0x0000000089800000, 0x0000000089800000|100%| S|CS|TAMS 0x0000000089700000, 0x0000000089700000| Complete 
| 108|0x0000000089800000, 0x0000000089900000, 0x0000000089900000|100%| S|CS|TAMS 0x0000000089800000, 0x0000000089800000| Complete 
| 109|0x0000000089900000, 0x0000000089a00000, 0x0000000089a00000|100%| E|CS|TAMS 0x0000000089900000, 0x0000000089900000| Complete 
| 110|0x0000000089a00000, 0x0000000089b00000, 0x0000000089b00000|100%| E|CS|TAMS 0x0000000089a00000, 0x0000000089a00000| Complete 
| 111|0x0000000089b00000, 0x0000000089c00000, 0x0000000089c00000|100%| E|CS|TAMS 0x0000000089b00000, 0x0000000089b00000| Complete 
| 112|0x0000000089c00000, 0x0000000089d00000, 0x0000000089d00000|100%| E|CS|TAMS 0x0000000089c00000, 0x0000000089c00000| Complete 
| 113|0x0000000089d00000, 0x0000000089e00000, 0x0000000089e00000|100%| E|CS|TAMS 0x0000000089d00000, 0x0000000089d00000| Complete 
| 114|0x0000000089e00000, 0x0000000089f00000, 0x0000000089f00000|100%| E|CS|TAMS 0x0000000089e00000, 0x0000000089e00000| Complete 
| 115|0x0000000089f00000, 0x000000008a000000, 0x000000008a000000|100%| E|CS|TAMS 0x0000000089f00000, 0x0000000089f00000| Complete 
| 116|0x000000008a000000, 0x000000008a100000, 0x000000008a100000|100%| E|CS|TAMS 0x000000008a000000, 0x000000008a000000| Complete 
| 117|0x000000008a100000, 0x000000008a200000, 0x000000008a200000|100%| E|CS|TAMS 0x000000008a100000, 0x000000008a100000| Complete 
| 118|0x000000008a200000, 0x000000008a300000, 0x000000008a300000|100%| E|CS|TAMS 0x000000008a200000, 0x000000008a200000| Complete 
| 119|0x000000008a300000, 0x000000008a400000, 0x000000008a400000|100%| E|CS|TAMS 0x000000008a300000, 0x000000008a300000| Complete 
| 120|0x000000008a400000, 0x000000008a500000, 0x000000008a500000|100%| E|CS|TAMS 0x000000008a400000, 0x000000008a400000| Complete 
| 121|0x000000008a500000, 0x000000008a600000, 0x000000008a600000|100%| E|CS|TAMS 0x000000008a500000, 0x000000008a500000| Complete 
| 122|0x000000008a600000, 0x000000008a700000, 0x000000008a700000|100%| E|CS|TAMS 0x000000008a600000, 0x000000008a600000| Complete 
| 123|0x000000008a700000, 0x000000008a800000, 0x000000008a800000|100%| E|CS|TAMS 0x000000008a700000, 0x000000008a700000| Complete 
| 124|0x000000008a800000, 0x000000008a900000, 0x000000008a900000|100%| E|CS|TAMS 0x000000008a800000, 0x000000008a800000| Complete 
| 125|0x000000008a900000, 0x000000008aa00000, 0x000000008aa00000|100%| E|CS|TAMS 0x000000008a900000, 0x000000008a900000| Complete 

Card table byte_map: [0x0000024748760000,0x0000024748b50000] _byte_map_base: 0x000002474834a000

Marking Bits (Prev, Next): (CMBitMap*) 0x000002472fbae0b0, (CMBitMap*) 0x000002472fbae0f0
 Prev Bits: [0x0000024748f40000, 0x000002474ae90000)
 Next Bits: [0x000002474ae90000, 0x000002474cde0000)

Polling page: 0x000002472fc00000

Metaspace:

Usage:
  Non-class:     17.79 MB used.
      Class:      2.77 MB used.
       Both:     20.55 MB used.

Virtual space:
  Non-class space:       24.00 MB reserved,      17.88 MB ( 74%) committed,  3 nodes.
      Class space:        1.00 GB reserved,       2.88 MB ( <1%) committed,  1 nodes.
              Both:        1.02 GB reserved,      20.75 MB (  2%) committed. 

Chunk freelists:
   Non-Class:  2.03 MB
       Class:  1.13 MB
        Both:  3.16 MB

MaxMetaspaceSize: 17179869184.00 GB
CompressedClassSpaceSize: 1.00 GB
 - commit_granule_bytes: 65536.
 - commit_granule_words: 8192.
 - virtual_space_node_default_size: 1048576.
 - enlarge_chunks_in_place: 1.
 - new_chunks_are_fully_committed: 0.
 - uncommit_free_chunks: 1.
 - use_allocation_guard: 0.
 - handle_deallocations: 1.


Internal statistics:

num_allocs_failed_limit: 0.
num_arena_births: 220.
num_arena_deaths: 0.
num_vsnodes_births: 4.
num_vsnodes_deaths: 0.
num_space_committed: 332.
num_space_uncommitted: 0.
num_chunks_returned_to_freelist: 0.
num_chunks_taken_from_freelist: 931.
num_chunk_merges: 0.
num_chunk_splits: 647.
num_chunks_enlarged: 503.
num_purges: 0.

CodeHeap 'non-profiled nmethods': size=120000Kb used=1868Kb max_used=1868Kb free=118131Kb
 bounds [0x0000024740e40000, 0x00000247410b0000, 0x0000024748370000]
CodeHeap 'profiled nmethods': size=120000Kb used=9080Kb max_used=9080Kb free=110920Kb
 bounds [0x0000024739910000, 0x000002473a1f0000, 0x0000024740e40000]
CodeHeap 'non-nmethods': size=5760Kb used=1466Kb max_used=1522Kb free=4293Kb
 bounds [0x0000024739370000, 0x00000247395e0000, 0x0000024739910000]
 total_blobs=5197 nmethods=4359 adapters=749
 compilation: enabled
              stopped_count=0, restarted_count=0
 full_count=0

Compilation events (20 events):
Event: 32.241 Thread 0x000002474f27eb60 4356       3       java.util.EnumMap::values (25 bytes)
Event: 32.241 Thread 0x000002474f27eb60 nmethod 4356 0x000002473a1eab10 code [0x000002473a1eacc0, 0x000002473a1eb038]
Event: 32.241 Thread 0x000002474f27eb60 4357       3       java.util.EnumMap$Values::iterator (12 bytes)
Event: 32.242 Thread 0x000002474f27eb60 nmethod 4357 0x000002473a1eb190 code [0x000002473a1eb340, 0x000002473a1eb698]
Event: 32.242 Thread 0x000002474f27eb60 4358       3       java.util.EnumMap$ValueIterator::<init> (11 bytes)
Event: 32.242 Thread 0x000002474f27eb60 nmethod 4358 0x000002473a1eb790 code [0x000002473a1eb940, 0x000002473a1ebbd8]
Event: 32.242 Thread 0x000002474f27eb60 4359       3       java.util.EnumMap$EnumMapIterator::<init> (20 bytes)
Event: 32.242 Thread 0x000002474f27eb60 nmethod 4359 0x000002473a1ebd10 code [0x000002473a1ebec0, 0x000002473a1ec098]
Event: 32.250 Thread 0x000002474f27eb60 4360       3       com.sun.javafx.tk.quantum.GlassViewEventHandler::mouseEventType (102 bytes)
Event: 32.251 Thread 0x000002474f27eb60 nmethod 4360 0x000002473a1ec190 code [0x000002473a1ec380, 0x000002473a1ec7c8]
Event: 32.251 Thread 0x000002474f27eb60 4361       3       com.sun.javafx.tk.quantum.GlassViewEventHandler::mouseEventButton (60 bytes)
Event: 32.251 Thread 0x000002474f27eb60 nmethod 4361 0x000002473a1ec890 code [0x000002473a1eca60, 0x000002473a1ecd38]
Event: 32.251 Thread 0x000002474f27eb60 4362       3       javafx.scene.Scene$ScenePeerListener::mouseEvent (54 bytes)
Event: 32.252 Thread 0x000002474f27eb60 nmethod 4362 0x000002473a1ece10 code [0x000002473a1ecfe0, 0x000002473a1ed398]
Event: 32.270 Thread 0x000002474f27eb60 4363       3       javafx.scene.Scene$MouseHandler::clearPDREventTargets (55 bytes)
Event: 32.272 Thread 0x000002474f27eb60 nmethod 4363 0x000002473a1ed590 code [0x000002473a1ed780, 0x000002473a1ede48]
Event: 86.619 Thread 0x000002474f275b30 4364       4       com.sun.javafx.tk.quantum.QuantumToolkit::postPulse (133 bytes)
Event: 86.633 Thread 0x000002474f275b30 nmethod 4364 0x0000024741012010 code [0x00000247410121e0, 0x0000024741012488]
Event: 87.019 Thread 0x000002474f275b30 4365       4       com.sun.javafx.tk.quantum.QuantumToolkit$$Lambda$92/0x0000000800c333e0::run (8 bytes)
Event: 87.036 Thread 0x000002474f275b30 nmethod 4365 0x0000024741012810 code [0x00000247410129e0, 0x0000024741012cd0]

GC Heap History (4 events):
Event: 0.843 GC heap before
{Heap before GC invocations=0 (full 0):
 garbage-first heap   total 129024K, used 12288K [0x0000000082c00000, 0x0000000100000000)
  region size 1024K, 13 young (13312K), 0 survivors (0K)
 Metaspace       used 2608K, committed 2688K, reserved 1056768K
  class space    used 264K, committed 320K, reserved 1048576K
}
Event: 0.852 GC heap after
{Heap after GC invocations=1 (full 0):
 garbage-first heap   total 129024K, used 3033K [0x0000000082c00000, 0x0000000100000000)
  region size 1024K, 2 young (2048K), 2 survivors (2048K)
 Metaspace       used 2608K, committed 2688K, reserved 1056768K
  class space    used 264K, committed 320K, reserved 1048576K
}
Event: 1.526 GC heap before
{Heap before GC invocations=1 (full 0):
 garbage-first heap   total 129024K, used 17369K [0x0000000082c00000, 0x0000000100000000)
  region size 1024K, 17 young (17408K), 2 survivors (2048K)
 Metaspace       used 7471K, committed 7680K, reserved 1056768K
  class space    used 882K, committed 960K, reserved 1048576K
}
Event: 1.531 GC heap after
{Heap after GC invocations=2 (full 0):
 garbage-first heap   total 129024K, used 6029K [0x0000000082c00000, 0x0000000100000000)
  region size 1024K, 3 young (3072K), 3 survivors (3072K)
 Metaspace       used 7471K, committed 7680K, reserved 1056768K
  class space    used 882K, committed 960K, reserved 1048576K
}

Deoptimization events (20 events):
Event: 24.958 Thread 0x0000024751183620 Uncommon trap: trap_request=0xffffffbe fr.pc=0x0000024740fa670c relative=0x000000000000032c
Event: 24.958 Thread 0x0000024751183620 Uncommon trap: reason=profile_predicate action=maybe_recompile pc=0x0000024740fa670c method=javafx.css.CompoundSelector.applies(Ljavafx/css/Styleable;[Ljava/util/Set;I)Z @ 89 c2
Event: 24.958 Thread 0x0000024751183620 DEOPT PACKING pc=0x0000024740fa670c sp=0x000000febd7f4f70
Event: 24.958 Thread 0x0000024751183620 DEOPT UNPACKING pc=0x00000247393bd728 sp=0x000000febd7f4f00 mode 2
Event: 25.005 Thread 0x0000024750dc3f70 DEOPT PACKING pc=0x0000024739f7f162 sp=0x000000febd3fdba0
Event: 25.005 Thread 0x0000024750dc3f70 DEOPT UNPACKING pc=0x00000247393bdeaf sp=0x000000febd3fcfd8 mode 0
Event: 25.041 Thread 0x0000024750dc3f70 DEOPT PACKING pc=0x0000024739f7f162 sp=0x000000febd3fdba0
Event: 25.041 Thread 0x0000024750dc3f70 DEOPT UNPACKING pc=0x00000247393bdeaf sp=0x000000febd3fcfd8 mode 0
Event: 28.400 Thread 0x0000024751183620 Uncommon trap: trap_request=0xffffff45 fr.pc=0x0000024740e834cc relative=0x000000000000048c
Event: 28.400 Thread 0x0000024751183620 Uncommon trap: reason=unstable_if action=reinterpret pc=0x0000024740e834cc method=java.lang.AbstractStringBuilder.putStringAt(ILjava/lang/String;II)V @ 8 c2
Event: 28.400 Thread 0x0000024751183620 DEOPT PACKING pc=0x0000024740e834cc sp=0x000000febd7f58d0
Event: 28.400 Thread 0x0000024751183620 DEOPT UNPACKING pc=0x00000247393bd728 sp=0x000000febd7f5758 mode 2
Event: 28.400 Thread 0x0000024751183620 Uncommon trap: trap_request=0xffffff45 fr.pc=0x0000024740e84040 relative=0x0000000000000480
Event: 28.400 Thread 0x0000024751183620 Uncommon trap: reason=unstable_if action=reinterpret pc=0x0000024740e84040 method=java.lang.AbstractStringBuilder.putStringAt(ILjava/lang/String;II)V @ 8 c2
Event: 28.400 Thread 0x0000024751183620 DEOPT PACKING pc=0x0000024740e84040 sp=0x000000febd7f5860
Event: 28.400 Thread 0x0000024751183620 DEOPT UNPACKING pc=0x00000247393bd728 sp=0x000000febd7f5750 mode 2
Event: 30.705 Thread 0x0000024750dc3f70 Uncommon trap: trap_request=0xffffff45 fr.pc=0x0000024740fd7dc0 relative=0x0000000000000180
Event: 30.705 Thread 0x0000024750dc3f70 Uncommon trap: reason=unstable_if action=reinterpret pc=0x0000024740fd7dc0 method=com.sun.prism.impl.BaseContext.flushMask()V @ 4 c2
Event: 30.705 Thread 0x0000024750dc3f70 DEOPT PACKING pc=0x0000024740fd7dc0 sp=0x000000febd3fd720
Event: 30.705 Thread 0x0000024750dc3f70 DEOPT UNPACKING pc=0x00000247393bd728 sp=0x000000febd3fd620 mode 2

Classes unloaded (0 events):
No events

Classes redefined (0 events):
No events

Internal exceptions (20 events):
Event: 1.936 Thread 0x0000024751183620 Implicit null exception at 0x0000024740e9b90a to 0x0000024740e9bc50
Event: 1.951 Thread 0x0000024751183620 Implicit null exception at 0x0000024740e7d92f to 0x0000024740e7d9ad
Event: 2.261 Thread 0x0000024751183620 Exception <a 'java/lang/ClassNotFoundException'{0x0000000089df83e8}: com/sun/javafx/scene/control/skin/resources/controls> (0x0000000089df83e8) 
thrown [t:\workspace\open\src\hotspot\share\prims\jni.cpp, line 600]
Event: 2.263 Thread 0x0000024751183620 Exception <a 'java/lang/ClassNotFoundException'{0x0000000089c065e8}: com/sun/javafx/scene/control/skin/resources/controls_ru> (0x0000000089c065e8) 
thrown [t:\workspace\open\src\hotspot\share\prims\jni.cpp, line 600]
Event: 2.263 Thread 0x0000024751183620 Exception <a 'java/lang/ClassNotFoundException'{0x0000000089c08028}: com/sun/javafx/scene/control/skin/resources/controls_ru_RU> (0x0000000089c08028) 
thrown [t:\workspace\open\src\hotspot\share\prims\jni.cpp, line 600]
Event: 2.349 Thread 0x0000024751183620 Exception <a 'java/lang/NoSuchMethodError'{0x0000000089bc7e48}: 'void java.lang.invoke.DirectMethodHandle$Holder.invokeSpecial(java.lang.Object, java.lang.Object, java.lang.Object, java.lang.Object, java.lang.Object, java.lang.Object)'> (0x0000000089bc7e48) 
thrown [t:\workspace\open\src\hotspot\share\interpreter\linkResolver.cpp, line 790]
Event: 2.421 Thread 0x0000024751183620 Exception <a 'java/lang/NoSuchMethodError'{0x00000000895c4620}: 'java.lang.Object java.lang.invoke.DirectMethodHandle$Holder.invokeInterface(java.lang.Object, java.lang.Object, java.lang.Object)'> (0x00000000895c4620) 
thrown [t:\workspace\open\src\hotspot\share\interpreter\linkResolver.cpp, line 790]
Event: 2.422 Thread 0x0000024751183620 Exception <a 'java/lang/IncompatibleClassChangeError'{0x00000000895c81a0}: Found class java.lang.Object, but interface was expected> (0x00000000895c81a0) 
thrown [t:\workspace\open\src\hotspot\share\interpreter\linkResolver.cpp, line 857]
Event: 2.546 Thread 0x0000024751183620 Exception <a 'java/lang/NoSuchMethodError'{0x000000008921f650}: 'java.lang.Object java.lang.invoke.DirectMethodHandle$Holder.newInvokeSpecial(java.lang.Object, java.lang.Object, int)'> (0x000000008921f650) 
thrown [t:\workspace\open\src\hotspot\share\interpreter\linkResolver.cpp, line 790]
Event: 2.591 Thread 0x0000024750dc3f70 Exception <a 'java/lang/NoSuchMethodError'{0x0000000089116148}: 'int java.lang.invoke.DirectMethodHandle$Holder.invokeStaticInit(java.lang.Object, java.lang.Object)'> (0x0000000089116148) 
thrown [t:\workspace\open\src\hotspot\share\interpreter\linkResolver.cpp, line 790]
Event: 2.594 Thread 0x0000024751183620 Exception <a 'java/lang/NoSuchMethodError'{0x0000000089273a98}: 'long java.lang.invoke.DirectMethodHandle$Holder.invokeStatic(java.lang.Object, java.lang.Object, java.lang.Object)'> (0x0000000089273a98) 
thrown [t:\workspace\open\src\hotspot\share\interpreter\linkResolver.cpp, line 790]
Event: 2.595 Thread 0x0000024751183620 Exception <a 'java/lang/NoSuchMethodError'{0x0000000089277448}: 'long java.lang.invoke.DirectMethodHandle$Holder.invokeStaticInit(java.lang.Object, java.lang.Object, java.lang.Object)'> (0x0000000089277448) 
thrown [t:\workspace\open\src\hotspot\share\interpreter\linkResolver.cpp, line 790]
Event: 2.599 Thread 0x0000024751183620 Exception <a 'java/lang/NoSuchMethodError'{0x000000008918f678}: 'java.lang.Object java.lang.invoke.DirectMethodHandle$Holder.newInvokeSpecial(java.lang.Object, java.lang.Object, long)'> (0x000000008918f678) 
thrown [t:\workspace\open\src\hotspot\share\interpreter\linkResolver.cpp, line 790]
Event: 2.600 Thread 0x0000024751183620 Exception <a 'java/lang/NoSuchMethodError'{0x00000000891933e8}: 'java.lang.Object java.lang.invoke.Invokers$Holder.linkToTargetMethod(java.lang.Object, long, java.lang.Object)'> (0x00000000891933e8) 
thrown [t:\workspace\open\src\hotspot\share\interpreter\linkResolver.cpp, line 790]
Event: 10.657 Thread 0x0000024751183620 Exception <a 'java/lang/NoSuchMethodError'{0x0000000088cbb510}: 'java.lang.Object java.lang.invoke.DirectMethodHandle$Holder.invokeInterface(java.lang.Object, java.lang.Object)'> (0x0000000088cbb510) 
thrown [t:\workspace\open\src\hotspot\share\interpreter\linkResolver.cpp, line 790]
Event: 10.658 Thread 0x0000024751183620 Exception <a 'java/lang/NoSuchMethodError'{0x0000000088cc3e98}: 'java.lang.Object java.lang.invoke.DirectMethodHandle$Holder.invokeStaticInit(java.lang.Object, java.lang.Object, java.lang.Object)'> (0x0000000088cc3e98) 
thrown [t:\workspace\open\src\hotspot\share\interpreter\linkResolver.cpp, line 790]
Event: 10.665 Thread 0x0000024751183620 Exception <a 'java/lang/NoSuchMethodError'{0x0000000088ce4768}: 'int java.lang.invoke.DirectMethodHandle$Holder.invokeSpecial(java.lang.Object, java.lang.Object, java.lang.Object)'> (0x0000000088ce4768) 
thrown [t:\workspace\open\src\hotspot\share\interpreter\linkResolver.cpp, line 790]
Event: 12.721 Thread 0x0000024750dc3f70 Exception <a 'java/lang/NoSuchMethodError'{0x000000008856b758}: 'java.lang.Object java.lang.invoke.DirectMethodHandle$Holder.invokeStaticInit(java.lang.Object, int)'> (0x000000008856b758) 
thrown [t:\workspace\open\src\hotspot\share\interpreter\linkResolver.cpp, line 790]
Event: 21.959 Thread 0x0000024751183620 Exception <a 'java/lang/NoSuchMethodError'{0x000000008745ed38}: 'int java.lang.invoke.DirectMethodHandle$Holder.invokeVirtual(java.lang.Object, java.lang.Object)'> (0x000000008745ed38) 
thrown [t:\workspace\open\src\hotspot\share\interpreter\linkResolver.cpp, line 790]
Event: 21.960 Thread 0x0000024751183620 Exception <a 'java/lang/NoSuchMethodError'{0x0000000087465ec8}: 'void java.lang.invoke.DirectMethodHandle$Holder.invokeVirtual(java.lang.Object, java.lang.Object, int)'> (0x0000000087465ec8) 
thrown [t:\workspace\open\src\hotspot\share\interpreter\linkResolver.cpp, line 790]

Events (20 events):
Event: 28.414 loading class java/lang/Throwable$WrappedPrintStream done
Event: 28.484 Thread 0x00000247501b4050 Thread added: 0x00000247501b4050
Event: 28.708 Executing  VM operation: Cleanup
Event: 28.708 Executing  VM operation: Cleanup done
Event: 29.128 Thread 0x00000247501b4050 Thread exited: 0x00000247501b4050
Event: 29.708 Executing  VM operation: Cleanup
Event: 29.709 Executing  VM operation: Cleanup done
Event: 30.709 Executing  VM operation: Cleanup
Event: 30.710 Executing  VM operation: Cleanup done
Event: 32.710 Executing  VM operation: Cleanup
Event: 32.710 Executing  VM operation: Cleanup done
Event: 125.386 loading class jdk/internal/misc/Signal$1
Event: 125.386 loading class jdk/internal/misc/Signal$1 done
Event: 125.386 Thread 0x00000247513a1510 Thread added: 0x00000247513a1510
Event: 125.387 Thread 0x00000247513a34f0 Thread added: 0x00000247513a34f0
Event: 125.387 Thread 0x00000247513a3a40 Thread added: 0x00000247513a3a40
Event: 125.391 Thread 0x00000247513a34f0 Thread exited: 0x00000247513a34f0
Event: 125.391 Executing  VM operation: Exit
Event: 125.391 Thread 0x00000247513a3a40 Thread exited: 0x00000247513a3a40
Event: 125.391 Thread 0x000002474f273040 Thread exited: 0x000002474f273040


Dynamic libraries:
0x00007ff6c4990000 - 0x00007ff6c49a0000 	C:\Program Files\Java\jdk-16.0.2\bin\java.exe
0x00007ffe517b0000 - 0x00007ffe519a5000 	C:\Windows\SYSTEM32\ntdll.dll
0x00007ffe51060000 - 0x00007ffe5111e000 	C:\Windows\System32\KERNEL32.DLL
0x00007ffe4f540000 - 0x00007ffe4f808000 	C:\Windows\System32\KERNELBASE.dll
0x00007ffe4bad0000 - 0x00007ffe4bb60000 	C:\Windows\SYSTEM32\apphelp.dll
0x00007ffe4ef00000 - 0x00007ffe4f000000 	C:\Windows\System32\ucrtbase.dll
0x00007ffe48250000 - 0x00007ffe48268000 	C:\Program Files\Java\jdk-16.0.2\bin\jli.dll
0x00007ffe48d60000 - 0x00007ffe48d79000 	C:\Program Files\Java\jdk-16.0.2\bin\VCRUNTIME140.dll
0x00007ffe51550000 - 0x00007ffe515fe000 	C:\Windows\System32\ADVAPI32.dll
0x00007ffe4f950000 - 0x00007ffe4f9ee000 	C:\Windows\System32\msvcrt.dll
0x00007ffe50fc0000 - 0x00007ffe5105c000 	C:\Windows\System32\sechost.dll
0x00007ffe50500000 - 0x00007ffe50625000 	C:\Windows\System32\RPCRT4.dll
0x00007ffe511d0000 - 0x00007ffe51370000 	C:\Windows\System32\USER32.dll
0x00007ffe4eed0000 - 0x00007ffe4eef2000 	C:\Windows\System32\win32u.dll
0x00007ffe51670000 - 0x00007ffe5169b000 	C:\Windows\System32\GDI32.dll
0x00007ffe4f1d0000 - 0x00007ffe4f2db000 	C:\Windows\System32\gdi32full.dll
0x00007ffe4f0e0000 - 0x00007ffe4f17d000 	C:\Windows\System32\msvcp_win.dll
0x00007ffe426d0000 - 0x00007ffe4296a000 	C:\Windows\WinSxS\amd64_microsoft.windows.common-controls_6595b64144ccf1df_6.0.19041.1110_none_60b5254171f9507e\COMCTL32.dll
0x00007ffe4a970000 - 0x00007ffe4a97a000 	C:\Windows\SYSTEM32\VERSION.dll
0x00007ffe51190000 - 0x00007ffe511c0000 	C:\Windows\System32\IMM32.DLL
0x00007ffe48da0000 - 0x00007ffe48dac000 	C:\Program Files\Java\jdk-16.0.2\bin\vcruntime140_1.dll
0x00007ffe283f0000 - 0x00007ffe28481000 	C:\Program Files\Java\jdk-16.0.2\bin\msvcp140.dll
0x00007ffe05380000 - 0x00007ffe05f2b000 	C:\Program Files\Java\jdk-16.0.2\bin\server\jvm.dll
0x00007ffe51600000 - 0x00007ffe51608000 	C:\Windows\System32\PSAPI.DLL
0x00007ffe41140000 - 0x00007ffe41149000 	C:\Windows\SYSTEM32\WSOCK32.dll
0x00007ffe51120000 - 0x00007ffe5118b000 	C:\Windows\System32\WS2_32.dll
0x00007ffe40cc0000 - 0x00007ffe40ce7000 	C:\Windows\SYSTEM32\WINMM.dll
0x00007ffe4d770000 - 0x00007ffe4d782000 	C:\Windows\SYSTEM32\kernel.appcore.dll
0x00007ffe48d50000 - 0x00007ffe48d5a000 	C:\Program Files\Java\jdk-16.0.2\bin\jimage.dll
0x00007ffe4cce0000 - 0x00007ffe4cec4000 	C:\Windows\SYSTEM32\DBGHELP.DLL
0x00007ffe47bf0000 - 0x00007ffe47c1c000 	C:\Windows\SYSTEM32\dbgcore.DLL
0x00007ffe4f4b0000 - 0x00007ffe4f532000 	C:\Windows\System32\bcryptPrimitives.dll
0x00007ffe48210000 - 0x00007ffe4821e000 	C:\Program Files\Java\jdk-16.0.2\bin\instrument.dll
0x00007ffe472a0000 - 0x00007ffe472c5000 	C:\Program Files\Java\jdk-16.0.2\bin\java.dll
0x00007ffe4fc60000 - 0x00007ffe503a4000 	C:\Windows\System32\SHELL32.dll
0x00007ffe4cfc0000 - 0x00007ffe4d754000 	C:\Windows\SYSTEM32\windows.storage.dll
0x00007ffe50aa0000 - 0x00007ffe50df4000 	C:\Windows\System32\combase.dll
0x00007ffe4e860000 - 0x00007ffe4e88c000 	C:\Windows\SYSTEM32\Wldp.dll
0x00007ffe514a0000 - 0x00007ffe5154d000 	C:\Windows\System32\SHCORE.dll
0x00007ffe4f9f0000 - 0x00007ffe4fa45000 	C:\Windows\System32\shlwapi.dll
0x00007ffe4ee10000 - 0x00007ffe4ee2f000 	C:\Windows\SYSTEM32\profapi.dll
0x00007ffe46f60000 - 0x00007ffe46f79000 	C:\Program Files\Java\jdk-16.0.2\bin\net.dll
0x00007ffe455e0000 - 0x00007ffe456e9000 	C:\Windows\SYSTEM32\WINHTTP.dll
0x00007ffe4e5c0000 - 0x00007ffe4e62a000 	C:\Windows\system32\mswsock.dll
0x00007ffe41010000 - 0x00007ffe41023000 	C:\Program Files\Java\jdk-16.0.2\bin\nio.dll
0x00007ffe40fe0000 - 0x00007ffe40ff8000 	C:\Program Files\Java\jdk-16.0.2\bin\zip.dll
0x00007ffe306f0000 - 0x00007ffe3070a000 	C:\Program Files\JetBrains\IntelliJ IDEA 2021.3.3\bin\breakgen64.dll
0x0000024731b80000 - 0x0000024731b83000 	C:\javafx-sdk-17.0.2\bin\api-ms-win-core-console-l1-1-0.dll
0x0000024731b90000 - 0x0000024731b93000 	C:\javafx-sdk-17.0.2\bin\api-ms-win-core-console-l1-2-0.dll
0x0000024731ba0000 - 0x0000024731ba3000 	C:\javafx-sdk-17.0.2\bin\api-ms-win-core-datetime-l1-1-0.dll
0x0000024731bb0000 - 0x0000024731bb3000 	C:\javafx-sdk-17.0.2\bin\api-ms-win-core-debug-l1-1-0.dll
0x0000024731bc0000 - 0x0000024731bc3000 	C:\javafx-sdk-17.0.2\bin\api-ms-win-core-errorhandling-l1-1-0.dll
0x000002474f310000 - 0x000002474f314000 	C:\javafx-sdk-17.0.2\bin\api-ms-win-core-file-l1-1-0.dll
0x000002474f320000 - 0x000002474f323000 	C:\javafx-sdk-17.0.2\bin\api-ms-win-core-file-l1-2-0.dll
0x000002474f330000 - 0x000002474f333000 	C:\javafx-sdk-17.0.2\bin\api-ms-win-core-file-l2-1-0.dll
0x000002474f340000 - 0x000002474f343000 	C:\javafx-sdk-17.0.2\bin\api-ms-win-core-handle-l1-1-0.dll
0x000002474f350000 - 0x000002474f353000 	C:\javafx-sdk-17.0.2\bin\api-ms-win-core-heap-l1-1-0.dll
0x000002474f360000 - 0x000002474f363000 	C:\javafx-sdk-17.0.2\bin\api-ms-win-core-interlocked-l1-1-0.dll
0x000002474f370000 - 0x000002474f373000 	C:\javafx-sdk-17.0.2\bin\api-ms-win-core-libraryloader-l1-1-0.dll
0x000002474f380000 - 0x000002474f383000 	C:\javafx-sdk-17.0.2\bin\api-ms-win-core-localization-l1-2-0.dll
0x000002474f390000 - 0x000002474f393000 	C:\javafx-sdk-17.0.2\bin\api-ms-win-core-memory-l1-1-0.dll
0x000002474f3a0000 - 0x000002474f3a3000 	C:\javafx-sdk-17.0.2\bin\api-ms-win-core-namedpipe-l1-1-0.dll
0x000002474f3b0000 - 0x000002474f3b3000 	C:\javafx-sdk-17.0.2\bin\api-ms-win-core-processenvironment-l1-1-0.dll
0x000002474f3c0000 - 0x000002474f3c3000 	C:\javafx-sdk-17.0.2\bin\api-ms-win-core-processthreads-l1-1-0.dll
0x000002474f3d0000 - 0x000002474f3d3000 	C:\javafx-sdk-17.0.2\bin\api-ms-win-core-processthreads-l1-1-1.dll
0x000002474f3e0000 - 0x000002474f3e3000 	C:\javafx-sdk-17.0.2\bin\api-ms-win-core-profile-l1-1-0.dll
0x000002474f3f0000 - 0x000002474f3f3000 	C:\javafx-sdk-17.0.2\bin\api-ms-win-core-rtlsupport-l1-1-0.dll
0x00000247518e0000 - 0x00000247518e3000 	C:\javafx-sdk-17.0.2\bin\api-ms-win-core-string-l1-1-0.dll
0x00000247518f0000 - 0x00000247518f3000 	C:\javafx-sdk-17.0.2\bin\api-ms-win-core-synch-l1-1-0.dll
0x0000024751900000 - 0x0000024751903000 	C:\javafx-sdk-17.0.2\bin\api-ms-win-core-synch-l1-2-0.dll
0x0000024751910000 - 0x0000024751913000 	C:\javafx-sdk-17.0.2\bin\api-ms-win-core-sysinfo-l1-1-0.dll
0x0000024751920000 - 0x0000024751923000 	C:\javafx-sdk-17.0.2\bin\api-ms-win-core-timezone-l1-1-0.dll
0x0000024751930000 - 0x0000024751933000 	C:\javafx-sdk-17.0.2\bin\api-ms-win-core-util-l1-1-0.dll
0x0000024751cb0000 - 0x0000024751cb3000 	C:\javafx-sdk-17.0.2\bin\api-ms-win-crt-conio-l1-1-0.dll
0x0000024751cc0000 - 0x0000024751cc4000 	C:\javafx-sdk-17.0.2\bin\api-ms-win-crt-convert-l1-1-0.dll
0x0000024751cd0000 - 0x0000024751cd3000 	C:\javafx-sdk-17.0.2\bin\api-ms-win-crt-environment-l1-1-0.dll
0x0000024751ce0000 - 0x0000024751ce3000 	C:\javafx-sdk-17.0.2\bin\api-ms-win-crt-filesystem-l1-1-0.dll
0x0000024751cf0000 - 0x0000024751cf3000 	C:\javafx-sdk-17.0.2\bin\api-ms-win-crt-heap-l1-1-0.dll
0x0000024751d00000 - 0x0000024751d03000 	C:\javafx-sdk-17.0.2\bin\api-ms-win-crt-locale-l1-1-0.dll
0x0000024751d10000 - 0x0000024751d15000 	C:\javafx-sdk-17.0.2\bin\api-ms-win-crt-math-l1-1-0.dll
0x0000024751d20000 - 0x0000024751d25000 	C:\javafx-sdk-17.0.2\bin\api-ms-win-crt-multibyte-l1-1-0.dll
0x0000024751940000 - 0x0000024751950000 	C:\javafx-sdk-17.0.2\bin\api-ms-win-crt-private-l1-1-0.dll
0x0000024751950000 - 0x0000024751953000 	C:\javafx-sdk-17.0.2\bin\api-ms-win-crt-process-l1-1-0.dll
0x0000024751960000 - 0x0000024751964000 	C:\javafx-sdk-17.0.2\bin\api-ms-win-crt-runtime-l1-1-0.dll
0x0000024751970000 - 0x0000024751974000 	C:\javafx-sdk-17.0.2\bin\api-ms-win-crt-stdio-l1-1-0.dll
0x0000024751980000 - 0x0000024751984000 	C:\javafx-sdk-17.0.2\bin\api-ms-win-crt-string-l1-1-0.dll
0x0000024751990000 - 0x0000024751993000 	C:\javafx-sdk-17.0.2\bin\api-ms-win-crt-time-l1-1-0.dll
0x00000247519a0000 - 0x00000247519a3000 	C:\javafx-sdk-17.0.2\bin\api-ms-win-crt-utility-l1-1-0.dll
0x00007ffe1a470000 - 0x00007ffe1a56c000 	C:\javafx-sdk-17.0.2\bin\ucrtbase.dll
0x00007ffe30490000 - 0x00007ffe304aa000 	C:\javafx-sdk-17.0.2\bin\vcruntime140.dll
0x00007ffe42fd0000 - 0x00007ffe42fdc000 	C:\javafx-sdk-17.0.2\bin\vcruntime140_1.dll
0x00007ffe1a920000 - 0x00007ffe1a9ad000 	C:\javafx-sdk-17.0.2\bin\msvcp140.dll
0x00007ffe2fd60000 - 0x00007ffe2fd8a000 	C:\javafx-sdk-17.0.2\bin\prism_d3d.dll
0x00007ffe1b120000 - 0x00007ffe1b2ef000 	C:\Windows\system32\d3d9.dll
0x00007ffe4c860000 - 0x00007ffe4c88f000 	C:\Windows\SYSTEM32\dwmapi.dll
0x00007ffe4c560000 - 0x00007ffe4c5fe000 	C:\Windows\system32\uxtheme.dll
0x00007ffe1b9f0000 - 0x00007ffe1bb53000 	C:\Windows\System32\DriverStore\FileRepository\iigd_dch.inf_amd64_e9b40d45ab4dc6b8\igdumdim64.dll
0x00007ffe4f000000 - 0x00007ffe4f027000 	C:\Windows\System32\bcrypt.dll
0x00007ffdf0e40000 - 0x00007ffdf4844000 	C:\Windows\System32\DriverStore\FileRepository\iigd_dch.inf_amd64_e9b40d45ab4dc6b8\igd9dxva64.dll
0x00007ffe51370000 - 0x00007ffe5149a000 	C:\Windows\System32\ole32.dll
0x00007ffe516a0000 - 0x00007ffe5176d000 	C:\Windows\System32\OLEAUT32.dll
0x00007ffe50630000 - 0x00007ffe50aa0000 	C:\Windows\System32\SETUPAPI.dll
0x00007ffe4f180000 - 0x00007ffe4f1ce000 	C:\Windows\System32\cfgmgr32.dll
0x00007ffe35170000 - 0x00007ffe353af000 	C:\Windows\System32\DriverStore\FileRepository\iigd_dch.inf_amd64_e9b40d45ab4dc6b8\igdgmm64.dll
0x00007ffe1b8d0000 - 0x00007ffe1b912000 	C:\javafx-sdk-17.0.2\bin\glass.dll
0x00007ffe4fb00000 - 0x00007ffe4fbdb000 	C:\Windows\System32\COMDLG32.dll
0x00007ffe4f830000 - 0x00007ffe4f946000 	C:\Windows\System32\MSCTF.dll
0x00007ffe2f9a0000 - 0x00007ffe2f9c7000 	C:\Windows\System32\DriverStore\FileRepository\iigd_dch.inf_amd64_e9b40d45ab4dc6b8\igdinfo64.dll
0x00007ffe32140000 - 0x00007ffe34da2000 	C:\Windows\System32\DriverStore\FileRepository\iigd_dch.inf_amd64_e9b40d45ab4dc6b8\igc64.dll
0x00007ffe31950000 - 0x00007ffe3198b000 	C:\Windows\SYSTEM32\dxcore.dll
0x00007ffe2ff60000 - 0x00007ffe2ff74000 	C:\javafx-sdk-17.0.2\bin\javafx_font.dll
0x00007ffe355f0000 - 0x00007ffe3586f000 	C:\Windows\SYSTEM32\dwrite.dll
0x00007ffe4fa50000 - 0x00007ffe4faf9000 	C:\Windows\System32\clbcatq.dll
0x00007ffe4c000000 - 0x00007ffe4c1b4000 	C:\Windows\SYSTEM32\WindowsCodecs.dll
0x00007ffe26120000 - 0x00007ffe2615e000 	C:\Windows\system32\dataexchange.dll
0x00007ffe49eb0000 - 0x00007ffe4a114000 	C:\Windows\system32\d3d11.dll
0x00007ffe4aea0000 - 0x00007ffe4b085000 	C:\Windows\system32\dcomp.dll
0x00007ffe4d7e0000 - 0x00007ffe4d8d3000 	C:\Windows\system32\dxgi.dll
0x00007ffe47450000 - 0x00007ffe47651000 	C:\Windows\system32\twinapi.appcore.dll
0x00007ffe2eff0000 - 0x00007ffe2f024000 	C:\Program Files\Common Files\Microsoft Shared\Ink\rtscom.dll
0x00007ffe38ea0000 - 0x00007ffe38f99000 	C:\Windows\SYSTEM32\textinputframework.dll
0x00007ffe4b890000 - 0x00007ffe4b982000 	C:\Windows\System32\CoreMessaging.dll
0x00007ffe4b2c0000 - 0x00007ffe4b61e000 	C:\Windows\System32\CoreUIComponents.dll
0x00007ffe4dbd0000 - 0x00007ffe4dc03000 	C:\Windows\SYSTEM32\ntmarta.dll
0x00007ffe4a770000 - 0x00007ffe4a8c4000 	C:\Windows\SYSTEM32\wintypes.dll
0x00007ffe42f90000 - 0x00007ffe42f99000 	C:\Program Files\Java\jdk-16.0.2\bin\management.dll
0x00007ffe42f20000 - 0x00007ffe42f2b000 	C:\Program Files\Java\jdk-16.0.2\bin\management_ext.dll

dbghelp: loaded successfully - version: 4.0.5 - missing functions: none
symbol engine: initialized successfully - sym options: 0x614 - pdb path: .;C:\Program Files\Java\jdk-16.0.2\bin;C:\Windows\SYSTEM32;C:\Windows\WinSxS\amd64_microsoft.windows.common-controls_6595b64144ccf1df_6.0.19041.1110_none_60b5254171f9507e;C:\Program Files\Java\jdk-16.0.2\bin\server;C:\Program Files\JetBrains\IntelliJ IDEA 2021.3.3\bin;C:\javafx-sdk-17.0.2\bin;C:\Windows\System32\DriverStore\FileRepository\iigd_dch.inf_amd64_e9b40d45ab4dc6b8;C:\Program Files\Common Files\Microsoft Shared\Ink

VM Arguments:
jvm_args: --module-path=C:/javafx-sdk-17.0.2/lib --add-modules=javafx.controls,javafx.fxml -javaagent:C:\Program Files\JetBrains\IntelliJ IDEA 2021.3.3\lib\idea_rt.jar=58022:C:\Program Files\JetBrains\IntelliJ IDEA 2021.3.3\bin -Dfile.encoding=UTF-8 
java_command: forms.Main
java_class_path (initial): C:\java\Polyclinic\out\production\Polyclinic;C:\javafx-sdk-11.0.2\lib\src.zip;C:\javafx-sdk-11.0.2\lib\javafx-swt.jar;C:\javafx-sdk-11.0.2\lib\javafx.web.jar;C:\javafx-sdk-11.0.2\lib\javafx.base.jar;C:\javafx-sdk-11.0.2\lib\javafx.fxml.jar;C:\javafx-sdk-11.0.2\lib\javafx.media.jar;C:\javafx-sdk-11.0.2\lib\javafx.swing.jar;C:\javafx-sdk-11.0.2\lib\javafx.controls.jar;C:\javafx-sdk-11.0.2\lib\javafx.graphics.jar;C:\java\Polyclinic\src\resources\postgresql-42.3.1 (1).jar;C:\javafx-sdk-17.0.2\lib\javafx-swt.jar;C:\javafx-sdk-17.0.2\lib\javafx.web.jar;C:\javafx-sdk-17.0.2\lib\javafx.base.jar;C:\javafx-sdk-17.0.2\lib\javafx.fxml.jar;C:\javafx-sdk-17.0.2\lib\javafx.media.jar;C:\javafx-sdk-17.0.2\lib\javafx.swing.jar;C:\javafx-sdk-17.0.2\lib\javafx.controls.jar;C:\javafx-sdk-17.0.2\lib\javafx.graphics.jar
Launcher Type: SUN_STANDARD

[Global flags]
     intx CICompilerCount                          = 3                                         {product} {ergonomic}
     uint ConcGCThreads                            = 1                                         {product} {ergonomic}
     uint G1ConcRefinementThreads                  = 4                                         {product} {ergonomic}
   size_t G1HeapRegionSize                         = 1048576                                   {product} {ergonomic}
    uintx GCDrainStackTargetSize                   = 64                                        {product} {ergonomic}
   size_t InitialHeapSize                          = 132120576                                 {product} {ergonomic}
   size_t MarkStackSize                            = 4194304                                   {product} {ergonomic}
   size_t MaxHeapSize                              = 2101346304                                {product} {ergonomic}
   size_t MaxNewSize                               = 1260388352                                {product} {ergonomic}
   size_t MinHeapDeltaBytes                        = 1048576                                   {product} {ergonomic}
   size_t MinHeapSize                              = 8388608                                   {product} {ergonomic}
    uintx NonNMethodCodeHeapSize                   = 5832780                                {pd product} {ergonomic}
    uintx NonProfiledCodeHeapSize                  = 122912730                              {pd product} {ergonomic}
    uintx ProfiledCodeHeapSize                     = 122912730                              {pd product} {ergonomic}
    uintx ReservedCodeCacheSize                    = 251658240                              {pd product} {ergonomic}
     bool SegmentedCodeCache                       = true                                      {product} {ergonomic}
   size_t SoftMaxHeapSize                          = 2101346304                             {manageable} {ergonomic}
     bool UseCompressedClassPointers               = true                           {product lp64_product} {ergonomic}
     bool UseCompressedOops                        = true                           {product lp64_product} {ergonomic}
     bool UseG1GC                                  = true                                      {product} {ergonomic}
     bool UseLargePagesIndividualAllocation        = false                                  {pd product} {ergonomic}

Logging:
Log output configuration:
 #0: stdout all=off uptime,level,tags
 #1: stderr all=off uptime,level,tags

Environment Variables:
PATH=C:\Program Files\Common Files\Oracle\Java\javapath;C:\Program Files (x86)\Common Files\Oracle\Java\javapath;C:\Windows\system32;C:\Windows;C:\Windows\System32\Wbem;C:\Windows\System32\WindowsPowerShell\v1.0\;C:\Windows\System32\OpenSSH\;C:\Program Files\dotnet\;C:\Users\Kate\AppData\Local\Microsoft\WindowsApps;;C:\Program Files\JetBrains\IntelliJ IDEA 2021.2.1\bin;;C:\Users\Kate\.dotnet\tools
USERNAME=Kate
OS=Windows_NT
PROCESSOR_IDENTIFIER=Intel64 Family 6 Model 122 Stepping 1, GenuineIntel



---------------  S Y S T E M  ---------------

OS:
 Windows 10 , 64 bit Build 19041 (10.0.19041.1566)
OS uptime: 20 days 22:47 hours

CPU: total 4 (initial active 4) (4 cores per cpu, 1 threads per core) family 6 model 122 stepping 1 microcode 0x2e, cx8, cmov, fxsr, mmx, 3dnowpref, sse, sse2, sse3, ssse3, sse4.1, sse4.2, popcnt, tsc, tscinvbit, aes, erms, clmul, sha, clflush, clflushopt

Memory: 4k page, system-wide physical 8014M (1179M free)
TotalPageFile size 13332M (AvailPageFile size 2068M)
current process WorkingSet (physical memory assigned to process): 204M, peak: 244M
current process commit charge ("private bytes"): 290M, peak: 335M

vm_info: Java HotSpot(TM) 64-Bit Server VM (16.0.2+7-67) for windows-amd64 JRE (16.0.2+7-67), built on Jun  8 2021 23:24:19 by "mach5one" with MS VC++ 16.7 (VS2019)

END.
