#
# A fatal error has been detected by the Java Runtime Environment:
#
#  EXCEPTION_ACCESS_VIOLATION (0xc0000005) at pc=0x00007ff8850c6730, pid=12944, tid=8144
#
# JRE version: Java(TM) SE Runtime Environment (16.0.2+7) (build 16.0.2+7-67)
# Java VM: Java HotSpot(TM) 64-Bit Server VM (16.0.2+7-67, mixed mode, sharing, tiered, compressed oops, compressed class ptrs, g1 gc, windows-amd64)
# Problematic frame:
# C  [glass.dll+0x26730]
#
# No core dump will be written. Minidumps are not enabled by default on client versions of Windows
#
# If you would like to submit a bug report, please visit:
#   https://bugreport.java.com/bugreport/crash.jsp
#

---------------  S U M M A R Y ------------

Command Line: --module-path=C:/javafx-sdk-11.0.2/lib --add-modules=javafx.controls,javafx.fxml -javaagent:C:\Program Files\JetBrains\IntelliJ IDEA 2021.2.1\lib\idea_rt.jar=61271:C:\Program Files\JetBrains\IntelliJ IDEA 2021.2.1\bin -Dfile.encoding=UTF-8 forms.Main

Host: Intel(R) Pentium(R) Silver N5000 CPU @ 1.10GHz, 4 cores, 7G,  Windows 10 , 64 bit Build 19041 (10.0.19041.1503)
Time: Sun Feb 27 12:31:00 2022 RTZ 2 (s 10 , 64 bit Build 19041 (10.0.19041.1503) elapsed time: 296.507989 seconds (0d 0h 4m 56s)

---------------  T H R E A D  ---------------

Current thread (0x000002795a2065f0):  VMThread "VM Thread" [stack: 0x000000ec38f00000,0x000000ec39000000] [id=8144]

Stack: [0x000000ec38f00000,0x000000ec39000000],  sp=0x000000ec38ffedc0,  free space=1019k
Native frames: (J=compiled Java code, j=interpreted, Vv=VM code, C=native code)
C  [glass.dll+0x26730]


siginfo: EXCEPTION_ACCESS_VIOLATION (0xc0000005), reading address 0x0000000000000000


Register to memory mapping:

RIP=0x00007ff8850c6730 glass.dll
RAX=0x0 is NULL
RBX=0x000002795a214f50 is a global jni handle
RCX=0x000002795a2065f0 points into unknown readable memory: 0x00007ff86a79f638 | 38 f6 79 6a f8 7f 00 00
RDX=0x000000ec38ffedc0 points into unknown readable memory: 0x0000000000000000 | 00 00 00 00 00 00 00 00
RSP=0x000000ec38ffedc0 points into unknown readable memory: 0x0000000000000000 | 00 00 00 00 00 00 00 00
RBP=0x000002795b6f91b8 points into unknown readable memory: 0x00009bccc24281b0 | b0 81 42 c2 cc 9b 00 00
RSI=0x000002795b6f9190 points into unknown readable memory: 0x36d89bccbdba04bc | bc 04 ba bd cc 9b d8 36
RDI=0x00009bccc24281b0 is an unknown value
R8 =0x0000000000010002 is an unknown value
R9 =0x00009bccc24281b0 is an unknown value
R10=0x0000000000008000 is an unknown value
R11=0x000000ec38ffed60 points into unknown readable memory: 0x0000000000000000 | 00 00 00 00 00 00 00 00
R12=0x00007ff8850c3be0 glass.dll
R13=0x000002793cc0e680 points into unknown readable memory: 0x8000000900000001 | 01 00 00 00 09 00 00 80
R14=0x000000ec38ffeec8 points into unknown readable memory: 0x000000ec38ffeeb0 | b0 ee ff 38 ec 00 00 00
R15=0x000002795b6f9190 points into unknown readable memory: 0x36d89bccbdba04bc | bc 04 ba bd cc 9b d8 36


Registers:
RAX=0x0000000000000000, RBX=0x000002795a214f50, RCX=0x000002795a2065f0, RDX=0x000000ec38ffedc0
RSP=0x000000ec38ffedc0, RBP=0x000002795b6f91b8, RSI=0x000002795b6f9190, RDI=0x00009bccc24281b0
R8 =0x0000000000010002, R9 =0x00009bccc24281b0, R10=0x0000000000008000, R11=0x000000ec38ffed60
R12=0x00007ff8850c3be0, R13=0x000002793cc0e680, R14=0x000000ec38ffeec8, R15=0x000002795b6f9190
RIP=0x00007ff8850c6730, EFLAGS=0x0000000000010206

Top of Stack: (sp=0x000000ec38ffedc0)
0x000000ec38ffedc0:   0000000000000000 00007ff8a607f05b
0x000000ec38ffedd0:   000002795b6f91a0 000002795b6f9190
0x000000ec38ffede0:   fffffffffffffffe 00007ff8850c3be0
0x000000ec38ffedf0:   000002795b6f9198 00007ff8a60842d6
0x000000ec38ffee00:   000002795b6f91a0 0000027900000000
0x000000ec38ffee10:   000002795b6f91b8 000002795b6f9190
0x000000ec38ffee20:   fffffffffffffffe 0000000000000000
0x000000ec38ffee30:   0000000000000001 00007ff8850a0000
0x000000ec38ffee40:   000000ec38ffeeb8 00007ff8a60841fb
0x000000ec38ffee50:   0000000000000000 000000ec38ffeec8
0x000000ec38ffee60:   000000ec38fff180 00007ff8a6160e40
0x000000ec38ffee70:   0000000000000001 00007ff8a60841b4
0x000000ec38ffee80:   0000000000000000 0000000000000001
0x000000ec38ffee90:   00007ff80000000d 000000ec38ffeeb8
0x000000ec38ffeea0:   0000000000000000 00007ff8850c3a60
0x000000ec38ffeeb0:   00007ff8850dd100 000000ec00000002 

Instructions: (pc=0x00007ff8850c6730)
0x00007ff8850c6630:   8b 4d 60 e8 d8 c9 ff ff 48 8b 55 68 48 8b 8d 08
0x00007ff8850c6640:   01 00 00 e8 a9 be ff ff 33 d2 33 c9 e8 a9 de ff
0x00007ff8850c6650:   ff 90 cc cc cc cc cc cc cc cc cc cc cc cc cc cc
0x00007ff8850c6660:   48 8d 8a 80 00 00 00 e9 14 ea fe ff 48 89 54 24
0x00007ff8850c6670:   10 55 48 83 ec 20 48 8b ea 48 8d 05 1d cb ff ff
0x00007ff8850c6680:   48 83 c4 20 5d c3 cc 40 55 48 8b ea 48 8b 01 33
0x00007ff8850c6690:   c9 81 38 05 00 00 c0 0f 94 c1 8b c1 5d c3 cc 40
0x00007ff8850c66a0:   55 48 83 ec 20 48 8b ea 8a 4d 40 48 83 c4 20 5d
0x00007ff8850c66b0:   e9 23 ce ff ff cc 40 55 48 83 ec 20 48 8b ea e8
0x00007ff8850c66c0:   3c cc ff ff 8a 4d 38 48 83 c4 20 5d e9 07 ce ff
0x00007ff8850c66d0:   ff cc 40 55 48 83 ec 30 48 8b ea 48 8b 01 8b 10
0x00007ff8850c66e0:   48 89 4c 24 28 89 54 24 20 4c 8d 0d d0 d1 ff ff
0x00007ff8850c66f0:   4c 8b 45 70 8b 55 68 48 8b 4d 60 e8 70 cb ff ff
0x00007ff8850c6700:   90 48 83 c4 30 5d c3 cc cc cc cc cc cc cc cc cc
0x00007ff8850c6710:   40 53 48 83 ec 30 48 c7 44 24 20 fe ff ff ff 48
0x00007ff8850c6720:   8b 1d ea 63 01 00 48 85 db 74 16 e8 90 86 ff ff
0x00007ff8850c6730:   4c 8b 00 48 8b d3 48 8b c8 41 ff 90 b0 00 00 00
0x00007ff8850c6740:   90 48 83 c4 30 5b c3 cc cc cc cc cc cc cc cc cc
0x00007ff8850c6750:   40 53 48 83 ec 20 48 8b 1d 4b 65 01 00 48 85 db
0x00007ff8850c6760:   74 57 b8 ff ff ff ff f0 0f c1 43 10 83 f8 01 75
0x00007ff8850c6770:   3d 48 85 db 74 38 48 8b 0b 48 85 c9 74 0d ff 15
0x00007ff8850c6780:   24 0b 00 00 48 c7 03 00 00 00 00 48 8b 4b 08 48
0x00007ff8850c6790:   85 c9 74 0d e8 77 c8 ff ff 48 c7 43 08 00 00 00
0x00007ff8850c67a0:   00 ba 18 00 00 00 48 8b cb e8 62 c8 ff ff 48 c7
0x00007ff8850c67b0:   05 ef 64 01 00 00 00 00 00 48 83 c4 20 5b c3 cc
0x00007ff8850c67c0:   40 53 48 83 ec 20 48 8b 1d bb 64 01 00 48 85 db
0x00007ff8850c67d0:   74 57 b8 ff ff ff ff f0 0f c1 43 10 83 f8 01 75
0x00007ff8850c67e0:   3d 48 85 db 74 38 48 8b 0b 48 85 c9 74 0d ff 15
0x00007ff8850c67f0:   b4 0a 00 00 48 c7 03 00 00 00 00 48 8b 4b 08 48
0x00007ff8850c6800:   85 c9 74 0d e8 07 c8 ff ff 48 c7 43 08 00 00 00
0x00007ff8850c6810:   00 ba 18 00 00 00 48 8b cb e8 f2 c7 ff ff 48 c7
0x00007ff8850c6820:   05 5f 64 01 00 00 00 00 00 48 83 c4 20 5b c3 cc 


Stack slot to memory mapping:
stack at sp + 0 slots: 0x0 is NULL
stack at sp + 1 slots: 0x00007ff8a607f05b ucrtbase.dll
stack at sp + 2 slots: 0x000002795b6f91a0 points into unknown readable memory: 0x00009bccc24281b0 | b0 81 42 c2 cc 9b 00 00
stack at sp + 3 slots: 0x000002795b6f9190 points into unknown readable memory: 0x36d89bccbdba04bc | bc 04 ba bd cc 9b d8 36
stack at sp + 4 slots: 0xfffffffffffffffe is an unknown value
stack at sp + 5 slots: 0x00007ff8850c3be0 glass.dll
stack at sp + 6 slots: 0x000002795b6f9198 points into unknown readable memory: 0x00009bccc24281b0 | b0 81 42 c2 cc 9b 00 00
stack at sp + 7 slots: 0x00007ff8a60842d6 ucrtbase.dll

VM_Operation (0x000000ec3a5ff250): Exit, mode: safepoint, requested by thread 0x000002795ba06080


---------------  P R O C E S S  ---------------

Threads class SMR info:
_java_thread_list=0x000002795c37aa40, length=20, elements={
0x000002793cba8ea0, 0x000002795a2089d0, 0x000002795a20a030, 0x000002795a2215e0,
0x000002795a2237c0, 0x000002795a2227d0, 0x000002795a227cd0, 0x000002795a236b80,
0x000002795a273d70, 0x000002795a224260, 0x000002795a2247b0, 0x000002795a223d10,
0x000002795a223270, 0x000002795a224d00, 0x000002795a225250, 0x000002795a222d20,
0x000002795ba095a0, 0x000002795ba05b30, 0x000002795ba040a0, 0x000002795ba06080
}

Java Threads: ( => current thread )
  0x000002793cba8ea0 JavaThread "main" [_thread_blocked, id=11792, stack(0x000000ec38900000,0x000000ec38a00000)]
  0x000002795a2089d0 JavaThread "Reference Handler" daemon [_thread_blocked, id=6500, stack(0x000000ec39000000,0x000000ec39100000)]
  0x000002795a20a030 JavaThread "Finalizer" daemon [_thread_blocked, id=8780, stack(0x000000ec39100000,0x000000ec39200000)]
  0x000002795a2215e0 JavaThread "Attach Listener" daemon [_thread_blocked, id=3844, stack(0x000000ec39300000,0x000000ec39400000)]
  0x000002795a2237c0 JavaThread "Service Thread" daemon [_thread_blocked, id=11356, stack(0x000000ec39400000,0x000000ec39500000)]
  0x000002795a2227d0 JavaThread "Monitor Deflation Thread" daemon [_thread_blocked, id=10536, stack(0x000000ec39500000,0x000000ec39600000)]
  0x000002795a227cd0 JavaThread "C2 CompilerThread0" daemon [_thread_blocked, id=7268, stack(0x000000ec39600000,0x000000ec39700000)]
  0x000002795a236b80 JavaThread "C1 CompilerThread0" daemon [_thread_blocked, id=10040, stack(0x000000ec39700000,0x000000ec39800000)]
  0x000002795a273d70 JavaThread "Sweeper thread" daemon [_thread_blocked, id=2700, stack(0x000000ec39800000,0x000000ec39900000)]
  0x000002795a224260 JavaThread "Common-Cleaner" daemon [_thread_blocked, id=12616, stack(0x000000ec39900000,0x000000ec39a00000)]
  0x000002795a2247b0 JavaThread "Monitor Ctrl-Break" daemon [_thread_in_native, id=7460, stack(0x000000ec39b00000,0x000000ec39c00000)]
  0x000002795a223d10 JavaThread "Notification Thread" daemon [_thread_blocked, id=5152, stack(0x000000ec39c00000,0x000000ec39d00000)]
  0x000002795a223270 JavaThread "QuantumRenderer-0" daemon [_thread_blocked, id=2248, stack(0x000000ec39e00000,0x000000ec39f00000)]
  0x000002795a224d00 JavaThread "InvokeLaterDispatcher" daemon [_thread_blocked, id=9028, stack(0x000000ec39f00000,0x000000ec3a000000)]
  0x000002795a225250 JavaThread "JavaFX Application Thread" [_thread_in_native, id=11724, stack(0x000000ec3a000000,0x000000ec3a100000)]
  0x000002795a222d20 JavaThread "JavaFX-Launcher" [_thread_blocked, id=4160, stack(0x000000ec3a800000,0x000000ec3a900000)]
  0x000002795ba095a0 JavaThread "Thread-2" daemon [_thread_in_native, id=11076, stack(0x000000ec3a700000,0x000000ec3a800000)]
  0x000002795ba05b30 JavaThread "Prism Font Disposer" daemon [_thread_blocked, id=8100, stack(0x000000ec3ac00000,0x000000ec3ad00000)]
  0x000002795ba040a0 JavaThread "Cleaner-0" daemon [_thread_blocked, id=8988, stack(0x000000ec3ad00000,0x000000ec3ae00000)]
  0x000002795ba06080 JavaThread "SIGINT handler" daemon [_thread_blocked, id=13404, stack(0x000000ec3a500000,0x000000ec3a600000)]

Other Threads:
=>0x000002795a2065f0 VMThread "VM Thread" [stack: 0x000000ec38f00000,0x000000ec39000000] [id=8144]
  0x000002793cbe9130 GCTaskThread "GC Thread#0" [stack: 0x000000ec38a00000,0x000000ec38b00000] [id=14076]
  0x000002795c11ecb0 GCTaskThread "GC Thread#1" [stack: 0x000000ec3a100000,0x000000ec3a200000] [id=3580]
  0x000002795c0fcb60 GCTaskThread "GC Thread#2" [stack: 0x000000ec3a200000,0x000000ec3a300000] [id=8104]
  0x000002795b90d380 GCTaskThread "GC Thread#3" [stack: 0x000000ec3a300000,0x000000ec3a400000] [id=12180]
  0x000002793cbfac00 ConcurrentGCThread "G1 Main Marker" terminated
  0x000002793cbfbe10 ConcurrentGCThread "G1 Conc#0" [stack: 0x000000ec38c00000,0x000000ec38d00000] [id=1744]
  0x000002793cc711d0 ConcurrentGCThread "G1 Refine#0" terminated
  0x000002795c11bc90 ConcurrentGCThread "G1 Refine#1" terminated
  0x000002795b717c70 ConcurrentGCThread "G1 Refine#2" terminated
  0x000002793cc71c50 ConcurrentGCThread "G1 Service" terminated

Threads with active compile tasks:
C1 CompilerThread0  
[error occurred during error reporting (printing all threads), id 0xc0000005, EXCEPTION_ACCESS_VIOLATION (0xc0000005) at pc=0x00007ff86a5bb5c3]

VM state: at safepoint (shutting down)

VM Mutex/Monitor currently owned by a thread:  ([mutex/lock_event])
[0x000002793cba5440] Threads_lock - owner thread: 0x000002795a2065f0
[0x000002793cba4a20] Heap_lock - owner thread: 0x000002795ba06080

Heap address: 0x0000000082c00000, size: 2004 MB, Compressed Oops mode: 32-bit

CDS archive(s) mapped at: [0x0000000800000000-0x0000000800bb0000-0x0000000800bb0000), size 12255232, SharedBaseAddress: 0x0000000800000000, ArchiveRelocationMode: 0.
Compressed class space mapped at: 0x0000000800c00000-0x0000000840c00000, reserved size: 1073741824
Narrow klass base: 0x0000000800000000, Narrow klass shift: 3, Narrow klass range: 0x100000000

GC Precious Log:
 CPUs: 4 total, 4 available
 Memory: 8014M
 Large Page Support: Disabled
 NUMA Support: Disabled
 Compressed Oops: Enabled (32-bit)
 Heap Region Size: 1M
 Heap Min Capacity: 8M
 Heap Initial Capacity: 126M
 Heap Max Capacity: 2004M
 Pre-touch: Disabled
 Parallel Workers: 4
 Concurrent Workers: 1
 Concurrent Refinement Workers: 4
 Periodic GC: Disabled

Heap:
 garbage-first heap   total 61440K, used 40613K [0x0000000082c00000, 0x0000000100000000)
  region size 1024K, 29 young (29696K), 10 survivors (10240K)
 Metaspace       used 21870K, committed 22144K, reserved 1073152K
  class space    used 2838K, committed 2944K, reserved 1048576K

Heap Regions: E=young(eden), S=young(survivor), O=old, HS=humongous(starts), HC=humongous(continues), CS=collection set, F=free, OA=open archive, CA=closed archive, TAMS=top-at-mark-start (previous, next)
|   0|0x0000000082c00000, 0x0000000082d00000, 0x0000000082d00000|100%| O|  |TAMS 0x0000000082d00000, 0x0000000082c00000| Untracked 
|   1|0x0000000082d00000, 0x0000000082e00000, 0x0000000082e00000|100%| O|  |TAMS 0x0000000082e00000, 0x0000000082d00000| Untracked 
|   2|0x0000000082e00000, 0x0000000082f00000, 0x0000000082f00000|100%| O|  |TAMS 0x0000000082e35800, 0x0000000082e00000| Untracked 
|   3|0x0000000082f00000, 0x0000000083000000, 0x0000000083000000|100%|HS|  |TAMS 0x0000000082f00000, 0x0000000082f00000| Complete 
|   4|0x0000000083000000, 0x0000000083100000, 0x0000000083100000|100%|HS|  |TAMS 0x0000000083000000, 0x0000000083000000| Complete 
|   5|0x0000000083100000, 0x0000000083200000, 0x0000000083200000|100%|HS|  |TAMS 0x0000000083200000, 0x0000000083100000| Complete 
|   6|0x0000000083200000, 0x0000000083300000, 0x0000000083300000|100%|HS|  |TAMS 0x0000000083300000, 0x0000000083200000| Complete 
|   7|0x0000000083300000, 0x0000000083400000, 0x0000000083400000|100%|HC|  |TAMS 0x0000000083400000, 0x0000000083300000| Complete 
|   8|0x0000000083400000, 0x0000000083500000, 0x0000000083500000|100%| O|  |TAMS 0x0000000083400000, 0x0000000083400000| Untracked 
|   9|0x0000000083500000, 0x00000000835a9600, 0x0000000083600000| 66%| O|  |TAMS 0x0000000083500000, 0x0000000083500000| Untracked 
|  10|0x0000000083600000, 0x0000000083700000, 0x0000000083700000|100%|HS|  |TAMS 0x0000000083600000, 0x0000000083600000| Complete 
|  11|0x0000000083700000, 0x0000000083800000, 0x0000000083800000|100%|HS|  |TAMS 0x0000000083700000, 0x0000000083700000| Complete 
|  12|0x0000000083800000, 0x0000000083800000, 0x0000000083900000|  0%| F|  |TAMS 0x0000000083800000, 0x0000000083800000| Untracked 
|  13|0x0000000083900000, 0x0000000083900000, 0x0000000083a00000|  0%| F|  |TAMS 0x0000000083900000, 0x0000000083900000| Untracked 
|  14|0x0000000083a00000, 0x0000000083a00000, 0x0000000083b00000|  0%| F|  |TAMS 0x0000000083a00000, 0x0000000083a00000| Untracked 
|  15|0x0000000083b00000, 0x0000000083b00000, 0x0000000083c00000|  0%| F|  |TAMS 0x0000000083b00000, 0x0000000083b00000| Untracked 
|  16|0x0000000083c00000, 0x0000000083c00000, 0x0000000083d00000|  0%| F|  |TAMS 0x0000000083c00000, 0x0000000083c00000| Untracked 
|  17|0x0000000083d00000, 0x0000000083d00000, 0x0000000083e00000|  0%| F|  |TAMS 0x0000000083d00000, 0x0000000083d00000| Untracked 
|  18|0x0000000083e00000, 0x0000000083e00000, 0x0000000083f00000|  0%| F|  |TAMS 0x0000000083e00000, 0x0000000083e00000| Untracked 
|  19|0x0000000083f00000, 0x0000000083f00000, 0x0000000084000000|  0%| F|  |TAMS 0x0000000083f00000, 0x0000000083f00000| Untracked 
|  20|0x0000000084000000, 0x0000000084000000, 0x0000000084100000|  0%| F|  |TAMS 0x0000000084000000, 0x0000000084000000| Untracked 
|  21|0x0000000084100000, 0x0000000084100000, 0x0000000084200000|  0%| F|  |TAMS 0x0000000084100000, 0x0000000084100000| Untracked 
|  22|0x0000000084200000, 0x0000000084200000, 0x0000000084300000|  0%| F|  |TAMS 0x0000000084200000, 0x0000000084200000| Untracked 
|  23|0x0000000084300000, 0x0000000084300000, 0x0000000084400000|  0%| F|  |TAMS 0x0000000084300000, 0x0000000084300000| Untracked 
|  24|0x0000000084400000, 0x0000000084400000, 0x0000000084500000|  0%| F|  |TAMS 0x0000000084400000, 0x0000000084400000| Untracked 
|  25|0x0000000084500000, 0x0000000084500000, 0x0000000084600000|  0%| F|  |TAMS 0x0000000084500000, 0x0000000084500000| Untracked 
|  26|0x0000000084600000, 0x0000000084600000, 0x0000000084700000|  0%| F|  |TAMS 0x0000000084600000, 0x0000000084600000| Untracked 
|  27|0x0000000084700000, 0x0000000084700000, 0x0000000084800000|  0%| F|  |TAMS 0x0000000084700000, 0x0000000084700000| Untracked 
|  28|0x0000000084800000, 0x0000000084800000, 0x0000000084900000|  0%| F|  |TAMS 0x0000000084800000, 0x0000000084800000| Untracked 
|  29|0x0000000084900000, 0x0000000084900000, 0x0000000084a00000|  0%| F|  |TAMS 0x0000000084900000, 0x0000000084900000| Untracked 
|  30|0x0000000084a00000, 0x0000000084a00000, 0x0000000084b00000|  0%| F|  |TAMS 0x0000000084a00000, 0x0000000084a00000| Untracked 
|  31|0x0000000084b00000, 0x0000000084b2ce40, 0x0000000084c00000| 17%| E|  |TAMS 0x0000000084b00000, 0x0000000084b00000| Complete 
|  32|0x0000000084c00000, 0x0000000084d00000, 0x0000000084d00000|100%| E|CS|TAMS 0x0000000084c00000, 0x0000000084c00000| Complete 
|  33|0x0000000084d00000, 0x0000000084e00000, 0x0000000084e00000|100%| E|CS|TAMS 0x0000000084d00000, 0x0000000084d00000| Complete 
|  34|0x0000000084e00000, 0x0000000084f00000, 0x0000000084f00000|100%| E|CS|TAMS 0x0000000084e00000, 0x0000000084e00000| Complete 
|  35|0x0000000084f00000, 0x0000000085000000, 0x0000000085000000|100%| E|CS|TAMS 0x0000000084f00000, 0x0000000084f00000| Complete 
|  36|0x0000000085000000, 0x0000000085100000, 0x0000000085100000|100%| E|CS|TAMS 0x0000000085000000, 0x0000000085000000| Complete 
|  37|0x0000000085100000, 0x0000000085200000, 0x0000000085200000|100%| E|CS|TAMS 0x0000000085100000, 0x0000000085100000| Complete 
|  38|0x0000000085200000, 0x0000000085300000, 0x0000000085300000|100%| E|CS|TAMS 0x0000000085200000, 0x0000000085200000| Complete 
|  39|0x0000000085300000, 0x0000000085400000, 0x0000000085400000|100%| E|CS|TAMS 0x0000000085300000, 0x0000000085300000| Complete 
|  40|0x0000000085400000, 0x0000000085500000, 0x0000000085500000|100%| E|CS|TAMS 0x0000000085400000, 0x0000000085400000| Complete 
|  41|0x0000000085500000, 0x0000000085600000, 0x0000000085600000|100%| E|CS|TAMS 0x0000000085500000, 0x0000000085500000| Complete 
|  42|0x0000000085600000, 0x0000000085700000, 0x0000000085700000|100%| E|CS|TAMS 0x0000000085600000, 0x0000000085600000| Complete 
|  43|0x0000000085700000, 0x0000000085800000, 0x0000000085800000|100%| E|CS|TAMS 0x0000000085700000, 0x0000000085700000| Complete 
|  44|0x0000000085800000, 0x0000000085900000, 0x0000000085900000|100%| E|CS|TAMS 0x0000000085800000, 0x0000000085800000| Complete 
|  45|0x0000000085900000, 0x0000000085a00000, 0x0000000085a00000|100%| E|CS|TAMS 0x0000000085900000, 0x0000000085900000| Complete 
|  46|0x0000000085a00000, 0x0000000085b00000, 0x0000000085b00000|100%| E|CS|TAMS 0x0000000085a00000, 0x0000000085a00000| Complete 
|  47|0x0000000085b00000, 0x0000000085c00000, 0x0000000085c00000|100%| E|CS|TAMS 0x0000000085b00000, 0x0000000085b00000| Complete 
|  48|0x0000000085c00000, 0x0000000085d00000, 0x0000000085d00000|100%| E|CS|TAMS 0x0000000085c00000, 0x0000000085c00000| Complete 
|  49|0x0000000085d00000, 0x0000000085e00000, 0x0000000085e00000|100%| E|CS|TAMS 0x0000000085d00000, 0x0000000085d00000| Complete 
|  55|0x0000000086300000, 0x0000000086400000, 0x0000000086400000|100%| S|CS|TAMS 0x0000000086300000, 0x0000000086300000| Complete 
|  56|0x0000000086400000, 0x0000000086500000, 0x0000000086500000|100%| S|CS|TAMS 0x0000000086400000, 0x0000000086400000| Complete 
|  57|0x0000000086500000, 0x0000000086600000, 0x0000000086600000|100%| S|CS|TAMS 0x0000000086500000, 0x0000000086500000| Complete 
|  58|0x0000000086600000, 0x0000000086700000, 0x0000000086700000|100%| S|CS|TAMS 0x0000000086600000, 0x0000000086600000| Complete 
|  59|0x0000000086700000, 0x0000000086800000, 0x0000000086800000|100%| S|CS|TAMS 0x0000000086700000, 0x0000000086700000| Complete 
|  60|0x0000000086800000, 0x0000000086900000, 0x0000000086900000|100%| S|CS|TAMS 0x0000000086800000, 0x0000000086800000| Complete 
|  61|0x0000000086900000, 0x0000000086a00000, 0x0000000086a00000|100%| S|CS|TAMS 0x0000000086900000, 0x0000000086900000| Complete 
|  62|0x0000000086a00000, 0x0000000086b00000, 0x0000000086b00000|100%| S|CS|TAMS 0x0000000086a00000, 0x0000000086a00000| Complete 
|  63|0x0000000086b00000, 0x0000000086c00000, 0x0000000086c00000|100%| S|CS|TAMS 0x0000000086b00000, 0x0000000086b00000| Complete 
|  64|0x0000000086c00000, 0x0000000086d00000, 0x0000000086d00000|100%| S|CS|TAMS 0x0000000086c00000, 0x0000000086c00000| Complete 

Card table byte_map: [0x0000027953720000,0x0000027953b10000] _byte_map_base: 0x000002795330a000

Marking Bits (Prev, Next): (CMBitMap*) 0x000002793cbea7f0, (CMBitMap*) 0x000002793cbea7b0
 Prev Bits: [0x0000027955e50000, 0x0000027957da0000)
 Next Bits: [0x0000027953f00000, 0x0000027955e50000)

Polling page: 0x000002793aa20000

Metaspace:

Usage:
  Non-class:     18.59 MB used.
      Class:      2.77 MB used.
       Both:     21.36 MB used.

Virtual space:
  Non-class space:       24.00 MB reserved,      18.75 MB ( 78%) committed,  3 nodes.
      Class space:        1.00 GB reserved,       2.88 MB ( <1%) committed,  1 nodes.
              Both:        1.02 GB reserved,      21.62 MB (  2%) committed. 

Chunk freelists:
   Non-Class:  432.00 KB
       Class:  1.01 MB
        Both:  1.43 MB

MaxMetaspaceSize: 17179869184.00 GB
CompressedClassSpaceSize: 1.00 GB
 - commit_granule_bytes: 65536.
 - commit_granule_words: 8192.
 - virtual_space_node_default_size: 1048576.
 - enlarge_chunks_in_place: 1.
 - new_chunks_are_fully_committed: 0.
 - uncommit_free_chunks: 1.
 - use_allocation_guard: 0.
 - handle_deallocations: 1.


Internal statistics:

num_allocs_failed_limit: 3.
num_arena_births: 232.
num_arena_deaths: 2.
num_vsnodes_births: 4.
num_vsnodes_deaths: 0.
num_space_committed: 346.
num_space_uncommitted: 0.
num_chunks_returned_to_freelist: 6.
num_chunks_taken_from_freelist: 975.
num_chunk_merges: 3.
num_chunk_splits: 670.
num_chunks_enlarged: 506.
num_purges: 2.

CodeHeap 'non-profiled nmethods': size=120000Kb used=2449Kb max_used=2449Kb free=117550Kb
 bounds [0x000002794be00000, 0x000002794c070000, 0x0000027953330000]
CodeHeap 'profiled nmethods': size=120000Kb used=10749Kb max_used=10749Kb free=109250Kb
 bounds [0x00000279448d0000, 0x0000027945350000, 0x000002794be00000]
CodeHeap 'non-nmethods': size=5760Kb used=1468Kb max_used=1527Kb free=4291Kb
 bounds [0x0000027944330000, 0x00000279445a0000, 0x00000279448d0000]
 total_blobs=6069 nmethods=5228 adapters=752
 compilation: enabled
              stopped_count=0, restarted_count=0
 full_count=0

Compilation events (20 events):
Event: 246.214 Thread 0x000002795a227cd0 nmethod 5210 0x000002794c05c990 code [0x000002794c05cfc0, 0x000002794c0603a0]
Event: 246.375 Thread 0x000002795a236b80 5225       3       com.sun.glass.ui.Window::isMinimized (17 bytes)
Event: 246.378 Thread 0x000002795a236b80 nmethod 5225 0x000002794534c290 code [0x000002794534c460, 0x000002794534c818]
Event: 246.378 Thread 0x000002795a227cd0 5226       4       javafx.scene.layout.Region::prefHeight (38 bytes)
Event: 246.379 Thread 0x000002795a236b80 5227       3       javafx.scene.control.Cell::isSelected (8 bytes)
Event: 246.380 Thread 0x000002795a236b80 nmethod 5227 0x000002794534c990 code [0x000002794534cb40, 0x000002794534ce68]
Event: 246.396 Thread 0x000002795a227cd0 nmethod 5226 0x000002794c062310 code [0x000002794c062500, 0x000002794c062898]
Event: 246.396 Thread 0x000002795a227cd0 5230       4       com.sun.javafx.geom.transform.Affine3D::concatenate (561 bytes)
Event: 246.401 Thread 0x000002795a236b80 5233       3       com.sun.javafx.geom.Path2D::<init> (408 bytes)
Event: 246.405 Thread 0x000002795a236b80 nmethod 5233 0x000002794534cf90 code [0x000002794534d260, 0x000002794534e6a8]
Event: 246.405 Thread 0x000002795a227cd0 nmethod 5230 0x000002794c063010 code [0x000002794c0631c0, 0x000002794c063398]
Event: 246.405 Thread 0x000002795a227cd0 5228       4       javafx.scene.Parent::prefHeight (89 bytes)
Event: 246.412 Thread 0x000002795a227cd0 nmethod 5228 0x000002794c063790 code [0x000002794c063980, 0x000002794c063c58]
Event: 246.412 Thread 0x000002795a227cd0 5231       4       java.lang.StrictMath::floor (12 bytes)
Event: 246.413 Thread 0x000002795a227cd0 nmethod 5231 0x000002794c063f10 code [0x000002794c0640c0, 0x000002794c0641b8]
Event: 246.413 Thread 0x000002795a227cd0 5229       4       javafx.scene.layout.Region::_getSnapScaleXimpl (22 bytes)
Event: 246.416 Thread 0x000002795a227cd0 nmethod 5229 0x000002794c064210 code [0x000002794c0643c0, 0x000002794c064518]
Event: 295.910 Thread 0x000002795a236b80 5234       3       java.util.LinkedList$ListItr::next (56 bytes)
Event: 295.911 Thread 0x000002795a236b80 nmethod 5234 0x000002794534ec90 code [0x000002794534ee80, 0x000002794534f3b8]
Event: 295.911 Thread 0x000002795a236b80 5235       3       java.util.LinkedList$ListItr::checkForComodification (23 bytes)

GC Heap History (6 events):
Event: 0.839 GC heap before
{Heap before GC invocations=0 (full 0):
 garbage-first heap   total 129024K, used 12288K [0x0000000082c00000, 0x0000000100000000)
  region size 1024K, 13 young (13312K), 0 survivors (0K)
 Metaspace       used 2809K, committed 2880K, reserved 1056768K
  class space    used 285K, committed 320K, reserved 1048576K
}
Event: 0.846 GC heap after
{Heap after GC invocations=1 (full 0):
 garbage-first heap   total 129024K, used 2264K [0x0000000082c00000, 0x0000000100000000)
  region size 1024K, 2 young (2048K), 2 survivors (2048K)
 Metaspace       used 2809K, committed 2880K, reserved 1056768K
  class space    used 285K, committed 320K, reserved 1048576K
}
Event: 1.468 GC heap before
{Heap before GC invocations=1 (full 0):
 garbage-first heap   total 129024K, used 18648K [0x0000000082c00000, 0x0000000100000000)
  region size 1024K, 18 young (18432K), 2 survivors (2048K)
 Metaspace       used 8056K, committed 8256K, reserved 1064960K
  class space    used 961K, committed 1088K, reserved 1048576K
}
Event: 1.475 GC heap after
{Heap after GC invocations=2 (full 0):
 garbage-first heap   total 129024K, used 5334K [0x0000000082c00000, 0x0000000100000000)
  region size 1024K, 3 young (3072K), 3 survivors (3072K)
 Metaspace       used 8056K, committed 8256K, reserved 1064960K
  class space    used 961K, committed 1088K, reserved 1048576K
}
Event: 149.793 GC heap before
{Heap before GC invocations=2 (full 0):
 garbage-first heap   total 129024K, used 68822K [0x0000000082c00000, 0x0000000100000000)
  region size 1024K, 61 young (62464K), 3 survivors (3072K)
 Metaspace       used 21007K, committed 21248K, reserved 1073152K
  class space    used 2818K, committed 2944K, reserved 1048576K
}
Event: 149.815 GC heap after
{Heap after GC invocations=3 (full 0):
 garbage-first heap   total 129024K, used 18085K [0x0000000082c00000, 0x0000000100000000)
  region size 1024K, 10 young (10240K), 10 survivors (10240K)
 Metaspace       used 21007K, committed 21248K, reserved 1073152K
  class space    used 2818K, committed 2944K, reserved 1048576K
}

Deoptimization events (20 events):
Event: 240.288 Thread 0x000002795a225250 Uncommon trap: trap_request=0xffffff45 fr.pc=0x000002794be70b00 relative=0x0000000000000360
Event: 240.288 Thread 0x000002795a225250 Uncommon trap: reason=unstable_if action=reinterpret pc=0x000002794be70b00 method=java.lang.AbstractStringBuilder.append(C)Ljava/lang/AbstractStringBuilder; @ 14 c2
Event: 240.288 Thread 0x000002795a225250 DEOPT PACKING pc=0x000002794be70b00 sp=0x000000ec3a0f5d80
Event: 240.288 Thread 0x000002795a225250 DEOPT UNPACKING pc=0x000002794437d728 sp=0x000000ec3a0f5d60 mode 2
Event: 240.610 Thread 0x000002795a225250 Uncommon trap: trap_request=0xffffffbe fr.pc=0x000002794bf8910c relative=0x0000000000002b0c
Event: 240.610 Thread 0x000002795a225250 Uncommon trap: reason=profile_predicate action=maybe_recompile pc=0x000002794bf8910c method=javafx.scene.CssStyleHelper$CacheContainer.<init>(Ljavafx/scene/Node;Lcom/sun/javafx/css/StyleMap;I)V @ 164 c2
Event: 240.610 Thread 0x000002795a225250 DEOPT PACKING pc=0x000002794bf8910c sp=0x000000ec3a0f5dc0
Event: 240.610 Thread 0x000002795a225250 DEOPT UNPACKING pc=0x000002794437d728 sp=0x000000ec3a0f5c70 mode 2
Event: 240.621 Thread 0x000002795a225250 Uncommon trap: trap_request=0xffffffbe fr.pc=0x000002794bf8910c relative=0x0000000000002b0c
Event: 240.621 Thread 0x000002795a225250 Uncommon trap: reason=profile_predicate action=maybe_recompile pc=0x000002794bf8910c method=javafx.scene.CssStyleHelper$CacheContainer.<init>(Ljavafx/scene/Node;Lcom/sun/javafx/css/StyleMap;I)V @ 164 c2
Event: 240.621 Thread 0x000002795a225250 DEOPT PACKING pc=0x000002794bf8910c sp=0x000000ec3a0f5240
Event: 240.621 Thread 0x000002795a225250 DEOPT UNPACKING pc=0x000002794437d728 sp=0x000000ec3a0f50f0 mode 2
Event: 240.622 Thread 0x000002795a225250 Uncommon trap: trap_request=0xffffffbe fr.pc=0x000002794bf8910c relative=0x0000000000002b0c
Event: 240.622 Thread 0x000002795a225250 Uncommon trap: reason=profile_predicate action=maybe_recompile pc=0x000002794bf8910c method=javafx.scene.CssStyleHelper$CacheContainer.<init>(Ljavafx/scene/Node;Lcom/sun/javafx/css/StyleMap;I)V @ 164 c2
Event: 240.622 Thread 0x000002795a225250 DEOPT PACKING pc=0x000002794bf8910c sp=0x000000ec3a0f5130
Event: 240.622 Thread 0x000002795a225250 DEOPT UNPACKING pc=0x000002794437d728 sp=0x000000ec3a0f4fe0 mode 2
Event: 240.623 Thread 0x000002795a225250 Uncommon trap: trap_request=0xffffffbe fr.pc=0x000002794bf8910c relative=0x0000000000002b0c
Event: 240.623 Thread 0x000002795a225250 Uncommon trap: reason=profile_predicate action=maybe_recompile pc=0x000002794bf8910c method=javafx.scene.CssStyleHelper$CacheContainer.<init>(Ljavafx/scene/Node;Lcom/sun/javafx/css/StyleMap;I)V @ 164 c2
Event: 240.623 Thread 0x000002795a225250 DEOPT PACKING pc=0x000002794bf8910c sp=0x000000ec3a0f4ef0
Event: 240.623 Thread 0x000002795a225250 DEOPT UNPACKING pc=0x000002794437d728 sp=0x000000ec3a0f4da0 mode 2

Classes unloaded (1 events):
Event: 149.835 Thread 0x000002795a2065f0 Unloading class 0x0000000800c03400 'java/lang/invoke/LambdaForm$DMH+0x0000000800c03400'

Classes redefined (0 events):
No events

Internal exceptions (20 events):
Event: 1.258 Thread 0x000002795a225250 Exception <a 'java/lang/ClassNotFoundException'{0x000000008a0f04d8}: sun/util/logging/resources/spi/loggingProvider> (0x000000008a0f04d8) 
thrown [t:\workspace\open\src\hotspot\share\classfile\systemDictionary.cpp, line 256]
Event: 1.517 Thread 0x000002795a225250 Exception <a 'java/lang/NoSuchMethodError'{0x000000008a890930}: 'void java.lang.invoke.DirectMethodHandle$Holder.invokeStaticInit(java.lang.Object, java.lang.Object)'> (0x000000008a890930) 
thrown [t:\workspace\open\src\hotspot\share\interpreter\linkResolver.cpp, line 790]
Event: 1.852 Thread 0x000002795a225250 Implicit null exception at 0x000002794be5ec0c to 0x000002794be5edc8
Event: 2.094 Thread 0x000002795a225250 Exception <a 'java/lang/ClassNotFoundException'{0x0000000089d3bf50}: com/sun/javafx/scene/control/skin/resources/controls> (0x0000000089d3bf50) 
thrown [t:\workspace\open\src\hotspot\share\prims\jni.cpp, line 600]
Event: 2.096 Thread 0x000002795a225250 Exception <a 'java/lang/ClassNotFoundException'{0x0000000089d49a50}: com/sun/javafx/scene/control/skin/resources/controls_ru> (0x0000000089d49a50) 
thrown [t:\workspace\open\src\hotspot\share\prims\jni.cpp, line 600]
Event: 2.096 Thread 0x000002795a225250 Exception <a 'java/lang/ClassNotFoundException'{0x0000000089d4b040}: com/sun/javafx/scene/control/skin/resources/controls_ru_RU> (0x0000000089d4b040) 
thrown [t:\workspace\open\src\hotspot\share\prims\jni.cpp, line 600]
Event: 2.173 Thread 0x000002795a225250 Exception <a 'java/lang/NoSuchMethodError'{0x0000000089b0bd30}: 'void java.lang.invoke.DirectMethodHandle$Holder.invokeSpecial(java.lang.Object, java.lang.Object, java.lang.Object, java.lang.Object, java.lang.Object, java.lang.Object)'> (0x0000000089b0bd30) 
thrown [t:\workspace\open\src\hotspot\share\interpreter\linkResolver.cpp, line 790]
Event: 2.242 Thread 0x000002795a225250 Exception <a 'java/lang/NoSuchMethodError'{0x00000000899f5110}: 'java.lang.Object java.lang.invoke.DirectMethodHandle$Holder.invokeInterface(java.lang.Object, java.lang.Object, java.lang.Object)'> (0x00000000899f5110) 
thrown [t:\workspace\open\src\hotspot\share\interpreter\linkResolver.cpp, line 790]
Event: 2.243 Thread 0x000002795a225250 Exception <a 'java/lang/IncompatibleClassChangeError'{0x00000000899f8c90}: Found class java.lang.Object, but interface was expected> (0x00000000899f8c90) 
thrown [t:\workspace\open\src\hotspot\share\interpreter\linkResolver.cpp, line 857]
Event: 2.351 Thread 0x000002795a225250 Exception <a 'java/lang/NoSuchMethodError'{0x00000000894d17e8}: 'java.lang.Object java.lang.invoke.DirectMethodHandle$Holder.newInvokeSpecial(java.lang.Object, java.lang.Object, int)'> (0x00000000894d17e8) 
thrown [t:\workspace\open\src\hotspot\share\interpreter\linkResolver.cpp, line 790]
Event: 2.386 Thread 0x000002795a223270 Exception <a 'java/lang/NoSuchMethodError'{0x000000008939a630}: 'int java.lang.invoke.DirectMethodHandle$Holder.invokeStaticInit(java.lang.Object, java.lang.Object)'> (0x000000008939a630) 
thrown [t:\workspace\open\src\hotspot\share\interpreter\linkResolver.cpp, line 790]
Event: 2.388 Thread 0x000002795a225250 Exception <a 'java/lang/NoSuchMethodError'{0x0000000089227e70}: 'long java.lang.invoke.DirectMethodHandle$Holder.invokeStatic(java.lang.Object, java.lang.Object, java.lang.Object)'> (0x0000000089227e70) 
thrown [t:\workspace\open\src\hotspot\share\interpreter\linkResolver.cpp, line 790]
Event: 2.388 Thread 0x000002795a225250 Exception <a 'java/lang/NoSuchMethodError'{0x000000008922b820}: 'long java.lang.invoke.DirectMethodHandle$Holder.invokeStaticInit(java.lang.Object, java.lang.Object, java.lang.Object)'> (0x000000008922b820) 
thrown [t:\workspace\open\src\hotspot\share\interpreter\linkResolver.cpp, line 790]
Event: 2.394 Thread 0x000002795a225250 Exception <a 'java/lang/NoSuchMethodError'{0x0000000089243740}: 'java.lang.Object java.lang.invoke.DirectMethodHandle$Holder.newInvokeSpecial(java.lang.Object, java.lang.Object, long)'> (0x0000000089243740) 
thrown [t:\workspace\open\src\hotspot\share\interpreter\linkResolver.cpp, line 790]
Event: 2.394 Thread 0x000002795a225250 Exception <a 'java/lang/NoSuchMethodError'{0x00000000892474b0}: 'java.lang.Object java.lang.invoke.Invokers$Holder.linkToTargetMethod(java.lang.Object, long, java.lang.Object)'> (0x00000000892474b0) 
thrown [t:\workspace\open\src\hotspot\share\interpreter\linkResolver.cpp, line 790]
Event: 14.604 Thread 0x000002795a225250 Exception <a 'java/lang/NoSuchMethodError'{0x0000000088de1670}: 'java.lang.Object java.lang.invoke.DirectMethodHandle$Holder.invokeInterface(java.lang.Object, java.lang.Object)'> (0x0000000088de1670) 
thrown [t:\workspace\open\src\hotspot\share\interpreter\linkResolver.cpp, line 790]
Event: 14.606 Thread 0x000002795a225250 Exception <a 'java/lang/NoSuchMethodError'{0x0000000088de9ff8}: 'java.lang.Object java.lang.invoke.DirectMethodHandle$Holder.invokeStaticInit(java.lang.Object, java.lang.Object, java.lang.Object)'> (0x0000000088de9ff8) 
thrown [t:\workspace\open\src\hotspot\share\interpreter\linkResolver.cpp, line 790]
Event: 14.612 Thread 0x000002795a225250 Exception <a 'java/lang/NoSuchMethodError'{0x0000000088c0b000}: 'int java.lang.invoke.DirectMethodHandle$Holder.invokeSpecial(java.lang.Object, java.lang.Object, java.lang.Object)'> (0x0000000088c0b000) 
thrown [t:\workspace\open\src\hotspot\share\interpreter\linkResolver.cpp, line 790]
Event: 56.579 Thread 0x000002795a223270 Exception <a 'java/lang/NoSuchMethodError'{0x000000008857bdd0}: 'java.lang.Object java.lang.invoke.DirectMethodHandle$Holder.invokeStaticInit(java.lang.Object, int)'> (0x000000008857bdd0) 
thrown [t:\workspace\open\src\hotspot\share\interpreter\linkResolver.cpp, line 790]
Event: 58.160 Thread 0x000002795a225250 Exception <a 'java/lang/NoSuchMethodError'{0x0000000087cfb3c0}: 'void java.lang.invoke.DirectMethodHandle$Holder.invokeSpecialIFC(java.lang.Object, java.lang.Object, java.lang.Object, java.lang.Object)'> (0x0000000087cfb3c0) 
thrown [t:\workspace\open\src\hotspot\share\interpreter\linkResolver.cpp, line 790]

Events (20 events):
Event: 241.625 Executing  VM operation: Cleanup
Event: 241.626 Executing  VM operation: Cleanup done
Event: 242.950 Thread 0x000002795b0d9690 Thread exited: 0x000002795b0d9690
Event: 243.626 Executing  VM operation: Cleanup
Event: 243.627 Executing  VM operation: Cleanup done
Event: 245.094 Thread 0x000002795bc86ab0 Thread added: 0x000002795bc86ab0
Event: 245.627 Executing  VM operation: Cleanup
Event: 245.628 Executing  VM operation: Cleanup done
Event: 246.375 Thread 0x000002795bc86ab0 Thread exited: 0x000002795bc86ab0
Event: 247.627 Executing  VM operation: Cleanup
Event: 247.628 Executing  VM operation: Cleanup done
Event: 295.907 loading class jdk/internal/misc/Signal$1
Event: 295.908 loading class jdk/internal/misc/Signal$1 done
Event: 295.908 Thread 0x000002795ba06080 Thread added: 0x000002795ba06080
Event: 295.908 Thread 0x000002795ba06b20 Thread added: 0x000002795ba06b20
Event: 295.909 Thread 0x000002795ba03b50 Thread added: 0x000002795ba03b50
Event: 295.909 Thread 0x000002795ba06b20 Thread exited: 0x000002795ba06b20
Event: 295.911 Executing  VM operation: Exit
Event: 295.911 Thread 0x000002795a21d6b0 Thread exited: 0x000002795a21d6b0
Event: 295.911 Thread 0x000002795ba03b50 Thread exited: 0x000002795ba03b50


Dynamic libraries:
0x00007ff7cecd0000 - 0x00007ff7cece0000 	C:\Program Files\Java\jdk-16.0.2\bin\java.exe
0x00007ff8a81b0000 - 0x00007ff8a83a5000 	C:\Windows\SYSTEM32\ntdll.dll
0x00007ff8a7b10000 - 0x00007ff8a7bce000 	C:\Windows\System32\KERNEL32.DLL
0x00007ff8a5a00000 - 0x00007ff8a5cc8000 	C:\Windows\System32\KERNELBASE.dll
0x00007ff8a6070000 - 0x00007ff8a6170000 	C:\Windows\System32\ucrtbase.dll
0x00007ff8a29d0000 - 0x00007ff8a29e9000 	C:\Program Files\Java\jdk-16.0.2\bin\VCRUNTIME140.dll
0x00007ff8a2a00000 - 0x00007ff8a2a18000 	C:\Program Files\Java\jdk-16.0.2\bin\jli.dll
0x00007ff8a7820000 - 0x00007ff8a78ce000 	C:\Windows\System32\ADVAPI32.dll
0x00007ff8a6200000 - 0x00007ff8a629e000 	C:\Windows\System32\msvcrt.dll
0x00007ff8a7050000 - 0x00007ff8a70ec000 	C:\Windows\System32\sechost.dll
0x00007ff8a78d0000 - 0x00007ff8a79f5000 	C:\Windows\System32\RPCRT4.dll
0x00007ff8a63d0000 - 0x00007ff8a6570000 	C:\Windows\System32\USER32.dll
0x00007ff8a5ed0000 - 0x00007ff8a5ef2000 	C:\Windows\System32\win32u.dll
0x00007ff8a7c60000 - 0x00007ff8a7c8b000 	C:\Windows\System32\GDI32.dll
0x00007ff8a58f0000 - 0x00007ff8a59fd000 	C:\Windows\System32\gdi32full.dll
0x00007ff8a5e30000 - 0x00007ff8a5ecd000 	C:\Windows\System32\msvcp_win.dll
0x00007ff8913d0000 - 0x00007ff89166a000 	C:\Windows\WinSxS\amd64_microsoft.windows.common-controls_6595b64144ccf1df_6.0.19041.1110_none_60b5254171f9507e\COMCTL32.dll
0x00007ff89f580000 - 0x00007ff89f58a000 	C:\Windows\SYSTEM32\VERSION.dll
0x00007ff8a77f0000 - 0x00007ff8a7820000 	C:\Windows\System32\IMM32.DLL
0x00007ff8a29c0000 - 0x00007ff8a29cc000 	C:\Program Files\Java\jdk-16.0.2\bin\vcruntime140_1.dll
0x00007ff8872e0000 - 0x00007ff887371000 	C:\Program Files\Java\jdk-16.0.2\bin\msvcp140.dll
0x00007ff869e30000 - 0x00007ff86a9db000 	C:\Program Files\Java\jdk-16.0.2\bin\server\jvm.dll
0x00007ff8a71d0000 - 0x00007ff8a71d8000 	C:\Windows\System32\PSAPI.DLL
0x00007ff890220000 - 0x00007ff890229000 	C:\Windows\SYSTEM32\WSOCK32.dll
0x00007ff884c60000 - 0x00007ff884c87000 	C:\Windows\SYSTEM32\WINMM.dll
0x00007ff8a8100000 - 0x00007ff8a816b000 	C:\Windows\System32\WS2_32.dll
0x00007ff8a3990000 - 0x00007ff8a39a2000 	C:\Windows\SYSTEM32\kernel.appcore.dll
0x00007ff8a29b0000 - 0x00007ff8a29ba000 	C:\Program Files\Java\jdk-16.0.2\bin\jimage.dll
0x00007ff8a36b0000 - 0x00007ff8a3894000 	C:\Windows\SYSTEM32\DBGHELP.DLL
0x00007ff892630000 - 0x00007ff89265c000 	C:\Windows\SYSTEM32\dbgcore.DLL
0x00007ff8a6170000 - 0x00007ff8a61f2000 	C:\Windows\System32\bcryptPrimitives.dll
0x00007ff8a2990000 - 0x00007ff8a299e000 	C:\Program Files\Java\jdk-16.0.2\bin\instrument.dll
0x00007ff8a0d10000 - 0x00007ff8a0d35000 	C:\Program Files\Java\jdk-16.0.2\bin\java.dll
0x00007ff8a6750000 - 0x00007ff8a6e94000 	C:\Windows\System32\SHELL32.dll
0x00007ff8a39b0000 - 0x00007ff8a4144000 	C:\Windows\SYSTEM32\windows.storage.dll
0x00007ff8a7da0000 - 0x00007ff8a80f5000 	C:\Windows\System32\combase.dll
0x00007ff8a5240000 - 0x00007ff8a526e000 	C:\Windows\SYSTEM32\Wldp.dll
0x00007ff8a6570000 - 0x00007ff8a661d000 	C:\Windows\System32\SHCORE.dll
0x00007ff8a66f0000 - 0x00007ff8a6745000 	C:\Windows\System32\shlwapi.dll
0x00007ff8a5800000 - 0x00007ff8a581f000 	C:\Windows\SYSTEM32\profapi.dll
0x00007ff89fc00000 - 0x00007ff89fc19000 	C:\Program Files\Java\jdk-16.0.2\bin\net.dll
0x00007ff89c1f0000 - 0x00007ff89c2fc000 	C:\Windows\SYSTEM32\WINHTTP.dll
0x00007ff8a4fa0000 - 0x00007ff8a500a000 	C:\Windows\system32\mswsock.dll
0x00007ff89f2b0000 - 0x00007ff89f2c3000 	C:\Program Files\Java\jdk-16.0.2\bin\nio.dll
0x00007ff89ed10000 - 0x00007ff89ed28000 	C:\Program Files\Java\jdk-16.0.2\bin\zip.dll
0x00007ff89ecf0000 - 0x00007ff89ed0a000 	C:\Program Files\JetBrains\IntelliJ IDEA 2021.2.1\bin\breakgen64.dll
0x000002793abc0000 - 0x000002793abc3000 	C:\javafx-sdk-11.0.2\bin\api-ms-win-core-console-l1-1-0.dll
0x000002793abd0000 - 0x000002793abd3000 	C:\javafx-sdk-11.0.2\bin\api-ms-win-core-datetime-l1-1-0.dll
0x000002793cad0000 - 0x000002793cad3000 	C:\javafx-sdk-11.0.2\bin\api-ms-win-core-debug-l1-1-0.dll
0x000002793cae0000 - 0x000002793cae3000 	C:\javafx-sdk-11.0.2\bin\api-ms-win-core-errorhandling-l1-1-0.dll
0x000002793caf0000 - 0x000002793caf4000 	C:\javafx-sdk-11.0.2\bin\api-ms-win-core-file-l1-1-0.dll
0x000002793cb00000 - 0x000002793cb03000 	C:\javafx-sdk-11.0.2\bin\api-ms-win-core-file-l1-2-0.dll
0x000002793cb10000 - 0x000002793cb13000 	C:\javafx-sdk-11.0.2\bin\api-ms-win-core-file-l2-1-0.dll
0x000002793cb20000 - 0x000002793cb23000 	C:\javafx-sdk-11.0.2\bin\api-ms-win-core-handle-l1-1-0.dll
0x000002793cb30000 - 0x000002793cb33000 	C:\javafx-sdk-11.0.2\bin\api-ms-win-core-heap-l1-1-0.dll
0x000002793cb40000 - 0x000002793cb43000 	C:\javafx-sdk-11.0.2\bin\api-ms-win-core-interlocked-l1-1-0.dll
0x000002793cb50000 - 0x000002793cb53000 	C:\javafx-sdk-11.0.2\bin\api-ms-win-core-libraryloader-l1-1-0.dll
0x000002793cb60000 - 0x000002793cb63000 	C:\javafx-sdk-11.0.2\bin\api-ms-win-core-localization-l1-2-0.dll
0x000002793cb70000 - 0x000002793cb73000 	C:\javafx-sdk-11.0.2\bin\api-ms-win-core-memory-l1-1-0.dll
0x000002793cb80000 - 0x000002793cb83000 	C:\javafx-sdk-11.0.2\bin\api-ms-win-core-namedpipe-l1-1-0.dll
0x000002795a3e0000 - 0x000002795a3e3000 	C:\javafx-sdk-11.0.2\bin\api-ms-win-core-processenvironment-l1-1-0.dll
0x000002795a3f0000 - 0x000002795a3f3000 	C:\javafx-sdk-11.0.2\bin\api-ms-win-core-processthreads-l1-1-0.dll
0x000002795c7d0000 - 0x000002795c7d3000 	C:\javafx-sdk-11.0.2\bin\api-ms-win-core-processthreads-l1-1-1.dll
0x000002795c7e0000 - 0x000002795c7e3000 	C:\javafx-sdk-11.0.2\bin\api-ms-win-core-profile-l1-1-0.dll
0x000002795c7f0000 - 0x000002795c7f3000 	C:\javafx-sdk-11.0.2\bin\api-ms-win-core-rtlsupport-l1-1-0.dll
0x000002795c800000 - 0x000002795c803000 	C:\javafx-sdk-11.0.2\bin\api-ms-win-core-string-l1-1-0.dll
0x000002795c810000 - 0x000002795c813000 	C:\javafx-sdk-11.0.2\bin\api-ms-win-core-synch-l1-1-0.dll
0x000002795c820000 - 0x000002795c823000 	C:\javafx-sdk-11.0.2\bin\api-ms-win-core-synch-l1-2-0.dll
0x000002795c830000 - 0x000002795c833000 	C:\javafx-sdk-11.0.2\bin\api-ms-win-core-sysinfo-l1-1-0.dll
0x000002795c840000 - 0x000002795c843000 	C:\javafx-sdk-11.0.2\bin\api-ms-win-core-timezone-l1-1-0.dll
0x000002795c850000 - 0x000002795c853000 	C:\javafx-sdk-11.0.2\bin\api-ms-win-core-util-l1-1-0.dll
0x000002795c860000 - 0x000002795c863000 	C:\javafx-sdk-11.0.2\bin\api-ms-win-crt-conio-l1-1-0.dll
0x000002795c870000 - 0x000002795c874000 	C:\javafx-sdk-11.0.2\bin\api-ms-win-crt-convert-l1-1-0.dll
0x000002795c880000 - 0x000002795c883000 	C:\javafx-sdk-11.0.2\bin\api-ms-win-crt-environment-l1-1-0.dll
0x000002795c890000 - 0x000002795c893000 	C:\javafx-sdk-11.0.2\bin\api-ms-win-crt-filesystem-l1-1-0.dll
0x000002795c8a0000 - 0x000002795c8a3000 	C:\javafx-sdk-11.0.2\bin\api-ms-win-crt-heap-l1-1-0.dll
0x000002795c8b0000 - 0x000002795c8b3000 	C:\javafx-sdk-11.0.2\bin\api-ms-win-crt-locale-l1-1-0.dll
0x000002795c8c0000 - 0x000002795c8c5000 	C:\javafx-sdk-11.0.2\bin\api-ms-win-crt-math-l1-1-0.dll
0x000002795c8d0000 - 0x000002795c8d5000 	C:\javafx-sdk-11.0.2\bin\api-ms-win-crt-multibyte-l1-1-0.dll
0x000002795c8e0000 - 0x000002795c8f0000 	C:\javafx-sdk-11.0.2\bin\api-ms-win-crt-private-l1-1-0.dll
0x000002795c8f0000 - 0x000002795c8f3000 	C:\javafx-sdk-11.0.2\bin\api-ms-win-crt-process-l1-1-0.dll
0x000002795c900000 - 0x000002795c904000 	C:\javafx-sdk-11.0.2\bin\api-ms-win-crt-runtime-l1-1-0.dll
0x000002795c910000 - 0x000002795c914000 	C:\javafx-sdk-11.0.2\bin\api-ms-win-crt-stdio-l1-1-0.dll
0x000002795c920000 - 0x000002795c924000 	C:\javafx-sdk-11.0.2\bin\api-ms-win-crt-string-l1-1-0.dll
0x000002795c930000 - 0x000002795c933000 	C:\javafx-sdk-11.0.2\bin\api-ms-win-crt-time-l1-1-0.dll
0x000002795ccb0000 - 0x000002795ccb3000 	C:\javafx-sdk-11.0.2\bin\api-ms-win-crt-utility-l1-1-0.dll
0x00007ff8853a0000 - 0x00007ff88549a000 	C:\javafx-sdk-11.0.2\bin\ucrtbase.dll
0x00007ff89eca0000 - 0x00007ff89ecb6000 	C:\javafx-sdk-11.0.2\bin\vcruntime140.dll
0x00007ff8871c0000 - 0x00007ff887266000 	C:\javafx-sdk-11.0.2\bin\msvcp140.dll
0x00007ff885340000 - 0x00007ff885391000 	C:\javafx-sdk-11.0.2\bin\concrt140.dll
0x00007ff890e80000 - 0x00007ff890ea3000 	C:\javafx-sdk-11.0.2\bin\prism_d3d.dll
0x00007ff868d80000 - 0x00007ff868f50000 	C:\Windows\system32\d3d9.dll
0x00007ff8a3120000 - 0x00007ff8a314f000 	C:\Windows\SYSTEM32\dwmapi.dll
0x00007ff8a2f10000 - 0x00007ff8a2fae000 	C:\Windows\system32\uxtheme.dll
0x00007ff8a58c0000 - 0x00007ff8a58e7000 	C:\Windows\System32\bcrypt.dll
0x00007ff8a62a0000 - 0x00007ff8a63ca000 	C:\Windows\System32\ole32.dll
0x00007ff8a6620000 - 0x00007ff8a66ed000 	C:\Windows\System32\OLEAUT32.dll
0x00007ff8a5f70000 - 0x00007ff8a5fbe000 	C:\Windows\System32\cfgmgr32.dll
0x00007ff8850a0000 - 0x00007ff8850e5000 	C:\javafx-sdk-11.0.2\bin\glass.dll
0x00007ff8a70f0000 - 0x00007ff8a71ca000 	C:\Windows\System32\COMDLG32.dll
0x00007ff8a71e0000 - 0x00007ff8a72f6000 	C:\Windows\System32\MSCTF.dll
0x00007ff89b490000 - 0x00007ff89b4cb000 	C:\Windows\SYSTEM32\dxcore.dll
0x00007ff886fc0000 - 0x00007ff886fd4000 	C:\javafx-sdk-11.0.2\bin\javafx_font.dll
0x00007ff893a20000 - 0x00007ff893ca3000 	C:\Windows\SYSTEM32\dwrite.dll
0x00007ff8a7cf0000 - 0x00007ff8a7d99000 	C:\Windows\System32\clbcatq.dll
0x00007ff89cad0000 - 0x00007ff89cc84000 	C:\Windows\SYSTEM32\WindowsCodecs.dll
0x00007ff87d560000 - 0x00007ff87d59e000 	C:\Windows\system32\dataexchange.dll
0x00007ff8a1e30000 - 0x00007ff8a2015000 	C:\Windows\system32\dcomp.dll
0x00007ff8a0f00000 - 0x00007ff8a1164000 	C:\Windows\system32\d3d11.dll
0x00007ff8a42d0000 - 0x00007ff8a43c4000 	C:\Windows\system32\dxgi.dll
0x00007ff89d220000 - 0x00007ff89d421000 	C:\Windows\system32\twinapi.appcore.dll
0x00007ff8866a0000 - 0x00007ff8866d4000 	C:\Program Files\Common Files\Microsoft Shared\Ink\rtscom.dll
0x00007ff89a660000 - 0x00007ff89a759000 	C:\Windows\SYSTEM32\textinputframework.dll
0x00007ff8a23a0000 - 0x00007ff8a26fe000 	C:\Windows\System32\CoreUIComponents.dll
0x00007ff8a2700000 - 0x00007ff8a27f2000 	C:\Windows\System32\CoreMessaging.dll
0x00007ff8a45b0000 - 0x00007ff8a45e3000 	C:\Windows\SYSTEM32\ntmarta.dll
0x00007ff8a1cd0000 - 0x00007ff8a1e24000 	C:\Windows\SYSTEM32\wintypes.dll
0x00007ff8a0ce0000 - 0x00007ff8a0ce9000 	C:\Program Files\Java\jdk-16.0.2\bin\management.dll
0x00007ff8a06a0000 - 0x00007ff8a06ab000 	C:\Program Files\Java\jdk-16.0.2\bin\management_ext.dll

dbghelp: loaded successfully - version: 4.0.5 - missing functions: none
symbol engine: initialized successfully - sym options: 0x614 - pdb path: .;C:\Program Files\Java\jdk-16.0.2\bin;C:\Windows\SYSTEM32;C:\Windows\WinSxS\amd64_microsoft.windows.common-controls_6595b64144ccf1df_6.0.19041.1110_none_60b5254171f9507e;C:\Program Files\Java\jdk-16.0.2\bin\server;C:\Program Files\JetBrains\IntelliJ IDEA 2021.2.1\bin;C:\javafx-sdk-11.0.2\bin;C:\Windows\System32\DriverStore\FileRepository\iigd_dch.inf_amd64_e9b40d45ab4dc6b8;C:\Program Files\Common Files\Microsoft Shared\Ink

VM Arguments:
jvm_args: --module-path=C:/javafx-sdk-11.0.2/lib --add-modules=javafx.controls,javafx.fxml -javaagent:C:\Program Files\JetBrains\IntelliJ IDEA 2021.2.1\lib\idea_rt.jar=61271:C:\Program Files\JetBrains\IntelliJ IDEA 2021.2.1\bin -Dfile.encoding=UTF-8 
java_command: forms.Main
java_class_path (initial): C:\java\Polyclinic\out\production\Polyclinic;C:\javafx-sdk-11.0.2\lib\src.zip;C:\javafx-sdk-11.0.2\lib\javafx-swt.jar;C:\javafx-sdk-11.0.2\lib\javafx.web.jar;C:\javafx-sdk-11.0.2\lib\javafx.base.jar;C:\javafx-sdk-11.0.2\lib\javafx.fxml.jar;C:\javafx-sdk-11.0.2\lib\javafx.media.jar;C:\javafx-sdk-11.0.2\lib\javafx.swing.jar;C:\javafx-sdk-11.0.2\lib\javafx.controls.jar;C:\javafx-sdk-11.0.2\lib\javafx.graphics.jar;C:\java\Polyclinic\src\resources\postgresql-42.3.1 (1).jar
Launcher Type: SUN_STANDARD

[Global flags]
     intx CICompilerCount                          = 3                                         {product} {ergonomic}
     uint ConcGCThreads                            = 1                                         {product} {ergonomic}
     uint G1ConcRefinementThreads                  = 4                                         {product} {ergonomic}
   size_t G1HeapRegionSize                         = 1048576                                   {product} {ergonomic}
    uintx GCDrainStackTargetSize                   = 64                                        {product} {ergonomic}
   size_t InitialHeapSize                          = 132120576                                 {product} {ergonomic}
   size_t MarkStackSize                            = 4194304                                   {product} {ergonomic}
   size_t MaxHeapSize                              = 2101346304                                {product} {ergonomic}
   size_t MaxNewSize                               = 1260388352                                {product} {ergonomic}
   size_t MinHeapDeltaBytes                        = 1048576                                   {product} {ergonomic}
   size_t MinHeapSize                              = 8388608                                   {product} {ergonomic}
    uintx NonNMethodCodeHeapSize                   = 5832780                                {pd product} {ergonomic}
    uintx NonProfiledCodeHeapSize                  = 122912730                              {pd product} {ergonomic}
    uintx ProfiledCodeHeapSize                     = 122912730                              {pd product} {ergonomic}
    uintx ReservedCodeCacheSize                    = 251658240                              {pd product} {ergonomic}
     bool SegmentedCodeCache                       = true                                      {product} {ergonomic}
   size_t SoftMaxHeapSize                          = 2101346304                             {manageable} {ergonomic}
     bool UseCompressedClassPointers               = true                           {product lp64_product} {ergonomic}
     bool UseCompressedOops                        = true                           {product lp64_product} {ergonomic}
     bool UseG1GC                                  = true                                      {product} {ergonomic}
     bool UseLargePagesIndividualAllocation        = false                                  {pd product} {ergonomic}

Logging:
Log output configuration:
 #0: stdout all=off uptime,level,tags
 #1: stderr all=off uptime,level,tags

Environment Variables:
PATH=C:\Program Files\Common Files\Oracle\Java\javapath;C:\Program Files (x86)\Common Files\Oracle\Java\javapath;C:\Windows\system32;C:\Windows;C:\Windows\System32\Wbem;C:\Windows\System32\WindowsPowerShell\v1.0\;C:\Windows\System32\OpenSSH\;C:\Program Files\dotnet\;C:\Users\Kate\AppData\Local\Microsoft\WindowsApps;;C:\Program Files\JetBrains\IntelliJ IDEA 2021.2.1\bin;;C:\Users\Kate\.dotnet\tools
USERNAME=Kate
OS=Windows_NT
PROCESSOR_IDENTIFIER=Intel64 Family 6 Model 122 Stepping 1, GenuineIntel



---------------  S Y S T E M  ---------------

OS:
 Windows 10 , 64 bit Build 19041 (10.0.19041.1503)
OS uptime: 5 days 14:26 hours

CPU: total 4 (initial active 4) (4 cores per cpu, 1 threads per core) family 6 model 122 stepping 1 microcode 0x2e, cx8, cmov, fxsr, mmx, 3dnowpref, sse, sse2, sse3, ssse3, sse4.1, sse4.2, popcnt, tsc, tscinvbit, aes, erms, clmul, sha, clflush, clflushopt

Memory: 4k page, system-wide physical 8014M (2433M free)
TotalPageFile size 10958M (AvailPageFile size 3080M)
current process WorkingSet (physical memory assigned to process): 169M, peak: 248M
current process commit charge ("private bytes"): 218M, peak: 324M

vm_info: Java HotSpot(TM) 64-Bit Server VM (16.0.2+7-67) for windows-amd64 JRE (16.0.2+7-67), built on Jun  8 2021 23:24:19 by "mach5one" with MS VC++ 16.7 (VS2019)

END.
