#
# A fatal error has been detected by the Java Runtime Environment:
#
#  EXCEPTION_ACCESS_VIOLATION (0xc0000005) at pc=0x00007fffc45a6730, pid=7448, tid=1580
#
# JRE version: Java(TM) SE Runtime Environment (16.0.2+7) (build 16.0.2+7-67)
# Java VM: Java HotSpot(TM) 64-Bit Server VM (16.0.2+7-67, mixed mode, sharing, tiered, compressed oops, compressed class ptrs, g1 gc, windows-amd64)
# Problematic frame:
# C  [glass.dll+0x26730]
#
# No core dump will be written. Minidumps are not enabled by default on client versions of Windows
#
# If you would like to submit a bug report, please visit:
#   https://bugreport.java.com/bugreport/crash.jsp
#

---------------  S U M M A R Y ------------

Command Line: --module-path=C:/javafx-sdk-11.0.2/lib --add-modules=javafx.controls,javafx.fxml -javaagent:C:\Program Files\JetBrains\IntelliJ IDEA 2021.2.1\lib\idea_rt.jar=57343:C:\Program Files\JetBrains\IntelliJ IDEA 2021.2.1\bin -Dfile.encoding=UTF-8 forms.Main

Host: Intel(R) Pentium(R) Silver N5000 CPU @ 1.10GHz, 4 cores, 7G,  Windows 10 , 64 bit Build 19041 (10.0.19041.1466)
Time: Thu Feb  3 18:07:35 2022 RTZ 2 (s 10 , 64 bit Build 19041 (10.0.19041.1466) elapsed time: 15.033439 seconds (0d 0h 0m 15s)

---------------  T H R E A D  ---------------

Current thread (0x00000272c42f5970):  VMThread "VM Thread" [stack: 0x000000afd5400000,0x000000afd5500000] [id=1580]

Stack: [0x000000afd5400000,0x000000afd5500000],  sp=0x000000afd54fef90,  free space=1019k
Native frames: (J=compiled Java code, j=interpreted, Vv=VM code, C=native code)
C  [glass.dll+0x26730]


siginfo: EXCEPTION_ACCESS_VIOLATION (0xc0000005), reading address 0x0000000000000000


Register to memory mapping:

RIP=0x00007fffc45a6730 glass.dll
RAX=0x0 is NULL
RBX=0x00000272c42fe560 is a global jni handle
RCX=0x00000272c42f5970 points into unknown readable memory: 0x00007fffacaaf638 | 38 f6 aa ac ff 7f 00 00
RDX=0x000000afd54fef90 points into unknown readable memory: 0x0000000000000000 | 00 00 00 00 00 00 00 00
RSP=0x000000afd54fef90 points into unknown readable memory: 0x0000000000000000 | 00 00 00 00 00 00 00 00
RBP=0x00000272c57f10d8 points into unknown readable memory: 0x000039c1cbe50371 | 71 03 e5 cb c1 39 00 00
RSI=0x00000272c57f10b0 points into unknown readable memory: 0x6db039c1341a8bc5 | c5 8b 1a 34 c1 39 b0 6d
RDI=0x000039c1cbe50371 is an unknown value
R8 =0x0000000000010002 is an unknown value
R9 =0x000039c1cbe50371 is an unknown value
R10=0x0000000000008000 is an unknown value
R11=0x000000afd54fef30 points into unknown readable memory: 0x0000000000000000 | 00 00 00 00 00 00 00 00
R12=0x00007fffc45a3be0 glass.dll
R13=0x00000272a6cfae40 points into unknown readable memory: 0x8000000900000001 | 01 00 00 00 09 00 00 80
R14=0x000000afd54ff098 points into unknown readable memory: 0x000000afd54ff080 | 80 f0 4f d5 af 00 00 00
R15=0x00000272c57f10b0 points into unknown readable memory: 0x6db039c1341a8bc5 | c5 8b 1a 34 c1 39 b0 6d


Registers:
RAX=0x0000000000000000, RBX=0x00000272c42fe560, RCX=0x00000272c42f5970, RDX=0x000000afd54fef90
RSP=0x000000afd54fef90, RBP=0x00000272c57f10d8, RSI=0x00000272c57f10b0, RDI=0x000039c1cbe50371
R8 =0x0000000000010002, R9 =0x000039c1cbe50371, R10=0x0000000000008000, R11=0x000000afd54fef30
R12=0x00007fffc45a3be0, R13=0x00000272a6cfae40, R14=0x000000afd54ff098, R15=0x00000272c57f10b0
RIP=0x00007fffc45a6730, EFLAGS=0x0000000000010206

Top of Stack: (sp=0x000000afd54fef90)
0x000000afd54fef90:   0000000000000000 00007ffff515f05b
0x000000afd54fefa0:   00000272c57f10c0 00000272c57f10b0
0x000000afd54fefb0:   fffffffffffffffe 00007fffc45a3be0
0x000000afd54fefc0:   00000272c57f10b8 00007ffff51642d6
0x000000afd54fefd0:   00000272c57f10c0 0000027200000000
0x000000afd54fefe0:   00000272c57f10d8 00000272c57f10b0
0x000000afd54feff0:   fffffffffffffffe 0000000000000000
0x000000afd54ff000:   0000000000000001 00007fffc4580000
0x000000afd54ff010:   000000afd54ff088 00007ffff51641fb
0x000000afd54ff020:   0000000000000000 000000afd54ff098
0x000000afd54ff030:   000000afd54ff350 00007ffff5240e40
0x000000afd54ff040:   0000000000000001 00007ffff51641b4
0x000000afd54ff050:   0000000000000000 0000000000000001
0x000000afd54ff060:   00007fff0000000d 000000afd54ff088
0x000000afd54ff070:   0000000000000000 00007fffc45a3a60
0x000000afd54ff080:   00007fffc45bd100 000000af00000002 

Instructions: (pc=0x00007fffc45a6730)
0x00007fffc45a6630:   8b 4d 60 e8 d8 c9 ff ff 48 8b 55 68 48 8b 8d 08
0x00007fffc45a6640:   01 00 00 e8 a9 be ff ff 33 d2 33 c9 e8 a9 de ff
0x00007fffc45a6650:   ff 90 cc cc cc cc cc cc cc cc cc cc cc cc cc cc
0x00007fffc45a6660:   48 8d 8a 80 00 00 00 e9 14 ea fe ff 48 89 54 24
0x00007fffc45a6670:   10 55 48 83 ec 20 48 8b ea 48 8d 05 1d cb ff ff
0x00007fffc45a6680:   48 83 c4 20 5d c3 cc 40 55 48 8b ea 48 8b 01 33
0x00007fffc45a6690:   c9 81 38 05 00 00 c0 0f 94 c1 8b c1 5d c3 cc 40
0x00007fffc45a66a0:   55 48 83 ec 20 48 8b ea 8a 4d 40 48 83 c4 20 5d
0x00007fffc45a66b0:   e9 23 ce ff ff cc 40 55 48 83 ec 20 48 8b ea e8
0x00007fffc45a66c0:   3c cc ff ff 8a 4d 38 48 83 c4 20 5d e9 07 ce ff
0x00007fffc45a66d0:   ff cc 40 55 48 83 ec 30 48 8b ea 48 8b 01 8b 10
0x00007fffc45a66e0:   48 89 4c 24 28 89 54 24 20 4c 8d 0d d0 d1 ff ff
0x00007fffc45a66f0:   4c 8b 45 70 8b 55 68 48 8b 4d 60 e8 70 cb ff ff
0x00007fffc45a6700:   90 48 83 c4 30 5d c3 cc cc cc cc cc cc cc cc cc
0x00007fffc45a6710:   40 53 48 83 ec 30 48 c7 44 24 20 fe ff ff ff 48
0x00007fffc45a6720:   8b 1d ea 63 01 00 48 85 db 74 16 e8 90 86 ff ff
0x00007fffc45a6730:   4c 8b 00 48 8b d3 48 8b c8 41 ff 90 b0 00 00 00
0x00007fffc45a6740:   90 48 83 c4 30 5b c3 cc cc cc cc cc cc cc cc cc
0x00007fffc45a6750:   40 53 48 83 ec 20 48 8b 1d 4b 65 01 00 48 85 db
0x00007fffc45a6760:   74 57 b8 ff ff ff ff f0 0f c1 43 10 83 f8 01 75
0x00007fffc45a6770:   3d 48 85 db 74 38 48 8b 0b 48 85 c9 74 0d ff 15
0x00007fffc45a6780:   24 0b 00 00 48 c7 03 00 00 00 00 48 8b 4b 08 48
0x00007fffc45a6790:   85 c9 74 0d e8 77 c8 ff ff 48 c7 43 08 00 00 00
0x00007fffc45a67a0:   00 ba 18 00 00 00 48 8b cb e8 62 c8 ff ff 48 c7
0x00007fffc45a67b0:   05 ef 64 01 00 00 00 00 00 48 83 c4 20 5b c3 cc
0x00007fffc45a67c0:   40 53 48 83 ec 20 48 8b 1d bb 64 01 00 48 85 db
0x00007fffc45a67d0:   74 57 b8 ff ff ff ff f0 0f c1 43 10 83 f8 01 75
0x00007fffc45a67e0:   3d 48 85 db 74 38 48 8b 0b 48 85 c9 74 0d ff 15
0x00007fffc45a67f0:   b4 0a 00 00 48 c7 03 00 00 00 00 48 8b 4b 08 48
0x00007fffc45a6800:   85 c9 74 0d e8 07 c8 ff ff 48 c7 43 08 00 00 00
0x00007fffc45a6810:   00 ba 18 00 00 00 48 8b cb e8 f2 c7 ff ff 48 c7
0x00007fffc45a6820:   05 5f 64 01 00 00 00 00 00 48 83 c4 20 5b c3 cc 


Stack slot to memory mapping:
stack at sp + 0 slots: 0x0 is NULL
stack at sp + 1 slots: 0x00007ffff515f05b ucrtbase.dll
stack at sp + 2 slots: 0x00000272c57f10c0 points into unknown readable memory: 0x000039c1cbe50371 | 71 03 e5 cb c1 39 00 00
stack at sp + 3 slots: 0x00000272c57f10b0 points into unknown readable memory: 0x6db039c1341a8bc5 | c5 8b 1a 34 c1 39 b0 6d
stack at sp + 4 slots: 0xfffffffffffffffe is an unknown value
stack at sp + 5 slots: 0x00007fffc45a3be0 glass.dll
stack at sp + 6 slots: 0x00000272c57f10b8 points into unknown readable memory: 0x000039c1cbe50371 | 71 03 e5 cb c1 39 00 00
stack at sp + 7 slots: 0x00007ffff51642d6 ucrtbase.dll

VM_Operation (0x000000afd73fed90): Exit, mode: safepoint, requested by thread 0x00000272c57bc380


---------------  P R O C E S S  ---------------

Threads class SMR info:
_java_thread_list=0x00000272cde1db30, length=20, elements={
0x00000272a6c991b0, 0x00000272c42f9c70, 0x00000272c42fb1e0, 0x00000272c4310b20,
0x00000272c4311430, 0x00000272c4311d40, 0x00000272c4312a30, 0x00000272c4316460,
0x00000272c431c3f0, 0x00000272a6d7c180, 0x00000272c590e800, 0x00000272c5aa8220,
0x00000272c57be8b0, 0x00000272c57bde10, 0x00000272c57bc8d0, 0x00000272c57be360,
0x00000272c57bee00, 0x00000272c57bbe30, 0x00000272c57bd8c0, 0x00000272c57bc380
}

Java Threads: ( => current thread )
  0x00000272a6c991b0 JavaThread "main" [_thread_blocked, id=18808, stack(0x000000afd4e00000,0x000000afd4f00000)]
  0x00000272c42f9c70 JavaThread "Reference Handler" daemon [_thread_blocked, id=15448, stack(0x000000afd5500000,0x000000afd5600000)]
  0x00000272c42fb1e0 JavaThread "Finalizer" daemon [_thread_blocked, id=10268, stack(0x000000afd5600000,0x000000afd5700000)]
  0x00000272c4310b20 JavaThread "Attach Listener" daemon [_thread_blocked, id=9580, stack(0x000000afd5800000,0x000000afd5900000)]
  0x00000272c4311430 JavaThread "Service Thread" daemon [_thread_blocked, id=19896, stack(0x000000afd5900000,0x000000afd5a00000)]
  0x00000272c4311d40 JavaThread "Monitor Deflation Thread" daemon [_thread_blocked, id=6252, stack(0x000000afd5a00000,0x000000afd5b00000)]
  0x00000272c4312a30 JavaThread "C2 CompilerThread0" daemon [_thread_blocked, id=19900, stack(0x000000afd5b00000,0x000000afd5c00000)]
  0x00000272c4316460 JavaThread "C1 CompilerThread0" daemon [_thread_blocked, id=13256, stack(0x000000afd5c00000,0x000000afd5d00000)]
  0x00000272c431c3f0 JavaThread "Sweeper thread" daemon [_thread_blocked, id=8080, stack(0x000000afd5d00000,0x000000afd5e00000)]
  0x00000272a6d7c180 JavaThread "Common-Cleaner" daemon [_thread_blocked, id=9004, stack(0x000000afd5e00000,0x000000afd5f00000)]
  0x00000272c590e800 JavaThread "Monitor Ctrl-Break" daemon [_thread_in_native, id=19092, stack(0x000000afd6000000,0x000000afd6100000)]
  0x00000272c5aa8220 JavaThread "Notification Thread" daemon [_thread_blocked, id=13744, stack(0x000000afd6100000,0x000000afd6200000)]
  0x00000272c57be8b0 JavaThread "QuantumRenderer-0" daemon [_thread_blocked, id=15548, stack(0x000000afd6300000,0x000000afd6400000)]
  0x00000272c57bde10 JavaThread "InvokeLaterDispatcher" daemon [_thread_blocked, id=11076, stack(0x000000afd6400000,0x000000afd6500000)]
  0x00000272c57bc8d0 JavaThread "JavaFX Application Thread" [_thread_in_native, id=13944, stack(0x000000afd6500000,0x000000afd6600000)]
  0x00000272c57be360 JavaThread "Thread-2" daemon [_thread_in_native, id=19336, stack(0x000000afd6c00000,0x000000afd6d00000)]
  0x00000272c57bee00 JavaThread "JavaFX-Launcher" [_thread_blocked, id=18316, stack(0x000000afd6d00000,0x000000afd6e00000)]
  0x00000272c57bbe30 JavaThread "Prism Font Disposer" daemon [_thread_blocked, id=16996, stack(0x000000afd5f00000,0x000000afd6000000)]
  0x00000272c57bd8c0 JavaThread "Cleaner-0" daemon [_thread_blocked, id=14488, stack(0x000000afd7200000,0x000000afd7300000)]
  0x00000272c57bc380 JavaThread "SIGINT handler" daemon [_thread_blocked, id=15356, stack(0x000000afd7300000,0x000000afd7400000)]

Other Threads:
=>0x00000272c42f5970 VMThread "VM Thread" [stack: 0x000000afd5400000,0x000000afd5500000] [id=1580]
  0x00000272a6cd7190 GCTaskThread "GC Thread#0" [stack: 0x000000afd4f00000,0x000000afd5000000] [id=9232]
  0x00000272c5662470 GCTaskThread "GC Thread#1" [stack: 0x000000afd6600000,0x000000afd6700000] [id=18724]
  0x00000272c57e7f90 GCTaskThread "GC Thread#2" [stack: 0x000000afd6700000,0x000000afd6800000] [id=16752]
  0x00000272c57e82a0 GCTaskThread "GC Thread#3" [stack: 0x000000afd6800000,0x000000afd6900000] [id=12364]
  0x00000272a6ce7b60 ConcurrentGCThread "G1 Main Marker" terminated
  0x00000272a6ce84e0 ConcurrentGCThread "G1 Conc#0" [stack: 0x000000afd5100000,0x000000afd5200000] [id=13028]
  0x00000272a6d5fea0 ConcurrentGCThread "G1 Refine#0" terminated
  0x00000272a6d60830 ConcurrentGCThread "G1 Service" terminated

Threads with active compile tasks:

VM state: at safepoint (shutting down)

VM Mutex/Monitor currently owned by a thread:  ([mutex/lock_event])
[0x00000272a6c956d0] Threads_lock - owner thread: 0x00000272c42f5970
[0x00000272a6c96960] Heap_lock - owner thread: 0x00000272c57bc380

Heap address: 0x0000000082c00000, size: 2004 MB, Compressed Oops mode: 32-bit

CDS archive(s) mapped at: [0x0000000800000000-0x0000000800bb0000-0x0000000800bb0000), size 12255232, SharedBaseAddress: 0x0000000800000000, ArchiveRelocationMode: 0.
Compressed class space mapped at: 0x0000000800c00000-0x0000000840c00000, reserved size: 1073741824
Narrow klass base: 0x0000000800000000, Narrow klass shift: 3, Narrow klass range: 0x100000000

GC Precious Log:
 CPUs: 4 total, 4 available
 Memory: 8014M
 Large Page Support: Disabled
 NUMA Support: Disabled
 Compressed Oops: Enabled (32-bit)
 Heap Region Size: 1M
 Heap Min Capacity: 8M
 Heap Initial Capacity: 126M
 Heap Max Capacity: 2004M
 Pre-touch: Disabled
 Parallel Workers: 4
 Concurrent Workers: 1
 Concurrent Refinement Workers: 4
 Periodic GC: Disabled

Heap:
 garbage-first heap   total 129024K, used 36523K [0x0000000082c00000, 0x0000000100000000)
  region size 1024K, 30 young (30720K), 4 survivors (4096K)
 Metaspace       used 20554K, committed 20800K, reserved 1073152K
  class space    used 2806K, committed 2944K, reserved 1048576K

Heap Regions: E=young(eden), S=young(survivor), O=old, HS=humongous(starts), HC=humongous(continues), CS=collection set, F=free, OA=open archive, CA=closed archive, TAMS=top-at-mark-start (previous, next)
|   0|0x0000000082c00000, 0x0000000082d00000, 0x0000000082d00000|100%| O|  |TAMS 0x0000000082c00000, 0x0000000082c00000| Untracked 
|   1|0x0000000082d00000, 0x0000000082e00000, 0x0000000082e00000|100%| O|  |TAMS 0x0000000082d00000, 0x0000000082d00000| Untracked 
|   2|0x0000000082e00000, 0x0000000082f00000, 0x0000000082f00000|100%| O|  |TAMS 0x0000000082e00000, 0x0000000082e00000| Untracked 
|   3|0x0000000082f00000, 0x0000000083000000, 0x0000000083000000|100%|HS|  |TAMS 0x0000000082f00000, 0x0000000082f00000| Complete 
|   4|0x0000000083000000, 0x0000000083100000, 0x0000000083100000|100%|HC|  |TAMS 0x0000000083000000, 0x0000000083000000| Complete 
|   5|0x0000000083100000, 0x0000000083200000, 0x0000000083200000|100%| O|  |TAMS 0x0000000083100000, 0x0000000083100000| Untracked 
|   6|0x0000000083200000, 0x00000000832f9800, 0x0000000083300000| 97%| O|  |TAMS 0x0000000083200000, 0x0000000083200000| Untracked 
|   7|0x0000000083300000, 0x0000000083300000, 0x0000000083400000|  0%| F|  |TAMS 0x0000000083300000, 0x0000000083300000| Untracked 
|   8|0x0000000083400000, 0x0000000083400000, 0x0000000083500000|  0%| F|  |TAMS 0x0000000083400000, 0x0000000083400000| Untracked 
|   9|0x0000000083500000, 0x0000000083500000, 0x0000000083600000|  0%| F|  |TAMS 0x0000000083500000, 0x0000000083500000| Untracked 
|  10|0x0000000083600000, 0x0000000083600000, 0x0000000083700000|  0%| F|  |TAMS 0x0000000083600000, 0x0000000083600000| Untracked 
|  11|0x0000000083700000, 0x0000000083700000, 0x0000000083800000|  0%| F|  |TAMS 0x0000000083700000, 0x0000000083700000| Untracked 
|  12|0x0000000083800000, 0x0000000083800000, 0x0000000083900000|  0%| F|  |TAMS 0x0000000083800000, 0x0000000083800000| Untracked 
|  13|0x0000000083900000, 0x0000000083900000, 0x0000000083a00000|  0%| F|  |TAMS 0x0000000083900000, 0x0000000083900000| Untracked 
|  14|0x0000000083a00000, 0x0000000083a00000, 0x0000000083b00000|  0%| F|  |TAMS 0x0000000083a00000, 0x0000000083a00000| Untracked 
|  15|0x0000000083b00000, 0x0000000083b00000, 0x0000000083c00000|  0%| F|  |TAMS 0x0000000083b00000, 0x0000000083b00000| Untracked 
|  16|0x0000000083c00000, 0x0000000083c00000, 0x0000000083d00000|  0%| F|  |TAMS 0x0000000083c00000, 0x0000000083c00000| Untracked 
|  17|0x0000000083d00000, 0x0000000083d00000, 0x0000000083e00000|  0%| F|  |TAMS 0x0000000083d00000, 0x0000000083d00000| Untracked 
|  18|0x0000000083e00000, 0x0000000083e00000, 0x0000000083f00000|  0%| F|  |TAMS 0x0000000083e00000, 0x0000000083e00000| Untracked 
|  19|0x0000000083f00000, 0x0000000083f00000, 0x0000000084000000|  0%| F|  |TAMS 0x0000000083f00000, 0x0000000083f00000| Untracked 
|  20|0x0000000084000000, 0x0000000084000000, 0x0000000084100000|  0%| F|  |TAMS 0x0000000084000000, 0x0000000084000000| Untracked 
|  21|0x0000000084100000, 0x0000000084100000, 0x0000000084200000|  0%| F|  |TAMS 0x0000000084100000, 0x0000000084100000| Untracked 
|  22|0x0000000084200000, 0x0000000084200000, 0x0000000084300000|  0%| F|  |TAMS 0x0000000084200000, 0x0000000084200000| Untracked 
|  23|0x0000000084300000, 0x0000000084300000, 0x0000000084400000|  0%| F|  |TAMS 0x0000000084300000, 0x0000000084300000| Untracked 
|  24|0x0000000084400000, 0x0000000084400000, 0x0000000084500000|  0%| F|  |TAMS 0x0000000084400000, 0x0000000084400000| Untracked 
|  25|0x0000000084500000, 0x0000000084500000, 0x0000000084600000|  0%| F|  |TAMS 0x0000000084500000, 0x0000000084500000| Untracked 
|  26|0x0000000084600000, 0x0000000084600000, 0x0000000084700000|  0%| F|  |TAMS 0x0000000084600000, 0x0000000084600000| Untracked 
|  27|0x0000000084700000, 0x0000000084700000, 0x0000000084800000|  0%| F|  |TAMS 0x0000000084700000, 0x0000000084700000| Untracked 
|  28|0x0000000084800000, 0x0000000084800000, 0x0000000084900000|  0%| F|  |TAMS 0x0000000084800000, 0x0000000084800000| Untracked 
|  29|0x0000000084900000, 0x0000000084900000, 0x0000000084a00000|  0%| F|  |TAMS 0x0000000084900000, 0x0000000084900000| Untracked 
|  30|0x0000000084a00000, 0x0000000084a00000, 0x0000000084b00000|  0%| F|  |TAMS 0x0000000084a00000, 0x0000000084a00000| Untracked 
|  31|0x0000000084b00000, 0x0000000084b00000, 0x0000000084c00000|  0%| F|  |TAMS 0x0000000084b00000, 0x0000000084b00000| Untracked 
|  32|0x0000000084c00000, 0x0000000084c00000, 0x0000000084d00000|  0%| F|  |TAMS 0x0000000084c00000, 0x0000000084c00000| Untracked 
|  33|0x0000000084d00000, 0x0000000084d00000, 0x0000000084e00000|  0%| F|  |TAMS 0x0000000084d00000, 0x0000000084d00000| Untracked 
|  34|0x0000000084e00000, 0x0000000084e00000, 0x0000000084f00000|  0%| F|  |TAMS 0x0000000084e00000, 0x0000000084e00000| Untracked 
|  35|0x0000000084f00000, 0x0000000084f00000, 0x0000000085000000|  0%| F|  |TAMS 0x0000000084f00000, 0x0000000084f00000| Untracked 
|  36|0x0000000085000000, 0x0000000085000000, 0x0000000085100000|  0%| F|  |TAMS 0x0000000085000000, 0x0000000085000000| Untracked 
|  37|0x0000000085100000, 0x0000000085100000, 0x0000000085200000|  0%| F|  |TAMS 0x0000000085100000, 0x0000000085100000| Untracked 
|  38|0x0000000085200000, 0x0000000085200000, 0x0000000085300000|  0%| F|  |TAMS 0x0000000085200000, 0x0000000085200000| Untracked 
|  39|0x0000000085300000, 0x0000000085300000, 0x0000000085400000|  0%| F|  |TAMS 0x0000000085300000, 0x0000000085300000| Untracked 
|  40|0x0000000085400000, 0x0000000085400000, 0x0000000085500000|  0%| F|  |TAMS 0x0000000085400000, 0x0000000085400000| Untracked 
|  41|0x0000000085500000, 0x0000000085500000, 0x0000000085600000|  0%| F|  |TAMS 0x0000000085500000, 0x0000000085500000| Untracked 
|  42|0x0000000085600000, 0x0000000085600000, 0x0000000085700000|  0%| F|  |TAMS 0x0000000085600000, 0x0000000085600000| Untracked 
|  43|0x0000000085700000, 0x0000000085700000, 0x0000000085800000|  0%| F|  |TAMS 0x0000000085700000, 0x0000000085700000| Untracked 
|  44|0x0000000085800000, 0x0000000085800000, 0x0000000085900000|  0%| F|  |TAMS 0x0000000085800000, 0x0000000085800000| Untracked 
|  45|0x0000000085900000, 0x0000000085900000, 0x0000000085a00000|  0%| F|  |TAMS 0x0000000085900000, 0x0000000085900000| Untracked 
|  46|0x0000000085a00000, 0x0000000085a00000, 0x0000000085b00000|  0%| F|  |TAMS 0x0000000085a00000, 0x0000000085a00000| Untracked 
|  47|0x0000000085b00000, 0x0000000085b00000, 0x0000000085c00000|  0%| F|  |TAMS 0x0000000085b00000, 0x0000000085b00000| Untracked 
|  48|0x0000000085c00000, 0x0000000085c00000, 0x0000000085d00000|  0%| F|  |TAMS 0x0000000085c00000, 0x0000000085c00000| Untracked 
|  49|0x0000000085d00000, 0x0000000085d00000, 0x0000000085e00000|  0%| F|  |TAMS 0x0000000085d00000, 0x0000000085d00000| Untracked 
|  50|0x0000000085e00000, 0x0000000085e00000, 0x0000000085f00000|  0%| F|  |TAMS 0x0000000085e00000, 0x0000000085e00000| Untracked 
|  51|0x0000000085f00000, 0x0000000085f00000, 0x0000000086000000|  0%| F|  |TAMS 0x0000000085f00000, 0x0000000085f00000| Untracked 
|  52|0x0000000086000000, 0x0000000086000000, 0x0000000086100000|  0%| F|  |TAMS 0x0000000086000000, 0x0000000086000000| Untracked 
|  53|0x0000000086100000, 0x0000000086100000, 0x0000000086200000|  0%| F|  |TAMS 0x0000000086100000, 0x0000000086100000| Untracked 
|  54|0x0000000086200000, 0x0000000086200000, 0x0000000086300000|  0%| F|  |TAMS 0x0000000086200000, 0x0000000086200000| Untracked 
|  55|0x0000000086300000, 0x0000000086300000, 0x0000000086400000|  0%| F|  |TAMS 0x0000000086300000, 0x0000000086300000| Untracked 
|  56|0x0000000086400000, 0x0000000086400000, 0x0000000086500000|  0%| F|  |TAMS 0x0000000086400000, 0x0000000086400000| Untracked 
|  57|0x0000000086500000, 0x0000000086500000, 0x0000000086600000|  0%| F|  |TAMS 0x0000000086500000, 0x0000000086500000| Untracked 
|  58|0x0000000086600000, 0x0000000086600000, 0x0000000086700000|  0%| F|  |TAMS 0x0000000086600000, 0x0000000086600000| Untracked 
|  59|0x0000000086700000, 0x0000000086700000, 0x0000000086800000|  0%| F|  |TAMS 0x0000000086700000, 0x0000000086700000| Untracked 
|  60|0x0000000086800000, 0x0000000086800000, 0x0000000086900000|  0%| F|  |TAMS 0x0000000086800000, 0x0000000086800000| Untracked 
|  61|0x0000000086900000, 0x0000000086900000, 0x0000000086a00000|  0%| F|  |TAMS 0x0000000086900000, 0x0000000086900000| Untracked 
|  62|0x0000000086a00000, 0x0000000086a00000, 0x0000000086b00000|  0%| F|  |TAMS 0x0000000086a00000, 0x0000000086a00000| Untracked 
|  63|0x0000000086b00000, 0x0000000086b00000, 0x0000000086c00000|  0%| F|  |TAMS 0x0000000086b00000, 0x0000000086b00000| Untracked 
|  64|0x0000000086c00000, 0x0000000086c00000, 0x0000000086d00000|  0%| F|  |TAMS 0x0000000086c00000, 0x0000000086c00000| Untracked 
|  65|0x0000000086d00000, 0x0000000086d00000, 0x0000000086e00000|  0%| F|  |TAMS 0x0000000086d00000, 0x0000000086d00000| Untracked 
|  66|0x0000000086e00000, 0x0000000086e00000, 0x0000000086f00000|  0%| F|  |TAMS 0x0000000086e00000, 0x0000000086e00000| Untracked 
|  67|0x0000000086f00000, 0x0000000086f00000, 0x0000000087000000|  0%| F|  |TAMS 0x0000000086f00000, 0x0000000086f00000| Untracked 
|  68|0x0000000087000000, 0x0000000087000000, 0x0000000087100000|  0%| F|  |TAMS 0x0000000087000000, 0x0000000087000000| Untracked 
|  69|0x0000000087100000, 0x0000000087100000, 0x0000000087200000|  0%| F|  |TAMS 0x0000000087100000, 0x0000000087100000| Untracked 
|  70|0x0000000087200000, 0x0000000087200000, 0x0000000087300000|  0%| F|  |TAMS 0x0000000087200000, 0x0000000087200000| Untracked 
|  71|0x0000000087300000, 0x0000000087300000, 0x0000000087400000|  0%| F|  |TAMS 0x0000000087300000, 0x0000000087300000| Untracked 
|  72|0x0000000087400000, 0x0000000087400000, 0x0000000087500000|  0%| F|  |TAMS 0x0000000087400000, 0x0000000087400000| Untracked 
|  73|0x0000000087500000, 0x0000000087500000, 0x0000000087600000|  0%| F|  |TAMS 0x0000000087500000, 0x0000000087500000| Untracked 
|  74|0x0000000087600000, 0x0000000087600000, 0x0000000087700000|  0%| F|  |TAMS 0x0000000087600000, 0x0000000087600000| Untracked 
|  75|0x0000000087700000, 0x0000000087700000, 0x0000000087800000|  0%| F|  |TAMS 0x0000000087700000, 0x0000000087700000| Untracked 
|  76|0x0000000087800000, 0x0000000087800000, 0x0000000087900000|  0%| F|  |TAMS 0x0000000087800000, 0x0000000087800000| Untracked 
|  77|0x0000000087900000, 0x0000000087900000, 0x0000000087a00000|  0%| F|  |TAMS 0x0000000087900000, 0x0000000087900000| Untracked 
|  78|0x0000000087a00000, 0x0000000087a00000, 0x0000000087b00000|  0%| F|  |TAMS 0x0000000087a00000, 0x0000000087a00000| Untracked 
|  79|0x0000000087b00000, 0x0000000087b00000, 0x0000000087c00000|  0%| F|  |TAMS 0x0000000087b00000, 0x0000000087b00000| Untracked 
|  80|0x0000000087c00000, 0x0000000087c00000, 0x0000000087d00000|  0%| F|  |TAMS 0x0000000087c00000, 0x0000000087c00000| Untracked 
|  81|0x0000000087d00000, 0x0000000087d00000, 0x0000000087e00000|  0%| F|  |TAMS 0x0000000087d00000, 0x0000000087d00000| Untracked 
|  82|0x0000000087e00000, 0x0000000087e00000, 0x0000000087f00000|  0%| F|  |TAMS 0x0000000087e00000, 0x0000000087e00000| Untracked 
|  83|0x0000000087f00000, 0x0000000087f00000, 0x0000000088000000|  0%| F|  |TAMS 0x0000000087f00000, 0x0000000087f00000| Untracked 
|  84|0x0000000088000000, 0x0000000088000000, 0x0000000088100000|  0%| F|  |TAMS 0x0000000088000000, 0x0000000088000000| Untracked 
|  85|0x0000000088100000, 0x0000000088100000, 0x0000000088200000|  0%| F|  |TAMS 0x0000000088100000, 0x0000000088100000| Untracked 
|  86|0x0000000088200000, 0x0000000088200000, 0x0000000088300000|  0%| F|  |TAMS 0x0000000088200000, 0x0000000088200000| Untracked 
|  87|0x0000000088300000, 0x0000000088300000, 0x0000000088400000|  0%| F|  |TAMS 0x0000000088300000, 0x0000000088300000| Untracked 
|  88|0x0000000088400000, 0x0000000088400000, 0x0000000088500000|  0%| F|  |TAMS 0x0000000088400000, 0x0000000088400000| Untracked 
|  89|0x0000000088500000, 0x00000000885b1780, 0x0000000088600000| 69%| S|CS|TAMS 0x0000000088500000, 0x0000000088500000| Complete 
|  90|0x0000000088600000, 0x0000000088700000, 0x0000000088700000|100%| S|CS|TAMS 0x0000000088600000, 0x0000000088600000| Complete 
|  91|0x0000000088700000, 0x0000000088800000, 0x0000000088800000|100%| S|CS|TAMS 0x0000000088700000, 0x0000000088700000| Complete 
|  92|0x0000000088800000, 0x0000000088900000, 0x0000000088900000|100%| S|CS|TAMS 0x0000000088800000, 0x0000000088800000| Complete 
|  93|0x0000000088900000, 0x0000000088900000, 0x0000000088a00000|  0%| F|  |TAMS 0x0000000088900000, 0x0000000088900000| Untracked 
|  94|0x0000000088a00000, 0x0000000088a00000, 0x0000000088b00000|  0%| F|  |TAMS 0x0000000088a00000, 0x0000000088a00000| Untracked 
|  95|0x0000000088b00000, 0x0000000088b00000, 0x0000000088c00000|  0%| F|  |TAMS 0x0000000088b00000, 0x0000000088b00000| Untracked 
|  96|0x0000000088c00000, 0x0000000088c00000, 0x0000000088d00000|  0%| F|  |TAMS 0x0000000088c00000, 0x0000000088c00000| Untracked 
|  97|0x0000000088d00000, 0x0000000088d00000, 0x0000000088e00000|  0%| F|  |TAMS 0x0000000088d00000, 0x0000000088d00000| Untracked 
|  98|0x0000000088e00000, 0x0000000088e00000, 0x0000000088f00000|  0%| F|  |TAMS 0x0000000088e00000, 0x0000000088e00000| Untracked 
|  99|0x0000000088f00000, 0x0000000088f00000, 0x0000000089000000|  0%| F|  |TAMS 0x0000000088f00000, 0x0000000088f00000| Untracked 
| 100|0x0000000089000000, 0x0000000089080858, 0x0000000089100000| 50%| E|  |TAMS 0x0000000089000000, 0x0000000089000000| Complete 
| 101|0x0000000089100000, 0x0000000089200000, 0x0000000089200000|100%| E|CS|TAMS 0x0000000089100000, 0x0000000089100000| Complete 
| 102|0x0000000089200000, 0x0000000089300000, 0x0000000089300000|100%| E|CS|TAMS 0x0000000089200000, 0x0000000089200000| Complete 
| 103|0x0000000089300000, 0x0000000089400000, 0x0000000089400000|100%| E|CS|TAMS 0x0000000089300000, 0x0000000089300000| Complete 
| 104|0x0000000089400000, 0x0000000089500000, 0x0000000089500000|100%| E|CS|TAMS 0x0000000089400000, 0x0000000089400000| Complete 
| 105|0x0000000089500000, 0x0000000089600000, 0x0000000089600000|100%| E|CS|TAMS 0x0000000089500000, 0x0000000089500000| Complete 
| 106|0x0000000089600000, 0x0000000089700000, 0x0000000089700000|100%| E|CS|TAMS 0x0000000089600000, 0x0000000089600000| Complete 
| 107|0x0000000089700000, 0x0000000089800000, 0x0000000089800000|100%| E|CS|TAMS 0x0000000089700000, 0x0000000089700000| Complete 
| 108|0x0000000089800000, 0x0000000089900000, 0x0000000089900000|100%| E|CS|TAMS 0x0000000089800000, 0x0000000089800000| Complete 
| 109|0x0000000089900000, 0x0000000089a00000, 0x0000000089a00000|100%| E|CS|TAMS 0x0000000089900000, 0x0000000089900000| Complete 
| 110|0x0000000089a00000, 0x0000000089b00000, 0x0000000089b00000|100%| E|CS|TAMS 0x0000000089a00000, 0x0000000089a00000| Complete 
| 111|0x0000000089b00000, 0x0000000089c00000, 0x0000000089c00000|100%| E|CS|TAMS 0x0000000089b00000, 0x0000000089b00000| Complete 
| 112|0x0000000089c00000, 0x0000000089d00000, 0x0000000089d00000|100%| E|CS|TAMS 0x0000000089c00000, 0x0000000089c00000| Complete 
| 113|0x0000000089d00000, 0x0000000089e00000, 0x0000000089e00000|100%| E|CS|TAMS 0x0000000089d00000, 0x0000000089d00000| Complete 
| 114|0x0000000089e00000, 0x0000000089f00000, 0x0000000089f00000|100%| E|CS|TAMS 0x0000000089e00000, 0x0000000089e00000| Complete 
| 115|0x0000000089f00000, 0x000000008a000000, 0x000000008a000000|100%| E|CS|TAMS 0x0000000089f00000, 0x0000000089f00000| Complete 
| 116|0x000000008a000000, 0x000000008a100000, 0x000000008a100000|100%| E|CS|TAMS 0x000000008a000000, 0x000000008a000000| Complete 
| 117|0x000000008a100000, 0x000000008a200000, 0x000000008a200000|100%| E|CS|TAMS 0x000000008a100000, 0x000000008a100000| Complete 
| 118|0x000000008a200000, 0x000000008a300000, 0x000000008a300000|100%| E|CS|TAMS 0x000000008a200000, 0x000000008a200000| Complete 
| 119|0x000000008a300000, 0x000000008a400000, 0x000000008a400000|100%| E|CS|TAMS 0x000000008a300000, 0x000000008a300000| Complete 
| 120|0x000000008a400000, 0x000000008a500000, 0x000000008a500000|100%| E|CS|TAMS 0x000000008a400000, 0x000000008a400000| Complete 
| 121|0x000000008a500000, 0x000000008a600000, 0x000000008a600000|100%| E|CS|TAMS 0x000000008a500000, 0x000000008a500000| Complete 
| 122|0x000000008a600000, 0x000000008a700000, 0x000000008a700000|100%| E|CS|TAMS 0x000000008a600000, 0x000000008a600000| Complete 
| 123|0x000000008a700000, 0x000000008a800000, 0x000000008a800000|100%| E|CS|TAMS 0x000000008a700000, 0x000000008a700000| Complete 
| 124|0x000000008a800000, 0x000000008a900000, 0x000000008a900000|100%| E|CS|TAMS 0x000000008a800000, 0x000000008a800000| Complete 
| 125|0x000000008a900000, 0x000000008aa00000, 0x000000008aa00000|100%| E|CS|TAMS 0x000000008a900000, 0x000000008a900000| Complete 

Card table byte_map: [0x00000272bd810000,0x00000272bdc00000] _byte_map_base: 0x00000272bd3fa000

Marking Bits (Prev, Next): (CMBitMap*) 0x00000272a6cd7710, (CMBitMap*) 0x00000272a6cd7750
 Prev Bits: [0x00000272bdff0000, 0x00000272bff40000)
 Next Bits: [0x00000272bff40000, 0x00000272c1e90000)

Polling page: 0x00000272a4b70000

Metaspace:

Usage:
  Non-class:     17.33 MB used.
      Class:      2.74 MB used.
       Both:     20.07 MB used.

Virtual space:
  Non-class space:       24.00 MB reserved,      17.44 MB ( 73%) committed,  3 nodes.
      Class space:        1.00 GB reserved,       2.88 MB ( <1%) committed,  1 nodes.
              Both:        1.02 GB reserved,      20.31 MB (  2%) committed. 

Chunk freelists:
   Non-Class:  2.58 MB
       Class:  1.05 MB
        Both:  3.62 MB

MaxMetaspaceSize: 17179869184.00 GB
CompressedClassSpaceSize: 1.00 GB
 - commit_granule_bytes: 65536.
 - commit_granule_words: 8192.
 - virtual_space_node_default_size: 1048576.
 - enlarge_chunks_in_place: 1.
 - new_chunks_are_fully_committed: 0.
 - uncommit_free_chunks: 1.
 - use_allocation_guard: 0.
 - handle_deallocations: 1.


Internal statistics:

num_allocs_failed_limit: 0.
num_arena_births: 204.
num_arena_deaths: 0.
num_vsnodes_births: 4.
num_vsnodes_deaths: 0.
num_space_committed: 325.
num_space_uncommitted: 0.
num_chunks_returned_to_freelist: 0.
num_chunks_taken_from_freelist: 876.
num_chunk_merges: 0.
num_chunk_splits: 620.
num_chunks_enlarged: 480.
num_purges: 0.

CodeHeap 'non-profiled nmethods': size=120000Kb used=1372Kb max_used=1372Kb free=118627Kb
 bounds [0x00000272b5ef0000, 0x00000272b6160000, 0x00000272bd420000]
CodeHeap 'profiled nmethods': size=120000Kb used=7127Kb max_used=7127Kb free=112872Kb
 bounds [0x00000272ae9c0000, 0x00000272af0c0000, 0x00000272b5ef0000]
CodeHeap 'non-nmethods': size=5760Kb used=1465Kb max_used=1500Kb free=4294Kb
 bounds [0x00000272ae420000, 0x00000272ae690000, 0x00000272ae9c0000]
 total_blobs=4520 nmethods=3681 adapters=751
 compilation: enabled
              stopped_count=0, restarted_count=0
 full_count=0

Compilation events (20 events):
Event: 12.432 Thread 0x00000272c4316460 3675       3       javafx.scene.shape.Rectangle::getHeight (8 bytes)
Event: 12.432 Thread 0x00000272c4316460 nmethod 3675 0x00000272af0ae810 code [0x00000272af0ae9e0, 0x00000272af0aed28]
Event: 12.447 Thread 0x00000272c4316460 3676       3       javafx.scene.Node::intersects (47 bytes)
Event: 12.448 Thread 0x00000272c4316460 nmethod 3676 0x00000272af0aee10 code [0x00000272af0af060, 0x00000272af0afa38]
Event: 12.670 Thread 0x00000272c4312a30 3677       4       javafx.scene.Node::localToScene (21 bytes)
Event: 12.679 Thread 0x00000272c4312a30 nmethod 3677 0x00000272b6046190 code [0x00000272b6046380, 0x00000272b60467e8]
Event: 12.686 Thread 0x00000272c4312a30 3678       4       com.sun.javafx.util.TempState::getInstance (10 bytes)
Event: 12.688 Thread 0x00000272c4312a30 nmethod 3678 0x00000272b6046c90 code [0x00000272b6046e40, 0x00000272b6046f98]
Event: 12.694 Thread 0x00000272c4316460 3679       3       com.sun.javafx.event.CompositeEventHandler::dispatchBubblingEvent (57 bytes)
Event: 12.695 Thread 0x00000272c4316460 nmethod 3679 0x00000272af0afd90 code [0x00000272af0aff80, 0x00000272af0b0498]
Event: 12.718 Thread 0x00000272c4316460 3680   !   3       com.sun.javafx.event.EventUtil::fireEvent (81 bytes)
Event: 12.720 Thread 0x00000272c4316460 nmethod 3680 0x00000272af0b0610 code [0x00000272af0b0920, 0x00000272af0b1b18]
Event: 12.720 Thread 0x00000272c4316460 3681       3       com.sun.javafx.event.EventUtil::fireEventImpl (16 bytes)
Event: 12.720 Thread 0x00000272c4316460 nmethod 3681 0x00000272af0b2190 code [0x00000272af0b2340, 0x00000272af0b2598]
Event: 12.766 Thread 0x00000272c4316460 3682       3       javafx.beans.binding.BooleanBinding::get (25 bytes)
Event: 12.766 Thread 0x00000272c4316460 nmethod 3682 0x00000272af0b2710 code [0x00000272af0b28c0, 0x00000272af0b2ae8]
Event: 12.774 Thread 0x00000272c4316460 3683       3       javafx.scene.Node::preprocessMouseEvent (114 bytes)
Event: 12.776 Thread 0x00000272c4316460 nmethod 3683 0x00000272af0b2b90 code [0x00000272af0b2f60, 0x00000272af0b5008]
Event: 12.830 Thread 0x00000272c4316460 3684   !   3       com.sun.javafx.application.PlatformImpl::isSupported (41 bytes)
Event: 12.831 Thread 0x00000272c4316460 nmethod 3684 0x00000272af0b5890 code [0x00000272af0b5a80, 0x00000272af0b5e18]

GC Heap History (6 events):
Event: 1.125 GC heap before
{Heap before GC invocations=0 (full 0):
 garbage-first heap   total 129024K, used 12288K [0x0000000082c00000, 0x0000000100000000)
  region size 1024K, 13 young (13312K), 0 survivors (0K)
 Metaspace       used 2811K, committed 2944K, reserved 1056768K
  class space    used 286K, committed 384K, reserved 1048576K
}
Event: 1.129 GC heap after
{Heap after GC invocations=1 (full 0):
 garbage-first heap   total 129024K, used 2694K [0x0000000082c00000, 0x0000000100000000)
  region size 1024K, 2 young (2048K), 2 survivors (2048K)
 Metaspace       used 2811K, committed 2944K, reserved 1056768K
  class space    used 286K, committed 384K, reserved 1048576K
}
Event: 1.860 GC heap before
{Heap before GC invocations=1 (full 0):
 garbage-first heap   total 129024K, used 18054K [0x0000000082c00000, 0x0000000100000000)
  region size 1024K, 18 young (18432K), 2 survivors (2048K)
 Metaspace       used 7947K, committed 8128K, reserved 1056768K
  class space    used 941K, committed 1024K, reserved 1048576K
}
Event: 1.867 GC heap after
{Heap after GC invocations=2 (full 0):
 garbage-first heap   total 129024K, used 5284K [0x0000000082c00000, 0x0000000100000000)
  region size 1024K, 3 young (3072K), 3 survivors (3072K)
 Metaspace       used 7947K, committed 8128K, reserved 1056768K
  class space    used 941K, committed 1024K, reserved 1048576K
}
Event: 8.353 GC heap before
{Heap before GC invocations=2 (full 0):
 garbage-first heap   total 129024K, used 37028K [0x0000000082c00000, 0x0000000100000000)
  region size 1024K, 33 young (33792K), 3 survivors (3072K)
 Metaspace       used 17073K, committed 17280K, reserved 1064960K
  class space    used 2317K, committed 2432K, reserved 1048576K
}
Event: 8.367 GC heap after
{Heap after GC invocations=3 (full 0):
 garbage-first heap   total 129024K, used 10923K [0x0000000082c00000, 0x0000000100000000)
  region size 1024K, 4 young (4096K), 4 survivors (4096K)
 Metaspace       used 17073K, committed 17280K, reserved 1064960K
  class space    used 2317K, committed 2432K, reserved 1048576K
}

Deoptimization events (20 events):
Event: 11.683 Thread 0x00000272c57bc8d0 Uncommon trap: trap_request=0xffffffbe fr.pc=0x00000272b6030d1c relative=0x000000000000033c
Event: 11.683 Thread 0x00000272c57bc8d0 Uncommon trap: reason=profile_predicate action=maybe_recompile pc=0x00000272b6030d1c method=javafx.css.CompoundSelector.applies(Ljavafx/css/Styleable;[Ljava/util/Set;I)Z @ 89 c2
Event: 11.683 Thread 0x00000272c57bc8d0 DEOPT PACKING pc=0x00000272b6030d1c sp=0x000000afd65f8dd0
Event: 11.683 Thread 0x00000272c57bc8d0 DEOPT UNPACKING pc=0x00000272ae46d728 sp=0x000000afd65f8d60 mode 2
Event: 11.704 Thread 0x00000272c57bc8d0 Uncommon trap: trap_request=0xffffffd6 fr.pc=0x00000272b603275c relative=0x00000000000002fc
Event: 11.704 Thread 0x00000272c57bc8d0 Uncommon trap: reason=array_check action=maybe_recompile pc=0x00000272b603275c method=javafx.css.CompoundSelector.applies(Ljavafx/css/Styleable;[Ljava/util/Set;I)Z @ 128 c2
Event: 11.704 Thread 0x00000272c57bc8d0 DEOPT PACKING pc=0x00000272b603275c sp=0x000000afd65f8fa0
Event: 11.704 Thread 0x00000272c57bc8d0 DEOPT UNPACKING pc=0x00000272ae46d728 sp=0x000000afd65f8f28 mode 2
Event: 11.704 Thread 0x00000272c57bc8d0 Uncommon trap: trap_request=0xffffffd6 fr.pc=0x00000272b603275c relative=0x00000000000002fc
Event: 11.704 Thread 0x00000272c57bc8d0 Uncommon trap: reason=array_check action=maybe_recompile pc=0x00000272b603275c method=javafx.css.CompoundSelector.applies(Ljavafx/css/Styleable;[Ljava/util/Set;I)Z @ 128 c2
Event: 11.704 Thread 0x00000272c57bc8d0 DEOPT PACKING pc=0x00000272b603275c sp=0x000000afd65f8fa0
Event: 11.704 Thread 0x00000272c57bc8d0 DEOPT UNPACKING pc=0x00000272ae46d728 sp=0x000000afd65f8f28 mode 2
Event: 11.704 Thread 0x00000272c57bc8d0 Uncommon trap: trap_request=0xffffffd6 fr.pc=0x00000272b603275c relative=0x00000000000002fc
Event: 11.704 Thread 0x00000272c57bc8d0 Uncommon trap: reason=array_check action=maybe_recompile pc=0x00000272b603275c method=javafx.css.CompoundSelector.applies(Ljavafx/css/Styleable;[Ljava/util/Set;I)Z @ 128 c2
Event: 11.704 Thread 0x00000272c57bc8d0 DEOPT PACKING pc=0x00000272b603275c sp=0x000000afd65f8fa0
Event: 11.704 Thread 0x00000272c57bc8d0 DEOPT UNPACKING pc=0x00000272ae46d728 sp=0x000000afd65f8f28 mode 2
Event: 11.704 Thread 0x00000272c57bc8d0 Uncommon trap: trap_request=0xffffffd6 fr.pc=0x00000272b603275c relative=0x00000000000002fc
Event: 11.704 Thread 0x00000272c57bc8d0 Uncommon trap: reason=array_check action=maybe_recompile pc=0x00000272b603275c method=javafx.css.CompoundSelector.applies(Ljavafx/css/Styleable;[Ljava/util/Set;I)Z @ 128 c2
Event: 11.704 Thread 0x00000272c57bc8d0 DEOPT PACKING pc=0x00000272b603275c sp=0x000000afd65f8fa0
Event: 11.704 Thread 0x00000272c57bc8d0 DEOPT UNPACKING pc=0x00000272ae46d728 sp=0x000000afd65f8f28 mode 2

Classes unloaded (0 events):
No events

Classes redefined (0 events):
No events

Internal exceptions (20 events):
Event: 1.599 Thread 0x00000272c57bc8d0 Exception <a 'java/lang/ClassNotFoundException'{0x0000000089f64620}: sun/util/logging/resources/spi/loggingProvider> (0x0000000089f64620) 
thrown [t:\workspace\open\src\hotspot\share\classfile\systemDictionary.cpp, line 256]
Event: 1.944 Thread 0x00000272c57bc8d0 Exception <a 'java/lang/NoSuchMethodError'{0x000000008a8bc8c8}: 'void java.lang.invoke.DirectMethodHandle$Holder.invokeStaticInit(java.lang.Object, java.lang.Object)'> (0x000000008a8bc8c8) 
thrown [t:\workspace\open\src\hotspot\share\interpreter\linkResolver.cpp, line 790]
Event: 2.232 Thread 0x00000272c57bc8d0 Implicit null exception at 0x00000272b5f4d58a to 0x00000272b5f4d8e0
Event: 2.501 Thread 0x00000272c57bc8d0 Exception <a 'java/lang/ClassNotFoundException'{0x0000000089d6c358}: com/sun/javafx/scene/control/skin/resources/controls> (0x0000000089d6c358) 
thrown [t:\workspace\open\src\hotspot\share\prims\jni.cpp, line 600]
Event: 2.503 Thread 0x00000272c57bc8d0 Exception <a 'java/lang/ClassNotFoundException'{0x0000000089d79e58}: com/sun/javafx/scene/control/skin/resources/controls_ru> (0x0000000089d79e58) 
thrown [t:\workspace\open\src\hotspot\share\prims\jni.cpp, line 600]
Event: 2.504 Thread 0x00000272c57bc8d0 Exception <a 'java/lang/ClassNotFoundException'{0x0000000089d7b448}: com/sun/javafx/scene/control/skin/resources/controls_ru_RU> (0x0000000089d7b448) 
thrown [t:\workspace\open\src\hotspot\share\prims\jni.cpp, line 600]
Event: 2.586 Thread 0x00000272c57bc8d0 Exception <a 'java/lang/NoSuchMethodError'{0x0000000089b3c800}: 'void java.lang.invoke.DirectMethodHandle$Holder.invokeSpecial(java.lang.Object, java.lang.Object, java.lang.Object, java.lang.Object, java.lang.Object, java.lang.Object)'> (0x0000000089b3c800) 
thrown [t:\workspace\open\src\hotspot\share\interpreter\linkResolver.cpp, line 790]
Event: 2.651 Thread 0x00000272c57bc8d0 Exception <a 'java/lang/NoSuchMethodError'{0x00000000898258a0}: 'java.lang.Object java.lang.invoke.DirectMethodHandle$Holder.invokeInterface(java.lang.Object, java.lang.Object, java.lang.Object)'> (0x00000000898258a0) 
thrown [t:\workspace\open\src\hotspot\share\interpreter\linkResolver.cpp, line 790]
Event: 2.652 Thread 0x00000272c57bc8d0 Exception <a 'java/lang/IncompatibleClassChangeError'{0x0000000089829420}: Found class java.lang.Object, but interface was expected> (0x0000000089829420) 
thrown [t:\workspace\open\src\hotspot\share\interpreter\linkResolver.cpp, line 857]
Event: 2.762 Thread 0x00000272c57bc8d0 Exception <a 'java/lang/NoSuchMethodError'{0x0000000089302ae0}: 'java.lang.Object java.lang.invoke.DirectMethodHandle$Holder.newInvokeSpecial(java.lang.Object, java.lang.Object, int)'> (0x0000000089302ae0) 
thrown [t:\workspace\open\src\hotspot\share\interpreter\linkResolver.cpp, line 790]
Event: 2.801 Thread 0x00000272c57be8b0 Exception <a 'java/lang/NoSuchMethodError'{0x00000000893df908}: 'int java.lang.invoke.DirectMethodHandle$Holder.invokeStaticInit(java.lang.Object, java.lang.Object)'> (0x00000000893df908) 
thrown [t:\workspace\open\src\hotspot\share\interpreter\linkResolver.cpp, line 790]
Event: 2.809 Thread 0x00000272c57bc8d0 Exception <a 'java/lang/NoSuchMethodError'{0x0000000089369d70}: 'long java.lang.invoke.DirectMethodHandle$Holder.invokeStatic(java.lang.Object, java.lang.Object, java.lang.Object)'> (0x0000000089369d70) 
thrown [t:\workspace\open\src\hotspot\share\interpreter\linkResolver.cpp, line 790]
Event: 2.810 Thread 0x00000272c57bc8d0 Exception <a 'java/lang/NoSuchMethodError'{0x000000008936d720}: 'long java.lang.invoke.DirectMethodHandle$Holder.invokeStaticInit(java.lang.Object, java.lang.Object, java.lang.Object)'> (0x000000008936d720) 
thrown [t:\workspace\open\src\hotspot\share\interpreter\linkResolver.cpp, line 790]
Event: 2.816 Thread 0x00000272c57bc8d0 Exception <a 'java/lang/NoSuchMethodError'{0x0000000089246510}: 'java.lang.Object java.lang.invoke.DirectMethodHandle$Holder.newInvokeSpecial(java.lang.Object, java.lang.Object, long)'> (0x0000000089246510) 
thrown [t:\workspace\open\src\hotspot\share\interpreter\linkResolver.cpp, line 790]
Event: 2.817 Thread 0x00000272c57bc8d0 Exception <a 'java/lang/NoSuchMethodError'{0x000000008924a280}: 'java.lang.Object java.lang.invoke.Invokers$Holder.linkToTargetMethod(java.lang.Object, long, java.lang.Object)'> (0x000000008924a280) 
thrown [t:\workspace\open\src\hotspot\share\interpreter\linkResolver.cpp, line 790]
Event: 7.942 Thread 0x00000272c57bc8d0 Exception <a 'java/lang/NoSuchMethodError'{0x0000000088d3fc48}: 'java.lang.Object java.lang.invoke.DirectMethodHandle$Holder.invokeInterface(java.lang.Object, java.lang.Object)'> (0x0000000088d3fc48) 
thrown [t:\workspace\open\src\hotspot\share\interpreter\linkResolver.cpp, line 790]
Event: 7.944 Thread 0x00000272c57bc8d0 Exception <a 'java/lang/NoSuchMethodError'{0x0000000088d485d0}: 'java.lang.Object java.lang.invoke.DirectMethodHandle$Holder.invokeStaticInit(java.lang.Object, java.lang.Object, java.lang.Object)'> (0x0000000088d485d0) 
thrown [t:\workspace\open\src\hotspot\share\interpreter\linkResolver.cpp, line 790]
Event: 7.951 Thread 0x00000272c57bc8d0 Exception <a 'java/lang/NoSuchMethodError'{0x0000000088d68ea0}: 'int java.lang.invoke.DirectMethodHandle$Holder.invokeSpecial(java.lang.Object, java.lang.Object, java.lang.Object)'> (0x0000000088d68ea0) 
thrown [t:\workspace\open\src\hotspot\share\interpreter\linkResolver.cpp, line 790]
Event: 9.920 Thread 0x00000272c57be8b0 Exception <a 'java/lang/NoSuchMethodError'{0x000000008a79f240}: 'java.lang.Object java.lang.invoke.DirectMethodHandle$Holder.invokeStaticInit(java.lang.Object, int)'> (0x000000008a79f240) 
thrown [t:\workspace\open\src\hotspot\share\interpreter\linkResolver.cpp, line 790]
Event: 11.428 Thread 0x00000272c57bc8d0 Implicit null exception at 0x00000272b601af9d to 0x00000272b601c6b4

Events (20 events):
Event: 11.264 loading class sun/text/SupplementaryCharacterData
Event: 11.264 loading class sun/text/SupplementaryCharacterData done
Event: 11.264 loading class java/text/BreakIterator$BreakIteratorCache
Event: 11.264 loading class java/text/BreakIterator$BreakIteratorCache done
Event: 11.388 Executing  VM operation: ICBufferFull
Event: 11.388 Executing  VM operation: ICBufferFull done
Event: 12.102 Thread 0x00000272c5e6de00 Thread exited: 0x00000272c5e6de00
Event: 12.110 Executing  VM operation: ICBufferFull
Event: 12.111 Executing  VM operation: ICBufferFull done
Event: 14.110 Executing  VM operation: Cleanup
Event: 14.111 Executing  VM operation: Cleanup done
Event: 14.434 loading class jdk/internal/misc/Signal$1
Event: 14.435 loading class jdk/internal/misc/Signal$1 done
Event: 14.435 Thread 0x00000272c57bc380 Thread added: 0x00000272c57bc380
Event: 14.436 Thread 0x00000272c4d37fb0 Thread added: 0x00000272c4d37fb0
Event: 14.436 Thread 0x00000272c4d35a80 Thread added: 0x00000272c4d35a80
Event: 14.436 Thread 0x00000272c4d37fb0 Thread exited: 0x00000272c4d37fb0
Event: 14.438 Thread 0x00000272c4d35a80 Thread exited: 0x00000272c4d35a80
Event: 14.438 Thread 0x00000272c430e200 Thread exited: 0x00000272c430e200
Event: 14.438 Executing  VM operation: Exit


Dynamic libraries:
0x00007ff629460000 - 0x00007ff629470000 	C:\Program Files\Java\jdk-16.0.2\bin\java.exe
0x00007ffff7350000 - 0x00007ffff7545000 	C:\Windows\SYSTEM32\ntdll.dll
0x00007ffff5b70000 - 0x00007ffff5c2e000 	C:\Windows\System32\KERNEL32.DLL
0x00007ffff4e00000 - 0x00007ffff50c8000 	C:\Windows\System32\KERNELBASE.dll
0x00007ffff5150000 - 0x00007ffff5250000 	C:\Windows\System32\ucrtbase.dll
0x00007fffecfb0000 - 0x00007fffecfc9000 	C:\Program Files\Java\jdk-16.0.2\bin\VCRUNTIME140.dll
0x00007fffecee0000 - 0x00007fffecef8000 	C:\Program Files\Java\jdk-16.0.2\bin\jli.dll
0x00007ffff58b0000 - 0x00007ffff595e000 	C:\Windows\System32\ADVAPI32.dll
0x00007ffff5390000 - 0x00007ffff542e000 	C:\Windows\System32\msvcrt.dll
0x00007ffff6e60000 - 0x00007ffff6efc000 	C:\Windows\System32\sechost.dll
0x00007ffff6840000 - 0x00007ffff6965000 	C:\Windows\System32\RPCRT4.dll
0x00007ffff5540000 - 0x00007ffff56e1000 	C:\Windows\System32\USER32.dll
0x00007ffff50d0000 - 0x00007ffff50f2000 	C:\Windows\System32\win32u.dll
0x00007ffff5880000 - 0x00007ffff58ab000 	C:\Windows\System32\GDI32.dll
0x00007fffe7d10000 - 0x00007fffe7faa000 	C:\Windows\WinSxS\amd64_microsoft.windows.common-controls_6595b64144ccf1df_6.0.19041.1110_none_60b5254171f9507e\COMCTL32.dll
0x00007ffff4a60000 - 0x00007ffff4b6d000 	C:\Windows\System32\gdi32full.dll
0x00007ffff4c00000 - 0x00007ffff4c9d000 	C:\Windows\System32\msvcp_win.dll
0x00007fffeeea0000 - 0x00007fffeeeaa000 	C:\Windows\SYSTEM32\VERSION.dll
0x00007ffff6f00000 - 0x00007ffff6f30000 	C:\Windows\System32\IMM32.DLL
0x00007fffeea00000 - 0x00007fffeea0c000 	C:\Program Files\Java\jdk-16.0.2\bin\vcruntime140_1.dll
0x00007fffd58b0000 - 0x00007fffd5941000 	C:\Program Files\Java\jdk-16.0.2\bin\msvcp140.dll
0x00007fffac140000 - 0x00007fffacceb000 	C:\Program Files\Java\jdk-16.0.2\bin\server\jvm.dll
0x00007ffff5cf0000 - 0x00007ffff5cf8000 	C:\Windows\System32\PSAPI.DLL
0x00007fffe4a60000 - 0x00007fffe4a69000 	C:\Windows\SYSTEM32\WSOCK32.dll
0x00007ffff5e20000 - 0x00007ffff5e8b000 	C:\Windows\System32\WS2_32.dll
0x00007fffeaef0000 - 0x00007fffeaf17000 	C:\Windows\SYSTEM32\WINMM.dll
0x00007ffff3330000 - 0x00007ffff3342000 	C:\Windows\SYSTEM32\kernel.appcore.dll
0x00007fffee7b0000 - 0x00007fffee7ba000 	C:\Program Files\Java\jdk-16.0.2\bin\jimage.dll
0x00007ffff3000000 - 0x00007ffff31e4000 	C:\Windows\SYSTEM32\DBGHELP.DLL
0x00007fffec910000 - 0x00007fffec93c000 	C:\Windows\SYSTEM32\dbgcore.DLL
0x00007ffff4b70000 - 0x00007ffff4bf2000 	C:\Windows\System32\bcryptPrimitives.dll
0x00007fffee1c0000 - 0x00007fffee1ce000 	C:\Program Files\Java\jdk-16.0.2\bin\instrument.dll
0x00007fffeb820000 - 0x00007fffeb845000 	C:\Program Files\Java\jdk-16.0.2\bin\java.dll
0x00007ffff6020000 - 0x00007ffff6764000 	C:\Windows\System32\SHELL32.dll
0x00007ffff2850000 - 0x00007ffff2fe5000 	C:\Windows\SYSTEM32\windows.storage.dll
0x00007ffff6fb0000 - 0x00007ffff7305000 	C:\Windows\System32\combase.dll
0x00007ffff4440000 - 0x00007ffff446e000 	C:\Windows\SYSTEM32\Wldp.dll
0x00007ffff5490000 - 0x00007ffff553d000 	C:\Windows\System32\SHCORE.dll
0x00007ffff5820000 - 0x00007ffff5875000 	C:\Windows\System32\shlwapi.dll
0x00007ffff49a0000 - 0x00007ffff49bf000 	C:\Windows\SYSTEM32\profapi.dll
0x00007fffebf00000 - 0x00007fffebf19000 	C:\Program Files\Java\jdk-16.0.2\bin\net.dll
0x00007fffea5f0000 - 0x00007fffea6fc000 	C:\Windows\SYSTEM32\WINHTTP.dll
0x00007ffff4140000 - 0x00007ffff41aa000 	C:\Windows\system32\mswsock.dll
0x00007fffeb800000 - 0x00007fffeb813000 	C:\Program Files\Java\jdk-16.0.2\bin\nio.dll
0x00007fffe5c80000 - 0x00007fffe5c98000 	C:\Program Files\Java\jdk-16.0.2\bin\zip.dll
0x00007fffde130000 - 0x00007fffde14a000 	C:\Program Files\JetBrains\IntelliJ IDEA 2021.2.1\bin\breakgen64.dll
0x00000272a4bc0000 - 0x00000272a4bc3000 	C:\javafx-sdk-11.0.2\bin\api-ms-win-core-console-l1-1-0.dll
0x00000272a4bd0000 - 0x00000272a4bd3000 	C:\javafx-sdk-11.0.2\bin\api-ms-win-core-datetime-l1-1-0.dll
0x00000272a6c00000 - 0x00000272a6c03000 	C:\javafx-sdk-11.0.2\bin\api-ms-win-core-debug-l1-1-0.dll
0x00000272a6c10000 - 0x00000272a6c13000 	C:\javafx-sdk-11.0.2\bin\api-ms-win-core-errorhandling-l1-1-0.dll
0x00000272a6c20000 - 0x00000272a6c24000 	C:\javafx-sdk-11.0.2\bin\api-ms-win-core-file-l1-1-0.dll
0x00000272a6c30000 - 0x00000272a6c33000 	C:\javafx-sdk-11.0.2\bin\api-ms-win-core-file-l1-2-0.dll
0x00000272a6c40000 - 0x00000272a6c43000 	C:\javafx-sdk-11.0.2\bin\api-ms-win-core-file-l2-1-0.dll
0x00000272a6c50000 - 0x00000272a6c53000 	C:\javafx-sdk-11.0.2\bin\api-ms-win-core-handle-l1-1-0.dll
0x00000272a6c60000 - 0x00000272a6c63000 	C:\javafx-sdk-11.0.2\bin\api-ms-win-core-heap-l1-1-0.dll
0x00000272a6c70000 - 0x00000272a6c73000 	C:\javafx-sdk-11.0.2\bin\api-ms-win-core-interlocked-l1-1-0.dll
0x00000272c43c0000 - 0x00000272c43c3000 	C:\javafx-sdk-11.0.2\bin\api-ms-win-core-libraryloader-l1-1-0.dll
0x00000272c43d0000 - 0x00000272c43d3000 	C:\javafx-sdk-11.0.2\bin\api-ms-win-core-localization-l1-2-0.dll
0x00000272c43e0000 - 0x00000272c43e3000 	C:\javafx-sdk-11.0.2\bin\api-ms-win-core-memory-l1-1-0.dll
0x00000272c43f0000 - 0x00000272c43f3000 	C:\javafx-sdk-11.0.2\bin\api-ms-win-core-namedpipe-l1-1-0.dll
0x00000272c68e0000 - 0x00000272c68e3000 	C:\javafx-sdk-11.0.2\bin\api-ms-win-core-processenvironment-l1-1-0.dll
0x00000272c68f0000 - 0x00000272c68f3000 	C:\javafx-sdk-11.0.2\bin\api-ms-win-core-processthreads-l1-1-0.dll
0x00000272c6900000 - 0x00000272c6903000 	C:\javafx-sdk-11.0.2\bin\api-ms-win-core-processthreads-l1-1-1.dll
0x00000272c6910000 - 0x00000272c6913000 	C:\javafx-sdk-11.0.2\bin\api-ms-win-core-profile-l1-1-0.dll
0x00000272c6920000 - 0x00000272c6923000 	C:\javafx-sdk-11.0.2\bin\api-ms-win-core-rtlsupport-l1-1-0.dll
0x00000272c6930000 - 0x00000272c6933000 	C:\javafx-sdk-11.0.2\bin\api-ms-win-core-string-l1-1-0.dll
0x00000272c6cb0000 - 0x00000272c6cb3000 	C:\javafx-sdk-11.0.2\bin\api-ms-win-core-synch-l1-1-0.dll
0x00000272c6cc0000 - 0x00000272c6cc3000 	C:\javafx-sdk-11.0.2\bin\api-ms-win-core-synch-l1-2-0.dll
0x00000272c6cd0000 - 0x00000272c6cd3000 	C:\javafx-sdk-11.0.2\bin\api-ms-win-core-sysinfo-l1-1-0.dll
0x00000272c6ce0000 - 0x00000272c6ce3000 	C:\javafx-sdk-11.0.2\bin\api-ms-win-core-timezone-l1-1-0.dll
0x00000272c6940000 - 0x00000272c6943000 	C:\javafx-sdk-11.0.2\bin\api-ms-win-core-util-l1-1-0.dll
0x00000272c6950000 - 0x00000272c6953000 	C:\javafx-sdk-11.0.2\bin\api-ms-win-crt-conio-l1-1-0.dll
0x00000272c6960000 - 0x00000272c6964000 	C:\javafx-sdk-11.0.2\bin\api-ms-win-crt-convert-l1-1-0.dll
0x00000272c6970000 - 0x00000272c6973000 	C:\javafx-sdk-11.0.2\bin\api-ms-win-crt-environment-l1-1-0.dll
0x00000272c6980000 - 0x00000272c6983000 	C:\javafx-sdk-11.0.2\bin\api-ms-win-crt-filesystem-l1-1-0.dll
0x00000272c6990000 - 0x00000272c6993000 	C:\javafx-sdk-11.0.2\bin\api-ms-win-crt-heap-l1-1-0.dll
0x00000272c69a0000 - 0x00000272c69a3000 	C:\javafx-sdk-11.0.2\bin\api-ms-win-crt-locale-l1-1-0.dll
0x00000272c69b0000 - 0x00000272c69b5000 	C:\javafx-sdk-11.0.2\bin\api-ms-win-crt-math-l1-1-0.dll
0x00000272c69c0000 - 0x00000272c69c5000 	C:\javafx-sdk-11.0.2\bin\api-ms-win-crt-multibyte-l1-1-0.dll
0x00000272c69d0000 - 0x00000272c69e0000 	C:\javafx-sdk-11.0.2\bin\api-ms-win-crt-private-l1-1-0.dll
0x00000272c69e0000 - 0x00000272c69e3000 	C:\javafx-sdk-11.0.2\bin\api-ms-win-crt-process-l1-1-0.dll
0x00000272c69f0000 - 0x00000272c69f4000 	C:\javafx-sdk-11.0.2\bin\api-ms-win-crt-runtime-l1-1-0.dll
0x00000272c6a00000 - 0x00000272c6a04000 	C:\javafx-sdk-11.0.2\bin\api-ms-win-crt-stdio-l1-1-0.dll
0x00000272c6a10000 - 0x00000272c6a14000 	C:\javafx-sdk-11.0.2\bin\api-ms-win-crt-string-l1-1-0.dll
0x00000272c6a20000 - 0x00000272c6a23000 	C:\javafx-sdk-11.0.2\bin\api-ms-win-crt-time-l1-1-0.dll
0x00000272c6a30000 - 0x00000272c6a33000 	C:\javafx-sdk-11.0.2\bin\api-ms-win-crt-utility-l1-1-0.dll
0x00007fffc4030000 - 0x00007fffc412a000 	C:\javafx-sdk-11.0.2\bin\ucrtbase.dll
0x00007fffd5ad0000 - 0x00007fffd5ae6000 	C:\javafx-sdk-11.0.2\bin\vcruntime140.dll
0x00007fffbe370000 - 0x00007fffbe416000 	C:\javafx-sdk-11.0.2\bin\msvcp140.dll
0x00007fffcd770000 - 0x00007fffcd7c1000 	C:\javafx-sdk-11.0.2\bin\concrt140.dll
0x00007fffc4ac0000 - 0x00007fffc4ae3000 	C:\javafx-sdk-11.0.2\bin\prism_d3d.dll
0x00007fffbe0e0000 - 0x00007fffbe2b0000 	C:\Windows\system32\d3d9.dll
0x00007ffff24a0000 - 0x00007ffff24cf000 	C:\Windows\SYSTEM32\dwmapi.dll
0x00007ffff2040000 - 0x00007ffff20de000 	C:\Windows\system32\uxtheme.dll
0x00007ffff5250000 - 0x00007ffff5277000 	C:\Windows\System32\bcrypt.dll
0x00007ffff56f0000 - 0x00007ffff581a000 	C:\Windows\System32\ole32.dll
0x00007ffff6770000 - 0x00007ffff683d000 	C:\Windows\System32\OLEAUT32.dll
0x00007ffff5100000 - 0x00007ffff514e000 	C:\Windows\System32\cfgmgr32.dll
0x00007fffc4580000 - 0x00007fffc45c5000 	C:\javafx-sdk-11.0.2\bin\glass.dll
0x00007ffff5e90000 - 0x00007ffff5f6a000 	C:\Windows\System32\COMDLG32.dll
0x00007ffff5d00000 - 0x00007ffff5e15000 	C:\Windows\System32\MSCTF.dll
0x00007fffda010000 - 0x00007fffda04b000 	C:\Windows\SYSTEM32\dxcore.dll
0x00007fffd48b0000 - 0x00007fffd48c4000 	C:\javafx-sdk-11.0.2\bin\javafx_font.dll
0x00007fffd7110000 - 0x00007fffd7393000 	C:\Windows\SYSTEM32\dwrite.dll
0x00007ffff5c30000 - 0x00007ffff5cd9000 	C:\Windows\System32\clbcatq.dll
0x00007fffdc5e0000 - 0x00007fffdc794000 	C:\Windows\SYSTEM32\WindowsCodecs.dll
0x00007fffcbdb0000 - 0x00007fffcbdee000 	C:\Windows\system32\dataexchange.dll
0x00007ffff01d0000 - 0x00007ffff0434000 	C:\Windows\system32\d3d11.dll
0x00007ffff1060000 - 0x00007ffff1245000 	C:\Windows\system32\dcomp.dll
0x00007ffff3350000 - 0x00007ffff3444000 	C:\Windows\system32\dxgi.dll
0x00007fffec610000 - 0x00007fffec811000 	C:\Windows\system32\twinapi.appcore.dll
0x00007fffc41d0000 - 0x00007fffc4204000 	C:\Program Files\Common Files\Microsoft Shared\Ink\rtscom.dll
0x00007fffde6f0000 - 0x00007fffde7e9000 	C:\Windows\SYSTEM32\textinputframework.dll
0x00007ffff15d0000 - 0x00007ffff192e000 	C:\Windows\System32\CoreUIComponents.dll
0x00007ffff1930000 - 0x00007ffff1a22000 	C:\Windows\System32\CoreMessaging.dll
0x00007ffff3750000 - 0x00007ffff3783000 	C:\Windows\SYSTEM32\ntmarta.dll
0x00007ffff0eb0000 - 0x00007ffff1004000 	C:\Windows\SYSTEM32\wintypes.dll
0x00007fffe5eb0000 - 0x00007fffe5eb9000 	C:\Program Files\Java\jdk-16.0.2\bin\management.dll
0x00007fffe5c70000 - 0x00007fffe5c7b000 	C:\Program Files\Java\jdk-16.0.2\bin\management_ext.dll

dbghelp: loaded successfully - version: 4.0.5 - missing functions: none
symbol engine: initialized successfully - sym options: 0x614 - pdb path: .;C:\Program Files\Java\jdk-16.0.2\bin;C:\Windows\SYSTEM32;C:\Windows\WinSxS\amd64_microsoft.windows.common-controls_6595b64144ccf1df_6.0.19041.1110_none_60b5254171f9507e;C:\Program Files\Java\jdk-16.0.2\bin\server;C:\Program Files\JetBrains\IntelliJ IDEA 2021.2.1\bin;C:\javafx-sdk-11.0.2\bin;C:\Windows\System32\DriverStore\FileRepository\iigd_dch.inf_amd64_e9b40d45ab4dc6b8;C:\Program Files\Common Files\Microsoft Shared\Ink

VM Arguments:
jvm_args: --module-path=C:/javafx-sdk-11.0.2/lib --add-modules=javafx.controls,javafx.fxml -javaagent:C:\Program Files\JetBrains\IntelliJ IDEA 2021.2.1\lib\idea_rt.jar=57343:C:\Program Files\JetBrains\IntelliJ IDEA 2021.2.1\bin -Dfile.encoding=UTF-8 
java_command: forms.Main
java_class_path (initial): C:\java\Polyclinic\out\production\Polyclinic;C:\javafx-sdk-11.0.2\lib\src.zip;C:\javafx-sdk-11.0.2\lib\javafx-swt.jar;C:\javafx-sdk-11.0.2\lib\javafx.web.jar;C:\javafx-sdk-11.0.2\lib\javafx.base.jar;C:\javafx-sdk-11.0.2\lib\javafx.fxml.jar;C:\javafx-sdk-11.0.2\lib\javafx.media.jar;C:\javafx-sdk-11.0.2\lib\javafx.swing.jar;C:\javafx-sdk-11.0.2\lib\javafx.controls.jar;C:\javafx-sdk-11.0.2\lib\javafx.graphics.jar;C:\java\Polyclinic\src\resources\postgresql-42.3.1 (1).jar
Launcher Type: SUN_STANDARD

[Global flags]
     intx CICompilerCount                          = 3                                         {product} {ergonomic}
     uint ConcGCThreads                            = 1                                         {product} {ergonomic}
     uint G1ConcRefinementThreads                  = 4                                         {product} {ergonomic}
   size_t G1HeapRegionSize                         = 1048576                                   {product} {ergonomic}
    uintx GCDrainStackTargetSize                   = 64                                        {product} {ergonomic}
   size_t InitialHeapSize                          = 132120576                                 {product} {ergonomic}
   size_t MarkStackSize                            = 4194304                                   {product} {ergonomic}
   size_t MaxHeapSize                              = 2101346304                                {product} {ergonomic}
   size_t MaxNewSize                               = 1260388352                                {product} {ergonomic}
   size_t MinHeapDeltaBytes                        = 1048576                                   {product} {ergonomic}
   size_t MinHeapSize                              = 8388608                                   {product} {ergonomic}
    uintx NonNMethodCodeHeapSize                   = 5832780                                {pd product} {ergonomic}
    uintx NonProfiledCodeHeapSize                  = 122912730                              {pd product} {ergonomic}
    uintx ProfiledCodeHeapSize                     = 122912730                              {pd product} {ergonomic}
    uintx ReservedCodeCacheSize                    = 251658240                              {pd product} {ergonomic}
     bool SegmentedCodeCache                       = true                                      {product} {ergonomic}
   size_t SoftMaxHeapSize                          = 2101346304                             {manageable} {ergonomic}
     bool UseCompressedClassPointers               = true                           {product lp64_product} {ergonomic}
     bool UseCompressedOops                        = true                           {product lp64_product} {ergonomic}
     bool UseG1GC                                  = true                                      {product} {ergonomic}
     bool UseLargePagesIndividualAllocation        = false                                  {pd product} {ergonomic}

Logging:
Log output configuration:
 #0: stdout all=off uptime,level,tags
 #1: stderr all=off uptime,level,tags

Environment Variables:
PATH=C:\Program Files\Common Files\Oracle\Java\javapath;C:\Program Files (x86)\Common Files\Oracle\Java\javapath;C:\Windows\system32;C:\Windows;C:\Windows\System32\Wbem;C:\Windows\System32\WindowsPowerShell\v1.0\;C:\Windows\System32\OpenSSH\;C:\Program Files\dotnet\;C:\Users\Kate\AppData\Local\Microsoft\WindowsApps;;C:\Program Files\JetBrains\IntelliJ IDEA 2021.2.1\bin;;C:\Users\Kate\.dotnet\tools
USERNAME=Kate
OS=Windows_NT
PROCESSOR_IDENTIFIER=Intel64 Family 6 Model 122 Stepping 1, GenuineIntel



---------------  S Y S T E M  ---------------

OS:
 Windows 10 , 64 bit Build 19041 (10.0.19041.1466)
OS uptime: 18 days 0:02 hours

CPU: total 4 (initial active 4) (4 cores per cpu, 1 threads per core) family 6 model 122 stepping 1 microcode 0x2e, cx8, cmov, fxsr, mmx, 3dnowpref, sse, sse2, sse3, ssse3, sse4.1, sse4.2, popcnt, tsc, tscinvbit, aes, erms, clmul, sha, clflush, clflushopt

Memory: 4k page, system-wide physical 8014M (1884M free)
TotalPageFile size 11261M (AvailPageFile size 1966M)
current process WorkingSet (physical memory assigned to process): 154M, peak: 174M
current process commit charge ("private bytes"): 268M, peak: 289M

vm_info: Java HotSpot(TM) 64-Bit Server VM (16.0.2+7-67) for windows-amd64 JRE (16.0.2+7-67), built on Jun  8 2021 23:24:19 by "mach5one" with MS VC++ 16.7 (VS2019)

END.
