#
# A fatal error has been detected by the Java Runtime Environment:
#
#  EXCEPTION_ACCESS_VIOLATION (0xc0000005) at pc=0x00007ffe1e446ab7, pid=12900, tid=8420
#
# JRE version: Java(TM) SE Runtime Environment (16.0.2+7) (build 16.0.2+7-67)
# Java VM: Java HotSpot(TM) 64-Bit Server VM (16.0.2+7-67, mixed mode, sharing, tiered, compressed oops, compressed class ptrs, g1 gc, windows-amd64)
# Problematic frame:
# C  [glass.dll+0x26ab7]
#
# No core dump will be written. Minidumps are not enabled by default on client versions of Windows
#
# If you would like to submit a bug report, please visit:
#   https://bugreport.java.com/bugreport/crash.jsp
#

---------------  S U M M A R Y ------------

Command Line: --module-path=C:/javafx-sdk-17.0.2/lib --add-modules=javafx.controls,javafx.fxml -javaagent:C:\Program Files\JetBrains\IntelliJ IDEA 2021.3.3\lib\idea_rt.jar=61371:C:\Program Files\JetBrains\IntelliJ IDEA 2021.3.3\bin -Dfile.encoding=UTF-8 forms.Main

Host: Intel(R) Pentium(R) Silver N5000 CPU @ 1.10GHz, 4 cores, 7G,  Windows 10 , 64 bit Build 19041 (10.0.19041.1566)
Time: Mon Apr  4 13:17:16 2022 RTZ 2 (s 10 , 64 bit Build 19041 (10.0.19041.1566) elapsed time: 39.789805 seconds (0d 0h 0m 39s)

---------------  T H R E A D  ---------------

Current thread (0x000001fae1878ff0):  VMThread "VM Thread" [stack: 0x000000aed8500000,0x000000aed8600000] [id=8420]

Stack: [0x000000aed8500000,0x000000aed8600000],  sp=0x000000aed85fec40,  free space=1019k
Native frames: (J=compiled Java code, j=interpreted, Vv=VM code, C=native code)
C  [glass.dll+0x26ab7]


siginfo: EXCEPTION_ACCESS_VIOLATION (0xc0000005), reading address 0x0000000000000000


Register to memory mapping:

RIP=0x00007ffe1e446ab7 glass.dll
RAX=0x0 is NULL
RBX=0x000001fae188e5e0 is a global jni handle
RCX=0x000001fae1878ff0 points into unknown readable memory: 0x00007ffe05cef638 | 38 f6 ce 05 fe 7f 00 00
RDX=0x000000aed85fec40 points into unknown readable memory: 0x0000000000000000 | 00 00 00 00 00 00 00 00
RSP=0x000000aed85fec40 points into unknown readable memory: 0x0000000000000000 | 00 00 00 00 00 00 00 00
RBP=0x000001fae38fe858 points into unknown readable memory: 0x0000e0aae3c9eb30 | 30 eb c9 e3 aa e0 00 00
RSI=0x000001fae38fe830 points into unknown readable memory: 0x3e9ce0aa9c37f574 | 74 f5 37 9c aa e0 9c 3e
RDI=0x0000e0aae3c9eb30 is an unknown value
R8 =0x0000000000010002 is an unknown value
R9 =0x0000e0aae3c9eb30 is an unknown value
R10=0x0000000000008000 is an unknown value
R11=0x000000aed85febd0 points into unknown readable memory: 0x0000000000000000 | 00 00 00 00 00 00 00 00
R12=0x00007ffe1e444384 glass.dll
R13=0x000001fac426d510 points into unknown readable memory: 0x8000000900000001 | 01 00 00 00 09 00 00 80
R14=0x000000aed85fed38 points into unknown readable memory: 0x000000aed85fed20 | 20 ed 5f d8 ae 00 00 00
R15=0x000001fae38fe830 points into unknown readable memory: 0x3e9ce0aa9c37f574 | 74 f5 37 9c aa e0 9c 3e


Registers:
RAX=0x0000000000000000, RBX=0x000001fae188e5e0, RCX=0x000001fae1878ff0, RDX=0x000000aed85fec40
RSP=0x000000aed85fec40, RBP=0x000001fae38fe858, RSI=0x000001fae38fe830, RDI=0x0000e0aae3c9eb30
R8 =0x0000000000010002, R9 =0x0000e0aae3c9eb30, R10=0x0000000000008000, R11=0x000000aed85febd0
R12=0x00007ffe1e444384, R13=0x000001fac426d510, R14=0x000000aed85fed38, R15=0x000001fae38fe830
RIP=0x00007ffe1e446ab7, EFLAGS=0x0000000000010202

Top of Stack: (sp=0x000000aed85fec40)
0x000000aed85fec40:   0000000000000000 000001fae38fe830
0x000000aed85fec50:   000001fac426d510 00007ffe1e444384
0x000000aed85fec60:   000001fae38fe838 00007ffe4ef142d6
0x000000aed85fec70:   0000e0aae3c9eb30 000001fa00000000
0x000000aed85fec80:   000001fae38fe858 000001fae38fe830
0x000000aed85fec90:   fffffffffffffffe 0000000000000000
0x000000aed85feca0:   0000000000000001 00007ffe1e420000
0x000000aed85fecb0:   000000aed85fed28 00007ffe4ef141fb
0x000000aed85fecc0:   0000000000000000 000000aed85fed38
0x000000aed85fecd0:   000000aed85ff000 00007ffe4eff0e40
0x000000aed85fece0:   0000000000000001 00007ffe4ef141b4
0x000000aed85fecf0:   0000000000000000 0000000000000001
0x000000aed85fed00:   00007ffe00000001 000000aed85fed28
0x000000aed85fed10:   0000000000000000 00007ffe1e444211
0x000000aed85fed20:   00007ffe1e45a138 00007ffe00000002
0x000000aed85fed30:   0000000000000002 000000aed85fed20 

Instructions: (pc=0x00007ffe1e446ab7)
0x00007ffe1e4469b7:   8b 4d 58 e8 01 cf ff ff 48 8b 4d 60 e8 f8 ce ff
0x00007ffe1e4469c7:   ff 48 8b 95 80 00 00 00 48 8b 8d 18 01 00 00 e8
0x00007ffe1e4469d7:   c6 c3 ff ff 33 d2 33 c9 e8 3c e1 ff ff 90 48 89
0x00007ffe1e4469e7:   54 24 10 55 48 83 ec 20 48 8b ea 48 b8 00 00 00
0x00007ffe1e4469f7:   00 00 00 00 00 48 83 c4 20 5d c3 cc 40 55 48 8b
0x00007ffe1e446a07:   ea 48 8b 01 33 c9 81 38 05 00 00 c0 0f 94 c1 8b
0x00007ffe1e446a17:   c1 5d c3 cc 40 55 48 83 ec 20 48 8b ea 8a 4d 40
0x00007ffe1e446a27:   48 83 c4 20 5d e9 f7 d2 ff ff cc 40 55 48 83 ec
0x00007ffe1e446a37:   20 48 8b ea 8a 4d 20 e8 e5 d2 ff ff 90 48 83 c4
0x00007ffe1e446a47:   20 5d c3 cc 40 55 48 83 ec 20 48 8b ea 48 83 c4
0x00007ffe1e446a57:   20 5d e9 46 d1 ff ff cc 40 55 48 83 ec 30 48 8b
0x00007ffe1e446a67:   ea 48 8b 01 8b 10 48 89 4c 24 28 89 54 24 20 4c
0x00007ffe1e446a77:   8d 0d e7 d5 ff ff 4c 8b 45 70 8b 55 68 48 8b 4d
0x00007ffe1e446a87:   60 e8 87 d0 ff ff 90 48 83 c4 30 5d c3 cc cc cc
0x00007ffe1e446a97:   cc cc cc cc cc cc cc cc cc 40 53 48 83 ec 20 48
0x00007ffe1e446aa7:   8b 1d 83 30 01 00 48 85 db 74 16 e8 09 8b ff ff
0x00007ffe1e446ab7:   4c 8b 00 48 8b d3 48 8b c8 41 ff 90 b0 00 00 00
0x00007ffe1e446ac7:   90 48 83 c4 20 5b c3 cc cc 40 53 48 83 ec 20 48
0x00007ffe1e446ad7:   8b 1d fb 31 01 00 48 85 db 74 57 b8 ff ff ff ff
0x00007ffe1e446ae7:   f0 0f c1 43 10 83 f8 01 75 3d 48 85 db 74 38 48
0x00007ffe1e446af7:   8b 0b 48 85 c9 74 0d ff 15 a4 07 00 00 48 c7 03
0x00007ffe1e446b07:   00 00 00 00 48 8b 4b 08 48 85 c9 74 0d e8 a7 cd
0x00007ffe1e446b17:   ff ff 48 c7 43 08 00 00 00 00 ba 18 00 00 00 48
0x00007ffe1e446b27:   8b cb e8 92 cd ff ff 48 c7 05 9f 31 01 00 00 00
0x00007ffe1e446b37:   00 00 48 83 c4 20 5b c3 cc 40 53 48 83 ec 20 48
0x00007ffe1e446b47:   8b 1d 6b 31 01 00 48 85 db 74 57 b8 ff ff ff ff
0x00007ffe1e446b57:   f0 0f c1 43 10 83 f8 01 75 3d 48 85 db 74 38 48
0x00007ffe1e446b67:   8b 0b 48 85 c9 74 0d ff 15 34 07 00 00 48 c7 03
0x00007ffe1e446b77:   00 00 00 00 48 8b 4b 08 48 85 c9 74 0d e8 37 cd
0x00007ffe1e446b87:   ff ff 48 c7 43 08 00 00 00 00 ba 18 00 00 00 48
0x00007ffe1e446b97:   8b cb e8 22 cd ff ff 48 c7 05 0f 31 01 00 00 00
0x00007ffe1e446ba7:   00 00 48 83 c4 20 5b c3 cc 40 53 48 83 ec 20 48 


Stack slot to memory mapping:
stack at sp + 0 slots: 0x0 is NULL
stack at sp + 1 slots: 0x000001fae38fe830 points into unknown readable memory: 0x3e9ce0aa9c37f574 | 74 f5 37 9c aa e0 9c 3e
stack at sp + 2 slots: 0x000001fac426d510 points into unknown readable memory: 0x8000000900000001 | 01 00 00 00 09 00 00 80
stack at sp + 3 slots: 0x00007ffe1e444384 glass.dll
stack at sp + 4 slots: 0x000001fae38fe838 points into unknown readable memory: 0x0000e0aae3c9eb30 | 30 eb c9 e3 aa e0 00 00
stack at sp + 5 slots: 0x00007ffe4ef142d6 ucrtbase.dll
stack at sp + 6 slots: 0x0000e0aae3c9eb30 is an unknown value
stack at sp + 7 slots: 0x000001fa00000000 is an unknown value

VM_Operation (0x000000aeda4ff320): Exit, mode: safepoint, requested by thread 0x000001fae3ab8c70


---------------  P R O C E S S  ---------------

Threads class SMR info:
_java_thread_list=0x000001fae3cb02b0, length=20, elements={
0x000001fac421b950, 0x000001fae187ec50, 0x000001fae18809c0, 0x000001fae1897f30,
0x000001fae1898930, 0x000001fae1899330, 0x000001fae189b120, 0x000001fae18a1630,
0x000001fae1919ad0, 0x000001fae185d9a0, 0x000001fae33942c0, 0x000001fae2798400,
0x000001fae2f9eb80, 0x000001fae397a490, 0x000001fae378e0b0, 0x000001fae2f525e0,
0x000001fae33dc690, 0x000001fae3ab8720, 0x000001fae3aba700, 0x000001fae3ab8c70
}

Java Threads: ( => current thread )
  0x000001fac421b950 JavaThread "main" [_thread_blocked, id=16420, stack(0x000000aed7f00000,0x000000aed8000000)]
  0x000001fae187ec50 JavaThread "Reference Handler" daemon [_thread_blocked, id=4972, stack(0x000000aed8600000,0x000000aed8700000)]
  0x000001fae18809c0 JavaThread "Finalizer" daemon [_thread_blocked, id=16560, stack(0x000000aed8700000,0x000000aed8800000)]
  0x000001fae1897f30 JavaThread "Attach Listener" daemon [_thread_blocked, id=17424, stack(0x000000aed8900000,0x000000aed8a00000)]
  0x000001fae1898930 JavaThread "Service Thread" daemon [_thread_blocked, id=13576, stack(0x000000aed8a00000,0x000000aed8b00000)]
  0x000001fae1899330 JavaThread "Monitor Deflation Thread" daemon [_thread_blocked, id=21176, stack(0x000000aed8b00000,0x000000aed8c00000)]
  0x000001fae189b120 JavaThread "C2 CompilerThread0" daemon [_thread_blocked, id=9624, stack(0x000000aed8c00000,0x000000aed8d00000)]
  0x000001fae18a1630 JavaThread "C1 CompilerThread0" daemon [_thread_blocked, id=15528, stack(0x000000aed8d00000,0x000000aed8e00000)]
  0x000001fae1919ad0 JavaThread "Sweeper thread" daemon [_thread_blocked, id=15592, stack(0x000000aed8e00000,0x000000aed8f00000)]
  0x000001fae185d9a0 JavaThread "Common-Cleaner" daemon [_thread_blocked, id=19772, stack(0x000000aed8f00000,0x000000aed9000000)]
  0x000001fae33942c0 JavaThread "Monitor Ctrl-Break" daemon [_thread_in_native, id=9184, stack(0x000000aed9100000,0x000000aed9200000)]
  0x000001fae2798400 JavaThread "Notification Thread" daemon [_thread_blocked, id=14760, stack(0x000000aed9200000,0x000000aed9300000)]
  0x000001fae2f9eb80 JavaThread "QuantumRenderer-0" daemon [_thread_blocked, id=20508, stack(0x000000aed9400000,0x000000aed9500000)]
  0x000001fae397a490 JavaThread "InvokeLaterDispatcher" daemon [_thread_blocked, id=7972, stack(0x000000aed9800000,0x000000aed9900000)]
  0x000001fae378e0b0 JavaThread "JavaFX Application Thread" [_thread_in_native, id=8652, stack(0x000000aed9900000,0x000000aed9a00000)]
  0x000001fae2f525e0 JavaThread "JavaFX-Launcher" [_thread_blocked, id=18676, stack(0x000000aed9e00000,0x000000aed9f00000)]
  0x000001fae33dc690 JavaThread "Thread-2" daemon [_thread_in_native, id=16240, stack(0x000000aed9d00000,0x000000aed9e00000)]
  0x000001fae3ab8720 JavaThread "Prism Font Disposer" daemon [_thread_blocked, id=5976, stack(0x000000aed9000000,0x000000aed9100000)]
  0x000001fae3aba700 JavaThread "Cleaner-0" daemon [_thread_blocked, id=3472, stack(0x000000aeda200000,0x000000aeda300000)]
  0x000001fae3ab8c70 JavaThread "SIGINT handler" daemon [_thread_blocked, id=7180, stack(0x000000aeda400000,0x000000aeda500000)]

Other Threads:
=>0x000001fae1878ff0 VMThread "VM Thread" [stack: 0x000000aed8500000,0x000000aed8600000] [id=8420]
  0x000001fac4259cc0 GCTaskThread "GC Thread#0" [stack: 0x000000aed8000000,0x000000aed8100000] [id=18300]
  0x000001fae305d510 GCTaskThread "GC Thread#1" [stack: 0x000000aed9500000,0x000000aed9600000] [id=19680]
  0x000001fae2ffe4e0 GCTaskThread "GC Thread#2" [stack: 0x000000aed9600000,0x000000aed9700000] [id=2352]
  0x000001fae3713490 GCTaskThread "GC Thread#3" [stack: 0x000000aed9700000,0x000000aed9800000] [id=17144]
  0x000001fac426bfb0 ConcurrentGCThread "G1 Main Marker" terminated
  0x000001fac426ca20 ConcurrentGCThread "G1 Conc#0" [stack: 0x000000aed8200000,0x000000aed8300000] [id=13368]
  0x000001fac42e6390 ConcurrentGCThread "G1 Refine#0" terminated
  0x000001fac42e6e10 ConcurrentGCThread "G1 Service" terminated

Threads with active compile tasks:

VM state: at safepoint (shutting down)

VM Mutex/Monitor currently owned by a thread:  ([mutex/lock_event])
[0x000001fac4217f30] Threads_lock - owner thread: 0x000001fae1878ff0
[0x000001fac4216b80] Heap_lock - owner thread: 0x000001fae3ab8c70

Heap address: 0x0000000082c00000, size: 2004 MB, Compressed Oops mode: 32-bit

CDS archive(s) mapped at: [0x0000000800000000-0x0000000800bb0000-0x0000000800bb0000), size 12255232, SharedBaseAddress: 0x0000000800000000, ArchiveRelocationMode: 0.
Compressed class space mapped at: 0x0000000800c00000-0x0000000840c00000, reserved size: 1073741824
Narrow klass base: 0x0000000800000000, Narrow klass shift: 3, Narrow klass range: 0x100000000

GC Precious Log:
 CPUs: 4 total, 4 available
 Memory: 8014M
 Large Page Support: Disabled
 NUMA Support: Disabled
 Compressed Oops: Enabled (32-bit)
 Heap Region Size: 1M
 Heap Min Capacity: 8M
 Heap Initial Capacity: 126M
 Heap Max Capacity: 2004M
 Pre-touch: Disabled
 Parallel Workers: 4
 Concurrent Workers: 1
 Concurrent Refinement Workers: 4
 Periodic GC: Disabled

Heap:
 garbage-first heap   total 129024K, used 64056K [0x0000000082c00000, 0x0000000100000000)
  region size 1024K, 56 young (57344K), 3 survivors (3072K)
 Metaspace       used 20139K, committed 20416K, reserved 1073152K
  class space    used 2802K, committed 2944K, reserved 1048576K

Heap Regions: E=young(eden), S=young(survivor), O=old, HS=humongous(starts), HC=humongous(continues), CS=collection set, F=free, OA=open archive, CA=closed archive, TAMS=top-at-mark-start (previous, next)
|   0|0x0000000082c00000, 0x0000000082d00000, 0x0000000082d00000|100%| O|  |TAMS 0x0000000082c00000, 0x0000000082c00000| Untracked 
|   1|0x0000000082d00000, 0x0000000082e00000, 0x0000000082e00000|100%| O|  |TAMS 0x0000000082d00000, 0x0000000082d00000| Untracked 
|   2|0x0000000082e00000, 0x0000000082f00000, 0x0000000082f00000|100%| O|  |TAMS 0x0000000082e00000, 0x0000000082e00000| Untracked 
|   3|0x0000000082f00000, 0x0000000082f04200, 0x0000000083000000|  1%| O|  |TAMS 0x0000000082f00000, 0x0000000082f00000| Untracked 
|   4|0x0000000083000000, 0x0000000083100000, 0x0000000083100000|100%|HS|  |TAMS 0x0000000083000000, 0x0000000083000000| Complete 
|   5|0x0000000083100000, 0x0000000083200000, 0x0000000083200000|100%|HC|  |TAMS 0x0000000083100000, 0x0000000083100000| Complete 
|   6|0x0000000083200000, 0x0000000083300000, 0x0000000083300000|100%|HS|  |TAMS 0x0000000083200000, 0x0000000083200000| Complete 
|   7|0x0000000083300000, 0x0000000083400000, 0x0000000083400000|100%|HS|  |TAMS 0x0000000083300000, 0x0000000083300000| Complete 
|   8|0x0000000083400000, 0x0000000083500000, 0x0000000083500000|100%|HC|  |TAMS 0x0000000083400000, 0x0000000083400000| Complete 
|   9|0x0000000083500000, 0x0000000083500000, 0x0000000083600000|  0%| F|  |TAMS 0x0000000083500000, 0x0000000083500000| Untracked 
|  10|0x0000000083600000, 0x0000000083600000, 0x0000000083700000|  0%| F|  |TAMS 0x0000000083600000, 0x0000000083600000| Untracked 
|  11|0x0000000083700000, 0x0000000083700000, 0x0000000083800000|  0%| F|  |TAMS 0x0000000083700000, 0x0000000083700000| Untracked 
|  12|0x0000000083800000, 0x0000000083800000, 0x0000000083900000|  0%| F|  |TAMS 0x0000000083800000, 0x0000000083800000| Untracked 
|  13|0x0000000083900000, 0x0000000083900000, 0x0000000083a00000|  0%| F|  |TAMS 0x0000000083900000, 0x0000000083900000| Untracked 
|  14|0x0000000083a00000, 0x0000000083a00000, 0x0000000083b00000|  0%| F|  |TAMS 0x0000000083a00000, 0x0000000083a00000| Untracked 
|  15|0x0000000083b00000, 0x0000000083b00000, 0x0000000083c00000|  0%| F|  |TAMS 0x0000000083b00000, 0x0000000083b00000| Untracked 
|  16|0x0000000083c00000, 0x0000000083c00000, 0x0000000083d00000|  0%| F|  |TAMS 0x0000000083c00000, 0x0000000083c00000| Untracked 
|  17|0x0000000083d00000, 0x0000000083d00000, 0x0000000083e00000|  0%| F|  |TAMS 0x0000000083d00000, 0x0000000083d00000| Untracked 
|  18|0x0000000083e00000, 0x0000000083e00000, 0x0000000083f00000|  0%| F|  |TAMS 0x0000000083e00000, 0x0000000083e00000| Untracked 
|  19|0x0000000083f00000, 0x0000000083f00000, 0x0000000084000000|  0%| F|  |TAMS 0x0000000083f00000, 0x0000000083f00000| Untracked 
|  20|0x0000000084000000, 0x0000000084000000, 0x0000000084100000|  0%| F|  |TAMS 0x0000000084000000, 0x0000000084000000| Untracked 
|  21|0x0000000084100000, 0x0000000084100000, 0x0000000084200000|  0%| F|  |TAMS 0x0000000084100000, 0x0000000084100000| Untracked 
|  22|0x0000000084200000, 0x0000000084200000, 0x0000000084300000|  0%| F|  |TAMS 0x0000000084200000, 0x0000000084200000| Untracked 
|  23|0x0000000084300000, 0x0000000084300000, 0x0000000084400000|  0%| F|  |TAMS 0x0000000084300000, 0x0000000084300000| Untracked 
|  24|0x0000000084400000, 0x0000000084400000, 0x0000000084500000|  0%| F|  |TAMS 0x0000000084400000, 0x0000000084400000| Untracked 
|  25|0x0000000084500000, 0x0000000084500000, 0x0000000084600000|  0%| F|  |TAMS 0x0000000084500000, 0x0000000084500000| Untracked 
|  26|0x0000000084600000, 0x0000000084600000, 0x0000000084700000|  0%| F|  |TAMS 0x0000000084600000, 0x0000000084600000| Untracked 
|  27|0x0000000084700000, 0x0000000084700000, 0x0000000084800000|  0%| F|  |TAMS 0x0000000084700000, 0x0000000084700000| Untracked 
|  28|0x0000000084800000, 0x0000000084800000, 0x0000000084900000|  0%| F|  |TAMS 0x0000000084800000, 0x0000000084800000| Untracked 
|  29|0x0000000084900000, 0x0000000084900000, 0x0000000084a00000|  0%| F|  |TAMS 0x0000000084900000, 0x0000000084900000| Untracked 
|  30|0x0000000084a00000, 0x0000000084a00000, 0x0000000084b00000|  0%| F|  |TAMS 0x0000000084a00000, 0x0000000084a00000| Untracked 
|  31|0x0000000084b00000, 0x0000000084b00000, 0x0000000084c00000|  0%| F|  |TAMS 0x0000000084b00000, 0x0000000084b00000| Untracked 
|  32|0x0000000084c00000, 0x0000000084c00000, 0x0000000084d00000|  0%| F|  |TAMS 0x0000000084c00000, 0x0000000084c00000| Untracked 
|  33|0x0000000084d00000, 0x0000000084d00000, 0x0000000084e00000|  0%| F|  |TAMS 0x0000000084d00000, 0x0000000084d00000| Untracked 
|  34|0x0000000084e00000, 0x0000000084e00000, 0x0000000084f00000|  0%| F|  |TAMS 0x0000000084e00000, 0x0000000084e00000| Untracked 
|  35|0x0000000084f00000, 0x0000000084f00000, 0x0000000085000000|  0%| F|  |TAMS 0x0000000084f00000, 0x0000000084f00000| Untracked 
|  36|0x0000000085000000, 0x0000000085000000, 0x0000000085100000|  0%| F|  |TAMS 0x0000000085000000, 0x0000000085000000| Untracked 
|  37|0x0000000085100000, 0x0000000085100000, 0x0000000085200000|  0%| F|  |TAMS 0x0000000085100000, 0x0000000085100000| Untracked 
|  38|0x0000000085200000, 0x0000000085200000, 0x0000000085300000|  0%| F|  |TAMS 0x0000000085200000, 0x0000000085200000| Untracked 
|  39|0x0000000085300000, 0x0000000085300000, 0x0000000085400000|  0%| F|  |TAMS 0x0000000085300000, 0x0000000085300000| Untracked 
|  40|0x0000000085400000, 0x0000000085400000, 0x0000000085500000|  0%| F|  |TAMS 0x0000000085400000, 0x0000000085400000| Untracked 
|  41|0x0000000085500000, 0x0000000085500000, 0x0000000085600000|  0%| F|  |TAMS 0x0000000085500000, 0x0000000085500000| Untracked 
|  42|0x0000000085600000, 0x0000000085600000, 0x0000000085700000|  0%| F|  |TAMS 0x0000000085600000, 0x0000000085600000| Untracked 
|  43|0x0000000085700000, 0x0000000085700000, 0x0000000085800000|  0%| F|  |TAMS 0x0000000085700000, 0x0000000085700000| Untracked 
|  44|0x0000000085800000, 0x0000000085800000, 0x0000000085900000|  0%| F|  |TAMS 0x0000000085800000, 0x0000000085800000| Untracked 
|  45|0x0000000085900000, 0x0000000085900000, 0x0000000085a00000|  0%| F|  |TAMS 0x0000000085900000, 0x0000000085900000| Untracked 
|  46|0x0000000085a00000, 0x0000000085a00000, 0x0000000085b00000|  0%| F|  |TAMS 0x0000000085a00000, 0x0000000085a00000| Untracked 
|  47|0x0000000085b00000, 0x0000000085b00000, 0x0000000085c00000|  0%| F|  |TAMS 0x0000000085b00000, 0x0000000085b00000| Untracked 
|  48|0x0000000085c00000, 0x0000000085c00000, 0x0000000085d00000|  0%| F|  |TAMS 0x0000000085c00000, 0x0000000085c00000| Untracked 
|  49|0x0000000085d00000, 0x0000000085d00000, 0x0000000085e00000|  0%| F|  |TAMS 0x0000000085d00000, 0x0000000085d00000| Untracked 
|  50|0x0000000085e00000, 0x0000000085e00000, 0x0000000085f00000|  0%| F|  |TAMS 0x0000000085e00000, 0x0000000085e00000| Untracked 
|  51|0x0000000085f00000, 0x0000000085f00000, 0x0000000086000000|  0%| F|  |TAMS 0x0000000085f00000, 0x0000000085f00000| Untracked 
|  52|0x0000000086000000, 0x0000000086000000, 0x0000000086100000|  0%| F|  |TAMS 0x0000000086000000, 0x0000000086000000| Untracked 
|  53|0x0000000086100000, 0x0000000086100000, 0x0000000086200000|  0%| F|  |TAMS 0x0000000086100000, 0x0000000086100000| Untracked 
|  54|0x0000000086200000, 0x0000000086200000, 0x0000000086300000|  0%| F|  |TAMS 0x0000000086200000, 0x0000000086200000| Untracked 
|  55|0x0000000086300000, 0x0000000086300000, 0x0000000086400000|  0%| F|  |TAMS 0x0000000086300000, 0x0000000086300000| Untracked 
|  56|0x0000000086400000, 0x0000000086400000, 0x0000000086500000|  0%| F|  |TAMS 0x0000000086400000, 0x0000000086400000| Untracked 
|  57|0x0000000086500000, 0x0000000086500000, 0x0000000086600000|  0%| F|  |TAMS 0x0000000086500000, 0x0000000086500000| Untracked 
|  58|0x0000000086600000, 0x0000000086600000, 0x0000000086700000|  0%| F|  |TAMS 0x0000000086600000, 0x0000000086600000| Untracked 
|  59|0x0000000086700000, 0x0000000086700000, 0x0000000086800000|  0%| F|  |TAMS 0x0000000086700000, 0x0000000086700000| Untracked 
|  60|0x0000000086800000, 0x0000000086800000, 0x0000000086900000|  0%| F|  |TAMS 0x0000000086800000, 0x0000000086800000| Untracked 
|  61|0x0000000086900000, 0x0000000086900000, 0x0000000086a00000|  0%| F|  |TAMS 0x0000000086900000, 0x0000000086900000| Untracked 
|  62|0x0000000086a00000, 0x0000000086a00000, 0x0000000086b00000|  0%| F|  |TAMS 0x0000000086a00000, 0x0000000086a00000| Untracked 
|  63|0x0000000086b00000, 0x0000000086b00000, 0x0000000086c00000|  0%| F|  |TAMS 0x0000000086b00000, 0x0000000086b00000| Untracked 
|  64|0x0000000086c00000, 0x0000000086c00000, 0x0000000086d00000|  0%| F|  |TAMS 0x0000000086c00000, 0x0000000086c00000| Untracked 
|  65|0x0000000086d00000, 0x0000000086d00000, 0x0000000086e00000|  0%| F|  |TAMS 0x0000000086d00000, 0x0000000086d00000| Untracked 
|  66|0x0000000086e00000, 0x0000000086e00000, 0x0000000086f00000|  0%| F|  |TAMS 0x0000000086e00000, 0x0000000086e00000| Untracked 
|  67|0x0000000086f00000, 0x0000000086f00000, 0x0000000087000000|  0%| F|  |TAMS 0x0000000086f00000, 0x0000000086f00000| Untracked 
|  68|0x0000000087000000, 0x0000000087000000, 0x0000000087100000|  0%| F|  |TAMS 0x0000000087000000, 0x0000000087000000| Untracked 
|  69|0x0000000087100000, 0x0000000087100000, 0x0000000087200000|  0%| F|  |TAMS 0x0000000087100000, 0x0000000087100000| Untracked 
|  70|0x0000000087200000, 0x0000000087293f90, 0x0000000087300000| 57%| E|  |TAMS 0x0000000087200000, 0x0000000087200000| Complete 
|  71|0x0000000087300000, 0x0000000087400000, 0x0000000087400000|100%| E|CS|TAMS 0x0000000087300000, 0x0000000087300000| Complete 
|  72|0x0000000087400000, 0x0000000087500000, 0x0000000087500000|100%| E|CS|TAMS 0x0000000087400000, 0x0000000087400000| Complete 
|  73|0x0000000087500000, 0x0000000087600000, 0x0000000087600000|100%| E|CS|TAMS 0x0000000087500000, 0x0000000087500000| Complete 
|  74|0x0000000087600000, 0x0000000087700000, 0x0000000087700000|100%| E|CS|TAMS 0x0000000087600000, 0x0000000087600000| Complete 
|  75|0x0000000087700000, 0x0000000087800000, 0x0000000087800000|100%| E|CS|TAMS 0x0000000087700000, 0x0000000087700000| Complete 
|  76|0x0000000087800000, 0x0000000087900000, 0x0000000087900000|100%| E|CS|TAMS 0x0000000087800000, 0x0000000087800000| Complete 
|  77|0x0000000087900000, 0x0000000087a00000, 0x0000000087a00000|100%| E|CS|TAMS 0x0000000087900000, 0x0000000087900000| Complete 
|  78|0x0000000087a00000, 0x0000000087b00000, 0x0000000087b00000|100%| E|CS|TAMS 0x0000000087a00000, 0x0000000087a00000| Complete 
|  79|0x0000000087b00000, 0x0000000087c00000, 0x0000000087c00000|100%| E|CS|TAMS 0x0000000087b00000, 0x0000000087b00000| Complete 
|  80|0x0000000087c00000, 0x0000000087d00000, 0x0000000087d00000|100%| E|CS|TAMS 0x0000000087c00000, 0x0000000087c00000| Complete 
|  81|0x0000000087d00000, 0x0000000087e00000, 0x0000000087e00000|100%| E|CS|TAMS 0x0000000087d00000, 0x0000000087d00000| Complete 
|  82|0x0000000087e00000, 0x0000000087f00000, 0x0000000087f00000|100%| E|CS|TAMS 0x0000000087e00000, 0x0000000087e00000| Complete 
|  83|0x0000000087f00000, 0x0000000088000000, 0x0000000088000000|100%| E|CS|TAMS 0x0000000087f00000, 0x0000000087f00000| Complete 
|  84|0x0000000088000000, 0x0000000088100000, 0x0000000088100000|100%| E|CS|TAMS 0x0000000088000000, 0x0000000088000000| Complete 
|  85|0x0000000088100000, 0x0000000088200000, 0x0000000088200000|100%| E|CS|TAMS 0x0000000088100000, 0x0000000088100000| Complete 
|  86|0x0000000088200000, 0x0000000088300000, 0x0000000088300000|100%| E|CS|TAMS 0x0000000088200000, 0x0000000088200000| Complete 
|  87|0x0000000088300000, 0x0000000088400000, 0x0000000088400000|100%| E|CS|TAMS 0x0000000088300000, 0x0000000088300000| Complete 
|  88|0x0000000088400000, 0x0000000088500000, 0x0000000088500000|100%| E|CS|TAMS 0x0000000088400000, 0x0000000088400000| Complete 
|  89|0x0000000088500000, 0x0000000088600000, 0x0000000088600000|100%| E|CS|TAMS 0x0000000088500000, 0x0000000088500000| Complete 
|  90|0x0000000088600000, 0x0000000088700000, 0x0000000088700000|100%| E|CS|TAMS 0x0000000088600000, 0x0000000088600000| Complete 
|  91|0x0000000088700000, 0x0000000088800000, 0x0000000088800000|100%| E|CS|TAMS 0x0000000088700000, 0x0000000088700000| Complete 
|  92|0x0000000088800000, 0x0000000088900000, 0x0000000088900000|100%| E|CS|TAMS 0x0000000088800000, 0x0000000088800000| Complete 
|  93|0x0000000088900000, 0x0000000088a00000, 0x0000000088a00000|100%| E|CS|TAMS 0x0000000088900000, 0x0000000088900000| Complete 
|  94|0x0000000088a00000, 0x0000000088b00000, 0x0000000088b00000|100%| E|CS|TAMS 0x0000000088a00000, 0x0000000088a00000| Complete 
|  95|0x0000000088b00000, 0x0000000088c00000, 0x0000000088c00000|100%| E|CS|TAMS 0x0000000088b00000, 0x0000000088b00000| Complete 
|  96|0x0000000088c00000, 0x0000000088d00000, 0x0000000088d00000|100%| E|CS|TAMS 0x0000000088c00000, 0x0000000088c00000| Complete 
|  97|0x0000000088d00000, 0x0000000088e00000, 0x0000000088e00000|100%| E|CS|TAMS 0x0000000088d00000, 0x0000000088d00000| Complete 
|  98|0x0000000088e00000, 0x0000000088f00000, 0x0000000088f00000|100%| E|CS|TAMS 0x0000000088e00000, 0x0000000088e00000| Complete 
|  99|0x0000000088f00000, 0x0000000089000000, 0x0000000089000000|100%| E|CS|TAMS 0x0000000088f00000, 0x0000000088f00000| Complete 
| 100|0x0000000089000000, 0x0000000089100000, 0x0000000089100000|100%| E|CS|TAMS 0x0000000089000000, 0x0000000089000000| Complete 
| 101|0x0000000089100000, 0x0000000089200000, 0x0000000089200000|100%| E|CS|TAMS 0x0000000089100000, 0x0000000089100000| Complete 
| 102|0x0000000089200000, 0x0000000089300000, 0x0000000089300000|100%| E|CS|TAMS 0x0000000089200000, 0x0000000089200000| Complete 
| 103|0x0000000089300000, 0x0000000089400000, 0x0000000089400000|100%| E|CS|TAMS 0x0000000089300000, 0x0000000089300000| Complete 
| 104|0x0000000089400000, 0x0000000089500000, 0x0000000089500000|100%| E|CS|TAMS 0x0000000089400000, 0x0000000089400000| Complete 
| 105|0x0000000089500000, 0x0000000089600000, 0x0000000089600000|100%| E|CS|TAMS 0x0000000089500000, 0x0000000089500000| Complete 
| 106|0x0000000089600000, 0x000000008968a130, 0x0000000089700000| 53%| S|CS|TAMS 0x0000000089600000, 0x0000000089600000| Complete 
| 107|0x0000000089700000, 0x0000000089800000, 0x0000000089800000|100%| S|CS|TAMS 0x0000000089700000, 0x0000000089700000| Complete 
| 108|0x0000000089800000, 0x0000000089900000, 0x0000000089900000|100%| S|CS|TAMS 0x0000000089800000, 0x0000000089800000| Complete 
| 109|0x0000000089900000, 0x0000000089a00000, 0x0000000089a00000|100%| E|CS|TAMS 0x0000000089900000, 0x0000000089900000| Complete 
| 110|0x0000000089a00000, 0x0000000089b00000, 0x0000000089b00000|100%| E|CS|TAMS 0x0000000089a00000, 0x0000000089a00000| Complete 
| 111|0x0000000089b00000, 0x0000000089c00000, 0x0000000089c00000|100%| E|CS|TAMS 0x0000000089b00000, 0x0000000089b00000| Complete 
| 112|0x0000000089c00000, 0x0000000089d00000, 0x0000000089d00000|100%| E|CS|TAMS 0x0000000089c00000, 0x0000000089c00000| Complete 
| 113|0x0000000089d00000, 0x0000000089e00000, 0x0000000089e00000|100%| E|CS|TAMS 0x0000000089d00000, 0x0000000089d00000| Complete 
| 114|0x0000000089e00000, 0x0000000089f00000, 0x0000000089f00000|100%| E|CS|TAMS 0x0000000089e00000, 0x0000000089e00000| Complete 
| 115|0x0000000089f00000, 0x000000008a000000, 0x000000008a000000|100%| E|CS|TAMS 0x0000000089f00000, 0x0000000089f00000| Complete 
| 116|0x000000008a000000, 0x000000008a100000, 0x000000008a100000|100%| E|CS|TAMS 0x000000008a000000, 0x000000008a000000| Complete 
| 117|0x000000008a100000, 0x000000008a200000, 0x000000008a200000|100%| E|CS|TAMS 0x000000008a100000, 0x000000008a100000| Complete 
| 118|0x000000008a200000, 0x000000008a300000, 0x000000008a300000|100%| E|CS|TAMS 0x000000008a200000, 0x000000008a200000| Complete 
| 119|0x000000008a300000, 0x000000008a400000, 0x000000008a400000|100%| E|CS|TAMS 0x000000008a300000, 0x000000008a300000| Complete 
| 120|0x000000008a400000, 0x000000008a500000, 0x000000008a500000|100%| E|CS|TAMS 0x000000008a400000, 0x000000008a400000| Complete 
| 121|0x000000008a500000, 0x000000008a600000, 0x000000008a600000|100%| E|CS|TAMS 0x000000008a500000, 0x000000008a500000| Complete 
| 122|0x000000008a600000, 0x000000008a700000, 0x000000008a700000|100%| E|CS|TAMS 0x000000008a600000, 0x000000008a600000| Complete 
| 123|0x000000008a700000, 0x000000008a800000, 0x000000008a800000|100%| E|CS|TAMS 0x000000008a700000, 0x000000008a700000| Complete 
| 124|0x000000008a800000, 0x000000008a900000, 0x000000008a900000|100%| E|CS|TAMS 0x000000008a800000, 0x000000008a800000| Complete 
| 125|0x000000008a900000, 0x000000008aa00000, 0x000000008aa00000|100%| E|CS|TAMS 0x000000008a900000, 0x000000008a900000| Complete 

Card table byte_map: [0x000001fadad80000,0x000001fadb170000] _byte_map_base: 0x000001fada96a000

Marking Bits (Prev, Next): (CMBitMap*) 0x000001fac425a3b0, (CMBitMap*) 0x000001fac425a3f0
 Prev Bits: [0x000001fadb560000, 0x000001fadd4b0000)
 Next Bits: [0x000001fadd4b0000, 0x000001fadf400000)

Polling page: 0x000001fac20e0000

Metaspace:

Usage:
  Non-class:     16.93 MB used.
      Class:      2.74 MB used.
       Both:     19.67 MB used.

Virtual space:
  Non-class space:       24.00 MB reserved,      17.06 MB ( 71%) committed,  3 nodes.
      Class space:        1.00 GB reserved,       2.88 MB ( <1%) committed,  1 nodes.
              Both:        1.02 GB reserved,      19.94 MB (  2%) committed. 

Chunk freelists:
   Non-Class:  2.73 MB
       Class:  1.14 MB
        Both:  3.87 MB

MaxMetaspaceSize: 17179869184.00 GB
CompressedClassSpaceSize: 1.00 GB
 - commit_granule_bytes: 65536.
 - commit_granule_words: 8192.
 - virtual_space_node_default_size: 1048576.
 - enlarge_chunks_in_place: 1.
 - new_chunks_are_fully_committed: 0.
 - uncommit_free_chunks: 1.
 - use_allocation_guard: 0.
 - handle_deallocations: 1.


Internal statistics:

num_allocs_failed_limit: 0.
num_arena_births: 206.
num_arena_deaths: 0.
num_vsnodes_births: 4.
num_vsnodes_deaths: 0.
num_space_committed: 319.
num_space_uncommitted: 0.
num_chunks_returned_to_freelist: 0.
num_chunks_taken_from_freelist: 883.
num_chunk_merges: 0.
num_chunk_splits: 610.
num_chunks_enlarged: 478.
num_purges: 0.

CodeHeap 'non-profiled nmethods': size=120000Kb used=1251Kb max_used=1251Kb free=118749Kb
 bounds [0x000001fad3460000, 0x000001fad36d0000, 0x000001fada990000]
CodeHeap 'profiled nmethods': size=120000Kb used=6766Kb max_used=6766Kb free=113233Kb
 bounds [0x000001facbf30000, 0x000001facc5d0000, 0x000001fad3460000]
CodeHeap 'non-nmethods': size=5760Kb used=1465Kb max_used=1510Kb free=4295Kb
 bounds [0x000001facb990000, 0x000001facbc00000, 0x000001facbf30000]
 total_blobs=4258 nmethods=3421 adapters=749
 compilation: enabled
              stopped_count=0, restarted_count=0
 full_count=0

Compilation events (20 events):
Event: 20.212 Thread 0x000001fae18a1630 3418       3       javafx.scene.Camera::getNearClip (21 bytes)
Event: 20.213 Thread 0x000001fae18a1630 nmethod 3418 0x000001facc5c7b90 code [0x000001facc5c7d80, 0x000001facc5c8148]
Event: 20.213 Thread 0x000001fae18a1630 3419       3       javafx.scene.Camera::getFarClip (21 bytes)
Event: 20.213 Thread 0x000001fae18a1630 nmethod 3419 0x000001facc5c8290 code [0x000001facc5c8480, 0x000001facc5c8848]
Event: 20.234 Thread 0x000001fae189b120 3420       4       javafx.scene.Node::localToScene (21 bytes)
Event: 20.240 Thread 0x000001fae18a1630 3421       3       com.sun.javafx.geom.transform.Affine3D::transform (141 bytes)
Event: 20.240 Thread 0x000001fae18a1630 nmethod 3421 0x000001facc5c8990 code [0x000001facc5c8b60, 0x000001facc5c8f48]
Event: 20.240 Thread 0x000001fae18a1630 3422       3       com.sun.javafx.geom.transform.AffineBase::transform (365 bytes)
Event: 20.241 Thread 0x000001fae18a1630 nmethod 3422 0x000001facc5c9110 code [0x000001facc5c9320, 0x000001facc5c9b08]
Event: 20.243 Thread 0x000001fae189b120 nmethod 3420 0x000001fad3597790 code [0x000001fad3597980, 0x000001fad3597de8]
Event: 20.248 Thread 0x000001fae18a1630 3423       3       java.util.concurrent.CopyOnWriteArrayList::isEmpty (13 bytes)
Event: 20.248 Thread 0x000001fae189b120 3425       4       com.sun.javafx.event.EventHandlerManager::dispatchCapturingEvent (41 bytes)
Event: 20.248 Thread 0x000001fae18a1630 nmethod 3423 0x000001facc5c9e10 code [0x000001facc5c9fc0, 0x000001facc5ca1b8]
Event: 20.248 Thread 0x000001fae18a1630 3426       3       com.sun.javafx.event.EventRedirector::dispatchCapturingEvent (52 bytes)
Event: 20.248 Thread 0x000001fae18a1630 nmethod 3426 0x000001facc5ca290 code [0x000001facc5ca4a0, 0x000001facc5cab78]
Event: 20.248 Thread 0x000001fae18a1630 3424       3       com.sun.javafx.event.BasicEventDispatcher::dispatchCapturingEvent (2 bytes)
Event: 20.249 Thread 0x000001fae18a1630 nmethod 3424 0x000001facc5cad10 code [0x000001facc5caea0, 0x000001facc5cafb8]
Event: 20.256 Thread 0x000001fae189b120 nmethod 3425 0x000001fad3598290 code [0x000001fad3598480, 0x000001fad3598830]
Event: 20.261 Thread 0x000001fae18a1630 3427       3       com.sun.javafx.css.BitSet::contains (63 bytes)
Event: 20.262 Thread 0x000001fae18a1630 nmethod 3427 0x000001facc5cb090 code [0x000001facc5cb280, 0x000001facc5cb788]

GC Heap History (4 events):
Event: 0.924 GC heap before
{Heap before GC invocations=0 (full 0):
 garbage-first heap   total 129024K, used 12288K [0x0000000082c00000, 0x0000000100000000)
  region size 1024K, 13 young (13312K), 0 survivors (0K)
 Metaspace       used 2577K, committed 2688K, reserved 1056768K
  class space    used 264K, committed 320K, reserved 1048576K
}
Event: 0.930 GC heap after
{Heap after GC invocations=1 (full 0):
 garbage-first heap   total 129024K, used 3004K [0x0000000082c00000, 0x0000000100000000)
  region size 1024K, 2 young (2048K), 2 survivors (2048K)
 Metaspace       used 2577K, committed 2688K, reserved 1056768K
  class space    used 264K, committed 320K, reserved 1048576K
}
Event: 1.539 GC heap before
{Heap before GC invocations=1 (full 0):
 garbage-first heap   total 129024K, used 17340K [0x0000000082c00000, 0x0000000100000000)
  region size 1024K, 17 young (17408K), 2 survivors (2048K)
 Metaspace       used 7503K, committed 7680K, reserved 1056768K
  class space    used 889K, committed 960K, reserved 1048576K
}
Event: 1.545 GC heap after
{Heap after GC invocations=2 (full 0):
 garbage-first heap   total 129024K, used 5688K [0x0000000082c00000, 0x0000000100000000)
  region size 1024K, 3 young (3072K), 3 survivors (3072K)
 Metaspace       used 7503K, committed 7680K, reserved 1056768K
  class space    used 889K, committed 960K, reserved 1048576K
}

Deoptimization events (20 events):
Event: 12.782 Thread 0x000001fae378e0b0 DEOPT PACKING pc=0x000001fad3575c68 sp=0x000000aed99f9090
Event: 12.782 Thread 0x000001fae378e0b0 DEOPT UNPACKING pc=0x000001facb9dd728 sp=0x000000aed99f9088 mode 2
Event: 12.782 Thread 0x000001fae378e0b0 Uncommon trap: trap_request=0xffffffd6 fr.pc=0x000001fad3575c68 relative=0x00000000000009a8
Event: 12.782 Thread 0x000001fae378e0b0 Uncommon trap: reason=array_check action=maybe_recompile pc=0x000001fad3575c68 method=javafx.css.SimpleSelector.applies(Ljavafx/css/Styleable;[Ljava/util/Set;I)Z @ 37 c2
Event: 12.782 Thread 0x000001fae378e0b0 DEOPT PACKING pc=0x000001fad3575c68 sp=0x000000aed99f8f90
Event: 12.782 Thread 0x000001fae378e0b0 DEOPT UNPACKING pc=0x000001facb9dd728 sp=0x000000aed99f8f88 mode 2
Event: 12.782 Thread 0x000001fae378e0b0 Uncommon trap: trap_request=0xffffffd6 fr.pc=0x000001fad3575c68 relative=0x00000000000009a8
Event: 12.782 Thread 0x000001fae378e0b0 Uncommon trap: reason=array_check action=maybe_recompile pc=0x000001fad3575c68 method=javafx.css.SimpleSelector.applies(Ljavafx/css/Styleable;[Ljava/util/Set;I)Z @ 37 c2
Event: 12.782 Thread 0x000001fae378e0b0 DEOPT PACKING pc=0x000001fad3575c68 sp=0x000000aed99f93f0
Event: 12.782 Thread 0x000001fae378e0b0 DEOPT UNPACKING pc=0x000001facb9dd728 sp=0x000000aed99f93e8 mode 2
Event: 12.783 Thread 0x000001fae378e0b0 Uncommon trap: trap_request=0xffffffd6 fr.pc=0x000001fad3575c68 relative=0x00000000000009a8
Event: 12.783 Thread 0x000001fae378e0b0 Uncommon trap: reason=array_check action=maybe_recompile pc=0x000001fad3575c68 method=javafx.css.SimpleSelector.applies(Ljavafx/css/Styleable;[Ljava/util/Set;I)Z @ 37 c2
Event: 12.783 Thread 0x000001fae378e0b0 DEOPT PACKING pc=0x000001fad3575c68 sp=0x000000aed99f96c0
Event: 12.783 Thread 0x000001fae378e0b0 DEOPT UNPACKING pc=0x000001facb9dd728 sp=0x000000aed99f96b8 mode 2
Event: 12.790 Thread 0x000001fae378e0b0 DEOPT PACKING pc=0x000001facc40c4e8 sp=0x000000aed99f9640
Event: 12.790 Thread 0x000001fae378e0b0 DEOPT UNPACKING pc=0x000001facb9ddeaf sp=0x000000aed99f8ac8 mode 0
Event: 12.997 Thread 0x000001fae2f9eb80 DEOPT PACKING pc=0x000001facc24917f sp=0x000000aed94fe5f0
Event: 12.998 Thread 0x000001fae2f9eb80 DEOPT UNPACKING pc=0x000001facb9ddeaf sp=0x000000aed94fda10 mode 0
Event: 13.038 Thread 0x000001fae2f9eb80 DEOPT PACKING pc=0x000001facc2162b0 sp=0x000000aed94fe2a0
Event: 13.038 Thread 0x000001fae2f9eb80 DEOPT UNPACKING pc=0x000001facb9ddeaf sp=0x000000aed94fd658 mode 0

Classes unloaded (0 events):
No events

Classes redefined (0 events):
No events

Internal exceptions (20 events):
Event: 1.617 Thread 0x000001fae378e0b0 Exception <a 'java/lang/NoSuchMethodError'{0x000000008a7009b8}: 'void java.lang.invoke.DirectMethodHandle$Holder.invokeStaticInit(java.lang.Object, java.lang.Object)'> (0x000000008a7009b8) 
thrown [t:\workspace\open\src\hotspot\share\interpreter\linkResolver.cpp, line 790]
Event: 1.633 Thread 0x000001fae378e0b0 Exception <a 'java/lang/NoSuchMethodError'{0x000000008a6014f0}: 'void java.lang.invoke.DirectMethodHandle$Holder.invokeSpecial(java.lang.Object, java.lang.Object, java.lang.Object, java.lang.Object, java.lang.Object)'> (0x000000008a6014f0) 
thrown [t:\workspace\open\src\hotspot\share\interpreter\linkResolver.cpp, line 790]
Event: 1.974 Thread 0x000001fae378e0b0 Implicit null exception at 0x000001fad34bb88c to 0x000001fad34bba38
Event: 2.285 Thread 0x000001fae378e0b0 Exception <a 'java/lang/ClassNotFoundException'{0x0000000089c23308}: com/sun/javafx/scene/control/skin/resources/controls> (0x0000000089c23308) 
thrown [t:\workspace\open\src\hotspot\share\prims\jni.cpp, line 600]
Event: 2.286 Thread 0x000001fae378e0b0 Exception <a 'java/lang/ClassNotFoundException'{0x0000000089c312a8}: com/sun/javafx/scene/control/skin/resources/controls_ru> (0x0000000089c312a8) 
thrown [t:\workspace\open\src\hotspot\share\prims\jni.cpp, line 600]
Event: 2.287 Thread 0x000001fae378e0b0 Exception <a 'java/lang/ClassNotFoundException'{0x0000000089c32930}: com/sun/javafx/scene/control/skin/resources/controls_ru_RU> (0x0000000089c32930) 
thrown [t:\workspace\open\src\hotspot\share\prims\jni.cpp, line 600]
Event: 2.388 Thread 0x000001fae378e0b0 Exception <a 'java/lang/NoSuchMethodError'{0x0000000089bf43b8}: 'void java.lang.invoke.DirectMethodHandle$Holder.invokeSpecial(java.lang.Object, java.lang.Object, java.lang.Object, java.lang.Object, java.lang.Object, java.lang.Object)'> (0x0000000089bf43b8) 
thrown [t:\workspace\open\src\hotspot\share\interpreter\linkResolver.cpp, line 790]
Event: 2.464 Thread 0x000001fae378e0b0 Exception <a 'java/lang/NoSuchMethodError'{0x00000000895f0b10}: 'java.lang.Object java.lang.invoke.DirectMethodHandle$Holder.invokeInterface(java.lang.Object, java.lang.Object, java.lang.Object)'> (0x00000000895f0b10) 
thrown [t:\workspace\open\src\hotspot\share\interpreter\linkResolver.cpp, line 790]
Event: 2.465 Thread 0x000001fae378e0b0 Exception <a 'java/lang/IncompatibleClassChangeError'{0x00000000895f4690}: Found class java.lang.Object, but interface was expected> (0x00000000895f4690) 
thrown [t:\workspace\open\src\hotspot\share\interpreter\linkResolver.cpp, line 857]
Event: 2.577 Thread 0x000001fae378e0b0 Exception <a 'java/lang/NoSuchMethodError'{0x00000000893d39a8}: 'java.lang.Object java.lang.invoke.DirectMethodHandle$Holder.newInvokeSpecial(java.lang.Object, java.lang.Object, int)'> (0x00000000893d39a8) 
thrown [t:\workspace\open\src\hotspot\share\interpreter\linkResolver.cpp, line 790]
Event: 2.620 Thread 0x000001fae2f9eb80 Exception <a 'java/lang/NoSuchMethodError'{0x0000000089258090}: 'int java.lang.invoke.DirectMethodHandle$Holder.invokeStaticInit(java.lang.Object, java.lang.Object)'> (0x0000000089258090) 
thrown [t:\workspace\open\src\hotspot\share\interpreter\linkResolver.cpp, line 790]
Event: 2.624 Thread 0x000001fae378e0b0 Exception <a 'java/lang/NoSuchMethodError'{0x00000000892e5ec0}: 'long java.lang.invoke.DirectMethodHandle$Holder.invokeStatic(java.lang.Object, java.lang.Object, java.lang.Object)'> (0x00000000892e5ec0) 
thrown [t:\workspace\open\src\hotspot\share\interpreter\linkResolver.cpp, line 790]
Event: 2.624 Thread 0x000001fae378e0b0 Exception <a 'java/lang/NoSuchMethodError'{0x00000000892e9870}: 'long java.lang.invoke.DirectMethodHandle$Holder.invokeStaticInit(java.lang.Object, java.lang.Object, java.lang.Object)'> (0x00000000892e9870) 
thrown [t:\workspace\open\src\hotspot\share\interpreter\linkResolver.cpp, line 790]
Event: 2.628 Thread 0x000001fae378e0b0 Exception <a 'java/lang/NoSuchMethodError'{0x0000000089101c60}: 'java.lang.Object java.lang.invoke.DirectMethodHandle$Holder.newInvokeSpecial(java.lang.Object, java.lang.Object, long)'> (0x0000000089101c60) 
thrown [t:\workspace\open\src\hotspot\share\interpreter\linkResolver.cpp, line 790]
Event: 2.629 Thread 0x000001fae378e0b0 Exception <a 'java/lang/NoSuchMethodError'{0x00000000891059d0}: 'java.lang.Object java.lang.invoke.Invokers$Holder.linkToTargetMethod(java.lang.Object, long, java.lang.Object)'> (0x00000000891059d0) 
thrown [t:\workspace\open\src\hotspot\share\interpreter\linkResolver.cpp, line 790]
Event: 8.617 Thread 0x000001fae378e0b0 Exception <a 'java/lang/NoSuchMethodError'{0x0000000088c3e128}: 'java.lang.Object java.lang.invoke.DirectMethodHandle$Holder.invokeInterface(java.lang.Object, java.lang.Object)'> (0x0000000088c3e128) 
thrown [t:\workspace\open\src\hotspot\share\interpreter\linkResolver.cpp, line 790]
Event: 8.619 Thread 0x000001fae378e0b0 Exception <a 'java/lang/NoSuchMethodError'{0x0000000088c46ab0}: 'java.lang.Object java.lang.invoke.DirectMethodHandle$Holder.invokeStaticInit(java.lang.Object, java.lang.Object, java.lang.Object)'> (0x0000000088c46ab0) 
thrown [t:\workspace\open\src\hotspot\share\interpreter\linkResolver.cpp, line 790]
Event: 8.626 Thread 0x000001fae378e0b0 Exception <a 'java/lang/NoSuchMethodError'{0x0000000088c67380}: 'int java.lang.invoke.DirectMethodHandle$Holder.invokeSpecial(java.lang.Object, java.lang.Object, java.lang.Object)'> (0x0000000088c67380) 
thrown [t:\workspace\open\src\hotspot\share\interpreter\linkResolver.cpp, line 790]
Event: 10.628 Thread 0x000001fae2f9eb80 Exception <a 'java/lang/NoSuchMethodError'{0x00000000886efb00}: 'java.lang.Object java.lang.invoke.DirectMethodHandle$Holder.invokeStaticInit(java.lang.Object, int)'> (0x00000000886efb00) 
thrown [t:\workspace\open\src\hotspot\share\interpreter\linkResolver.cpp, line 790]
Event: 12.500 Thread 0x000001fae378e0b0 Exception <a 'java/lang/NoSuchMethodError'{0x0000000087bc2890}: 'void java.lang.invoke.DirectMethodHandle$Holder.invokeSpecialIFC(java.lang.Object, java.lang.Object, java.lang.Object, java.lang.Object)'> (0x0000000087bc2890) 
thrown [t:\workspace\open\src\hotspot\share\interpreter\linkResolver.cpp, line 790]

Events (20 events):
Event: 13.015 Executing  VM operation: HandshakeAllThreads
Event: 13.015 Executing  VM operation: HandshakeAllThreads done
Event: 14.016 Executing  VM operation: Cleanup
Event: 14.016 Executing  VM operation: Cleanup done
Event: 18.061 Thread 0x000001fae3c310b0 Thread exited: 0x000001fae3c310b0
Event: 19.016 Executing  VM operation: Cleanup
Event: 19.016 Executing  VM operation: Cleanup done
Event: 21.017 Executing  VM operation: Cleanup
Event: 21.017 Executing  VM operation: Cleanup done
Event: 24.019 Executing  VM operation: Cleanup
Event: 24.019 Executing  VM operation: Cleanup done
Event: 39.392 loading class jdk/internal/misc/Signal$1
Event: 39.392 loading class jdk/internal/misc/Signal$1 done
Event: 39.392 Thread 0x000001fae3ab8c70 Thread added: 0x000001fae3ab8c70
Event: 39.393 Thread 0x000001fae3abb6f0 Thread added: 0x000001fae3abb6f0
Event: 39.393 Thread 0x000001fae3ab81d0 Thread added: 0x000001fae3ab81d0
Event: 39.394 Thread 0x000001fae3abb6f0 Thread exited: 0x000001fae3abb6f0
Event: 39.396 Executing  VM operation: Exit
Event: 39.396 Thread 0x000001fae1897620 Thread exited: 0x000001fae1897620
Event: 39.396 Thread 0x000001fae3ab81d0 Thread exited: 0x000001fae3ab81d0


Dynamic libraries:
0x00007ff6c4990000 - 0x00007ff6c49a0000 	C:\Program Files\Java\jdk-16.0.2\bin\java.exe
0x00007ffe517b0000 - 0x00007ffe519a5000 	C:\Windows\SYSTEM32\ntdll.dll
0x00007ffe51060000 - 0x00007ffe5111e000 	C:\Windows\System32\KERNEL32.DLL
0x00007ffe4f540000 - 0x00007ffe4f808000 	C:\Windows\System32\KERNELBASE.dll
0x00007ffe4bad0000 - 0x00007ffe4bb60000 	C:\Windows\SYSTEM32\apphelp.dll
0x00007ffe4ef00000 - 0x00007ffe4f000000 	C:\Windows\System32\ucrtbase.dll
0x00007ffe48d60000 - 0x00007ffe48d79000 	C:\Program Files\Java\jdk-16.0.2\bin\VCRUNTIME140.dll
0x00007ffe48250000 - 0x00007ffe48268000 	C:\Program Files\Java\jdk-16.0.2\bin\jli.dll
0x00007ffe51550000 - 0x00007ffe515fe000 	C:\Windows\System32\ADVAPI32.dll
0x00007ffe4f950000 - 0x00007ffe4f9ee000 	C:\Windows\System32\msvcrt.dll
0x00007ffe50fc0000 - 0x00007ffe5105c000 	C:\Windows\System32\sechost.dll
0x00007ffe50500000 - 0x00007ffe50625000 	C:\Windows\System32\RPCRT4.dll
0x00007ffe511d0000 - 0x00007ffe51370000 	C:\Windows\System32\USER32.dll
0x00007ffe4eed0000 - 0x00007ffe4eef2000 	C:\Windows\System32\win32u.dll
0x00007ffe51670000 - 0x00007ffe5169b000 	C:\Windows\System32\GDI32.dll
0x00007ffe4f1d0000 - 0x00007ffe4f2db000 	C:\Windows\System32\gdi32full.dll
0x00007ffe4f0e0000 - 0x00007ffe4f17d000 	C:\Windows\System32\msvcp_win.dll
0x00007ffe426d0000 - 0x00007ffe4296a000 	C:\Windows\WinSxS\amd64_microsoft.windows.common-controls_6595b64144ccf1df_6.0.19041.1110_none_60b5254171f9507e\COMCTL32.dll
0x00007ffe4a970000 - 0x00007ffe4a97a000 	C:\Windows\SYSTEM32\VERSION.dll
0x00007ffe51190000 - 0x00007ffe511c0000 	C:\Windows\System32\IMM32.DLL
0x00007ffe48da0000 - 0x00007ffe48dac000 	C:\Program Files\Java\jdk-16.0.2\bin\vcruntime140_1.dll
0x00007ffe283f0000 - 0x00007ffe28481000 	C:\Program Files\Java\jdk-16.0.2\bin\msvcp140.dll
0x00007ffe05380000 - 0x00007ffe05f2b000 	C:\Program Files\Java\jdk-16.0.2\bin\server\jvm.dll
0x00007ffe51600000 - 0x00007ffe51608000 	C:\Windows\System32\PSAPI.DLL
0x00007ffe41140000 - 0x00007ffe41149000 	C:\Windows\SYSTEM32\WSOCK32.dll
0x00007ffe51120000 - 0x00007ffe5118b000 	C:\Windows\System32\WS2_32.dll
0x00007ffe40cc0000 - 0x00007ffe40ce7000 	C:\Windows\SYSTEM32\WINMM.dll
0x00007ffe4d770000 - 0x00007ffe4d782000 	C:\Windows\SYSTEM32\kernel.appcore.dll
0x00007ffe48d50000 - 0x00007ffe48d5a000 	C:\Program Files\Java\jdk-16.0.2\bin\jimage.dll
0x00007ffe4cce0000 - 0x00007ffe4cec4000 	C:\Windows\SYSTEM32\DBGHELP.DLL
0x00007ffe47bf0000 - 0x00007ffe47c1c000 	C:\Windows\SYSTEM32\dbgcore.DLL
0x00007ffe4f4b0000 - 0x00007ffe4f532000 	C:\Windows\System32\bcryptPrimitives.dll
0x00007ffe48240000 - 0x00007ffe4824e000 	C:\Program Files\Java\jdk-16.0.2\bin\instrument.dll
0x00007ffe472a0000 - 0x00007ffe472c5000 	C:\Program Files\Java\jdk-16.0.2\bin\java.dll
0x00007ffe4fc60000 - 0x00007ffe503a4000 	C:\Windows\System32\SHELL32.dll
0x00007ffe4cfc0000 - 0x00007ffe4d754000 	C:\Windows\SYSTEM32\windows.storage.dll
0x00007ffe50aa0000 - 0x00007ffe50df4000 	C:\Windows\System32\combase.dll
0x00007ffe4e860000 - 0x00007ffe4e88c000 	C:\Windows\SYSTEM32\Wldp.dll
0x00007ffe514a0000 - 0x00007ffe5154d000 	C:\Windows\System32\SHCORE.dll
0x00007ffe4f9f0000 - 0x00007ffe4fa45000 	C:\Windows\System32\shlwapi.dll
0x00007ffe4ee10000 - 0x00007ffe4ee2f000 	C:\Windows\SYSTEM32\profapi.dll
0x00007ffe46f60000 - 0x00007ffe46f79000 	C:\Program Files\Java\jdk-16.0.2\bin\net.dll
0x00007ffe455e0000 - 0x00007ffe456e9000 	C:\Windows\SYSTEM32\WINHTTP.dll
0x00007ffe4e5c0000 - 0x00007ffe4e62a000 	C:\Windows\system32\mswsock.dll
0x00007ffe41010000 - 0x00007ffe41023000 	C:\Program Files\Java\jdk-16.0.2\bin\nio.dll
0x00007ffe40fe0000 - 0x00007ffe40ff8000 	C:\Program Files\Java\jdk-16.0.2\bin\zip.dll
0x00007ffe38ae0000 - 0x00007ffe38afa000 	C:\Program Files\JetBrains\IntelliJ IDEA 2021.3.3\bin\breakgen64.dll
0x000001fac23c0000 - 0x000001fac23c3000 	C:\javafx-sdk-17.0.2\bin\api-ms-win-core-console-l1-1-0.dll
0x000001fac4170000 - 0x000001fac4173000 	C:\javafx-sdk-17.0.2\bin\api-ms-win-core-console-l1-2-0.dll
0x000001fac4180000 - 0x000001fac4183000 	C:\javafx-sdk-17.0.2\bin\api-ms-win-core-datetime-l1-1-0.dll
0x000001fac4190000 - 0x000001fac4193000 	C:\javafx-sdk-17.0.2\bin\api-ms-win-core-debug-l1-1-0.dll
0x000001fac41a0000 - 0x000001fac41a3000 	C:\javafx-sdk-17.0.2\bin\api-ms-win-core-errorhandling-l1-1-0.dll
0x000001fac41b0000 - 0x000001fac41b4000 	C:\javafx-sdk-17.0.2\bin\api-ms-win-core-file-l1-1-0.dll
0x000001fac41c0000 - 0x000001fac41c3000 	C:\javafx-sdk-17.0.2\bin\api-ms-win-core-file-l1-2-0.dll
0x000001fac41d0000 - 0x000001fac41d3000 	C:\javafx-sdk-17.0.2\bin\api-ms-win-core-file-l2-1-0.dll
0x000001fac41e0000 - 0x000001fac41e3000 	C:\javafx-sdk-17.0.2\bin\api-ms-win-core-handle-l1-1-0.dll
0x000001fae1a40000 - 0x000001fae1a43000 	C:\javafx-sdk-17.0.2\bin\api-ms-win-core-heap-l1-1-0.dll
0x000001fae1a50000 - 0x000001fae1a53000 	C:\javafx-sdk-17.0.2\bin\api-ms-win-core-interlocked-l1-1-0.dll
0x000001fae1a60000 - 0x000001fae1a63000 	C:\javafx-sdk-17.0.2\bin\api-ms-win-core-libraryloader-l1-1-0.dll
0x000001fae1a70000 - 0x000001fae1a73000 	C:\javafx-sdk-17.0.2\bin\api-ms-win-core-localization-l1-2-0.dll
0x000001fae1a80000 - 0x000001fae1a83000 	C:\javafx-sdk-17.0.2\bin\api-ms-win-core-memory-l1-1-0.dll
0x000001fae1a90000 - 0x000001fae1a93000 	C:\javafx-sdk-17.0.2\bin\api-ms-win-core-namedpipe-l1-1-0.dll
0x000001fae1aa0000 - 0x000001fae1aa3000 	C:\javafx-sdk-17.0.2\bin\api-ms-win-core-processenvironment-l1-1-0.dll
0x000001fae1ab0000 - 0x000001fae1ab3000 	C:\javafx-sdk-17.0.2\bin\api-ms-win-core-processthreads-l1-1-0.dll
0x000001fae1ac0000 - 0x000001fae1ac3000 	C:\javafx-sdk-17.0.2\bin\api-ms-win-core-processthreads-l1-1-1.dll
0x000001fae1ad0000 - 0x000001fae1ad3000 	C:\javafx-sdk-17.0.2\bin\api-ms-win-core-profile-l1-1-0.dll
0x000001fae1ae0000 - 0x000001fae1ae3000 	C:\javafx-sdk-17.0.2\bin\api-ms-win-core-rtlsupport-l1-1-0.dll
0x000001fae1af0000 - 0x000001fae1af3000 	C:\javafx-sdk-17.0.2\bin\api-ms-win-core-string-l1-1-0.dll
0x000001fae1b00000 - 0x000001fae1b03000 	C:\javafx-sdk-17.0.2\bin\api-ms-win-core-synch-l1-1-0.dll
0x000001fae1b10000 - 0x000001fae1b13000 	C:\javafx-sdk-17.0.2\bin\api-ms-win-core-synch-l1-2-0.dll
0x000001fae1b20000 - 0x000001fae1b23000 	C:\javafx-sdk-17.0.2\bin\api-ms-win-core-sysinfo-l1-1-0.dll
0x000001fae1b30000 - 0x000001fae1b33000 	C:\javafx-sdk-17.0.2\bin\api-ms-win-core-timezone-l1-1-0.dll
0x000001fae1b40000 - 0x000001fae1b43000 	C:\javafx-sdk-17.0.2\bin\api-ms-win-core-util-l1-1-0.dll
0x000001fae1b50000 - 0x000001fae1b53000 	C:\javafx-sdk-17.0.2\bin\api-ms-win-crt-conio-l1-1-0.dll
0x000001fae1b60000 - 0x000001fae1b64000 	C:\javafx-sdk-17.0.2\bin\api-ms-win-crt-convert-l1-1-0.dll
0x000001fae1b70000 - 0x000001fae1b73000 	C:\javafx-sdk-17.0.2\bin\api-ms-win-crt-environment-l1-1-0.dll
0x000001fae1b80000 - 0x000001fae1b83000 	C:\javafx-sdk-17.0.2\bin\api-ms-win-crt-filesystem-l1-1-0.dll
0x000001fae1b90000 - 0x000001fae1b93000 	C:\javafx-sdk-17.0.2\bin\api-ms-win-crt-heap-l1-1-0.dll
0x000001fae1ba0000 - 0x000001fae1ba3000 	C:\javafx-sdk-17.0.2\bin\api-ms-win-crt-locale-l1-1-0.dll
0x000001fae1bb0000 - 0x000001fae1bb5000 	C:\javafx-sdk-17.0.2\bin\api-ms-win-crt-math-l1-1-0.dll
0x000001fae1bc0000 - 0x000001fae1bc5000 	C:\javafx-sdk-17.0.2\bin\api-ms-win-crt-multibyte-l1-1-0.dll
0x000001fae1bd0000 - 0x000001fae1be0000 	C:\javafx-sdk-17.0.2\bin\api-ms-win-crt-private-l1-1-0.dll
0x000001fae1be0000 - 0x000001fae1be3000 	C:\javafx-sdk-17.0.2\bin\api-ms-win-crt-process-l1-1-0.dll
0x000001fae1bf0000 - 0x000001fae1bf4000 	C:\javafx-sdk-17.0.2\bin\api-ms-win-crt-runtime-l1-1-0.dll
0x000001fae3fd0000 - 0x000001fae3fd4000 	C:\javafx-sdk-17.0.2\bin\api-ms-win-crt-stdio-l1-1-0.dll
0x000001fae3fe0000 - 0x000001fae3fe4000 	C:\javafx-sdk-17.0.2\bin\api-ms-win-crt-string-l1-1-0.dll
0x000001fae3ff0000 - 0x000001fae3ff3000 	C:\javafx-sdk-17.0.2\bin\api-ms-win-crt-time-l1-1-0.dll
0x000001fae4000000 - 0x000001fae4003000 	C:\javafx-sdk-17.0.2\bin\api-ms-win-crt-utility-l1-1-0.dll
0x00007ffe1a3e0000 - 0x00007ffe1a4dc000 	C:\javafx-sdk-17.0.2\bin\ucrtbase.dll
0x00007ffe2ff60000 - 0x00007ffe2ff7a000 	C:\javafx-sdk-17.0.2\bin\vcruntime140.dll
0x00007ffe42fd0000 - 0x00007ffe42fdc000 	C:\javafx-sdk-17.0.2\bin\vcruntime140_1.dll
0x00007ffe1b5b0000 - 0x00007ffe1b63d000 	C:\javafx-sdk-17.0.2\bin\msvcp140.dll
0x00007ffe2fd60000 - 0x00007ffe2fd8a000 	C:\javafx-sdk-17.0.2\bin\prism_d3d.dll
0x00007ffe1b120000 - 0x00007ffe1b2ef000 	C:\Windows\system32\d3d9.dll
0x00007ffe4c860000 - 0x00007ffe4c88f000 	C:\Windows\SYSTEM32\dwmapi.dll
0x00007ffe4c560000 - 0x00007ffe4c5fe000 	C:\Windows\system32\uxtheme.dll
0x00007ffe1b9f0000 - 0x00007ffe1bb53000 	C:\Windows\System32\DriverStore\FileRepository\iigd_dch.inf_amd64_e9b40d45ab4dc6b8\igdumdim64.dll
0x00007ffe4f000000 - 0x00007ffe4f027000 	C:\Windows\System32\bcrypt.dll
0x00007ffdf0e40000 - 0x00007ffdf4844000 	C:\Windows\System32\DriverStore\FileRepository\iigd_dch.inf_amd64_e9b40d45ab4dc6b8\igd9dxva64.dll
0x00007ffe51370000 - 0x00007ffe5149a000 	C:\Windows\System32\ole32.dll
0x00007ffe516a0000 - 0x00007ffe5176d000 	C:\Windows\System32\OLEAUT32.dll
0x00007ffe50630000 - 0x00007ffe50aa0000 	C:\Windows\System32\SETUPAPI.dll
0x00007ffe4f180000 - 0x00007ffe4f1ce000 	C:\Windows\System32\cfgmgr32.dll
0x00007ffe35170000 - 0x00007ffe353af000 	C:\Windows\System32\DriverStore\FileRepository\iigd_dch.inf_amd64_e9b40d45ab4dc6b8\igdgmm64.dll
0x00007ffe1e420000 - 0x00007ffe1e462000 	C:\javafx-sdk-17.0.2\bin\glass.dll
0x00007ffe4fb00000 - 0x00007ffe4fbdb000 	C:\Windows\System32\COMDLG32.dll
0x00007ffe4f830000 - 0x00007ffe4f946000 	C:\Windows\System32\MSCTF.dll
0x00007ffe2f9a0000 - 0x00007ffe2f9c7000 	C:\Windows\System32\DriverStore\FileRepository\iigd_dch.inf_amd64_e9b40d45ab4dc6b8\igdinfo64.dll
0x00007ffe32140000 - 0x00007ffe34da2000 	C:\Windows\System32\DriverStore\FileRepository\iigd_dch.inf_amd64_e9b40d45ab4dc6b8\igc64.dll
0x00007ffe31950000 - 0x00007ffe3198b000 	C:\Windows\SYSTEM32\dxcore.dll
0x00007ffe2fd40000 - 0x00007ffe2fd54000 	C:\javafx-sdk-17.0.2\bin\javafx_font.dll
0x00007ffe355f0000 - 0x00007ffe3586f000 	C:\Windows\SYSTEM32\dwrite.dll
0x00007ffe4fa50000 - 0x00007ffe4faf9000 	C:\Windows\System32\clbcatq.dll
0x00007ffe4c000000 - 0x00007ffe4c1b4000 	C:\Windows\SYSTEM32\WindowsCodecs.dll
0x00007ffe26120000 - 0x00007ffe2615e000 	C:\Windows\system32\dataexchange.dll
0x00007ffe49eb0000 - 0x00007ffe4a114000 	C:\Windows\system32\d3d11.dll
0x00007ffe4aea0000 - 0x00007ffe4b085000 	C:\Windows\system32\dcomp.dll
0x00007ffe4d7e0000 - 0x00007ffe4d8d3000 	C:\Windows\system32\dxgi.dll
0x00007ffe47450000 - 0x00007ffe47651000 	C:\Windows\system32\twinapi.appcore.dll
0x00007ffe2eff0000 - 0x00007ffe2f024000 	C:\Program Files\Common Files\Microsoft Shared\Ink\rtscom.dll
0x00007ffe38ea0000 - 0x00007ffe38f99000 	C:\Windows\SYSTEM32\textinputframework.dll
0x00007ffe4b2c0000 - 0x00007ffe4b61e000 	C:\Windows\System32\CoreUIComponents.dll
0x00007ffe4b890000 - 0x00007ffe4b982000 	C:\Windows\System32\CoreMessaging.dll
0x00007ffe4dbd0000 - 0x00007ffe4dc03000 	C:\Windows\SYSTEM32\ntmarta.dll
0x00007ffe4a770000 - 0x00007ffe4a8c4000 	C:\Windows\SYSTEM32\wintypes.dll
0x00007ffe42f90000 - 0x00007ffe42f99000 	C:\Program Files\Java\jdk-16.0.2\bin\management.dll
0x00007ffe42f20000 - 0x00007ffe42f2b000 	C:\Program Files\Java\jdk-16.0.2\bin\management_ext.dll

dbghelp: loaded successfully - version: 4.0.5 - missing functions: none
symbol engine: initialized successfully - sym options: 0x614 - pdb path: .;C:\Program Files\Java\jdk-16.0.2\bin;C:\Windows\SYSTEM32;C:\Windows\WinSxS\amd64_microsoft.windows.common-controls_6595b64144ccf1df_6.0.19041.1110_none_60b5254171f9507e;C:\Program Files\Java\jdk-16.0.2\bin\server;C:\Program Files\JetBrains\IntelliJ IDEA 2021.3.3\bin;C:\javafx-sdk-17.0.2\bin;C:\Windows\System32\DriverStore\FileRepository\iigd_dch.inf_amd64_e9b40d45ab4dc6b8;C:\Program Files\Common Files\Microsoft Shared\Ink

VM Arguments:
jvm_args: --module-path=C:/javafx-sdk-17.0.2/lib --add-modules=javafx.controls,javafx.fxml -javaagent:C:\Program Files\JetBrains\IntelliJ IDEA 2021.3.3\lib\idea_rt.jar=61371:C:\Program Files\JetBrains\IntelliJ IDEA 2021.3.3\bin -Dfile.encoding=UTF-8 
java_command: forms.Main
java_class_path (initial): C:\java\Polyclinic\out\production\Polyclinic;C:\javafx-sdk-11.0.2\lib\src.zip;C:\javafx-sdk-11.0.2\lib\javafx-swt.jar;C:\javafx-sdk-11.0.2\lib\javafx.web.jar;C:\javafx-sdk-11.0.2\lib\javafx.base.jar;C:\javafx-sdk-11.0.2\lib\javafx.fxml.jar;C:\javafx-sdk-11.0.2\lib\javafx.media.jar;C:\javafx-sdk-11.0.2\lib\javafx.swing.jar;C:\javafx-sdk-11.0.2\lib\javafx.controls.jar;C:\javafx-sdk-11.0.2\lib\javafx.graphics.jar;C:\java\Polyclinic\src\resources\postgresql-42.3.1 (1).jar;C:\javafx-sdk-17.0.2\lib\javafx-swt.jar;C:\javafx-sdk-17.0.2\lib\javafx.web.jar;C:\javafx-sdk-17.0.2\lib\javafx.base.jar;C:\javafx-sdk-17.0.2\lib\javafx.fxml.jar;C:\javafx-sdk-17.0.2\lib\javafx.media.jar;C:\javafx-sdk-17.0.2\lib\javafx.swing.jar;C:\javafx-sdk-17.0.2\lib\javafx.controls.jar;C:\javafx-sdk-17.0.2\lib\javafx.graphics.jar
Launcher Type: SUN_STANDARD

[Global flags]
     intx CICompilerCount                          = 3                                         {product} {ergonomic}
     uint ConcGCThreads                            = 1                                         {product} {ergonomic}
     uint G1ConcRefinementThreads                  = 4                                         {product} {ergonomic}
   size_t G1HeapRegionSize                         = 1048576                                   {product} {ergonomic}
    uintx GCDrainStackTargetSize                   = 64                                        {product} {ergonomic}
   size_t InitialHeapSize                          = 132120576                                 {product} {ergonomic}
   size_t MarkStackSize                            = 4194304                                   {product} {ergonomic}
   size_t MaxHeapSize                              = 2101346304                                {product} {ergonomic}
   size_t MaxNewSize                               = 1260388352                                {product} {ergonomic}
   size_t MinHeapDeltaBytes                        = 1048576                                   {product} {ergonomic}
   size_t MinHeapSize                              = 8388608                                   {product} {ergonomic}
    uintx NonNMethodCodeHeapSize                   = 5832780                                {pd product} {ergonomic}
    uintx NonProfiledCodeHeapSize                  = 122912730                              {pd product} {ergonomic}
    uintx ProfiledCodeHeapSize                     = 122912730                              {pd product} {ergonomic}
    uintx ReservedCodeCacheSize                    = 251658240                              {pd product} {ergonomic}
     bool SegmentedCodeCache                       = true                                      {product} {ergonomic}
   size_t SoftMaxHeapSize                          = 2101346304                             {manageable} {ergonomic}
     bool UseCompressedClassPointers               = true                           {product lp64_product} {ergonomic}
     bool UseCompressedOops                        = true                           {product lp64_product} {ergonomic}
     bool UseG1GC                                  = true                                      {product} {ergonomic}
     bool UseLargePagesIndividualAllocation        = false                                  {pd product} {ergonomic}

Logging:
Log output configuration:
 #0: stdout all=off uptime,level,tags
 #1: stderr all=off uptime,level,tags

Environment Variables:
PATH=C:\Program Files\Common Files\Oracle\Java\javapath;C:\Program Files (x86)\Common Files\Oracle\Java\javapath;C:\Windows\system32;C:\Windows;C:\Windows\System32\Wbem;C:\Windows\System32\WindowsPowerShell\v1.0\;C:\Windows\System32\OpenSSH\;C:\Program Files\dotnet\;C:\Users\Kate\AppData\Local\Microsoft\WindowsApps;;C:\Program Files\JetBrains\IntelliJ IDEA 2021.2.1\bin;;C:\Users\Kate\.dotnet\tools
USERNAME=Kate
OS=Windows_NT
PROCESSOR_IDENTIFIER=Intel64 Family 6 Model 122 Stepping 1, GenuineIntel



---------------  S Y S T E M  ---------------

OS:
 Windows 10 , 64 bit Build 19041 (10.0.19041.1566)
OS uptime: 20 days 19:45 hours

CPU: total 4 (initial active 4) (4 cores per cpu, 1 threads per core) family 6 model 122 stepping 1 microcode 0x2e, cx8, cmov, fxsr, mmx, 3dnowpref, sse, sse2, sse3, ssse3, sse4.1, sse4.2, popcnt, tsc, tscinvbit, aes, erms, clmul, sha, clflush, clflushopt

Memory: 4k page, system-wide physical 8014M (1388M free)
TotalPageFile size 11342M (AvailPageFile size 1495M)
current process WorkingSet (physical memory assigned to process): 177M, peak: 193M
current process commit charge ("private bytes"): 273M, peak: 289M

vm_info: Java HotSpot(TM) 64-Bit Server VM (16.0.2+7-67) for windows-amd64 JRE (16.0.2+7-67), built on Jun  8 2021 23:24:19 by "mach5one" with MS VC++ 16.7 (VS2019)

END.
