#
# A fatal error has been detected by the Java Runtime Environment:
#
#  EXCEPTION_ACCESS_VIOLATION (0xc0000005) at pc=0x00007ff885d86730, pid=1784, tid=9824
#
# JRE version: Java(TM) SE Runtime Environment (16.0.2+7) (build 16.0.2+7-67)
# Java VM: Java HotSpot(TM) 64-Bit Server VM (16.0.2+7-67, mixed mode, sharing, tiered, compressed oops, compressed class ptrs, g1 gc, windows-amd64)
# Problematic frame:
# C  [glass.dll+0x26730]
#
# No core dump will be written. Minidumps are not enabled by default on client versions of Windows
#
# If you would like to submit a bug report, please visit:
#   https://bugreport.java.com/bugreport/crash.jsp
#

---------------  S U M M A R Y ------------

Command Line: --module-path=C:/javafx-sdk-11.0.2/lib --add-modules=javafx.controls,javafx.fxml -javaagent:C:\Program Files\JetBrains\IntelliJ IDEA 2021.2.1\lib\idea_rt.jar=52420:C:\Program Files\JetBrains\IntelliJ IDEA 2021.2.1\bin -Dfile.encoding=UTF-8 forms.Main

Host: Intel(R) Pentium(R) Silver N5000 CPU @ 1.10GHz, 4 cores, 7G,  Windows 10 , 64 bit Build 19041 (10.0.19041.1503)
Time: Sun Feb 27 13:41:34 2022 RTZ 2 (s 10 , 64 bit Build 19041 (10.0.19041.1503) elapsed time: 164.166451 seconds (0d 0h 2m 44s)

---------------  T H R E A D  ---------------

Current thread (0x00000215b7fd8ed0):  VMThread "VM Thread" [stack: 0x0000006879500000,0x0000006879600000] [id=9824]

Stack: [0x0000006879500000,0x0000006879600000],  sp=0x00000068795fee60,  free space=1019k
Native frames: (J=compiled Java code, j=interpreted, Vv=VM code, C=native code)
C  [glass.dll+0x26730]


siginfo: EXCEPTION_ACCESS_VIOLATION (0xc0000005), reading address 0x0000000000000000


Register to memory mapping:

RIP=0x00007ff885d86730 glass.dll
RAX=0x0 is NULL
RBX=0x00000215b7fe20d8 is a global jni handle
RCX=0x00000215b7fd8ed0 points into unknown readable memory: 0x00007ff86a79f638 | 38 f6 79 6a f8 7f 00 00
RDX=0x00000068795fee60 points into unknown readable memory: 0x0000000000000000 | 00 00 00 00 00 00 00 00
RSP=0x00000068795fee60 points into unknown readable memory: 0x0000000000000000 | 00 00 00 00 00 00 00 00
RBP=0x00000215b9110e88 points into unknown readable memory: 0x0000ddfec78ddf0d | 0d df 8d c7 fe dd 00 00
RSI=0x00000215b9110e60 points into unknown readable memory: 0x0fffcd45c156df0d | 0d df 56 c1 45 cd ff 0f
RDI=0x0000ddfec78ddf0d is an unknown value
R8 =0x0000000000010002 is an unknown value
R9 =0x0000ddfec78ddf0d is an unknown value
R10=0x0000000000008000 is an unknown value
R11=0x00000068795fee00 points into unknown readable memory: 0x0000000000000000 | 00 00 00 00 00 00 00 00
R12=0x00007ff885d83be0 glass.dll
R13=0x000002159a9ceea0 points into unknown readable memory: 0x8000000900000001 | 01 00 00 00 09 00 00 80
R14=0x00000068795fef68 points into unknown readable memory: 0x00000068795fef50 | 50 ef 5f 79 68 00 00 00
R15=0x00000215b9110e60 points into unknown readable memory: 0x0fffcd45c156df0d | 0d df 56 c1 45 cd ff 0f


Registers:
RAX=0x0000000000000000, RBX=0x00000215b7fe20d8, RCX=0x00000215b7fd8ed0, RDX=0x00000068795fee60
RSP=0x00000068795fee60, RBP=0x00000215b9110e88, RSI=0x00000215b9110e60, RDI=0x0000ddfec78ddf0d
R8 =0x0000000000010002, R9 =0x0000ddfec78ddf0d, R10=0x0000000000008000, R11=0x00000068795fee00
R12=0x00007ff885d83be0, R13=0x000002159a9ceea0, R14=0x00000068795fef68, R15=0x00000215b9110e60
RIP=0x00007ff885d86730, EFLAGS=0x0000000000010202

Top of Stack: (sp=0x00000068795fee60)
0x00000068795fee60:   0000000000000000 00007ff8a607f05b
0x00000068795fee70:   00000215b9110e70 00000215b9110e60
0x00000068795fee80:   fffffffffffffffe 00007ff885d83be0
0x00000068795fee90:   00000215b9110e68 00007ff8a60842d6
0x00000068795feea0:   00000215b9110e70 0000021500000000
0x00000068795feeb0:   00000215b9110e88 00000215b9110e60
0x00000068795feec0:   fffffffffffffffe 0000000000000000
0x00000068795feed0:   0000000000000001 00007ff885d60000
0x00000068795feee0:   00000068795fef58 00007ff8a60841fb
0x00000068795feef0:   0000000000000000 00000068795fef68
0x00000068795fef00:   00000068795ff220 00007ff8a6160e40
0x00000068795fef10:   0000000000000001 00007ff8a60841b4
0x00000068795fef20:   0000000000000000 0000000000000001
0x00000068795fef30:   00007ff80000000d 00000068795fef58
0x00000068795fef40:   0000000000000000 00007ff885d83a60
0x00000068795fef50:   00007ff885d9d100 0000006800000002 

Instructions: (pc=0x00007ff885d86730)
0x00007ff885d86630:   8b 4d 60 e8 d8 c9 ff ff 48 8b 55 68 48 8b 8d 08
0x00007ff885d86640:   01 00 00 e8 a9 be ff ff 33 d2 33 c9 e8 a9 de ff
0x00007ff885d86650:   ff 90 cc cc cc cc cc cc cc cc cc cc cc cc cc cc
0x00007ff885d86660:   48 8d 8a 80 00 00 00 e9 14 ea fe ff 48 89 54 24
0x00007ff885d86670:   10 55 48 83 ec 20 48 8b ea 48 8d 05 1d cb ff ff
0x00007ff885d86680:   48 83 c4 20 5d c3 cc 40 55 48 8b ea 48 8b 01 33
0x00007ff885d86690:   c9 81 38 05 00 00 c0 0f 94 c1 8b c1 5d c3 cc 40
0x00007ff885d866a0:   55 48 83 ec 20 48 8b ea 8a 4d 40 48 83 c4 20 5d
0x00007ff885d866b0:   e9 23 ce ff ff cc 40 55 48 83 ec 20 48 8b ea e8
0x00007ff885d866c0:   3c cc ff ff 8a 4d 38 48 83 c4 20 5d e9 07 ce ff
0x00007ff885d866d0:   ff cc 40 55 48 83 ec 30 48 8b ea 48 8b 01 8b 10
0x00007ff885d866e0:   48 89 4c 24 28 89 54 24 20 4c 8d 0d d0 d1 ff ff
0x00007ff885d866f0:   4c 8b 45 70 8b 55 68 48 8b 4d 60 e8 70 cb ff ff
0x00007ff885d86700:   90 48 83 c4 30 5d c3 cc cc cc cc cc cc cc cc cc
0x00007ff885d86710:   40 53 48 83 ec 30 48 c7 44 24 20 fe ff ff ff 48
0x00007ff885d86720:   8b 1d ea 63 01 00 48 85 db 74 16 e8 90 86 ff ff
0x00007ff885d86730:   4c 8b 00 48 8b d3 48 8b c8 41 ff 90 b0 00 00 00
0x00007ff885d86740:   90 48 83 c4 30 5b c3 cc cc cc cc cc cc cc cc cc
0x00007ff885d86750:   40 53 48 83 ec 20 48 8b 1d 4b 65 01 00 48 85 db
0x00007ff885d86760:   74 57 b8 ff ff ff ff f0 0f c1 43 10 83 f8 01 75
0x00007ff885d86770:   3d 48 85 db 74 38 48 8b 0b 48 85 c9 74 0d ff 15
0x00007ff885d86780:   24 0b 00 00 48 c7 03 00 00 00 00 48 8b 4b 08 48
0x00007ff885d86790:   85 c9 74 0d e8 77 c8 ff ff 48 c7 43 08 00 00 00
0x00007ff885d867a0:   00 ba 18 00 00 00 48 8b cb e8 62 c8 ff ff 48 c7
0x00007ff885d867b0:   05 ef 64 01 00 00 00 00 00 48 83 c4 20 5b c3 cc
0x00007ff885d867c0:   40 53 48 83 ec 20 48 8b 1d bb 64 01 00 48 85 db
0x00007ff885d867d0:   74 57 b8 ff ff ff ff f0 0f c1 43 10 83 f8 01 75
0x00007ff885d867e0:   3d 48 85 db 74 38 48 8b 0b 48 85 c9 74 0d ff 15
0x00007ff885d867f0:   b4 0a 00 00 48 c7 03 00 00 00 00 48 8b 4b 08 48
0x00007ff885d86800:   85 c9 74 0d e8 07 c8 ff ff 48 c7 43 08 00 00 00
0x00007ff885d86810:   00 ba 18 00 00 00 48 8b cb e8 f2 c7 ff ff 48 c7
0x00007ff885d86820:   05 5f 64 01 00 00 00 00 00 48 83 c4 20 5b c3 cc 


Stack slot to memory mapping:
stack at sp + 0 slots: 0x0 is NULL
stack at sp + 1 slots: 0x00007ff8a607f05b ucrtbase.dll
stack at sp + 2 slots: 0x00000215b9110e70 points into unknown readable memory: 0x0000ddfec78ddf0d | 0d df 8d c7 fe dd 00 00
stack at sp + 3 slots: 0x00000215b9110e60 points into unknown readable memory: 0x0fffcd45c156df0d | 0d df 56 c1 45 cd ff 0f
stack at sp + 4 slots: 0xfffffffffffffffe is an unknown value
stack at sp + 5 slots: 0x00007ff885d83be0 glass.dll
stack at sp + 6 slots: 0x00000215b9110e68 points into unknown readable memory: 0x0000ddfec78ddf0d | 0d df 8d c7 fe dd 00 00
stack at sp + 7 slots: 0x00007ff8a60842d6 ucrtbase.dll

VM_Operation (0x0000006878cfedd0): Exit, mode: safepoint, requested by thread 0x00000215ba45b5b0


---------------  P R O C E S S  ---------------

Threads class SMR info:
_java_thread_list=0x00000215b966cb50, length=21, elements={
0x000002159a978dd0, 0x00000215b7fdcb20, 0x00000215b7fdd9e0, 0x00000215b7ff59b0,
0x00000215b7ff63b0, 0x00000215b7ff6db0, 0x00000215b7ffabe0, 0x00000215b7ffd0a0,
0x00000215b8027630, 0x00000215b7fbaa50, 0x00000215b93d2360, 0x00000215b93d2880,
0x00000215b982ef80, 0x00000215b9919e70, 0x00000215b9ecec10, 0x00000215ba1b93c0,
0x00000215ba1b98e0, 0x00000215ba45b060, 0x00000215ba45a070, 0x00000215ba45b5b0,
0x00000215ba45a5c0
}

Java Threads: ( => current thread )
  0x000002159a978dd0 JavaThread "main" [_thread_blocked, id=13628, stack(0x0000006878f00000,0x0000006879000000)]
  0x00000215b7fdcb20 JavaThread "Reference Handler" daemon [_thread_blocked, id=5972, stack(0x0000006879600000,0x0000006879700000)]
  0x00000215b7fdd9e0 JavaThread "Finalizer" daemon [_thread_blocked, id=5612, stack(0x0000006879700000,0x0000006879800000)]
  0x00000215b7ff59b0 JavaThread "Attach Listener" daemon [_thread_blocked, id=5648, stack(0x0000006879900000,0x0000006879a00000)]
  0x00000215b7ff63b0 JavaThread "Service Thread" daemon [_thread_blocked, id=11100, stack(0x0000006879a00000,0x0000006879b00000)]
  0x00000215b7ff6db0 JavaThread "Monitor Deflation Thread" daemon [_thread_blocked, id=3020, stack(0x0000006879b00000,0x0000006879c00000)]
  0x00000215b7ffabe0 JavaThread "C2 CompilerThread0" daemon [_thread_blocked, id=1384, stack(0x0000006879c00000,0x0000006879d00000)]
  0x00000215b7ffd0a0 JavaThread "C1 CompilerThread0" daemon [_thread_blocked, id=15000, stack(0x0000006879d00000,0x0000006879e00000)]
  0x00000215b8027630 JavaThread "Sweeper thread" daemon [_thread_blocked, id=1092, stack(0x0000006879e00000,0x0000006879f00000)]
  0x00000215b7fbaa50 JavaThread "Common-Cleaner" daemon [_thread_blocked, id=1364, stack(0x0000006879f00000,0x000000687a000000)]
  0x00000215b93d2360 JavaThread "Monitor Ctrl-Break" daemon [_thread_in_native, id=7340, stack(0x000000687a100000,0x000000687a200000)]
  0x00000215b93d2880 JavaThread "Notification Thread" daemon [_thread_blocked, id=3040, stack(0x000000687a200000,0x000000687a300000)]
  0x00000215b982ef80 JavaThread "QuantumRenderer-0" daemon [_thread_blocked, id=9396, stack(0x000000687a400000,0x000000687a500000)]
  0x00000215b9919e70 JavaThread "InvokeLaterDispatcher" daemon [_thread_blocked, id=10092, stack(0x000000687a500000,0x000000687a600000)]
  0x00000215b9ecec10 JavaThread "JavaFX Application Thread" [_thread_in_native, id=13324, stack(0x000000687a600000,0x000000687a700000)]
  0x00000215ba1b93c0 JavaThread "JavaFX-Launcher" [_thread_blocked, id=5744, stack(0x000000687ae00000,0x000000687af00000)]
  0x00000215ba1b98e0 JavaThread "Thread-2" daemon [_thread_in_native, id=12920, stack(0x000000687ad00000,0x000000687ae00000)]
  0x00000215ba45b060 JavaThread "Prism Font Disposer" daemon [_thread_blocked, id=14908, stack(0x000000687b200000,0x000000687b300000)]
  0x00000215ba45a070 JavaThread "Cleaner-0" daemon [_thread_blocked, id=15176, stack(0x000000687a000000,0x000000687a100000)]
  0x00000215ba45b5b0 JavaThread "SIGINT handler" daemon [_thread_blocked, id=14340, stack(0x0000006878c00000,0x0000006878d00000)]
  0x00000215ba45a5c0 JavaThread "Glass/Prism Shutdown Hook" [_thread_blocked, id=11992, stack(0x0000006878d00000,0x0000006878e00000)]

Other Threads:
=>0x00000215b7fd8ed0 VMThread "VM Thread" [stack: 0x0000006879500000,0x0000006879600000] [id=9824]
  0x000002159a9b7550 GCTaskThread "GC Thread#0" [stack: 0x0000006879000000,0x0000006879100000] [id=14296]
  0x00000215b991a390 GCTaskThread "GC Thread#1" [stack: 0x000000687a700000,0x000000687a800000] [id=14632]
  0x00000215b9239d40 GCTaskThread "GC Thread#2" [stack: 0x000000687a800000,0x000000687a900000] [id=5732]
  0x00000215b8e27370 GCTaskThread "GC Thread#3" [stack: 0x000000687a900000,0x000000687aa00000] [id=11324]
  0x000002159a9c8110 ConcurrentGCThread "G1 Main Marker" terminated
  0x000002159a9c93a0 ConcurrentGCThread "G1 Conc#0" [stack: 0x0000006879200000,0x0000006879300000] [id=11764]
  0x000002159aa42f00 ConcurrentGCThread "G1 Refine#0" terminated
  0x00000215ba5e7a60 ConcurrentGCThread "G1 Refine#1" terminated
  0x000002159aa43a00 ConcurrentGCThread "G1 Service" terminated

Threads with active compile tasks:
C2 CompilerThread0  
[error occurred during error reporting (printing all threads), id 0xc0000005, EXCEPTION_ACCESS_VIOLATION (0xc0000005) at pc=0x00007ff86a5bb5c3]

VM state: at safepoint (shutting down)

VM Mutex/Monitor currently owned by a thread:  ([mutex/lock_event])
[0x000002159a973c10] Threads_lock - owner thread: 0x00000215b7fd8ed0
[0x000002159a9754d0] Heap_lock - owner thread: 0x00000215ba45b5b0

Heap address: 0x0000000082c00000, size: 2004 MB, Compressed Oops mode: 32-bit

CDS archive(s) mapped at: [0x0000000800000000-0x0000000800bb0000-0x0000000800bb0000), size 12255232, SharedBaseAddress: 0x0000000800000000, ArchiveRelocationMode: 0.
Compressed class space mapped at: 0x0000000800c00000-0x0000000840c00000, reserved size: 1073741824
Narrow klass base: 0x0000000800000000, Narrow klass shift: 3, Narrow klass range: 0x100000000

GC Precious Log:
 CPUs: 4 total, 4 available
 Memory: 8014M
 Large Page Support: Disabled
 NUMA Support: Disabled
 Compressed Oops: Enabled (32-bit)
 Heap Region Size: 1M
 Heap Min Capacity: 8M
 Heap Initial Capacity: 126M
 Heap Max Capacity: 2004M
 Pre-touch: Disabled
 Parallel Workers: 4
 Concurrent Workers: 1
 Concurrent Refinement Workers: 4
 Periodic GC: Disabled

Heap:
 garbage-first heap   total 65536K, used 21134K [0x0000000082c00000, 0x0000000100000000)
  region size 1024K, 14 young (14336K), 10 survivors (10240K)
 Metaspace       used 21332K, committed 21632K, reserved 1073152K
  class space    used 2822K, committed 2944K, reserved 1048576K

Heap Regions: E=young(eden), S=young(survivor), O=old, HS=humongous(starts), HC=humongous(continues), CS=collection set, F=free, OA=open archive, CA=closed archive, TAMS=top-at-mark-start (previous, next)
|   0|0x0000000082c00000, 0x0000000082d00000, 0x0000000082d00000|100%| O|  |TAMS 0x0000000082d00000, 0x0000000082c00000| Untracked 
|   1|0x0000000082d00000, 0x0000000082e00000, 0x0000000082e00000|100%| O|  |TAMS 0x0000000082e00000, 0x0000000082d00000| Untracked 
|   2|0x0000000082e00000, 0x0000000082f00000, 0x0000000082f00000|100%| O|  |TAMS 0x0000000082eac600, 0x0000000082e00000| Untracked 
|   3|0x0000000082f00000, 0x0000000082f00000, 0x0000000083000000|  0%| F|  |TAMS 0x0000000082f00000, 0x0000000082f00000| Untracked 
|   4|0x0000000083000000, 0x0000000083000000, 0x0000000083100000|  0%| F|  |TAMS 0x0000000083000000, 0x0000000083000000| Untracked 
|   5|0x0000000083100000, 0x0000000083200000, 0x0000000083200000|100%|HS|  |TAMS 0x0000000083200000, 0x0000000083100000| Complete 
|   6|0x0000000083200000, 0x0000000083300000, 0x0000000083300000|100%|HS|  |TAMS 0x0000000083300000, 0x0000000083200000| Complete 
|   7|0x0000000083300000, 0x0000000083400000, 0x0000000083400000|100%|HC|  |TAMS 0x0000000083400000, 0x0000000083300000| Complete 
|   8|0x0000000083400000, 0x0000000083500000, 0x0000000083500000|100%| O|  |TAMS 0x0000000083400000, 0x0000000083400000| Untracked 
|   9|0x0000000083500000, 0x00000000835a3800, 0x0000000083600000| 63%| O|  |TAMS 0x0000000083500000, 0x0000000083500000| Untracked 
|  10|0x0000000083600000, 0x0000000083600000, 0x0000000083700000|  0%| F|  |TAMS 0x0000000083600000, 0x0000000083600000| Untracked 
|  11|0x0000000083700000, 0x0000000083700000, 0x0000000083800000|  0%| F|  |TAMS 0x0000000083700000, 0x0000000083700000| Untracked 
|  12|0x0000000083800000, 0x0000000083800000, 0x0000000083900000|  0%| F|  |TAMS 0x0000000083800000, 0x0000000083800000| Untracked 
|  13|0x0000000083900000, 0x0000000083900000, 0x0000000083a00000|  0%| F|  |TAMS 0x0000000083900000, 0x0000000083900000| Untracked 
|  14|0x0000000083a00000, 0x0000000083a00000, 0x0000000083b00000|  0%| F|  |TAMS 0x0000000083a00000, 0x0000000083a00000| Untracked 
|  15|0x0000000083b00000, 0x0000000083b00000, 0x0000000083c00000|  0%| F|  |TAMS 0x0000000083b00000, 0x0000000083b00000| Untracked 
|  16|0x0000000083c00000, 0x0000000083c00000, 0x0000000083d00000|  0%| F|  |TAMS 0x0000000083c00000, 0x0000000083c00000| Untracked 
|  17|0x0000000083d00000, 0x0000000083d00000, 0x0000000083e00000|  0%| F|  |TAMS 0x0000000083d00000, 0x0000000083d00000| Untracked 
|  18|0x0000000083e00000, 0x0000000083e00000, 0x0000000083f00000|  0%| F|  |TAMS 0x0000000083e00000, 0x0000000083e00000| Untracked 
|  19|0x0000000083f00000, 0x0000000083f00000, 0x0000000084000000|  0%| F|  |TAMS 0x0000000083f00000, 0x0000000083f00000| Untracked 
|  20|0x0000000084000000, 0x0000000084000000, 0x0000000084100000|  0%| F|  |TAMS 0x0000000084000000, 0x0000000084000000| Untracked 
|  21|0x0000000084100000, 0x0000000084100000, 0x0000000084200000|  0%| F|  |TAMS 0x0000000084100000, 0x0000000084100000| Untracked 
|  22|0x0000000084200000, 0x0000000084200000, 0x0000000084300000|  0%| F|  |TAMS 0x0000000084200000, 0x0000000084200000| Untracked 
|  23|0x0000000084300000, 0x0000000084300000, 0x0000000084400000|  0%| F|  |TAMS 0x0000000084300000, 0x0000000084300000| Untracked 
|  24|0x0000000084400000, 0x0000000084400000, 0x0000000084500000|  0%| F|  |TAMS 0x0000000084400000, 0x0000000084400000| Untracked 
|  25|0x0000000084500000, 0x0000000084500000, 0x0000000084600000|  0%| F|  |TAMS 0x0000000084500000, 0x0000000084500000| Untracked 
|  26|0x0000000084600000, 0x0000000084600000, 0x0000000084700000|  0%| F|  |TAMS 0x0000000084600000, 0x0000000084600000| Untracked 
|  27|0x0000000084700000, 0x0000000084700000, 0x0000000084800000|  0%| F|  |TAMS 0x0000000084700000, 0x0000000084700000| Untracked 
|  28|0x0000000084800000, 0x0000000084800000, 0x0000000084900000|  0%| F|  |TAMS 0x0000000084800000, 0x0000000084800000| Untracked 
|  29|0x0000000084900000, 0x0000000084900000, 0x0000000084a00000|  0%| F|  |TAMS 0x0000000084900000, 0x0000000084900000| Untracked 
|  30|0x0000000084a00000, 0x0000000084a00000, 0x0000000084b00000|  0%| F|  |TAMS 0x0000000084a00000, 0x0000000084a00000| Untracked 
|  31|0x0000000084b00000, 0x0000000084b00000, 0x0000000084c00000|  0%| F|  |TAMS 0x0000000084b00000, 0x0000000084b00000| Untracked 
|  32|0x0000000084c00000, 0x0000000084c00000, 0x0000000084d00000|  0%| F|  |TAMS 0x0000000084c00000, 0x0000000084c00000| Untracked 
|  33|0x0000000084d00000, 0x0000000084d00000, 0x0000000084e00000|  0%| F|  |TAMS 0x0000000084d00000, 0x0000000084d00000| Untracked 
|  34|0x0000000084e00000, 0x0000000084e00000, 0x0000000084f00000|  0%| F|  |TAMS 0x0000000084e00000, 0x0000000084e00000| Untracked 
|  35|0x0000000084f00000, 0x0000000084f00000, 0x0000000085000000|  0%| F|  |TAMS 0x0000000084f00000, 0x0000000084f00000| Untracked 
|  36|0x0000000085000000, 0x0000000085000000, 0x0000000085100000|  0%| F|  |TAMS 0x0000000085000000, 0x0000000085000000| Untracked 
|  37|0x0000000085100000, 0x0000000085100000, 0x0000000085200000|  0%| F|  |TAMS 0x0000000085100000, 0x0000000085100000| Untracked 
|  38|0x0000000085200000, 0x0000000085200000, 0x0000000085300000|  0%| F|  |TAMS 0x0000000085200000, 0x0000000085200000| Untracked 
|  39|0x0000000085300000, 0x0000000085300000, 0x0000000085400000|  0%| F|  |TAMS 0x0000000085300000, 0x0000000085300000| Untracked 
|  40|0x0000000085400000, 0x0000000085400000, 0x0000000085500000|  0%| F|  |TAMS 0x0000000085400000, 0x0000000085400000| Untracked 
|  41|0x0000000085500000, 0x0000000085500000, 0x0000000085600000|  0%| F|  |TAMS 0x0000000085500000, 0x0000000085500000| Untracked 
|  42|0x0000000085600000, 0x0000000085600000, 0x0000000085700000|  0%| F|  |TAMS 0x0000000085600000, 0x0000000085600000| Untracked 
|  43|0x0000000085700000, 0x0000000085700000, 0x0000000085800000|  0%| F|  |TAMS 0x0000000085700000, 0x0000000085700000| Untracked 
|  44|0x0000000085800000, 0x0000000085800000, 0x0000000085900000|  0%| F|  |TAMS 0x0000000085800000, 0x0000000085800000| Untracked 
|  45|0x0000000085900000, 0x0000000085900000, 0x0000000085a00000|  0%| F|  |TAMS 0x0000000085900000, 0x0000000085900000| Untracked 
|  46|0x0000000085a00000, 0x0000000085a00000, 0x0000000085b00000|  0%| F|  |TAMS 0x0000000085a00000, 0x0000000085a00000| Untracked 
|  47|0x0000000085b00000, 0x0000000085b00000, 0x0000000085c00000|  0%| F|  |TAMS 0x0000000085b00000, 0x0000000085b00000| Untracked 
|  48|0x0000000085c00000, 0x0000000085c00000, 0x0000000085d00000|  0%| F|  |TAMS 0x0000000085c00000, 0x0000000085c00000| Untracked 
|  49|0x0000000085d00000, 0x0000000085d00000, 0x0000000085e00000|  0%| F|  |TAMS 0x0000000085d00000, 0x0000000085d00000| Untracked 
|  50|0x0000000085e00000, 0x0000000085e304e0, 0x0000000085f00000| 18%| E|  |TAMS 0x0000000085e00000, 0x0000000085e00000| Complete 
|  51|0x0000000085f00000, 0x0000000086000000, 0x0000000086000000|100%| E|CS|TAMS 0x0000000085f00000, 0x0000000085f00000| Complete 
|  52|0x0000000086000000, 0x0000000086100000, 0x0000000086100000|100%| E|CS|TAMS 0x0000000086000000, 0x0000000086000000| Complete 
|  53|0x0000000086100000, 0x0000000086200000, 0x0000000086200000|100%| S|CS|TAMS 0x0000000086100000, 0x0000000086100000| Complete 
|  54|0x0000000086200000, 0x0000000086300000, 0x0000000086300000|100%| S|CS|TAMS 0x0000000086200000, 0x0000000086200000| Complete 
|  55|0x0000000086300000, 0x0000000086400000, 0x0000000086400000|100%| S|CS|TAMS 0x0000000086300000, 0x0000000086300000| Complete 
|  56|0x0000000086400000, 0x0000000086500000, 0x0000000086500000|100%| S|CS|TAMS 0x0000000086400000, 0x0000000086400000| Complete 
|  57|0x0000000086500000, 0x0000000086600000, 0x0000000086600000|100%| S|CS|TAMS 0x0000000086500000, 0x0000000086500000| Complete 
|  58|0x0000000086600000, 0x0000000086700000, 0x0000000086700000|100%| S|CS|TAMS 0x0000000086600000, 0x0000000086600000| Complete 
|  59|0x0000000086700000, 0x0000000086800000, 0x0000000086800000|100%| S|CS|TAMS 0x0000000086700000, 0x0000000086700000| Complete 
|  60|0x0000000086800000, 0x0000000086900000, 0x0000000086900000|100%| S|CS|TAMS 0x0000000086800000, 0x0000000086800000| Complete 
|  61|0x0000000086900000, 0x0000000086a00000, 0x0000000086a00000|100%| S|CS|TAMS 0x0000000086900000, 0x0000000086900000| Complete 
|  62|0x0000000086a00000, 0x0000000086b00000, 0x0000000086b00000|100%| S|CS|TAMS 0x0000000086a00000, 0x0000000086a00000| Complete 
| 125|0x000000008a900000, 0x000000008aa00000, 0x000000008aa00000|100%| E|CS|TAMS 0x000000008a900000, 0x000000008a900000| Complete 

Card table byte_map: [0x00000215b14f0000,0x00000215b18e0000] _byte_map_base: 0x00000215b10da000

Marking Bits (Prev, Next): (CMBitMap*) 0x000002159a9b7c80, (CMBitMap*) 0x000002159a9b7c40
 Prev Bits: [0x00000215b3c20000, 0x00000215b5b70000)
 Next Bits: [0x00000215b1cd0000, 0x00000215b3c20000)

Polling page: 0x0000021598900000

Metaspace:

Usage:
  Non-class:     18.08 MB used.
      Class:      2.76 MB used.
       Both:     20.83 MB used.

Virtual space:
  Non-class space:       24.00 MB reserved,      18.25 MB ( 76%) committed,  3 nodes.
      Class space:        1.00 GB reserved,       2.88 MB ( <1%) committed,  1 nodes.
              Both:        1.02 GB reserved,      21.12 MB (  2%) committed. 

Chunk freelists:
   Non-Class:  1.80 MB
       Class:  1.02 MB
        Both:  2.82 MB

MaxMetaspaceSize: 17179869184.00 GB
CompressedClassSpaceSize: 1.00 GB
 - commit_granule_bytes: 65536.
 - commit_granule_words: 8192.
 - virtual_space_node_default_size: 1048576.
 - enlarge_chunks_in_place: 1.
 - new_chunks_are_fully_committed: 0.
 - uncommit_free_chunks: 1.
 - use_allocation_guard: 0.
 - handle_deallocations: 1.


Internal statistics:

num_allocs_failed_limit: 3.
num_arena_births: 220.
num_arena_deaths: 0.
num_vsnodes_births: 4.
num_vsnodes_deaths: 0.
num_space_committed: 338.
num_space_uncommitted: 0.
num_chunks_returned_to_freelist: 3.
num_chunks_taken_from_freelist: 936.
num_chunk_merges: 0.
num_chunk_splits: 645.
num_chunks_enlarged: 505.
num_purges: 0.

CodeHeap 'non-profiled nmethods': size=120000Kb used=2011Kb max_used=2011Kb free=117988Kb
 bounds [0x00000215a9bd0000, 0x00000215a9e40000, 0x00000215b1100000]
CodeHeap 'profiled nmethods': size=120000Kb used=9302Kb max_used=9302Kb free=110697Kb
 bounds [0x00000215a26a0000, 0x00000215a2fc0000, 0x00000215a9bd0000]
CodeHeap 'non-nmethods': size=5760Kb used=1472Kb max_used=1532Kb free=4287Kb
 bounds [0x00000215a2100000, 0x00000215a2370000, 0x00000215a26a0000]
 total_blobs=5513 nmethods=4674 adapters=752
 compilation: enabled
              stopped_count=0, restarted_count=0
 full_count=0

Compilation events (20 events):
Event: 121.742 Thread 0x00000215b7ffd0a0 4668       3       sun.nio.cs.UTF_8$Encoder::encodeArrayLoop (489 bytes)
Event: 121.742 Thread 0x00000215b7ffabe0 nmethod 4667 0x00000215a9dc6890 code [0x00000215a9dc6a20, 0x00000215a9dc6af8]
Event: 121.744 Thread 0x00000215b7ffabe0 4672       4       java.nio.Buffer::clear (20 bytes)
Event: 121.745 Thread 0x00000215b7ffabe0 nmethod 4672 0x00000215a9dc6b90 code [0x00000215a9dc6d00, 0x00000215a9dc6d98]
Event: 121.745 Thread 0x00000215b7ffd0a0 nmethod 4668 0x00000215a2fac690 code [0x00000215a2facca0, 0x00000215a2fb03e8]
Event: 121.745 Thread 0x00000215b7ffd0a0 4669       3       java.io.OutputStream::flush (1 bytes)
Event: 121.745 Thread 0x00000215b7ffd0a0 nmethod 4669 0x00000215a2fb1590 code [0x00000215a2fb1720, 0x00000215a2fb1838]
Event: 121.745 Thread 0x00000215b7ffd0a0 4670  s    3       java.io.BufferedOutputStream::flush (12 bytes)
Event: 121.746 Thread 0x00000215b7ffd0a0 nmethod 4670 0x00000215a2fb1910 code [0x00000215a2fb1ae0, 0x00000215a2fb1ef8]
Event: 121.746 Thread 0x00000215b7ffd0a0 4671       3       java.io.BufferedOutputStream::flushBuffer (29 bytes)
Event: 121.746 Thread 0x00000215b7ffd0a0 nmethod 4671 0x00000215a2fb2010 code [0x00000215a2fb21c0, 0x00000215a2fb23e8]
Event: 121.746 Thread 0x00000215b7ffd0a0 4674       3       java.nio.CharBuffer::position (6 bytes)
Event: 121.746 Thread 0x00000215b7ffd0a0 nmethod 4674 0x00000215a2fb2490 code [0x00000215a2fb2640, 0x00000215a2fb27e8]
Event: 121.746 Thread 0x00000215b7ffd0a0 4673       3       java.io.PrintStream::ensureOpen (18 bytes)
Event: 121.746 Thread 0x00000215b7ffd0a0 nmethod 4673 0x00000215a2fb2890 code [0x00000215a2fb2a40, 0x00000215a2fb2c68]
Event: 163.542 Thread 0x00000215b7ffd0a0 4675   !   3       java.util.concurrent.ConcurrentHashMap::replaceNode (437 bytes)
Event: 163.542 Thread 0x00000215b7ffabe0 4677       4       java.util.concurrent.ConcurrentHashMap::addCount (280 bytes)
Event: 163.544 Thread 0x00000215b7ffd0a0 nmethod 4675 0x00000215a2fb2d10 code [0x00000215a2fb3080, 0x00000215a2fb4998]
Event: 163.544 Thread 0x00000215b7ffd0a0 4676       3       java.util.concurrent.ConcurrentHashMap::remove (8 bytes)
Event: 163.544 Thread 0x00000215b7ffd0a0 nmethod 4676 0x00000215a2fb5710 code [0x00000215a2fb58c0, 0x00000215a2fb5a08]

GC Heap History (6 events):
Event: 0.758 GC heap before
{Heap before GC invocations=0 (full 0):
 garbage-first heap   total 129024K, used 12288K [0x0000000082c00000, 0x0000000100000000)
  region size 1024K, 13 young (13312K), 0 survivors (0K)
 Metaspace       used 2800K, committed 2944K, reserved 1056768K
  class space    used 285K, committed 384K, reserved 1048576K
}
Event: 0.782 GC heap after
{Heap after GC invocations=1 (full 0):
 garbage-first heap   total 129024K, used 2287K [0x0000000082c00000, 0x0000000100000000)
  region size 1024K, 2 young (2048K), 2 survivors (2048K)
 Metaspace       used 2800K, committed 2944K, reserved 1056768K
  class space    used 285K, committed 384K, reserved 1048576K
}
Event: 1.385 GC heap before
{Heap before GC invocations=1 (full 0):
 garbage-first heap   total 129024K, used 17647K [0x0000000082c00000, 0x0000000100000000)
  region size 1024K, 18 young (18432K), 2 survivors (2048K)
 Metaspace       used 7945K, committed 8128K, reserved 1056768K
  class space    used 943K, committed 1024K, reserved 1048576K
}
Event: 1.394 GC heap after
{Heap after GC invocations=2 (full 0):
 garbage-first heap   total 129024K, used 5742K [0x0000000082c00000, 0x0000000100000000)
  region size 1024K, 3 young (3072K), 3 survivors (3072K)
 Metaspace       used 7945K, committed 8128K, reserved 1056768K
  class space    used 943K, committed 1024K, reserved 1048576K
}
Event: 43.389 GC heap before
{Heap before GC invocations=2 (full 0):
 garbage-first heap   total 129024K, used 71278K [0x0000000082c00000, 0x0000000100000000)
  region size 1024K, 63 young (64512K), 3 survivors (3072K)
 Metaspace       used 21017K, committed 21248K, reserved 1073152K
  class space    used 2816K, committed 2944K, reserved 1048576K
}
Event: 43.426 GC heap after
{Heap after GC invocations=3 (full 0):
 garbage-first heap   total 129024K, used 18062K [0x0000000082c00000, 0x0000000100000000)
  region size 1024K, 10 young (10240K), 10 survivors (10240K)
 Metaspace       used 21017K, committed 21248K, reserved 1073152K
  class space    used 2816K, committed 2944K, reserved 1048576K
}

Deoptimization events (20 events):
Event: 38.034 Thread 0x00000215b9ecec10 Uncommon trap: trap_request=0xffffff45 fr.pc=0x00000215a9d0fda8 relative=0x0000000000000248
Event: 38.034 Thread 0x00000215b9ecec10 Uncommon trap: reason=unstable_if action=reinterpret pc=0x00000215a9d0fda8 method=com.sun.javafx.css.StyleManager.getStyleMap(Ljavafx/css/Styleable;Ljavafx/scene/SubScene;I)Lcom/sun/javafx/css/StyleMap; @ 2 c2
Event: 38.034 Thread 0x00000215b9ecec10 DEOPT PACKING pc=0x00000215a9d0fda8 sp=0x000000687a6f7580
Event: 38.034 Thread 0x00000215b9ecec10 DEOPT UNPACKING pc=0x00000215a214d728 sp=0x000000687a6f74b0 mode 2
Event: 56.736 Thread 0x00000215b9ecec10 Uncommon trap: trap_request=0xffffff45 fr.pc=0x00000215a9dac5a4 relative=0x0000000000000464
Event: 56.736 Thread 0x00000215b9ecec10 Uncommon trap: reason=unstable_if action=reinterpret pc=0x00000215a9dac5a4 method=javafx.scene.Scene.addToDirtyList(Ljavafx/scene/Node;)V @ 43 c2
Event: 56.736 Thread 0x00000215b9ecec10 DEOPT PACKING pc=0x00000215a9dac5a4 sp=0x000000687a6f5ff0
Event: 56.736 Thread 0x00000215b9ecec10 DEOPT UNPACKING pc=0x00000215a214d728 sp=0x000000687a6f5ee0 mode 2
Event: 118.524 Thread 0x00000215b9ecec10 Uncommon trap: trap_request=0xffffff45 fr.pc=0x00000215a9d02d90 relative=0x0000000000000430
Event: 118.524 Thread 0x00000215b9ecec10 Uncommon trap: reason=unstable_if action=reinterpret pc=0x00000215a9d02d90 method=java.util.WeakHashMap.expungeStaleEntries()V @ 9 c2
Event: 118.524 Thread 0x00000215b9ecec10 DEOPT PACKING pc=0x00000215a9d02d90 sp=0x000000687a6f4fe0
Event: 118.524 Thread 0x00000215b9ecec10 DEOPT UNPACKING pc=0x00000215a214d728 sp=0x000000687a6f4ea8 mode 2
Event: 118.525 Thread 0x00000215b9ecec10 Uncommon trap: trap_request=0xffffff45 fr.pc=0x00000215a9d98df4 relative=0x0000000000006174
Event: 118.525 Thread 0x00000215b9ecec10 Uncommon trap: reason=unstable_if action=reinterpret pc=0x00000215a9d98df4 method=javafx.scene.CssStyleHelper.transitionToState(Ljavafx/scene/Node;)V @ 130 c2
Event: 118.525 Thread 0x00000215b9ecec10 DEOPT PACKING pc=0x00000215a9d98df4 sp=0x000000687a6f5610
Event: 118.525 Thread 0x00000215b9ecec10 DEOPT UNPACKING pc=0x00000215a214d728 sp=0x000000687a6f5578 mode 2
Event: 163.543 Thread 0x00000215ba45a5c0 Uncommon trap: trap_request=0xffffff45 fr.pc=0x00000215a9c91f5c relative=0x00000000000000bc
Event: 163.543 Thread 0x00000215ba45a5c0 Uncommon trap: reason=unstable_if action=reinterpret pc=0x00000215a9c91f5c method=java.util.concurrent.locks.ReentrantLock$Sync.tryRelease(I)Z @ 26 c2
Event: 163.543 Thread 0x00000215ba45a5c0 DEOPT PACKING pc=0x00000215a9c91f5c sp=0x0000006878dfee40
Event: 163.543 Thread 0x00000215ba45a5c0 DEOPT UNPACKING pc=0x00000215a214d728 sp=0x0000006878dfede0 mode 2

Classes unloaded (0 events):
No events

Classes redefined (0 events):
No events

Internal exceptions (20 events):
Event: 1.766 Thread 0x00000215b9ecec10 Implicit null exception at 0x00000215a9c190d8 to 0x00000215a9c1916e
Event: 1.828 Thread 0x00000215b9ecec10 Implicit null exception at 0x00000215a9c31b91 to 0x00000215a9c31f44
Event: 1.829 Thread 0x00000215b9ecec10 Implicit null exception at 0x00000215a9c3130a to 0x00000215a9c3164c
Event: 2.063 Thread 0x00000215b9ecec10 Exception <a 'java/lang/ClassNotFoundException'{0x0000000089d8d7f8}: com/sun/javafx/scene/control/skin/resources/controls> (0x0000000089d8d7f8) 
thrown [t:\workspace\open\src\hotspot\share\prims\jni.cpp, line 600]
Event: 2.064 Thread 0x00000215b9ecec10 Exception <a 'java/lang/ClassNotFoundException'{0x0000000089d9b2f8}: com/sun/javafx/scene/control/skin/resources/controls_ru> (0x0000000089d9b2f8) 
thrown [t:\workspace\open\src\hotspot\share\prims\jni.cpp, line 600]
Event: 2.065 Thread 0x00000215b9ecec10 Exception <a 'java/lang/ClassNotFoundException'{0x0000000089d9c8e8}: com/sun/javafx/scene/control/skin/resources/controls_ru_RU> (0x0000000089d9c8e8) 
thrown [t:\workspace\open\src\hotspot\share\prims\jni.cpp, line 600]
Event: 2.154 Thread 0x00000215b9ecec10 Exception <a 'java/lang/NoSuchMethodError'{0x0000000089b5cc00}: 'void java.lang.invoke.DirectMethodHandle$Holder.invokeSpecial(java.lang.Object, java.lang.Object, java.lang.Object, java.lang.Object, java.lang.Object, java.lang.Object)'> (0x0000000089b5cc00) 
thrown [t:\workspace\open\src\hotspot\share\interpreter\linkResolver.cpp, line 790]
Event: 2.212 Thread 0x00000215b9ecec10 Exception <a 'java/lang/NoSuchMethodError'{0x00000000898477f8}: 'java.lang.Object java.lang.invoke.DirectMethodHandle$Holder.invokeInterface(java.lang.Object, java.lang.Object, java.lang.Object)'> (0x00000000898477f8) 
thrown [t:\workspace\open\src\hotspot\share\interpreter\linkResolver.cpp, line 790]
Event: 2.213 Thread 0x00000215b9ecec10 Exception <a 'java/lang/IncompatibleClassChangeError'{0x000000008984b378}: Found class java.lang.Object, but interface was expected> (0x000000008984b378) 
thrown [t:\workspace\open\src\hotspot\share\interpreter\linkResolver.cpp, line 857]
Event: 2.314 Thread 0x00000215b9ecec10 Exception <a 'java/lang/NoSuchMethodError'{0x00000000893232e8}: 'java.lang.Object java.lang.invoke.DirectMethodHandle$Holder.newInvokeSpecial(java.lang.Object, java.lang.Object, int)'> (0x00000000893232e8) 
thrown [t:\workspace\open\src\hotspot\share\interpreter\linkResolver.cpp, line 790]
Event: 2.349 Thread 0x00000215b982ef80 Exception <a 'java/lang/NoSuchMethodError'{0x000000008921a190}: 'int java.lang.invoke.DirectMethodHandle$Holder.invokeStaticInit(java.lang.Object, java.lang.Object)'> (0x000000008921a190) 
thrown [t:\workspace\open\src\hotspot\share\interpreter\linkResolver.cpp, line 790]
Event: 2.359 Thread 0x00000215b9ecec10 Exception <a 'java/lang/NoSuchMethodError'{0x00000000892847c8}: 'long java.lang.invoke.DirectMethodHandle$Holder.invokeStatic(java.lang.Object, java.lang.Object, java.lang.Object)'> (0x00000000892847c8) 
thrown [t:\workspace\open\src\hotspot\share\interpreter\linkResolver.cpp, line 790]
Event: 2.359 Thread 0x00000215b9ecec10 Exception <a 'java/lang/NoSuchMethodError'{0x0000000089288178}: 'long java.lang.invoke.DirectMethodHandle$Holder.invokeStaticInit(java.lang.Object, java.lang.Object, java.lang.Object)'> (0x0000000089288178) 
thrown [t:\workspace\open\src\hotspot\share\interpreter\linkResolver.cpp, line 790]
Event: 2.363 Thread 0x00000215b9ecec10 Exception <a 'java/lang/NoSuchMethodError'{0x00000000892a0098}: 'java.lang.Object java.lang.invoke.DirectMethodHandle$Holder.newInvokeSpecial(java.lang.Object, java.lang.Object, long)'> (0x00000000892a0098) 
thrown [t:\workspace\open\src\hotspot\share\interpreter\linkResolver.cpp, line 790]
Event: 2.364 Thread 0x00000215b9ecec10 Exception <a 'java/lang/NoSuchMethodError'{0x00000000892a3e08}: 'java.lang.Object java.lang.invoke.Invokers$Holder.linkToTargetMethod(java.lang.Object, long, java.lang.Object)'> (0x00000000892a3e08) 
thrown [t:\workspace\open\src\hotspot\share\interpreter\linkResolver.cpp, line 790]
Event: 30.471 Thread 0x00000215b9ecec10 Exception <a 'java/lang/NoSuchMethodError'{0x0000000088b16068}: 'java.lang.Object java.lang.invoke.DirectMethodHandle$Holder.invokeInterface(java.lang.Object, java.lang.Object)'> (0x0000000088b16068) 
thrown [t:\workspace\open\src\hotspot\share\interpreter\linkResolver.cpp, line 790]
Event: 30.472 Thread 0x00000215b9ecec10 Exception <a 'java/lang/NoSuchMethodError'{0x0000000088b1e9f0}: 'java.lang.Object java.lang.invoke.DirectMethodHandle$Holder.invokeStaticInit(java.lang.Object, java.lang.Object, java.lang.Object)'> (0x0000000088b1e9f0) 
thrown [t:\workspace\open\src\hotspot\share\interpreter\linkResolver.cpp, line 790]
Event: 30.479 Thread 0x00000215b9ecec10 Exception <a 'java/lang/NoSuchMethodError'{0x0000000088b3f2c0}: 'int java.lang.invoke.DirectMethodHandle$Holder.invokeSpecial(java.lang.Object, java.lang.Object, java.lang.Object)'> (0x0000000088b3f2c0) 
thrown [t:\workspace\open\src\hotspot\share\interpreter\linkResolver.cpp, line 790]
Event: 32.626 Thread 0x00000215b982ef80 Exception <a 'java/lang/NoSuchMethodError'{0x0000000088287cc0}: 'java.lang.Object java.lang.invoke.DirectMethodHandle$Holder.invokeStaticInit(java.lang.Object, int)'> (0x0000000088287cc0) 
thrown [t:\workspace\open\src\hotspot\share\interpreter\linkResolver.cpp, line 790]
Event: 34.330 Thread 0x00000215b9ecec10 Exception <a 'java/lang/NoSuchMethodError'{0x0000000087a27ef8}: 'void java.lang.invoke.DirectMethodHandle$Holder.invokeSpecialIFC(java.lang.Object, java.lang.Object, java.lang.Object, java.lang.Object)'> (0x0000000087a27ef8) 
thrown [t:\workspace\open\src\hotspot\share\interpreter\linkResolver.cpp, line 790]

Events (20 events):
Event: 120.325 Executing  VM operation: Cleanup
Event: 120.325 Executing  VM operation: Cleanup done
Event: 121.325 Executing  VM operation: Cleanup
Event: 121.326 Executing  VM operation: Cleanup done
Event: 121.737 loading class java/lang/Throwable$WrappedPrintStream
Event: 121.737 loading class java/lang/Throwable$PrintStreamOrWriter
Event: 121.737 loading class java/lang/Throwable$PrintStreamOrWriter done
Event: 121.737 loading class java/lang/Throwable$WrappedPrintStream done
Event: 122.326 Executing  VM operation: Cleanup
Event: 122.326 Executing  VM operation: Cleanup done
Event: 123.327 Executing  VM operation: Cleanup
Event: 123.327 Executing  VM operation: Cleanup done
Event: 163.540 loading class jdk/internal/misc/Signal$1
Event: 163.540 loading class jdk/internal/misc/Signal$1 done
Event: 163.540 Thread 0x00000215ba45b5b0 Thread added: 0x00000215ba45b5b0
Event: 163.541 Thread 0x00000215ba45a5c0 Thread added: 0x00000215ba45a5c0
Event: 163.541 Thread 0x00000215ba45bb00 Thread added: 0x00000215ba45bb00
Event: 163.541 Thread 0x00000215ba45bb00 Thread exited: 0x00000215ba45bb00
Event: 163.546 Executing  VM operation: Exit
Event: 163.546 Thread 0x00000215b7fefe80 Thread exited: 0x00000215b7fefe80


Dynamic libraries:
0x00007ff7cecd0000 - 0x00007ff7cece0000 	C:\Program Files\Java\jdk-16.0.2\bin\java.exe
0x00007ff8a81b0000 - 0x00007ff8a83a5000 	C:\Windows\SYSTEM32\ntdll.dll
0x00007ff8a7b10000 - 0x00007ff8a7bce000 	C:\Windows\System32\KERNEL32.DLL
0x00007ff8a5a00000 - 0x00007ff8a5cc8000 	C:\Windows\System32\KERNELBASE.dll
0x00007ff8a6070000 - 0x00007ff8a6170000 	C:\Windows\System32\ucrtbase.dll
0x00007ff8a2a00000 - 0x00007ff8a2a19000 	C:\Program Files\Java\jdk-16.0.2\bin\VCRUNTIME140.dll
0x00007ff8a29d0000 - 0x00007ff8a29e8000 	C:\Program Files\Java\jdk-16.0.2\bin\jli.dll
0x00007ff8a7820000 - 0x00007ff8a78ce000 	C:\Windows\System32\ADVAPI32.dll
0x00007ff8a6200000 - 0x00007ff8a629e000 	C:\Windows\System32\msvcrt.dll
0x00007ff8a7050000 - 0x00007ff8a70ec000 	C:\Windows\System32\sechost.dll
0x00007ff8a78d0000 - 0x00007ff8a79f5000 	C:\Windows\System32\RPCRT4.dll
0x00007ff8a63d0000 - 0x00007ff8a6570000 	C:\Windows\System32\USER32.dll
0x00007ff8913d0000 - 0x00007ff89166a000 	C:\Windows\WinSxS\amd64_microsoft.windows.common-controls_6595b64144ccf1df_6.0.19041.1110_none_60b5254171f9507e\COMCTL32.dll
0x00007ff8a5ed0000 - 0x00007ff8a5ef2000 	C:\Windows\System32\win32u.dll
0x00007ff8a7c60000 - 0x00007ff8a7c8b000 	C:\Windows\System32\GDI32.dll
0x00007ff8a58f0000 - 0x00007ff8a59fd000 	C:\Windows\System32\gdi32full.dll
0x00007ff8a5e30000 - 0x00007ff8a5ecd000 	C:\Windows\System32\msvcp_win.dll
0x00007ff89f580000 - 0x00007ff89f58a000 	C:\Windows\SYSTEM32\VERSION.dll
0x00007ff8a77f0000 - 0x00007ff8a7820000 	C:\Windows\System32\IMM32.DLL
0x00007ff8a29c0000 - 0x00007ff8a29cc000 	C:\Program Files\Java\jdk-16.0.2\bin\vcruntime140_1.dll
0x00007ff8872e0000 - 0x00007ff887371000 	C:\Program Files\Java\jdk-16.0.2\bin\msvcp140.dll
0x00007ff869e30000 - 0x00007ff86a9db000 	C:\Program Files\Java\jdk-16.0.2\bin\server\jvm.dll
0x00007ff8a71d0000 - 0x00007ff8a71d8000 	C:\Windows\System32\PSAPI.DLL
0x00007ff890220000 - 0x00007ff890229000 	C:\Windows\SYSTEM32\WSOCK32.dll
0x00007ff8a8100000 - 0x00007ff8a816b000 	C:\Windows\System32\WS2_32.dll
0x00007ff884c60000 - 0x00007ff884c87000 	C:\Windows\SYSTEM32\WINMM.dll
0x00007ff8a3990000 - 0x00007ff8a39a2000 	C:\Windows\SYSTEM32\kernel.appcore.dll
0x00007ff8a29b0000 - 0x00007ff8a29ba000 	C:\Program Files\Java\jdk-16.0.2\bin\jimage.dll
0x00007ff8a36b0000 - 0x00007ff8a3894000 	C:\Windows\SYSTEM32\DBGHELP.DLL
0x00007ff892630000 - 0x00007ff89265c000 	C:\Windows\SYSTEM32\dbgcore.DLL
0x00007ff8a6170000 - 0x00007ff8a61f2000 	C:\Windows\System32\bcryptPrimitives.dll
0x00007ff8a2990000 - 0x00007ff8a299e000 	C:\Program Files\Java\jdk-16.0.2\bin\instrument.dll
0x00007ff8a0d10000 - 0x00007ff8a0d35000 	C:\Program Files\Java\jdk-16.0.2\bin\java.dll
0x00007ff8a6750000 - 0x00007ff8a6e94000 	C:\Windows\System32\SHELL32.dll
0x00007ff8a39b0000 - 0x00007ff8a4144000 	C:\Windows\SYSTEM32\windows.storage.dll
0x00007ff8a7da0000 - 0x00007ff8a80f5000 	C:\Windows\System32\combase.dll
0x00007ff8a5240000 - 0x00007ff8a526e000 	C:\Windows\SYSTEM32\Wldp.dll
0x00007ff8a6570000 - 0x00007ff8a661d000 	C:\Windows\System32\SHCORE.dll
0x00007ff8a66f0000 - 0x00007ff8a6745000 	C:\Windows\System32\shlwapi.dll
0x00007ff8a5800000 - 0x00007ff8a581f000 	C:\Windows\SYSTEM32\profapi.dll
0x00007ff8a0ce0000 - 0x00007ff8a0cf9000 	C:\Program Files\Java\jdk-16.0.2\bin\net.dll
0x00007ff89c1f0000 - 0x00007ff89c2fc000 	C:\Windows\SYSTEM32\WINHTTP.dll
0x00007ff8a4fa0000 - 0x00007ff8a500a000 	C:\Windows\system32\mswsock.dll
0x00007ff89fc00000 - 0x00007ff89fc13000 	C:\Program Files\Java\jdk-16.0.2\bin\nio.dll
0x00007ff89f2b0000 - 0x00007ff89f2c8000 	C:\Program Files\Java\jdk-16.0.2\bin\zip.dll
0x00007ff89ed10000 - 0x00007ff89ed2a000 	C:\Program Files\JetBrains\IntelliJ IDEA 2021.2.1\bin\breakgen64.dll
0x00000215989a0000 - 0x00000215989a3000 	C:\javafx-sdk-11.0.2\bin\api-ms-win-core-console-l1-1-0.dll
0x000002159a890000 - 0x000002159a893000 	C:\javafx-sdk-11.0.2\bin\api-ms-win-core-datetime-l1-1-0.dll
0x000002159a8a0000 - 0x000002159a8a3000 	C:\javafx-sdk-11.0.2\bin\api-ms-win-core-debug-l1-1-0.dll
0x000002159a8b0000 - 0x000002159a8b3000 	C:\javafx-sdk-11.0.2\bin\api-ms-win-core-errorhandling-l1-1-0.dll
0x000002159a8c0000 - 0x000002159a8c4000 	C:\javafx-sdk-11.0.2\bin\api-ms-win-core-file-l1-1-0.dll
0x000002159a8d0000 - 0x000002159a8d3000 	C:\javafx-sdk-11.0.2\bin\api-ms-win-core-file-l1-2-0.dll
0x000002159a8e0000 - 0x000002159a8e3000 	C:\javafx-sdk-11.0.2\bin\api-ms-win-core-file-l2-1-0.dll
0x000002159a8f0000 - 0x000002159a8f3000 	C:\javafx-sdk-11.0.2\bin\api-ms-win-core-handle-l1-1-0.dll
0x000002159a900000 - 0x000002159a903000 	C:\javafx-sdk-11.0.2\bin\api-ms-win-core-heap-l1-1-0.dll
0x000002159a910000 - 0x000002159a913000 	C:\javafx-sdk-11.0.2\bin\api-ms-win-core-interlocked-l1-1-0.dll
0x000002159a920000 - 0x000002159a923000 	C:\javafx-sdk-11.0.2\bin\api-ms-win-core-libraryloader-l1-1-0.dll
0x000002159a930000 - 0x000002159a933000 	C:\javafx-sdk-11.0.2\bin\api-ms-win-core-localization-l1-2-0.dll
0x000002159a940000 - 0x000002159a943000 	C:\javafx-sdk-11.0.2\bin\api-ms-win-core-memory-l1-1-0.dll
0x000002159a950000 - 0x000002159a953000 	C:\javafx-sdk-11.0.2\bin\api-ms-win-core-namedpipe-l1-1-0.dll
0x00000215b81b0000 - 0x00000215b81b3000 	C:\javafx-sdk-11.0.2\bin\api-ms-win-core-processenvironment-l1-1-0.dll
0x00000215b81c0000 - 0x00000215b81c3000 	C:\javafx-sdk-11.0.2\bin\api-ms-win-core-processthreads-l1-1-0.dll
0x00000215b81d0000 - 0x00000215b81d3000 	C:\javafx-sdk-11.0.2\bin\api-ms-win-core-processthreads-l1-1-1.dll
0x00000215b81e0000 - 0x00000215b81e3000 	C:\javafx-sdk-11.0.2\bin\api-ms-win-core-profile-l1-1-0.dll
0x00000215b81f0000 - 0x00000215b81f3000 	C:\javafx-sdk-11.0.2\bin\api-ms-win-core-rtlsupport-l1-1-0.dll
0x00000215b8200000 - 0x00000215b8203000 	C:\javafx-sdk-11.0.2\bin\api-ms-win-core-string-l1-1-0.dll
0x00000215b8210000 - 0x00000215b8213000 	C:\javafx-sdk-11.0.2\bin\api-ms-win-core-synch-l1-1-0.dll
0x00000215b8360000 - 0x00000215b8363000 	C:\javafx-sdk-11.0.2\bin\api-ms-win-core-synch-l1-2-0.dll
0x00000215b8220000 - 0x00000215b8223000 	C:\javafx-sdk-11.0.2\bin\api-ms-win-core-sysinfo-l1-1-0.dll
0x00000215b8230000 - 0x00000215b8233000 	C:\javafx-sdk-11.0.2\bin\api-ms-win-core-timezone-l1-1-0.dll
0x00000215b8240000 - 0x00000215b8243000 	C:\javafx-sdk-11.0.2\bin\api-ms-win-core-util-l1-1-0.dll
0x00000215b8250000 - 0x00000215b8253000 	C:\javafx-sdk-11.0.2\bin\api-ms-win-crt-conio-l1-1-0.dll
0x00000215b8260000 - 0x00000215b8264000 	C:\javafx-sdk-11.0.2\bin\api-ms-win-crt-convert-l1-1-0.dll
0x00000215b8270000 - 0x00000215b8273000 	C:\javafx-sdk-11.0.2\bin\api-ms-win-crt-environment-l1-1-0.dll
0x00000215b8280000 - 0x00000215b8283000 	C:\javafx-sdk-11.0.2\bin\api-ms-win-crt-filesystem-l1-1-0.dll
0x00000215b8290000 - 0x00000215b8293000 	C:\javafx-sdk-11.0.2\bin\api-ms-win-crt-heap-l1-1-0.dll
0x00000215b82a0000 - 0x00000215b82a3000 	C:\javafx-sdk-11.0.2\bin\api-ms-win-crt-locale-l1-1-0.dll
0x00000215b82b0000 - 0x00000215b82b5000 	C:\javafx-sdk-11.0.2\bin\api-ms-win-crt-math-l1-1-0.dll
0x00000215b82c0000 - 0x00000215b82c5000 	C:\javafx-sdk-11.0.2\bin\api-ms-win-crt-multibyte-l1-1-0.dll
0x00000215b82d0000 - 0x00000215b82e0000 	C:\javafx-sdk-11.0.2\bin\api-ms-win-crt-private-l1-1-0.dll
0x00000215b82e0000 - 0x00000215b82e3000 	C:\javafx-sdk-11.0.2\bin\api-ms-win-crt-process-l1-1-0.dll
0x00000215b82f0000 - 0x00000215b82f4000 	C:\javafx-sdk-11.0.2\bin\api-ms-win-crt-runtime-l1-1-0.dll
0x00000215b8300000 - 0x00000215b8304000 	C:\javafx-sdk-11.0.2\bin\api-ms-win-crt-stdio-l1-1-0.dll
0x00000215b8310000 - 0x00000215b8314000 	C:\javafx-sdk-11.0.2\bin\api-ms-win-crt-string-l1-1-0.dll
0x00000215b8320000 - 0x00000215b8323000 	C:\javafx-sdk-11.0.2\bin\api-ms-win-crt-time-l1-1-0.dll
0x00000215b8330000 - 0x00000215b8333000 	C:\javafx-sdk-11.0.2\bin\api-ms-win-crt-utility-l1-1-0.dll
0x00007ff8853a0000 - 0x00007ff88549a000 	C:\javafx-sdk-11.0.2\bin\ucrtbase.dll
0x00007ff89ecf0000 - 0x00007ff89ed06000 	C:\javafx-sdk-11.0.2\bin\vcruntime140.dll
0x00007ff8871c0000 - 0x00007ff887266000 	C:\javafx-sdk-11.0.2\bin\msvcp140.dll
0x00007ff887120000 - 0x00007ff887171000 	C:\javafx-sdk-11.0.2\bin\concrt140.dll
0x00007ff890e80000 - 0x00007ff890ea3000 	C:\javafx-sdk-11.0.2\bin\prism_d3d.dll
0x00007ff869940000 - 0x00007ff869b10000 	C:\Windows\system32\d3d9.dll
0x00007ff8a3120000 - 0x00007ff8a314f000 	C:\Windows\SYSTEM32\dwmapi.dll
0x00007ff8a2f10000 - 0x00007ff8a2fae000 	C:\Windows\system32\uxtheme.dll
0x00007ff8a58c0000 - 0x00007ff8a58e7000 	C:\Windows\System32\bcrypt.dll
0x00007ff8a62a0000 - 0x00007ff8a63ca000 	C:\Windows\System32\ole32.dll
0x00007ff8a6620000 - 0x00007ff8a66ed000 	C:\Windows\System32\OLEAUT32.dll
0x00007ff8a5f70000 - 0x00007ff8a5fbe000 	C:\Windows\System32\cfgmgr32.dll
0x00007ff885d60000 - 0x00007ff885da5000 	C:\javafx-sdk-11.0.2\bin\glass.dll
0x00007ff8a70f0000 - 0x00007ff8a71ca000 	C:\Windows\System32\COMDLG32.dll
0x00007ff8a71e0000 - 0x00007ff8a72f6000 	C:\Windows\System32\MSCTF.dll
0x00007ff89b490000 - 0x00007ff89b4cb000 	C:\Windows\SYSTEM32\dxcore.dll
0x00007ff89eca0000 - 0x00007ff89ecb4000 	C:\javafx-sdk-11.0.2\bin\javafx_font.dll
0x00007ff893a20000 - 0x00007ff893ca3000 	C:\Windows\SYSTEM32\dwrite.dll
0x00007ff8a7cf0000 - 0x00007ff8a7d99000 	C:\Windows\System32\clbcatq.dll
0x00007ff89cad0000 - 0x00007ff89cc84000 	C:\Windows\SYSTEM32\WindowsCodecs.dll
0x00007ff87d560000 - 0x00007ff87d59e000 	C:\Windows\system32\dataexchange.dll
0x00007ff8a1e30000 - 0x00007ff8a2015000 	C:\Windows\system32\dcomp.dll
0x00007ff8a0f00000 - 0x00007ff8a1164000 	C:\Windows\system32\d3d11.dll
0x00007ff8a42d0000 - 0x00007ff8a43c4000 	C:\Windows\system32\dxgi.dll
0x00007ff89d220000 - 0x00007ff89d421000 	C:\Windows\system32\twinapi.appcore.dll
0x00007ff890da0000 - 0x00007ff890dd4000 	C:\Program Files\Common Files\Microsoft Shared\Ink\rtscom.dll
0x00007ff89a660000 - 0x00007ff89a759000 	C:\Windows\SYSTEM32\textinputframework.dll
0x00007ff8a23a0000 - 0x00007ff8a26fe000 	C:\Windows\System32\CoreUIComponents.dll
0x00007ff8a2700000 - 0x00007ff8a27f2000 	C:\Windows\System32\CoreMessaging.dll
0x00007ff8a45b0000 - 0x00007ff8a45e3000 	C:\Windows\SYSTEM32\ntmarta.dll
0x00007ff8a1cd0000 - 0x00007ff8a1e24000 	C:\Windows\SYSTEM32\wintypes.dll
0x00007ff8a06a0000 - 0x00007ff8a06a9000 	C:\Program Files\Java\jdk-16.0.2\bin\management.dll
0x00007ff8a0520000 - 0x00007ff8a052b000 	C:\Program Files\Java\jdk-16.0.2\bin\management_ext.dll

dbghelp: loaded successfully - version: 4.0.5 - missing functions: none
symbol engine: initialized successfully - sym options: 0x614 - pdb path: .;C:\Program Files\Java\jdk-16.0.2\bin;C:\Windows\SYSTEM32;C:\Windows\WinSxS\amd64_microsoft.windows.common-controls_6595b64144ccf1df_6.0.19041.1110_none_60b5254171f9507e;C:\Program Files\Java\jdk-16.0.2\bin\server;C:\Program Files\JetBrains\IntelliJ IDEA 2021.2.1\bin;C:\javafx-sdk-11.0.2\bin;C:\Windows\System32\DriverStore\FileRepository\iigd_dch.inf_amd64_e9b40d45ab4dc6b8;C:\Program Files\Common Files\Microsoft Shared\Ink

VM Arguments:
jvm_args: --module-path=C:/javafx-sdk-11.0.2/lib --add-modules=javafx.controls,javafx.fxml -javaagent:C:\Program Files\JetBrains\IntelliJ IDEA 2021.2.1\lib\idea_rt.jar=52420:C:\Program Files\JetBrains\IntelliJ IDEA 2021.2.1\bin -Dfile.encoding=UTF-8 
java_command: forms.Main
java_class_path (initial): C:\java\Polyclinic\out\production\Polyclinic;C:\javafx-sdk-11.0.2\lib\src.zip;C:\javafx-sdk-11.0.2\lib\javafx-swt.jar;C:\javafx-sdk-11.0.2\lib\javafx.web.jar;C:\javafx-sdk-11.0.2\lib\javafx.base.jar;C:\javafx-sdk-11.0.2\lib\javafx.fxml.jar;C:\javafx-sdk-11.0.2\lib\javafx.media.jar;C:\javafx-sdk-11.0.2\lib\javafx.swing.jar;C:\javafx-sdk-11.0.2\lib\javafx.controls.jar;C:\javafx-sdk-11.0.2\lib\javafx.graphics.jar;C:\java\Polyclinic\src\resources\postgresql-42.3.1 (1).jar
Launcher Type: SUN_STANDARD

[Global flags]
     intx CICompilerCount                          = 3                                         {product} {ergonomic}
     uint ConcGCThreads                            = 1                                         {product} {ergonomic}
     uint G1ConcRefinementThreads                  = 4                                         {product} {ergonomic}
   size_t G1HeapRegionSize                         = 1048576                                   {product} {ergonomic}
    uintx GCDrainStackTargetSize                   = 64                                        {product} {ergonomic}
   size_t InitialHeapSize                          = 132120576                                 {product} {ergonomic}
   size_t MarkStackSize                            = 4194304                                   {product} {ergonomic}
   size_t MaxHeapSize                              = 2101346304                                {product} {ergonomic}
   size_t MaxNewSize                               = 1260388352                                {product} {ergonomic}
   size_t MinHeapDeltaBytes                        = 1048576                                   {product} {ergonomic}
   size_t MinHeapSize                              = 8388608                                   {product} {ergonomic}
    uintx NonNMethodCodeHeapSize                   = 5832780                                {pd product} {ergonomic}
    uintx NonProfiledCodeHeapSize                  = 122912730                              {pd product} {ergonomic}
    uintx ProfiledCodeHeapSize                     = 122912730                              {pd product} {ergonomic}
    uintx ReservedCodeCacheSize                    = 251658240                              {pd product} {ergonomic}
     bool SegmentedCodeCache                       = true                                      {product} {ergonomic}
   size_t SoftMaxHeapSize                          = 2101346304                             {manageable} {ergonomic}
     bool UseCompressedClassPointers               = true                           {product lp64_product} {ergonomic}
     bool UseCompressedOops                        = true                           {product lp64_product} {ergonomic}
     bool UseG1GC                                  = true                                      {product} {ergonomic}
     bool UseLargePagesIndividualAllocation        = false                                  {pd product} {ergonomic}

Logging:
Log output configuration:
 #0: stdout all=off uptime,level,tags
 #1: stderr all=off uptime,level,tags

Environment Variables:
PATH=C:\Program Files\Common Files\Oracle\Java\javapath;C:\Program Files (x86)\Common Files\Oracle\Java\javapath;C:\Windows\system32;C:\Windows;C:\Windows\System32\Wbem;C:\Windows\System32\WindowsPowerShell\v1.0\;C:\Windows\System32\OpenSSH\;C:\Program Files\dotnet\;C:\Users\Kate\AppData\Local\Microsoft\WindowsApps;;C:\Program Files\JetBrains\IntelliJ IDEA 2021.2.1\bin;;C:\Users\Kate\.dotnet\tools
USERNAME=Kate
OS=Windows_NT
PROCESSOR_IDENTIFIER=Intel64 Family 6 Model 122 Stepping 1, GenuineIntel



---------------  S Y S T E M  ---------------

OS:
 Windows 10 , 64 bit Build 19041 (10.0.19041.1503)
OS uptime: 5 days 15:37 hours

CPU: total 4 (initial active 4) (4 cores per cpu, 1 threads per core) family 6 model 122 stepping 1 microcode 0x2e, cx8, cmov, fxsr, mmx, 3dnowpref, sse, sse2, sse3, ssse3, sse4.1, sse4.2, popcnt, tsc, tscinvbit, aes, erms, clmul, sha, clflush, clflushopt

Memory: 4k page, system-wide physical 8014M (2373M free)
TotalPageFile size 10958M (AvailPageFile size 3077M)
current process WorkingSet (physical memory assigned to process): 134M, peak: 235M
current process commit charge ("private bytes"): 207M, peak: 326M

vm_info: Java HotSpot(TM) 64-Bit Server VM (16.0.2+7-67) for windows-amd64 JRE (16.0.2+7-67), built on Jun  8 2021 23:24:19 by "mach5one" with MS VC++ 16.7 (VS2019)

END.
