#
# A fatal error has been detected by the Java Runtime Environment:
#
#  EXCEPTION_ACCESS_VIOLATION (0xc0000005) at pc=0x00007ff879df6ab7, pid=18312, tid=18400
#
# JRE version: Java(TM) SE Runtime Environment (16.0.2+7) (build 16.0.2+7-67)
# Java VM: Java HotSpot(TM) 64-Bit Server VM (16.0.2+7-67, mixed mode, sharing, tiered, compressed oops, compressed class ptrs, g1 gc, windows-amd64)
# Problematic frame:
# C  [glass.dll+0x26ab7]
#
# No core dump will be written. Minidumps are not enabled by default on client versions of Windows
#
# If you would like to submit a bug report, please visit:
#   https://bugreport.java.com/bugreport/crash.jsp
#

---------------  S U M M A R Y ------------

Command Line: --module-path=C:/javafx-sdk-17.0.2/lib --add-modules=javafx.controls,javafx.fxml -javaagent:C:\Program Files\JetBrains\IntelliJ IDEA 2021.2.1\lib\idea_rt.jar=56394:C:\Program Files\JetBrains\IntelliJ IDEA 2021.2.1\bin -Dfile.encoding=UTF-8 forms.Main

Host: Intel(R) Pentium(R) Silver N5000 CPU @ 1.10GHz, 4 cores, 7G,  Windows 10 , 64 bit Build 19041 (10.0.19041.1503)
Time: Mon Mar  7 17:12:11 2022 RTZ 2 (s 10 , 64 bit Build 19041 (10.0.19041.1503) elapsed time: 62.835888 seconds (0d 0h 1m 2s)

---------------  T H R E A D  ---------------

Current thread (0x000001d979342dd0):  VMThread "VM Thread" [stack: 0x0000007359200000,0x0000007359300000] [id=18400]

Stack: [0x0000007359200000,0x0000007359300000],  sp=0x00000073592fe9f0,  free space=1018k
Native frames: (J=compiled Java code, j=interpreted, Vv=VM code, C=native code)
C  [glass.dll+0x26ab7]


siginfo: EXCEPTION_ACCESS_VIOLATION (0xc0000005), reading address 0x0000000000000000


Register to memory mapping:

RIP=0x00007ff879df6ab7 glass.dll
RAX=0x0 is NULL
RBX=0x000001d97934eb20 is a global jni handle
RCX=0x000001d979342dd0 points into unknown readable memory: 0x00007ff8687af638 | 38 f6 7a 68 f8 7f 00 00
RDX=0x00000073592fe9f0 points into unknown readable memory: 0x0000000000000000 | 00 00 00 00 00 00 00 00
RSP=0x00000073592fe9f0 points into unknown readable memory: 0x0000000000000000 | 00 00 00 00 00 00 00 00
RBP=0x000001d97b6b4258 points into unknown readable memory: 0x0000f418baedb800 | 00 b8 ed ba 18 f4 00 00
RSI=0x000001d97b6b4230 points into unknown readable memory: 0x00008be0c332869c | 9c 86 32 c3 e0 8b 00 00
RDI=0x0000f418baedb800 is an unknown value
R8 =0x0000000000010002 is an unknown value
R9 =0x0000f418baedb800 is an unknown value
R10=0x0000000000008000 is an unknown value
R11=0x00000073592fe980 points into unknown readable memory: 0x0000000000000000 | 00 00 00 00 00 00 00 00
R12=0x00007ff879df4384 glass.dll
R13=0x000001d96ad9f6f0 points into unknown readable memory: 0x8000000900000001 | 01 00 00 00 09 00 00 80
R14=0x00000073592feae8 points into unknown readable memory: 0x00000073592fead0 | d0 ea 2f 59 73 00 00 00
R15=0x000001d97b6b4230 points into unknown readable memory: 0x00008be0c332869c | 9c 86 32 c3 e0 8b 00 00


Registers:
RAX=0x0000000000000000, RBX=0x000001d97934eb20, RCX=0x000001d979342dd0, RDX=0x00000073592fe9f0
RSP=0x00000073592fe9f0, RBP=0x000001d97b6b4258, RSI=0x000001d97b6b4230, RDI=0x0000f418baedb800
R8 =0x0000000000010002, R9 =0x0000f418baedb800, R10=0x0000000000008000, R11=0x00000073592fe980
R12=0x00007ff879df4384, R13=0x000001d96ad9f6f0, R14=0x00000073592feae8, R15=0x000001d97b6b4230
RIP=0x00007ff879df6ab7, EFLAGS=0x0000000000010206

Top of Stack: (sp=0x00000073592fe9f0)
0x00000073592fe9f0:   0000000000000000 000001d97b6b4230
0x00000073592fea00:   000001d96ad9f6f0 00007ff879df4384
0x00000073592fea10:   000001d97b6b4238 00007ff8a60842d6
0x00000073592fea20:   0000f418baedb800 000001d900000000
0x00000073592fea30:   000001d97b6b4258 000001d97b6b4230
0x00000073592fea40:   fffffffffffffffe 0000000000000000
0x00000073592fea50:   0000000000000001 00007ff879dd0000
0x00000073592fea60:   00000073592fead8 00007ff8a60841fb
0x00000073592fea70:   0000000000000000 00000073592feae8
0x00000073592fea80:   00000073592fedb0 00007ff8a6160e40
0x00000073592fea90:   0000000000000001 00007ff8a60841b4
0x00000073592feaa0:   0000000000000000 0000000000000001
0x00000073592feab0:   00007ff800000001 00000073592fead8
0x00000073592feac0:   0000000000000000 00007ff879df4211
0x00000073592fead0:   00007ff879e0a138 00007ff800000002
0x00000073592feae0:   0000000000000002 00000073592fead0 

Instructions: (pc=0x00007ff879df6ab7)
0x00007ff879df69b7:   8b 4d 58 e8 01 cf ff ff 48 8b 4d 60 e8 f8 ce ff
0x00007ff879df69c7:   ff 48 8b 95 80 00 00 00 48 8b 8d 18 01 00 00 e8
0x00007ff879df69d7:   c6 c3 ff ff 33 d2 33 c9 e8 3c e1 ff ff 90 48 89
0x00007ff879df69e7:   54 24 10 55 48 83 ec 20 48 8b ea 48 b8 00 00 00
0x00007ff879df69f7:   00 00 00 00 00 48 83 c4 20 5d c3 cc 40 55 48 8b
0x00007ff879df6a07:   ea 48 8b 01 33 c9 81 38 05 00 00 c0 0f 94 c1 8b
0x00007ff879df6a17:   c1 5d c3 cc 40 55 48 83 ec 20 48 8b ea 8a 4d 40
0x00007ff879df6a27:   48 83 c4 20 5d e9 f7 d2 ff ff cc 40 55 48 83 ec
0x00007ff879df6a37:   20 48 8b ea 8a 4d 20 e8 e5 d2 ff ff 90 48 83 c4
0x00007ff879df6a47:   20 5d c3 cc 40 55 48 83 ec 20 48 8b ea 48 83 c4
0x00007ff879df6a57:   20 5d e9 46 d1 ff ff cc 40 55 48 83 ec 30 48 8b
0x00007ff879df6a67:   ea 48 8b 01 8b 10 48 89 4c 24 28 89 54 24 20 4c
0x00007ff879df6a77:   8d 0d e7 d5 ff ff 4c 8b 45 70 8b 55 68 48 8b 4d
0x00007ff879df6a87:   60 e8 87 d0 ff ff 90 48 83 c4 30 5d c3 cc cc cc
0x00007ff879df6a97:   cc cc cc cc cc cc cc cc cc 40 53 48 83 ec 20 48
0x00007ff879df6aa7:   8b 1d 83 30 01 00 48 85 db 74 16 e8 09 8b ff ff
0x00007ff879df6ab7:   4c 8b 00 48 8b d3 48 8b c8 41 ff 90 b0 00 00 00
0x00007ff879df6ac7:   90 48 83 c4 20 5b c3 cc cc 40 53 48 83 ec 20 48
0x00007ff879df6ad7:   8b 1d fb 31 01 00 48 85 db 74 57 b8 ff ff ff ff
0x00007ff879df6ae7:   f0 0f c1 43 10 83 f8 01 75 3d 48 85 db 74 38 48
0x00007ff879df6af7:   8b 0b 48 85 c9 74 0d ff 15 a4 07 00 00 48 c7 03
0x00007ff879df6b07:   00 00 00 00 48 8b 4b 08 48 85 c9 74 0d e8 a7 cd
0x00007ff879df6b17:   ff ff 48 c7 43 08 00 00 00 00 ba 18 00 00 00 48
0x00007ff879df6b27:   8b cb e8 92 cd ff ff 48 c7 05 9f 31 01 00 00 00
0x00007ff879df6b37:   00 00 48 83 c4 20 5b c3 cc 40 53 48 83 ec 20 48
0x00007ff879df6b47:   8b 1d 6b 31 01 00 48 85 db 74 57 b8 ff ff ff ff
0x00007ff879df6b57:   f0 0f c1 43 10 83 f8 01 75 3d 48 85 db 74 38 48
0x00007ff879df6b67:   8b 0b 48 85 c9 74 0d ff 15 34 07 00 00 48 c7 03
0x00007ff879df6b77:   00 00 00 00 48 8b 4b 08 48 85 c9 74 0d e8 37 cd
0x00007ff879df6b87:   ff ff 48 c7 43 08 00 00 00 00 ba 18 00 00 00 48
0x00007ff879df6b97:   8b cb e8 22 cd ff ff 48 c7 05 0f 31 01 00 00 00
0x00007ff879df6ba7:   00 00 48 83 c4 20 5b c3 cc 40 53 48 83 ec 20 48 


Stack slot to memory mapping:
stack at sp + 0 slots: 0x0 is NULL
stack at sp + 1 slots: 0x000001d97b6b4230 points into unknown readable memory: 0x00008be0c332869c | 9c 86 32 c3 e0 8b 00 00
stack at sp + 2 slots: 0x000001d96ad9f6f0 points into unknown readable memory: 0x8000000900000001 | 01 00 00 00 09 00 00 80
stack at sp + 3 slots: 0x00007ff879df4384 glass.dll
stack at sp + 4 slots: 0x000001d97b6b4238 points into unknown readable memory: 0x0000f418baedb800 | 00 b8 ed ba 18 f4 00 00
stack at sp + 5 slots: 0x00007ff8a60842d6 ucrtbase.dll
stack at sp + 6 slots: 0x0000f418baedb800 is an unknown value
stack at sp + 7 slots: 0x000001d900000000 points into unknown readable memory: 0x0000000000000006 | 06 00 00 00 00 00 00 00

VM_Operation (0x0000007358aff0b0): Exit, mode: safepoint, requested by thread 0x000001d97adadfd0


---------------  P R O C E S S  ---------------

Threads class SMR info:
_java_thread_list=0x000001d97af8f6c0, length=22, elements={
0x000001d96acd9800, 0x000001d9793471c0, 0x000001d979348080, 0x000001d97935c660,
0x000001d97935f070, 0x000001d979361a80, 0x000001d979362480, 0x000001d979363260,
0x000001d979367510, 0x000001d9793cca80, 0x000001d97932c0d0, 0x000001d97a8e4c40,
0x000001d97a230b00, 0x000001d97a823cc0, 0x000001d97a3fc7f0, 0x000001d97a8c7a80,
0x000001d97ada2cf0, 0x000001d97b67b020, 0x000001d97adae520, 0x000001d97adabff0,
0x000001d97adadfd0, 0x000001d97adaca90
}

Java Threads: ( => current thread )
  0x000001d96acd9800 JavaThread "main" [_thread_blocked, id=18164, stack(0x0000007358c00000,0x0000007358d00000)]
  0x000001d9793471c0 JavaThread "Reference Handler" daemon [_thread_blocked, id=8432, stack(0x0000007359300000,0x0000007359400000)]
  0x000001d979348080 JavaThread "Finalizer" daemon [_thread_blocked, id=9912, stack(0x0000007359400000,0x0000007359500000)]
  0x000001d97935c660 JavaThread "Signal Dispatcher" daemon [_thread_blocked, id=18952, stack(0x0000007359500000,0x0000007359600000)]
  0x000001d97935f070 JavaThread "Attach Listener" daemon [_thread_blocked, id=15852, stack(0x0000007359600000,0x0000007359700000)]
  0x000001d979361a80 JavaThread "Service Thread" daemon [_thread_blocked, id=7784, stack(0x0000007359700000,0x0000007359800000)]
  0x000001d979362480 JavaThread "Monitor Deflation Thread" daemon [_thread_blocked, id=6988, stack(0x0000007359800000,0x0000007359900000)]
  0x000001d979363260 JavaThread "C2 CompilerThread0" daemon [_thread_blocked, id=12788, stack(0x0000007359900000,0x0000007359a00000)]
  0x000001d979367510 JavaThread "C1 CompilerThread0" daemon [_thread_blocked, id=10284, stack(0x0000007359a00000,0x0000007359b00000)]
  0x000001d9793cca80 JavaThread "Sweeper thread" daemon [_thread_blocked, id=16632, stack(0x0000007359b00000,0x0000007359c00000)]
  0x000001d97932c0d0 JavaThread "Common-Cleaner" daemon [_thread_blocked, id=15364, stack(0x0000007359c00000,0x0000007359d00000)]
  0x000001d97a8e4c40 JavaThread "Monitor Ctrl-Break" daemon [_thread_in_native, id=4068, stack(0x0000007359e00000,0x0000007359f00000)]
  0x000001d97a230b00 JavaThread "Notification Thread" daemon [_thread_blocked, id=14724, stack(0x0000007359f00000,0x000000735a000000)]
  0x000001d97a823cc0 JavaThread "QuantumRenderer-0" daemon [_thread_blocked, id=10604, stack(0x000000735a100000,0x000000735a200000)]
  0x000001d97a3fc7f0 JavaThread "InvokeLaterDispatcher" daemon [_thread_blocked, id=8480, stack(0x0000007359d00000,0x0000007359e00000)]
  0x000001d97a8c7a80 JavaThread "JavaFX Application Thread" [_thread_in_native, id=16492, stack(0x000000735a500000,0x000000735a600000)]
  0x000001d97ada2cf0 JavaThread "JavaFX-Launcher" [_thread_blocked, id=1304, stack(0x000000735aa00000,0x000000735ab00000)]
  0x000001d97b67b020 JavaThread "Thread-2" daemon [_thread_in_native, id=10268, stack(0x000000735a900000,0x000000735aa00000)]
  0x000001d97adae520 JavaThread "Prism Font Disposer" daemon [_thread_blocked, id=11904, stack(0x000000735af00000,0x000000735b000000)]
  0x000001d97adabff0 JavaThread "Cleaner-0" daemon [_thread_blocked, id=16680, stack(0x000000735b000000,0x000000735b100000)]
  0x000001d97adadfd0 JavaThread "SIGINT handler" daemon [_thread_blocked, id=11096, stack(0x0000007358a00000,0x0000007358b00000)]
  0x000001d97adaca90 JavaThread "Glass/Prism Shutdown Hook" [_thread_blocked, id=10320, stack(0x000000735b200000,0x000000735b300000)]

Other Threads:
=>0x000001d979342dd0 VMThread "VM Thread" [stack: 0x0000007359200000,0x0000007359300000] [id=18400]
  0x000001d96ad18180 GCTaskThread "GC Thread#0" [stack: 0x0000007358d00000,0x0000007358e00000] [id=14856]
  0x000001d97b345650 GCTaskThread "GC Thread#1" [stack: 0x000000735a300000,0x000000735a400000] [id=4344]
  0x000001d97b346fe0 GCTaskThread "GC Thread#2" [stack: 0x000000735a400000,0x000000735a500000] [id=15612]
  0x000001d97b325db0 GCTaskThread "GC Thread#3" [stack: 0x000000735a200000,0x000000735a300000] [id=18296]
  0x000001d96ad28c40 ConcurrentGCThread "G1 Main Marker" terminated
  0x000001d96ad296b0 ConcurrentGCThread "G1 Conc#0" [stack: 0x0000007358f00000,0x0000007359000000] [id=3904]
  0x000001d96ad9d660 ConcurrentGCThread "G1 Refine#0" terminated
  0x000001d9118e9330 ConcurrentGCThread "G1 Refine#1" terminated
  0x000001d97a9c3390 ConcurrentGCThread "G1 Refine#2" terminated
  0x000001d96ad9e0e0 ConcurrentGCThread "G1 Service" terminated

Threads with active compile tasks:

VM state: at safepoint (shutting down)

VM Mutex/Monitor currently owned by a thread:  ([mutex/lock_event])
[0x000001d96acd6bb0] Threads_lock - owner thread: 0x000001d979342dd0
[0x000001d96acd6190] Heap_lock - owner thread: 0x000001d97adadfd0

Heap address: 0x0000000082c00000, size: 2004 MB, Compressed Oops mode: 32-bit

CDS archive(s) mapped at: [0x0000000800000000-0x0000000800bb0000-0x0000000800bb0000), size 12255232, SharedBaseAddress: 0x0000000800000000, ArchiveRelocationMode: 0.
Compressed class space mapped at: 0x0000000800c00000-0x0000000840c00000, reserved size: 1073741824
Narrow klass base: 0x0000000800000000, Narrow klass shift: 3, Narrow klass range: 0x100000000

GC Precious Log:
 CPUs: 4 total, 4 available
 Memory: 8014M
 Large Page Support: Disabled
 NUMA Support: Disabled
 Compressed Oops: Enabled (32-bit)
 Heap Region Size: 1M
 Heap Min Capacity: 8M
 Heap Initial Capacity: 126M
 Heap Max Capacity: 2004M
 Pre-touch: Disabled
 Parallel Workers: 4
 Concurrent Workers: 1
 Concurrent Refinement Workers: 4
 Periodic GC: Disabled

Heap:
 garbage-first heap   total 71680K, used 49309K [0x0000000082c00000, 0x0000000100000000)
  region size 1024K, 25 young (25600K), 6 survivors (6144K)
 Metaspace       used 21365K, committed 21696K, reserved 1073152K
  class space    used 2836K, committed 3008K, reserved 1048576K

Heap Regions: E=young(eden), S=young(survivor), O=old, HS=humongous(starts), HC=humongous(continues), CS=collection set, F=free, OA=open archive, CA=closed archive, TAMS=top-at-mark-start (previous, next)
|   0|0x0000000082c00000, 0x0000000082d00000, 0x0000000082d00000|100%| O|  |TAMS 0x0000000082d00000, 0x0000000082c00000| Untracked 
|   1|0x0000000082d00000, 0x0000000082e00000, 0x0000000082e00000|100%| O|  |TAMS 0x0000000082e00000, 0x0000000082d00000| Untracked 
|   2|0x0000000082e00000, 0x0000000082f00000, 0x0000000082f00000|100%| O|  |TAMS 0x0000000082f00000, 0x0000000082e00000| Untracked 
|   3|0x0000000082f00000, 0x0000000083000000, 0x0000000083000000|100%| O|  |TAMS 0x0000000083000000, 0x0000000082f00000| Untracked 
|   4|0x0000000083000000, 0x0000000083100000, 0x0000000083100000|100%|HS|  |TAMS 0x0000000083000000, 0x0000000083000000| Complete 
|   5|0x0000000083100000, 0x0000000083200000, 0x0000000083200000|100%|HS|  |TAMS 0x0000000083100000, 0x0000000083100000| Complete 
|   6|0x0000000083200000, 0x0000000083300000, 0x0000000083300000|100%| O|  |TAMS 0x0000000083280800, 0x0000000083200000| Untracked 
|   7|0x0000000083300000, 0x0000000083400000, 0x0000000083400000|100%|HS|  |TAMS 0x0000000083400000, 0x0000000083300000| Complete 
|   8|0x0000000083400000, 0x0000000083500000, 0x0000000083500000|100%|HS|  |TAMS 0x0000000083500000, 0x0000000083400000| Complete 
|   9|0x0000000083500000, 0x0000000083600000, 0x0000000083600000|100%|HC|  |TAMS 0x0000000083600000, 0x0000000083500000| Complete 
|  10|0x0000000083600000, 0x0000000083700000, 0x0000000083700000|100%| O|  |TAMS 0x0000000083600000, 0x0000000083600000| Untracked 
|  11|0x0000000083700000, 0x0000000083800000, 0x0000000083800000|100%| O|  |TAMS 0x0000000083700000, 0x0000000083700000| Untracked 
|  12|0x0000000083800000, 0x0000000083900000, 0x0000000083900000|100%| O|  |TAMS 0x0000000083800000, 0x0000000083800000| Untracked 
|  13|0x0000000083900000, 0x0000000083a00000, 0x0000000083a00000|100%| O|  |TAMS 0x0000000083900000, 0x0000000083900000| Untracked 
|  14|0x0000000083a00000, 0x0000000083b00000, 0x0000000083b00000|100%| O|  |TAMS 0x0000000083a00000, 0x0000000083a00000| Untracked 
|  15|0x0000000083b00000, 0x0000000083c00000, 0x0000000083c00000|100%| O|  |TAMS 0x0000000083b00000, 0x0000000083b00000| Untracked 
|  16|0x0000000083c00000, 0x0000000083c27400, 0x0000000083d00000| 15%| O|  |TAMS 0x0000000083c00000, 0x0000000083c00000| Untracked 
|  17|0x0000000083d00000, 0x0000000083e00000, 0x0000000083e00000|100%|HS|  |TAMS 0x0000000083d00000, 0x0000000083d00000| Complete 
|  18|0x0000000083e00000, 0x0000000083f00000, 0x0000000083f00000|100%|HC|  |TAMS 0x0000000083e00000, 0x0000000083e00000| Complete 
|  19|0x0000000083f00000, 0x0000000084000000, 0x0000000084000000|100%|HS|  |TAMS 0x0000000083f00000, 0x0000000083f00000| Complete 
|  20|0x0000000084000000, 0x0000000084100000, 0x0000000084100000|100%|HC|  |TAMS 0x0000000084000000, 0x0000000084000000| Complete 
|  21|0x0000000084100000, 0x0000000084200000, 0x0000000084200000|100%|HS|  |TAMS 0x0000000084100000, 0x0000000084100000| Complete 
|  22|0x0000000084200000, 0x0000000084300000, 0x0000000084300000|100%|HC|  |TAMS 0x0000000084200000, 0x0000000084200000| Complete 
|  23|0x0000000084300000, 0x0000000084400000, 0x0000000084400000|100%|HS|  |TAMS 0x0000000084300000, 0x0000000084300000| Complete 
|  24|0x0000000084400000, 0x0000000084500000, 0x0000000084500000|100%|HC|  |TAMS 0x0000000084400000, 0x0000000084400000| Complete 
|  25|0x0000000084500000, 0x0000000084500000, 0x0000000084600000|  0%| F|  |TAMS 0x0000000084500000, 0x0000000084500000| Untracked 
|  26|0x0000000084600000, 0x0000000084600000, 0x0000000084700000|  0%| F|  |TAMS 0x0000000084600000, 0x0000000084600000| Untracked 
|  27|0x0000000084700000, 0x0000000084700000, 0x0000000084800000|  0%| F|  |TAMS 0x0000000084700000, 0x0000000084700000| Untracked 
|  28|0x0000000084800000, 0x0000000084800000, 0x0000000084900000|  0%| F|  |TAMS 0x0000000084800000, 0x0000000084800000| Untracked 
|  29|0x0000000084900000, 0x0000000084900000, 0x0000000084a00000|  0%| F|  |TAMS 0x0000000084900000, 0x0000000084900000| Untracked 
|  30|0x0000000084a00000, 0x0000000084a00000, 0x0000000084b00000|  0%| F|  |TAMS 0x0000000084a00000, 0x0000000084a00000| Untracked 
|  31|0x0000000084b00000, 0x0000000084b00000, 0x0000000084c00000|  0%| F|  |TAMS 0x0000000084b00000, 0x0000000084b00000| Untracked 
|  32|0x0000000084c00000, 0x0000000084c00000, 0x0000000084d00000|  0%| F|  |TAMS 0x0000000084c00000, 0x0000000084c00000| Untracked 
|  33|0x0000000084d00000, 0x0000000084d00000, 0x0000000084e00000|  0%| F|  |TAMS 0x0000000084d00000, 0x0000000084d00000| Untracked 
|  34|0x0000000084e00000, 0x0000000084e00000, 0x0000000084f00000|  0%| F|  |TAMS 0x0000000084e00000, 0x0000000084e00000| Untracked 
|  35|0x0000000084f00000, 0x0000000084f00000, 0x0000000085000000|  0%| F|  |TAMS 0x0000000084f00000, 0x0000000084f00000| Untracked 
|  36|0x0000000085000000, 0x0000000085000000, 0x0000000085100000|  0%| F|  |TAMS 0x0000000085000000, 0x0000000085000000| Untracked 
|  37|0x0000000085100000, 0x0000000085100000, 0x0000000085200000|  0%| F|  |TAMS 0x0000000085100000, 0x0000000085100000| Untracked 
|  38|0x0000000085200000, 0x0000000085200000, 0x0000000085300000|  0%| F|  |TAMS 0x0000000085200000, 0x0000000085200000| Untracked 
|  39|0x0000000085300000, 0x0000000085300000, 0x0000000085400000|  0%| F|  |TAMS 0x0000000085300000, 0x0000000085300000| Untracked 
|  40|0x0000000085400000, 0x0000000085400000, 0x0000000085500000|  0%| F|  |TAMS 0x0000000085400000, 0x0000000085400000| Untracked 
|  41|0x0000000085500000, 0x0000000085500000, 0x0000000085600000|  0%| F|  |TAMS 0x0000000085500000, 0x0000000085500000| Untracked 
|  42|0x0000000085600000, 0x0000000085600000, 0x0000000085700000|  0%| F|  |TAMS 0x0000000085600000, 0x0000000085600000| Untracked 
|  43|0x0000000085700000, 0x0000000085700000, 0x0000000085800000|  0%| F|  |TAMS 0x0000000085700000, 0x0000000085700000| Untracked 
|  44|0x0000000085800000, 0x0000000085800000, 0x0000000085900000|  0%| F|  |TAMS 0x0000000085800000, 0x0000000085800000| Untracked 
|  45|0x0000000085900000, 0x0000000085900800, 0x0000000085a00000|  0%| E|  |TAMS 0x0000000085900000, 0x0000000085900000| Complete 
|  46|0x0000000085a00000, 0x0000000085b00000, 0x0000000085b00000|100%| E|CS|TAMS 0x0000000085a00000, 0x0000000085a00000| Complete 
|  47|0x0000000085b00000, 0x0000000085c00000, 0x0000000085c00000|100%| E|CS|TAMS 0x0000000085b00000, 0x0000000085b00000| Complete 
|  48|0x0000000085c00000, 0x0000000085d00000, 0x0000000085d00000|100%| E|CS|TAMS 0x0000000085c00000, 0x0000000085c00000| Complete 
|  49|0x0000000085d00000, 0x0000000085e00000, 0x0000000085e00000|100%| E|CS|TAMS 0x0000000085d00000, 0x0000000085d00000| Complete 
|  50|0x0000000085e00000, 0x0000000085f00000, 0x0000000085f00000|100%| E|CS|TAMS 0x0000000085e00000, 0x0000000085e00000| Complete 
|  51|0x0000000085f00000, 0x0000000086000000, 0x0000000086000000|100%| E|CS|TAMS 0x0000000085f00000, 0x0000000085f00000| Complete 
|  52|0x0000000086000000, 0x0000000086100000, 0x0000000086100000|100%| E|CS|TAMS 0x0000000086000000, 0x0000000086000000| Complete 
|  53|0x0000000086100000, 0x0000000086200000, 0x0000000086200000|100%| E|CS|TAMS 0x0000000086100000, 0x0000000086100000| Complete 
|  54|0x0000000086200000, 0x0000000086300000, 0x0000000086300000|100%| E|CS|TAMS 0x0000000086200000, 0x0000000086200000| Complete 
|  55|0x0000000086300000, 0x0000000086400000, 0x0000000086400000|100%| E|CS|TAMS 0x0000000086300000, 0x0000000086300000| Complete 
|  56|0x0000000086400000, 0x0000000086500000, 0x0000000086500000|100%| E|CS|TAMS 0x0000000086400000, 0x0000000086400000| Complete 
|  57|0x0000000086500000, 0x0000000086600000, 0x0000000086600000|100%| E|CS|TAMS 0x0000000086500000, 0x0000000086500000| Complete 
|  58|0x0000000086600000, 0x0000000086700000, 0x0000000086700000|100%| E|CS|TAMS 0x0000000086600000, 0x0000000086600000| Complete 
|  59|0x0000000086700000, 0x0000000086800000, 0x0000000086800000|100%| E|CS|TAMS 0x0000000086700000, 0x0000000086700000| Complete 
|  60|0x0000000086800000, 0x0000000086900000, 0x0000000086900000|100%| E|CS|TAMS 0x0000000086800000, 0x0000000086800000| Complete 
|  61|0x0000000086900000, 0x0000000086a00000, 0x0000000086a00000|100%| E|CS|TAMS 0x0000000086900000, 0x0000000086900000| Complete 
|  62|0x0000000086a00000, 0x0000000086b00000, 0x0000000086b00000|100%| E|CS|TAMS 0x0000000086a00000, 0x0000000086a00000| Complete 
|  63|0x0000000086b00000, 0x0000000086c00000, 0x0000000086c00000|100%| E|CS|TAMS 0x0000000086b00000, 0x0000000086b00000| Complete 
|  78|0x0000000087a00000, 0x0000000087b00000, 0x0000000087b00000|100%| S|CS|TAMS 0x0000000087a00000, 0x0000000087a00000| Complete 
|  79|0x0000000087b00000, 0x0000000087c00000, 0x0000000087c00000|100%| S|CS|TAMS 0x0000000087b00000, 0x0000000087b00000| Complete 
|  80|0x0000000087c00000, 0x0000000087d00000, 0x0000000087d00000|100%| S|CS|TAMS 0x0000000087c00000, 0x0000000087c00000| Complete 
|  81|0x0000000087d00000, 0x0000000087e00000, 0x0000000087e00000|100%| S|CS|TAMS 0x0000000087d00000, 0x0000000087d00000| Complete 
|  82|0x0000000087e00000, 0x0000000087f00000, 0x0000000087f00000|100%| S|CS|TAMS 0x0000000087e00000, 0x0000000087e00000| Complete 
|  83|0x0000000087f00000, 0x0000000088000000, 0x0000000088000000|100%| S|CS|TAMS 0x0000000087f00000, 0x0000000087f00000| Complete 

Card table byte_map: [0x000001d972850000,0x000001d972c40000] _byte_map_base: 0x000001d97243a000

Marking Bits (Prev, Next): (CMBitMap*) 0x000001d96ad18830, (CMBitMap*) 0x000001d96ad187f0
 Prev Bits: [0x000001d974f80000, 0x000001d976ed0000)
 Next Bits: [0x000001d973030000, 0x000001d974f80000)

Polling page: 0x000001d968bc0000

Metaspace:

Usage:
  Non-class:     18.10 MB used.
      Class:      2.77 MB used.
       Both:     20.86 MB used.

Virtual space:
  Non-class space:       24.00 MB reserved,      18.25 MB ( 76%) committed,  3 nodes.
      Class space:        1.00 GB reserved,       2.94 MB ( <1%) committed,  1 nodes.
              Both:        1.02 GB reserved,      21.19 MB (  2%) committed. 

Chunk freelists:
   Non-Class:  848.00 KB
       Class:  1.12 MB
        Both:  1.95 MB

MaxMetaspaceSize: 17179869184.00 GB
CompressedClassSpaceSize: 1.00 GB
 - commit_granule_bytes: 65536.
 - commit_granule_words: 8192.
 - virtual_space_node_default_size: 1048576.
 - enlarge_chunks_in_place: 1.
 - new_chunks_are_fully_committed: 0.
 - uncommit_free_chunks: 1.
 - use_allocation_guard: 0.
 - handle_deallocations: 1.


Internal statistics:

num_allocs_failed_limit: 3.
num_arena_births: 250.
num_arena_deaths: 0.
num_vsnodes_births: 4.
num_vsnodes_deaths: 0.
num_space_committed: 339.
num_space_uncommitted: 0.
num_chunks_returned_to_freelist: 3.
num_chunks_taken_from_freelist: 972.
num_chunk_merges: 3.
num_chunk_splits: 666.
num_chunks_enlarged: 505.
num_purges: 0.

CodeHeap 'non-profiled nmethods': size=120000Kb used=2208Kb max_used=2208Kb free=117791Kb
 bounds [0x000001d907ad0000, 0x000001d907d40000, 0x000001d90f000000]
CodeHeap 'profiled nmethods': size=120000Kb used=10220Kb max_used=10220Kb free=109779Kb
 bounds [0x000001d9005a0000, 0x000001d900fa0000, 0x000001d907ad0000]
CodeHeap 'non-nmethods': size=5760Kb used=1465Kb max_used=1540Kb free=4294Kb
 bounds [0x000001d900000000, 0x000001d900270000, 0x000001d9005a0000]
 total_blobs=5591 nmethods=4752 adapters=750
 compilation: enabled
              stopped_count=0, restarted_count=0
 full_count=0

Compilation events (20 events):
Event: 26.602 Thread 0x000001d979363260 nmethod 4750 0x000001d907cf1490 code [0x000001d907cf1640, 0x000001d907cf1818]
Event: 26.602 Thread 0x000001d979363260 4756       4       com.sun.javafx.sg.prism.NGNode::getClippedBounds (78 bytes)
Event: 26.603 Thread 0x000001d979367510 nmethod 4752 0x000001d900f93d10 code [0x000001d900f94180, 0x000001d900f96748]
Event: 26.604 Thread 0x000001d979367510 4757       3       com.sun.javafx.image.impl.BaseByteToByteConverter$ByteAnyToSameConverter::convert (24 bytes)
Event: 26.604 Thread 0x000001d979367510 nmethod 4757 0x000001d900f97690 code [0x000001d900f97840, 0x000001d900f97ba8]
Event: 26.604 Thread 0x000001d979367510 4759       3       com.sun.prism.impl.VertexBuffer::addQuad (132 bytes)
Event: 26.605 Thread 0x000001d979367510 nmethod 4759 0x000001d900f97c90 code [0x000001d900f97e80, 0x000001d900f983c8]
Event: 26.605 Thread 0x000001d979367510 4758       3       com.sun.javafx.image.impl.BaseByteToByteConverter::convert (120 bytes)
Event: 26.606 Thread 0x000001d979367510 nmethod 4758 0x000001d900f98590 code [0x000001d900f98860, 0x000001d900f99898]
Event: 26.606 Thread 0x000001d979367510 4760       3       com.sun.marlin.TransformingPathConsumer2D$PathClipFilter::moveTo (49 bytes)
Event: 26.607 Thread 0x000001d979367510 nmethod 4760 0x000001d900f99e90 code [0x000001d900f9a060, 0x000001d900f9a488]
Event: 26.607 Thread 0x000001d979367510 4761       3       com.sun.marlin.TransformingPathConsumer2D$PathClipFilter::pathDone (18 bytes)
Event: 26.608 Thread 0x000001d979367510 nmethod 4761 0x000001d900f9a610 code [0x000001d900f9a800, 0x000001d900f9ac28]
Event: 26.608 Thread 0x000001d979367510 4762       3       com.sun.marlin.Renderer::initConsumer (72 bytes)
Event: 26.608 Thread 0x000001d979367510 nmethod 4762 0x000001d900f9ae10 code [0x000001d900f9afc0, 0x000001d900f9b158]
Event: 26.698 Thread 0x000001d979363260 nmethod 4756 0x000001d907cf1990 code [0x000001d907cf1fc0, 0x000001d907cf53b0]
Event: 26.698 Thread 0x000001d979363260 4755       4       com.sun.javafx.geom.transform.AffineBase::translate (548 bytes)
Event: 26.700 Thread 0x000001d979363260 nmethod 4755 0x000001d907cf7390 code [0x000001d907cf7540, 0x000001d907cf7718]
Event: 26.700 Thread 0x000001d979363260 4751       4       com.sun.prism.impl.VertexBuffer::addQuad (63 bytes)
Event: 26.707 Thread 0x000001d979363260 nmethod 4751 0x000001d907cf7810 code [0x000001d907cf79a0, 0x000001d907cf7d78]

GC Heap History (8 events):
Event: 1.039 GC heap before
{Heap before GC invocations=0 (full 0):
 garbage-first heap   total 129024K, used 12288K [0x0000000082c00000, 0x0000000100000000)
  region size 1024K, 13 young (13312K), 0 survivors (0K)
 Metaspace       used 2615K, committed 2752K, reserved 1056768K
  class space    used 265K, committed 320K, reserved 1048576K
}
Event: 1.057 GC heap after
{Heap after GC invocations=1 (full 0):
 garbage-first heap   total 129024K, used 3198K [0x0000000082c00000, 0x0000000100000000)
  region size 1024K, 2 young (2048K), 2 survivors (2048K)
 Metaspace       used 2615K, committed 2752K, reserved 1056768K
  class space    used 265K, committed 320K, reserved 1048576K
}
Event: 1.593 GC heap before
{Heap before GC invocations=1 (full 0):
 garbage-first heap   total 129024K, used 16510K [0x0000000082c00000, 0x0000000100000000)
  region size 1024K, 16 young (16384K), 2 survivors (2048K)
 Metaspace       used 7361K, committed 7552K, reserved 1056768K
  class space    used 868K, committed 960K, reserved 1048576K
}
Event: 1.599 GC heap after
{Heap after GC invocations=2 (full 0):
 garbage-first heap   total 129024K, used 5322K [0x0000000082c00000, 0x0000000100000000)
  region size 1024K, 2 young (2048K), 2 survivors (2048K)
 Metaspace       used 7361K, committed 7552K, reserved 1056768K
  class space    used 868K, committed 960K, reserved 1048576K
}
Event: 6.998 GC heap before
{Heap before GC invocations=2 (full 0):
 garbage-first heap   total 129024K, used 36042K [0x0000000082c00000, 0x0000000100000000)
  region size 1024K, 30 young (30720K), 2 survivors (2048K)
 Metaspace       used 15753K, committed 16000K, reserved 1064960K
  class space    used 2201K, committed 2304K, reserved 1048576K
}
Event: 7.007 GC heap after
{Heap after GC invocations=3 (full 0):
 garbage-first heap   total 129024K, used 10754K [0x0000000082c00000, 0x0000000100000000)
  region size 1024K, 4 young (4096K), 4 survivors (4096K)
 Metaspace       used 15753K, committed 16000K, reserved 1064960K
  class space    used 2201K, committed 2304K, reserved 1048576K
}
Event: 21.024 GC heap before
{Heap before GC invocations=3 (full 0):
 garbage-first heap   total 129024K, used 51714K [0x0000000082c00000, 0x0000000100000000)
  region size 1024K, 42 young (43008K), 4 survivors (4096K)
 Metaspace       used 21015K, committed 21248K, reserved 1073152K
  class space    used 2828K, committed 2944K, reserved 1048576K
}
Event: 21.050 GC heap after
{Heap after GC invocations=4 (full 0):
 garbage-first heap   total 129024K, used 20637K [0x0000000082c00000, 0x0000000100000000)
  region size 1024K, 6 young (6144K), 6 survivors (6144K)
 Metaspace       used 21015K, committed 21248K, reserved 1073152K
  class space    used 2828K, committed 2944K, reserved 1048576K
}

Deoptimization events (20 events):
Event: 21.124 Thread 0x000001d97a8c7a80 DEOPT PACKING pc=0x000001d907c521c8 sp=0x000000735a5f4780
Event: 21.124 Thread 0x000001d97a8c7a80 DEOPT UNPACKING pc=0x000001d90004d728 sp=0x000000735a5f4718 mode 2
Event: 21.145 Thread 0x000001d97a8c7a80 Uncommon trap: trap_request=0xffffffbe fr.pc=0x000001d907c521c8 relative=0x0000000000001f88
Event: 21.145 Thread 0x000001d97a8c7a80 Uncommon trap: reason=profile_predicate action=maybe_recompile pc=0x000001d907c521c8 method=javafx.scene.CssStyleHelper.transitionToState(Ljavafx/scene/Node;)V @ 287 c2
Event: 21.145 Thread 0x000001d97a8c7a80 DEOPT PACKING pc=0x000001d907c521c8 sp=0x000000735a5f43d0
Event: 21.145 Thread 0x000001d97a8c7a80 DEOPT UNPACKING pc=0x000001d90004d728 sp=0x000000735a5f4368 mode 2
Event: 21.324 Thread 0x000001d97a8c7a80 DEOPT PACKING pc=0x000001d900b10424 sp=0x000000735a5f3e50
Event: 21.324 Thread 0x000001d97a8c7a80 DEOPT UNPACKING pc=0x000001d90004deaf sp=0x000000735a5f32b0 mode 0
Event: 24.959 Thread 0x000001d97a8c7a80 Uncommon trap: trap_request=0xffffffbe fr.pc=0x000001d907cb5cec relative=0x0000000000005b0c
Event: 24.959 Thread 0x000001d97a8c7a80 Uncommon trap: reason=profile_predicate action=maybe_recompile pc=0x000001d907cb5cec method=javafx.scene.CssStyleHelper.transitionToState(Ljavafx/scene/Node;)V @ 291 c2
Event: 24.959 Thread 0x000001d97a8c7a80 DEOPT PACKING pc=0x000001d907cb5cec sp=0x000000735a5f2110
Event: 24.959 Thread 0x000001d97a8c7a80 DEOPT UNPACKING pc=0x000001d90004d728 sp=0x000000735a5f2088 mode 2
Event: 24.961 Thread 0x000001d97a8c7a80 Uncommon trap: trap_request=0xffffffbe fr.pc=0x000001d907cb5cec relative=0x0000000000005b0c
Event: 24.961 Thread 0x000001d97a8c7a80 Uncommon trap: reason=profile_predicate action=maybe_recompile pc=0x000001d907cb5cec method=javafx.scene.CssStyleHelper.transitionToState(Ljavafx/scene/Node;)V @ 291 c2
Event: 24.961 Thread 0x000001d97a8c7a80 DEOPT PACKING pc=0x000001d907cb5cec sp=0x000000735a5f2110
Event: 24.961 Thread 0x000001d97a8c7a80 DEOPT UNPACKING pc=0x000001d90004d728 sp=0x000000735a5f2088 mode 2
Event: 62.427 Thread 0x000001d97935c660 Uncommon trap: trap_request=0xffffffde fr.pc=0x000001d907cf03b8 relative=0x0000000000000298
Event: 62.427 Thread 0x000001d97935c660 Uncommon trap: reason=class_check action=maybe_recompile pc=0x000001d907cf03b8 method=java.util.Hashtable.get(Ljava/lang/Object;)Ljava/lang/Object; @ 6 c2
Event: 62.427 Thread 0x000001d97935c660 DEOPT PACKING pc=0x000001d907cf03b8 sp=0x00000073595fede0
Event: 62.427 Thread 0x000001d97935c660 DEOPT UNPACKING pc=0x000001d90004d728 sp=0x00000073595fed90 mode 2

Classes unloaded (0 events):
No events

Classes redefined (0 events):
No events

Internal exceptions (20 events):
Event: 2.028 Thread 0x000001d97a8c7a80 Implicit null exception at 0x000001d907b2578c to 0x000001d907b25948
Event: 2.029 Thread 0x000001d97a8c7a80 Implicit null exception at 0x000001d907b2480c to 0x000001d907b24ba8
Event: 2.035 Thread 0x000001d97a8c7a80 Implicit null exception at 0x000001d907af1baf to 0x000001d907af1c2d
Event: 2.281 Thread 0x000001d97a8c7a80 Exception <a 'java/lang/ClassNotFoundException'{0x0000000089c82db0}: com/sun/javafx/scene/control/skin/resources/controls> (0x0000000089c82db0) 
thrown [t:\workspace\open\src\hotspot\share\prims\jni.cpp, line 600]
Event: 2.283 Thread 0x000001d97a8c7a80 Exception <a 'java/lang/ClassNotFoundException'{0x0000000089c90d50}: com/sun/javafx/scene/control/skin/resources/controls_ru> (0x0000000089c90d50) 
thrown [t:\workspace\open\src\hotspot\share\prims\jni.cpp, line 600]
Event: 2.284 Thread 0x000001d97a8c7a80 Exception <a 'java/lang/ClassNotFoundException'{0x0000000089c923d8}: com/sun/javafx/scene/control/skin/resources/controls_ru_RU> (0x0000000089c923d8) 
thrown [t:\workspace\open\src\hotspot\share\prims\jni.cpp, line 600]
Event: 2.368 Thread 0x000001d97a8c7a80 Exception <a 'java/lang/NoSuchMethodError'{0x0000000089a58a48}: 'void java.lang.invoke.DirectMethodHandle$Holder.invokeSpecial(java.lang.Object, java.lang.Object, java.lang.Object, java.lang.Object, java.lang.Object, java.lang.Object)'> (0x0000000089a58a48) 
thrown [t:\workspace\open\src\hotspot\share\interpreter\linkResolver.cpp, line 790]
Event: 2.447 Thread 0x000001d97a8c7a80 Exception <a 'java/lang/NoSuchMethodError'{0x0000000089552500}: 'java.lang.Object java.lang.invoke.DirectMethodHandle$Holder.invokeInterface(java.lang.Object, java.lang.Object, java.lang.Object)'> (0x0000000089552500) 
thrown [t:\workspace\open\src\hotspot\share\interpreter\linkResolver.cpp, line 790]
Event: 2.447 Thread 0x000001d97a8c7a80 Exception <a 'java/lang/IncompatibleClassChangeError'{0x0000000089556080}: Found class java.lang.Object, but interface was expected> (0x0000000089556080) 
thrown [t:\workspace\open\src\hotspot\share\interpreter\linkResolver.cpp, line 857]
Event: 2.597 Thread 0x000001d97a8c7a80 Exception <a 'java/lang/NoSuchMethodError'{0x000000008933ae50}: 'java.lang.Object java.lang.invoke.DirectMethodHandle$Holder.newInvokeSpecial(java.lang.Object, java.lang.Object, int)'> (0x000000008933ae50) 
thrown [t:\workspace\open\src\hotspot\share\interpreter\linkResolver.cpp, line 790]
Event: 2.657 Thread 0x000001d97a823cc0 Exception <a 'java/lang/NoSuchMethodError'{0x00000000893e63c8}: 'int java.lang.invoke.DirectMethodHandle$Holder.invokeStaticInit(java.lang.Object, java.lang.Object)'> (0x00000000893e63c8) 
thrown [t:\workspace\open\src\hotspot\share\interpreter\linkResolver.cpp, line 790]
Event: 2.669 Thread 0x000001d97a8c7a80 Exception <a 'java/lang/NoSuchMethodError'{0x00000000893bf760}: 'long java.lang.invoke.DirectMethodHandle$Holder.invokeStatic(java.lang.Object, java.lang.Object, java.lang.Object)'> (0x00000000893bf760) 
thrown [t:\workspace\open\src\hotspot\share\interpreter\linkResolver.cpp, line 790]
Event: 2.671 Thread 0x000001d97a8c7a80 Exception <a 'java/lang/NoSuchMethodError'{0x00000000893c3110}: 'long java.lang.invoke.DirectMethodHandle$Holder.invokeStaticInit(java.lang.Object, java.lang.Object, java.lang.Object)'> (0x00000000893c3110) 
thrown [t:\workspace\open\src\hotspot\share\interpreter\linkResolver.cpp, line 790]
Event: 2.676 Thread 0x000001d97a8c7a80 Exception <a 'java/lang/NoSuchMethodError'{0x0000000089248870}: 'java.lang.Object java.lang.invoke.DirectMethodHandle$Holder.newInvokeSpecial(java.lang.Object, java.lang.Object, long)'> (0x0000000089248870) 
thrown [t:\workspace\open\src\hotspot\share\interpreter\linkResolver.cpp, line 790]
Event: 2.677 Thread 0x000001d97a8c7a80 Exception <a 'java/lang/NoSuchMethodError'{0x000000008924c5e0}: 'java.lang.Object java.lang.invoke.Invokers$Holder.linkToTargetMethod(java.lang.Object, long, java.lang.Object)'> (0x000000008924c5e0) 
thrown [t:\workspace\open\src\hotspot\share\interpreter\linkResolver.cpp, line 790]
Event: 6.864 Thread 0x000001d97a8c7a80 Exception <a 'java/lang/NoSuchMethodError'{0x0000000088d5a9e0}: 'java.lang.Object java.lang.invoke.DirectMethodHandle$Holder.invokeInterface(java.lang.Object, java.lang.Object)'> (0x0000000088d5a9e0) 
thrown [t:\workspace\open\src\hotspot\share\interpreter\linkResolver.cpp, line 790]
Event: 6.866 Thread 0x000001d97a8c7a80 Exception <a 'java/lang/NoSuchMethodError'{0x0000000088d63368}: 'java.lang.Object java.lang.invoke.DirectMethodHandle$Holder.invokeStaticInit(java.lang.Object, java.lang.Object, java.lang.Object)'> (0x0000000088d63368) 
thrown [t:\workspace\open\src\hotspot\share\interpreter\linkResolver.cpp, line 790]
Event: 6.872 Thread 0x000001d97a8c7a80 Exception <a 'java/lang/NoSuchMethodError'{0x0000000088d83bb0}: 'int java.lang.invoke.DirectMethodHandle$Holder.invokeSpecial(java.lang.Object, java.lang.Object, java.lang.Object)'> (0x0000000088d83bb0) 
thrown [t:\workspace\open\src\hotspot\share\interpreter\linkResolver.cpp, line 790]
Event: 8.737 Thread 0x000001d97a823cc0 Exception <a 'java/lang/NoSuchMethodError'{0x000000008a2827c8}: 'java.lang.Object java.lang.invoke.DirectMethodHandle$Holder.invokeStaticInit(java.lang.Object, int)'> (0x000000008a2827c8) 
thrown [t:\workspace\open\src\hotspot\share\interpreter\linkResolver.cpp, line 790]
Event: 13.947 Thread 0x000001d97a8c7a80 Implicit null exception at 0x000001d907c34804 to 0x000001d907c3d000

Events (20 events):
Event: 24.961 Thread 0x000001d911af2410 Thread exited: 0x000001d911af2410
Event: 25.025 Thread 0x000001d911af2410 Thread added: 0x000001d911af2410
Event: 25.372 Executing  VM operation: Cleanup
Event: 25.372 Executing  VM operation: Cleanup done
Event: 25.838 Thread 0x000001d911af2410 Thread exited: 0x000001d911af2410
Event: 25.987 Thread 0x000001d911af2410 Thread added: 0x000001d911af2410
Event: 26.310 Thread 0x000001d911af2410 Thread exited: 0x000001d911af2410
Event: 26.372 Executing  VM operation: Cleanup
Event: 26.373 Executing  VM operation: Cleanup done
Event: 27.373 Executing  VM operation: Cleanup
Event: 27.374 Executing  VM operation: Cleanup done
Event: 28.374 Executing  VM operation: Cleanup
Event: 28.374 Executing  VM operation: Cleanup done
Event: 62.427 loading class jdk/internal/misc/Signal$1
Event: 62.427 loading class jdk/internal/misc/Signal$1 done
Event: 62.427 Thread 0x000001d97adadfd0 Thread added: 0x000001d97adadfd0
Event: 62.428 Thread 0x000001d97adabaa0 Thread added: 0x000001d97adabaa0
Event: 62.428 Thread 0x000001d97adaca90 Thread added: 0x000001d97adaca90
Event: 62.433 Thread 0x000001d97adabaa0 Thread exited: 0x000001d97adabaa0
Event: 62.434 Executing  VM operation: Exit


Dynamic libraries:
0x00007ff63fa90000 - 0x00007ff63faa0000 	C:\Program Files\Java\jdk-16.0.2\bin\java.exe
0x00007ff8a81b0000 - 0x00007ff8a83a5000 	C:\Windows\SYSTEM32\ntdll.dll
0x00007ff8a7b10000 - 0x00007ff8a7bce000 	C:\Windows\System32\KERNEL32.DLL
0x00007ff8a5a00000 - 0x00007ff8a5cc8000 	C:\Windows\System32\KERNELBASE.dll
0x00007ff8a6070000 - 0x00007ff8a6170000 	C:\Windows\System32\ucrtbase.dll
0x00007ff8a29b0000 - 0x00007ff8a29c8000 	C:\Program Files\Java\jdk-16.0.2\bin\jli.dll
0x00007ff8a7820000 - 0x00007ff8a78ce000 	C:\Windows\System32\ADVAPI32.dll
0x00007ff8a6200000 - 0x00007ff8a629e000 	C:\Windows\System32\msvcrt.dll
0x00007ff8a7050000 - 0x00007ff8a70ec000 	C:\Windows\System32\sechost.dll
0x00007ff8a78d0000 - 0x00007ff8a79f5000 	C:\Windows\System32\RPCRT4.dll
0x00007ff8a63d0000 - 0x00007ff8a6570000 	C:\Windows\System32\USER32.dll
0x00007ff8a5ed0000 - 0x00007ff8a5ef2000 	C:\Windows\System32\win32u.dll
0x00007ff8a7c60000 - 0x00007ff8a7c8b000 	C:\Windows\System32\GDI32.dll
0x00007ff8a58f0000 - 0x00007ff8a59fd000 	C:\Windows\System32\gdi32full.dll
0x00007ff8a5e30000 - 0x00007ff8a5ecd000 	C:\Windows\System32\msvcp_win.dll
0x00007ff8913d0000 - 0x00007ff89166a000 	C:\Windows\WinSxS\amd64_microsoft.windows.common-controls_6595b64144ccf1df_6.0.19041.1110_none_60b5254171f9507e\COMCTL32.dll
0x00007ff89f580000 - 0x00007ff89f58a000 	C:\Windows\SYSTEM32\VERSION.dll
0x00007ff8a0cf0000 - 0x00007ff8a0d09000 	C:\Program Files\Java\jdk-16.0.2\bin\VCRUNTIME140.dll
0x00007ff8a77f0000 - 0x00007ff8a7820000 	C:\Windows\System32\IMM32.DLL
0x00007ff8a2990000 - 0x00007ff8a299c000 	C:\Program Files\Java\jdk-16.0.2\bin\vcruntime140_1.dll
0x00007ff879d00000 - 0x00007ff879d91000 	C:\Program Files\Java\jdk-16.0.2\bin\msvcp140.dll
0x00007ff867e40000 - 0x00007ff8689eb000 	C:\Program Files\Java\jdk-16.0.2\bin\server\jvm.dll
0x00007ff8a71d0000 - 0x00007ff8a71d8000 	C:\Windows\System32\PSAPI.DLL
0x00007ff890220000 - 0x00007ff890229000 	C:\Windows\SYSTEM32\WSOCK32.dll
0x00007ff8a8100000 - 0x00007ff8a816b000 	C:\Windows\System32\WS2_32.dll
0x00007ff884c60000 - 0x00007ff884c87000 	C:\Windows\SYSTEM32\WINMM.dll
0x00007ff8a3990000 - 0x00007ff8a39a2000 	C:\Windows\SYSTEM32\kernel.appcore.dll
0x00007ff8a0d80000 - 0x00007ff8a0d8a000 	C:\Program Files\Java\jdk-16.0.2\bin\jimage.dll
0x00007ff8a36b0000 - 0x00007ff8a3894000 	C:\Windows\SYSTEM32\DBGHELP.DLL
0x00007ff892630000 - 0x00007ff89265c000 	C:\Windows\SYSTEM32\dbgcore.DLL
0x00007ff8a6170000 - 0x00007ff8a61f2000 	C:\Windows\System32\bcryptPrimitives.dll
0x00007ff89f2c0000 - 0x00007ff89f2ce000 	C:\Program Files\Java\jdk-16.0.2\bin\instrument.dll
0x00007ff89ed00000 - 0x00007ff89ed25000 	C:\Program Files\Java\jdk-16.0.2\bin\java.dll
0x00007ff8a6750000 - 0x00007ff8a6e94000 	C:\Windows\System32\SHELL32.dll
0x00007ff8a39b0000 - 0x00007ff8a4144000 	C:\Windows\SYSTEM32\windows.storage.dll
0x00007ff8a7da0000 - 0x00007ff8a80f5000 	C:\Windows\System32\combase.dll
0x00007ff8a5240000 - 0x00007ff8a526e000 	C:\Windows\SYSTEM32\Wldp.dll
0x00007ff8a6570000 - 0x00007ff8a661d000 	C:\Windows\System32\SHCORE.dll
0x00007ff8a66f0000 - 0x00007ff8a6745000 	C:\Windows\System32\shlwapi.dll
0x00007ff8a5800000 - 0x00007ff8a581f000 	C:\Windows\SYSTEM32\profapi.dll
0x00007ff89f2a0000 - 0x00007ff89f2b9000 	C:\Program Files\Java\jdk-16.0.2\bin\net.dll
0x00007ff89c1f0000 - 0x00007ff89c2fc000 	C:\Windows\SYSTEM32\WINHTTP.dll
0x00007ff8a4fa0000 - 0x00007ff8a500a000 	C:\Windows\system32\mswsock.dll
0x00007ff887eb0000 - 0x00007ff887ec3000 	C:\Program Files\Java\jdk-16.0.2\bin\nio.dll
0x00007ff887110000 - 0x00007ff887128000 	C:\Program Files\Java\jdk-16.0.2\bin\zip.dll
0x00007ff8870f0000 - 0x00007ff88710a000 	C:\Program Files\JetBrains\IntelliJ IDEA 2021.2.1\bin\breakgen64.dll
0x000001d96ac40000 - 0x000001d96ac43000 	C:\javafx-sdk-17.0.2\bin\api-ms-win-core-console-l1-1-0.dll
0x000001d96ac50000 - 0x000001d96ac53000 	C:\javafx-sdk-17.0.2\bin\api-ms-win-core-console-l1-2-0.dll
0x000001d96ac60000 - 0x000001d96ac63000 	C:\javafx-sdk-17.0.2\bin\api-ms-win-core-datetime-l1-1-0.dll
0x000001d96ac70000 - 0x000001d96ac73000 	C:\javafx-sdk-17.0.2\bin\api-ms-win-core-debug-l1-1-0.dll
0x000001d96ac80000 - 0x000001d96ac83000 	C:\javafx-sdk-17.0.2\bin\api-ms-win-core-errorhandling-l1-1-0.dll
0x000001d96ac90000 - 0x000001d96ac94000 	C:\javafx-sdk-17.0.2\bin\api-ms-win-core-file-l1-1-0.dll
0x000001d96aca0000 - 0x000001d96aca3000 	C:\javafx-sdk-17.0.2\bin\api-ms-win-core-file-l1-2-0.dll
0x000001d96acb0000 - 0x000001d96acb3000 	C:\javafx-sdk-17.0.2\bin\api-ms-win-core-file-l2-1-0.dll
0x000001d979520000 - 0x000001d979523000 	C:\javafx-sdk-17.0.2\bin\api-ms-win-core-handle-l1-1-0.dll
0x000001d979530000 - 0x000001d979533000 	C:\javafx-sdk-17.0.2\bin\api-ms-win-core-heap-l1-1-0.dll
0x000001d979540000 - 0x000001d979543000 	C:\javafx-sdk-17.0.2\bin\api-ms-win-core-interlocked-l1-1-0.dll
0x000001d979550000 - 0x000001d979553000 	C:\javafx-sdk-17.0.2\bin\api-ms-win-core-libraryloader-l1-1-0.dll
0x000001d979560000 - 0x000001d979563000 	C:\javafx-sdk-17.0.2\bin\api-ms-win-core-localization-l1-2-0.dll
0x000001d979570000 - 0x000001d979573000 	C:\javafx-sdk-17.0.2\bin\api-ms-win-core-memory-l1-1-0.dll
0x000001d979580000 - 0x000001d979583000 	C:\javafx-sdk-17.0.2\bin\api-ms-win-core-namedpipe-l1-1-0.dll
0x000001d979590000 - 0x000001d979593000 	C:\javafx-sdk-17.0.2\bin\api-ms-win-core-processenvironment-l1-1-0.dll
0x000001d9795a0000 - 0x000001d9795a3000 	C:\javafx-sdk-17.0.2\bin\api-ms-win-core-processthreads-l1-1-0.dll
0x000001d9795b0000 - 0x000001d9795b3000 	C:\javafx-sdk-17.0.2\bin\api-ms-win-core-processthreads-l1-1-1.dll
0x000001d9795c0000 - 0x000001d9795c3000 	C:\javafx-sdk-17.0.2\bin\api-ms-win-core-profile-l1-1-0.dll
0x000001d9795d0000 - 0x000001d9795d3000 	C:\javafx-sdk-17.0.2\bin\api-ms-win-core-rtlsupport-l1-1-0.dll
0x000001d9795e0000 - 0x000001d9795e3000 	C:\javafx-sdk-17.0.2\bin\api-ms-win-core-string-l1-1-0.dll
0x000001d9795f0000 - 0x000001d9795f3000 	C:\javafx-sdk-17.0.2\bin\api-ms-win-core-synch-l1-1-0.dll
0x000001d979600000 - 0x000001d979603000 	C:\javafx-sdk-17.0.2\bin\api-ms-win-core-synch-l1-2-0.dll
0x000001d979610000 - 0x000001d979613000 	C:\javafx-sdk-17.0.2\bin\api-ms-win-core-sysinfo-l1-1-0.dll
0x000001d979620000 - 0x000001d979623000 	C:\javafx-sdk-17.0.2\bin\api-ms-win-core-timezone-l1-1-0.dll
0x000001d979630000 - 0x000001d979633000 	C:\javafx-sdk-17.0.2\bin\api-ms-win-core-util-l1-1-0.dll
0x000001d979640000 - 0x000001d979643000 	C:\javafx-sdk-17.0.2\bin\api-ms-win-crt-conio-l1-1-0.dll
0x000001d979650000 - 0x000001d979654000 	C:\javafx-sdk-17.0.2\bin\api-ms-win-crt-convert-l1-1-0.dll
0x000001d979660000 - 0x000001d979663000 	C:\javafx-sdk-17.0.2\bin\api-ms-win-crt-environment-l1-1-0.dll
0x000001d979670000 - 0x000001d979673000 	C:\javafx-sdk-17.0.2\bin\api-ms-win-crt-filesystem-l1-1-0.dll
0x000001d979680000 - 0x000001d979683000 	C:\javafx-sdk-17.0.2\bin\api-ms-win-crt-heap-l1-1-0.dll
0x000001d979690000 - 0x000001d979693000 	C:\javafx-sdk-17.0.2\bin\api-ms-win-crt-locale-l1-1-0.dll
0x000001d9796a0000 - 0x000001d9796a5000 	C:\javafx-sdk-17.0.2\bin\api-ms-win-crt-math-l1-1-0.dll
0x000001d9796b0000 - 0x000001d9796b5000 	C:\javafx-sdk-17.0.2\bin\api-ms-win-crt-multibyte-l1-1-0.dll
0x000001d9796c0000 - 0x000001d9796d0000 	C:\javafx-sdk-17.0.2\bin\api-ms-win-crt-private-l1-1-0.dll
0x000001d9796d0000 - 0x000001d9796d3000 	C:\javafx-sdk-17.0.2\bin\api-ms-win-crt-process-l1-1-0.dll
0x000001d9796e0000 - 0x000001d9796e4000 	C:\javafx-sdk-17.0.2\bin\api-ms-win-crt-runtime-l1-1-0.dll
0x000001d9796f0000 - 0x000001d9796f4000 	C:\javafx-sdk-17.0.2\bin\api-ms-win-crt-stdio-l1-1-0.dll
0x000001d979700000 - 0x000001d979704000 	C:\javafx-sdk-17.0.2\bin\api-ms-win-crt-string-l1-1-0.dll
0x000001d979710000 - 0x000001d979713000 	C:\javafx-sdk-17.0.2\bin\api-ms-win-crt-time-l1-1-0.dll
0x000001d979720000 - 0x000001d979723000 	C:\javafx-sdk-17.0.2\bin\api-ms-win-crt-utility-l1-1-0.dll
0x00007ff872530000 - 0x00007ff87262c000 	C:\javafx-sdk-17.0.2\bin\ucrtbase.dll
0x00007ff885ad0000 - 0x00007ff885aea000 	C:\javafx-sdk-17.0.2\bin\vcruntime140.dll
0x00007ff889520000 - 0x00007ff88952c000 	C:\javafx-sdk-17.0.2\bin\vcruntime140_1.dll
0x00007ff872a60000 - 0x00007ff872aed000 	C:\javafx-sdk-17.0.2\bin\msvcp140.dll
0x00007ff87bda0000 - 0x00007ff87bdca000 	C:\javafx-sdk-17.0.2\bin\prism_d3d.dll
0x00007ff86e220000 - 0x00007ff86e3f0000 	C:\Windows\system32\d3d9.dll
0x00007ff8a3120000 - 0x00007ff8a314f000 	C:\Windows\SYSTEM32\dwmapi.dll
0x00007ff8a2f10000 - 0x00007ff8a2fae000 	C:\Windows\system32\uxtheme.dll
0x00007ff86dbf0000 - 0x00007ff86dd53000 	C:\Windows\System32\DriverStore\FileRepository\iigd_dch.inf_amd64_e9b40d45ab4dc6b8\igdumdim64.dll
0x00007ff8a58c0000 - 0x00007ff8a58e7000 	C:\Windows\System32\bcrypt.dll
0x00007ff83acd0000 - 0x00007ff83e6d4000 	C:\Windows\System32\DriverStore\FileRepository\iigd_dch.inf_amd64_e9b40d45ab4dc6b8\igd9dxva64.dll
0x00007ff8a62a0000 - 0x00007ff8a63ca000 	C:\Windows\System32\ole32.dll
0x00007ff8a6620000 - 0x00007ff8a66ed000 	C:\Windows\System32\OLEAUT32.dll
0x00007ff8a7360000 - 0x00007ff8a77d2000 	C:\Windows\System32\SETUPAPI.dll
0x00007ff8a5f70000 - 0x00007ff8a5fbe000 	C:\Windows\System32\cfgmgr32.dll
0x00007ff8987e0000 - 0x00007ff898a1f000 	C:\Windows\System32\DriverStore\FileRepository\iigd_dch.inf_amd64_e9b40d45ab4dc6b8\igdgmm64.dll
0x00007ff879dd0000 - 0x00007ff879e12000 	C:\javafx-sdk-17.0.2\bin\glass.dll
0x00007ff8a70f0000 - 0x00007ff8a71ca000 	C:\Windows\System32\COMDLG32.dll
0x00007ff8a71e0000 - 0x00007ff8a72f6000 	C:\Windows\System32\MSCTF.dll
0x00007ff89e940000 - 0x00007ff89e967000 	C:\Windows\System32\DriverStore\FileRepository\iigd_dch.inf_amd64_e9b40d45ab4dc6b8\igdinfo64.dll
0x00007ff894aa0000 - 0x00007ff897702000 	C:\Windows\System32\DriverStore\FileRepository\iigd_dch.inf_amd64_e9b40d45ab4dc6b8\igc64.dll
0x00007ff89b490000 - 0x00007ff89b4cb000 	C:\Windows\SYSTEM32\dxcore.dll
0x00007ff87c610000 - 0x00007ff87c624000 	C:\javafx-sdk-17.0.2\bin\javafx_font.dll
0x00007ff893a20000 - 0x00007ff893ca3000 	C:\Windows\SYSTEM32\dwrite.dll
0x00007ff8a7cf0000 - 0x00007ff8a7d99000 	C:\Windows\System32\clbcatq.dll
0x00007ff89cad0000 - 0x00007ff89cc84000 	C:\Windows\SYSTEM32\WindowsCodecs.dll
0x00007ff87d560000 - 0x00007ff87d59e000 	C:\Windows\system32\dataexchange.dll
0x00007ff8a0f00000 - 0x00007ff8a1164000 	C:\Windows\system32\d3d11.dll
0x00007ff8a1e30000 - 0x00007ff8a2015000 	C:\Windows\system32\dcomp.dll
0x00007ff8a42d0000 - 0x00007ff8a43c4000 	C:\Windows\system32\dxgi.dll
0x00007ff89d220000 - 0x00007ff89d421000 	C:\Windows\system32\twinapi.appcore.dll
0x00007ff8799e0000 - 0x00007ff879a14000 	C:\Program Files\Common Files\Microsoft Shared\Ink\rtscom.dll
0x00007ff89a660000 - 0x00007ff89a759000 	C:\Windows\SYSTEM32\textinputframework.dll
0x00007ff8a2700000 - 0x00007ff8a27f2000 	C:\Windows\System32\CoreMessaging.dll
0x00007ff8a23a0000 - 0x00007ff8a26fe000 	C:\Windows\System32\CoreUIComponents.dll
0x00007ff8a45b0000 - 0x00007ff8a45e3000 	C:\Windows\SYSTEM32\ntmarta.dll
0x00007ff8a1cd0000 - 0x00007ff8a1e24000 	C:\Windows\SYSTEM32\wintypes.dll
0x00007ff8894d0000 - 0x00007ff8894d9000 	C:\Program Files\Java\jdk-16.0.2\bin\management.dll
0x00007ff885ac0000 - 0x00007ff885acb000 	C:\Program Files\Java\jdk-16.0.2\bin\management_ext.dll

dbghelp: loaded successfully - version: 4.0.5 - missing functions: none
symbol engine: initialized successfully - sym options: 0x614 - pdb path: .;C:\Program Files\Java\jdk-16.0.2\bin;C:\Windows\SYSTEM32;C:\Windows\WinSxS\amd64_microsoft.windows.common-controls_6595b64144ccf1df_6.0.19041.1110_none_60b5254171f9507e;C:\Program Files\Java\jdk-16.0.2\bin\server;C:\Program Files\JetBrains\IntelliJ IDEA 2021.2.1\bin;C:\javafx-sdk-17.0.2\bin;C:\Windows\System32\DriverStore\FileRepository\iigd_dch.inf_amd64_e9b40d45ab4dc6b8;C:\Program Files\Common Files\Microsoft Shared\Ink

VM Arguments:
jvm_args: --module-path=C:/javafx-sdk-17.0.2/lib --add-modules=javafx.controls,javafx.fxml -javaagent:C:\Program Files\JetBrains\IntelliJ IDEA 2021.2.1\lib\idea_rt.jar=56394:C:\Program Files\JetBrains\IntelliJ IDEA 2021.2.1\bin -Dfile.encoding=UTF-8 
java_command: forms.Main
java_class_path (initial): C:\java\Polyclinic\out\production\Polyclinic;C:\javafx-sdk-11.0.2\lib\src.zip;C:\javafx-sdk-11.0.2\lib\javafx-swt.jar;C:\javafx-sdk-11.0.2\lib\javafx.web.jar;C:\javafx-sdk-11.0.2\lib\javafx.base.jar;C:\javafx-sdk-11.0.2\lib\javafx.fxml.jar;C:\javafx-sdk-11.0.2\lib\javafx.media.jar;C:\javafx-sdk-11.0.2\lib\javafx.swing.jar;C:\javafx-sdk-11.0.2\lib\javafx.controls.jar;C:\javafx-sdk-11.0.2\lib\javafx.graphics.jar;C:\java\Polyclinic\src\resources\postgresql-42.3.1 (1).jar;C:\javafx-sdk-17.0.2\lib\javafx-swt.jar;C:\javafx-sdk-17.0.2\lib\javafx.web.jar;C:\javafx-sdk-17.0.2\lib\javafx.base.jar;C:\javafx-sdk-17.0.2\lib\javafx.fxml.jar;C:\javafx-sdk-17.0.2\lib\javafx.media.jar;C:\javafx-sdk-17.0.2\lib\javafx.swing.jar;C:\javafx-sdk-17.0.2\lib\javafx.controls.jar;C:\javafx-sdk-17.0.2\lib\javafx.graphics.jar
Launcher Type: SUN_STANDARD

[Global flags]
     intx CICompilerCount                          = 3                                         {product} {ergonomic}
     uint ConcGCThreads                            = 1                                         {product} {ergonomic}
     uint G1ConcRefinementThreads                  = 4                                         {product} {ergonomic}
   size_t G1HeapRegionSize                         = 1048576                                   {product} {ergonomic}
    uintx GCDrainStackTargetSize                   = 64                                        {product} {ergonomic}
   size_t InitialHeapSize                          = 132120576                                 {product} {ergonomic}
   size_t MarkStackSize                            = 4194304                                   {product} {ergonomic}
   size_t MaxHeapSize                              = 2101346304                                {product} {ergonomic}
   size_t MaxNewSize                               = 1260388352                                {product} {ergonomic}
   size_t MinHeapDeltaBytes                        = 1048576                                   {product} {ergonomic}
   size_t MinHeapSize                              = 8388608                                   {product} {ergonomic}
    uintx NonNMethodCodeHeapSize                   = 5832780                                {pd product} {ergonomic}
    uintx NonProfiledCodeHeapSize                  = 122912730                              {pd product} {ergonomic}
    uintx ProfiledCodeHeapSize                     = 122912730                              {pd product} {ergonomic}
    uintx ReservedCodeCacheSize                    = 251658240                              {pd product} {ergonomic}
     bool SegmentedCodeCache                       = true                                      {product} {ergonomic}
   size_t SoftMaxHeapSize                          = 2101346304                             {manageable} {ergonomic}
     bool UseCompressedClassPointers               = true                           {product lp64_product} {ergonomic}
     bool UseCompressedOops                        = true                           {product lp64_product} {ergonomic}
     bool UseG1GC                                  = true                                      {product} {ergonomic}
     bool UseLargePagesIndividualAllocation        = false                                  {pd product} {ergonomic}

Logging:
Log output configuration:
 #0: stdout all=off uptime,level,tags
 #1: stderr all=off uptime,level,tags

Environment Variables:
PATH=C:\Program Files\Common Files\Oracle\Java\javapath;C:\Program Files (x86)\Common Files\Oracle\Java\javapath;C:\Windows\system32;C:\Windows;C:\Windows\System32\Wbem;C:\Windows\System32\WindowsPowerShell\v1.0\;C:\Windows\System32\OpenSSH\;C:\Program Files\dotnet\;C:\Users\Kate\AppData\Local\Microsoft\WindowsApps;;C:\Program Files\JetBrains\IntelliJ IDEA 2021.2.1\bin;;C:\Users\Kate\.dotnet\tools
USERNAME=Kate
OS=Windows_NT
PROCESSOR_IDENTIFIER=Intel64 Family 6 Model 122 Stepping 1, GenuineIntel



---------------  S Y S T E M  ---------------

OS:
 Windows 10 , 64 bit Build 19041 (10.0.19041.1503)
OS uptime: 13 days 19:07 hours

CPU: total 4 (initial active 4) (4 cores per cpu, 1 threads per core) family 6 model 122 stepping 1 microcode 0x2e, cx8, cmov, fxsr, mmx, 3dnowpref, sse, sse2, sse3, ssse3, sse4.1, sse4.2, popcnt, tsc, tscinvbit, aes, erms, clmul, sha, clflush, clflushopt

Memory: 4k page, system-wide physical 8014M (1890M free)
TotalPageFile size 11859M (AvailPageFile size 3545M)
current process WorkingSet (physical memory assigned to process): 174M, peak: 229M
current process commit charge ("private bytes"): 233M, peak: 310M

vm_info: Java HotSpot(TM) 64-Bit Server VM (16.0.2+7-67) for windows-amd64 JRE (16.0.2+7-67), built on Jun  8 2021 23:24:19 by "mach5one" with MS VC++ 16.7 (VS2019)

END.
