#
# A fatal error has been detected by the Java Runtime Environment:
#
#  EXCEPTION_ACCESS_VIOLATION (0xc0000005) at pc=0x00007ff879c36ab7, pid=11052, tid=11344
#
# JRE version: Java(TM) SE Runtime Environment (16.0.2+7) (build 16.0.2+7-67)
# Java VM: Java HotSpot(TM) 64-Bit Server VM (16.0.2+7-67, mixed mode, sharing, tiered, compressed oops, compressed class ptrs, g1 gc, windows-amd64)
# Problematic frame:
# C  [glass.dll+0x26ab7]
#
# No core dump will be written. Minidumps are not enabled by default on client versions of Windows
#
# If you would like to submit a bug report, please visit:
#   https://bugreport.java.com/bugreport/crash.jsp
#

---------------  S U M M A R Y ------------

Command Line: --module-path=C:/javafx-sdk-17.0.2/lib --add-modules=javafx.controls,javafx.fxml -javaagent:C:\Program Files\JetBrains\IntelliJ IDEA 2021.2.1\lib\idea_rt.jar=58769:C:\Program Files\JetBrains\IntelliJ IDEA 2021.2.1\bin -Dfile.encoding=UTF-8 forms.Main

Host: Intel(R) Pentium(R) Silver N5000 CPU @ 1.10GHz, 4 cores, 7G,  Windows 10 , 64 bit Build 19041 (10.0.19041.1503)
Time: Sun Feb 27 20:52:49 2022 RTZ 2 (s 10 , 64 bit Build 19041 (10.0.19041.1503) elapsed time: 67.322259 seconds (0d 0h 1m 7s)

---------------  T H R E A D  ---------------

Current thread (0x000002307fa57320):  VMThread "VM Thread" [stack: 0x0000004a0c900000,0x0000004a0ca00000] [id=11344]

Stack: [0x0000004a0c900000,0x0000004a0ca00000],  sp=0x0000004a0c9ff290,  free space=1020k
Native frames: (J=compiled Java code, j=interpreted, Vv=VM code, C=native code)
C  [glass.dll+0x26ab7]


siginfo: EXCEPTION_ACCESS_VIOLATION (0xc0000005), reading address 0x0000000000000000


Register to memory mapping:

RIP=0x00007ff879c36ab7 glass.dll
RAX=0x0 is NULL
RBX=0x000002307fa5fb68 is a global jni handle
RCX=0x000002307fa57320 points into unknown readable memory: 0x00007ff86a79f638 | 38 f6 79 6a f8 7f 00 00
RDX=0x0000004a0c9ff290 points into unknown readable memory: 0x0000000000000000 | 00 00 00 00 00 00 00 00
RSP=0x0000004a0c9ff290 points into unknown readable memory: 0x0000000000000000 | 00 00 00 00 00 00 00 00
RBP=0x00000230076b5538 points into unknown readable memory: 0x0000607b5f3c37c6 | c6 37 3c 5f 7b 60 00 00
RSI=0x00000230076b5510 points into unknown readable memory: 0x001f9e652ff390c6 | c6 90 f3 2f 65 9e 1f 00
RDI=0x0000607b5f3c37c6 is an unknown value
R8 =0x0000000000010002 is an unknown value
R9 =0x0000607b5f3c37c6 is an unknown value
R10=0x0000000000008000 is an unknown value
R11=0x0000004a0c9ff220 points into unknown readable memory: 0x0000000000000000 | 00 00 00 00 00 00 00 00
R12=0x00007ff879c34384 glass.dll
R13=0x0000023068352a90 points into unknown readable memory: 0x8000000900000001 | 01 00 00 00 09 00 00 80
R14=0x0000004a0c9ff388 points into unknown readable memory: 0x0000004a0c9ff370 | 70 f3 9f 0c 4a 00 00 00
R15=0x00000230076b5510 points into unknown readable memory: 0x001f9e652ff390c6 | c6 90 f3 2f 65 9e 1f 00


Registers:
RAX=0x0000000000000000, RBX=0x000002307fa5fb68, RCX=0x000002307fa57320, RDX=0x0000004a0c9ff290
RSP=0x0000004a0c9ff290, RBP=0x00000230076b5538, RSI=0x00000230076b5510, RDI=0x0000607b5f3c37c6
R8 =0x0000000000010002, R9 =0x0000607b5f3c37c6, R10=0x0000000000008000, R11=0x0000004a0c9ff220
R12=0x00007ff879c34384, R13=0x0000023068352a90, R14=0x0000004a0c9ff388, R15=0x00000230076b5510
RIP=0x00007ff879c36ab7, EFLAGS=0x0000000000010206

Top of Stack: (sp=0x0000004a0c9ff290)
0x0000004a0c9ff290:   0000000000000000 00000230076b5510
0x0000004a0c9ff2a0:   0000023068352a90 00007ff879c34384
0x0000004a0c9ff2b0:   00000230076b5518 00007ff8a60842d6
0x0000004a0c9ff2c0:   0000607b5f3c37c6 0000023000000000
0x0000004a0c9ff2d0:   00000230076b5538 00000230076b5510
0x0000004a0c9ff2e0:   fffffffffffffffe 0000000000000000
0x0000004a0c9ff2f0:   0000000000000001 00007ff879c10000
0x0000004a0c9ff300:   0000004a0c9ff378 00007ff8a60841fb
0x0000004a0c9ff310:   0000000000000000 0000004a0c9ff388
0x0000004a0c9ff320:   0000004a0c9ff650 00007ff8a6160e40
0x0000004a0c9ff330:   0000000000000001 00007ff8a60841b4
0x0000004a0c9ff340:   0000000000000000 0000000000000001
0x0000004a0c9ff350:   00007ff800000001 0000004a0c9ff378
0x0000004a0c9ff360:   0000000000000000 00007ff879c34211
0x0000004a0c9ff370:   00007ff879c4a138 00007ff800000002
0x0000004a0c9ff380:   0000000000000002 0000004a0c9ff370 

Instructions: (pc=0x00007ff879c36ab7)
0x00007ff879c369b7:   8b 4d 58 e8 01 cf ff ff 48 8b 4d 60 e8 f8 ce ff
0x00007ff879c369c7:   ff 48 8b 95 80 00 00 00 48 8b 8d 18 01 00 00 e8
0x00007ff879c369d7:   c6 c3 ff ff 33 d2 33 c9 e8 3c e1 ff ff 90 48 89
0x00007ff879c369e7:   54 24 10 55 48 83 ec 20 48 8b ea 48 b8 00 00 00
0x00007ff879c369f7:   00 00 00 00 00 48 83 c4 20 5d c3 cc 40 55 48 8b
0x00007ff879c36a07:   ea 48 8b 01 33 c9 81 38 05 00 00 c0 0f 94 c1 8b
0x00007ff879c36a17:   c1 5d c3 cc 40 55 48 83 ec 20 48 8b ea 8a 4d 40
0x00007ff879c36a27:   48 83 c4 20 5d e9 f7 d2 ff ff cc 40 55 48 83 ec
0x00007ff879c36a37:   20 48 8b ea 8a 4d 20 e8 e5 d2 ff ff 90 48 83 c4
0x00007ff879c36a47:   20 5d c3 cc 40 55 48 83 ec 20 48 8b ea 48 83 c4
0x00007ff879c36a57:   20 5d e9 46 d1 ff ff cc 40 55 48 83 ec 30 48 8b
0x00007ff879c36a67:   ea 48 8b 01 8b 10 48 89 4c 24 28 89 54 24 20 4c
0x00007ff879c36a77:   8d 0d e7 d5 ff ff 4c 8b 45 70 8b 55 68 48 8b 4d
0x00007ff879c36a87:   60 e8 87 d0 ff ff 90 48 83 c4 30 5d c3 cc cc cc
0x00007ff879c36a97:   cc cc cc cc cc cc cc cc cc 40 53 48 83 ec 20 48
0x00007ff879c36aa7:   8b 1d 83 30 01 00 48 85 db 74 16 e8 09 8b ff ff
0x00007ff879c36ab7:   4c 8b 00 48 8b d3 48 8b c8 41 ff 90 b0 00 00 00
0x00007ff879c36ac7:   90 48 83 c4 20 5b c3 cc cc 40 53 48 83 ec 20 48
0x00007ff879c36ad7:   8b 1d fb 31 01 00 48 85 db 74 57 b8 ff ff ff ff
0x00007ff879c36ae7:   f0 0f c1 43 10 83 f8 01 75 3d 48 85 db 74 38 48
0x00007ff879c36af7:   8b 0b 48 85 c9 74 0d ff 15 a4 07 00 00 48 c7 03
0x00007ff879c36b07:   00 00 00 00 48 8b 4b 08 48 85 c9 74 0d e8 a7 cd
0x00007ff879c36b17:   ff ff 48 c7 43 08 00 00 00 00 ba 18 00 00 00 48
0x00007ff879c36b27:   8b cb e8 92 cd ff ff 48 c7 05 9f 31 01 00 00 00
0x00007ff879c36b37:   00 00 48 83 c4 20 5b c3 cc 40 53 48 83 ec 20 48
0x00007ff879c36b47:   8b 1d 6b 31 01 00 48 85 db 74 57 b8 ff ff ff ff
0x00007ff879c36b57:   f0 0f c1 43 10 83 f8 01 75 3d 48 85 db 74 38 48
0x00007ff879c36b67:   8b 0b 48 85 c9 74 0d ff 15 34 07 00 00 48 c7 03
0x00007ff879c36b77:   00 00 00 00 48 8b 4b 08 48 85 c9 74 0d e8 37 cd
0x00007ff879c36b87:   ff ff 48 c7 43 08 00 00 00 00 ba 18 00 00 00 48
0x00007ff879c36b97:   8b cb e8 22 cd ff ff 48 c7 05 0f 31 01 00 00 00
0x00007ff879c36ba7:   00 00 48 83 c4 20 5b c3 cc 40 53 48 83 ec 20 48 


Stack slot to memory mapping:
stack at sp + 0 slots: 0x0 is NULL
stack at sp + 1 slots: 0x00000230076b5510 points into unknown readable memory: 0x001f9e652ff390c6 | c6 90 f3 2f 65 9e 1f 00
stack at sp + 2 slots: 0x0000023068352a90 points into unknown readable memory: 0x8000000900000001 | 01 00 00 00 09 00 00 80
stack at sp + 3 slots: 0x00007ff879c34384 glass.dll
stack at sp + 4 slots: 0x00000230076b5518 points into unknown readable memory: 0x0000607b5f3c37c6 | c6 37 3c 5f 7b 60 00 00
stack at sp + 5 slots: 0x00007ff8a60842d6 ucrtbase.dll
stack at sp + 6 slots: 0x0000607b5f3c37c6 is an unknown value
stack at sp + 7 slots: 0x0000023000000000 points into unknown readable memory: 0x0000000000000000 | 00 00 00 00 00 00 00 00

VM_Operation (0x0000004a0c0ff130): Exit, mode: safepoint, requested by thread 0x00000230079cc680


---------------  P R O C E S S  ---------------

Threads class SMR info:
_java_thread_list=0x000002300eff2cd0, length=20, elements={
0x0000023068298970, 0x000002307fa5b620, 0x000002307fa5c3f0, 0x000002307fa73040,
0x000002307fa73950, 0x000002307fa74260, 0x000002307fa74f50, 0x000002307fadb010,
0x000002307fae70c0, 0x00000230683798a0, 0x000002300728a360, 0x0000023007304bd0,
0x00000230076d6660, 0x0000023006df5d80, 0x0000023006df8700, 0x0000023007cea1f0,
0x0000023007d09a50, 0x00000230079cf100, 0x00000230079cdbc0, 0x00000230079cc680
}

Java Threads: ( => current thread )
  0x0000023068298970 JavaThread "main" [_thread_blocked, id=3768, stack(0x0000004a0c300000,0x0000004a0c400000)]
  0x000002307fa5b620 JavaThread "Reference Handler" daemon [_thread_blocked, id=14896, stack(0x0000004a0ca00000,0x0000004a0cb00000)]
  0x000002307fa5c3f0 JavaThread "Finalizer" daemon [_thread_blocked, id=11420, stack(0x0000004a0cb00000,0x0000004a0cc00000)]
  0x000002307fa73040 JavaThread "Attach Listener" daemon [_thread_blocked, id=11132, stack(0x0000004a0cd00000,0x0000004a0ce00000)]
  0x000002307fa73950 JavaThread "Service Thread" daemon [_thread_blocked, id=4220, stack(0x0000004a0ce00000,0x0000004a0cf00000)]
  0x000002307fa74260 JavaThread "Monitor Deflation Thread" daemon [_thread_blocked, id=1700, stack(0x0000004a0cf00000,0x0000004a0d000000)]
  0x000002307fa74f50 JavaThread "C2 CompilerThread0" daemon [_thread_blocked, id=8980, stack(0x0000004a0d000000,0x0000004a0d100000)]
  0x000002307fadb010 JavaThread "C1 CompilerThread0" daemon [_thread_blocked, id=3004, stack(0x0000004a0d100000,0x0000004a0d200000)]
  0x000002307fae70c0 JavaThread "Sweeper thread" daemon [_thread_blocked, id=14572, stack(0x0000004a0d200000,0x0000004a0d300000)]
  0x00000230683798a0 JavaThread "Common-Cleaner" daemon [_thread_blocked, id=2820, stack(0x0000004a0d300000,0x0000004a0d400000)]
  0x000002300728a360 JavaThread "Monitor Ctrl-Break" daemon [_thread_in_native, id=280, stack(0x0000004a0d500000,0x0000004a0d600000)]
  0x0000023007304bd0 JavaThread "Notification Thread" daemon [_thread_blocked, id=2400, stack(0x0000004a0d600000,0x0000004a0d700000)]
  0x00000230076d6660 JavaThread "QuantumRenderer-0" daemon [_thread_blocked, id=600, stack(0x0000004a0d800000,0x0000004a0d900000)]
  0x0000023006df5d80 JavaThread "InvokeLaterDispatcher" daemon [_thread_blocked, id=14100, stack(0x0000004a0db00000,0x0000004a0dc00000)]
  0x0000023006df8700 JavaThread "JavaFX Application Thread" [_thread_in_native, id=10256, stack(0x0000004a0dc00000,0x0000004a0dd00000)]
  0x0000023007cea1f0 JavaThread "JavaFX-Launcher" [_thread_blocked, id=3148, stack(0x0000004a0e100000,0x0000004a0e200000)]
  0x0000023007d09a50 JavaThread "Thread-2" daemon [_thread_in_native, id=2564, stack(0x0000004a0e000000,0x0000004a0e100000)]
  0x00000230079cf100 JavaThread "Prism Font Disposer" daemon [_thread_blocked, id=12000, stack(0x0000004a0e200000,0x0000004a0e300000)]
  0x00000230079cdbc0 JavaThread "Cleaner-0" daemon [_thread_blocked, id=288, stack(0x0000004a0e600000,0x0000004a0e700000)]
  0x00000230079cc680 JavaThread "SIGINT handler" daemon [_thread_blocked, id=10800, stack(0x0000004a0c000000,0x0000004a0c100000)]

Other Threads:
=>0x000002307fa57320 VMThread "VM Thread" [stack: 0x0000004a0c900000,0x0000004a0ca00000] [id=11344]
  0x00000230682d9420 GCTaskThread "GC Thread#0" [stack: 0x0000004a0c400000,0x0000004a0c500000] [id=3944]
  0x00000230073ef6a0 GCTaskThread "GC Thread#1" [stack: 0x0000004a0d400000,0x0000004a0d500000] [id=10824]
  0x00000230073ef9b0 GCTaskThread "GC Thread#2" [stack: 0x0000004a0d900000,0x0000004a0da00000] [id=1760]
  0x00000230074ce370 GCTaskThread "GC Thread#3" [stack: 0x0000004a0da00000,0x0000004a0db00000] [id=11332]
  0x00000230682e9ef0 ConcurrentGCThread "G1 Main Marker" terminated
  0x00000230682ea8f0 ConcurrentGCThread "G1 Conc#0" [stack: 0x0000004a0c600000,0x0000004a0c700000] [id=11584]
  0x0000023068363410 ConcurrentGCThread "G1 Refine#0" terminated
  0x0000023006af1030 ConcurrentGCThread "G1 Refine#1" terminated
  0x0000023068363e20 ConcurrentGCThread "G1 Service" terminated

Threads with active compile tasks:

VM state: at safepoint (shutting down)

VM Mutex/Monitor currently owned by a thread:  ([mutex/lock_event])
[0x0000023068294610] Threads_lock - owner thread: 0x000002307fa57320
[0x0000023068295a50] Heap_lock - owner thread: 0x00000230079cc680

Heap address: 0x0000000082c00000, size: 2004 MB, Compressed Oops mode: 32-bit

CDS archive(s) mapped at: [0x0000000800000000-0x0000000800bb0000-0x0000000800bb0000), size 12255232, SharedBaseAddress: 0x0000000800000000, ArchiveRelocationMode: 0.
Compressed class space mapped at: 0x0000000800c00000-0x0000000840c00000, reserved size: 1073741824
Narrow klass base: 0x0000000800000000, Narrow klass shift: 3, Narrow klass range: 0x100000000

GC Precious Log:
 CPUs: 4 total, 4 available
 Memory: 8014M
 Large Page Support: Disabled
 NUMA Support: Disabled
 Compressed Oops: Enabled (32-bit)
 Heap Region Size: 1M
 Heap Min Capacity: 8M
 Heap Initial Capacity: 126M
 Heap Max Capacity: 2004M
 Pre-touch: Disabled
 Parallel Workers: 4
 Concurrent Workers: 1
 Concurrent Refinement Workers: 4
 Periodic GC: Disabled

Heap:
 garbage-first heap   total 78848K, used 72197K [0x0000000082c00000, 0x0000000100000000)
  region size 1024K, 55 young (56320K), 7 survivors (7168K)
 Metaspace       used 21831K, committed 22144K, reserved 1073152K
  class space    used 2840K, committed 3008K, reserved 1048576K

Heap Regions: E=young(eden), S=young(survivor), O=old, HS=humongous(starts), HC=humongous(continues), CS=collection set, F=free, OA=open archive, CA=closed archive, TAMS=top-at-mark-start (previous, next)
|   0|0x0000000082c00000, 0x0000000082d00000, 0x0000000082d00000|100%| O|  |TAMS 0x0000000082d00000, 0x0000000082c00000| Untracked 
|   1|0x0000000082d00000, 0x0000000082e00000, 0x0000000082e00000|100%| O|  |TAMS 0x0000000082e00000, 0x0000000082d00000| Untracked 
|   2|0x0000000082e00000, 0x0000000082f00000, 0x0000000082f00000|100%| O|  |TAMS 0x0000000082f00000, 0x0000000082e00000| Untracked 
|   3|0x0000000082f00000, 0x0000000083000000, 0x0000000083000000|100%| O|  |TAMS 0x0000000083000000, 0x0000000082f00000| Untracked 
|   4|0x0000000083000000, 0x0000000083100000, 0x0000000083100000|100%|HS|  |TAMS 0x0000000083000000, 0x0000000083000000| Complete 
|   5|0x0000000083100000, 0x0000000083200000, 0x0000000083200000|100%|HS|  |TAMS 0x0000000083100000, 0x0000000083100000| Complete 
|   6|0x0000000083200000, 0x0000000083300000, 0x0000000083300000|100%| O|  |TAMS 0x00000000832bf600, 0x0000000083200000| Untracked 
|   7|0x0000000083300000, 0x0000000083400000, 0x0000000083400000|100%|HS|  |TAMS 0x0000000083400000, 0x0000000083300000| Complete 
|   8|0x0000000083400000, 0x0000000083500000, 0x0000000083500000|100%|HS|  |TAMS 0x0000000083500000, 0x0000000083400000| Complete 
|   9|0x0000000083500000, 0x0000000083600000, 0x0000000083600000|100%|HC|  |TAMS 0x0000000083600000, 0x0000000083500000| Complete 
|  10|0x0000000083600000, 0x0000000083700000, 0x0000000083700000|100%| O|  |TAMS 0x0000000083600000, 0x0000000083600000| Untracked 
|  11|0x0000000083700000, 0x0000000083800000, 0x0000000083800000|100%| O|  |TAMS 0x0000000083700000, 0x0000000083700000| Untracked 
|  12|0x0000000083800000, 0x0000000083900000, 0x0000000083900000|100%| O|  |TAMS 0x0000000083800000, 0x0000000083800000| Untracked 
|  13|0x0000000083900000, 0x0000000083a00000, 0x0000000083a00000|100%| O|  |TAMS 0x0000000083900000, 0x0000000083900000| Untracked 
|  14|0x0000000083a00000, 0x0000000083b00000, 0x0000000083b00000|100%| O|  |TAMS 0x0000000083a00000, 0x0000000083a00000| Untracked 
|  15|0x0000000083b00000, 0x0000000083b81600, 0x0000000083c00000| 50%| O|  |TAMS 0x0000000083b00000, 0x0000000083b00000| Untracked 
|  16|0x0000000083c00000, 0x0000000083d00000, 0x0000000083d00000|100%|HS|  |TAMS 0x0000000083c00000, 0x0000000083c00000| Complete 
|  17|0x0000000083d00000, 0x0000000083d00000, 0x0000000083e00000|  0%| F|  |TAMS 0x0000000083d00000, 0x0000000083d00000| Untracked 
|  18|0x0000000083e00000, 0x0000000083e00000, 0x0000000083f00000|  0%| F|  |TAMS 0x0000000083e00000, 0x0000000083e00000| Untracked 
|  19|0x0000000083f00000, 0x0000000083f00000, 0x0000000084000000|  0%| F|  |TAMS 0x0000000083f00000, 0x0000000083f00000| Untracked 
|  20|0x0000000084000000, 0x0000000084000000, 0x0000000084100000|  0%| F|  |TAMS 0x0000000084000000, 0x0000000084000000| Untracked 
|  21|0x0000000084100000, 0x0000000084100000, 0x0000000084200000|  0%| F|  |TAMS 0x0000000084100000, 0x0000000084100000| Untracked 
|  22|0x0000000084200000, 0x00000000842afa00, 0x0000000084300000| 68%| E|  |TAMS 0x0000000084200000, 0x0000000084200000| Complete 
|  23|0x0000000084300000, 0x0000000084400000, 0x0000000084400000|100%| E|CS|TAMS 0x0000000084300000, 0x0000000084300000| Complete 
|  24|0x0000000084400000, 0x0000000084500000, 0x0000000084500000|100%| E|CS|TAMS 0x0000000084400000, 0x0000000084400000| Complete 
|  25|0x0000000084500000, 0x0000000084600000, 0x0000000084600000|100%| E|CS|TAMS 0x0000000084500000, 0x0000000084500000| Complete 
|  26|0x0000000084600000, 0x0000000084700000, 0x0000000084700000|100%| E|CS|TAMS 0x0000000084600000, 0x0000000084600000| Complete 
|  27|0x0000000084700000, 0x0000000084800000, 0x0000000084800000|100%| E|CS|TAMS 0x0000000084700000, 0x0000000084700000| Complete 
|  28|0x0000000084800000, 0x0000000084900000, 0x0000000084900000|100%| E|CS|TAMS 0x0000000084800000, 0x0000000084800000| Complete 
|  29|0x0000000084900000, 0x0000000084a00000, 0x0000000084a00000|100%| E|CS|TAMS 0x0000000084900000, 0x0000000084900000| Complete 
|  30|0x0000000084a00000, 0x0000000084b00000, 0x0000000084b00000|100%| E|CS|TAMS 0x0000000084a00000, 0x0000000084a00000| Complete 
|  31|0x0000000084b00000, 0x0000000084c00000, 0x0000000084c00000|100%| E|CS|TAMS 0x0000000084b00000, 0x0000000084b00000| Complete 
|  32|0x0000000084c00000, 0x0000000084d00000, 0x0000000084d00000|100%| E|CS|TAMS 0x0000000084c00000, 0x0000000084c00000| Complete 
|  33|0x0000000084d00000, 0x0000000084e00000, 0x0000000084e00000|100%| E|CS|TAMS 0x0000000084d00000, 0x0000000084d00000| Complete 
|  34|0x0000000084e00000, 0x0000000084f00000, 0x0000000084f00000|100%| E|CS|TAMS 0x0000000084e00000, 0x0000000084e00000| Complete 
|  35|0x0000000084f00000, 0x0000000085000000, 0x0000000085000000|100%| E|CS|TAMS 0x0000000084f00000, 0x0000000084f00000| Complete 
|  36|0x0000000085000000, 0x0000000085100000, 0x0000000085100000|100%| E|CS|TAMS 0x0000000085000000, 0x0000000085000000| Complete 
|  37|0x0000000085100000, 0x0000000085200000, 0x0000000085200000|100%| E|CS|TAMS 0x0000000085100000, 0x0000000085100000| Complete 
|  38|0x0000000085200000, 0x0000000085300000, 0x0000000085300000|100%| E|CS|TAMS 0x0000000085200000, 0x0000000085200000| Complete 
|  39|0x0000000085300000, 0x0000000085400000, 0x0000000085400000|100%| E|CS|TAMS 0x0000000085300000, 0x0000000085300000| Complete 
|  40|0x0000000085400000, 0x0000000085500000, 0x0000000085500000|100%| E|CS|TAMS 0x0000000085400000, 0x0000000085400000| Complete 
|  41|0x0000000085500000, 0x0000000085600000, 0x0000000085600000|100%| E|CS|TAMS 0x0000000085500000, 0x0000000085500000| Complete 
|  42|0x0000000085600000, 0x0000000085700000, 0x0000000085700000|100%| E|CS|TAMS 0x0000000085600000, 0x0000000085600000| Complete 
|  43|0x0000000085700000, 0x0000000085800000, 0x0000000085800000|100%| E|CS|TAMS 0x0000000085700000, 0x0000000085700000| Complete 
|  44|0x0000000085800000, 0x0000000085900000, 0x0000000085900000|100%| E|CS|TAMS 0x0000000085800000, 0x0000000085800000| Complete 
|  45|0x0000000085900000, 0x0000000085a00000, 0x0000000085a00000|100%| E|CS|TAMS 0x0000000085900000, 0x0000000085900000| Complete 
|  46|0x0000000085a00000, 0x0000000085b00000, 0x0000000085b00000|100%| E|CS|TAMS 0x0000000085a00000, 0x0000000085a00000| Complete 
|  47|0x0000000085b00000, 0x0000000085c00000, 0x0000000085c00000|100%| E|CS|TAMS 0x0000000085b00000, 0x0000000085b00000| Complete 
|  48|0x0000000085c00000, 0x0000000085d00000, 0x0000000085d00000|100%| E|CS|TAMS 0x0000000085c00000, 0x0000000085c00000| Complete 
|  49|0x0000000085d00000, 0x0000000085e00000, 0x0000000085e00000|100%| E|CS|TAMS 0x0000000085d00000, 0x0000000085d00000| Complete 
|  50|0x0000000085e00000, 0x0000000085f00000, 0x0000000085f00000|100%| E|CS|TAMS 0x0000000085e00000, 0x0000000085e00000| Complete 
|  51|0x0000000085f00000, 0x0000000086000000, 0x0000000086000000|100%| E|CS|TAMS 0x0000000085f00000, 0x0000000085f00000| Complete 
|  52|0x0000000086000000, 0x0000000086100000, 0x0000000086100000|100%| E|CS|TAMS 0x0000000086000000, 0x0000000086000000| Complete 
|  53|0x0000000086100000, 0x0000000086200000, 0x0000000086200000|100%| E|CS|TAMS 0x0000000086100000, 0x0000000086100000| Complete 
|  54|0x0000000086200000, 0x0000000086300000, 0x0000000086300000|100%| E|CS|TAMS 0x0000000086200000, 0x0000000086200000| Complete 
|  55|0x0000000086300000, 0x0000000086400000, 0x0000000086400000|100%| E|CS|TAMS 0x0000000086300000, 0x0000000086300000| Complete 
|  56|0x0000000086400000, 0x0000000086500000, 0x0000000086500000|100%| E|CS|TAMS 0x0000000086400000, 0x0000000086400000| Complete 
|  57|0x0000000086500000, 0x0000000086600000, 0x0000000086600000|100%| E|CS|TAMS 0x0000000086500000, 0x0000000086500000| Complete 
|  58|0x0000000086600000, 0x0000000086700000, 0x0000000086700000|100%| E|CS|TAMS 0x0000000086600000, 0x0000000086600000| Complete 
|  59|0x0000000086700000, 0x0000000086800000, 0x0000000086800000|100%| E|CS|TAMS 0x0000000086700000, 0x0000000086700000| Complete 
|  60|0x0000000086800000, 0x0000000086900000, 0x0000000086900000|100%| E|CS|TAMS 0x0000000086800000, 0x0000000086800000| Complete 
|  61|0x0000000086900000, 0x0000000086a00000, 0x0000000086a00000|100%| E|CS|TAMS 0x0000000086900000, 0x0000000086900000| Complete 
|  62|0x0000000086a00000, 0x0000000086b00000, 0x0000000086b00000|100%| E|CS|TAMS 0x0000000086a00000, 0x0000000086a00000| Complete 
|  63|0x0000000086b00000, 0x0000000086c00000, 0x0000000086c00000|100%| E|CS|TAMS 0x0000000086b00000, 0x0000000086b00000| Complete 
|  64|0x0000000086c00000, 0x0000000086d00000, 0x0000000086d00000|100%| E|CS|TAMS 0x0000000086c00000, 0x0000000086c00000| Complete 
|  65|0x0000000086d00000, 0x0000000086e00000, 0x0000000086e00000|100%| E|CS|TAMS 0x0000000086d00000, 0x0000000086d00000| Complete 
|  66|0x0000000086e00000, 0x0000000086f00000, 0x0000000086f00000|100%| E|CS|TAMS 0x0000000086e00000, 0x0000000086e00000| Complete 
|  67|0x0000000086f00000, 0x0000000087000000, 0x0000000087000000|100%| E|CS|TAMS 0x0000000086f00000, 0x0000000086f00000| Complete 
|  90|0x0000000088600000, 0x0000000088700000, 0x0000000088700000|100%| S|CS|TAMS 0x0000000088600000, 0x0000000088600000| Complete 
|  91|0x0000000088700000, 0x0000000088800000, 0x0000000088800000|100%| S|CS|TAMS 0x0000000088700000, 0x0000000088700000| Complete 
|  92|0x0000000088800000, 0x0000000088900000, 0x0000000088900000|100%| S|CS|TAMS 0x0000000088800000, 0x0000000088800000| Complete 
|  93|0x0000000088900000, 0x0000000088a00000, 0x0000000088a00000|100%| S|CS|TAMS 0x0000000088900000, 0x0000000088900000| Complete 
|  94|0x0000000088a00000, 0x0000000088b00000, 0x0000000088b00000|100%| S|CS|TAMS 0x0000000088a00000, 0x0000000088a00000| Complete 
|  95|0x0000000088b00000, 0x0000000088c00000, 0x0000000088c00000|100%| S|CS|TAMS 0x0000000088b00000, 0x0000000088b00000| Complete 
|  96|0x0000000088c00000, 0x0000000088d00000, 0x0000000088d00000|100%| S|CS|TAMS 0x0000000088c00000, 0x0000000088c00000| Complete 
| 124|0x000000008a800000, 0x000000008a900000, 0x000000008a900000|100%| E|CS|TAMS 0x000000008a800000, 0x000000008a800000| Complete 
| 125|0x000000008a900000, 0x000000008aa00000, 0x000000008aa00000|100%| E|CS|TAMS 0x000000008a900000, 0x000000008a900000| Complete 

Card table byte_map: [0x000002307ee10000,0x000002307f200000] _byte_map_base: 0x000002307e9fa000

Marking Bits (Prev, Next): (CMBitMap*) 0x00000230682d9a60, (CMBitMap*) 0x00000230682d9a20
 Prev Bits: [0x0000023001f50000, 0x0000023003ea0000)
 Next Bits: [0x0000023000000000, 0x0000023001f50000)

Polling page: 0x0000023066260000

Metaspace:

Usage:
  Non-class:     18.55 MB used.
      Class:      2.77 MB used.
       Both:     21.32 MB used.

Virtual space:
  Non-class space:       24.00 MB reserved,      18.69 MB ( 78%) committed,  3 nodes.
      Class space:        1.00 GB reserved,       2.94 MB ( <1%) committed,  1 nodes.
              Both:        1.02 GB reserved,      21.62 MB (  2%) committed. 

Chunk freelists:
   Non-Class:  496.00 KB
       Class:  1.11 MB
        Both:  1.59 MB

MaxMetaspaceSize: 17179869184.00 GB
CompressedClassSpaceSize: 1.00 GB
 - commit_granule_bytes: 65536.
 - commit_granule_words: 8192.
 - virtual_space_node_default_size: 1048576.
 - enlarge_chunks_in_place: 1.
 - new_chunks_are_fully_committed: 0.
 - uncommit_free_chunks: 1.
 - use_allocation_guard: 0.
 - handle_deallocations: 1.


Internal statistics:

num_allocs_failed_limit: 3.
num_arena_births: 258.
num_arena_deaths: 0.
num_vsnodes_births: 4.
num_vsnodes_deaths: 0.
num_space_committed: 346.
num_space_uncommitted: 0.
num_chunks_returned_to_freelist: 3.
num_chunks_taken_from_freelist: 999.
num_chunk_merges: 3.
num_chunk_splits: 687.
num_chunks_enlarged: 524.
num_purges: 0.

CodeHeap 'non-profiled nmethods': size=120000Kb used=3093Kb max_used=3093Kb free=116906Kb
 bounds [0x00000230774f0000, 0x0000023077800000, 0x000002307ea20000]
CodeHeap 'profiled nmethods': size=120000Kb used=11976Kb max_used=11976Kb free=108023Kb
 bounds [0x000002306ffc0000, 0x0000023070b80000, 0x00000230774f0000]
CodeHeap 'non-nmethods': size=5760Kb used=1467Kb max_used=1524Kb free=4292Kb
 bounds [0x000002306fa20000, 0x000002306fc90000, 0x000002306ffc0000]
 total_blobs=6311 nmethods=5474 adapters=750
 compilation: enabled
              stopped_count=0, restarted_count=0
 full_count=0

Compilation events (20 events):
Event: 63.924 Thread 0x000002307fadb010 nmethod 5471 0x0000023070b6fb10 code [0x0000023070b6fca0, 0x0000023070b6fd98]
Event: 63.924 Thread 0x000002307fadb010 5472       3       com.sun.javafx.font.PrismFont::<init> (20 bytes)
Event: 63.924 Thread 0x000002307fadb010 nmethod 5472 0x0000023070b6fe10 code [0x0000023070b6ffc0, 0x0000023070b701f8]
Event: 63.924 Thread 0x000002307fadb010 5473       3       com.sun.javafx.font.LogicalFont::getLogicalFont (133 bytes)
Event: 63.924 Thread 0x000002307fa74f50 nmethod 5467 0x00000230777f2a90 code [0x00000230777f2c80, 0x00000230777f2f78]
Event: 63.924 Thread 0x000002307fa74f50 5468       4       javafx.css.converter.StopConverter::convert (54 bytes)
Event: 63.925 Thread 0x000002307fadb010 nmethod 5473 0x0000023070b70310 code [0x0000023070b705a0, 0x0000023070b712b8]
Event: 63.925 Thread 0x000002307fadb010 5474       3       javafx.scene.layout.Region::computeXOffset (60 bytes)
Event: 63.926 Thread 0x000002307fadb010 nmethod 5474 0x0000023070b71710 code [0x0000023070b71900, 0x0000023070b71c08]
Event: 63.931 Thread 0x000002307fa74f50 nmethod 5468 0x00000230777f3390 code [0x00000230777f3580, 0x00000230777f3878]
Event: 63.931 Thread 0x000002307fa74f50 5475       4       javafx.scene.layout.Region::snappedTopInset (21 bytes)
Event: 63.936 Thread 0x000002307fa74f50 nmethod 5475 0x00000230777f3c90 code [0x00000230777f3e60, 0x00000230777f40e8]
Event: 63.936 Thread 0x000002307fa74f50 5476       4       java.util.ArrayList::set (24 bytes)
Event: 63.939 Thread 0x000002307fa74f50 nmethod 5476 0x00000230777f4410 code [0x00000230777f45a0, 0x00000230777f4798]
Event: 63.944 Thread 0x000002307fadb010 5477       3       com.sun.glass.ui.Window::handleWindowEvent (18 bytes)
Event: 63.944 Thread 0x000002307fadb010 nmethod 5477 0x0000023070b71d90 code [0x0000023070b71f40, 0x0000023070b72168]
Event: 63.946 Thread 0x000002307fa74f50 5478       4       javafx.scene.Node::getTransformedBounds (248 bytes)
Event: 63.953 Thread 0x000002307fa74f50 nmethod 5478 0x00000230777f4910 code [0x00000230777f4ac0, 0x00000230777f4d88]
Event: 64.549 Thread 0x000002307fa74f50 5479       4       javafx.scene.Scene$ClickCounter::moved (52 bytes)
Event: 64.558 Thread 0x000002307fa74f50 nmethod 5479 0x00000230777f5090 code [0x00000230777f5260, 0x00000230777f5438]

GC Heap History (8 events):
Event: 1.175 GC heap before
{Heap before GC invocations=0 (full 0):
 garbage-first heap   total 129024K, used 12288K [0x0000000082c00000, 0x0000000100000000)
  region size 1024K, 13 young (13312K), 0 survivors (0K)
 Metaspace       used 2558K, committed 2752K, reserved 1056768K
  class space    used 248K, committed 320K, reserved 1048576K
}
Event: 1.195 GC heap after
{Heap after GC invocations=1 (full 0):
 garbage-first heap   total 129024K, used 3525K [0x0000000082c00000, 0x0000000100000000)
  region size 1024K, 2 young (2048K), 2 survivors (2048K)
 Metaspace       used 2558K, committed 2752K, reserved 1056768K
  class space    used 248K, committed 320K, reserved 1048576K
}
Event: 2.276 GC heap before
{Heap before GC invocations=1 (full 0):
 garbage-first heap   total 129024K, used 16837K [0x0000000082c00000, 0x0000000100000000)
  region size 1024K, 16 young (16384K), 2 survivors (2048K)
 Metaspace       used 7369K, committed 7552K, reserved 1056768K
  class space    used 867K, committed 960K, reserved 1048576K
}
Event: 2.284 GC heap after
{Heap after GC invocations=2 (full 0):
 garbage-first heap   total 129024K, used 5559K [0x0000000082c00000, 0x0000000100000000)
  region size 1024K, 2 young (2048K), 2 survivors (2048K)
 Metaspace       used 7369K, committed 7552K, reserved 1056768K
  class space    used 867K, committed 960K, reserved 1048576K
}
Event: 17.660 GC heap before
{Heap before GC invocations=2 (full 0):
 garbage-first heap   total 129024K, used 46519K [0x0000000082c00000, 0x0000000100000000)
  region size 1024K, 40 young (40960K), 2 survivors (2048K)
 Metaspace       used 18379K, committed 18624K, reserved 1064960K
  class space    used 2520K, committed 2688K, reserved 1048576K
}
Event: 17.674 GC heap after
{Heap after GC invocations=3 (full 0):
 garbage-first heap   total 129024K, used 12029K [0x0000000082c00000, 0x0000000100000000)
  region size 1024K, 5 young (5120K), 5 survivors (5120K)
 Metaspace       used 18379K, committed 18624K, reserved 1064960K
  class space    used 2520K, committed 2688K, reserved 1048576K
}
Event: 24.720 GC heap before
{Heap before GC invocations=3 (full 0):
 garbage-first heap   total 129024K, used 43773K [0x0000000082c00000, 0x0000000100000000)
  region size 1024K, 34 young (34816K), 5 survivors (5120K)
 Metaspace       used 20989K, committed 21248K, reserved 1073152K
  class space    used 2833K, committed 3008K, reserved 1048576K
}
Event: 24.745 GC heap after
{Heap after GC invocations=4 (full 0):
 garbage-first heap   total 129024K, used 20997K [0x0000000082c00000, 0x0000000100000000)
  region size 1024K, 7 young (7168K), 7 survivors (7168K)
 Metaspace       used 20989K, committed 21248K, reserved 1073152K
  class space    used 2833K, committed 3008K, reserved 1048576K
}

Deoptimization events (20 events):
Event: 41.359 Thread 0x00000230076d6660 DEOPT PACKING pc=0x0000023077773fe0 sp=0x0000004a0d8fe190
Event: 41.360 Thread 0x00000230076d6660 DEOPT UNPACKING pc=0x000002306fa6d728 sp=0x0000004a0d8fe150 mode 2
Event: 41.360 Thread 0x00000230076d6660 Uncommon trap: trap_request=0xffffffbe fr.pc=0x0000023077773fe0 relative=0x00000000000011c0
Event: 41.360 Thread 0x00000230076d6660 Uncommon trap: reason=profile_predicate action=maybe_recompile pc=0x0000023077773fe0 method=com.sun.prism.impl.ps.PaintHelper.setMultiGradient(Lcom/sun/prism/ps/Shader;Lcom/sun/prism/paint/Gradient;)V @ 24 c2
Event: 41.360 Thread 0x00000230076d6660 DEOPT PACKING pc=0x0000023077773fe0 sp=0x0000004a0d8fdef0
Event: 41.360 Thread 0x00000230076d6660 DEOPT UNPACKING pc=0x000002306fa6d728 sp=0x0000004a0d8fdeb0 mode 2
Event: 41.360 Thread 0x00000230076d6660 Uncommon trap: trap_request=0xffffffbe fr.pc=0x0000023077773fe0 relative=0x00000000000011c0
Event: 41.360 Thread 0x00000230076d6660 Uncommon trap: reason=profile_predicate action=maybe_recompile pc=0x0000023077773fe0 method=com.sun.prism.impl.ps.PaintHelper.setMultiGradient(Lcom/sun/prism/ps/Shader;Lcom/sun/prism/paint/Gradient;)V @ 24 c2
Event: 41.360 Thread 0x00000230076d6660 DEOPT PACKING pc=0x0000023077773fe0 sp=0x0000004a0d8fdef0
Event: 41.360 Thread 0x00000230076d6660 DEOPT UNPACKING pc=0x000002306fa6d728 sp=0x0000004a0d8fdeb0 mode 2
Event: 49.377 Thread 0x0000023006df8700 DEOPT PACKING pc=0x00000230709b2e40 sp=0x0000004a0dced220
Event: 49.378 Thread 0x0000023006df8700 DEOPT UNPACKING pc=0x000002306fa6deaf sp=0x0000004a0dcec798 mode 0
Event: 49.386 Thread 0x0000023006df8700 DEOPT PACKING pc=0x00000230709b2e40 sp=0x0000004a0dced220
Event: 49.386 Thread 0x0000023006df8700 DEOPT UNPACKING pc=0x000002306fa6deaf sp=0x0000004a0dcec798 mode 0
Event: 51.204 Thread 0x0000023006df8700 DEOPT PACKING pc=0x00000230705546b0 sp=0x0000004a0dcec920
Event: 51.204 Thread 0x0000023006df8700 DEOPT UNPACKING pc=0x000002306fa6deaf sp=0x0000004a0dcebe10 mode 0
Event: 63.924 Thread 0x0000023006df8700 Uncommon trap: trap_request=0xffffffcc fr.pc=0x00000230777c80bc relative=0x00000000000010dc
Event: 63.924 Thread 0x0000023006df8700 Uncommon trap: reason=intrinsic_or_type_checked_inlining action=make_not_entrant pc=0x00000230777c80bc method=java.util.ArrayList.toArray([Ljava/lang/Object;)[Ljava/lang/Object; @ 36 c2
Event: 63.924 Thread 0x0000023006df8700 DEOPT PACKING pc=0x00000230777c80bc sp=0x0000004a0dce9530
Event: 63.924 Thread 0x0000023006df8700 DEOPT UNPACKING pc=0x000002306fa6d728 sp=0x0000004a0dce93c0 mode 2

Classes unloaded (0 events):
No events

Classes redefined (0 events):
No events

Internal exceptions (20 events):
Event: 3.088 Thread 0x0000023006df8700 Exception <a 'java/lang/ClassNotFoundException'{0x0000000089cc89d0}: com/sun/javafx/scene/control/skin/resources/controls> (0x0000000089cc89d0) 
thrown [t:\workspace\open\src\hotspot\share\prims\jni.cpp, line 600]
Event: 3.089 Thread 0x0000023006df8700 Exception <a 'java/lang/ClassNotFoundException'{0x0000000089cd6970}: com/sun/javafx/scene/control/skin/resources/controls_ru> (0x0000000089cd6970) 
thrown [t:\workspace\open\src\hotspot\share\prims\jni.cpp, line 600]
Event: 3.090 Thread 0x0000023006df8700 Exception <a 'java/lang/ClassNotFoundException'{0x0000000089cd7ff8}: com/sun/javafx/scene/control/skin/resources/controls_ru_RU> (0x0000000089cd7ff8) 
thrown [t:\workspace\open\src\hotspot\share\prims\jni.cpp, line 600]
Event: 3.159 Thread 0x0000023006df8700 Exception <a 'java/lang/NoSuchMethodError'{0x0000000089a9cb70}: 'void java.lang.invoke.DirectMethodHandle$Holder.invokeSpecial(java.lang.Object, java.lang.Object, java.lang.Object, java.lang.Object, java.lang.Object, java.lang.Object)'> (0x0000000089a9cb70) 
thrown [t:\workspace\open\src\hotspot\share\interpreter\linkResolver.cpp, line 790]
Event: 3.236 Thread 0x0000023006df8700 Exception <a 'java/lang/NoSuchMethodError'{0x0000000089595908}: 'java.lang.Object java.lang.invoke.DirectMethodHandle$Holder.invokeInterface(java.lang.Object, java.lang.Object, java.lang.Object)'> (0x0000000089595908) 
thrown [t:\workspace\open\src\hotspot\share\interpreter\linkResolver.cpp, line 790]
Event: 3.237 Thread 0x0000023006df8700 Exception <a 'java/lang/IncompatibleClassChangeError'{0x0000000089599488}: Found class java.lang.Object, but interface was expected> (0x0000000089599488) 
thrown [t:\workspace\open\src\hotspot\share\interpreter\linkResolver.cpp, line 857]
Event: 3.359 Thread 0x0000023006df8700 Exception <a 'java/lang/NoSuchMethodError'{0x0000000089381160}: 'java.lang.Object java.lang.invoke.DirectMethodHandle$Holder.newInvokeSpecial(java.lang.Object, java.lang.Object, int)'> (0x0000000089381160) 
thrown [t:\workspace\open\src\hotspot\share\interpreter\linkResolver.cpp, line 790]
Event: 3.396 Thread 0x00000230076d6660 Exception <a 'java/lang/NoSuchMethodError'{0x000000008926aed8}: 'int java.lang.invoke.DirectMethodHandle$Holder.invokeStaticInit(java.lang.Object, java.lang.Object)'> (0x000000008926aed8) 
thrown [t:\workspace\open\src\hotspot\share\interpreter\linkResolver.cpp, line 790]
Event: 3.404 Thread 0x0000023006df8700 Exception <a 'java/lang/NoSuchMethodError'{0x000000008921aa68}: 'long java.lang.invoke.DirectMethodHandle$Holder.invokeStatic(java.lang.Object, java.lang.Object, java.lang.Object)'> (0x000000008921aa68) 
thrown [t:\workspace\open\src\hotspot\share\interpreter\linkResolver.cpp, line 790]
Event: 3.404 Thread 0x0000023006df8700 Exception <a 'java/lang/NoSuchMethodError'{0x000000008921e418}: 'long java.lang.invoke.DirectMethodHandle$Holder.invokeStaticInit(java.lang.Object, java.lang.Object, java.lang.Object)'> (0x000000008921e418) 
thrown [t:\workspace\open\src\hotspot\share\interpreter\linkResolver.cpp, line 790]
Event: 3.408 Thread 0x0000023006df8700 Exception <a 'java/lang/NoSuchMethodError'{0x0000000089236338}: 'java.lang.Object java.lang.invoke.DirectMethodHandle$Holder.newInvokeSpecial(java.lang.Object, java.lang.Object, long)'> (0x0000000089236338) 
thrown [t:\workspace\open\src\hotspot\share\interpreter\linkResolver.cpp, line 790]
Event: 3.409 Thread 0x0000023006df8700 Exception <a 'java/lang/NoSuchMethodError'{0x000000008923a0a8}: 'java.lang.Object java.lang.invoke.Invokers$Holder.linkToTargetMethod(java.lang.Object, long, java.lang.Object)'> (0x000000008923a0a8) 
thrown [t:\workspace\open\src\hotspot\share\interpreter\linkResolver.cpp, line 790]
Event: 10.953 Thread 0x0000023006df8700 Exception <a 'java/lang/NoSuchMethodError'{0x0000000088de3220}: 'java.lang.Object java.lang.invoke.DirectMethodHandle$Holder.invokeInterface(java.lang.Object, java.lang.Object)'> (0x0000000088de3220) 
thrown [t:\workspace\open\src\hotspot\share\interpreter\linkResolver.cpp, line 790]
Event: 10.955 Thread 0x0000023006df8700 Exception <a 'java/lang/NoSuchMethodError'{0x0000000088debba8}: 'java.lang.Object java.lang.invoke.DirectMethodHandle$Holder.invokeStaticInit(java.lang.Object, java.lang.Object, java.lang.Object)'> (0x0000000088debba8) 
thrown [t:\workspace\open\src\hotspot\share\interpreter\linkResolver.cpp, line 790]
Event: 10.960 Thread 0x0000023006df8700 Exception <a 'java/lang/NoSuchMethodError'{0x0000000088c0cb50}: 'int java.lang.invoke.DirectMethodHandle$Holder.invokeSpecial(java.lang.Object, java.lang.Object, java.lang.Object)'> (0x0000000088c0cb50) 
thrown [t:\workspace\open\src\hotspot\share\interpreter\linkResolver.cpp, line 790]
Event: 12.913 Thread 0x00000230076d6660 Exception <a 'java/lang/NoSuchMethodError'{0x0000000088540180}: 'java.lang.Object java.lang.invoke.DirectMethodHandle$Holder.invokeStaticInit(java.lang.Object, int)'> (0x0000000088540180) 
thrown [t:\workspace\open\src\hotspot\share\interpreter\linkResolver.cpp, line 790]
Event: 18.117 Thread 0x0000023006df8700 Exception <a 'java/lang/NoSuchMethodError'{0x000000008a2d5f40}: 'void java.lang.invoke.DirectMethodHandle$Holder.invokeSpecialIFC(java.lang.Object, java.lang.Object, java.lang.Object, java.lang.Object)'> (0x000000008a2d5f40) 
thrown [t:\workspace\open\src\hotspot\share\interpreter\linkResolver.cpp, line 790]
Event: 20.190 Thread 0x0000023006df8700 Exception <a 'java/lang/NoSuchMethodError'{0x00000000897d3e70}: 'int java.lang.invoke.DirectMethodHandle$Holder.invokeVirtual(java.lang.Object, java.lang.Object)'> (0x00000000897d3e70) 
thrown [t:\workspace\open\src\hotspot\share\interpreter\linkResolver.cpp, line 790]
Event: 20.192 Thread 0x0000023006df8700 Exception <a 'java/lang/NoSuchMethodError'{0x00000000897db000}: 'void java.lang.invoke.DirectMethodHandle$Holder.invokeVirtual(java.lang.Object, java.lang.Object, int)'> (0x00000000897db000) 
thrown [t:\workspace\open\src\hotspot\share\interpreter\linkResolver.cpp, line 790]
Event: 32.698 Thread 0x0000023006df8700 Implicit null exception at 0x000002307767407b to 0x000002307767d8fc

Events (20 events):
Event: 57.898 Executing  VM operation: Cleanup done
Event: 58.899 Executing  VM operation: Cleanup
Event: 58.899 Executing  VM operation: Cleanup done
Event: 60.899 Executing  VM operation: Cleanup
Event: 60.899 Executing  VM operation: Cleanup done
Event: 62.417 Thread 0x00000230660163d0 Thread added: 0x00000230660163d0
Event: 63.731 Thread 0x00000230660163d0 Thread exited: 0x00000230660163d0
Event: 63.900 Executing  VM operation: Cleanup
Event: 63.900 Executing  VM operation: Cleanup done
Event: 64.901 Executing  VM operation: Cleanup
Event: 64.901 Executing  VM operation: Cleanup done
Event: 66.881 loading class jdk/internal/misc/Signal$1
Event: 66.881 loading class jdk/internal/misc/Signal$1 done
Event: 66.881 Thread 0x00000230079cc680 Thread added: 0x00000230079cc680
Event: 66.882 Thread 0x00000230079cd120 Thread added: 0x00000230079cd120
Event: 66.882 Thread 0x00000230079cd670 Thread added: 0x00000230079cd670
Event: 66.883 Thread 0x00000230079cd120 Thread exited: 0x00000230079cd120
Event: 66.885 Thread 0x00000230079cd670 Thread exited: 0x00000230079cd670
Event: 66.885 Thread 0x000002307fa6d700 Thread exited: 0x000002307fa6d700
Event: 66.885 Executing  VM operation: Exit


Dynamic libraries:
0x00007ff7cecd0000 - 0x00007ff7cece0000 	C:\Program Files\Java\jdk-16.0.2\bin\java.exe
0x00007ff8a81b0000 - 0x00007ff8a83a5000 	C:\Windows\SYSTEM32\ntdll.dll
0x00007ff8a7b10000 - 0x00007ff8a7bce000 	C:\Windows\System32\KERNEL32.DLL
0x00007ff8a5a00000 - 0x00007ff8a5cc8000 	C:\Windows\System32\KERNELBASE.dll
0x00007ff8a6070000 - 0x00007ff8a6170000 	C:\Windows\System32\ucrtbase.dll
0x00007ff8a2a00000 - 0x00007ff8a2a18000 	C:\Program Files\Java\jdk-16.0.2\bin\jli.dll
0x00007ff8a7820000 - 0x00007ff8a78ce000 	C:\Windows\System32\ADVAPI32.dll
0x00007ff8a29d0000 - 0x00007ff8a29e9000 	C:\Program Files\Java\jdk-16.0.2\bin\VCRUNTIME140.dll
0x00007ff8a6200000 - 0x00007ff8a629e000 	C:\Windows\System32\msvcrt.dll
0x00007ff8a7050000 - 0x00007ff8a70ec000 	C:\Windows\System32\sechost.dll
0x00007ff8a78d0000 - 0x00007ff8a79f5000 	C:\Windows\System32\RPCRT4.dll
0x00007ff8a63d0000 - 0x00007ff8a6570000 	C:\Windows\System32\USER32.dll
0x00007ff8a5ed0000 - 0x00007ff8a5ef2000 	C:\Windows\System32\win32u.dll
0x00007ff8a7c60000 - 0x00007ff8a7c8b000 	C:\Windows\System32\GDI32.dll
0x00007ff8a58f0000 - 0x00007ff8a59fd000 	C:\Windows\System32\gdi32full.dll
0x00007ff8a5e30000 - 0x00007ff8a5ecd000 	C:\Windows\System32\msvcp_win.dll
0x00007ff8913d0000 - 0x00007ff89166a000 	C:\Windows\WinSxS\amd64_microsoft.windows.common-controls_6595b64144ccf1df_6.0.19041.1110_none_60b5254171f9507e\COMCTL32.dll
0x00007ff89f580000 - 0x00007ff89f58a000 	C:\Windows\SYSTEM32\VERSION.dll
0x00007ff8a77f0000 - 0x00007ff8a7820000 	C:\Windows\System32\IMM32.DLL
0x00007ff8a29c0000 - 0x00007ff8a29cc000 	C:\Program Files\Java\jdk-16.0.2\bin\vcruntime140_1.dll
0x00007ff8872e0000 - 0x00007ff887371000 	C:\Program Files\Java\jdk-16.0.2\bin\msvcp140.dll
0x00007ff869e30000 - 0x00007ff86a9db000 	C:\Program Files\Java\jdk-16.0.2\bin\server\jvm.dll
0x00007ff8a71d0000 - 0x00007ff8a71d8000 	C:\Windows\System32\PSAPI.DLL
0x00007ff890220000 - 0x00007ff890229000 	C:\Windows\SYSTEM32\WSOCK32.dll
0x00007ff8a8100000 - 0x00007ff8a816b000 	C:\Windows\System32\WS2_32.dll
0x00007ff884c60000 - 0x00007ff884c87000 	C:\Windows\SYSTEM32\WINMM.dll
0x00007ff8a3990000 - 0x00007ff8a39a2000 	C:\Windows\SYSTEM32\kernel.appcore.dll
0x00007ff8a29b0000 - 0x00007ff8a29ba000 	C:\Program Files\Java\jdk-16.0.2\bin\jimage.dll
0x00007ff8a36b0000 - 0x00007ff8a3894000 	C:\Windows\SYSTEM32\DBGHELP.DLL
0x00007ff892630000 - 0x00007ff89265c000 	C:\Windows\SYSTEM32\dbgcore.DLL
0x00007ff8a6170000 - 0x00007ff8a61f2000 	C:\Windows\System32\bcryptPrimitives.dll
0x00007ff8a0cf0000 - 0x00007ff8a0cfe000 	C:\Program Files\Java\jdk-16.0.2\bin\instrument.dll
0x00007ff8a0d10000 - 0x00007ff8a0d35000 	C:\Program Files\Java\jdk-16.0.2\bin\java.dll
0x00007ff8a6750000 - 0x00007ff8a6e94000 	C:\Windows\System32\SHELL32.dll
0x00007ff8a39b0000 - 0x00007ff8a4144000 	C:\Windows\SYSTEM32\windows.storage.dll
0x00007ff8a7da0000 - 0x00007ff8a80f5000 	C:\Windows\System32\combase.dll
0x00007ff8a5240000 - 0x00007ff8a526e000 	C:\Windows\SYSTEM32\Wldp.dll
0x00007ff8a6570000 - 0x00007ff8a661d000 	C:\Windows\System32\SHCORE.dll
0x00007ff8a66f0000 - 0x00007ff8a6745000 	C:\Windows\System32\shlwapi.dll
0x00007ff8a5800000 - 0x00007ff8a581f000 	C:\Windows\SYSTEM32\profapi.dll
0x00007ff89fc00000 - 0x00007ff89fc19000 	C:\Program Files\Java\jdk-16.0.2\bin\net.dll
0x00007ff89c1f0000 - 0x00007ff89c2fc000 	C:\Windows\SYSTEM32\WINHTTP.dll
0x00007ff8a4fa0000 - 0x00007ff8a500a000 	C:\Windows\system32\mswsock.dll
0x00007ff89f2b0000 - 0x00007ff89f2c3000 	C:\Program Files\Java\jdk-16.0.2\bin\nio.dll
0x00007ff887250000 - 0x00007ff887268000 	C:\Program Files\Java\jdk-16.0.2\bin\zip.dll
0x00007ff887230000 - 0x00007ff88724a000 	C:\Program Files\JetBrains\IntelliJ IDEA 2021.2.1\bin\breakgen64.dll
0x0000023005fd0000 - 0x0000023005fd3000 	C:\javafx-sdk-17.0.2\bin\api-ms-win-core-console-l1-1-0.dll
0x0000023005fe0000 - 0x0000023005fe3000 	C:\javafx-sdk-17.0.2\bin\api-ms-win-core-console-l1-2-0.dll
0x0000023005ff0000 - 0x0000023005ff3000 	C:\javafx-sdk-17.0.2\bin\api-ms-win-core-datetime-l1-1-0.dll
0x0000023008640000 - 0x0000023008643000 	C:\javafx-sdk-17.0.2\bin\api-ms-win-core-debug-l1-1-0.dll
0x0000023008650000 - 0x0000023008653000 	C:\javafx-sdk-17.0.2\bin\api-ms-win-core-errorhandling-l1-1-0.dll
0x0000023008500000 - 0x0000023008504000 	C:\javafx-sdk-17.0.2\bin\api-ms-win-core-file-l1-1-0.dll
0x0000023008510000 - 0x0000023008513000 	C:\javafx-sdk-17.0.2\bin\api-ms-win-core-file-l1-2-0.dll
0x0000023008520000 - 0x0000023008523000 	C:\javafx-sdk-17.0.2\bin\api-ms-win-core-file-l2-1-0.dll
0x0000023008530000 - 0x0000023008533000 	C:\javafx-sdk-17.0.2\bin\api-ms-win-core-handle-l1-1-0.dll
0x0000023008540000 - 0x0000023008543000 	C:\javafx-sdk-17.0.2\bin\api-ms-win-core-heap-l1-1-0.dll
0x0000023008550000 - 0x0000023008553000 	C:\javafx-sdk-17.0.2\bin\api-ms-win-core-interlocked-l1-1-0.dll
0x0000023008560000 - 0x0000023008563000 	C:\javafx-sdk-17.0.2\bin\api-ms-win-core-libraryloader-l1-1-0.dll
0x0000023008570000 - 0x0000023008573000 	C:\javafx-sdk-17.0.2\bin\api-ms-win-core-localization-l1-2-0.dll
0x0000023008580000 - 0x0000023008583000 	C:\javafx-sdk-17.0.2\bin\api-ms-win-core-memory-l1-1-0.dll
0x0000023008590000 - 0x0000023008593000 	C:\javafx-sdk-17.0.2\bin\api-ms-win-core-namedpipe-l1-1-0.dll
0x00000230085a0000 - 0x00000230085a3000 	C:\javafx-sdk-17.0.2\bin\api-ms-win-core-processenvironment-l1-1-0.dll
0x00000230085b0000 - 0x00000230085b3000 	C:\javafx-sdk-17.0.2\bin\api-ms-win-core-processthreads-l1-1-0.dll
0x00000230085c0000 - 0x00000230085c3000 	C:\javafx-sdk-17.0.2\bin\api-ms-win-core-processthreads-l1-1-1.dll
0x00000230085d0000 - 0x00000230085d3000 	C:\javafx-sdk-17.0.2\bin\api-ms-win-core-profile-l1-1-0.dll
0x00000230085e0000 - 0x00000230085e3000 	C:\javafx-sdk-17.0.2\bin\api-ms-win-core-rtlsupport-l1-1-0.dll
0x00000230085f0000 - 0x00000230085f3000 	C:\javafx-sdk-17.0.2\bin\api-ms-win-core-string-l1-1-0.dll
0x0000023008600000 - 0x0000023008603000 	C:\javafx-sdk-17.0.2\bin\api-ms-win-core-synch-l1-1-0.dll
0x0000023008610000 - 0x0000023008613000 	C:\javafx-sdk-17.0.2\bin\api-ms-win-core-synch-l1-2-0.dll
0x0000023008620000 - 0x0000023008623000 	C:\javafx-sdk-17.0.2\bin\api-ms-win-core-sysinfo-l1-1-0.dll
0x0000023008630000 - 0x0000023008633000 	C:\javafx-sdk-17.0.2\bin\api-ms-win-core-timezone-l1-1-0.dll
0x00000230087c0000 - 0x00000230087c3000 	C:\javafx-sdk-17.0.2\bin\api-ms-win-core-util-l1-1-0.dll
0x00000230087d0000 - 0x00000230087d3000 	C:\javafx-sdk-17.0.2\bin\api-ms-win-crt-conio-l1-1-0.dll
0x00000230087e0000 - 0x00000230087e4000 	C:\javafx-sdk-17.0.2\bin\api-ms-win-crt-convert-l1-1-0.dll
0x00000230087f0000 - 0x00000230087f3000 	C:\javafx-sdk-17.0.2\bin\api-ms-win-crt-environment-l1-1-0.dll
0x00000230083d0000 - 0x00000230083d3000 	C:\javafx-sdk-17.0.2\bin\api-ms-win-crt-filesystem-l1-1-0.dll
0x00000230083e0000 - 0x00000230083e3000 	C:\javafx-sdk-17.0.2\bin\api-ms-win-crt-heap-l1-1-0.dll
0x00000230083f0000 - 0x00000230083f3000 	C:\javafx-sdk-17.0.2\bin\api-ms-win-crt-locale-l1-1-0.dll
0x0000023008400000 - 0x0000023008405000 	C:\javafx-sdk-17.0.2\bin\api-ms-win-crt-math-l1-1-0.dll
0x0000023008410000 - 0x0000023008415000 	C:\javafx-sdk-17.0.2\bin\api-ms-win-crt-multibyte-l1-1-0.dll
0x0000023008420000 - 0x0000023008430000 	C:\javafx-sdk-17.0.2\bin\api-ms-win-crt-private-l1-1-0.dll
0x0000023008430000 - 0x0000023008433000 	C:\javafx-sdk-17.0.2\bin\api-ms-win-crt-process-l1-1-0.dll
0x0000023008440000 - 0x0000023008444000 	C:\javafx-sdk-17.0.2\bin\api-ms-win-crt-runtime-l1-1-0.dll
0x0000023008450000 - 0x0000023008454000 	C:\javafx-sdk-17.0.2\bin\api-ms-win-crt-stdio-l1-1-0.dll
0x0000023008460000 - 0x0000023008464000 	C:\javafx-sdk-17.0.2\bin\api-ms-win-crt-string-l1-1-0.dll
0x0000023008470000 - 0x0000023008473000 	C:\javafx-sdk-17.0.2\bin\api-ms-win-crt-time-l1-1-0.dll
0x0000023008480000 - 0x0000023008483000 	C:\javafx-sdk-17.0.2\bin\api-ms-win-crt-utility-l1-1-0.dll
0x00007ff869780000 - 0x00007ff86987c000 	C:\javafx-sdk-17.0.2\bin\ucrtbase.dll
0x00007ff887210000 - 0x00007ff88722a000 	C:\javafx-sdk-17.0.2\bin\vcruntime140.dll
0x00007ff8a06a0000 - 0x00007ff8a06ac000 	C:\javafx-sdk-17.0.2\bin\vcruntime140_1.dll
0x00007ff8799f0000 - 0x00007ff879a7d000 	C:\javafx-sdk-17.0.2\bin\msvcp140.dll
0x00007ff87b820000 - 0x00007ff87b84a000 	C:\javafx-sdk-17.0.2\bin\prism_d3d.dll
0x00007ff868500000 - 0x00007ff8686d0000 	C:\Windows\system32\d3d9.dll
0x00007ff8a3120000 - 0x00007ff8a314f000 	C:\Windows\SYSTEM32\dwmapi.dll
0x00007ff8a2f10000 - 0x00007ff8a2fae000 	C:\Windows\system32\uxtheme.dll
0x00007ff879c60000 - 0x00007ff879dc3000 	C:\Windows\System32\DriverStore\FileRepository\iigd_dch.inf_amd64_e9b40d45ab4dc6b8\igdumdim64.dll
0x00007ff8a58c0000 - 0x00007ff8a58e7000 	C:\Windows\System32\bcrypt.dll
0x00007ff840b30000 - 0x00007ff844534000 	C:\Windows\System32\DriverStore\FileRepository\iigd_dch.inf_amd64_e9b40d45ab4dc6b8\igd9dxva64.dll
0x00007ff8a62a0000 - 0x00007ff8a63ca000 	C:\Windows\System32\ole32.dll
0x00007ff8a6620000 - 0x00007ff8a66ed000 	C:\Windows\System32\OLEAUT32.dll
0x00007ff8a7360000 - 0x00007ff8a77d2000 	C:\Windows\System32\SETUPAPI.dll
0x00007ff8a5f70000 - 0x00007ff8a5fbe000 	C:\Windows\System32\cfgmgr32.dll
0x00007ff8987e0000 - 0x00007ff898a1f000 	C:\Windows\System32\DriverStore\FileRepository\iigd_dch.inf_amd64_e9b40d45ab4dc6b8\igdgmm64.dll
0x00007ff879c10000 - 0x00007ff879c52000 	C:\javafx-sdk-17.0.2\bin\glass.dll
0x00007ff8a70f0000 - 0x00007ff8a71ca000 	C:\Windows\System32\COMDLG32.dll
0x00007ff8a71e0000 - 0x00007ff8a72f6000 	C:\Windows\System32\MSCTF.dll
0x00007ff89e940000 - 0x00007ff89e967000 	C:\Windows\System32\DriverStore\FileRepository\iigd_dch.inf_amd64_e9b40d45ab4dc6b8\igdinfo64.dll
0x00007ff894aa0000 - 0x00007ff897702000 	C:\Windows\System32\DriverStore\FileRepository\iigd_dch.inf_amd64_e9b40d45ab4dc6b8\igc64.dll
0x00007ff89b490000 - 0x00007ff89b4cb000 	C:\Windows\SYSTEM32\dxcore.dll
0x00007ff885040000 - 0x00007ff885054000 	C:\javafx-sdk-17.0.2\bin\javafx_font.dll
0x00007ff893a20000 - 0x00007ff893ca3000 	C:\Windows\SYSTEM32\dwrite.dll
0x00007ff8a7cf0000 - 0x00007ff8a7d99000 	C:\Windows\System32\clbcatq.dll
0x00007ff89cad0000 - 0x00007ff89cc84000 	C:\Windows\SYSTEM32\WindowsCodecs.dll
0x00007ff87d560000 - 0x00007ff87d59e000 	C:\Windows\system32\dataexchange.dll
0x00007ff8a0f00000 - 0x00007ff8a1164000 	C:\Windows\system32\d3d11.dll
0x00007ff8a1e30000 - 0x00007ff8a2015000 	C:\Windows\system32\dcomp.dll
0x00007ff8a42d0000 - 0x00007ff8a43c4000 	C:\Windows\system32\dxgi.dll
0x00007ff89d220000 - 0x00007ff89d421000 	C:\Windows\system32\twinapi.appcore.dll
0x00007ff8866a0000 - 0x00007ff8866d4000 	C:\Program Files\Common Files\Microsoft Shared\Ink\rtscom.dll
0x00007ff89a660000 - 0x00007ff89a759000 	C:\Windows\SYSTEM32\textinputframework.dll
0x00007ff8a23a0000 - 0x00007ff8a26fe000 	C:\Windows\System32\CoreUIComponents.dll
0x00007ff8a2700000 - 0x00007ff8a27f2000 	C:\Windows\System32\CoreMessaging.dll
0x00007ff8a45b0000 - 0x00007ff8a45e3000 	C:\Windows\SYSTEM32\ntmarta.dll
0x00007ff8a1cd0000 - 0x00007ff8a1e24000 	C:\Windows\SYSTEM32\wintypes.dll
0x00007ff89fb80000 - 0x00007ff89fb89000 	C:\Program Files\Java\jdk-16.0.2\bin\management.dll
0x00007ff89f2a0000 - 0x00007ff89f2ab000 	C:\Program Files\Java\jdk-16.0.2\bin\management_ext.dll

dbghelp: loaded successfully - version: 4.0.5 - missing functions: none
symbol engine: initialized successfully - sym options: 0x614 - pdb path: .;C:\Program Files\Java\jdk-16.0.2\bin;C:\Windows\SYSTEM32;C:\Windows\WinSxS\amd64_microsoft.windows.common-controls_6595b64144ccf1df_6.0.19041.1110_none_60b5254171f9507e;C:\Program Files\Java\jdk-16.0.2\bin\server;C:\Program Files\JetBrains\IntelliJ IDEA 2021.2.1\bin;C:\javafx-sdk-17.0.2\bin;C:\Windows\System32\DriverStore\FileRepository\iigd_dch.inf_amd64_e9b40d45ab4dc6b8;C:\Program Files\Common Files\Microsoft Shared\Ink

VM Arguments:
jvm_args: --module-path=C:/javafx-sdk-17.0.2/lib --add-modules=javafx.controls,javafx.fxml -javaagent:C:\Program Files\JetBrains\IntelliJ IDEA 2021.2.1\lib\idea_rt.jar=58769:C:\Program Files\JetBrains\IntelliJ IDEA 2021.2.1\bin -Dfile.encoding=UTF-8 
java_command: forms.Main
java_class_path (initial): C:\java\Polyclinic\out\production\Polyclinic;C:\javafx-sdk-11.0.2\lib\src.zip;C:\javafx-sdk-11.0.2\lib\javafx-swt.jar;C:\javafx-sdk-11.0.2\lib\javafx.web.jar;C:\javafx-sdk-11.0.2\lib\javafx.base.jar;C:\javafx-sdk-11.0.2\lib\javafx.fxml.jar;C:\javafx-sdk-11.0.2\lib\javafx.media.jar;C:\javafx-sdk-11.0.2\lib\javafx.swing.jar;C:\javafx-sdk-11.0.2\lib\javafx.controls.jar;C:\javafx-sdk-11.0.2\lib\javafx.graphics.jar;C:\java\Polyclinic\src\resources\postgresql-42.3.1 (1).jar;C:\javafx-sdk-17.0.2\lib\javafx-swt.jar;C:\javafx-sdk-17.0.2\lib\javafx.web.jar;C:\javafx-sdk-17.0.2\lib\javafx.base.jar;C:\javafx-sdk-17.0.2\lib\javafx.fxml.jar;C:\javafx-sdk-17.0.2\lib\javafx.media.jar;C:\javafx-sdk-17.0.2\lib\javafx.swing.jar;C:\javafx-sdk-17.0.2\lib\javafx.controls.jar;C:\javafx-sdk-17.0.2\lib\javafx.graphics.jar
Launcher Type: SUN_STANDARD

[Global flags]
     intx CICompilerCount                          = 3                                         {product} {ergonomic}
     uint ConcGCThreads                            = 1                                         {product} {ergonomic}
     uint G1ConcRefinementThreads                  = 4                                         {product} {ergonomic}
   size_t G1HeapRegionSize                         = 1048576                                   {product} {ergonomic}
    uintx GCDrainStackTargetSize                   = 64                                        {product} {ergonomic}
   size_t InitialHeapSize                          = 132120576                                 {product} {ergonomic}
   size_t MarkStackSize                            = 4194304                                   {product} {ergonomic}
   size_t MaxHeapSize                              = 2101346304                                {product} {ergonomic}
   size_t MaxNewSize                               = 1260388352                                {product} {ergonomic}
   size_t MinHeapDeltaBytes                        = 1048576                                   {product} {ergonomic}
   size_t MinHeapSize                              = 8388608                                   {product} {ergonomic}
    uintx NonNMethodCodeHeapSize                   = 5832780                                {pd product} {ergonomic}
    uintx NonProfiledCodeHeapSize                  = 122912730                              {pd product} {ergonomic}
    uintx ProfiledCodeHeapSize                     = 122912730                              {pd product} {ergonomic}
    uintx ReservedCodeCacheSize                    = 251658240                              {pd product} {ergonomic}
     bool SegmentedCodeCache                       = true                                      {product} {ergonomic}
   size_t SoftMaxHeapSize                          = 2101346304                             {manageable} {ergonomic}
     bool UseCompressedClassPointers               = true                           {product lp64_product} {ergonomic}
     bool UseCompressedOops                        = true                           {product lp64_product} {ergonomic}
     bool UseG1GC                                  = true                                      {product} {ergonomic}
     bool UseLargePagesIndividualAllocation        = false                                  {pd product} {ergonomic}

Logging:
Log output configuration:
 #0: stdout all=off uptime,level,tags
 #1: stderr all=off uptime,level,tags

Environment Variables:
PATH=C:\Program Files\Common Files\Oracle\Java\javapath;C:\Program Files (x86)\Common Files\Oracle\Java\javapath;C:\Windows\system32;C:\Windows;C:\Windows\System32\Wbem;C:\Windows\System32\WindowsPowerShell\v1.0\;C:\Windows\System32\OpenSSH\;C:\Program Files\dotnet\;C:\Users\Kate\AppData\Local\Microsoft\WindowsApps;;C:\Program Files\JetBrains\IntelliJ IDEA 2021.2.1\bin;;C:\Users\Kate\.dotnet\tools
USERNAME=Kate
OS=Windows_NT
PROCESSOR_IDENTIFIER=Intel64 Family 6 Model 122 Stepping 1, GenuineIntel



---------------  S Y S T E M  ---------------

OS:
 Windows 10 , 64 bit Build 19041 (10.0.19041.1503)
OS uptime: 5 days 22:48 hours

CPU: total 4 (initial active 4) (4 cores per cpu, 1 threads per core) family 6 model 122 stepping 1 microcode 0x2e, cx8, cmov, fxsr, mmx, 3dnowpref, sse, sse2, sse3, ssse3, sse4.1, sse4.2, popcnt, tsc, tscinvbit, aes, erms, clmul, sha, clflush, clflushopt

Memory: 4k page, system-wide physical 8014M (1476M free)
TotalPageFile size 11894M (AvailPageFile size 1372M)
current process WorkingSet (physical memory assigned to process): 232M, peak: 251M
current process commit charge ("private bytes"): 269M, peak: 320M

vm_info: Java HotSpot(TM) 64-Bit Server VM (16.0.2+7-67) for windows-amd64 JRE (16.0.2+7-67), built on Jun  8 2021 23:24:19 by "mach5one" with MS VC++ 16.7 (VS2019)

END.
