#
# A fatal error has been detected by the Java Runtime Environment:
#
#  EXCEPTION_ACCESS_VIOLATION (0xc0000005) at pc=0x00007ff885c46730, pid=11608, tid=3604
#
# JRE version: Java(TM) SE Runtime Environment (16.0.2+7) (build 16.0.2+7-67)
# Java VM: Java HotSpot(TM) 64-Bit Server VM (16.0.2+7-67, mixed mode, sharing, tiered, compressed oops, compressed class ptrs, g1 gc, windows-amd64)
# Problematic frame:
# C  [glass.dll+0x26730]
#
# No core dump will be written. Minidumps are not enabled by default on client versions of Windows
#
# If you would like to submit a bug report, please visit:
#   https://bugreport.java.com/bugreport/crash.jsp
#

---------------  S U M M A R Y ------------

Command Line: --module-path=C:/javafx-sdk-11.0.2/lib --add-modules=javafx.controls,javafx.fxml -javaagent:C:\Program Files\JetBrains\IntelliJ IDEA 2021.2.1\lib\idea_rt.jar=58383:C:\Program Files\JetBrains\IntelliJ IDEA 2021.2.1\bin -Dfile.encoding=UTF-8 forms.Main

Host: Intel(R) Pentium(R) Silver N5000 CPU @ 1.10GHz, 4 cores, 7G,  Windows 10 , 64 bit Build 19041 (10.0.19041.1503)
Time: Sat Feb 26 23:03:12 2022 RTZ 2 (s 10 , 64 bit Build 19041 (10.0.19041.1503) elapsed time: 370.697237 seconds (0d 0h 6m 10s)

---------------  T H R E A D  ---------------

Current thread (0x00000207c6408030):  VMThread "VM Thread" [stack: 0x000000ccc5700000,0x000000ccc5800000] [id=3604]

Stack: [0x000000ccc5700000,0x000000ccc5800000],  sp=0x000000ccc57fee60,  free space=1019k
Native frames: (J=compiled Java code, j=interpreted, Vv=VM code, C=native code)
C  [glass.dll+0x26730]


siginfo: EXCEPTION_ACCESS_VIOLATION (0xc0000005), reading address 0x0000000000000000


Register to memory mapping:

RIP=0x00007ff885c46730 glass.dll
RAX=0x0 is NULL
RBX=0x00000207c640f518 is a global jni handle
RCX=0x00000207c6408030 points into unknown readable memory: 0x00007ff86a79f638 | 38 f6 79 6a f8 7f 00 00
RDX=0x000000ccc57fee60 points into unknown readable memory: 0x0000000000000000 | 00 00 00 00 00 00 00 00
RSP=0x000000ccc57fee60 points into unknown readable memory: 0x0000000000000000 | 00 00 00 00 00 00 00 00
RBP=0x00000207c79290a8 points into unknown readable memory: 0x000050c727f3df31 | 31 df f3 27 c7 50 00 00
RSI=0x00000207c7929080 points into unknown readable memory: 0x6db050c7d802d4b9 | b9 d4 02 d8 c7 50 b0 6d
RDI=0x000050c727f3df31 is an unknown value
R8 =0x0000000000010002 is an unknown value
R9 =0x000050c727f3df31 is an unknown value
R10=0x0000000000008000 is an unknown value
R11=0x000000ccc57fee00 points into unknown readable memory: 0x0000000000000000 | 00 00 00 00 00 00 00 00
R12=0x00007ff885c43be0 glass.dll
R13=0x00000207a8e04db0 points into unknown readable memory: 0x8000000900000001 | 01 00 00 00 09 00 00 80
R14=0x000000ccc57fef68 points into unknown readable memory: 0x000000ccc57fef50 | 50 ef 7f c5 cc 00 00 00
R15=0x00000207c7929080 points into unknown readable memory: 0x6db050c7d802d4b9 | b9 d4 02 d8 c7 50 b0 6d


Registers:
RAX=0x0000000000000000, RBX=0x00000207c640f518, RCX=0x00000207c6408030, RDX=0x000000ccc57fee60
RSP=0x000000ccc57fee60, RBP=0x00000207c79290a8, RSI=0x00000207c7929080, RDI=0x000050c727f3df31
R8 =0x0000000000010002, R9 =0x000050c727f3df31, R10=0x0000000000008000, R11=0x000000ccc57fee00
R12=0x00007ff885c43be0, R13=0x00000207a8e04db0, R14=0x000000ccc57fef68, R15=0x00000207c7929080
RIP=0x00007ff885c46730, EFLAGS=0x0000000000010202

Top of Stack: (sp=0x000000ccc57fee60)
0x000000ccc57fee60:   0000000000000000 00007ff8a607f05b
0x000000ccc57fee70:   00000207c7929090 00000207c7929080
0x000000ccc57fee80:   fffffffffffffffe 00007ff885c43be0
0x000000ccc57fee90:   00000207c7929088 00007ff8a60842d6
0x000000ccc57feea0:   00000207c7929090 0000020700000000
0x000000ccc57feeb0:   00000207c79290a8 00000207c7929080
0x000000ccc57feec0:   fffffffffffffffe 0000000000000000
0x000000ccc57feed0:   0000000000000001 00007ff885c20000
0x000000ccc57feee0:   000000ccc57fef58 00007ff8a60841fb
0x000000ccc57feef0:   0000000000000000 000000ccc57fef68
0x000000ccc57fef00:   000000ccc57ff220 00007ff8a6160e40
0x000000ccc57fef10:   0000000000000001 00007ff8a60841b4
0x000000ccc57fef20:   0000000000000000 0000000000000001
0x000000ccc57fef30:   00007ff80000000d 000000ccc57fef58
0x000000ccc57fef40:   0000000000000000 00007ff885c43a60
0x000000ccc57fef50:   00007ff885c5d100 000000cc00000002 

Instructions: (pc=0x00007ff885c46730)
0x00007ff885c46630:   8b 4d 60 e8 d8 c9 ff ff 48 8b 55 68 48 8b 8d 08
0x00007ff885c46640:   01 00 00 e8 a9 be ff ff 33 d2 33 c9 e8 a9 de ff
0x00007ff885c46650:   ff 90 cc cc cc cc cc cc cc cc cc cc cc cc cc cc
0x00007ff885c46660:   48 8d 8a 80 00 00 00 e9 14 ea fe ff 48 89 54 24
0x00007ff885c46670:   10 55 48 83 ec 20 48 8b ea 48 8d 05 1d cb ff ff
0x00007ff885c46680:   48 83 c4 20 5d c3 cc 40 55 48 8b ea 48 8b 01 33
0x00007ff885c46690:   c9 81 38 05 00 00 c0 0f 94 c1 8b c1 5d c3 cc 40
0x00007ff885c466a0:   55 48 83 ec 20 48 8b ea 8a 4d 40 48 83 c4 20 5d
0x00007ff885c466b0:   e9 23 ce ff ff cc 40 55 48 83 ec 20 48 8b ea e8
0x00007ff885c466c0:   3c cc ff ff 8a 4d 38 48 83 c4 20 5d e9 07 ce ff
0x00007ff885c466d0:   ff cc 40 55 48 83 ec 30 48 8b ea 48 8b 01 8b 10
0x00007ff885c466e0:   48 89 4c 24 28 89 54 24 20 4c 8d 0d d0 d1 ff ff
0x00007ff885c466f0:   4c 8b 45 70 8b 55 68 48 8b 4d 60 e8 70 cb ff ff
0x00007ff885c46700:   90 48 83 c4 30 5d c3 cc cc cc cc cc cc cc cc cc
0x00007ff885c46710:   40 53 48 83 ec 30 48 c7 44 24 20 fe ff ff ff 48
0x00007ff885c46720:   8b 1d ea 63 01 00 48 85 db 74 16 e8 90 86 ff ff
0x00007ff885c46730:   4c 8b 00 48 8b d3 48 8b c8 41 ff 90 b0 00 00 00
0x00007ff885c46740:   90 48 83 c4 30 5b c3 cc cc cc cc cc cc cc cc cc
0x00007ff885c46750:   40 53 48 83 ec 20 48 8b 1d 4b 65 01 00 48 85 db
0x00007ff885c46760:   74 57 b8 ff ff ff ff f0 0f c1 43 10 83 f8 01 75
0x00007ff885c46770:   3d 48 85 db 74 38 48 8b 0b 48 85 c9 74 0d ff 15
0x00007ff885c46780:   24 0b 00 00 48 c7 03 00 00 00 00 48 8b 4b 08 48
0x00007ff885c46790:   85 c9 74 0d e8 77 c8 ff ff 48 c7 43 08 00 00 00
0x00007ff885c467a0:   00 ba 18 00 00 00 48 8b cb e8 62 c8 ff ff 48 c7
0x00007ff885c467b0:   05 ef 64 01 00 00 00 00 00 48 83 c4 20 5b c3 cc
0x00007ff885c467c0:   40 53 48 83 ec 20 48 8b 1d bb 64 01 00 48 85 db
0x00007ff885c467d0:   74 57 b8 ff ff ff ff f0 0f c1 43 10 83 f8 01 75
0x00007ff885c467e0:   3d 48 85 db 74 38 48 8b 0b 48 85 c9 74 0d ff 15
0x00007ff885c467f0:   b4 0a 00 00 48 c7 03 00 00 00 00 48 8b 4b 08 48
0x00007ff885c46800:   85 c9 74 0d e8 07 c8 ff ff 48 c7 43 08 00 00 00
0x00007ff885c46810:   00 ba 18 00 00 00 48 8b cb e8 f2 c7 ff ff 48 c7
0x00007ff885c46820:   05 5f 64 01 00 00 00 00 00 48 83 c4 20 5b c3 cc 


Stack slot to memory mapping:
stack at sp + 0 slots: 0x0 is NULL
stack at sp + 1 slots: 0x00007ff8a607f05b ucrtbase.dll
stack at sp + 2 slots: 0x00000207c7929090 points into unknown readable memory: 0x000050c727f3df31 | 31 df f3 27 c7 50 00 00
stack at sp + 3 slots: 0x00000207c7929080 points into unknown readable memory: 0x6db050c7d802d4b9 | b9 d4 02 d8 c7 50 b0 6d
stack at sp + 4 slots: 0xfffffffffffffffe is an unknown value
stack at sp + 5 slots: 0x00007ff885c43be0 glass.dll
stack at sp + 6 slots: 0x00000207c7929088 points into unknown readable memory: 0x000050c727f3df31 | 31 df f3 27 c7 50 00 00
stack at sp + 7 slots: 0x00007ff8a60842d6 ucrtbase.dll

VM_Operation (0x000000ccc6dfecb0): Exit, mode: safepoint, requested by thread 0x00000207c7f33080


---------------  P R O C E S S  ---------------

Threads class SMR info:
_java_thread_list=0x00000207c81c1610, length=21, elements={
0x00000207a8da82c0, 0x00000207c640bc80, 0x00000207c640cb40, 0x00000207c641d080,
0x00000207c6422ab0, 0x00000207c64234b0, 0x00000207c6423eb0, 0x00000207c6425ca0,
0x00000207c6426790, 0x00000207c64346f0, 0x00000207c70627a0, 0x00000207c7190c00,
0x00000207c7191120, 0x00000207c78bff30, 0x00000207c851d6e0, 0x00000207c7ad6be0,
0x00000207c81fda00, 0x00000207c85e7430, 0x00000207c7f32090, 0x00000207c7f33b20,
0x00000207c7f33080
}

Java Threads: ( => current thread )
  0x00000207a8da82c0 JavaThread "main" [_thread_blocked, id=15132, stack(0x000000ccc5100000,0x000000ccc5200000)]
  0x00000207c640bc80 JavaThread "Reference Handler" daemon [_thread_blocked, id=5784, stack(0x000000ccc5800000,0x000000ccc5900000)]
  0x00000207c640cb40 JavaThread "Finalizer" daemon [_thread_blocked, id=3148, stack(0x000000ccc5900000,0x000000ccc5a00000)]
  0x00000207c641d080 JavaThread "Signal Dispatcher" daemon [_thread_blocked, id=13004, stack(0x000000ccc5a00000,0x000000ccc5b00000)]
  0x00000207c6422ab0 JavaThread "Attach Listener" daemon [_thread_blocked, id=14144, stack(0x000000ccc5b00000,0x000000ccc5c00000)]
  0x00000207c64234b0 JavaThread "Service Thread" daemon [_thread_blocked, id=8128, stack(0x000000ccc5c00000,0x000000ccc5d00000)]
  0x00000207c6423eb0 JavaThread "Monitor Deflation Thread" daemon [_thread_blocked, id=4064, stack(0x000000ccc5d00000,0x000000ccc5e00000)]
  0x00000207c6425ca0 JavaThread "C2 CompilerThread0" daemon [_thread_blocked, id=4972, stack(0x000000ccc5e00000,0x000000ccc5f00000)]
  0x00000207c6426790 JavaThread "C1 CompilerThread0" daemon [_thread_blocked, id=10824, stack(0x000000ccc5f00000,0x000000ccc6000000)]
  0x00000207c64346f0 JavaThread "Sweeper thread" daemon [_thread_blocked, id=14188, stack(0x000000ccc6000000,0x000000ccc6100000)]
  0x00000207c70627a0 JavaThread "Common-Cleaner" daemon [_thread_blocked, id=3696, stack(0x000000ccc6100000,0x000000ccc6200000)]
  0x00000207c7190c00 JavaThread "Monitor Ctrl-Break" daemon [_thread_in_native, id=15160, stack(0x000000ccc6300000,0x000000ccc6400000)]
  0x00000207c7191120 JavaThread "Notification Thread" daemon [_thread_blocked, id=6492, stack(0x000000ccc6400000,0x000000ccc6500000)]
  0x00000207c78bff30 JavaThread "QuantumRenderer-0" daemon [_thread_blocked, id=7048, stack(0x000000ccc6600000,0x000000ccc6700000)]
  0x00000207c851d6e0 JavaThread "InvokeLaterDispatcher" daemon [_thread_blocked, id=11064, stack(0x000000ccc6700000,0x000000ccc6800000)]
  0x00000207c7ad6be0 JavaThread "JavaFX Application Thread" [_thread_in_native, id=8144, stack(0x000000ccc6800000,0x000000ccc6900000)]
  0x00000207c81fda00 JavaThread "JavaFX-Launcher" [_thread_blocked, id=1144, stack(0x000000ccc7000000,0x000000ccc7100000)]
  0x00000207c85e7430 JavaThread "Thread-2" daemon [_thread_in_native, id=8, stack(0x000000ccc6f00000,0x000000ccc7000000)]
  0x00000207c7f32090 JavaThread "Prism Font Disposer" daemon [_thread_blocked, id=7060, stack(0x000000ccc7400000,0x000000ccc7500000)]
  0x00000207c7f33b20 JavaThread "Cleaner-0" daemon [_thread_blocked, id=4344, stack(0x000000ccc7500000,0x000000ccc7600000)]
  0x00000207c7f33080 JavaThread "SIGINT handler" daemon [_thread_blocked, id=7008, stack(0x000000ccc6d00000,0x000000ccc6e00000)]

Other Threads:
=>0x00000207c6408030 VMThread "VM Thread" [stack: 0x000000ccc5700000,0x000000ccc5800000] [id=3604]
  0x00000207a8de6e40 GCTaskThread "GC Thread#0" [stack: 0x000000ccc5200000,0x000000ccc5300000] [id=15096]
  0x00000207c7c775a0 GCTaskThread "GC Thread#1" [stack: 0x000000ccc6900000,0x000000ccc6a00000] [id=3792]
  0x00000207c76c5270 GCTaskThread "GC Thread#2" [stack: 0x000000ccc6a00000,0x000000ccc6b00000] [id=588]
  0x00000207c76c5580 GCTaskThread "GC Thread#3" [stack: 0x000000ccc6b00000,0x000000ccc6c00000] [id=7432]
  0x00000207a8df8910 ConcurrentGCThread "G1 Main Marker" terminated
  0x00000207a8df9380 ConcurrentGCThread "G1 Conc#0" [stack: 0x000000ccc5400000,0x000000ccc5500000] [id=8076]
  0x00000207a8e741f0 ConcurrentGCThread "G1 Refine#0" terminated
  0x00000207c7dc2e00 ConcurrentGCThread "G1 Refine#1" terminated
  0x00000207a8e74c70 ConcurrentGCThread "G1 Service" terminated

Threads with active compile tasks:

VM state: at safepoint (shutting down)

VM Mutex/Monitor currently owned by a thread:  ([mutex/lock_event])
[0x00000207a8da50d0] Threads_lock - owner thread: 0x00000207c6408030
[0x00000207a8da4980] Heap_lock - owner thread: 0x00000207c7f33080

Heap address: 0x0000000082c00000, size: 2004 MB, Compressed Oops mode: 32-bit

CDS archive(s) mapped at: [0x0000000800000000-0x0000000800bb0000-0x0000000800bb0000), size 12255232, SharedBaseAddress: 0x0000000800000000, ArchiveRelocationMode: 0.
Compressed class space mapped at: 0x0000000800c00000-0x0000000840c00000, reserved size: 1073741824
Narrow klass base: 0x0000000800000000, Narrow klass shift: 3, Narrow klass range: 0x100000000

GC Precious Log:
 CPUs: 4 total, 4 available
 Memory: 8014M
 Large Page Support: Disabled
 NUMA Support: Disabled
 Compressed Oops: Enabled (32-bit)
 Heap Region Size: 1M
 Heap Min Capacity: 8M
 Heap Initial Capacity: 126M
 Heap Max Capacity: 2004M
 Pre-touch: Disabled
 Parallel Workers: 4
 Concurrent Workers: 1
 Concurrent Refinement Workers: 4
 Periodic GC: Disabled

Heap:
 garbage-first heap   total 65536K, used 23790K [0x0000000082c00000, 0x0000000100000000)
  region size 1024K, 17 young (17408K), 10 survivors (10240K)
 Metaspace       used 21555K, committed 21824K, reserved 1073152K
  class space    used 2836K, committed 2944K, reserved 1048576K

Heap Regions: E=young(eden), S=young(survivor), O=old, HS=humongous(starts), HC=humongous(continues), CS=collection set, F=free, OA=open archive, CA=closed archive, TAMS=top-at-mark-start (previous, next)
|   0|0x0000000082c00000, 0x0000000082d00000, 0x0000000082d00000|100%| O|  |TAMS 0x0000000082d00000, 0x0000000082c00000| Untracked 
|   1|0x0000000082d00000, 0x0000000082e00000, 0x0000000082e00000|100%| O|  |TAMS 0x0000000082e00000, 0x0000000082d00000| Untracked 
|   2|0x0000000082e00000, 0x0000000082f00000, 0x0000000082f00000|100%| O|  |TAMS 0x0000000082e4f600, 0x0000000082e00000| Untracked 
|   3|0x0000000082f00000, 0x0000000082f00000, 0x0000000083000000|  0%| F|  |TAMS 0x0000000082f00000, 0x0000000082f00000| Untracked 
|   4|0x0000000083000000, 0x0000000083000000, 0x0000000083100000|  0%| F|  |TAMS 0x0000000083000000, 0x0000000083000000| Untracked 
|   5|0x0000000083100000, 0x0000000083200000, 0x0000000083200000|100%|HS|  |TAMS 0x0000000083200000, 0x0000000083100000| Complete 
|   6|0x0000000083200000, 0x0000000083300000, 0x0000000083300000|100%|HS|  |TAMS 0x0000000083300000, 0x0000000083200000| Complete 
|   7|0x0000000083300000, 0x0000000083400000, 0x0000000083400000|100%|HC|  |TAMS 0x0000000083400000, 0x0000000083300000| Complete 
|   8|0x0000000083400000, 0x0000000083500000, 0x0000000083500000|100%| O|  |TAMS 0x0000000083400000, 0x0000000083400000| Untracked 
|   9|0x0000000083500000, 0x000000008353b800, 0x0000000083600000| 23%| O|  |TAMS 0x0000000083500000, 0x0000000083500000| Untracked 
|  10|0x0000000083600000, 0x0000000083600000, 0x0000000083700000|  0%| F|  |TAMS 0x0000000083600000, 0x0000000083600000| Untracked 
|  11|0x0000000083700000, 0x0000000083700000, 0x0000000083800000|  0%| F|  |TAMS 0x0000000083700000, 0x0000000083700000| Untracked 
|  12|0x0000000083800000, 0x0000000083800000, 0x0000000083900000|  0%| F|  |TAMS 0x0000000083800000, 0x0000000083800000| Untracked 
|  13|0x0000000083900000, 0x0000000083900000, 0x0000000083a00000|  0%| F|  |TAMS 0x0000000083900000, 0x0000000083900000| Untracked 
|  14|0x0000000083a00000, 0x0000000083a00000, 0x0000000083b00000|  0%| F|  |TAMS 0x0000000083a00000, 0x0000000083a00000| Untracked 
|  15|0x0000000083b00000, 0x0000000083b00000, 0x0000000083c00000|  0%| F|  |TAMS 0x0000000083b00000, 0x0000000083b00000| Untracked 
|  16|0x0000000083c00000, 0x0000000083c00000, 0x0000000083d00000|  0%| F|  |TAMS 0x0000000083c00000, 0x0000000083c00000| Untracked 
|  17|0x0000000083d00000, 0x0000000083d00000, 0x0000000083e00000|  0%| F|  |TAMS 0x0000000083d00000, 0x0000000083d00000| Untracked 
|  18|0x0000000083e00000, 0x0000000083e00000, 0x0000000083f00000|  0%| F|  |TAMS 0x0000000083e00000, 0x0000000083e00000| Untracked 
|  19|0x0000000083f00000, 0x0000000083f00000, 0x0000000084000000|  0%| F|  |TAMS 0x0000000083f00000, 0x0000000083f00000| Untracked 
|  20|0x0000000084000000, 0x0000000084000000, 0x0000000084100000|  0%| F|  |TAMS 0x0000000084000000, 0x0000000084000000| Untracked 
|  21|0x0000000084100000, 0x0000000084100000, 0x0000000084200000|  0%| F|  |TAMS 0x0000000084100000, 0x0000000084100000| Untracked 
|  22|0x0000000084200000, 0x0000000084200000, 0x0000000084300000|  0%| F|  |TAMS 0x0000000084200000, 0x0000000084200000| Untracked 
|  23|0x0000000084300000, 0x0000000084300000, 0x0000000084400000|  0%| F|  |TAMS 0x0000000084300000, 0x0000000084300000| Untracked 
|  24|0x0000000084400000, 0x0000000084400000, 0x0000000084500000|  0%| F|  |TAMS 0x0000000084400000, 0x0000000084400000| Untracked 
|  25|0x0000000084500000, 0x0000000084500000, 0x0000000084600000|  0%| F|  |TAMS 0x0000000084500000, 0x0000000084500000| Untracked 
|  26|0x0000000084600000, 0x0000000084600000, 0x0000000084700000|  0%| F|  |TAMS 0x0000000084600000, 0x0000000084600000| Untracked 
|  27|0x0000000084700000, 0x0000000084700000, 0x0000000084800000|  0%| F|  |TAMS 0x0000000084700000, 0x0000000084700000| Untracked 
|  28|0x0000000084800000, 0x0000000084800000, 0x0000000084900000|  0%| F|  |TAMS 0x0000000084800000, 0x0000000084800000| Untracked 
|  29|0x0000000084900000, 0x0000000084900000, 0x0000000084a00000|  0%| F|  |TAMS 0x0000000084900000, 0x0000000084900000| Untracked 
|  30|0x0000000084a00000, 0x0000000084a00000, 0x0000000084b00000|  0%| F|  |TAMS 0x0000000084a00000, 0x0000000084a00000| Untracked 
|  31|0x0000000084b00000, 0x0000000084b00000, 0x0000000084c00000|  0%| F|  |TAMS 0x0000000084b00000, 0x0000000084b00000| Untracked 
|  32|0x0000000084c00000, 0x0000000084c00000, 0x0000000084d00000|  0%| F|  |TAMS 0x0000000084c00000, 0x0000000084c00000| Untracked 
|  33|0x0000000084d00000, 0x0000000084d00000, 0x0000000084e00000|  0%| F|  |TAMS 0x0000000084d00000, 0x0000000084d00000| Untracked 
|  34|0x0000000084e00000, 0x0000000084e00000, 0x0000000084f00000|  0%| F|  |TAMS 0x0000000084e00000, 0x0000000084e00000| Untracked 
|  35|0x0000000084f00000, 0x0000000084f00000, 0x0000000085000000|  0%| F|  |TAMS 0x0000000084f00000, 0x0000000084f00000| Untracked 
|  36|0x0000000085000000, 0x0000000085000000, 0x0000000085100000|  0%| F|  |TAMS 0x0000000085000000, 0x0000000085000000| Untracked 
|  37|0x0000000085100000, 0x0000000085100000, 0x0000000085200000|  0%| F|  |TAMS 0x0000000085100000, 0x0000000085100000| Untracked 
|  38|0x0000000085200000, 0x0000000085200000, 0x0000000085300000|  0%| F|  |TAMS 0x0000000085200000, 0x0000000085200000| Untracked 
|  39|0x0000000085300000, 0x0000000085300000, 0x0000000085400000|  0%| F|  |TAMS 0x0000000085300000, 0x0000000085300000| Untracked 
|  40|0x0000000085400000, 0x0000000085400000, 0x0000000085500000|  0%| F|  |TAMS 0x0000000085400000, 0x0000000085400000| Untracked 
|  41|0x0000000085500000, 0x0000000085500000, 0x0000000085600000|  0%| F|  |TAMS 0x0000000085500000, 0x0000000085500000| Untracked 
|  42|0x0000000085600000, 0x0000000085600000, 0x0000000085700000|  0%| F|  |TAMS 0x0000000085600000, 0x0000000085600000| Untracked 
|  43|0x0000000085700000, 0x0000000085700000, 0x0000000085800000|  0%| F|  |TAMS 0x0000000085700000, 0x0000000085700000| Untracked 
|  44|0x0000000085800000, 0x0000000085800000, 0x0000000085900000|  0%| F|  |TAMS 0x0000000085800000, 0x0000000085800000| Untracked 
|  45|0x0000000085900000, 0x0000000085900000, 0x0000000085a00000|  0%| F|  |TAMS 0x0000000085900000, 0x0000000085900000| Untracked 
|  46|0x0000000085a00000, 0x0000000085a00000, 0x0000000085b00000|  0%| F|  |TAMS 0x0000000085a00000, 0x0000000085a00000| Untracked 
|  47|0x0000000085b00000, 0x0000000085b48338, 0x0000000085c00000| 28%| E|  |TAMS 0x0000000085b00000, 0x0000000085b00000| Complete 
|  48|0x0000000085c00000, 0x0000000085d00000, 0x0000000085d00000|100%| E|CS|TAMS 0x0000000085c00000, 0x0000000085c00000| Complete 
|  49|0x0000000085d00000, 0x0000000085e00000, 0x0000000085e00000|100%| E|CS|TAMS 0x0000000085d00000, 0x0000000085d00000| Complete 
|  50|0x0000000085e00000, 0x0000000085f00000, 0x0000000085f00000|100%| E|CS|TAMS 0x0000000085e00000, 0x0000000085e00000| Complete 
|  51|0x0000000085f00000, 0x0000000086000000, 0x0000000086000000|100%| E|CS|TAMS 0x0000000085f00000, 0x0000000085f00000| Complete 
|  52|0x0000000086000000, 0x0000000086100000, 0x0000000086100000|100%| E|CS|TAMS 0x0000000086000000, 0x0000000086000000| Complete 
|  55|0x0000000086300000, 0x0000000086400000, 0x0000000086400000|100%| S|CS|TAMS 0x0000000086300000, 0x0000000086300000| Complete 
|  56|0x0000000086400000, 0x0000000086500000, 0x0000000086500000|100%| S|CS|TAMS 0x0000000086400000, 0x0000000086400000| Complete 
|  57|0x0000000086500000, 0x0000000086600000, 0x0000000086600000|100%| S|CS|TAMS 0x0000000086500000, 0x0000000086500000| Complete 
|  58|0x0000000086600000, 0x0000000086700000, 0x0000000086700000|100%| S|CS|TAMS 0x0000000086600000, 0x0000000086600000| Complete 
|  59|0x0000000086700000, 0x0000000086800000, 0x0000000086800000|100%| S|CS|TAMS 0x0000000086700000, 0x0000000086700000| Complete 
|  60|0x0000000086800000, 0x0000000086900000, 0x0000000086900000|100%| S|CS|TAMS 0x0000000086800000, 0x0000000086800000| Complete 
|  61|0x0000000086900000, 0x0000000086a00000, 0x0000000086a00000|100%| S|CS|TAMS 0x0000000086900000, 0x0000000086900000| Complete 
|  62|0x0000000086a00000, 0x0000000086b00000, 0x0000000086b00000|100%| S|CS|TAMS 0x0000000086a00000, 0x0000000086a00000| Complete 
|  63|0x0000000086b00000, 0x0000000086c00000, 0x0000000086c00000|100%| S|CS|TAMS 0x0000000086b00000, 0x0000000086b00000| Complete 
|  64|0x0000000086c00000, 0x0000000086d00000, 0x0000000086d00000|100%| S|CS|TAMS 0x0000000086c00000, 0x0000000086c00000| Complete 
| 125|0x000000008a900000, 0x000000008aa00000, 0x000000008aa00000|100%| E|CS|TAMS 0x000000008a900000, 0x000000008a900000| Complete 

Card table byte_map: [0x00000207bf920000,0x00000207bfd10000] _byte_map_base: 0x00000207bf50a000

Marking Bits (Prev, Next): (CMBitMap*) 0x00000207a8de8500, (CMBitMap*) 0x00000207a8de84c0
 Prev Bits: [0x00000207c2050000, 0x00000207c3fa0000)
 Next Bits: [0x00000207c0100000, 0x00000207c2050000)

Polling page: 0x00000207a6c60000

Metaspace:

Usage:
  Non-class:     18.28 MB used.
      Class:      2.77 MB used.
       Both:     21.05 MB used.

Virtual space:
  Non-class space:       24.00 MB reserved,      18.44 MB ( 77%) committed,  3 nodes.
      Class space:        1.00 GB reserved,       2.88 MB ( <1%) committed,  1 nodes.
              Both:        1.02 GB reserved,      21.31 MB (  2%) committed. 

Chunk freelists:
   Non-Class:  816.00 KB
       Class:  1.02 MB
        Both:  1.82 MB

MaxMetaspaceSize: 17179869184.00 GB
CompressedClassSpaceSize: 1.00 GB
 - commit_granule_bytes: 65536.
 - commit_granule_words: 8192.
 - virtual_space_node_default_size: 1048576.
 - enlarge_chunks_in_place: 1.
 - new_chunks_are_fully_committed: 0.
 - uncommit_free_chunks: 1.
 - use_allocation_guard: 0.
 - handle_deallocations: 1.


Internal statistics:

num_allocs_failed_limit: 3.
num_arena_births: 220.
num_arena_deaths: 0.
num_vsnodes_births: 4.
num_vsnodes_deaths: 0.
num_space_committed: 341.
num_space_uncommitted: 0.
num_chunks_returned_to_freelist: 3.
num_chunks_taken_from_freelist: 946.
num_chunk_merges: 3.
num_chunk_splits: 658.
num_chunks_enlarged: 507.
num_purges: 0.

CodeHeap 'non-profiled nmethods': size=120000Kb used=2154Kb max_used=2154Kb free=117845Kb
 bounds [0x00000207b8000000, 0x00000207b8270000, 0x00000207bf530000]
CodeHeap 'profiled nmethods': size=120000Kb used=9682Kb max_used=9682Kb free=110317Kb
 bounds [0x00000207b0ad0000, 0x00000207b1450000, 0x00000207b8000000]
CodeHeap 'non-nmethods': size=5760Kb used=1473Kb max_used=1535Kb free=4286Kb
 bounds [0x00000207b0530000, 0x00000207b07a0000, 0x00000207b0ad0000]
 total_blobs=5702 nmethods=4862 adapters=752
 compilation: enabled
              stopped_count=0, restarted_count=0
 full_count=0

Compilation events (20 events):
Event: 309.945 Thread 0x00000207c6426790 4865       3       sun.nio.cs.UTF_8$Encoder::encodeLoop (28 bytes)
Event: 309.945 Thread 0x00000207c6425ca0 4873 %     4       sun.nio.cs.UTF_8$Encoder::encodeArrayLoop @ 73 (489 bytes)
Event: 309.945 Thread 0x00000207c6426790 nmethod 4865 0x00000207b1440c10 code [0x00000207b1440e00, 0x00000207b1441218]
Event: 309.945 Thread 0x00000207c6426790 4866   !   3       java.io.PrintStream::write (69 bytes)
Event: 309.946 Thread 0x00000207c6426790 nmethod 4866 0x00000207b1441390 code [0x00000207b14415a0, 0x00000207b1441c98]
Event: 309.946 Thread 0x00000207c6426790 4867       3       java.io.FileOutputStream::write (20 bytes)
Event: 309.946 Thread 0x00000207c6426790 nmethod 4867 0x00000207b1442010 code [0x00000207b14421c0, 0x00000207b1442368]
Event: 309.946 Thread 0x00000207c6426790 4868       3       java.io.FileDescriptor$1::getAppend (5 bytes)
Event: 309.946 Thread 0x00000207c6426790 nmethod 4868 0x00000207b1442490 code [0x00000207b1442620, 0x00000207b1442738]
Event: 309.946 Thread 0x00000207c6426790 4870       3       java.io.OutputStreamWriter::flushBuffer (8 bytes)
Event: 309.947 Thread 0x00000207c6426790 nmethod 4870 0x00000207b1442810 code [0x00000207b14429c0, 0x00000207b1442b08]
Event: 309.947 Thread 0x00000207c6426790 4871   !   3       sun.nio.cs.StreamEncoder::flushBuffer (42 bytes)
Event: 309.947 Thread 0x00000207c6426790 nmethod 4871 0x00000207b1442c10 code [0x00000207b1442e00, 0x00000207b14432b8]
Event: 309.947 Thread 0x00000207c6426790 4872   !   3       java.io.PrintStream::writeln (81 bytes)
Event: 309.948 Thread 0x00000207c6426790 nmethod 4872 0x00000207b1443510 code [0x00000207b14437c0, 0x00000207b1444428]
Event: 309.963 Thread 0x00000207c6425ca0 nmethod 4873% 0x00000207b8219410 code [0x00000207b82195e0, 0x00000207b8219fb8]
Event: 309.963 Thread 0x00000207c6425ca0 4874       4       java.lang.String::checkBoundsOffCount (64 bytes)
Event: 309.964 Thread 0x00000207c6425ca0 nmethod 4874 0x00000207b821a590 code [0x00000207b821a720, 0x00000207b821a7d8]
Event: 309.964 Thread 0x00000207c6425ca0 4875       4       java.io.OutputStream::flush (1 bytes)
Event: 309.964 Thread 0x00000207c6425ca0 nmethod 4875 0x00000207b821a890 code [0x00000207b821aa00, 0x00000207b821aa78]

GC Heap History (6 events):
Event: 0.786 GC heap before
{Heap before GC invocations=0 (full 0):
 garbage-first heap   total 129024K, used 12288K [0x0000000082c00000, 0x0000000100000000)
  region size 1024K, 13 young (13312K), 0 survivors (0K)
 Metaspace       used 2806K, committed 2944K, reserved 1056768K
  class space    used 286K, committed 384K, reserved 1048576K
}
Event: 0.793 GC heap after
{Heap after GC invocations=1 (full 0):
 garbage-first heap   total 129024K, used 2281K [0x0000000082c00000, 0x0000000100000000)
  region size 1024K, 2 young (2048K), 2 survivors (2048K)
 Metaspace       used 2806K, committed 2944K, reserved 1056768K
  class space    used 286K, committed 384K, reserved 1048576K
}
Event: 1.385 GC heap before
{Heap before GC invocations=1 (full 0):
 garbage-first heap   total 129024K, used 18665K [0x0000000082c00000, 0x0000000100000000)
  region size 1024K, 18 young (18432K), 2 survivors (2048K)
 Metaspace       used 8043K, committed 8256K, reserved 1064960K
  class space    used 960K, committed 1088K, reserved 1048576K
}
Event: 1.391 GC heap after
{Heap after GC invocations=2 (full 0):
 garbage-first heap   total 129024K, used 5437K [0x0000000082c00000, 0x0000000100000000)
  region size 1024K, 3 young (3072K), 3 survivors (3072K)
 Metaspace       used 8043K, committed 8256K, reserved 1064960K
  class space    used 960K, committed 1088K, reserved 1048576K
}
Event: 76.443 GC heap before
{Heap before GC invocations=2 (full 0):
 garbage-first heap   total 129024K, used 68925K [0x0000000082c00000, 0x0000000100000000)
  region size 1024K, 61 young (62464K), 3 survivors (3072K)
 Metaspace       used 21000K, committed 21312K, reserved 1073152K
  class space    used 2814K, committed 2944K, reserved 1048576K
}
Event: 76.466 GC heap after
{Heap after GC invocations=3 (full 0):
 garbage-first heap   total 129024K, used 17646K [0x0000000082c00000, 0x0000000100000000)
  region size 1024K, 10 young (10240K), 10 survivors (10240K)
 Metaspace       used 21000K, committed 21312K, reserved 1073152K
  class space    used 2814K, committed 2944K, reserved 1048576K
}

Deoptimization events (20 events):
Event: 76.476 Thread 0x00000207c78bff30 DEOPT PACKING pc=0x00000207b1229071 sp=0x000000ccc66fd5f0
Event: 76.476 Thread 0x00000207c78bff30 DEOPT UNPACKING pc=0x00000207b057deaf sp=0x000000ccc66fca08 mode 0
Event: 162.316 Thread 0x00000207c7ad6be0 Uncommon trap: trap_request=0xffffff45 fr.pc=0x00000207b8128090 relative=0x0000000000000430
Event: 162.316 Thread 0x00000207c7ad6be0 Uncommon trap: reason=unstable_if action=reinterpret pc=0x00000207b8128090 method=java.util.WeakHashMap.expungeStaleEntries()V @ 9 c2
Event: 162.316 Thread 0x00000207c7ad6be0 DEOPT PACKING pc=0x00000207b8128090 sp=0x000000ccc68f5350
Event: 162.316 Thread 0x00000207c7ad6be0 DEOPT UNPACKING pc=0x00000207b057d728 sp=0x000000ccc68f5218 mode 2
Event: 206.175 Thread 0x00000207c7ad6be0 Uncommon trap: trap_request=0xffffff45 fr.pc=0x00000207b81e09d0 relative=0x0000000000000490
Event: 206.175 Thread 0x00000207c7ad6be0 Uncommon trap: reason=unstable_if action=reinterpret pc=0x00000207b81e09d0 method=javafx.scene.Scene.addToDirtyList(Ljavafx/scene/Node;)V @ 43 c2
Event: 206.175 Thread 0x00000207c7ad6be0 DEOPT PACKING pc=0x00000207b81e09d0 sp=0x000000ccc68f61a0
Event: 206.175 Thread 0x00000207c7ad6be0 DEOPT UNPACKING pc=0x00000207b057d728 sp=0x000000ccc68f5f48 mode 2
Event: 214.558 Thread 0x00000207c7ad6be0 Uncommon trap: trap_request=0xffffff45 fr.pc=0x00000207b81e16a4 relative=0x0000000000000464
Event: 214.558 Thread 0x00000207c7ad6be0 Uncommon trap: reason=unstable_if action=reinterpret pc=0x00000207b81e16a4 method=javafx.scene.Scene.addToDirtyList(Ljavafx/scene/Node;)V @ 43 c2
Event: 214.558 Thread 0x00000207c7ad6be0 DEOPT PACKING pc=0x00000207b81e16a4 sp=0x000000ccc68f5680
Event: 214.558 Thread 0x00000207c7ad6be0 DEOPT UNPACKING pc=0x00000207b057d728 sp=0x000000ccc68f5570 mode 2
Event: 309.669 Thread 0x00000207c7ad6be0 DEOPT PACKING pc=0x00000207b0fecf56 sp=0x000000ccc68f5ec0
Event: 309.669 Thread 0x00000207c7ad6be0 DEOPT UNPACKING pc=0x00000207b057deaf sp=0x000000ccc68f5360 mode 0
Event: 309.695 Thread 0x00000207c7ad6be0 Uncommon trap: trap_request=0xffffff45 fr.pc=0x00000207b806e310 relative=0x0000000000000370
Event: 309.695 Thread 0x00000207c7ad6be0 Uncommon trap: reason=unstable_if action=reinterpret pc=0x00000207b806e310 method=java.lang.StringLatin1.canEncode(I)Z @ 4 c2
Event: 309.695 Thread 0x00000207c7ad6be0 DEOPT PACKING pc=0x00000207b806e310 sp=0x000000ccc68f62f0
Event: 309.695 Thread 0x00000207c7ad6be0 DEOPT UNPACKING pc=0x00000207b057d728 sp=0x000000ccc68f6270 mode 2

Classes unloaded (0 events):
No events

Classes redefined (0 events):
No events

Internal exceptions (20 events):
Event: 1.724 Thread 0x00000207c7ad6be0 Implicit null exception at 0x00000207b805bd91 to 0x00000207b805bf70
Event: 1.977 Thread 0x00000207c7ad6be0 Exception <a 'java/lang/ClassNotFoundException'{0x0000000089d0e638}: com/sun/javafx/scene/control/skin/resources/controls> (0x0000000089d0e638) 
thrown [t:\workspace\open\src\hotspot\share\prims\jni.cpp, line 600]
Event: 1.978 Thread 0x00000207c7ad6be0 Exception <a 'java/lang/ClassNotFoundException'{0x0000000089d1c138}: com/sun/javafx/scene/control/skin/resources/controls_ru> (0x0000000089d1c138) 
thrown [t:\workspace\open\src\hotspot\share\prims\jni.cpp, line 600]
Event: 1.979 Thread 0x00000207c7ad6be0 Exception <a 'java/lang/ClassNotFoundException'{0x0000000089d1d728}: com/sun/javafx/scene/control/skin/resources/controls_ru_RU> (0x0000000089d1d728) 
thrown [t:\workspace\open\src\hotspot\share\prims\jni.cpp, line 600]
Event: 2.056 Thread 0x00000207c7ad6be0 Exception <a 'java/lang/NoSuchMethodError'{0x0000000089cdf6d8}: 'void java.lang.invoke.DirectMethodHandle$Holder.invokeSpecial(java.lang.Object, java.lang.Object, java.lang.Object, java.lang.Object, java.lang.Object, java.lang.Object)'> (0x0000000089cdf6d8) 
thrown [t:\workspace\open\src\hotspot\share\interpreter\linkResolver.cpp, line 790]
Event: 2.123 Thread 0x00000207c7ad6be0 Exception <a 'java/lang/NoSuchMethodError'{0x00000000899c7f58}: 'java.lang.Object java.lang.invoke.DirectMethodHandle$Holder.invokeInterface(java.lang.Object, java.lang.Object, java.lang.Object)'> (0x00000000899c7f58) 
thrown [t:\workspace\open\src\hotspot\share\interpreter\linkResolver.cpp, line 790]
Event: 2.123 Thread 0x00000207c7ad6be0 Exception <a 'java/lang/IncompatibleClassChangeError'{0x00000000899cbad8}: Found class java.lang.Object, but interface was expected> (0x00000000899cbad8) 
thrown [t:\workspace\open\src\hotspot\share\interpreter\linkResolver.cpp, line 857]
Event: 2.231 Thread 0x00000207c7ad6be0 Exception <a 'java/lang/NoSuchMethodError'{0x00000000894a6240}: 'java.lang.Object java.lang.invoke.DirectMethodHandle$Holder.newInvokeSpecial(java.lang.Object, java.lang.Object, int)'> (0x00000000894a6240) 
thrown [t:\workspace\open\src\hotspot\share\interpreter\linkResolver.cpp, line 790]
Event: 2.271 Thread 0x00000207c78bff30 Exception <a 'java/lang/NoSuchMethodError'{0x00000000893923b0}: 'int java.lang.invoke.DirectMethodHandle$Holder.invokeStaticInit(java.lang.Object, java.lang.Object)'> (0x00000000893923b0) 
thrown [t:\workspace\open\src\hotspot\share\interpreter\linkResolver.cpp, line 790]
Event: 2.272 Thread 0x00000207c7ad6be0 Exception <a 'java/lang/NoSuchMethodError'{0x00000000894fb718}: 'long java.lang.invoke.DirectMethodHandle$Holder.invokeStatic(java.lang.Object, java.lang.Object, java.lang.Object)'> (0x00000000894fb718) 
thrown [t:\workspace\open\src\hotspot\share\interpreter\linkResolver.cpp, line 790]
Event: 2.272 Thread 0x00000207c7ad6be0 Exception <a 'java/lang/NoSuchMethodError'{0x00000000894ff0c8}: 'long java.lang.invoke.DirectMethodHandle$Holder.invokeStaticInit(java.lang.Object, java.lang.Object, java.lang.Object)'> (0x00000000894ff0c8) 
thrown [t:\workspace\open\src\hotspot\share\interpreter\linkResolver.cpp, line 790]
Event: 2.277 Thread 0x00000207c7ad6be0 Exception <a 'java/lang/NoSuchMethodError'{0x000000008920ff38}: 'java.lang.Object java.lang.invoke.DirectMethodHandle$Holder.newInvokeSpecial(java.lang.Object, java.lang.Object, long)'> (0x000000008920ff38) 
thrown [t:\workspace\open\src\hotspot\share\interpreter\linkResolver.cpp, line 790]
Event: 2.278 Thread 0x00000207c7ad6be0 Exception <a 'java/lang/NoSuchMethodError'{0x0000000089213ca8}: 'java.lang.Object java.lang.invoke.Invokers$Holder.linkToTargetMethod(java.lang.Object, long, java.lang.Object)'> (0x0000000089213ca8) 
thrown [t:\workspace\open\src\hotspot\share\interpreter\linkResolver.cpp, line 790]
Event: 16.360 Thread 0x00000207c7ad6be0 Exception <a 'java/lang/NoSuchMethodError'{0x0000000088dc8690}: 'java.lang.Object java.lang.invoke.DirectMethodHandle$Holder.invokeInterface(java.lang.Object, java.lang.Object)'> (0x0000000088dc8690) 
thrown [t:\workspace\open\src\hotspot\share\interpreter\linkResolver.cpp, line 790]
Event: 16.362 Thread 0x00000207c7ad6be0 Exception <a 'java/lang/NoSuchMethodError'{0x0000000088dd1018}: 'java.lang.Object java.lang.invoke.DirectMethodHandle$Holder.invokeStaticInit(java.lang.Object, java.lang.Object, java.lang.Object)'> (0x0000000088dd1018) 
thrown [t:\workspace\open\src\hotspot\share\interpreter\linkResolver.cpp, line 790]
Event: 16.368 Thread 0x00000207c7ad6be0 Exception <a 'java/lang/NoSuchMethodError'{0x0000000088df18e8}: 'int java.lang.invoke.DirectMethodHandle$Holder.invokeSpecial(java.lang.Object, java.lang.Object, java.lang.Object)'> (0x0000000088df18e8) 
thrown [t:\workspace\open\src\hotspot\share\interpreter\linkResolver.cpp, line 790]
Event: 66.631 Thread 0x00000207c78bff30 Exception <a 'java/lang/NoSuchMethodError'{0x00000000886fc5b8}: 'java.lang.Object java.lang.invoke.DirectMethodHandle$Holder.invokeStaticInit(java.lang.Object, int)'> (0x00000000886fc5b8) 
thrown [t:\workspace\open\src\hotspot\share\interpreter\linkResolver.cpp, line 790]
Event: 68.503 Thread 0x00000207c7ad6be0 Exception <a 'java/lang/NoSuchMethodError'{0x0000000087c7fd70}: 'void java.lang.invoke.DirectMethodHandle$Holder.invokeSpecialIFC(java.lang.Object, java.lang.Object, java.lang.Object, java.lang.Object)'> (0x0000000087c7fd70) 
thrown [t:\workspace\open\src\hotspot\share\interpreter\linkResolver.cpp, line 790]
Event: 72.203 Thread 0x00000207c7ad6be0 Implicit null exception at 0x00000207b815e65b to 0x00000207b8161a04
Event: 309.941 Thread 0x00000207c7ad6be0 Exception <a 'java/lang/NullPointerException'{0x0000000085c67180}> (0x0000000085c67180) 
thrown [t:\workspace\open\src\hotspot\share\interpreter\linkResolver.cpp, line 1385]

Events (20 events):
Event: 309.692 loading class java/util/ResourceBundle$Control$1
Event: 309.692 loading class java/util/ResourceBundle$Control$1 done
Event: 309.694 loading class java/text/MessageFormat
Event: 309.695 loading class java/text/MessageFormat done
Event: 309.697 loading class java/lang/Throwable$WrappedPrintStream
Event: 309.697 loading class java/lang/Throwable$PrintStreamOrWriter
Event: 309.697 loading class java/lang/Throwable$PrintStreamOrWriter done
Event: 309.697 loading class java/lang/Throwable$WrappedPrintStream done
Event: 309.858 loading class java/text/MessageFormat$Field
Event: 309.858 loading class java/text/MessageFormat$Field done
Event: 310.630 Executing  VM operation: Cleanup
Event: 310.630 Executing  VM operation: Cleanup done
Event: 370.082 loading class jdk/internal/misc/Signal$1
Event: 370.082 loading class jdk/internal/misc/Signal$1 done
Event: 370.082 Thread 0x00000207c7f33080 Thread added: 0x00000207c7f33080
Event: 370.083 Thread 0x00000207c7f345c0 Thread added: 0x00000207c7f345c0
Event: 370.083 Thread 0x00000207c7f310a0 Thread added: 0x00000207c7f310a0
Event: 370.084 Thread 0x00000207c7f310a0 Thread exited: 0x00000207c7f310a0
Event: 370.086 Thread 0x00000207c7f345c0 Thread exited: 0x00000207c7f345c0
Event: 370.086 Executing  VM operation: Exit


Dynamic libraries:
0x00007ff7cecd0000 - 0x00007ff7cece0000 	C:\Program Files\Java\jdk-16.0.2\bin\java.exe
0x00007ff8a81b0000 - 0x00007ff8a83a5000 	C:\Windows\SYSTEM32\ntdll.dll
0x00007ff8a7b10000 - 0x00007ff8a7bce000 	C:\Windows\System32\KERNEL32.DLL
0x00007ff8a5a00000 - 0x00007ff8a5cc8000 	C:\Windows\System32\KERNELBASE.dll
0x00007ff8a6070000 - 0x00007ff8a6170000 	C:\Windows\System32\ucrtbase.dll
0x00007ff8a2a00000 - 0x00007ff8a2a18000 	C:\Program Files\Java\jdk-16.0.2\bin\jli.dll
0x00007ff8a29d0000 - 0x00007ff8a29e9000 	C:\Program Files\Java\jdk-16.0.2\bin\VCRUNTIME140.dll
0x00007ff8a7820000 - 0x00007ff8a78ce000 	C:\Windows\System32\ADVAPI32.dll
0x00007ff8a6200000 - 0x00007ff8a629e000 	C:\Windows\System32\msvcrt.dll
0x00007ff8a7050000 - 0x00007ff8a70ec000 	C:\Windows\System32\sechost.dll
0x00007ff8a78d0000 - 0x00007ff8a79f5000 	C:\Windows\System32\RPCRT4.dll
0x00007ff8a63d0000 - 0x00007ff8a6570000 	C:\Windows\System32\USER32.dll
0x00007ff8a5ed0000 - 0x00007ff8a5ef2000 	C:\Windows\System32\win32u.dll
0x00007ff8a7c60000 - 0x00007ff8a7c8b000 	C:\Windows\System32\GDI32.dll
0x00007ff8a58f0000 - 0x00007ff8a59fd000 	C:\Windows\System32\gdi32full.dll
0x00007ff8a5e30000 - 0x00007ff8a5ecd000 	C:\Windows\System32\msvcp_win.dll
0x00007ff8913d0000 - 0x00007ff89166a000 	C:\Windows\WinSxS\amd64_microsoft.windows.common-controls_6595b64144ccf1df_6.0.19041.1110_none_60b5254171f9507e\COMCTL32.dll
0x00007ff89f580000 - 0x00007ff89f58a000 	C:\Windows\SYSTEM32\VERSION.dll
0x00007ff8a77f0000 - 0x00007ff8a7820000 	C:\Windows\System32\IMM32.DLL
0x00007ff8a29c0000 - 0x00007ff8a29cc000 	C:\Program Files\Java\jdk-16.0.2\bin\vcruntime140_1.dll
0x00007ff8872e0000 - 0x00007ff887371000 	C:\Program Files\Java\jdk-16.0.2\bin\msvcp140.dll
0x00007ff869e30000 - 0x00007ff86a9db000 	C:\Program Files\Java\jdk-16.0.2\bin\server\jvm.dll
0x00007ff8a71d0000 - 0x00007ff8a71d8000 	C:\Windows\System32\PSAPI.DLL
0x00007ff890220000 - 0x00007ff890229000 	C:\Windows\SYSTEM32\WSOCK32.dll
0x00007ff884c60000 - 0x00007ff884c87000 	C:\Windows\SYSTEM32\WINMM.dll
0x00007ff8a8100000 - 0x00007ff8a816b000 	C:\Windows\System32\WS2_32.dll
0x00007ff8a3990000 - 0x00007ff8a39a2000 	C:\Windows\SYSTEM32\kernel.appcore.dll
0x00007ff8a29b0000 - 0x00007ff8a29ba000 	C:\Program Files\Java\jdk-16.0.2\bin\jimage.dll
0x00007ff8a36b0000 - 0x00007ff8a3894000 	C:\Windows\SYSTEM32\DBGHELP.DLL
0x00007ff892630000 - 0x00007ff89265c000 	C:\Windows\SYSTEM32\dbgcore.DLL
0x00007ff8a6170000 - 0x00007ff8a61f2000 	C:\Windows\System32\bcryptPrimitives.dll
0x00007ff8a2990000 - 0x00007ff8a299e000 	C:\Program Files\Java\jdk-16.0.2\bin\instrument.dll
0x00007ff8a0d10000 - 0x00007ff8a0d35000 	C:\Program Files\Java\jdk-16.0.2\bin\java.dll
0x00007ff8a6750000 - 0x00007ff8a6e94000 	C:\Windows\System32\SHELL32.dll
0x00007ff8a39b0000 - 0x00007ff8a4144000 	C:\Windows\SYSTEM32\windows.storage.dll
0x00007ff8a7da0000 - 0x00007ff8a80f5000 	C:\Windows\System32\combase.dll
0x00007ff8a5240000 - 0x00007ff8a526e000 	C:\Windows\SYSTEM32\Wldp.dll
0x00007ff8a6570000 - 0x00007ff8a661d000 	C:\Windows\System32\SHCORE.dll
0x00007ff8a66f0000 - 0x00007ff8a6745000 	C:\Windows\System32\shlwapi.dll
0x00007ff8a5800000 - 0x00007ff8a581f000 	C:\Windows\SYSTEM32\profapi.dll
0x00007ff89fc00000 - 0x00007ff89fc19000 	C:\Program Files\Java\jdk-16.0.2\bin\net.dll
0x00007ff89c1f0000 - 0x00007ff89c2fc000 	C:\Windows\SYSTEM32\WINHTTP.dll
0x00007ff8a4fa0000 - 0x00007ff8a500a000 	C:\Windows\system32\mswsock.dll
0x00007ff89f2b0000 - 0x00007ff89f2c3000 	C:\Program Files\Java\jdk-16.0.2\bin\nio.dll
0x00007ff89ed10000 - 0x00007ff89ed28000 	C:\Program Files\Java\jdk-16.0.2\bin\zip.dll
0x00007ff89ecf0000 - 0x00007ff89ed0a000 	C:\Program Files\JetBrains\IntelliJ IDEA 2021.2.1\bin\breakgen64.dll
0x00000207a6cb0000 - 0x00000207a6cb3000 	C:\javafx-sdk-11.0.2\bin\api-ms-win-core-console-l1-1-0.dll
0x00000207a6f50000 - 0x00000207a6f53000 	C:\javafx-sdk-11.0.2\bin\api-ms-win-core-datetime-l1-1-0.dll
0x00000207a6f60000 - 0x00000207a6f63000 	C:\javafx-sdk-11.0.2\bin\api-ms-win-core-debug-l1-1-0.dll
0x00000207a8d10000 - 0x00000207a8d13000 	C:\javafx-sdk-11.0.2\bin\api-ms-win-core-errorhandling-l1-1-0.dll
0x00000207a8d20000 - 0x00000207a8d24000 	C:\javafx-sdk-11.0.2\bin\api-ms-win-core-file-l1-1-0.dll
0x00000207a8d30000 - 0x00000207a8d33000 	C:\javafx-sdk-11.0.2\bin\api-ms-win-core-file-l1-2-0.dll
0x00000207a8d40000 - 0x00000207a8d43000 	C:\javafx-sdk-11.0.2\bin\api-ms-win-core-file-l2-1-0.dll
0x00000207a8d50000 - 0x00000207a8d53000 	C:\javafx-sdk-11.0.2\bin\api-ms-win-core-handle-l1-1-0.dll
0x00000207a8d60000 - 0x00000207a8d63000 	C:\javafx-sdk-11.0.2\bin\api-ms-win-core-heap-l1-1-0.dll
0x00000207a8d70000 - 0x00000207a8d73000 	C:\javafx-sdk-11.0.2\bin\api-ms-win-core-interlocked-l1-1-0.dll
0x00000207a8d80000 - 0x00000207a8d83000 	C:\javafx-sdk-11.0.2\bin\api-ms-win-core-libraryloader-l1-1-0.dll
0x00000207c6710000 - 0x00000207c6713000 	C:\javafx-sdk-11.0.2\bin\api-ms-win-core-localization-l1-2-0.dll
0x00000207c6720000 - 0x00000207c6723000 	C:\javafx-sdk-11.0.2\bin\api-ms-win-core-memory-l1-1-0.dll
0x00000207c65e0000 - 0x00000207c65e3000 	C:\javafx-sdk-11.0.2\bin\api-ms-win-core-namedpipe-l1-1-0.dll
0x00000207c65f0000 - 0x00000207c65f3000 	C:\javafx-sdk-11.0.2\bin\api-ms-win-core-processenvironment-l1-1-0.dll
0x00000207c6600000 - 0x00000207c6603000 	C:\javafx-sdk-11.0.2\bin\api-ms-win-core-processthreads-l1-1-0.dll
0x00000207c6610000 - 0x00000207c6613000 	C:\javafx-sdk-11.0.2\bin\api-ms-win-core-processthreads-l1-1-1.dll
0x00000207c6620000 - 0x00000207c6623000 	C:\javafx-sdk-11.0.2\bin\api-ms-win-core-profile-l1-1-0.dll
0x00000207c6630000 - 0x00000207c6633000 	C:\javafx-sdk-11.0.2\bin\api-ms-win-core-rtlsupport-l1-1-0.dll
0x00000207c6640000 - 0x00000207c6643000 	C:\javafx-sdk-11.0.2\bin\api-ms-win-core-string-l1-1-0.dll
0x00000207c6650000 - 0x00000207c6653000 	C:\javafx-sdk-11.0.2\bin\api-ms-win-core-synch-l1-1-0.dll
0x00000207c6660000 - 0x00000207c6663000 	C:\javafx-sdk-11.0.2\bin\api-ms-win-core-synch-l1-2-0.dll
0x00000207c6670000 - 0x00000207c6673000 	C:\javafx-sdk-11.0.2\bin\api-ms-win-core-sysinfo-l1-1-0.dll
0x00000207c6680000 - 0x00000207c6683000 	C:\javafx-sdk-11.0.2\bin\api-ms-win-core-timezone-l1-1-0.dll
0x00000207c6690000 - 0x00000207c6693000 	C:\javafx-sdk-11.0.2\bin\api-ms-win-core-util-l1-1-0.dll
0x00000207c66a0000 - 0x00000207c66a3000 	C:\javafx-sdk-11.0.2\bin\api-ms-win-crt-conio-l1-1-0.dll
0x00000207c66b0000 - 0x00000207c66b4000 	C:\javafx-sdk-11.0.2\bin\api-ms-win-crt-convert-l1-1-0.dll
0x00000207c66c0000 - 0x00000207c66c3000 	C:\javafx-sdk-11.0.2\bin\api-ms-win-crt-environment-l1-1-0.dll
0x00000207c66d0000 - 0x00000207c66d3000 	C:\javafx-sdk-11.0.2\bin\api-ms-win-crt-filesystem-l1-1-0.dll
0x00000207c66e0000 - 0x00000207c66e3000 	C:\javafx-sdk-11.0.2\bin\api-ms-win-crt-heap-l1-1-0.dll
0x00000207c66f0000 - 0x00000207c66f3000 	C:\javafx-sdk-11.0.2\bin\api-ms-win-crt-locale-l1-1-0.dll
0x00000207c6700000 - 0x00000207c6705000 	C:\javafx-sdk-11.0.2\bin\api-ms-win-crt-math-l1-1-0.dll
0x00000207c6730000 - 0x00000207c6735000 	C:\javafx-sdk-11.0.2\bin\api-ms-win-crt-multibyte-l1-1-0.dll
0x00000207c6740000 - 0x00000207c6750000 	C:\javafx-sdk-11.0.2\bin\api-ms-win-crt-private-l1-1-0.dll
0x00000207c6750000 - 0x00000207c6753000 	C:\javafx-sdk-11.0.2\bin\api-ms-win-crt-process-l1-1-0.dll
0x00000207c6760000 - 0x00000207c6764000 	C:\javafx-sdk-11.0.2\bin\api-ms-win-crt-runtime-l1-1-0.dll
0x00000207c6770000 - 0x00000207c6774000 	C:\javafx-sdk-11.0.2\bin\api-ms-win-crt-stdio-l1-1-0.dll
0x00000207c6780000 - 0x00000207c6784000 	C:\javafx-sdk-11.0.2\bin\api-ms-win-crt-string-l1-1-0.dll
0x00000207c6790000 - 0x00000207c6793000 	C:\javafx-sdk-11.0.2\bin\api-ms-win-crt-time-l1-1-0.dll
0x00000207c67a0000 - 0x00000207c67a3000 	C:\javafx-sdk-11.0.2\bin\api-ms-win-crt-utility-l1-1-0.dll
0x00007ff8871e0000 - 0x00007ff8872da000 	C:\javafx-sdk-11.0.2\bin\ucrtbase.dll
0x00007ff89ecd0000 - 0x00007ff89ece6000 	C:\javafx-sdk-11.0.2\bin\vcruntime140.dll
0x00007ff879d20000 - 0x00007ff879dc6000 	C:\javafx-sdk-11.0.2\bin\msvcp140.dll
0x00007ff885d50000 - 0x00007ff885da1000 	C:\javafx-sdk-11.0.2\bin\concrt140.dll
0x00007ff89eca0000 - 0x00007ff89ecc3000 	C:\javafx-sdk-11.0.2\bin\prism_d3d.dll
0x00007ff869940000 - 0x00007ff869b10000 	C:\Windows\system32\d3d9.dll
0x00007ff8a3120000 - 0x00007ff8a314f000 	C:\Windows\SYSTEM32\dwmapi.dll
0x00007ff8a2f10000 - 0x00007ff8a2fae000 	C:\Windows\system32\uxtheme.dll
0x00007ff8a58c0000 - 0x00007ff8a58e7000 	C:\Windows\System32\bcrypt.dll
0x00007ff8a62a0000 - 0x00007ff8a63ca000 	C:\Windows\System32\ole32.dll
0x00007ff8a6620000 - 0x00007ff8a66ed000 	C:\Windows\System32\OLEAUT32.dll
0x00007ff8a5f70000 - 0x00007ff8a5fbe000 	C:\Windows\System32\cfgmgr32.dll
0x00007ff885c20000 - 0x00007ff885c65000 	C:\javafx-sdk-11.0.2\bin\glass.dll
0x00007ff8a70f0000 - 0x00007ff8a71ca000 	C:\Windows\System32\COMDLG32.dll
0x00007ff8a71e0000 - 0x00007ff8a72f6000 	C:\Windows\System32\MSCTF.dll
0x00007ff89b490000 - 0x00007ff89b4cb000 	C:\Windows\SYSTEM32\dxcore.dll
0x00007ff890e90000 - 0x00007ff890ea4000 	C:\javafx-sdk-11.0.2\bin\javafx_font.dll
0x00007ff893a20000 - 0x00007ff893ca3000 	C:\Windows\SYSTEM32\dwrite.dll
0x00007ff8a7cf0000 - 0x00007ff8a7d99000 	C:\Windows\System32\clbcatq.dll
0x00007ff89cad0000 - 0x00007ff89cc84000 	C:\Windows\SYSTEM32\WindowsCodecs.dll
0x00007ff87d560000 - 0x00007ff87d59e000 	C:\Windows\system32\dataexchange.dll
0x00007ff8a1e30000 - 0x00007ff8a2015000 	C:\Windows\system32\dcomp.dll
0x00007ff8a0f00000 - 0x00007ff8a1164000 	C:\Windows\system32\d3d11.dll
0x00007ff8a42d0000 - 0x00007ff8a43c4000 	C:\Windows\system32\dxgi.dll
0x00007ff89d220000 - 0x00007ff89d421000 	C:\Windows\system32\twinapi.appcore.dll
0x00007ff8866a0000 - 0x00007ff8866d4000 	C:\Program Files\Common Files\Microsoft Shared\Ink\rtscom.dll
0x00007ff89a660000 - 0x00007ff89a759000 	C:\Windows\SYSTEM32\textinputframework.dll
0x00007ff8a23a0000 - 0x00007ff8a26fe000 	C:\Windows\System32\CoreUIComponents.dll
0x00007ff8a2700000 - 0x00007ff8a27f2000 	C:\Windows\System32\CoreMessaging.dll
0x00007ff8a45b0000 - 0x00007ff8a45e3000 	C:\Windows\SYSTEM32\ntmarta.dll
0x00007ff8a1cd0000 - 0x00007ff8a1e24000 	C:\Windows\SYSTEM32\wintypes.dll
0x00007ff8a0ce0000 - 0x00007ff8a0ce9000 	C:\Program Files\Java\jdk-16.0.2\bin\management.dll
0x00007ff8a06a0000 - 0x00007ff8a06ab000 	C:\Program Files\Java\jdk-16.0.2\bin\management_ext.dll

dbghelp: loaded successfully - version: 4.0.5 - missing functions: none
symbol engine: initialized successfully - sym options: 0x614 - pdb path: .;C:\Program Files\Java\jdk-16.0.2\bin;C:\Windows\SYSTEM32;C:\Windows\WinSxS\amd64_microsoft.windows.common-controls_6595b64144ccf1df_6.0.19041.1110_none_60b5254171f9507e;C:\Program Files\Java\jdk-16.0.2\bin\server;C:\Program Files\JetBrains\IntelliJ IDEA 2021.2.1\bin;C:\javafx-sdk-11.0.2\bin;C:\Windows\System32\DriverStore\FileRepository\iigd_dch.inf_amd64_e9b40d45ab4dc6b8;C:\Program Files\Common Files\Microsoft Shared\Ink

VM Arguments:
jvm_args: --module-path=C:/javafx-sdk-11.0.2/lib --add-modules=javafx.controls,javafx.fxml -javaagent:C:\Program Files\JetBrains\IntelliJ IDEA 2021.2.1\lib\idea_rt.jar=58383:C:\Program Files\JetBrains\IntelliJ IDEA 2021.2.1\bin -Dfile.encoding=UTF-8 
java_command: forms.Main
java_class_path (initial): C:\java\Polyclinic\out\production\Polyclinic;C:\javafx-sdk-11.0.2\lib\src.zip;C:\javafx-sdk-11.0.2\lib\javafx-swt.jar;C:\javafx-sdk-11.0.2\lib\javafx.web.jar;C:\javafx-sdk-11.0.2\lib\javafx.base.jar;C:\javafx-sdk-11.0.2\lib\javafx.fxml.jar;C:\javafx-sdk-11.0.2\lib\javafx.media.jar;C:\javafx-sdk-11.0.2\lib\javafx.swing.jar;C:\javafx-sdk-11.0.2\lib\javafx.controls.jar;C:\javafx-sdk-11.0.2\lib\javafx.graphics.jar;C:\java\Polyclinic\src\resources\postgresql-42.3.1 (1).jar
Launcher Type: SUN_STANDARD

[Global flags]
     intx CICompilerCount                          = 3                                         {product} {ergonomic}
     uint ConcGCThreads                            = 1                                         {product} {ergonomic}
     uint G1ConcRefinementThreads                  = 4                                         {product} {ergonomic}
   size_t G1HeapRegionSize                         = 1048576                                   {product} {ergonomic}
    uintx GCDrainStackTargetSize                   = 64                                        {product} {ergonomic}
   size_t InitialHeapSize                          = 132120576                                 {product} {ergonomic}
   size_t MarkStackSize                            = 4194304                                   {product} {ergonomic}
   size_t MaxHeapSize                              = 2101346304                                {product} {ergonomic}
   size_t MaxNewSize                               = 1260388352                                {product} {ergonomic}
   size_t MinHeapDeltaBytes                        = 1048576                                   {product} {ergonomic}
   size_t MinHeapSize                              = 8388608                                   {product} {ergonomic}
    uintx NonNMethodCodeHeapSize                   = 5832780                                {pd product} {ergonomic}
    uintx NonProfiledCodeHeapSize                  = 122912730                              {pd product} {ergonomic}
    uintx ProfiledCodeHeapSize                     = 122912730                              {pd product} {ergonomic}
    uintx ReservedCodeCacheSize                    = 251658240                              {pd product} {ergonomic}
     bool SegmentedCodeCache                       = true                                      {product} {ergonomic}
   size_t SoftMaxHeapSize                          = 2101346304                             {manageable} {ergonomic}
     bool UseCompressedClassPointers               = true                           {product lp64_product} {ergonomic}
     bool UseCompressedOops                        = true                           {product lp64_product} {ergonomic}
     bool UseG1GC                                  = true                                      {product} {ergonomic}
     bool UseLargePagesIndividualAllocation        = false                                  {pd product} {ergonomic}

Logging:
Log output configuration:
 #0: stdout all=off uptime,level,tags
 #1: stderr all=off uptime,level,tags

Environment Variables:
PATH=C:\Program Files\Common Files\Oracle\Java\javapath;C:\Program Files (x86)\Common Files\Oracle\Java\javapath;C:\Windows\system32;C:\Windows;C:\Windows\System32\Wbem;C:\Windows\System32\WindowsPowerShell\v1.0\;C:\Windows\System32\OpenSSH\;C:\Program Files\dotnet\;C:\Users\Kate\AppData\Local\Microsoft\WindowsApps;;C:\Program Files\JetBrains\IntelliJ IDEA 2021.2.1\bin;;C:\Users\Kate\.dotnet\tools
USERNAME=Kate
OS=Windows_NT
PROCESSOR_IDENTIFIER=Intel64 Family 6 Model 122 Stepping 1, GenuineIntel



---------------  S Y S T E M  ---------------

OS:
 Windows 10 , 64 bit Build 19041 (10.0.19041.1503)
OS uptime: 5 days 0:58 hours

CPU: total 4 (initial active 4) (4 cores per cpu, 1 threads per core) family 6 model 122 stepping 1 microcode 0x2e, cx8, cmov, fxsr, mmx, 3dnowpref, sse, sse2, sse3, ssse3, sse4.1, sse4.2, popcnt, tsc, tscinvbit, aes, erms, clmul, sha, clflush, clflushopt

Memory: 4k page, system-wide physical 8014M (2667M free)
TotalPageFile size 10958M (AvailPageFile size 3346M)
current process WorkingSet (physical memory assigned to process): 150M, peak: 234M
current process commit charge ("private bytes"): 218M, peak: 329M

vm_info: Java HotSpot(TM) 64-Bit Server VM (16.0.2+7-67) for windows-amd64 JRE (16.0.2+7-67), built on Jun  8 2021 23:24:19 by "mach5one" with MS VC++ 16.7 (VS2019)

END.
