#
# A fatal error has been detected by the Java Runtime Environment:
#
#  EXCEPTION_ACCESS_VIOLATION (0xc0000005) at pc=0x00007ffe23a56ab7, pid=13144, tid=17004
#
# JRE version: Java(TM) SE Runtime Environment (16.0.2+7) (build 16.0.2+7-67)
# Java VM: Java HotSpot(TM) 64-Bit Server VM (16.0.2+7-67, mixed mode, sharing, tiered, compressed oops, compressed class ptrs, g1 gc, windows-amd64)
# Problematic frame:
# C  [glass.dll+0x26ab7]
#
# No core dump will be written. Minidumps are not enabled by default on client versions of Windows
#
# If you would like to submit a bug report, please visit:
#   https://bugreport.java.com/bugreport/crash.jsp
#

---------------  S U M M A R Y ------------

Command Line: --module-path=C:/javafx-sdk-17.0.2/lib --add-modules=javafx.controls,javafx.fxml -javaagent:C:\Program Files\JetBrains\IntelliJ IDEA 2021.3.3\lib\idea_rt.jar=64144:C:\Program Files\JetBrains\IntelliJ IDEA 2021.3.3\bin -Dfile.encoding=UTF-8 forms.Main

Host: Intel(R) Pentium(R) Silver N5000 CPU @ 1.10GHz, 4 cores, 7G,  Windows 10 , 64 bit Build 19041 (10.0.19041.1566)
Time: Mon Apr  4 15:54:18 2022 RTZ 2 (s 10 , 64 bit Build 19041 (10.0.19041.1566) elapsed time: 91.411048 seconds (0d 0h 1m 31s)

---------------  T H R E A D  ---------------

Current thread (0x00000215fc785090):  VMThread "VM Thread" [stack: 0x0000002076600000,0x0000002076700000] [id=17004]

Stack: [0x0000002076600000,0x0000002076700000],  sp=0x00000020766fe990,  free space=1018k
Native frames: (J=compiled Java code, j=interpreted, Vv=VM code, C=native code)
C  [glass.dll+0x26ab7]


siginfo: EXCEPTION_ACCESS_VIOLATION (0xc0000005), reading address 0x0000000000000000


Register to memory mapping:

RIP=0x00007ffe23a56ab7 glass.dll
RAX=0x0 is NULL
RBX=0x00000215fc7956d8 is a global jni handle
RCX=0x00000215fc785090 points into unknown readable memory: 0x00007ffe05cef638 | 38 f6 ce 05 fe 7f 00 00
RDX=0x00000020766fe990 points into unknown readable memory: 0x0000000000000000 | 00 00 00 00 00 00 00 00
RSP=0x00000020766fe990 points into unknown readable memory: 0x0000000000000000 | 00 00 00 00 00 00 00 00
RBP=0x00000215fe9964c8 points into unknown readable memory: 0x00004ca8e1757e83 | 83 7e 75 e1 a8 4c 00 00
RSI=0x00000215fe9964a0 points into unknown readable memory: 0x0003b359fc5c8a63 | 63 8a 5c fc 59 b3 03 00
RDI=0x00004ca8e1757e83 is an unknown value
R8 =0x0000000000010002 is an unknown value
R9 =0x00004ca8e1757e83 is an unknown value
R10=0x0000000000008000 is an unknown value
R11=0x00000020766fe920 points into unknown readable memory: 0x0000000000000000 | 00 00 00 00 00 00 00 00
R12=0x00007ffe23a54384 glass.dll
R13=0x00000215ee171260 points into unknown readable memory: 0x8000000900000001 | 01 00 00 00 09 00 00 80
R14=0x00000020766fea88 points into unknown readable memory: 0x00000020766fea70 | 70 ea 6f 76 20 00 00 00
R15=0x00000215fe9964a0 points into unknown readable memory: 0x0003b359fc5c8a63 | 63 8a 5c fc 59 b3 03 00


Registers:
RAX=0x0000000000000000, RBX=0x00000215fc7956d8, RCX=0x00000215fc785090, RDX=0x00000020766fe990
RSP=0x00000020766fe990, RBP=0x00000215fe9964c8, RSI=0x00000215fe9964a0, RDI=0x00004ca8e1757e83
R8 =0x0000000000010002, R9 =0x00004ca8e1757e83, R10=0x0000000000008000, R11=0x00000020766fe920
R12=0x00007ffe23a54384, R13=0x00000215ee171260, R14=0x00000020766fea88, R15=0x00000215fe9964a0
RIP=0x00007ffe23a56ab7, EFLAGS=0x0000000000010206

Top of Stack: (sp=0x00000020766fe990)
0x00000020766fe990:   0000000000000000 00000215fe9964a0
0x00000020766fe9a0:   00000215ee171260 00007ffe23a54384
0x00000020766fe9b0:   00000215fe9964a8 00007ffe4ef142d6
0x00000020766fe9c0:   00004ca8e1757e83 0000021500000000
0x00000020766fe9d0:   00000215fe9964c8 00000215fe9964a0
0x00000020766fe9e0:   fffffffffffffffe 0000000000000000
0x00000020766fe9f0:   0000000000000001 00007ffe23a30000
0x00000020766fea00:   00000020766fea78 00007ffe4ef141fb
0x00000020766fea10:   0000000000000000 00000020766fea88
0x00000020766fea20:   00000020766fed50 00007ffe4eff0e40
0x00000020766fea30:   0000000000000001 00007ffe4ef141b4
0x00000020766fea40:   0000000000000000 0000000000000001
0x00000020766fea50:   00007ffe00000001 00000020766fea78
0x00000020766fea60:   0000000000000000 00007ffe23a54211
0x00000020766fea70:   00007ffe23a6a138 00007ffe00000002
0x00000020766fea80:   0000000000000002 00000020766fea70 

Instructions: (pc=0x00007ffe23a56ab7)
0x00007ffe23a569b7:   8b 4d 58 e8 01 cf ff ff 48 8b 4d 60 e8 f8 ce ff
0x00007ffe23a569c7:   ff 48 8b 95 80 00 00 00 48 8b 8d 18 01 00 00 e8
0x00007ffe23a569d7:   c6 c3 ff ff 33 d2 33 c9 e8 3c e1 ff ff 90 48 89
0x00007ffe23a569e7:   54 24 10 55 48 83 ec 20 48 8b ea 48 b8 00 00 00
0x00007ffe23a569f7:   00 00 00 00 00 48 83 c4 20 5d c3 cc 40 55 48 8b
0x00007ffe23a56a07:   ea 48 8b 01 33 c9 81 38 05 00 00 c0 0f 94 c1 8b
0x00007ffe23a56a17:   c1 5d c3 cc 40 55 48 83 ec 20 48 8b ea 8a 4d 40
0x00007ffe23a56a27:   48 83 c4 20 5d e9 f7 d2 ff ff cc 40 55 48 83 ec
0x00007ffe23a56a37:   20 48 8b ea 8a 4d 20 e8 e5 d2 ff ff 90 48 83 c4
0x00007ffe23a56a47:   20 5d c3 cc 40 55 48 83 ec 20 48 8b ea 48 83 c4
0x00007ffe23a56a57:   20 5d e9 46 d1 ff ff cc 40 55 48 83 ec 30 48 8b
0x00007ffe23a56a67:   ea 48 8b 01 8b 10 48 89 4c 24 28 89 54 24 20 4c
0x00007ffe23a56a77:   8d 0d e7 d5 ff ff 4c 8b 45 70 8b 55 68 48 8b 4d
0x00007ffe23a56a87:   60 e8 87 d0 ff ff 90 48 83 c4 30 5d c3 cc cc cc
0x00007ffe23a56a97:   cc cc cc cc cc cc cc cc cc 40 53 48 83 ec 20 48
0x00007ffe23a56aa7:   8b 1d 83 30 01 00 48 85 db 74 16 e8 09 8b ff ff
0x00007ffe23a56ab7:   4c 8b 00 48 8b d3 48 8b c8 41 ff 90 b0 00 00 00
0x00007ffe23a56ac7:   90 48 83 c4 20 5b c3 cc cc 40 53 48 83 ec 20 48
0x00007ffe23a56ad7:   8b 1d fb 31 01 00 48 85 db 74 57 b8 ff ff ff ff
0x00007ffe23a56ae7:   f0 0f c1 43 10 83 f8 01 75 3d 48 85 db 74 38 48
0x00007ffe23a56af7:   8b 0b 48 85 c9 74 0d ff 15 a4 07 00 00 48 c7 03
0x00007ffe23a56b07:   00 00 00 00 48 8b 4b 08 48 85 c9 74 0d e8 a7 cd
0x00007ffe23a56b17:   ff ff 48 c7 43 08 00 00 00 00 ba 18 00 00 00 48
0x00007ffe23a56b27:   8b cb e8 92 cd ff ff 48 c7 05 9f 31 01 00 00 00
0x00007ffe23a56b37:   00 00 48 83 c4 20 5b c3 cc 40 53 48 83 ec 20 48
0x00007ffe23a56b47:   8b 1d 6b 31 01 00 48 85 db 74 57 b8 ff ff ff ff
0x00007ffe23a56b57:   f0 0f c1 43 10 83 f8 01 75 3d 48 85 db 74 38 48
0x00007ffe23a56b67:   8b 0b 48 85 c9 74 0d ff 15 34 07 00 00 48 c7 03
0x00007ffe23a56b77:   00 00 00 00 48 8b 4b 08 48 85 c9 74 0d e8 37 cd
0x00007ffe23a56b87:   ff ff 48 c7 43 08 00 00 00 00 ba 18 00 00 00 48
0x00007ffe23a56b97:   8b cb e8 22 cd ff ff 48 c7 05 0f 31 01 00 00 00
0x00007ffe23a56ba7:   00 00 48 83 c4 20 5b c3 cc 40 53 48 83 ec 20 48 


Stack slot to memory mapping:
stack at sp + 0 slots: 0x0 is NULL
stack at sp + 1 slots: 0x00000215fe9964a0 points into unknown readable memory: 0x0003b359fc5c8a63 | 63 8a 5c fc 59 b3 03 00
stack at sp + 2 slots: 0x00000215ee171260 points into unknown readable memory: 0x8000000900000001 | 01 00 00 00 09 00 00 80
stack at sp + 3 slots: 0x00007ffe23a54384 glass.dll
stack at sp + 4 slots: 0x00000215fe9964a8 points into unknown readable memory: 0x00004ca8e1757e83 | 83 7e 75 e1 a8 4c 00 00
stack at sp + 5 slots: 0x00007ffe4ef142d6 ucrtbase.dll
stack at sp + 6 slots: 0x00004ca8e1757e83 is an unknown value
stack at sp + 7 slots: 0x0000021500000000 is an unknown value

VM_Operation (0x0000002075dff2a0): Exit, mode: safepoint, requested by thread 0x00000215fe4485a0


---------------  P R O C E S S  ---------------

Threads class SMR info:
_java_thread_list=0x00000215fdb6e990, length=22, elements={
0x00000215ee120ba0, 0x00000215fc78b890, 0x00000215fc78d600, 0x00000215fc79e740,
0x00000215fc7a1150, 0x00000215fc7a1b50, 0x00000215fc7a2550, 0x00000215fc7a4250,
0x00000215fc7a8410, 0x00000215fc7a9500, 0x00000215fc76a0b0, 0x00000215fd552f60,
0x00000215fdc8c760, 0x00000215fe02a090, 0x00000215fd483990, 0x00000215fe9c9db0,
0x00000215fdcfa8a0, 0x00000215fdcfb240, 0x00000215fe446070, 0x00000215fe4475b0,
0x00000215fe4485a0, 0x00000215fe447b00
}

Java Threads: ( => current thread )
  0x00000215ee120ba0 JavaThread "main" [_thread_blocked, id=8704, stack(0x0000002076000000,0x0000002076100000)]
  0x00000215fc78b890 JavaThread "Reference Handler" daemon [_thread_blocked, id=9324, stack(0x0000002076700000,0x0000002076800000)]
  0x00000215fc78d600 JavaThread "Finalizer" daemon [_thread_blocked, id=11524, stack(0x0000002076800000,0x0000002076900000)]
  0x00000215fc79e740 JavaThread "Signal Dispatcher" daemon [_thread_blocked, id=2696, stack(0x0000002076900000,0x0000002076a00000)]
  0x00000215fc7a1150 JavaThread "Attach Listener" daemon [_thread_blocked, id=18292, stack(0x0000002076a00000,0x0000002076b00000)]
  0x00000215fc7a1b50 JavaThread "Service Thread" daemon [_thread_blocked, id=9236, stack(0x0000002076b00000,0x0000002076c00000)]
  0x00000215fc7a2550 JavaThread "Monitor Deflation Thread" daemon [_thread_blocked, id=13432, stack(0x0000002076c00000,0x0000002076d00000)]
  0x00000215fc7a4250 JavaThread "C2 CompilerThread0" daemon [_thread_blocked, id=14108, stack(0x0000002076d00000,0x0000002076e00000)]
  0x00000215fc7a8410 JavaThread "C1 CompilerThread0" daemon [_thread_blocked, id=10608, stack(0x0000002076e00000,0x0000002076f00000)]
  0x00000215fc7a9500 JavaThread "Sweeper thread" daemon [_thread_blocked, id=12036, stack(0x0000002076f00000,0x0000002077000000)]
  0x00000215fc76a0b0 JavaThread "Common-Cleaner" daemon [_thread_blocked, id=11768, stack(0x0000002077000000,0x0000002077100000)]
  0x00000215fd552f60 JavaThread "Monitor Ctrl-Break" daemon [_thread_in_native, id=416, stack(0x0000002077200000,0x0000002077300000)]
  0x00000215fdc8c760 JavaThread "Notification Thread" daemon [_thread_blocked, id=19428, stack(0x0000002077300000,0x0000002077400000)]
  0x00000215fe02a090 JavaThread "QuantumRenderer-0" daemon [_thread_blocked, id=2224, stack(0x0000002077500000,0x0000002077600000)]
  0x00000215fd483990 JavaThread "InvokeLaterDispatcher" daemon [_thread_blocked, id=16552, stack(0x0000002077900000,0x0000002077a00000)]
  0x00000215fe9c9db0 JavaThread "JavaFX Application Thread" [_thread_in_native, id=8892, stack(0x0000002077a00000,0x0000002077b00000)]
  0x00000215fdcfa8a0 JavaThread "JavaFX-Launcher" [_thread_blocked, id=12100, stack(0x0000002077f00000,0x0000002078000000)]
  0x00000215fdcfb240 JavaThread "Thread-2" daemon [_thread_in_native, id=11552, stack(0x0000002077e00000,0x0000002077f00000)]
  0x00000215fe446070 JavaThread "Prism Font Disposer" daemon [_thread_blocked, id=18808, stack(0x0000002078300000,0x0000002078400000)]
  0x00000215fe4475b0 JavaThread "Cleaner-0" daemon [_thread_blocked, id=13208, stack(0x0000002078400000,0x0000002078500000)]
  0x00000215fe4485a0 JavaThread "SIGINT handler" daemon [_thread_blocked, id=8404, stack(0x0000002075d00000,0x0000002075e00000)]
  0x00000215fe447b00 JavaThread "Glass/Prism Shutdown Hook" [_thread_blocked, id=15212, stack(0x0000002075f00000,0x0000002076000000)]

Other Threads:
=>0x00000215fc785090 VMThread "VM Thread" [stack: 0x0000002076600000,0x0000002076700000] [id=17004]
  0x00000215ee159d70 GCTaskThread "GC Thread#0" [stack: 0x0000002076100000,0x0000002076200000] [id=20580]
  0x00000215fe9cc3e0 GCTaskThread "GC Thread#1" [stack: 0x0000002077600000,0x0000002077700000] [id=15196]
  0x00000215fe9d3d10 GCTaskThread "GC Thread#2" [stack: 0x0000002077700000,0x0000002077800000] [id=11572]
  0x00000215fe70f840 GCTaskThread "GC Thread#3" [stack: 0x0000002077800000,0x0000002077900000] [id=12756]
  0x00000215ee16a830 ConcurrentGCThread "G1 Main Marker" terminated
  0x00000215ee16b2a0 ConcurrentGCThread "G1 Conc#0" [stack: 0x0000002076300000,0x0000002076400000] [id=5204]
  0x00000215ee1e35b0 ConcurrentGCThread "G1 Refine#0" terminated
  0x0000021595636820 ConcurrentGCThread "G1 Refine#1" terminated
  0x00000215ee1e4030 ConcurrentGCThread "G1 Service" terminated

Threads with active compile tasks:
C1 CompilerThread0  
[error occurred during error reporting (printing all threads), id 0xc0000005, EXCEPTION_ACCESS_VIOLATION (0xc0000005) at pc=0x00007ffe05b0b5c3]

VM state: at safepoint (shutting down)

VM Mutex/Monitor currently owned by a thread:  ([mutex/lock_event])
[0x00000215ee11cf40] Threads_lock - owner thread: 0x00000215fc785090
[0x00000215ee11c0a0] Heap_lock - owner thread: 0x00000215fe4485a0

Heap address: 0x0000000082c00000, size: 2004 MB, Compressed Oops mode: 32-bit

CDS archive(s) mapped at: [0x0000000800000000-0x0000000800bb0000-0x0000000800bb0000), size 12255232, SharedBaseAddress: 0x0000000800000000, ArchiveRelocationMode: 0.
Compressed class space mapped at: 0x0000000800c00000-0x0000000840c00000, reserved size: 1073741824
Narrow klass base: 0x0000000800000000, Narrow klass shift: 3, Narrow klass range: 0x100000000

GC Precious Log:
 CPUs: 4 total, 4 available
 Memory: 8014M
 Large Page Support: Disabled
 NUMA Support: Disabled
 Compressed Oops: Enabled (32-bit)
 Heap Region Size: 1M
 Heap Min Capacity: 8M
 Heap Initial Capacity: 126M
 Heap Max Capacity: 2004M
 Pre-touch: Disabled
 Parallel Workers: 4
 Concurrent Workers: 1
 Concurrent Refinement Workers: 4
 Periodic GC: Disabled

Heap:
 garbage-first heap   total 65536K, used 19113K [0x0000000082c00000, 0x0000000100000000)
  region size 1024K, 12 young (12288K), 10 survivors (10240K)
 Metaspace       used 21093K, committed 21376K, reserved 1073152K
  class space    used 2837K, committed 2944K, reserved 1048576K

Heap Regions: E=young(eden), S=young(survivor), O=old, HS=humongous(starts), HC=humongous(continues), CS=collection set, F=free, OA=open archive, CA=closed archive, TAMS=top-at-mark-start (previous, next)
|   0|0x0000000082c00000, 0x0000000082d00000, 0x0000000082d00000|100%| O|  |TAMS 0x0000000082d00000, 0x0000000082c00000| Untracked 
|   1|0x0000000082d00000, 0x0000000082e00000, 0x0000000082e00000|100%| O|  |TAMS 0x0000000082e00000, 0x0000000082d00000| Untracked 
|   2|0x0000000082e00000, 0x0000000082f00000, 0x0000000082f00000|100%| O|  |TAMS 0x0000000082eed400, 0x0000000082e00000| Untracked 
|   3|0x0000000082f00000, 0x0000000082f00000, 0x0000000083000000|  0%| F|  |TAMS 0x0000000082f00000, 0x0000000082f00000| Untracked 
|   4|0x0000000083000000, 0x0000000083000000, 0x0000000083100000|  0%| F|  |TAMS 0x0000000083000000, 0x0000000083000000| Untracked 
|   5|0x0000000083100000, 0x0000000083100000, 0x0000000083200000|  0%| F|  |TAMS 0x0000000083100000, 0x0000000083100000| Untracked 
|   6|0x0000000083200000, 0x0000000083200000, 0x0000000083300000|  0%| F|  |TAMS 0x0000000083200000, 0x0000000083200000| Untracked 
|   7|0x0000000083300000, 0x0000000083300000, 0x0000000083400000|  0%| F|  |TAMS 0x0000000083300000, 0x0000000083300000| Untracked 
|   8|0x0000000083400000, 0x0000000083400000, 0x0000000083500000|  0%| F|  |TAMS 0x0000000083400000, 0x0000000083400000| Untracked 
|   9|0x0000000083500000, 0x0000000083500000, 0x0000000083600000|  0%| F|  |TAMS 0x0000000083500000, 0x0000000083500000| Untracked 
|  10|0x0000000083600000, 0x0000000083600000, 0x0000000083700000|  0%| F|  |TAMS 0x0000000083600000, 0x0000000083600000| Untracked 
|  11|0x0000000083700000, 0x0000000083700000, 0x0000000083800000|  0%| F|  |TAMS 0x0000000083700000, 0x0000000083700000| Untracked 
|  12|0x0000000083800000, 0x0000000083800000, 0x0000000083900000|  0%| F|  |TAMS 0x0000000083800000, 0x0000000083800000| Untracked 
|  13|0x0000000083900000, 0x0000000083900000, 0x0000000083a00000|  0%| F|  |TAMS 0x0000000083900000, 0x0000000083900000| Untracked 
|  14|0x0000000083a00000, 0x0000000083a00000, 0x0000000083b00000|  0%| F|  |TAMS 0x0000000083a00000, 0x0000000083a00000| Untracked 
|  15|0x0000000083b00000, 0x0000000083b00000, 0x0000000083c00000|  0%| F|  |TAMS 0x0000000083b00000, 0x0000000083b00000| Untracked 
|  16|0x0000000083c00000, 0x0000000083c00000, 0x0000000083d00000|  0%| F|  |TAMS 0x0000000083c00000, 0x0000000083c00000| Untracked 
|  17|0x0000000083d00000, 0x0000000083d00000, 0x0000000083e00000|  0%| F|  |TAMS 0x0000000083d00000, 0x0000000083d00000| Untracked 
|  18|0x0000000083e00000, 0x0000000083f00000, 0x0000000083f00000|100%|HS|  |TAMS 0x0000000083f00000, 0x0000000083e00000| Complete 
|  19|0x0000000083f00000, 0x0000000083f00000, 0x0000000084000000|  0%| F|  |TAMS 0x0000000083f00000, 0x0000000083f00000| Untracked 
|  20|0x0000000084000000, 0x0000000084000000, 0x0000000084100000|  0%| F|  |TAMS 0x0000000084000000, 0x0000000084000000| Untracked 
|  21|0x0000000084100000, 0x0000000084200000, 0x0000000084200000|100%|HS|  |TAMS 0x0000000084200000, 0x0000000084100000| Complete 
|  22|0x0000000084200000, 0x0000000084300000, 0x0000000084300000|100%|HC|  |TAMS 0x0000000084300000, 0x0000000084200000| Complete 
|  23|0x0000000084300000, 0x0000000084400000, 0x0000000084400000|100%| O|  |TAMS 0x0000000084300000, 0x0000000084300000| Untracked 
|  24|0x0000000084400000, 0x00000000844aa600, 0x0000000084500000| 66%| O|  |TAMS 0x0000000084400000, 0x0000000084400000| Untracked 
|  25|0x0000000084500000, 0x0000000084500000, 0x0000000084600000|  0%| F|  |TAMS 0x0000000084500000, 0x0000000084500000| Untracked 
|  26|0x0000000084600000, 0x0000000084600000, 0x0000000084700000|  0%| F|  |TAMS 0x0000000084600000, 0x0000000084600000| Untracked 
|  27|0x0000000084700000, 0x0000000084700000, 0x0000000084800000|  0%| F|  |TAMS 0x0000000084700000, 0x0000000084700000| Untracked 
|  28|0x0000000084800000, 0x0000000084800000, 0x0000000084900000|  0%| F|  |TAMS 0x0000000084800000, 0x0000000084800000| Untracked 
|  29|0x0000000084900000, 0x0000000084900000, 0x0000000084a00000|  0%| F|  |TAMS 0x0000000084900000, 0x0000000084900000| Untracked 
|  30|0x0000000084a00000, 0x0000000084a00000, 0x0000000084b00000|  0%| F|  |TAMS 0x0000000084a00000, 0x0000000084a00000| Untracked 
|  31|0x0000000084b00000, 0x0000000084b00000, 0x0000000084c00000|  0%| F|  |TAMS 0x0000000084b00000, 0x0000000084b00000| Untracked 
|  32|0x0000000084c00000, 0x0000000084c00000, 0x0000000084d00000|  0%| F|  |TAMS 0x0000000084c00000, 0x0000000084c00000| Untracked 
|  33|0x0000000084d00000, 0x0000000084d00000, 0x0000000084e00000|  0%| F|  |TAMS 0x0000000084d00000, 0x0000000084d00000| Untracked 
|  34|0x0000000084e00000, 0x0000000084e00000, 0x0000000084f00000|  0%| F|  |TAMS 0x0000000084e00000, 0x0000000084e00000| Untracked 
|  35|0x0000000084f00000, 0x0000000084f00000, 0x0000000085000000|  0%| F|  |TAMS 0x0000000084f00000, 0x0000000084f00000| Untracked 
|  36|0x0000000085000000, 0x0000000085000000, 0x0000000085100000|  0%| F|  |TAMS 0x0000000085000000, 0x0000000085000000| Untracked 
|  37|0x0000000085100000, 0x0000000085100000, 0x0000000085200000|  0%| F|  |TAMS 0x0000000085100000, 0x0000000085100000| Untracked 
|  38|0x0000000085200000, 0x0000000085200000, 0x0000000085300000|  0%| F|  |TAMS 0x0000000085200000, 0x0000000085200000| Untracked 
|  39|0x0000000085300000, 0x0000000085300000, 0x0000000085400000|  0%| F|  |TAMS 0x0000000085300000, 0x0000000085300000| Untracked 
|  40|0x0000000085400000, 0x0000000085400000, 0x0000000085500000|  0%| F|  |TAMS 0x0000000085400000, 0x0000000085400000| Untracked 
|  41|0x0000000085500000, 0x0000000085500000, 0x0000000085600000|  0%| F|  |TAMS 0x0000000085500000, 0x0000000085500000| Untracked 
|  42|0x0000000085600000, 0x0000000085600000, 0x0000000085700000|  0%| F|  |TAMS 0x0000000085600000, 0x0000000085600000| Untracked 
|  43|0x0000000085700000, 0x0000000085700000, 0x0000000085800000|  0%| F|  |TAMS 0x0000000085700000, 0x0000000085700000| Untracked 
|  44|0x0000000085800000, 0x0000000085800000, 0x0000000085900000|  0%| F|  |TAMS 0x0000000085800000, 0x0000000085800000| Untracked 
|  45|0x0000000085900000, 0x0000000085900000, 0x0000000085a00000|  0%| F|  |TAMS 0x0000000085900000, 0x0000000085900000| Untracked 
|  46|0x0000000085a00000, 0x0000000085a00000, 0x0000000085b00000|  0%| F|  |TAMS 0x0000000085a00000, 0x0000000085a00000| Untracked 
|  47|0x0000000085b00000, 0x0000000085b00000, 0x0000000085c00000|  0%| F|  |TAMS 0x0000000085b00000, 0x0000000085b00000| Untracked 
|  48|0x0000000085c00000, 0x0000000085c00000, 0x0000000085d00000|  0%| F|  |TAMS 0x0000000085c00000, 0x0000000085c00000| Untracked 
|  49|0x0000000085d00000, 0x0000000085d00000, 0x0000000085e00000|  0%| F|  |TAMS 0x0000000085d00000, 0x0000000085d00000| Untracked 
|  50|0x0000000085e00000, 0x0000000085e00000, 0x0000000085f00000|  0%| F|  |TAMS 0x0000000085e00000, 0x0000000085e00000| Untracked 
|  51|0x0000000085f00000, 0x0000000085f00000, 0x0000000086000000|  0%| F|  |TAMS 0x0000000085f00000, 0x0000000085f00000| Untracked 
|  52|0x0000000086000000, 0x00000000860e8608, 0x0000000086100000| 90%| E|  |TAMS 0x0000000086000000, 0x0000000086000000| Complete 
|  54|0x0000000086200000, 0x0000000086300000, 0x0000000086300000|100%| S|CS|TAMS 0x0000000086200000, 0x0000000086200000| Complete 
|  55|0x0000000086300000, 0x0000000086400000, 0x0000000086400000|100%| S|CS|TAMS 0x0000000086300000, 0x0000000086300000| Complete 
|  56|0x0000000086400000, 0x0000000086500000, 0x0000000086500000|100%| S|CS|TAMS 0x0000000086400000, 0x0000000086400000| Complete 
|  57|0x0000000086500000, 0x0000000086600000, 0x0000000086600000|100%| S|CS|TAMS 0x0000000086500000, 0x0000000086500000| Complete 
|  58|0x0000000086600000, 0x0000000086700000, 0x0000000086700000|100%| S|CS|TAMS 0x0000000086600000, 0x0000000086600000| Complete 
|  59|0x0000000086700000, 0x0000000086800000, 0x0000000086800000|100%| S|CS|TAMS 0x0000000086700000, 0x0000000086700000| Complete 
|  60|0x0000000086800000, 0x0000000086900000, 0x0000000086900000|100%| S|CS|TAMS 0x0000000086800000, 0x0000000086800000| Complete 
|  61|0x0000000086900000, 0x0000000086a00000, 0x0000000086a00000|100%| S|CS|TAMS 0x0000000086900000, 0x0000000086900000| Complete 
|  62|0x0000000086a00000, 0x0000000086b00000, 0x0000000086b00000|100%| S|CS|TAMS 0x0000000086a00000, 0x0000000086a00000| Complete 
|  63|0x0000000086b00000, 0x0000000086c00000, 0x0000000086c00000|100%| S|CS|TAMS 0x0000000086b00000, 0x0000000086b00000| Complete 
| 125|0x000000008a900000, 0x000000008aa00000, 0x000000008aa00000|100%| E|CS|TAMS 0x000000008a900000, 0x000000008a900000| Complete 

Card table byte_map: [0x00000215f5c80000,0x00000215f6070000] _byte_map_base: 0x00000215f586a000

Marking Bits (Prev, Next): (CMBitMap*) 0x00000215ee15a420, (CMBitMap*) 0x00000215ee15a3e0
 Prev Bits: [0x00000215f83b0000, 0x00000215fa300000)
 Next Bits: [0x00000215f6460000, 0x00000215f83b0000)

Polling page: 0x00000215ec0c0000

Metaspace:

Usage:
  Non-class:     17.83 MB used.
      Class:      2.77 MB used.
       Both:     20.60 MB used.

Virtual space:
  Non-class space:       24.00 MB reserved,      18.00 MB ( 75%) committed,  3 nodes.
      Class space:        1.00 GB reserved,       2.88 MB ( <1%) committed,  1 nodes.
              Both:        1.02 GB reserved,      20.88 MB (  2%) committed. 

Chunk freelists:
   Non-Class:  2.05 MB
       Class:  1.14 MB
        Both:  3.19 MB

MaxMetaspaceSize: 17179869184.00 GB
CompressedClassSpaceSize: 1.00 GB
 - commit_granule_bytes: 65536.
 - commit_granule_words: 8192.
 - virtual_space_node_default_size: 1048576.
 - enlarge_chunks_in_place: 1.
 - new_chunks_are_fully_committed: 0.
 - uncommit_free_chunks: 1.
 - use_allocation_guard: 0.
 - handle_deallocations: 1.


Internal statistics:

num_allocs_failed_limit: 3.
num_arena_births: 208.
num_arena_deaths: 0.
num_vsnodes_births: 4.
num_vsnodes_deaths: 0.
num_space_committed: 334.
num_space_uncommitted: 0.
num_chunks_returned_to_freelist: 3.
num_chunks_taken_from_freelist: 907.
num_chunk_merges: 3.
num_chunk_splits: 629.
num_chunks_enlarged: 500.
num_purges: 0.

CodeHeap 'non-profiled nmethods': size=120000Kb used=1757Kb max_used=1757Kb free=118243Kb
 bounds [0x0000021587ad0000, 0x0000021587d40000, 0x000002158f000000]
CodeHeap 'profiled nmethods': size=120000Kb used=8908Kb max_used=8908Kb free=111091Kb
 bounds [0x00000215805a0000, 0x0000021580e60000, 0x0000021587ad0000]
CodeHeap 'non-nmethods': size=5760Kb used=1469Kb max_used=1532Kb free=4290Kb
 bounds [0x0000021580000000, 0x0000021580270000, 0x00000215805a0000]
 total_blobs=5017 nmethods=4174 adapters=754
 compilation: enabled
              stopped_count=0, restarted_count=0
 full_count=0

Compilation events (20 events):
Event: 19.841 Thread 0x00000215fec16390 4095       4       javafx.scene.Node::updateBounds (174 bytes)
Event: 19.889 Thread 0x00000215fec16390 nmethod 4095 0x0000021587c7a210 code [0x0000021587c7a500, 0x0000021587c7b940]
Event: 19.889 Thread 0x00000215fec16390 4100       4       com.sun.javafx.geom.transform.AffineBase::transform (40 bytes)
Event: 19.891 Thread 0x00000215fec16390 nmethod 4100 0x0000021587c7c790 code [0x0000021587c7c940, 0x0000021587c7ca78]
Event: 19.891 Thread 0x00000215fec16390 4174       4       com.sun.javafx.geom.transform.Affine3D::transform (352 bytes)
Event: 19.893 Thread 0x00000215fec16390 nmethod 4174 0x0000021587c7cc10 code [0x0000021587c7cdc0, 0x0000021587c7cf18]
Event: 19.893 Thread 0x00000215fec16390 4177       4       com.sun.javafx.geom.RectBounds::setBoundsAndSort (14 bytes)
Event: 19.894 Thread 0x00000215fec16390 nmethod 4177 0x0000021587c7d110 code [0x0000021587c7d2a0, 0x0000021587c7d398]
Event: 19.894 Thread 0x00000215fec16390 4178       4       com.sun.javafx.geom.RectBounds::sortMinMax (61 bytes)
Event: 19.894 Thread 0x00000215fec16390 nmethod 4178 0x0000021587c7d490 code [0x0000021587c7d620, 0x0000021587c7d718]
Event: 19.894 Thread 0x00000215fec16390 4176       4       com.sun.javafx.geom.transform.Identity::getDegree (4 bytes)
Event: 19.895 Thread 0x00000215fec16390 nmethod 4176 0x0000021587c7d810 code [0x0000021587c7d9a0, 0x0000021587c7da18]
Event: 19.903 Thread 0x00000215fc7a4250 nmethod 4096% 0x0000021587c7db10 code [0x0000021587c7dda0, 0x0000021587c82b58]
Event: 86.749 Thread 0x00000215fc7a4250 4179       4       com.sun.javafx.tk.quantum.QuantumToolkit::postPulse (133 bytes)
Event: 86.757 Thread 0x00000215fc7a4250 nmethod 4179 0x0000021587c86390 code [0x0000021587c86560, 0x0000021587c86808]
Event: 87.116 Thread 0x00000215fc7a4250 4180       4       com.sun.javafx.tk.quantum.QuantumToolkit$$Lambda$92/0x0000000800c333e0::run (8 bytes)
Event: 87.123 Thread 0x00000215fc7a4250 nmethod 4180 0x0000021587c86b90 code [0x0000021587c86d60, 0x0000021587c87030]
Event: 91.024 Thread 0x00000215fc7a8410 4181   !   3       java.util.concurrent.ConcurrentHashMap::replaceNode (437 bytes)
Event: 91.026 Thread 0x00000215fc7a8410 nmethod 4181 0x0000021580e50810 code [0x0000021580e50b80, 0x0000021580e52498]
Event: 91.026 Thread 0x00000215fc7a8410 4183       3       java.lang.AbstractStringBuilder::putStringAt (12 bytes)

GC Heap History (6 events):
Event: 0.906 GC heap before
{Heap before GC invocations=0 (full 0):
 garbage-first heap   total 129024K, used 12288K [0x0000000082c00000, 0x0000000100000000)
  region size 1024K, 13 young (13312K), 0 survivors (0K)
 Metaspace       used 2581K, committed 2688K, reserved 1056768K
  class space    used 263K, committed 320K, reserved 1048576K
}
Event: 0.912 GC heap after
{Heap after GC invocations=1 (full 0):
 garbage-first heap   total 129024K, used 2969K [0x0000000082c00000, 0x0000000100000000)
  region size 1024K, 2 young (2048K), 2 survivors (2048K)
 Metaspace       used 2581K, committed 2688K, reserved 1056768K
  class space    used 263K, committed 320K, reserved 1048576K
}
Event: 1.445 GC heap before
{Heap before GC invocations=1 (full 0):
 garbage-first heap   total 129024K, used 17305K [0x0000000082c00000, 0x0000000100000000)
  region size 1024K, 17 young (17408K), 2 survivors (2048K)
 Metaspace       used 7486K, committed 7680K, reserved 1056768K
  class space    used 884K, committed 960K, reserved 1048576K
}
Event: 1.451 GC heap after
{Heap after GC invocations=2 (full 0):
 garbage-first heap   total 129024K, used 5541K [0x0000000082c00000, 0x0000000100000000)
  region size 1024K, 3 young (3072K), 3 survivors (3072K)
 Metaspace       used 7486K, committed 7680K, reserved 1056768K
  class space    used 884K, committed 960K, reserved 1048576K
}
Event: 19.651 GC heap before
{Heap before GC invocations=2 (full 0):
 garbage-first heap   total 129024K, used 85413K [0x0000000082c00000, 0x0000000100000000)
  region size 1024K, 62 young (63488K), 3 survivors (3072K)
 Metaspace       used 21077K, committed 21248K, reserved 1073152K
  class space    used 2835K, committed 2944K, reserved 1048576K
}
Event: 19.684 GC heap after
{Heap after GC invocations=3 (full 0):
 garbage-first heap   total 129024K, used 18089K [0x0000000082c00000, 0x0000000100000000)
  region size 1024K, 10 young (10240K), 10 survivors (10240K)
 Metaspace       used 21077K, committed 21248K, reserved 1073152K
  class space    used 2835K, committed 2944K, reserved 1048576K
}

Deoptimization events (20 events):
Event: 18.169 Thread 0x00000215fe02a090 DEOPT PACKING pc=0x0000021580860f42 sp=0x00000020775fde70
Event: 18.169 Thread 0x00000215fe02a090 DEOPT UNPACKING pc=0x000002158004deaf sp=0x00000020775fd300 mode 0
Event: 18.702 Thread 0x00000215fe02a090 DEOPT PACKING pc=0x0000021580d0e071 sp=0x00000020775fdc00
Event: 18.702 Thread 0x00000215fe02a090 DEOPT UNPACKING pc=0x000002158004deaf sp=0x00000020775fd038 mode 0
Event: 19.435 Thread 0x00000215fe02a090 DEOPT PACKING pc=0x0000021580d0db62 sp=0x00000020775fdbc0
Event: 19.435 Thread 0x00000215fe02a090 DEOPT UNPACKING pc=0x000002158004deaf sp=0x00000020775fcff8 mode 0
Event: 19.473 Thread 0x00000215fe02a090 DEOPT PACKING pc=0x0000021580d0db62 sp=0x00000020775fdbc0
Event: 19.473 Thread 0x00000215fe02a090 DEOPT UNPACKING pc=0x000002158004deaf sp=0x00000020775fcff8 mode 0
Event: 19.510 Thread 0x00000215fe02a090 DEOPT PACKING pc=0x0000021580d0db62 sp=0x00000020775fdbd0
Event: 19.510 Thread 0x00000215fe02a090 DEOPT UNPACKING pc=0x000002158004deaf sp=0x00000020775fd008 mode 0
Event: 19.641 Thread 0x00000215fe02a090 DEOPT PACKING pc=0x0000021580d0db62 sp=0x00000020775fdbd0
Event: 19.642 Thread 0x00000215fe02a090 DEOPT UNPACKING pc=0x000002158004deaf sp=0x00000020775fd008 mode 0
Event: 19.746 Thread 0x00000215fe02a090 DEOPT PACKING pc=0x0000021580d0db62 sp=0x00000020775fdbd0
Event: 19.746 Thread 0x00000215fe02a090 DEOPT UNPACKING pc=0x000002158004deaf sp=0x00000020775fd008 mode 0
Event: 19.778 Thread 0x00000215fe02a090 DEOPT PACKING pc=0x0000021580d0db62 sp=0x00000020775fdbc0
Event: 19.778 Thread 0x00000215fe02a090 DEOPT UNPACKING pc=0x000002158004deaf sp=0x00000020775fcff8 mode 0
Event: 19.820 Thread 0x00000215fe02a090 DEOPT PACKING pc=0x0000021580d0db62 sp=0x00000020775fdb50
Event: 19.820 Thread 0x00000215fe02a090 DEOPT UNPACKING pc=0x000002158004deaf sp=0x00000020775fcf88 mode 0
Event: 19.841 Thread 0x00000215fe02a090 DEOPT PACKING pc=0x0000021580d0db62 sp=0x00000020775fdb50
Event: 19.841 Thread 0x00000215fe02a090 DEOPT UNPACKING pc=0x000002158004deaf sp=0x00000020775fcf88 mode 0

Classes unloaded (0 events):
No events

Classes redefined (0 events):
No events

Internal exceptions (20 events):
Event: 1.878 Thread 0x00000215fe9c9db0 Implicit null exception at 0x0000021587b2438a to 0x0000021587b246c4
Event: 2.128 Thread 0x00000215fe9c9db0 Exception <a 'java/lang/ClassNotFoundException'{0x0000000089db7978}: com/sun/javafx/scene/control/skin/resources/controls> (0x0000000089db7978) 
thrown [t:\workspace\open\src\hotspot\share\prims\jni.cpp, line 600]
Event: 2.130 Thread 0x00000215fe9c9db0 Exception <a 'java/lang/ClassNotFoundException'{0x0000000089dc5918}: com/sun/javafx/scene/control/skin/resources/controls_ru> (0x0000000089dc5918) 
thrown [t:\workspace\open\src\hotspot\share\prims\jni.cpp, line 600]
Event: 2.130 Thread 0x00000215fe9c9db0 Exception <a 'java/lang/ClassNotFoundException'{0x0000000089dc6fa0}: com/sun/javafx/scene/control/skin/resources/controls_ru_RU> (0x0000000089dc6fa0) 
thrown [t:\workspace\open\src\hotspot\share\prims\jni.cpp, line 600]
Event: 2.210 Thread 0x00000215fe9c9db0 Exception <a 'java/lang/NoSuchMethodError'{0x0000000089b87928}: 'void java.lang.invoke.DirectMethodHandle$Holder.invokeSpecial(java.lang.Object, java.lang.Object, java.lang.Object, java.lang.Object, java.lang.Object, java.lang.Object)'> (0x0000000089b87928) 
thrown [t:\workspace\open\src\hotspot\share\interpreter\linkResolver.cpp, line 790]
Event: 2.279 Thread 0x00000215fe9c9db0 Exception <a 'java/lang/NoSuchMethodError'{0x0000000089584a78}: 'java.lang.Object java.lang.invoke.DirectMethodHandle$Holder.invokeInterface(java.lang.Object, java.lang.Object, java.lang.Object)'> (0x0000000089584a78) 
thrown [t:\workspace\open\src\hotspot\share\interpreter\linkResolver.cpp, line 790]
Event: 2.280 Thread 0x00000215fe9c9db0 Exception <a 'java/lang/IncompatibleClassChangeError'{0x00000000895885f8}: Found class java.lang.Object, but interface was expected> (0x00000000895885f8) 
thrown [t:\workspace\open\src\hotspot\share\interpreter\linkResolver.cpp, line 857]
Event: 2.410 Thread 0x00000215fe9c9db0 Exception <a 'java/lang/NoSuchMethodError'{0x0000000089367108}: 'java.lang.Object java.lang.invoke.DirectMethodHandle$Holder.newInvokeSpecial(java.lang.Object, java.lang.Object, int)'> (0x0000000089367108) 
thrown [t:\workspace\open\src\hotspot\share\interpreter\linkResolver.cpp, line 790]
Event: 2.455 Thread 0x00000215fe02a090 Exception <a 'java/lang/NoSuchMethodError'{0x000000008929a8f0}: 'int java.lang.invoke.DirectMethodHandle$Holder.invokeStaticInit(java.lang.Object, java.lang.Object)'> (0x000000008929a8f0) 
thrown [t:\workspace\open\src\hotspot\share\interpreter\linkResolver.cpp, line 790]
Event: 2.470 Thread 0x00000215fe9c9db0 Exception <a 'java/lang/NoSuchMethodError'{0x0000000089236a58}: 'long java.lang.invoke.DirectMethodHandle$Holder.invokeStatic(java.lang.Object, java.lang.Object, java.lang.Object)'> (0x0000000089236a58) 
thrown [t:\workspace\open\src\hotspot\share\interpreter\linkResolver.cpp, line 790]
Event: 2.470 Thread 0x00000215fe9c9db0 Exception <a 'java/lang/NoSuchMethodError'{0x000000008923a408}: 'long java.lang.invoke.DirectMethodHandle$Holder.invokeStaticInit(java.lang.Object, java.lang.Object, java.lang.Object)'> (0x000000008923a408) 
thrown [t:\workspace\open\src\hotspot\share\interpreter\linkResolver.cpp, line 790]
Event: 2.474 Thread 0x00000215fe9c9db0 Exception <a 'java/lang/NoSuchMethodError'{0x0000000089252328}: 'java.lang.Object java.lang.invoke.DirectMethodHandle$Holder.newInvokeSpecial(java.lang.Object, java.lang.Object, long)'> (0x0000000089252328) 
thrown [t:\workspace\open\src\hotspot\share\interpreter\linkResolver.cpp, line 790]
Event: 2.475 Thread 0x00000215fe9c9db0 Exception <a 'java/lang/NoSuchMethodError'{0x0000000089256098}: 'java.lang.Object java.lang.invoke.Invokers$Holder.linkToTargetMethod(java.lang.Object, long, java.lang.Object)'> (0x0000000089256098) 
thrown [t:\workspace\open\src\hotspot\share\interpreter\linkResolver.cpp, line 790]
Event: 7.167 Thread 0x00000215fe9c9db0 Exception <a 'java/lang/NoSuchMethodError'{0x0000000088dcdd98}: 'java.lang.Object java.lang.invoke.DirectMethodHandle$Holder.invokeInterface(java.lang.Object, java.lang.Object)'> (0x0000000088dcdd98) 
thrown [t:\workspace\open\src\hotspot\share\interpreter\linkResolver.cpp, line 790]
Event: 7.168 Thread 0x00000215fe9c9db0 Exception <a 'java/lang/NoSuchMethodError'{0x0000000088dd6720}: 'java.lang.Object java.lang.invoke.DirectMethodHandle$Holder.invokeStaticInit(java.lang.Object, java.lang.Object, java.lang.Object)'> (0x0000000088dd6720) 
thrown [t:\workspace\open\src\hotspot\share\interpreter\linkResolver.cpp, line 790]
Event: 7.175 Thread 0x00000215fe9c9db0 Exception <a 'java/lang/NoSuchMethodError'{0x0000000088df6ff0}: 'int java.lang.invoke.DirectMethodHandle$Holder.invokeSpecial(java.lang.Object, java.lang.Object, java.lang.Object)'> (0x0000000088df6ff0) 
thrown [t:\workspace\open\src\hotspot\share\interpreter\linkResolver.cpp, line 790]
Event: 10.016 Thread 0x00000215fe02a090 Exception <a 'java/lang/NoSuchMethodError'{0x00000000886efa60}: 'java.lang.Object java.lang.invoke.DirectMethodHandle$Holder.invokeStaticInit(java.lang.Object, int)'> (0x00000000886efa60) 
thrown [t:\workspace\open\src\hotspot\share\interpreter\linkResolver.cpp, line 790]
Event: 13.559 Thread 0x00000215fe9c9db0 Exception <a 'java/lang/NoSuchMethodError'{0x0000000087542e28}: 'int java.lang.invoke.DirectMethodHandle$Holder.invokeVirtual(java.lang.Object, java.lang.Object)'> (0x0000000087542e28) 
thrown [t:\workspace\open\src\hotspot\share\interpreter\linkResolver.cpp, line 790]
Event: 13.562 Thread 0x00000215fe9c9db0 Exception <a 'java/lang/NoSuchMethodError'{0x0000000087549fb8}: 'void java.lang.invoke.DirectMethodHandle$Holder.invokeVirtual(java.lang.Object, java.lang.Object, int)'> (0x0000000087549fb8) 
thrown [t:\workspace\open\src\hotspot\share\interpreter\linkResolver.cpp, line 790]
Event: 14.280 Thread 0x00000215fe9c9db0 Exception <a 'java/lang/ClassNotFoundException'{0x000000008730d398}: sun/util/logging/resources/spi/loggingProvider> (0x000000008730d398) 
thrown [t:\workspace\open\src\hotspot\share\classfile\systemDictionary.cpp, line 256]

Events (20 events):
Event: 17.998 Executing  VM operation: Cleanup done
Event: 18.100 Thread 0x00000215fec16390 Thread added: 0x00000215fec16390
Event: 18.998 Executing  VM operation: Cleanup
Event: 18.999 Executing  VM operation: Cleanup done
Event: 19.650 Executing  VM operation: CollectForMetadataAllocation
Event: 19.684 Executing  VM operation: CollectForMetadataAllocation done
Event: 19.706 Executing  VM operation: G1Concurrent
Event: 19.710 Executing  VM operation: G1Concurrent done
Event: 19.715 Executing  VM operation: G1Concurrent
Event: 19.720 Executing  VM operation: G1Concurrent done
Event: 21.720 Executing  VM operation: Cleanup
Event: 21.720 Executing  VM operation: Cleanup done
Event: 24.894 Thread 0x00000215fec16390 Thread exited: 0x00000215fec16390
Event: 91.022 loading class jdk/internal/misc/Signal$1
Event: 91.022 loading class jdk/internal/misc/Signal$1 done
Event: 91.023 Thread 0x00000215fe4485a0 Thread added: 0x00000215fe4485a0
Event: 91.023 Thread 0x00000215fe445080 Thread added: 0x00000215fe445080
Event: 91.024 Thread 0x00000215fe447b00 Thread added: 0x00000215fe447b00
Event: 91.024 Thread 0x00000215fe445080 Thread exited: 0x00000215fe445080
Event: 91.027 Executing  VM operation: Exit


Dynamic libraries:
0x00007ff6c4990000 - 0x00007ff6c49a0000 	C:\Program Files\Java\jdk-16.0.2\bin\java.exe
0x00007ffe517b0000 - 0x00007ffe519a5000 	C:\Windows\SYSTEM32\ntdll.dll
0x00007ffe51060000 - 0x00007ffe5111e000 	C:\Windows\System32\KERNEL32.DLL
0x00007ffe4f540000 - 0x00007ffe4f808000 	C:\Windows\System32\KERNELBASE.dll
0x00007ffe4bad0000 - 0x00007ffe4bb60000 	C:\Windows\SYSTEM32\apphelp.dll
0x00007ffe4ef00000 - 0x00007ffe4f000000 	C:\Windows\System32\ucrtbase.dll
0x00007ffe48d60000 - 0x00007ffe48d79000 	C:\Program Files\Java\jdk-16.0.2\bin\VCRUNTIME140.dll
0x00007ffe48250000 - 0x00007ffe48268000 	C:\Program Files\Java\jdk-16.0.2\bin\jli.dll
0x00007ffe51550000 - 0x00007ffe515fe000 	C:\Windows\System32\ADVAPI32.dll
0x00007ffe4f950000 - 0x00007ffe4f9ee000 	C:\Windows\System32\msvcrt.dll
0x00007ffe50fc0000 - 0x00007ffe5105c000 	C:\Windows\System32\sechost.dll
0x00007ffe50500000 - 0x00007ffe50625000 	C:\Windows\System32\RPCRT4.dll
0x00007ffe511d0000 - 0x00007ffe51370000 	C:\Windows\System32\USER32.dll
0x00007ffe4eed0000 - 0x00007ffe4eef2000 	C:\Windows\System32\win32u.dll
0x00007ffe51670000 - 0x00007ffe5169b000 	C:\Windows\System32\GDI32.dll
0x00007ffe4f1d0000 - 0x00007ffe4f2db000 	C:\Windows\System32\gdi32full.dll
0x00007ffe4f0e0000 - 0x00007ffe4f17d000 	C:\Windows\System32\msvcp_win.dll
0x00007ffe426d0000 - 0x00007ffe4296a000 	C:\Windows\WinSxS\amd64_microsoft.windows.common-controls_6595b64144ccf1df_6.0.19041.1110_none_60b5254171f9507e\COMCTL32.dll
0x00007ffe4a970000 - 0x00007ffe4a97a000 	C:\Windows\SYSTEM32\VERSION.dll
0x00007ffe51190000 - 0x00007ffe511c0000 	C:\Windows\System32\IMM32.DLL
0x00007ffe48da0000 - 0x00007ffe48dac000 	C:\Program Files\Java\jdk-16.0.2\bin\vcruntime140_1.dll
0x00007ffe283f0000 - 0x00007ffe28481000 	C:\Program Files\Java\jdk-16.0.2\bin\msvcp140.dll
0x00007ffe05380000 - 0x00007ffe05f2b000 	C:\Program Files\Java\jdk-16.0.2\bin\server\jvm.dll
0x00007ffe51600000 - 0x00007ffe51608000 	C:\Windows\System32\PSAPI.DLL
0x00007ffe41140000 - 0x00007ffe41149000 	C:\Windows\SYSTEM32\WSOCK32.dll
0x00007ffe51120000 - 0x00007ffe5118b000 	C:\Windows\System32\WS2_32.dll
0x00007ffe40cc0000 - 0x00007ffe40ce7000 	C:\Windows\SYSTEM32\WINMM.dll
0x00007ffe4d770000 - 0x00007ffe4d782000 	C:\Windows\SYSTEM32\kernel.appcore.dll
0x00007ffe48d50000 - 0x00007ffe48d5a000 	C:\Program Files\Java\jdk-16.0.2\bin\jimage.dll
0x00007ffe4cce0000 - 0x00007ffe4cec4000 	C:\Windows\SYSTEM32\DBGHELP.DLL
0x00007ffe47bf0000 - 0x00007ffe47c1c000 	C:\Windows\SYSTEM32\dbgcore.DLL
0x00007ffe4f4b0000 - 0x00007ffe4f532000 	C:\Windows\System32\bcryptPrimitives.dll
0x00007ffe48210000 - 0x00007ffe4821e000 	C:\Program Files\Java\jdk-16.0.2\bin\instrument.dll
0x00007ffe472a0000 - 0x00007ffe472c5000 	C:\Program Files\Java\jdk-16.0.2\bin\java.dll
0x00007ffe4fc60000 - 0x00007ffe503a4000 	C:\Windows\System32\SHELL32.dll
0x00007ffe4cfc0000 - 0x00007ffe4d754000 	C:\Windows\SYSTEM32\windows.storage.dll
0x00007ffe50aa0000 - 0x00007ffe50df4000 	C:\Windows\System32\combase.dll
0x00007ffe4e860000 - 0x00007ffe4e88c000 	C:\Windows\SYSTEM32\Wldp.dll
0x00007ffe514a0000 - 0x00007ffe5154d000 	C:\Windows\System32\SHCORE.dll
0x00007ffe4f9f0000 - 0x00007ffe4fa45000 	C:\Windows\System32\shlwapi.dll
0x00007ffe4ee10000 - 0x00007ffe4ee2f000 	C:\Windows\SYSTEM32\profapi.dll
0x00007ffe46f60000 - 0x00007ffe46f79000 	C:\Program Files\Java\jdk-16.0.2\bin\net.dll
0x00007ffe455e0000 - 0x00007ffe456e9000 	C:\Windows\SYSTEM32\WINHTTP.dll
0x00007ffe4e5c0000 - 0x00007ffe4e62a000 	C:\Windows\system32\mswsock.dll
0x00007ffe41010000 - 0x00007ffe41023000 	C:\Program Files\Java\jdk-16.0.2\bin\nio.dll
0x00007ffe40fe0000 - 0x00007ffe40ff8000 	C:\Program Files\Java\jdk-16.0.2\bin\zip.dll
0x00007ffe38ba0000 - 0x00007ffe38bba000 	C:\Program Files\JetBrains\IntelliJ IDEA 2021.3.3\bin\breakgen64.dll
0x00000215ee040000 - 0x00000215ee043000 	C:\javafx-sdk-17.0.2\bin\api-ms-win-core-console-l1-1-0.dll
0x00000215ee050000 - 0x00000215ee053000 	C:\javafx-sdk-17.0.2\bin\api-ms-win-core-console-l1-2-0.dll
0x00000215ee060000 - 0x00000215ee063000 	C:\javafx-sdk-17.0.2\bin\api-ms-win-core-datetime-l1-1-0.dll
0x00000215ee070000 - 0x00000215ee073000 	C:\javafx-sdk-17.0.2\bin\api-ms-win-core-debug-l1-1-0.dll
0x00000215ee080000 - 0x00000215ee083000 	C:\javafx-sdk-17.0.2\bin\api-ms-win-core-errorhandling-l1-1-0.dll
0x00000215ee090000 - 0x00000215ee094000 	C:\javafx-sdk-17.0.2\bin\api-ms-win-core-file-l1-1-0.dll
0x00000215ee0a0000 - 0x00000215ee0a3000 	C:\javafx-sdk-17.0.2\bin\api-ms-win-core-file-l1-2-0.dll
0x00000215ee0b0000 - 0x00000215ee0b3000 	C:\javafx-sdk-17.0.2\bin\api-ms-win-core-file-l2-1-0.dll
0x00000215ee0c0000 - 0x00000215ee0c3000 	C:\javafx-sdk-17.0.2\bin\api-ms-win-core-handle-l1-1-0.dll
0x00000215ee0d0000 - 0x00000215ee0d3000 	C:\javafx-sdk-17.0.2\bin\api-ms-win-core-heap-l1-1-0.dll
0x00000215ee0e0000 - 0x00000215ee0e3000 	C:\javafx-sdk-17.0.2\bin\api-ms-win-core-interlocked-l1-1-0.dll
0x00000215fcaf0000 - 0x00000215fcaf3000 	C:\javafx-sdk-17.0.2\bin\api-ms-win-core-libraryloader-l1-1-0.dll
0x00000215fcb00000 - 0x00000215fcb03000 	C:\javafx-sdk-17.0.2\bin\api-ms-win-core-localization-l1-2-0.dll
0x00000215fcb10000 - 0x00000215fcb13000 	C:\javafx-sdk-17.0.2\bin\api-ms-win-core-memory-l1-1-0.dll
0x00000215fcb20000 - 0x00000215fcb23000 	C:\javafx-sdk-17.0.2\bin\api-ms-win-core-namedpipe-l1-1-0.dll
0x00000215fcb30000 - 0x00000215fcb33000 	C:\javafx-sdk-17.0.2\bin\api-ms-win-core-processenvironment-l1-1-0.dll
0x00000215fc950000 - 0x00000215fc953000 	C:\javafx-sdk-17.0.2\bin\api-ms-win-core-processthreads-l1-1-0.dll
0x00000215fc960000 - 0x00000215fc963000 	C:\javafx-sdk-17.0.2\bin\api-ms-win-core-processthreads-l1-1-1.dll
0x00000215fc970000 - 0x00000215fc973000 	C:\javafx-sdk-17.0.2\bin\api-ms-win-core-profile-l1-1-0.dll
0x00000215fc980000 - 0x00000215fc983000 	C:\javafx-sdk-17.0.2\bin\api-ms-win-core-rtlsupport-l1-1-0.dll
0x00000215fc990000 - 0x00000215fc993000 	C:\javafx-sdk-17.0.2\bin\api-ms-win-core-string-l1-1-0.dll
0x00000215fc9a0000 - 0x00000215fc9a3000 	C:\javafx-sdk-17.0.2\bin\api-ms-win-core-synch-l1-1-0.dll
0x00000215fc9b0000 - 0x00000215fc9b3000 	C:\javafx-sdk-17.0.2\bin\api-ms-win-core-synch-l1-2-0.dll
0x00000215fc9c0000 - 0x00000215fc9c3000 	C:\javafx-sdk-17.0.2\bin\api-ms-win-core-sysinfo-l1-1-0.dll
0x00000215fc9d0000 - 0x00000215fc9d3000 	C:\javafx-sdk-17.0.2\bin\api-ms-win-core-timezone-l1-1-0.dll
0x00000215fc9e0000 - 0x00000215fc9e3000 	C:\javafx-sdk-17.0.2\bin\api-ms-win-core-util-l1-1-0.dll
0x00000215fc9f0000 - 0x00000215fc9f3000 	C:\javafx-sdk-17.0.2\bin\api-ms-win-crt-conio-l1-1-0.dll
0x00000215fca00000 - 0x00000215fca04000 	C:\javafx-sdk-17.0.2\bin\api-ms-win-crt-convert-l1-1-0.dll
0x00000215fca10000 - 0x00000215fca13000 	C:\javafx-sdk-17.0.2\bin\api-ms-win-crt-environment-l1-1-0.dll
0x00000215fca20000 - 0x00000215fca23000 	C:\javafx-sdk-17.0.2\bin\api-ms-win-crt-filesystem-l1-1-0.dll
0x00000215fca30000 - 0x00000215fca33000 	C:\javafx-sdk-17.0.2\bin\api-ms-win-crt-heap-l1-1-0.dll
0x00000215fca40000 - 0x00000215fca43000 	C:\javafx-sdk-17.0.2\bin\api-ms-win-crt-locale-l1-1-0.dll
0x00000215fca50000 - 0x00000215fca55000 	C:\javafx-sdk-17.0.2\bin\api-ms-win-crt-math-l1-1-0.dll
0x00000215fca60000 - 0x00000215fca65000 	C:\javafx-sdk-17.0.2\bin\api-ms-win-crt-multibyte-l1-1-0.dll
0x00000215fca70000 - 0x00000215fca80000 	C:\javafx-sdk-17.0.2\bin\api-ms-win-crt-private-l1-1-0.dll
0x00000215fca80000 - 0x00000215fca83000 	C:\javafx-sdk-17.0.2\bin\api-ms-win-crt-process-l1-1-0.dll
0x00000215fca90000 - 0x00000215fca94000 	C:\javafx-sdk-17.0.2\bin\api-ms-win-crt-runtime-l1-1-0.dll
0x00000215fcaa0000 - 0x00000215fcaa4000 	C:\javafx-sdk-17.0.2\bin\api-ms-win-crt-stdio-l1-1-0.dll
0x00000215fcab0000 - 0x00000215fcab4000 	C:\javafx-sdk-17.0.2\bin\api-ms-win-crt-string-l1-1-0.dll
0x00000215fcac0000 - 0x00000215fcac3000 	C:\javafx-sdk-17.0.2\bin\api-ms-win-crt-time-l1-1-0.dll
0x00000215fcad0000 - 0x00000215fcad3000 	C:\javafx-sdk-17.0.2\bin\api-ms-win-crt-utility-l1-1-0.dll
0x00007ffe1e430000 - 0x00007ffe1e52c000 	C:\javafx-sdk-17.0.2\bin\ucrtbase.dll
0x00007ffe38ae0000 - 0x00007ffe38afa000 	C:\javafx-sdk-17.0.2\bin\vcruntime140.dll
0x00007ffe42fd0000 - 0x00007ffe42fdc000 	C:\javafx-sdk-17.0.2\bin\vcruntime140_1.dll
0x00007ffe282f0000 - 0x00007ffe2837d000 	C:\javafx-sdk-17.0.2\bin\msvcp140.dll
0x00007ffe2fd60000 - 0x00007ffe2fd8a000 	C:\javafx-sdk-17.0.2\bin\prism_d3d.dll
0x00007ffe1b120000 - 0x00007ffe1b2ef000 	C:\Windows\system32\d3d9.dll
0x00007ffe4c860000 - 0x00007ffe4c88f000 	C:\Windows\SYSTEM32\dwmapi.dll
0x00007ffe4c560000 - 0x00007ffe4c5fe000 	C:\Windows\system32\uxtheme.dll
0x00007ffe1b9f0000 - 0x00007ffe1bb53000 	C:\Windows\System32\DriverStore\FileRepository\iigd_dch.inf_amd64_e9b40d45ab4dc6b8\igdumdim64.dll
0x00007ffe4f000000 - 0x00007ffe4f027000 	C:\Windows\System32\bcrypt.dll
0x00007ffdf0e40000 - 0x00007ffdf4844000 	C:\Windows\System32\DriverStore\FileRepository\iigd_dch.inf_amd64_e9b40d45ab4dc6b8\igd9dxva64.dll
0x00007ffe51370000 - 0x00007ffe5149a000 	C:\Windows\System32\ole32.dll
0x00007ffe516a0000 - 0x00007ffe5176d000 	C:\Windows\System32\OLEAUT32.dll
0x00007ffe50630000 - 0x00007ffe50aa0000 	C:\Windows\System32\SETUPAPI.dll
0x00007ffe4f180000 - 0x00007ffe4f1ce000 	C:\Windows\System32\cfgmgr32.dll
0x00007ffe35170000 - 0x00007ffe353af000 	C:\Windows\System32\DriverStore\FileRepository\iigd_dch.inf_amd64_e9b40d45ab4dc6b8\igdgmm64.dll
0x00007ffe23a30000 - 0x00007ffe23a72000 	C:\javafx-sdk-17.0.2\bin\glass.dll
0x00007ffe4fb00000 - 0x00007ffe4fbdb000 	C:\Windows\System32\COMDLG32.dll
0x00007ffe4f830000 - 0x00007ffe4f946000 	C:\Windows\System32\MSCTF.dll
0x00007ffe2f9a0000 - 0x00007ffe2f9c7000 	C:\Windows\System32\DriverStore\FileRepository\iigd_dch.inf_amd64_e9b40d45ab4dc6b8\igdinfo64.dll
0x00007ffe32140000 - 0x00007ffe34da2000 	C:\Windows\System32\DriverStore\FileRepository\iigd_dch.inf_amd64_e9b40d45ab4dc6b8\igc64.dll
0x00007ffe31950000 - 0x00007ffe3198b000 	C:\Windows\SYSTEM32\dxcore.dll
0x00007ffe306f0000 - 0x00007ffe30704000 	C:\javafx-sdk-17.0.2\bin\javafx_font.dll
0x00007ffe355f0000 - 0x00007ffe3586f000 	C:\Windows\SYSTEM32\dwrite.dll
0x00007ffe4fa50000 - 0x00007ffe4faf9000 	C:\Windows\System32\clbcatq.dll
0x00007ffe4c000000 - 0x00007ffe4c1b4000 	C:\Windows\SYSTEM32\WindowsCodecs.dll
0x00007ffe26120000 - 0x00007ffe2615e000 	C:\Windows\system32\dataexchange.dll
0x00007ffe49eb0000 - 0x00007ffe4a114000 	C:\Windows\system32\d3d11.dll
0x00007ffe4aea0000 - 0x00007ffe4b085000 	C:\Windows\system32\dcomp.dll
0x00007ffe4d7e0000 - 0x00007ffe4d8d3000 	C:\Windows\system32\dxgi.dll
0x00007ffe47450000 - 0x00007ffe47651000 	C:\Windows\system32\twinapi.appcore.dll
0x00007ffe2eff0000 - 0x00007ffe2f024000 	C:\Program Files\Common Files\Microsoft Shared\Ink\rtscom.dll
0x00007ffe38ea0000 - 0x00007ffe38f99000 	C:\Windows\SYSTEM32\textinputframework.dll
0x00007ffe4b2c0000 - 0x00007ffe4b61e000 	C:\Windows\System32\CoreUIComponents.dll
0x00007ffe4b890000 - 0x00007ffe4b982000 	C:\Windows\System32\CoreMessaging.dll
0x00007ffe4a770000 - 0x00007ffe4a8c4000 	C:\Windows\SYSTEM32\wintypes.dll
0x00007ffe4dbd0000 - 0x00007ffe4dc03000 	C:\Windows\SYSTEM32\ntmarta.dll
0x00007ffe42f90000 - 0x00007ffe42f99000 	C:\Program Files\Java\jdk-16.0.2\bin\management.dll
0x00007ffe42f20000 - 0x00007ffe42f2b000 	C:\Program Files\Java\jdk-16.0.2\bin\management_ext.dll

dbghelp: loaded successfully - version: 4.0.5 - missing functions: none
symbol engine: initialized successfully - sym options: 0x614 - pdb path: .;C:\Program Files\Java\jdk-16.0.2\bin;C:\Windows\SYSTEM32;C:\Windows\WinSxS\amd64_microsoft.windows.common-controls_6595b64144ccf1df_6.0.19041.1110_none_60b5254171f9507e;C:\Program Files\Java\jdk-16.0.2\bin\server;C:\Program Files\JetBrains\IntelliJ IDEA 2021.3.3\bin;C:\javafx-sdk-17.0.2\bin;C:\Windows\System32\DriverStore\FileRepository\iigd_dch.inf_amd64_e9b40d45ab4dc6b8;C:\Program Files\Common Files\Microsoft Shared\Ink

VM Arguments:
jvm_args: --module-path=C:/javafx-sdk-17.0.2/lib --add-modules=javafx.controls,javafx.fxml -javaagent:C:\Program Files\JetBrains\IntelliJ IDEA 2021.3.3\lib\idea_rt.jar=64144:C:\Program Files\JetBrains\IntelliJ IDEA 2021.3.3\bin -Dfile.encoding=UTF-8 
java_command: forms.Main
java_class_path (initial): C:\java\Polyclinic\out\production\Polyclinic;C:\javafx-sdk-11.0.2\lib\src.zip;C:\javafx-sdk-11.0.2\lib\javafx-swt.jar;C:\javafx-sdk-11.0.2\lib\javafx.web.jar;C:\javafx-sdk-11.0.2\lib\javafx.base.jar;C:\javafx-sdk-11.0.2\lib\javafx.fxml.jar;C:\javafx-sdk-11.0.2\lib\javafx.media.jar;C:\javafx-sdk-11.0.2\lib\javafx.swing.jar;C:\javafx-sdk-11.0.2\lib\javafx.controls.jar;C:\javafx-sdk-11.0.2\lib\javafx.graphics.jar;C:\java\Polyclinic\src\resources\postgresql-42.3.1 (1).jar;C:\javafx-sdk-17.0.2\lib\javafx-swt.jar;C:\javafx-sdk-17.0.2\lib\javafx.web.jar;C:\javafx-sdk-17.0.2\lib\javafx.base.jar;C:\javafx-sdk-17.0.2\lib\javafx.fxml.jar;C:\javafx-sdk-17.0.2\lib\javafx.media.jar;C:\javafx-sdk-17.0.2\lib\javafx.swing.jar;C:\javafx-sdk-17.0.2\lib\javafx.controls.jar;C:\javafx-sdk-17.0.2\lib\javafx.graphics.jar
Launcher Type: SUN_STANDARD

[Global flags]
     intx CICompilerCount                          = 3                                         {product} {ergonomic}
     uint ConcGCThreads                            = 1                                         {product} {ergonomic}
     uint G1ConcRefinementThreads                  = 4                                         {product} {ergonomic}
   size_t G1HeapRegionSize                         = 1048576                                   {product} {ergonomic}
    uintx GCDrainStackTargetSize                   = 64                                        {product} {ergonomic}
   size_t InitialHeapSize                          = 132120576                                 {product} {ergonomic}
   size_t MarkStackSize                            = 4194304                                   {product} {ergonomic}
   size_t MaxHeapSize                              = 2101346304                                {product} {ergonomic}
   size_t MaxNewSize                               = 1260388352                                {product} {ergonomic}
   size_t MinHeapDeltaBytes                        = 1048576                                   {product} {ergonomic}
   size_t MinHeapSize                              = 8388608                                   {product} {ergonomic}
    uintx NonNMethodCodeHeapSize                   = 5832780                                {pd product} {ergonomic}
    uintx NonProfiledCodeHeapSize                  = 122912730                              {pd product} {ergonomic}
    uintx ProfiledCodeHeapSize                     = 122912730                              {pd product} {ergonomic}
    uintx ReservedCodeCacheSize                    = 251658240                              {pd product} {ergonomic}
     bool SegmentedCodeCache                       = true                                      {product} {ergonomic}
   size_t SoftMaxHeapSize                          = 2101346304                             {manageable} {ergonomic}
     bool UseCompressedClassPointers               = true                           {product lp64_product} {ergonomic}
     bool UseCompressedOops                        = true                           {product lp64_product} {ergonomic}
     bool UseG1GC                                  = true                                      {product} {ergonomic}
     bool UseLargePagesIndividualAllocation        = false                                  {pd product} {ergonomic}

Logging:
Log output configuration:
 #0: stdout all=off uptime,level,tags
 #1: stderr all=off uptime,level,tags

Environment Variables:
PATH=C:\Program Files\Common Files\Oracle\Java\javapath;C:\Program Files (x86)\Common Files\Oracle\Java\javapath;C:\Windows\system32;C:\Windows;C:\Windows\System32\Wbem;C:\Windows\System32\WindowsPowerShell\v1.0\;C:\Windows\System32\OpenSSH\;C:\Program Files\dotnet\;C:\Users\Kate\AppData\Local\Microsoft\WindowsApps;;C:\Program Files\JetBrains\IntelliJ IDEA 2021.2.1\bin;;C:\Users\Kate\.dotnet\tools
USERNAME=Kate
OS=Windows_NT
PROCESSOR_IDENTIFIER=Intel64 Family 6 Model 122 Stepping 1, GenuineIntel



---------------  S Y S T E M  ---------------

OS:
 Windows 10 , 64 bit Build 19041 (10.0.19041.1566)
OS uptime: 20 days 22:22 hours

CPU: total 4 (initial active 4) (4 cores per cpu, 1 threads per core) family 6 model 122 stepping 1 microcode 0x2e, cx8, cmov, fxsr, mmx, 3dnowpref, sse, sse2, sse3, ssse3, sse4.1, sse4.2, popcnt, tsc, tscinvbit, aes, erms, clmul, sha, clflush, clflushopt

Memory: 4k page, system-wide physical 8014M (833M free)
TotalPageFile size 13332M (AvailPageFile size 2247M)
current process WorkingSet (physical memory assigned to process): 168M, peak: 289M
current process commit charge ("private bytes"): 231M, peak: 358M

vm_info: Java HotSpot(TM) 64-Bit Server VM (16.0.2+7-67) for windows-amd64 JRE (16.0.2+7-67), built on Jun  8 2021 23:24:19 by "mach5one" with MS VC++ 16.7 (VS2019)

END.
