#
# A fatal error has been detected by the Java Runtime Environment:
#
#  EXCEPTION_ACCESS_VIOLATION (0xc0000005) at pc=0x00007ffaf1d36730, pid=5392, tid=19744
#
# JRE version: Java(TM) SE Runtime Environment (16.0.2+7) (build 16.0.2+7-67)
# Java VM: Java HotSpot(TM) 64-Bit Server VM (16.0.2+7-67, mixed mode, sharing, tiered, compressed oops, compressed class ptrs, g1 gc, windows-amd64)
# Problematic frame:
# C  [glass.dll+0x26730]
#
# No core dump will be written. Minidumps are not enabled by default on client versions of Windows
#
# If you would like to submit a bug report, please visit:
#   https://bugreport.java.com/bugreport/crash.jsp
#

---------------  S U M M A R Y ------------

Command Line: --module-path=C:/javafx-sdk-11.0.2/lib --add-modules=javafx.controls,javafx.fxml -javaagent:C:\Program Files\JetBrains\IntelliJ IDEA 2021.2.1\lib\idea_rt.jar=54608:C:\Program Files\JetBrains\IntelliJ IDEA 2021.2.1\bin -Dfile.encoding=UTF-8 forms.Main

Host: Intel(R) Pentium(R) Silver N5000 CPU @ 1.10GHz, 4 cores, 7G,  Windows 10 , 64 bit Build 19041 (10.0.19041.1348)
Time: Tue Dec 14 15:27:36 2021 RTZ 2 (s 10 , 64 bit Build 19041 (10.0.19041.1348) elapsed time: 75.922012 seconds (0d 0h 1m 15s)

---------------  T H R E A D  ---------------

Current thread (0x000001ff9dd44fc0):  VMThread "VM Thread" [stack: 0x00000045aaa00000,0x00000045aab00000] [id=19744]

Stack: [0x00000045aaa00000,0x00000045aab00000],  sp=0x00000045aaafea90,  free space=1018k
Native frames: (J=compiled Java code, j=interpreted, Vv=VM code, C=native code)
C  [glass.dll+0x26730]


siginfo: EXCEPTION_ACCESS_VIOLATION (0xc0000005), reading address 0x0000000000000000


Register to memory mapping:

RIP=0x00007ffaf1d36730 glass.dll
RAX=0x0 is NULL
RBX=0x000001ff9dd4db98 is a global jni handle
RCX=0x000001ff9dd44fc0 points into unknown readable memory: 0x00007ffad576f638 | 38 f6 76 d5 fa 7f 00 00
RDX=0x00000045aaafea90 points into unknown readable memory: 0x0000000000000000 | 00 00 00 00 00 00 00 00
RSP=0x00000045aaafea90 points into unknown readable memory: 0x0000000000000000 | 00 00 00 00 00 00 00 00
RBP=0x000001ff9f74d118 points into unknown readable memory: 0x0000252fe69f4f0b | 0b 4f 9f e6 2f 25 00 00
RSI=0x000001ff9f74d0f0 points into unknown readable memory: 0x03fff2a17f298f0b | 0b 8f 29 7f a1 f2 ff 03
RDI=0x0000252fe69f4f0b is an unknown value
R8 =0x0000000000010002 is an unknown value
R9 =0x0000252fe69f4f0b is an unknown value
R10=0x0000000000008000 is an unknown value
R11=0x00000045aaafea30 points into unknown readable memory: 0x0000000000000000 | 00 00 00 00 00 00 00 00
R12=0x00007ffaf1d33be0 glass.dll
R13=0x000001ffff260780 points into unknown readable memory: 0x8000000900000001 | 01 00 00 00 09 00 00 80
R14=0x00000045aaafeb98 points into unknown readable memory: 0x00000045aaafeb80 | 80 eb af aa 45 00 00 00
R15=0x000001ff9f74d0f0 points into unknown readable memory: 0x03fff2a17f298f0b | 0b 8f 29 7f a1 f2 ff 03


Registers:
RAX=0x0000000000000000, RBX=0x000001ff9dd4db98, RCX=0x000001ff9dd44fc0, RDX=0x00000045aaafea90
RSP=0x00000045aaafea90, RBP=0x000001ff9f74d118, RSI=0x000001ff9f74d0f0, RDI=0x0000252fe69f4f0b
R8 =0x0000000000010002, R9 =0x0000252fe69f4f0b, R10=0x0000000000008000, R11=0x00000045aaafea30
R12=0x00007ffaf1d33be0, R13=0x000001ffff260780, R14=0x00000045aaafeb98, R15=0x000001ff9f74d0f0
RIP=0x00007ffaf1d36730, EFLAGS=0x0000000000010206

Top of Stack: (sp=0x00000045aaafea90)
0x00000045aaafea90:   0000000000000000 00007ffb20eef05b
0x00000045aaafeaa0:   000001ff9f74d100 000001ff9f74d0f0
0x00000045aaafeab0:   fffffffffffffffe 00007ffaf1d33be0
0x00000045aaafeac0:   000001ff9f74d0f8 00007ffb20ef42d6
0x00000045aaafead0:   000001ff9f74d100 000001ff00000000
0x00000045aaafeae0:   000001ff9f74d118 000001ff9f74d0f0
0x00000045aaafeaf0:   fffffffffffffffe 0000000000000000
0x00000045aaafeb00:   0000000000000001 00007ffaf1d10000
0x00000045aaafeb10:   00000045aaafeb88 00007ffb20ef41fb
0x00000045aaafeb20:   0000000000000000 00000045aaafeb98
0x00000045aaafeb30:   00000045aaafee50 00007ffb20fd0e40
0x00000045aaafeb40:   0000000000000001 00007ffb20ef41b4
0x00000045aaafeb50:   0000000000000000 0000000000000001
0x00000045aaafeb60:   00007ffb0000000d 00000045aaafeb88
0x00000045aaafeb70:   0000000000000000 00007ffaf1d33a60
0x00000045aaafeb80:   00007ffaf1d4d100 0000004500000002 

Instructions: (pc=0x00007ffaf1d36730)
0x00007ffaf1d36630:   8b 4d 60 e8 d8 c9 ff ff 48 8b 55 68 48 8b 8d 08
0x00007ffaf1d36640:   01 00 00 e8 a9 be ff ff 33 d2 33 c9 e8 a9 de ff
0x00007ffaf1d36650:   ff 90 cc cc cc cc cc cc cc cc cc cc cc cc cc cc
0x00007ffaf1d36660:   48 8d 8a 80 00 00 00 e9 14 ea fe ff 48 89 54 24
0x00007ffaf1d36670:   10 55 48 83 ec 20 48 8b ea 48 8d 05 1d cb ff ff
0x00007ffaf1d36680:   48 83 c4 20 5d c3 cc 40 55 48 8b ea 48 8b 01 33
0x00007ffaf1d36690:   c9 81 38 05 00 00 c0 0f 94 c1 8b c1 5d c3 cc 40
0x00007ffaf1d366a0:   55 48 83 ec 20 48 8b ea 8a 4d 40 48 83 c4 20 5d
0x00007ffaf1d366b0:   e9 23 ce ff ff cc 40 55 48 83 ec 20 48 8b ea e8
0x00007ffaf1d366c0:   3c cc ff ff 8a 4d 38 48 83 c4 20 5d e9 07 ce ff
0x00007ffaf1d366d0:   ff cc 40 55 48 83 ec 30 48 8b ea 48 8b 01 8b 10
0x00007ffaf1d366e0:   48 89 4c 24 28 89 54 24 20 4c 8d 0d d0 d1 ff ff
0x00007ffaf1d366f0:   4c 8b 45 70 8b 55 68 48 8b 4d 60 e8 70 cb ff ff
0x00007ffaf1d36700:   90 48 83 c4 30 5d c3 cc cc cc cc cc cc cc cc cc
0x00007ffaf1d36710:   40 53 48 83 ec 30 48 c7 44 24 20 fe ff ff ff 48
0x00007ffaf1d36720:   8b 1d ea 63 01 00 48 85 db 74 16 e8 90 86 ff ff
0x00007ffaf1d36730:   4c 8b 00 48 8b d3 48 8b c8 41 ff 90 b0 00 00 00
0x00007ffaf1d36740:   90 48 83 c4 30 5b c3 cc cc cc cc cc cc cc cc cc
0x00007ffaf1d36750:   40 53 48 83 ec 20 48 8b 1d 4b 65 01 00 48 85 db
0x00007ffaf1d36760:   74 57 b8 ff ff ff ff f0 0f c1 43 10 83 f8 01 75
0x00007ffaf1d36770:   3d 48 85 db 74 38 48 8b 0b 48 85 c9 74 0d ff 15
0x00007ffaf1d36780:   24 0b 00 00 48 c7 03 00 00 00 00 48 8b 4b 08 48
0x00007ffaf1d36790:   85 c9 74 0d e8 77 c8 ff ff 48 c7 43 08 00 00 00
0x00007ffaf1d367a0:   00 ba 18 00 00 00 48 8b cb e8 62 c8 ff ff 48 c7
0x00007ffaf1d367b0:   05 ef 64 01 00 00 00 00 00 48 83 c4 20 5b c3 cc
0x00007ffaf1d367c0:   40 53 48 83 ec 20 48 8b 1d bb 64 01 00 48 85 db
0x00007ffaf1d367d0:   74 57 b8 ff ff ff ff f0 0f c1 43 10 83 f8 01 75
0x00007ffaf1d367e0:   3d 48 85 db 74 38 48 8b 0b 48 85 c9 74 0d ff 15
0x00007ffaf1d367f0:   b4 0a 00 00 48 c7 03 00 00 00 00 48 8b 4b 08 48
0x00007ffaf1d36800:   85 c9 74 0d e8 07 c8 ff ff 48 c7 43 08 00 00 00
0x00007ffaf1d36810:   00 ba 18 00 00 00 48 8b cb e8 f2 c7 ff ff 48 c7
0x00007ffaf1d36820:   05 5f 64 01 00 00 00 00 00 48 83 c4 20 5b c3 cc 


Stack slot to memory mapping:
stack at sp + 0 slots: 0x0 is NULL
stack at sp + 1 slots: 0x00007ffb20eef05b ucrtbase.dll
stack at sp + 2 slots: 0x000001ff9f74d100 points into unknown readable memory: 0x0000252fe69f4f0b | 0b 4f 9f e6 2f 25 00 00
stack at sp + 3 slots: 0x000001ff9f74d0f0 points into unknown readable memory: 0x03fff2a17f298f0b | 0b 8f 29 7f a1 f2 ff 03
stack at sp + 4 slots: 0xfffffffffffffffe is an unknown value
stack at sp + 5 slots: 0x00007ffaf1d33be0 glass.dll
stack at sp + 6 slots: 0x000001ff9f74d0f8 points into unknown readable memory: 0x0000252fe69f4f0b | 0b 4f 9f e6 2f 25 00 00
stack at sp + 7 slots: 0x00007ffb20ef42d6 ucrtbase.dll

VM_Operation (0x00000045aa1feaa0): Exit, mode: safepoint, requested by thread 0x000001ff9eea8ff0


---------------  P R O C E S S  ---------------

Threads class SMR info:
_java_thread_list=0x000001ffa0341a70, length=21, elements={
0x000001ffff1983c0, 0x000001ff9dd492c0, 0x000001ff9dd4a090, 0x000001ff9dd5e2f0,
0x000001ff9dd60c10, 0x000001ff9dd61520, 0x000001ff9dd62210, 0x000001ff9dd64c20,
0x000001ff9ddd77a0, 0x000001ff9de0e690, 0x000001ff9f254fa0, 0x000001ff9eef7430,
0x000001ff9f2aa600, 0x000001ff9f3c5680, 0x000001ff9f388f70, 0x000001ff9fa5f010,
0x000001ffa000ff60, 0x000001ff9eb29440, 0x000001ff9eb2a980, 0x000001ff9eea8ff0,
0x000001ff9eea6ac0
}

Java Threads: ( => current thread )
  0x000001ffff1983c0 JavaThread "main" [_thread_blocked, id=17140, stack(0x00000045aa400000,0x00000045aa500000)]
  0x000001ff9dd492c0 JavaThread "Reference Handler" daemon [_thread_blocked, id=8676, stack(0x00000045aab00000,0x00000045aac00000)]
  0x000001ff9dd4a090 JavaThread "Finalizer" daemon [_thread_blocked, id=12440, stack(0x00000045aac00000,0x00000045aad00000)]
  0x000001ff9dd5e2f0 JavaThread "Attach Listener" daemon [_thread_blocked, id=16388, stack(0x00000045aae00000,0x00000045aaf00000)]
  0x000001ff9dd60c10 JavaThread "Service Thread" daemon [_thread_blocked, id=11820, stack(0x00000045aaf00000,0x00000045ab000000)]
  0x000001ff9dd61520 JavaThread "Monitor Deflation Thread" daemon [_thread_blocked, id=13396, stack(0x00000045ab000000,0x00000045ab100000)]
  0x000001ff9dd62210 JavaThread "C2 CompilerThread0" daemon [_thread_blocked, id=9768, stack(0x00000045ab100000,0x00000045ab200000)]
  0x000001ff9dd64c20 JavaThread "C1 CompilerThread0" daemon [_thread_blocked, id=9336, stack(0x00000045ab200000,0x00000045ab300000)]
  0x000001ff9ddd77a0 JavaThread "Sweeper thread" daemon [_thread_blocked, id=592, stack(0x00000045ab300000,0x00000045ab400000)]
  0x000001ff9de0e690 JavaThread "Common-Cleaner" daemon [_thread_blocked, id=10084, stack(0x00000045ab400000,0x00000045ab500000)]
  0x000001ff9f254fa0 JavaThread "Monitor Ctrl-Break" daemon [_thread_in_native, id=19312, stack(0x00000045ab600000,0x00000045ab700000)]
  0x000001ff9eef7430 JavaThread "Notification Thread" daemon [_thread_blocked, id=19024, stack(0x00000045ab700000,0x00000045ab800000)]
  0x000001ff9f2aa600 JavaThread "QuantumRenderer-0" daemon [_thread_blocked, id=11508, stack(0x00000045ab900000,0x00000045aba00000)]
  0x000001ff9f3c5680 JavaThread "InvokeLaterDispatcher" daemon [_thread_blocked, id=7068, stack(0x00000045aba00000,0x00000045abb00000)]
  0x000001ff9f388f70 JavaThread "JavaFX Application Thread" [_thread_in_native, id=3204, stack(0x00000045abb00000,0x00000045abc00000)]
  0x000001ff9fa5f010 JavaThread "JavaFX-Launcher" [_thread_blocked, id=7560, stack(0x00000045ac300000,0x00000045ac400000)]
  0x000001ffa000ff60 JavaThread "Thread-2" daemon [_thread_in_native, id=15208, stack(0x00000045ac200000,0x00000045ac300000)]
  0x000001ff9eb29440 JavaThread "Prism Font Disposer" daemon [_thread_blocked, id=18232, stack(0x00000045ac700000,0x00000045ac800000)]
  0x000001ff9eb2a980 JavaThread "Cleaner-0" daemon [_thread_blocked, id=5132, stack(0x00000045ac800000,0x00000045ac900000)]
  0x000001ff9eea8ff0 JavaThread "SIGINT handler" daemon [_thread_blocked, id=20008, stack(0x00000045aa100000,0x00000045aa200000)]
  0x000001ff9eea6ac0 JavaThread "Glass/Prism Shutdown Hook" [_thread_blocked, id=9084, stack(0x00000045aa200000,0x00000045aa300000)]

Other Threads:
=>0x000001ff9dd44fc0 VMThread "VM Thread" [stack: 0x00000045aaa00000,0x00000045aab00000] [id=19744]
  0x000001ffff1d9920 GCTaskThread "GC Thread#0" [stack: 0x00000045aa500000,0x00000045aa600000] [id=15400]
  0x000001ff9f3c5ba0 GCTaskThread "GC Thread#1" [stack: 0x00000045abc00000,0x00000045abd00000] [id=10368]
  0x000001ff9f3d62c0 GCTaskThread "GC Thread#2" [stack: 0x00000045abd00000,0x00000045abe00000] [id=19224]
  0x000001ff9f3d65d0 GCTaskThread "GC Thread#3" [stack: 0x00000045abe00000,0x00000045abf00000] [id=15428]
  0x000001ffff1ea2f0 ConcurrentGCThread "G1 Main Marker" terminated
  0x000001ffff1eac70 ConcurrentGCThread "G1 Conc#0" [stack: 0x00000045aa700000,0x00000045aa800000] [id=19928]
  0x000001ffff25ef30 ConcurrentGCThread "G1 Refine#0" terminated
  0x000001ffff25f8c0 ConcurrentGCThread "G1 Service" terminated

Threads with active compile tasks:

VM state: at safepoint (shutting down)

VM Mutex/Monitor currently owned by a thread:  ([mutex/lock_event])
[0x000001ffff194e70] Threads_lock - owner thread: 0x000001ff9dd44fc0
[0x000001ffff194b10] Heap_lock - owner thread: 0x000001ff9eea8ff0

Heap address: 0x0000000082c00000, size: 2004 MB, Compressed Oops mode: 32-bit

CDS archive(s) mapped at: [0x0000000800000000-0x0000000800bb0000-0x0000000800bb0000), size 12255232, SharedBaseAddress: 0x0000000800000000, ArchiveRelocationMode: 0.
Compressed class space mapped at: 0x0000000800c00000-0x0000000840c00000, reserved size: 1073741824
Narrow klass base: 0x0000000800000000, Narrow klass shift: 3, Narrow klass range: 0x100000000

GC Precious Log:
 CPUs: 4 total, 4 available
 Memory: 8014M
 Large Page Support: Disabled
 NUMA Support: Disabled
 Compressed Oops: Enabled (32-bit)
 Heap Region Size: 1M
 Heap Min Capacity: 8M
 Heap Initial Capacity: 126M
 Heap Max Capacity: 2004M
 Pre-touch: Disabled
 Parallel Workers: 4
 Concurrent Workers: 1
 Concurrent Refinement Workers: 4
 Periodic GC: Disabled

Heap:
 garbage-first heap   total 129024K, used 43644K [0x0000000082c00000, 0x0000000100000000)
  region size 1024K, 39 young (39936K), 3 survivors (3072K)
 Metaspace       used 16703K, committed 16896K, reserved 1064960K
  class space    used 2320K, committed 2432K, reserved 1048576K

Heap Regions: E=young(eden), S=young(survivor), O=old, HS=humongous(starts), HC=humongous(continues), CS=collection set, F=free, OA=open archive, CA=closed archive, TAMS=top-at-mark-start (previous, next)
|   0|0x0000000082c00000, 0x0000000082d00000, 0x0000000082d00000|100%| O|  |TAMS 0x0000000082c00000, 0x0000000082c00000| Untracked 
|   1|0x0000000082d00000, 0x0000000082e00000, 0x0000000082e00000|100%| O|  |TAMS 0x0000000082d00000, 0x0000000082d00000| Untracked 
|   2|0x0000000082e00000, 0x0000000082e9f000, 0x0000000082f00000| 62%| O|  |TAMS 0x0000000082e00000, 0x0000000082e00000| Untracked 
|   3|0x0000000082f00000, 0x0000000083000000, 0x0000000083000000|100%|HS|  |TAMS 0x0000000082f00000, 0x0000000082f00000| Complete 
|   4|0x0000000083000000, 0x0000000083100000, 0x0000000083100000|100%|HC|  |TAMS 0x0000000083000000, 0x0000000083000000| Complete 
|   5|0x0000000083100000, 0x0000000083100000, 0x0000000083200000|  0%| F|  |TAMS 0x0000000083100000, 0x0000000083100000| Untracked 
|   6|0x0000000083200000, 0x0000000083200000, 0x0000000083300000|  0%| F|  |TAMS 0x0000000083200000, 0x0000000083200000| Untracked 
|   7|0x0000000083300000, 0x0000000083300000, 0x0000000083400000|  0%| F|  |TAMS 0x0000000083300000, 0x0000000083300000| Untracked 
|   8|0x0000000083400000, 0x0000000083400000, 0x0000000083500000|  0%| F|  |TAMS 0x0000000083400000, 0x0000000083400000| Untracked 
|   9|0x0000000083500000, 0x0000000083500000, 0x0000000083600000|  0%| F|  |TAMS 0x0000000083500000, 0x0000000083500000| Untracked 
|  10|0x0000000083600000, 0x0000000083600000, 0x0000000083700000|  0%| F|  |TAMS 0x0000000083600000, 0x0000000083600000| Untracked 
|  11|0x0000000083700000, 0x0000000083700000, 0x0000000083800000|  0%| F|  |TAMS 0x0000000083700000, 0x0000000083700000| Untracked 
|  12|0x0000000083800000, 0x0000000083800000, 0x0000000083900000|  0%| F|  |TAMS 0x0000000083800000, 0x0000000083800000| Untracked 
|  13|0x0000000083900000, 0x0000000083900000, 0x0000000083a00000|  0%| F|  |TAMS 0x0000000083900000, 0x0000000083900000| Untracked 
|  14|0x0000000083a00000, 0x0000000083a00000, 0x0000000083b00000|  0%| F|  |TAMS 0x0000000083a00000, 0x0000000083a00000| Untracked 
|  15|0x0000000083b00000, 0x0000000083b00000, 0x0000000083c00000|  0%| F|  |TAMS 0x0000000083b00000, 0x0000000083b00000| Untracked 
|  16|0x0000000083c00000, 0x0000000083c00000, 0x0000000083d00000|  0%| F|  |TAMS 0x0000000083c00000, 0x0000000083c00000| Untracked 
|  17|0x0000000083d00000, 0x0000000083d00000, 0x0000000083e00000|  0%| F|  |TAMS 0x0000000083d00000, 0x0000000083d00000| Untracked 
|  18|0x0000000083e00000, 0x0000000083e00000, 0x0000000083f00000|  0%| F|  |TAMS 0x0000000083e00000, 0x0000000083e00000| Untracked 
|  19|0x0000000083f00000, 0x0000000083f00000, 0x0000000084000000|  0%| F|  |TAMS 0x0000000083f00000, 0x0000000083f00000| Untracked 
|  20|0x0000000084000000, 0x0000000084000000, 0x0000000084100000|  0%| F|  |TAMS 0x0000000084000000, 0x0000000084000000| Untracked 
|  21|0x0000000084100000, 0x0000000084100000, 0x0000000084200000|  0%| F|  |TAMS 0x0000000084100000, 0x0000000084100000| Untracked 
|  22|0x0000000084200000, 0x0000000084200000, 0x0000000084300000|  0%| F|  |TAMS 0x0000000084200000, 0x0000000084200000| Untracked 
|  23|0x0000000084300000, 0x0000000084300000, 0x0000000084400000|  0%| F|  |TAMS 0x0000000084300000, 0x0000000084300000| Untracked 
|  24|0x0000000084400000, 0x0000000084400000, 0x0000000084500000|  0%| F|  |TAMS 0x0000000084400000, 0x0000000084400000| Untracked 
|  25|0x0000000084500000, 0x0000000084500000, 0x0000000084600000|  0%| F|  |TAMS 0x0000000084500000, 0x0000000084500000| Untracked 
|  26|0x0000000084600000, 0x0000000084600000, 0x0000000084700000|  0%| F|  |TAMS 0x0000000084600000, 0x0000000084600000| Untracked 
|  27|0x0000000084700000, 0x0000000084700000, 0x0000000084800000|  0%| F|  |TAMS 0x0000000084700000, 0x0000000084700000| Untracked 
|  28|0x0000000084800000, 0x0000000084800000, 0x0000000084900000|  0%| F|  |TAMS 0x0000000084800000, 0x0000000084800000| Untracked 
|  29|0x0000000084900000, 0x0000000084900000, 0x0000000084a00000|  0%| F|  |TAMS 0x0000000084900000, 0x0000000084900000| Untracked 
|  30|0x0000000084a00000, 0x0000000084a00000, 0x0000000084b00000|  0%| F|  |TAMS 0x0000000084a00000, 0x0000000084a00000| Untracked 
|  31|0x0000000084b00000, 0x0000000084b00000, 0x0000000084c00000|  0%| F|  |TAMS 0x0000000084b00000, 0x0000000084b00000| Untracked 
|  32|0x0000000084c00000, 0x0000000084c00000, 0x0000000084d00000|  0%| F|  |TAMS 0x0000000084c00000, 0x0000000084c00000| Untracked 
|  33|0x0000000084d00000, 0x0000000084d00000, 0x0000000084e00000|  0%| F|  |TAMS 0x0000000084d00000, 0x0000000084d00000| Untracked 
|  34|0x0000000084e00000, 0x0000000084e00000, 0x0000000084f00000|  0%| F|  |TAMS 0x0000000084e00000, 0x0000000084e00000| Untracked 
|  35|0x0000000084f00000, 0x0000000084f00000, 0x0000000085000000|  0%| F|  |TAMS 0x0000000084f00000, 0x0000000084f00000| Untracked 
|  36|0x0000000085000000, 0x0000000085000000, 0x0000000085100000|  0%| F|  |TAMS 0x0000000085000000, 0x0000000085000000| Untracked 
|  37|0x0000000085100000, 0x0000000085100000, 0x0000000085200000|  0%| F|  |TAMS 0x0000000085100000, 0x0000000085100000| Untracked 
|  38|0x0000000085200000, 0x0000000085200000, 0x0000000085300000|  0%| F|  |TAMS 0x0000000085200000, 0x0000000085200000| Untracked 
|  39|0x0000000085300000, 0x0000000085300000, 0x0000000085400000|  0%| F|  |TAMS 0x0000000085300000, 0x0000000085300000| Untracked 
|  40|0x0000000085400000, 0x0000000085400000, 0x0000000085500000|  0%| F|  |TAMS 0x0000000085400000, 0x0000000085400000| Untracked 
|  41|0x0000000085500000, 0x0000000085500000, 0x0000000085600000|  0%| F|  |TAMS 0x0000000085500000, 0x0000000085500000| Untracked 
|  42|0x0000000085600000, 0x0000000085600000, 0x0000000085700000|  0%| F|  |TAMS 0x0000000085600000, 0x0000000085600000| Untracked 
|  43|0x0000000085700000, 0x0000000085700000, 0x0000000085800000|  0%| F|  |TAMS 0x0000000085700000, 0x0000000085700000| Untracked 
|  44|0x0000000085800000, 0x0000000085800000, 0x0000000085900000|  0%| F|  |TAMS 0x0000000085800000, 0x0000000085800000| Untracked 
|  45|0x0000000085900000, 0x0000000085900000, 0x0000000085a00000|  0%| F|  |TAMS 0x0000000085900000, 0x0000000085900000| Untracked 
|  46|0x0000000085a00000, 0x0000000085a00000, 0x0000000085b00000|  0%| F|  |TAMS 0x0000000085a00000, 0x0000000085a00000| Untracked 
|  47|0x0000000085b00000, 0x0000000085b00000, 0x0000000085c00000|  0%| F|  |TAMS 0x0000000085b00000, 0x0000000085b00000| Untracked 
|  48|0x0000000085c00000, 0x0000000085c00000, 0x0000000085d00000|  0%| F|  |TAMS 0x0000000085c00000, 0x0000000085c00000| Untracked 
|  49|0x0000000085d00000, 0x0000000085d00000, 0x0000000085e00000|  0%| F|  |TAMS 0x0000000085d00000, 0x0000000085d00000| Untracked 
|  50|0x0000000085e00000, 0x0000000085e00000, 0x0000000085f00000|  0%| F|  |TAMS 0x0000000085e00000, 0x0000000085e00000| Untracked 
|  51|0x0000000085f00000, 0x0000000085f00000, 0x0000000086000000|  0%| F|  |TAMS 0x0000000085f00000, 0x0000000085f00000| Untracked 
|  52|0x0000000086000000, 0x0000000086000000, 0x0000000086100000|  0%| F|  |TAMS 0x0000000086000000, 0x0000000086000000| Untracked 
|  53|0x0000000086100000, 0x0000000086100000, 0x0000000086200000|  0%| F|  |TAMS 0x0000000086100000, 0x0000000086100000| Untracked 
|  54|0x0000000086200000, 0x0000000086200000, 0x0000000086300000|  0%| F|  |TAMS 0x0000000086200000, 0x0000000086200000| Untracked 
|  55|0x0000000086300000, 0x0000000086300000, 0x0000000086400000|  0%| F|  |TAMS 0x0000000086300000, 0x0000000086300000| Untracked 
|  56|0x0000000086400000, 0x0000000086400000, 0x0000000086500000|  0%| F|  |TAMS 0x0000000086400000, 0x0000000086400000| Untracked 
|  57|0x0000000086500000, 0x0000000086500000, 0x0000000086600000|  0%| F|  |TAMS 0x0000000086500000, 0x0000000086500000| Untracked 
|  58|0x0000000086600000, 0x0000000086600000, 0x0000000086700000|  0%| F|  |TAMS 0x0000000086600000, 0x0000000086600000| Untracked 
|  59|0x0000000086700000, 0x0000000086700000, 0x0000000086800000|  0%| F|  |TAMS 0x0000000086700000, 0x0000000086700000| Untracked 
|  60|0x0000000086800000, 0x0000000086800000, 0x0000000086900000|  0%| F|  |TAMS 0x0000000086800000, 0x0000000086800000| Untracked 
|  61|0x0000000086900000, 0x0000000086900000, 0x0000000086a00000|  0%| F|  |TAMS 0x0000000086900000, 0x0000000086900000| Untracked 
|  62|0x0000000086a00000, 0x0000000086a00000, 0x0000000086b00000|  0%| F|  |TAMS 0x0000000086a00000, 0x0000000086a00000| Untracked 
|  63|0x0000000086b00000, 0x0000000086b00000, 0x0000000086c00000|  0%| F|  |TAMS 0x0000000086b00000, 0x0000000086b00000| Untracked 
|  64|0x0000000086c00000, 0x0000000086c00000, 0x0000000086d00000|  0%| F|  |TAMS 0x0000000086c00000, 0x0000000086c00000| Untracked 
|  65|0x0000000086d00000, 0x0000000086d00000, 0x0000000086e00000|  0%| F|  |TAMS 0x0000000086d00000, 0x0000000086d00000| Untracked 
|  66|0x0000000086e00000, 0x0000000086e00000, 0x0000000086f00000|  0%| F|  |TAMS 0x0000000086e00000, 0x0000000086e00000| Untracked 
|  67|0x0000000086f00000, 0x0000000086f00000, 0x0000000087000000|  0%| F|  |TAMS 0x0000000086f00000, 0x0000000086f00000| Untracked 
|  68|0x0000000087000000, 0x0000000087000000, 0x0000000087100000|  0%| F|  |TAMS 0x0000000087000000, 0x0000000087000000| Untracked 
|  69|0x0000000087100000, 0x0000000087100000, 0x0000000087200000|  0%| F|  |TAMS 0x0000000087100000, 0x0000000087100000| Untracked 
|  70|0x0000000087200000, 0x0000000087200000, 0x0000000087300000|  0%| F|  |TAMS 0x0000000087200000, 0x0000000087200000| Untracked 
|  71|0x0000000087300000, 0x0000000087300000, 0x0000000087400000|  0%| F|  |TAMS 0x0000000087300000, 0x0000000087300000| Untracked 
|  72|0x0000000087400000, 0x0000000087400000, 0x0000000087500000|  0%| F|  |TAMS 0x0000000087400000, 0x0000000087400000| Untracked 
|  73|0x0000000087500000, 0x0000000087500000, 0x0000000087600000|  0%| F|  |TAMS 0x0000000087500000, 0x0000000087500000| Untracked 
|  74|0x0000000087600000, 0x0000000087600000, 0x0000000087700000|  0%| F|  |TAMS 0x0000000087600000, 0x0000000087600000| Untracked 
|  75|0x0000000087700000, 0x0000000087700000, 0x0000000087800000|  0%| F|  |TAMS 0x0000000087700000, 0x0000000087700000| Untracked 
|  76|0x0000000087800000, 0x0000000087800000, 0x0000000087900000|  0%| F|  |TAMS 0x0000000087800000, 0x0000000087800000| Untracked 
|  77|0x0000000087900000, 0x0000000087900000, 0x0000000087a00000|  0%| F|  |TAMS 0x0000000087900000, 0x0000000087900000| Untracked 
|  78|0x0000000087a00000, 0x0000000087a00000, 0x0000000087b00000|  0%| F|  |TAMS 0x0000000087a00000, 0x0000000087a00000| Untracked 
|  79|0x0000000087b00000, 0x0000000087b00000, 0x0000000087c00000|  0%| F|  |TAMS 0x0000000087b00000, 0x0000000087b00000| Untracked 
|  80|0x0000000087c00000, 0x0000000087c00000, 0x0000000087d00000|  0%| F|  |TAMS 0x0000000087c00000, 0x0000000087c00000| Untracked 
|  81|0x0000000087d00000, 0x0000000087d00000, 0x0000000087e00000|  0%| F|  |TAMS 0x0000000087d00000, 0x0000000087d00000| Untracked 
|  82|0x0000000087e00000, 0x0000000087e00000, 0x0000000087f00000|  0%| F|  |TAMS 0x0000000087e00000, 0x0000000087e00000| Untracked 
|  83|0x0000000087f00000, 0x0000000087f00000, 0x0000000088000000|  0%| F|  |TAMS 0x0000000087f00000, 0x0000000087f00000| Untracked 
|  84|0x0000000088000000, 0x0000000088000000, 0x0000000088100000|  0%| F|  |TAMS 0x0000000088000000, 0x0000000088000000| Untracked 
|  85|0x0000000088100000, 0x0000000088100000, 0x0000000088200000|  0%| F|  |TAMS 0x0000000088100000, 0x0000000088100000| Untracked 
|  86|0x0000000088200000, 0x0000000088200000, 0x0000000088300000|  0%| F|  |TAMS 0x0000000088200000, 0x0000000088200000| Untracked 
|  87|0x0000000088300000, 0x0000000088393f90, 0x0000000088400000| 57%| E|  |TAMS 0x0000000088300000, 0x0000000088300000| Complete 
|  88|0x0000000088400000, 0x0000000088500000, 0x0000000088500000|100%| E|CS|TAMS 0x0000000088400000, 0x0000000088400000| Complete 
|  89|0x0000000088500000, 0x0000000088600000, 0x0000000088600000|100%| E|CS|TAMS 0x0000000088500000, 0x0000000088500000| Complete 
|  90|0x0000000088600000, 0x0000000088700000, 0x0000000088700000|100%| E|CS|TAMS 0x0000000088600000, 0x0000000088600000| Complete 
|  91|0x0000000088700000, 0x0000000088800000, 0x0000000088800000|100%| E|CS|TAMS 0x0000000088700000, 0x0000000088700000| Complete 
|  92|0x0000000088800000, 0x0000000088900000, 0x0000000088900000|100%| E|CS|TAMS 0x0000000088800000, 0x0000000088800000| Complete 
|  93|0x0000000088900000, 0x0000000088a00000, 0x0000000088a00000|100%| E|CS|TAMS 0x0000000088900000, 0x0000000088900000| Complete 
|  94|0x0000000088a00000, 0x0000000088b00000, 0x0000000088b00000|100%| E|CS|TAMS 0x0000000088a00000, 0x0000000088a00000| Complete 
|  95|0x0000000088b00000, 0x0000000088c00000, 0x0000000088c00000|100%| E|CS|TAMS 0x0000000088b00000, 0x0000000088b00000| Complete 
|  96|0x0000000088c00000, 0x0000000088d00000, 0x0000000088d00000|100%| E|CS|TAMS 0x0000000088c00000, 0x0000000088c00000| Complete 
|  97|0x0000000088d00000, 0x0000000088e00000, 0x0000000088e00000|100%| E|CS|TAMS 0x0000000088d00000, 0x0000000088d00000| Complete 
|  98|0x0000000088e00000, 0x0000000088f00000, 0x0000000088f00000|100%| E|CS|TAMS 0x0000000088e00000, 0x0000000088e00000| Complete 
|  99|0x0000000088f00000, 0x0000000089000000, 0x0000000089000000|100%| E|CS|TAMS 0x0000000088f00000, 0x0000000088f00000| Complete 
| 100|0x0000000089000000, 0x0000000089100000, 0x0000000089100000|100%| E|CS|TAMS 0x0000000089000000, 0x0000000089000000| Complete 
| 101|0x0000000089100000, 0x0000000089200000, 0x0000000089200000|100%| E|CS|TAMS 0x0000000089100000, 0x0000000089100000| Complete 
| 102|0x0000000089200000, 0x0000000089300000, 0x0000000089300000|100%| E|CS|TAMS 0x0000000089200000, 0x0000000089200000| Complete 
| 103|0x0000000089300000, 0x0000000089400000, 0x0000000089400000|100%| E|CS|TAMS 0x0000000089300000, 0x0000000089300000| Complete 
| 104|0x0000000089400000, 0x0000000089500000, 0x0000000089500000|100%| E|CS|TAMS 0x0000000089400000, 0x0000000089400000| Complete 
| 105|0x0000000089500000, 0x0000000089600000, 0x0000000089600000|100%| S|CS|TAMS 0x0000000089500000, 0x0000000089500000| Complete 
| 106|0x0000000089600000, 0x0000000089700000, 0x0000000089700000|100%| S|CS|TAMS 0x0000000089600000, 0x0000000089600000| Complete 
| 107|0x0000000089700000, 0x0000000089800000, 0x0000000089800000|100%| S|CS|TAMS 0x0000000089700000, 0x0000000089700000| Complete 
| 108|0x0000000089800000, 0x0000000089900000, 0x0000000089900000|100%| E|CS|TAMS 0x0000000089800000, 0x0000000089800000| Complete 
| 109|0x0000000089900000, 0x0000000089a00000, 0x0000000089a00000|100%| E|CS|TAMS 0x0000000089900000, 0x0000000089900000| Complete 
| 110|0x0000000089a00000, 0x0000000089b00000, 0x0000000089b00000|100%| E|CS|TAMS 0x0000000089a00000, 0x0000000089a00000| Complete 
| 111|0x0000000089b00000, 0x0000000089c00000, 0x0000000089c00000|100%| E|CS|TAMS 0x0000000089b00000, 0x0000000089b00000| Complete 
| 112|0x0000000089c00000, 0x0000000089d00000, 0x0000000089d00000|100%| E|CS|TAMS 0x0000000089c00000, 0x0000000089c00000| Complete 
| 113|0x0000000089d00000, 0x0000000089e00000, 0x0000000089e00000|100%| E|CS|TAMS 0x0000000089d00000, 0x0000000089d00000| Complete 
| 114|0x0000000089e00000, 0x0000000089f00000, 0x0000000089f00000|100%| E|CS|TAMS 0x0000000089e00000, 0x0000000089e00000| Complete 
| 115|0x0000000089f00000, 0x000000008a000000, 0x000000008a000000|100%| E|CS|TAMS 0x0000000089f00000, 0x0000000089f00000| Complete 
| 116|0x000000008a000000, 0x000000008a100000, 0x000000008a100000|100%| E|CS|TAMS 0x000000008a000000, 0x000000008a000000| Complete 
| 117|0x000000008a100000, 0x000000008a200000, 0x000000008a200000|100%| E|CS|TAMS 0x000000008a100000, 0x000000008a100000| Complete 
| 118|0x000000008a200000, 0x000000008a300000, 0x000000008a300000|100%| E|CS|TAMS 0x000000008a200000, 0x000000008a200000| Complete 
| 119|0x000000008a300000, 0x000000008a400000, 0x000000008a400000|100%| E|CS|TAMS 0x000000008a300000, 0x000000008a300000| Complete 
| 120|0x000000008a400000, 0x000000008a500000, 0x000000008a500000|100%| E|CS|TAMS 0x000000008a400000, 0x000000008a400000| Complete 
| 121|0x000000008a500000, 0x000000008a600000, 0x000000008a600000|100%| E|CS|TAMS 0x000000008a500000, 0x000000008a500000| Complete 
| 122|0x000000008a600000, 0x000000008a700000, 0x000000008a700000|100%| E|CS|TAMS 0x000000008a600000, 0x000000008a600000| Complete 
| 123|0x000000008a700000, 0x000000008a800000, 0x000000008a800000|100%| E|CS|TAMS 0x000000008a700000, 0x000000008a700000| Complete 
| 124|0x000000008a800000, 0x000000008a900000, 0x000000008a900000|100%| E|CS|TAMS 0x000000008a800000, 0x000000008a800000| Complete 
| 125|0x000000008a900000, 0x000000008aa00000, 0x000000008aa00000|100%| E|CS|TAMS 0x000000008a900000, 0x000000008a900000| Complete 

Card table byte_map: [0x000001ff970f0000,0x000001ff974e0000] _byte_map_base: 0x000001ff96cda000

Marking Bits (Prev, Next): (CMBitMap*) 0x000001ffff1d9ea0, (CMBitMap*) 0x000001ffff1d9ee0
 Prev Bits: [0x000001ff978d0000, 0x000001ff99820000)
 Next Bits: [0x000001ff99820000, 0x000001ff9b770000)

Polling page: 0x000001ff80000000

Metaspace:

Usage:
  Non-class:     14.05 MB used.
      Class:      2.27 MB used.
       Both:     16.31 MB used.

Virtual space:
  Non-class space:       16.00 MB reserved,      14.12 MB ( 88%) committed,  2 nodes.
      Class space:        1.00 GB reserved,       2.38 MB ( <1%) committed,  1 nodes.
              Both:        1.02 GB reserved,      16.50 MB (  2%) committed. 

Chunk freelists:
   Non-Class:  1.14 MB
       Class:  1.44 MB
        Both:  2.58 MB

MaxMetaspaceSize: 17179869184.00 GB
CompressedClassSpaceSize: 1.00 GB
 - commit_granule_bytes: 65536.
 - commit_granule_words: 8192.
 - virtual_space_node_default_size: 1048576.
 - enlarge_chunks_in_place: 1.
 - new_chunks_are_fully_committed: 0.
 - uncommit_free_chunks: 1.
 - use_allocation_guard: 0.
 - handle_deallocations: 1.


Internal statistics:

num_allocs_failed_limit: 0.
num_arena_births: 192.
num_arena_deaths: 0.
num_vsnodes_births: 3.
num_vsnodes_deaths: 0.
num_space_committed: 264.
num_space_uncommitted: 0.
num_chunks_returned_to_freelist: 0.
num_chunks_taken_from_freelist: 759.
num_chunk_merges: 0.
num_chunk_splits: 507.
num_chunks_enlarged: 388.
num_purges: 0.

CodeHeap 'non-profiled nmethods': size=120000Kb used=1132Kb max_used=1132Kb free=118867Kb
 bounds [0x000001ff8f190000, 0x000001ff8f400000, 0x000001ff966c0000]
CodeHeap 'profiled nmethods': size=120000Kb used=5407Kb max_used=5407Kb free=114593Kb
 bounds [0x000001ff87c60000, 0x000001ff881b0000, 0x000001ff8f190000]
CodeHeap 'non-nmethods': size=5760Kb used=1453Kb max_used=1484Kb free=4306Kb
 bounds [0x000001ff876c0000, 0x000001ff87930000, 0x000001ff87c60000]
 total_blobs=3812 nmethods=2996 adapters=729
 compilation: enabled
              stopped_count=0, restarted_count=0
 full_count=0

Compilation events (20 events):
Event: 16.833 Thread 0x000001ff9dd64c20 2988       3       com.sun.javafx.scene.KeyboardShortcutsHandler::dispatchBubblingEvent (60 bytes)
Event: 16.834 Thread 0x000001ff9dd64c20 nmethod 2988 0x000001ff881a1610 code [0x000001ff881a1800, 0x000001ff881a1f28]
Event: 16.847 Thread 0x000001ff9dd64c20 2989       3       com.sun.glass.ui.View::handleMouseEvent (34 bytes)
Event: 16.847 Thread 0x000001ff9dd64c20 nmethod 2989 0x000001ff881a2090 code [0x000001ff881a2240, 0x000001ff881a24e8]
Event: 16.848 Thread 0x000001ff9dd64c20 2990       3       com.sun.javafx.tk.quantum.GlassViewEventHandler::handleMouseEvent (108 bytes)
Event: 16.848 Thread 0x000001ff9dd64c20 nmethod 2990 0x000001ff881a2610 code [0x000001ff881a2820, 0x000001ff881a2eb8]
Event: 16.848 Thread 0x000001ff9dd64c20 2991       3       com.sun.javafx.tk.quantum.GlassViewEventHandler$$Lambda$433/0x0000000800e086d8::<init> (10 bytes)
Event: 16.848 Thread 0x000001ff9dd64c20 nmethod 2991 0x000001ff881a3190 code [0x000001ff881a3340, 0x000001ff881a34f8]
Event: 16.848 Thread 0x000001ff9dd64c20 2992       3       com.sun.javafx.tk.quantum.GlassViewEventHandler$$Lambda$433/0x0000000800e086d8::get (8 bytes)
Event: 16.849 Thread 0x000001ff9dd64c20 nmethod 2992 0x000001ff881a3590 code [0x000001ff881a37c0, 0x000001ff881a3dc8]
Event: 16.849 Thread 0x000001ff9dd64c20 2993       3       com.sun.javafx.tk.quantum.GlassViewEventHandler::lambda$handleMouseEvent$2 (18 bytes)
Event: 16.849 Thread 0x000001ff9dd64c20 nmethod 2993 0x000001ff881a4110 code [0x000001ff881a4340, 0x000001ff881a48e8]
Event: 16.849 Thread 0x000001ff9dd64c20 2994   !   3       com.sun.javafx.tk.quantum.GlassViewEventHandler$MouseEventNotification::run (635 bytes)
Event: 16.851 Thread 0x000001ff9dd64c20 nmethod 2994 0x000001ff881a4b90 code [0x000001ff881a4e80, 0x000001ff881a6228]
Event: 17.393 Thread 0x000001ff9dd64c20 2995       3       com.sun.javafx.event.CompositeEventHandler$NormalEventHandlerRecord::handleBubblingEvent (11 bytes)
Event: 17.394 Thread 0x000001ff9dd64c20 nmethod 2995 0x000001ff881a6b10 code [0x000001ff881a6cc0, 0x000001ff881a6ea8]
Event: 17.401 Thread 0x000001ff9dd64c20 2996       3       com.sun.javafx.css.PseudoClassState::cast (6 bytes)
Event: 17.402 Thread 0x000001ff9dd64c20 nmethod 2996 0x000001ff881a6f90 code [0x000001ff881a7160, 0x000001ff881a74c8]
Event: 17.402 Thread 0x000001ff9dd64c20 2997       3       com.sun.javafx.css.PseudoClassState::cast (21 bytes)
Event: 17.402 Thread 0x000001ff9dd64c20 nmethod 2997 0x000001ff881a7610 code [0x000001ff881a77c0, 0x000001ff881a7ae8]

GC Heap History (4 events):
Event: 0.917 GC heap before
{Heap before GC invocations=0 (full 0):
 garbage-first heap   total 129024K, used 12288K [0x0000000082c00000, 0x0000000100000000)
  region size 1024K, 13 young (13312K), 0 survivors (0K)
 Metaspace       used 2806K, committed 2944K, reserved 1056768K
  class space    used 285K, committed 384K, reserved 1048576K
}
Event: 0.923 GC heap after
{Heap after GC invocations=1 (full 0):
 garbage-first heap   total 129024K, used 2220K [0x0000000082c00000, 0x0000000100000000)
  region size 1024K, 2 young (2048K), 2 survivors (2048K)
 Metaspace       used 2806K, committed 2944K, reserved 1056768K
  class space    used 285K, committed 384K, reserved 1048576K
}
Event: 1.650 GC heap before
{Heap before GC invocations=1 (full 0):
 garbage-first heap   total 129024K, used 17580K [0x0000000082c00000, 0x0000000100000000)
  region size 1024K, 18 young (18432K), 2 survivors (2048K)
 Metaspace       used 8024K, committed 8192K, reserved 1064960K
  class space    used 956K, committed 1024K, reserved 1048576K
}
Event: 1.657 GC heap after
{Heap after GC invocations=2 (full 0):
 garbage-first heap   total 129024K, used 5756K [0x0000000082c00000, 0x0000000100000000)
  region size 1024K, 3 young (3072K), 3 survivors (3072K)
 Metaspace       used 8024K, committed 8192K, reserved 1064960K
  class space    used 956K, committed 1024K, reserved 1048576K
}

Deoptimization events (20 events):
Event: 11.740 Thread 0x000001ff9f388f70 Uncommon trap: trap_request=0xffffffde fr.pc=0x000001ff8f274ef0 relative=0x00000000000010d0
Event: 11.740 Thread 0x000001ff9f388f70 Uncommon trap: reason=class_check action=maybe_recompile pc=0x000001ff8f274ef0 method=javafx.scene.Node.updateLocalToParentTransform()V @ 11 c2
Event: 11.740 Thread 0x000001ff9f388f70 DEOPT PACKING pc=0x000001ff8f274ef0 sp=0x00000045abbf6a70
Event: 11.740 Thread 0x000001ff9f388f70 DEOPT UNPACKING pc=0x000001ff8770d728 sp=0x00000045abbf6a30 mode 2
Event: 13.115 Thread 0x000001ff9f388f70 Uncommon trap: trap_request=0xffffffd6 fr.pc=0x000001ff8f290540 relative=0x0000000000000960
Event: 13.115 Thread 0x000001ff9f388f70 Uncommon trap: reason=array_check action=maybe_recompile pc=0x000001ff8f290540 method=javafx.css.SimpleSelector.applies(Ljavafx/css/Styleable;[Ljava/util/Set;I)Z @ 37 c2
Event: 13.115 Thread 0x000001ff9f388f70 DEOPT PACKING pc=0x000001ff8f290540 sp=0x00000045abbf8470
Event: 13.115 Thread 0x000001ff9f388f70 DEOPT UNPACKING pc=0x000001ff8770d728 sp=0x00000045abbf8448 mode 2
Event: 13.115 Thread 0x000001ff9f388f70 Uncommon trap: trap_request=0xffffffd6 fr.pc=0x000001ff8f290540 relative=0x0000000000000960
Event: 13.115 Thread 0x000001ff9f388f70 Uncommon trap: reason=array_check action=maybe_recompile pc=0x000001ff8f290540 method=javafx.css.SimpleSelector.applies(Ljavafx/css/Styleable;[Ljava/util/Set;I)Z @ 37 c2
Event: 13.115 Thread 0x000001ff9f388f70 DEOPT PACKING pc=0x000001ff8f290540 sp=0x00000045abbf8370
Event: 13.115 Thread 0x000001ff9f388f70 DEOPT UNPACKING pc=0x000001ff8770d728 sp=0x00000045abbf8348 mode 2
Event: 13.115 Thread 0x000001ff9f388f70 Uncommon trap: trap_request=0xffffffd6 fr.pc=0x000001ff8f290540 relative=0x0000000000000960
Event: 13.115 Thread 0x000001ff9f388f70 Uncommon trap: reason=array_check action=maybe_recompile pc=0x000001ff8f290540 method=javafx.css.SimpleSelector.applies(Ljavafx/css/Styleable;[Ljava/util/Set;I)Z @ 37 c2
Event: 13.115 Thread 0x000001ff9f388f70 DEOPT PACKING pc=0x000001ff8f290540 sp=0x00000045abbf8370
Event: 13.115 Thread 0x000001ff9f388f70 DEOPT UNPACKING pc=0x000001ff8770d728 sp=0x00000045abbf8348 mode 2
Event: 13.116 Thread 0x000001ff9f388f70 Uncommon trap: trap_request=0xffffffd6 fr.pc=0x000001ff8f290540 relative=0x0000000000000960
Event: 13.116 Thread 0x000001ff9f388f70 Uncommon trap: reason=array_check action=maybe_recompile pc=0x000001ff8f290540 method=javafx.css.SimpleSelector.applies(Ljavafx/css/Styleable;[Ljava/util/Set;I)Z @ 37 c2
Event: 13.116 Thread 0x000001ff9f388f70 DEOPT PACKING pc=0x000001ff8f290540 sp=0x00000045abbf8300
Event: 13.116 Thread 0x000001ff9f388f70 DEOPT UNPACKING pc=0x000001ff8770d728 sp=0x00000045abbf82d8 mode 2

Classes unloaded (0 events):
No events

Classes redefined (0 events):
No events

Internal exceptions (20 events):
Event: 1.047 Thread 0x000001ff9fa5f010 Exception <a 'java/lang/NoSuchMethodError'{0x000000008a604230}: 'void java.lang.invoke.DirectMethodHandle$Holder.invokeStatic(java.lang.Object, java.lang.Object, java.lang.Object, java.lang.Object)'> (0x000000008a604230) 
thrown [t:\workspace\open\src\hotspot\share\interpreter\linkResolver.cpp, line 790]
Event: 1.355 Thread 0x000001ff9f388f70 Exception <a 'java/lang/NoSuchMethodError'{0x000000008a0175b8}: 'java.lang.Object java.lang.invoke.DirectMethodHandle$Holder.invokeStaticInit(java.lang.Object, java.lang.Object, java.lang.Object, java.lang.Object)'> (0x000000008a0175b8) 
thrown [t:\workspace\open\src\hotspot\share\interpreter\linkResolver.cpp, line 790]
Event: 1.358 Thread 0x000001ff9f388f70 Exception <a 'java/lang/NullPointerException'{0x000000008a0235b0}> (0x000000008a0235b0) 
thrown [t:\workspace\open\src\hotspot\share\interpreter\linkResolver.cpp, line 1385]
Event: 1.365 Thread 0x000001ff9f388f70 Exception <a 'java/lang/NoSuchMethodError'{0x000000008a041f80}: 'void java.lang.invoke.DirectMethodHandle$Holder.invokeSpecial(java.lang.Object, java.lang.Object, java.lang.Object, java.lang.Object, java.lang.Object)'> (0x000000008a041f80) 
thrown [t:\workspace\open\src\hotspot\share\interpreter\linkResolver.cpp, line 790]
Event: 1.435 Thread 0x000001ff9f388f70 Exception <a 'java/lang/ClassNotFoundException'{0x0000000089f08a18}: sun/util/logging/resources/spi/loggingProvider> (0x0000000089f08a18) 
thrown [t:\workspace\open\src\hotspot\share\classfile\systemDictionary.cpp, line 256]
Event: 1.699 Thread 0x000001ff9f388f70 Exception <a 'java/lang/NoSuchMethodError'{0x000000008a8a61d0}: 'void java.lang.invoke.DirectMethodHandle$Holder.invokeStaticInit(java.lang.Object, java.lang.Object)'> (0x000000008a8a61d0) 
thrown [t:\workspace\open\src\hotspot\share\interpreter\linkResolver.cpp, line 790]
Event: 1.966 Thread 0x000001ff9f388f70 Implicit null exception at 0x000001ff8f1f330c to 0x000001ff8f1f34c8
Event: 2.223 Thread 0x000001ff9f388f70 Exception <a 'java/lang/ClassNotFoundException'{0x0000000089d82598}: com/sun/javafx/scene/control/skin/resources/controls> (0x0000000089d82598) 
thrown [t:\workspace\open\src\hotspot\share\prims\jni.cpp, line 600]
Event: 2.224 Thread 0x000001ff9f388f70 Exception <a 'java/lang/ClassNotFoundException'{0x0000000089d90098}: com/sun/javafx/scene/control/skin/resources/controls_ru> (0x0000000089d90098) 
thrown [t:\workspace\open\src\hotspot\share\prims\jni.cpp, line 600]
Event: 2.225 Thread 0x000001ff9f388f70 Exception <a 'java/lang/ClassNotFoundException'{0x0000000089d91688}: com/sun/javafx/scene/control/skin/resources/controls_ru_RU> (0x0000000089d91688) 
thrown [t:\workspace\open\src\hotspot\share\prims\jni.cpp, line 600]
Event: 2.336 Thread 0x000001ff9f388f70 Exception <a 'java/lang/NoSuchMethodError'{0x0000000089b52300}: 'void java.lang.invoke.DirectMethodHandle$Holder.invokeSpecial(java.lang.Object, java.lang.Object, java.lang.Object, java.lang.Object, java.lang.Object, java.lang.Object)'> (0x0000000089b52300) 
thrown [t:\workspace\open\src\hotspot\share\interpreter\linkResolver.cpp, line 790]
Event: 2.411 Thread 0x000001ff9f388f70 Exception <a 'java/lang/NoSuchMethodError'{0x000000008983b080}: 'java.lang.Object java.lang.invoke.DirectMethodHandle$Holder.invokeInterface(java.lang.Object, java.lang.Object, java.lang.Object)'> (0x000000008983b080) 
thrown [t:\workspace\open\src\hotspot\share\interpreter\linkResolver.cpp, line 790]
Event: 2.412 Thread 0x000001ff9f388f70 Exception <a 'java/lang/IncompatibleClassChangeError'{0x000000008983ec00}: Found class java.lang.Object, but interface was expected> (0x000000008983ec00) 
thrown [t:\workspace\open\src\hotspot\share\interpreter\linkResolver.cpp, line 857]
Event: 2.526 Thread 0x000001ff9f388f70 Exception <a 'java/lang/NoSuchMethodError'{0x0000000089315f38}: 'java.lang.Object java.lang.invoke.DirectMethodHandle$Holder.newInvokeSpecial(java.lang.Object, java.lang.Object, int)'> (0x0000000089315f38) 
thrown [t:\workspace\open\src\hotspot\share\interpreter\linkResolver.cpp, line 790]
Event: 2.560 Thread 0x000001ff9f2aa600 Exception <a 'java/lang/NoSuchMethodError'{0x000000008921a218}: 'int java.lang.invoke.DirectMethodHandle$Holder.invokeStaticInit(java.lang.Object, java.lang.Object)'> (0x000000008921a218) 
thrown [t:\workspace\open\src\hotspot\share\interpreter\linkResolver.cpp, line 790]
Event: 2.566 Thread 0x000001ff9f388f70 Exception <a 'java/lang/NoSuchMethodError'{0x000000008936b410}: 'long java.lang.invoke.DirectMethodHandle$Holder.invokeStatic(java.lang.Object, java.lang.Object, java.lang.Object)'> (0x000000008936b410) 
thrown [t:\workspace\open\src\hotspot\share\interpreter\linkResolver.cpp, line 790]
Event: 2.567 Thread 0x000001ff9f388f70 Exception <a 'java/lang/NoSuchMethodError'{0x000000008936edc0}: 'long java.lang.invoke.DirectMethodHandle$Holder.invokeStaticInit(java.lang.Object, java.lang.Object, java.lang.Object)'> (0x000000008936edc0) 
thrown [t:\workspace\open\src\hotspot\share\interpreter\linkResolver.cpp, line 790]
Event: 2.572 Thread 0x000001ff9f388f70 Exception <a 'java/lang/NoSuchMethodError'{0x0000000089286fb8}: 'java.lang.Object java.lang.invoke.DirectMethodHandle$Holder.newInvokeSpecial(java.lang.Object, java.lang.Object, long)'> (0x0000000089286fb8) 
thrown [t:\workspace\open\src\hotspot\share\interpreter\linkResolver.cpp, line 790]
Event: 2.573 Thread 0x000001ff9f388f70 Exception <a 'java/lang/NoSuchMethodError'{0x000000008928ad28}: 'java.lang.Object java.lang.invoke.Invokers$Holder.linkToTargetMethod(java.lang.Object, long, java.lang.Object)'> (0x000000008928ad28) 
thrown [t:\workspace\open\src\hotspot\share\interpreter\linkResolver.cpp, line 790]
Event: 11.754 Thread 0x000001ff9f2aa600 Exception <a 'java/lang/NoSuchMethodError'{0x0000000088bee368}: 'java.lang.Object java.lang.invoke.DirectMethodHandle$Holder.invokeStaticInit(java.lang.Object, int)'> (0x0000000088bee368) 
thrown [t:\workspace\open\src\hotspot\share\interpreter\linkResolver.cpp, line 790]

Events (20 events):
Event: 15.209 loading class java/util/concurrent/atomic/AtomicReferenceFieldUpdater$AtomicReferenceFieldUpdaterImpl$1
Event: 15.210 loading class java/util/concurrent/atomic/AtomicReferenceFieldUpdater$AtomicReferenceFieldUpdaterImpl$1 done
Event: 15.212 loading class java/lang/Throwable$WrappedPrintStream
Event: 15.212 loading class java/lang/Throwable$PrintStreamOrWriter
Event: 15.212 loading class java/lang/Throwable$PrintStreamOrWriter done
Event: 15.212 loading class java/lang/Throwable$WrappedPrintStream done
Event: 16.277 Executing  VM operation: Cleanup
Event: 16.277 Executing  VM operation: Cleanup done
Event: 17.277 Executing  VM operation: Cleanup
Event: 17.277 Executing  VM operation: Cleanup done
Event: 18.277 Executing  VM operation: Cleanup
Event: 18.277 Executing  VM operation: Cleanup done
Event: 75.355 loading class jdk/internal/misc/Signal$1
Event: 75.355 loading class jdk/internal/misc/Signal$1 done
Event: 75.355 Thread 0x000001ff9eea8ff0 Thread added: 0x000001ff9eea8ff0
Event: 75.356 Thread 0x000001ff9eea6ac0 Thread added: 0x000001ff9eea6ac0
Event: 75.356 Thread 0x000001ff9eeaa530 Thread added: 0x000001ff9eeaa530
Event: 75.359 Thread 0x000001ff9eeaa530 Thread exited: 0x000001ff9eeaa530
Event: 75.360 Executing  VM operation: Exit
Event: 75.360 Thread 0x000001ff9dd5b8d0 Thread exited: 0x000001ff9dd5b8d0


Dynamic libraries:
0x00007ff7cdca0000 - 0x00007ff7cdcb0000 	C:\Program Files\Java\jdk-16.0.2\bin\java.exe
0x00007ffb23630000 - 0x00007ffb23825000 	C:\Windows\SYSTEM32\ntdll.dll
0x00007ffb22960000 - 0x00007ffb22a1e000 	C:\Windows\System32\KERNEL32.DLL
0x00007ffb210e0000 - 0x00007ffb213a8000 	C:\Windows\System32\KERNELBASE.dll
0x00007ffb20ee0000 - 0x00007ffb20fe0000 	C:\Windows\System32\ucrtbase.dll
0x00007ffb1ae40000 - 0x00007ffb1ae58000 	C:\Program Files\Java\jdk-16.0.2\bin\jli.dll
0x00007ffb22060000 - 0x00007ffb2210c000 	C:\Windows\System32\ADVAPI32.dll
0x00007ffb22110000 - 0x00007ffb221ae000 	C:\Windows\System32\msvcrt.dll
0x00007ffb22bb0000 - 0x00007ffb22c4b000 	C:\Windows\System32\sechost.dll
0x00007ffb218d0000 - 0x00007ffb219fa000 	C:\Windows\System32\RPCRT4.dll
0x00007ffb22f60000 - 0x00007ffb23101000 	C:\Windows\System32\USER32.dll
0x00007ffb214c0000 - 0x00007ffb214e2000 	C:\Windows\System32\win32u.dll
0x00007ffb1adf0000 - 0x00007ffb1ae09000 	C:\Program Files\Java\jdk-16.0.2\bin\VCRUNTIME140.dll
0x00007ffb218a0000 - 0x00007ffb218cb000 	C:\Windows\System32\GDI32.dll
0x00007ffb0aad0000 - 0x00007ffb0ad6a000 	C:\Windows\WinSxS\amd64_microsoft.windows.common-controls_6595b64144ccf1df_6.0.19041.1110_none_60b5254171f9507e\COMCTL32.dll
0x00007ffb213b0000 - 0x00007ffb214bb000 	C:\Windows\System32\gdi32full.dll
0x00007ffb20fe0000 - 0x00007ffb2107d000 	C:\Windows\System32\msvcp_win.dll
0x00007ffb1a7c0000 - 0x00007ffb1a7ca000 	C:\Windows\SYSTEM32\VERSION.dll
0x00007ffb21680000 - 0x00007ffb216b0000 	C:\Windows\System32\IMM32.DLL
0x00007ffb1c0d0000 - 0x00007ffb1c0dc000 	C:\Program Files\Java\jdk-16.0.2\bin\vcruntime140_1.dll
0x00007ffb19d70000 - 0x00007ffb19e01000 	C:\Program Files\Java\jdk-16.0.2\bin\msvcp140.dll
0x00007ffad4e00000 - 0x00007ffad59ab000 	C:\Program Files\Java\jdk-16.0.2\bin\server\jvm.dll
0x00007ffb21a00000 - 0x00007ffb21a08000 	C:\Windows\System32\PSAPI.DLL
0x00007ffb09dc0000 - 0x00007ffb09dc9000 	C:\Windows\SYSTEM32\WSOCK32.dll
0x00007ffb23170000 - 0x00007ffb231db000 	C:\Windows\System32\WS2_32.dll
0x00007ffb02da0000 - 0x00007ffb02dc7000 	C:\Windows\SYSTEM32\WINMM.dll
0x00007ffb1f5d0000 - 0x00007ffb1f5e2000 	C:\Windows\SYSTEM32\kernel.appcore.dll
0x00007ffb1ae20000 - 0x00007ffb1ae2a000 	C:\Program Files\Java\jdk-16.0.2\bin\jimage.dll
0x00007ffb1eb50000 - 0x00007ffb1ed34000 	C:\Windows\SYSTEM32\DBGHELP.DLL
0x00007ffb187f0000 - 0x00007ffb1881c000 	C:\Windows\SYSTEM32\dbgcore.DLL
0x00007ffb214f0000 - 0x00007ffb21573000 	C:\Windows\System32\bcryptPrimitives.dll
0x00007ffb1add0000 - 0x00007ffb1adde000 	C:\Program Files\Java\jdk-16.0.2\bin\instrument.dll
0x00007ffb1ad10000 - 0x00007ffb1ad35000 	C:\Program Files\Java\jdk-16.0.2\bin\java.dll
0x00007ffb22220000 - 0x00007ffb2295f000 	C:\Windows\System32\SHELL32.dll
0x00007ffb1ed40000 - 0x00007ffb1f4d0000 	C:\Windows\SYSTEM32\windows.storage.dll
0x00007ffb23290000 - 0x00007ffb235e5000 	C:\Windows\System32\combase.dll
0x00007ffb206d0000 - 0x00007ffb206fe000 	C:\Windows\SYSTEM32\Wldp.dll
0x00007ffb22a20000 - 0x00007ffb22acd000 	C:\Windows\System32\SHCORE.dll
0x00007ffb221c0000 - 0x00007ffb22215000 	C:\Windows\System32\shlwapi.dll
0x00007ffb20c90000 - 0x00007ffb20caf000 	C:\Windows\SYSTEM32\profapi.dll
0x00007ffb1acf0000 - 0x00007ffb1ad09000 	C:\Program Files\Java\jdk-16.0.2\bin\net.dll
0x00007ffb13460000 - 0x00007ffb1356c000 	C:\Windows\SYSTEM32\WINHTTP.dll
0x00007ffb20430000 - 0x00007ffb2049a000 	C:\Windows\system32\mswsock.dll
0x00007ffb19d50000 - 0x00007ffb19d63000 	C:\Program Files\Java\jdk-16.0.2\bin\nio.dll
0x00007ffb19810000 - 0x00007ffb19828000 	C:\Program Files\Java\jdk-16.0.2\bin\zip.dll
0x00007ffb001a0000 - 0x00007ffb001ba000 	C:\Program Files\JetBrains\IntelliJ IDEA 2021.2.1\bin\breakgen64.dll
0x000001ff9df40000 - 0x000001ff9df43000 	C:\javafx-sdk-11.0.2\bin\api-ms-win-core-console-l1-1-0.dll
0x000001ff9df50000 - 0x000001ff9df53000 	C:\javafx-sdk-11.0.2\bin\api-ms-win-core-datetime-l1-1-0.dll
0x000001ff9df60000 - 0x000001ff9df63000 	C:\javafx-sdk-11.0.2\bin\api-ms-win-core-debug-l1-1-0.dll
0x000001ff9df70000 - 0x000001ff9df73000 	C:\javafx-sdk-11.0.2\bin\api-ms-win-core-errorhandling-l1-1-0.dll
0x000001ff9df80000 - 0x000001ff9df84000 	C:\javafx-sdk-11.0.2\bin\api-ms-win-core-file-l1-1-0.dll
0x000001ff9df90000 - 0x000001ff9df93000 	C:\javafx-sdk-11.0.2\bin\api-ms-win-core-file-l1-2-0.dll
0x000001ff9dfa0000 - 0x000001ff9dfa3000 	C:\javafx-sdk-11.0.2\bin\api-ms-win-core-file-l2-1-0.dll
0x000001ff9dfb0000 - 0x000001ff9dfb3000 	C:\javafx-sdk-11.0.2\bin\api-ms-win-core-handle-l1-1-0.dll
0x000001ff9dfc0000 - 0x000001ff9dfc3000 	C:\javafx-sdk-11.0.2\bin\api-ms-win-core-heap-l1-1-0.dll
0x000001ff9dfd0000 - 0x000001ff9dfd3000 	C:\javafx-sdk-11.0.2\bin\api-ms-win-core-interlocked-l1-1-0.dll
0x000001ff9dfe0000 - 0x000001ff9dfe3000 	C:\javafx-sdk-11.0.2\bin\api-ms-win-core-libraryloader-l1-1-0.dll
0x000001ff9dff0000 - 0x000001ff9dff3000 	C:\javafx-sdk-11.0.2\bin\api-ms-win-core-localization-l1-2-0.dll
0x000001ffa03d0000 - 0x000001ffa03d3000 	C:\javafx-sdk-11.0.2\bin\api-ms-win-core-memory-l1-1-0.dll
0x000001ffa03e0000 - 0x000001ffa03e3000 	C:\javafx-sdk-11.0.2\bin\api-ms-win-core-namedpipe-l1-1-0.dll
0x000001ffa03f0000 - 0x000001ffa03f3000 	C:\javafx-sdk-11.0.2\bin\api-ms-win-core-processenvironment-l1-1-0.dll
0x000001ffa0400000 - 0x000001ffa0403000 	C:\javafx-sdk-11.0.2\bin\api-ms-win-core-processthreads-l1-1-0.dll
0x000001ffa0410000 - 0x000001ffa0413000 	C:\javafx-sdk-11.0.2\bin\api-ms-win-core-processthreads-l1-1-1.dll
0x000001ffa0420000 - 0x000001ffa0423000 	C:\javafx-sdk-11.0.2\bin\api-ms-win-core-profile-l1-1-0.dll
0x000001ffa0430000 - 0x000001ffa0433000 	C:\javafx-sdk-11.0.2\bin\api-ms-win-core-rtlsupport-l1-1-0.dll
0x000001ffa0440000 - 0x000001ffa0443000 	C:\javafx-sdk-11.0.2\bin\api-ms-win-core-string-l1-1-0.dll
0x000001ffa0450000 - 0x000001ffa0453000 	C:\javafx-sdk-11.0.2\bin\api-ms-win-core-synch-l1-1-0.dll
0x000001ffa0460000 - 0x000001ffa0463000 	C:\javafx-sdk-11.0.2\bin\api-ms-win-core-synch-l1-2-0.dll
0x000001ffa0470000 - 0x000001ffa0473000 	C:\javafx-sdk-11.0.2\bin\api-ms-win-core-sysinfo-l1-1-0.dll
0x000001ffa0480000 - 0x000001ffa0483000 	C:\javafx-sdk-11.0.2\bin\api-ms-win-core-timezone-l1-1-0.dll
0x000001ffa0490000 - 0x000001ffa0493000 	C:\javafx-sdk-11.0.2\bin\api-ms-win-core-util-l1-1-0.dll
0x000001ffa04a0000 - 0x000001ffa04a3000 	C:\javafx-sdk-11.0.2\bin\api-ms-win-crt-conio-l1-1-0.dll
0x000001ffa04b0000 - 0x000001ffa04b4000 	C:\javafx-sdk-11.0.2\bin\api-ms-win-crt-convert-l1-1-0.dll
0x000001ffa04c0000 - 0x000001ffa04c3000 	C:\javafx-sdk-11.0.2\bin\api-ms-win-crt-environment-l1-1-0.dll
0x000001ffa04d0000 - 0x000001ffa04d3000 	C:\javafx-sdk-11.0.2\bin\api-ms-win-crt-filesystem-l1-1-0.dll
0x000001ffa04e0000 - 0x000001ffa04e3000 	C:\javafx-sdk-11.0.2\bin\api-ms-win-crt-heap-l1-1-0.dll
0x000001ffa04f0000 - 0x000001ffa04f3000 	C:\javafx-sdk-11.0.2\bin\api-ms-win-crt-locale-l1-1-0.dll
0x000001ffa0500000 - 0x000001ffa0505000 	C:\javafx-sdk-11.0.2\bin\api-ms-win-crt-math-l1-1-0.dll
0x000001ffa0510000 - 0x000001ffa0515000 	C:\javafx-sdk-11.0.2\bin\api-ms-win-crt-multibyte-l1-1-0.dll
0x000001ffa0520000 - 0x000001ffa0530000 	C:\javafx-sdk-11.0.2\bin\api-ms-win-crt-private-l1-1-0.dll
0x000001ffa0530000 - 0x000001ffa0533000 	C:\javafx-sdk-11.0.2\bin\api-ms-win-crt-process-l1-1-0.dll
0x000001ffa0540000 - 0x000001ffa0544000 	C:\javafx-sdk-11.0.2\bin\api-ms-win-crt-runtime-l1-1-0.dll
0x000001ffa0550000 - 0x000001ffa0554000 	C:\javafx-sdk-11.0.2\bin\api-ms-win-crt-stdio-l1-1-0.dll
0x000001ffa0560000 - 0x000001ffa0564000 	C:\javafx-sdk-11.0.2\bin\api-ms-win-crt-string-l1-1-0.dll
0x000001ffa0570000 - 0x000001ffa0573000 	C:\javafx-sdk-11.0.2\bin\api-ms-win-crt-time-l1-1-0.dll
0x000001ffa0580000 - 0x000001ffa0583000 	C:\javafx-sdk-11.0.2\bin\api-ms-win-crt-utility-l1-1-0.dll
0x00007ffaf01f0000 - 0x00007ffaf02ea000 	C:\javafx-sdk-11.0.2\bin\ucrtbase.dll
0x00007ffb00180000 - 0x00007ffb00196000 	C:\javafx-sdk-11.0.2\bin\vcruntime140.dll
0x00007ffaef750000 - 0x00007ffaef7f6000 	C:\javafx-sdk-11.0.2\bin\msvcp140.dll
0x00007ffaf2290000 - 0x00007ffaf22e1000 	C:\javafx-sdk-11.0.2\bin\concrt140.dll
0x00007ffafb7c0000 - 0x00007ffafb7e3000 	C:\javafx-sdk-11.0.2\bin\prism_d3d.dll
0x00007ffae1e80000 - 0x00007ffae204e000 	C:\Windows\system32\d3d9.dll
0x00007ffb1e5c0000 - 0x00007ffb1e5ef000 	C:\Windows\SYSTEM32\dwmapi.dll
0x00007ffb1e3b0000 - 0x00007ffb1e44e000 	C:\Windows\system32\uxtheme.dll
0x00007ffb20eb0000 - 0x00007ffb20ed7000 	C:\Windows\System32\bcrypt.dll
0x00007ffb22e30000 - 0x00007ffb22f5a000 	C:\Windows\System32\ole32.dll
0x00007ffb22ae0000 - 0x00007ffb22bad000 	C:\Windows\System32\OLEAUT32.dll
0x00007ffb21580000 - 0x00007ffb215ce000 	C:\Windows\System32\cfgmgr32.dll
0x00007ffaf1d10000 - 0x00007ffaf1d55000 	C:\javafx-sdk-11.0.2\bin\glass.dll
0x00007ffb217c0000 - 0x00007ffb2189a000 	C:\Windows\System32\COMDLG32.dll
0x00007ffb22cb0000 - 0x00007ffb22dc5000 	C:\Windows\System32\MSCTF.dll
0x00007ffb165d0000 - 0x00007ffb1660b000 	C:\Windows\SYSTEM32\dxcore.dll
0x00007ffafdcd0000 - 0x00007ffafdce4000 	C:\javafx-sdk-11.0.2\bin\javafx_font.dll
0x00007ffb02b10000 - 0x00007ffb02d93000 	C:\Windows\SYSTEM32\dwrite.dll
0x00007ffb231e0000 - 0x00007ffb23289000 	C:\Windows\System32\clbcatq.dll
0x00007ffb17f70000 - 0x00007ffb18124000 	C:\Windows\SYSTEM32\WindowsCodecs.dll
0x00007ffb00140000 - 0x00007ffb0017e000 	C:\Windows\system32\dataexchange.dll
0x00007ffb1c560000 - 0x00007ffb1c7c4000 	C:\Windows\system32\d3d11.dll
0x00007ffb1d460000 - 0x00007ffb1d645000 	C:\Windows\system32\dcomp.dll
0x00007ffb1f640000 - 0x00007ffb1f734000 	C:\Windows\system32\dxgi.dll
0x00007ffb18590000 - 0x00007ffb18791000 	C:\Windows\system32\twinapi.appcore.dll
0x00007ffafd6e0000 - 0x00007ffafd714000 	C:\Program Files\Common Files\Microsoft Shared\Ink\rtscom.dll
0x00007ffb0f7a0000 - 0x00007ffb0f899000 	C:\Windows\SYSTEM32\textinputframework.dll
0x00007ffb1d790000 - 0x00007ffb1daee000 	C:\Windows\System32\CoreUIComponents.dll
0x00007ffb1daf0000 - 0x00007ffb1dbe2000 	C:\Windows\System32\CoreMessaging.dll
0x00007ffb1fa40000 - 0x00007ffb1fa73000 	C:\Windows\SYSTEM32\ntmarta.dll
0x00007ffb1cf80000 - 0x00007ffb1d0d4000 	C:\Windows\SYSTEM32\wintypes.dll

dbghelp: loaded successfully - version: 4.0.5 - missing functions: none
symbol engine: initialized successfully - sym options: 0x614 - pdb path: .;C:\Program Files\Java\jdk-16.0.2\bin;C:\Windows\SYSTEM32;C:\Windows\WinSxS\amd64_microsoft.windows.common-controls_6595b64144ccf1df_6.0.19041.1110_none_60b5254171f9507e;C:\Program Files\Java\jdk-16.0.2\bin\server;C:\Program Files\JetBrains\IntelliJ IDEA 2021.2.1\bin;C:\javafx-sdk-11.0.2\bin;C:\Windows\System32\DriverStore\FileRepository\iigd_dch.inf_amd64_e9b40d45ab4dc6b8;C:\Program Files\Common Files\Microsoft Shared\Ink

VM Arguments:
jvm_args: --module-path=C:/javafx-sdk-11.0.2/lib --add-modules=javafx.controls,javafx.fxml -javaagent:C:\Program Files\JetBrains\IntelliJ IDEA 2021.2.1\lib\idea_rt.jar=54608:C:\Program Files\JetBrains\IntelliJ IDEA 2021.2.1\bin -Dfile.encoding=UTF-8 
java_command: forms.Main
java_class_path (initial): C:\java\Polyclinic\out\production\Polyclinic;C:\javafx-sdk-11.0.2\lib\src.zip;C:\javafx-sdk-11.0.2\lib\javafx-swt.jar;C:\javafx-sdk-11.0.2\lib\javafx.web.jar;C:\javafx-sdk-11.0.2\lib\javafx.base.jar;C:\javafx-sdk-11.0.2\lib\javafx.fxml.jar;C:\javafx-sdk-11.0.2\lib\javafx.media.jar;C:\javafx-sdk-11.0.2\lib\javafx.swing.jar;C:\javafx-sdk-11.0.2\lib\javafx.controls.jar;C:\javafx-sdk-11.0.2\lib\javafx.graphics.jar
Launcher Type: SUN_STANDARD

[Global flags]
     intx CICompilerCount                          = 3                                         {product} {ergonomic}
     uint ConcGCThreads                            = 1                                         {product} {ergonomic}
     uint G1ConcRefinementThreads                  = 4                                         {product} {ergonomic}
   size_t G1HeapRegionSize                         = 1048576                                   {product} {ergonomic}
    uintx GCDrainStackTargetSize                   = 64                                        {product} {ergonomic}
   size_t InitialHeapSize                          = 132120576                                 {product} {ergonomic}
   size_t MarkStackSize                            = 4194304                                   {product} {ergonomic}
   size_t MaxHeapSize                              = 2101346304                                {product} {ergonomic}
   size_t MaxNewSize                               = 1260388352                                {product} {ergonomic}
   size_t MinHeapDeltaBytes                        = 1048576                                   {product} {ergonomic}
   size_t MinHeapSize                              = 8388608                                   {product} {ergonomic}
    uintx NonNMethodCodeHeapSize                   = 5832780                                {pd product} {ergonomic}
    uintx NonProfiledCodeHeapSize                  = 122912730                              {pd product} {ergonomic}
    uintx ProfiledCodeHeapSize                     = 122912730                              {pd product} {ergonomic}
    uintx ReservedCodeCacheSize                    = 251658240                              {pd product} {ergonomic}
     bool SegmentedCodeCache                       = true                                      {product} {ergonomic}
   size_t SoftMaxHeapSize                          = 2101346304                             {manageable} {ergonomic}
     bool UseCompressedClassPointers               = true                           {product lp64_product} {ergonomic}
     bool UseCompressedOops                        = true                           {product lp64_product} {ergonomic}
     bool UseG1GC                                  = true                                      {product} {ergonomic}
     bool UseLargePagesIndividualAllocation        = false                                  {pd product} {ergonomic}

Logging:
Log output configuration:
 #0: stdout all=off uptime,level,tags
 #1: stderr all=off uptime,level,tags

Environment Variables:
PATH=C:\Program Files\Common Files\Oracle\Java\javapath;C:\Program Files (x86)\Common Files\Oracle\Java\javapath;C:\Windows\system32;C:\Windows;C:\Windows\System32\Wbem;C:\Windows\System32\WindowsPowerShell\v1.0\;C:\Windows\System32\OpenSSH\;C:\Program Files\dotnet\;C:\Users\Kate\AppData\Local\Microsoft\WindowsApps;;C:\Program Files\JetBrains\IntelliJ IDEA 2021.2.1\bin;;C:\Users\Kate\.dotnet\tools
USERNAME=Kate
OS=Windows_NT
PROCESSOR_IDENTIFIER=Intel64 Family 6 Model 122 Stepping 1, GenuineIntel



---------------  S Y S T E M  ---------------

OS:
 Windows 10 , 64 bit Build 19041 (10.0.19041.1348)
OS uptime: 10 days 19:21 hours

CPU: total 4 (initial active 4) (4 cores per cpu, 1 threads per core) family 6 model 122 stepping 1 microcode 0x2e, cx8, cmov, fxsr, mmx, 3dnowpref, sse, sse2, sse3, ssse3, sse4.1, sse4.2, popcnt, tsc, tscinvbit, aes, erms, clmul, sha, clflush, clflushopt

Memory: 4k page, system-wide physical 8014M (1288M free)
TotalPageFile size 12849M (AvailPageFile size 1845M)
current process WorkingSet (physical memory assigned to process): 125M, peak: 159M
current process commit charge ("private bytes"): 250M, peak: 282M

vm_info: Java HotSpot(TM) 64-Bit Server VM (16.0.2+7-67) for windows-amd64 JRE (16.0.2+7-67), built on Jun  8 2021 23:24:19 by "mach5one" with MS VC++ 16.7 (VS2019)

END.
