#
# A fatal error has been detected by the Java Runtime Environment:
#
#  EXCEPTION_ACCESS_VIOLATION (0xc0000005) at pc=0x00007ffaf1d36730, pid=18696, tid=17376
#
# JRE version: Java(TM) SE Runtime Environment (16.0.2+7) (build 16.0.2+7-67)
# Java VM: Java HotSpot(TM) 64-Bit Server VM (16.0.2+7-67, mixed mode, sharing, tiered, compressed oops, compressed class ptrs, g1 gc, windows-amd64)
# Problematic frame:
# C  [glass.dll+0x26730]
#
# No core dump will be written. Minidumps are not enabled by default on client versions of Windows
#
# If you would like to submit a bug report, please visit:
#   https://bugreport.java.com/bugreport/crash.jsp
#

---------------  S U M M A R Y ------------

Command Line: --module-path=C:/javafx-sdk-11.0.2/lib --add-modules=javafx.controls,javafx.fxml -javaagent:C:\Program Files\JetBrains\IntelliJ IDEA 2021.2.1\lib\idea_rt.jar=63994:C:\Program Files\JetBrains\IntelliJ IDEA 2021.2.1\bin -Dfile.encoding=UTF-8 forms.Main

Host: Intel(R) Pentium(R) Silver N5000 CPU @ 1.10GHz, 4 cores, 7G,  Windows 10 , 64 bit Build 19041 (10.0.19041.1348)
Time: Tue Dec 14 15:43:24 2021 RTZ 2 (s 10 , 64 bit Build 19041 (10.0.19041.1348) elapsed time: 239.217232 seconds (0d 0h 3m 59s)

---------------  T H R E A D  ---------------

Current thread (0x000001e9c1e628f0):  VMThread "VM Thread" [stack: 0x000000e8e7a00000,0x000000e8e7b00000] [id=17376]

Stack: [0x000000e8e7a00000,0x000000e8e7b00000],  sp=0x000000e8e7afeee0,  free space=1019k
Native frames: (J=compiled Java code, j=interpreted, Vv=VM code, C=native code)
C  [glass.dll+0x26730]


siginfo: EXCEPTION_ACCESS_VIOLATION (0xc0000005), reading address 0x0000000000000000


Register to memory mapping:

RIP=0x00007ffaf1d36730 glass.dll
RAX=0x0 is NULL
RBX=0x000001e9c1e6dc58 is a global jni handle
RCX=0x000001e9c1e628f0 points into unknown readable memory: 0x00007ffad576f638 | 38 f6 76 d5 fa 7f 00 00
RDX=0x000000e8e7afeee0 points into unknown readable memory: 0x0000000000000000 | 00 00 00 00 00 00 00 00
RSP=0x000000e8e7afeee0 points into unknown readable memory: 0x0000000000000000 | 00 00 00 00 00 00 00 00
RBP=0x000001e9c31b3fd8 points into unknown readable memory: 0x000019859fb96aa2 | a2 6a b9 9f 85 19 00 00
RSI=0x000001e9c31b3fb0 points into unknown readable memory: 0xc74cc2e59fb89549 | 49 95 b8 9f e5 c2 4c c7
RDI=0x000019859fb96aa2 is an unknown value
R8 =0x0000000000010002 is an unknown value
R9 =0x000019859fb96aa2 is an unknown value
R10=0x0000000000008000 is an unknown value
R11=0x000000e8e7afee80 points into unknown readable memory: 0x0000000000000000 | 00 00 00 00 00 00 00 00
R12=0x00007ffaf1d33be0 glass.dll
R13=0x000001e9a48ced80 points into unknown readable memory: 0x8000000900000001 | 01 00 00 00 09 00 00 80
R14=0x000000e8e7afefe8 points into unknown readable memory: 0x000000e8e7afefd0 | d0 ef af e7 e8 00 00 00
R15=0x000001e9c31b3fb0 points into unknown readable memory: 0xc74cc2e59fb89549 | 49 95 b8 9f e5 c2 4c c7


Registers:
RAX=0x0000000000000000, RBX=0x000001e9c1e6dc58, RCX=0x000001e9c1e628f0, RDX=0x000000e8e7afeee0
RSP=0x000000e8e7afeee0, RBP=0x000001e9c31b3fd8, RSI=0x000001e9c31b3fb0, RDI=0x000019859fb96aa2
R8 =0x0000000000010002, R9 =0x000019859fb96aa2, R10=0x0000000000008000, R11=0x000000e8e7afee80
R12=0x00007ffaf1d33be0, R13=0x000001e9a48ced80, R14=0x000000e8e7afefe8, R15=0x000001e9c31b3fb0
RIP=0x00007ffaf1d36730, EFLAGS=0x0000000000010206

Top of Stack: (sp=0x000000e8e7afeee0)
0x000000e8e7afeee0:   0000000000000000 00007ffb20eef05b
0x000000e8e7afeef0:   000001e9c31b3fc0 000001e9c31b3fb0
0x000000e8e7afef00:   fffffffffffffffe 00007ffaf1d33be0
0x000000e8e7afef10:   000001e9c31b3fb8 00007ffb20ef42d6
0x000000e8e7afef20:   000001e9c31b3fc0 000001e900000000
0x000000e8e7afef30:   000001e9c31b3fd8 000001e9c31b3fb0
0x000000e8e7afef40:   fffffffffffffffe 0000000000000000
0x000000e8e7afef50:   0000000000000001 00007ffaf1d10000
0x000000e8e7afef60:   000000e8e7afefd8 00007ffb20ef41fb
0x000000e8e7afef70:   0000000000000000 000000e8e7afefe8
0x000000e8e7afef80:   000000e8e7aff2a0 00007ffb20fd0e40
0x000000e8e7afef90:   0000000000000001 00007ffb20ef41b4
0x000000e8e7afefa0:   0000000000000000 0000000000000001
0x000000e8e7afefb0:   00007ffb0000000d 000000e8e7afefd8
0x000000e8e7afefc0:   0000000000000000 00007ffaf1d33a60
0x000000e8e7afefd0:   00007ffaf1d4d100 000000e800000002 

Instructions: (pc=0x00007ffaf1d36730)
0x00007ffaf1d36630:   8b 4d 60 e8 d8 c9 ff ff 48 8b 55 68 48 8b 8d 08
0x00007ffaf1d36640:   01 00 00 e8 a9 be ff ff 33 d2 33 c9 e8 a9 de ff
0x00007ffaf1d36650:   ff 90 cc cc cc cc cc cc cc cc cc cc cc cc cc cc
0x00007ffaf1d36660:   48 8d 8a 80 00 00 00 e9 14 ea fe ff 48 89 54 24
0x00007ffaf1d36670:   10 55 48 83 ec 20 48 8b ea 48 8d 05 1d cb ff ff
0x00007ffaf1d36680:   48 83 c4 20 5d c3 cc 40 55 48 8b ea 48 8b 01 33
0x00007ffaf1d36690:   c9 81 38 05 00 00 c0 0f 94 c1 8b c1 5d c3 cc 40
0x00007ffaf1d366a0:   55 48 83 ec 20 48 8b ea 8a 4d 40 48 83 c4 20 5d
0x00007ffaf1d366b0:   e9 23 ce ff ff cc 40 55 48 83 ec 20 48 8b ea e8
0x00007ffaf1d366c0:   3c cc ff ff 8a 4d 38 48 83 c4 20 5d e9 07 ce ff
0x00007ffaf1d366d0:   ff cc 40 55 48 83 ec 30 48 8b ea 48 8b 01 8b 10
0x00007ffaf1d366e0:   48 89 4c 24 28 89 54 24 20 4c 8d 0d d0 d1 ff ff
0x00007ffaf1d366f0:   4c 8b 45 70 8b 55 68 48 8b 4d 60 e8 70 cb ff ff
0x00007ffaf1d36700:   90 48 83 c4 30 5d c3 cc cc cc cc cc cc cc cc cc
0x00007ffaf1d36710:   40 53 48 83 ec 30 48 c7 44 24 20 fe ff ff ff 48
0x00007ffaf1d36720:   8b 1d ea 63 01 00 48 85 db 74 16 e8 90 86 ff ff
0x00007ffaf1d36730:   4c 8b 00 48 8b d3 48 8b c8 41 ff 90 b0 00 00 00
0x00007ffaf1d36740:   90 48 83 c4 30 5b c3 cc cc cc cc cc cc cc cc cc
0x00007ffaf1d36750:   40 53 48 83 ec 20 48 8b 1d 4b 65 01 00 48 85 db
0x00007ffaf1d36760:   74 57 b8 ff ff ff ff f0 0f c1 43 10 83 f8 01 75
0x00007ffaf1d36770:   3d 48 85 db 74 38 48 8b 0b 48 85 c9 74 0d ff 15
0x00007ffaf1d36780:   24 0b 00 00 48 c7 03 00 00 00 00 48 8b 4b 08 48
0x00007ffaf1d36790:   85 c9 74 0d e8 77 c8 ff ff 48 c7 43 08 00 00 00
0x00007ffaf1d367a0:   00 ba 18 00 00 00 48 8b cb e8 62 c8 ff ff 48 c7
0x00007ffaf1d367b0:   05 ef 64 01 00 00 00 00 00 48 83 c4 20 5b c3 cc
0x00007ffaf1d367c0:   40 53 48 83 ec 20 48 8b 1d bb 64 01 00 48 85 db
0x00007ffaf1d367d0:   74 57 b8 ff ff ff ff f0 0f c1 43 10 83 f8 01 75
0x00007ffaf1d367e0:   3d 48 85 db 74 38 48 8b 0b 48 85 c9 74 0d ff 15
0x00007ffaf1d367f0:   b4 0a 00 00 48 c7 03 00 00 00 00 48 8b 4b 08 48
0x00007ffaf1d36800:   85 c9 74 0d e8 07 c8 ff ff 48 c7 43 08 00 00 00
0x00007ffaf1d36810:   00 ba 18 00 00 00 48 8b cb e8 f2 c7 ff ff 48 c7
0x00007ffaf1d36820:   05 5f 64 01 00 00 00 00 00 48 83 c4 20 5b c3 cc 


Stack slot to memory mapping:
stack at sp + 0 slots: 0x0 is NULL
stack at sp + 1 slots: 0x00007ffb20eef05b ucrtbase.dll
stack at sp + 2 slots: 0x000001e9c31b3fc0 points into unknown readable memory: 0x000019859fb96aa2 | a2 6a b9 9f 85 19 00 00
stack at sp + 3 slots: 0x000001e9c31b3fb0 points into unknown readable memory: 0xc74cc2e59fb89549 | 49 95 b8 9f e5 c2 4c c7
stack at sp + 4 slots: 0xfffffffffffffffe is an unknown value
stack at sp + 5 slots: 0x00007ffaf1d33be0 glass.dll
stack at sp + 6 slots: 0x000001e9c31b3fb8 points into unknown readable memory: 0x000019859fb96aa2 | a2 6a b9 9f 85 19 00 00
stack at sp + 7 slots: 0x00007ffb20ef42d6 ucrtbase.dll

VM_Operation (0x000000e8e72ff420): Exit, mode: safepoint, requested by thread 0x000001e9c38145b0


---------------  P R O C E S S  ---------------

Threads class SMR info:
_java_thread_list=0x000001e9c2cf6650, length=21, elements={
0x000001e9a48092a0, 0x000001e9c1e66ce0, 0x000001e9c1e67ba0, 0x000001e9c1e7c3c0,
0x000001e9c1e81580, 0x000001e9c1e81f80, 0x000001e9c1e870f0, 0x000001e9c1e8d780,
0x000001e9c1ea7480, 0x000001e9c1e4c660, 0x000001e9c2c54e60, 0x000001e9c35085a0,
0x000001e9c34d2ed0, 0x000001e9c3b43410, 0x000001e9c3e78a70, 0x000001e9c3680020,
0x000001e9c356e110, 0x000001e9c3816040, 0x000001e9c38135c0, 0x000001e9c38145b0,
0x000001e9c38155a0
}

Java Threads: ( => current thread )
  0x000001e9a48092a0 JavaThread "main" [_thread_blocked, id=18480, stack(0x000000e8e7400000,0x000000e8e7500000)]
  0x000001e9c1e66ce0 JavaThread "Reference Handler" daemon [_thread_blocked, id=19368, stack(0x000000e8e7b00000,0x000000e8e7c00000)]
  0x000001e9c1e67ba0 JavaThread "Finalizer" daemon [_thread_blocked, id=1904, stack(0x000000e8e7c00000,0x000000e8e7d00000)]
  0x000001e9c1e7c3c0 JavaThread "Attach Listener" daemon [_thread_blocked, id=19928, stack(0x000000e8e7e00000,0x000000e8e7f00000)]
  0x000001e9c1e81580 JavaThread "Service Thread" daemon [_thread_blocked, id=8104, stack(0x000000e8e7f00000,0x000000e8e8000000)]
  0x000001e9c1e81f80 JavaThread "Monitor Deflation Thread" daemon [_thread_blocked, id=5240, stack(0x000000e8e8000000,0x000000e8e8100000)]
  0x000001e9c1e870f0 JavaThread "C2 CompilerThread0" daemon [_thread_blocked, id=11932, stack(0x000000e8e8100000,0x000000e8e8200000)]
  0x000001e9c1e8d780 JavaThread "C1 CompilerThread0" daemon [_thread_blocked, id=15400, stack(0x000000e8e8200000,0x000000e8e8300000)]
  0x000001e9c1ea7480 JavaThread "Sweeper thread" daemon [_thread_blocked, id=6796, stack(0x000000e8e8300000,0x000000e8e8400000)]
  0x000001e9c1e4c660 JavaThread "Common-Cleaner" daemon [_thread_blocked, id=8676, stack(0x000000e8e8400000,0x000000e8e8500000)]
  0x000001e9c2c54e60 JavaThread "Monitor Ctrl-Break" daemon [_thread_in_native, id=11820, stack(0x000000e8e8600000,0x000000e8e8700000)]
  0x000001e9c35085a0 JavaThread "Notification Thread" daemon [_thread_blocked, id=13396, stack(0x000000e8e8700000,0x000000e8e8800000)]
  0x000001e9c34d2ed0 JavaThread "QuantumRenderer-0" daemon [_thread_blocked, id=17068, stack(0x000000e8e8500000,0x000000e8e8600000)]
  0x000001e9c3b43410 JavaThread "InvokeLaterDispatcher" daemon [_thread_blocked, id=7068, stack(0x000000e8e8a00000,0x000000e8e8b00000)]
  0x000001e9c3e78a70 JavaThread "JavaFX Application Thread" [_thread_in_native, id=10368, stack(0x000000e8e8b00000,0x000000e8e8c00000)]
  0x000001e9c3680020 JavaThread "JavaFX-Launcher" [_thread_blocked, id=7404, stack(0x000000e8e9300000,0x000000e8e9400000)]
  0x000001e9c356e110 JavaThread "Thread-2" daemon [_thread_in_native, id=14824, stack(0x000000e8e8900000,0x000000e8e8a00000)]
  0x000001e9c3816040 JavaThread "Prism Font Disposer" daemon [_thread_blocked, id=19376, stack(0x000000e8e9600000,0x000000e8e9700000)]
  0x000001e9c38135c0 JavaThread "Cleaner-0" daemon [_thread_blocked, id=4796, stack(0x000000e8e9700000,0x000000e8e9800000)]
  0x000001e9c38145b0 JavaThread "SIGINT handler" daemon [_thread_blocked, id=15172, stack(0x000000e8e7200000,0x000000e8e7300000)]
  0x000001e9c38155a0 JavaThread "Glass/Prism Shutdown Hook" [_thread_blocked, id=16832, stack(0x000000e8e7300000,0x000000e8e7400000)]

Other Threads:
=>0x000001e9c1e628f0 VMThread "VM Thread" [stack: 0x000000e8e7a00000,0x000000e8e7b00000] [id=17376]
  0x000001e9a4847c20 GCTaskThread "GC Thread#0" [stack: 0x000000e8e7500000,0x000000e8e7600000] [id=13216]
  0x000001e9c3b54420 GCTaskThread "GC Thread#1" [stack: 0x000000e8e8c00000,0x000000e8e8d00000] [id=13428]
  0x000001e9c3b20150 GCTaskThread "GC Thread#2" [stack: 0x000000e8e8d00000,0x000000e8e8e00000] [id=19224]
  0x000001e9c3ac3ec0 GCTaskThread "GC Thread#3" [stack: 0x000000e8e8e00000,0x000000e8e8f00000] [id=15428]
  0x000001e9a48586e0 ConcurrentGCThread "G1 Main Marker" terminated
  0x000001e9a4859150 ConcurrentGCThread "G1 Conc#0" [stack: 0x000000e8e7700000,0x000000e8e7800000] [id=9568]
  0x000001e9a48cd110 ConcurrentGCThread "G1 Refine#0" terminated
  0x000001e9a48cdb90 ConcurrentGCThread "G1 Service" terminated

Threads with active compile tasks:

VM state: at safepoint (shutting down)

VM Mutex/Monitor currently owned by a thread:  ([mutex/lock_event])
[0x000001e9a4806260] Threads_lock - owner thread: 0x000001e9c1e628f0
[0x000001e9a4804be0] Heap_lock - owner thread: 0x000001e9c38145b0

Heap address: 0x0000000082c00000, size: 2004 MB, Compressed Oops mode: 32-bit

CDS archive(s) mapped at: [0x0000000800000000-0x0000000800bb0000-0x0000000800bb0000), size 12255232, SharedBaseAddress: 0x0000000800000000, ArchiveRelocationMode: 0.
Compressed class space mapped at: 0x0000000800c00000-0x0000000840c00000, reserved size: 1073741824
Narrow klass base: 0x0000000800000000, Narrow klass shift: 3, Narrow klass range: 0x100000000

GC Precious Log:
 CPUs: 4 total, 4 available
 Memory: 8014M
 Large Page Support: Disabled
 NUMA Support: Disabled
 Compressed Oops: Enabled (32-bit)
 Heap Region Size: 1M
 Heap Min Capacity: 8M
 Heap Initial Capacity: 126M
 Heap Max Capacity: 2004M
 Pre-touch: Disabled
 Parallel Workers: 4
 Concurrent Workers: 1
 Concurrent Refinement Workers: 4
 Periodic GC: Disabled

Heap:
 garbage-first heap   total 129024K, used 41480K [0x0000000082c00000, 0x0000000100000000)
  region size 1024K, 37 young (37888K), 3 survivors (3072K)
 Metaspace       used 16764K, committed 17024K, reserved 1064960K
  class space    used 2335K, committed 2496K, reserved 1048576K

Heap Regions: E=young(eden), S=young(survivor), O=old, HS=humongous(starts), HC=humongous(continues), CS=collection set, F=free, OA=open archive, CA=closed archive, TAMS=top-at-mark-start (previous, next)
|   0|0x0000000082c00000, 0x0000000082d00000, 0x0000000082d00000|100%| O|  |TAMS 0x0000000082c00000, 0x0000000082c00000| Untracked 
|   1|0x0000000082d00000, 0x0000000082e00000, 0x0000000082e00000|100%| O|  |TAMS 0x0000000082d00000, 0x0000000082d00000| Untracked 
|   2|0x0000000082e00000, 0x0000000082e82200, 0x0000000082f00000| 50%| O|  |TAMS 0x0000000082e00000, 0x0000000082e00000| Untracked 
|   3|0x0000000082f00000, 0x0000000083000000, 0x0000000083000000|100%|HS|  |TAMS 0x0000000082f00000, 0x0000000082f00000| Complete 
|   4|0x0000000083000000, 0x0000000083100000, 0x0000000083100000|100%|HC|  |TAMS 0x0000000083000000, 0x0000000083000000| Complete 
|   5|0x0000000083100000, 0x0000000083100000, 0x0000000083200000|  0%| F|  |TAMS 0x0000000083100000, 0x0000000083100000| Untracked 
|   6|0x0000000083200000, 0x0000000083200000, 0x0000000083300000|  0%| F|  |TAMS 0x0000000083200000, 0x0000000083200000| Untracked 
|   7|0x0000000083300000, 0x0000000083300000, 0x0000000083400000|  0%| F|  |TAMS 0x0000000083300000, 0x0000000083300000| Untracked 
|   8|0x0000000083400000, 0x0000000083400000, 0x0000000083500000|  0%| F|  |TAMS 0x0000000083400000, 0x0000000083400000| Untracked 
|   9|0x0000000083500000, 0x0000000083500000, 0x0000000083600000|  0%| F|  |TAMS 0x0000000083500000, 0x0000000083500000| Untracked 
|  10|0x0000000083600000, 0x0000000083600000, 0x0000000083700000|  0%| F|  |TAMS 0x0000000083600000, 0x0000000083600000| Untracked 
|  11|0x0000000083700000, 0x0000000083700000, 0x0000000083800000|  0%| F|  |TAMS 0x0000000083700000, 0x0000000083700000| Untracked 
|  12|0x0000000083800000, 0x0000000083800000, 0x0000000083900000|  0%| F|  |TAMS 0x0000000083800000, 0x0000000083800000| Untracked 
|  13|0x0000000083900000, 0x0000000083900000, 0x0000000083a00000|  0%| F|  |TAMS 0x0000000083900000, 0x0000000083900000| Untracked 
|  14|0x0000000083a00000, 0x0000000083a00000, 0x0000000083b00000|  0%| F|  |TAMS 0x0000000083a00000, 0x0000000083a00000| Untracked 
|  15|0x0000000083b00000, 0x0000000083b00000, 0x0000000083c00000|  0%| F|  |TAMS 0x0000000083b00000, 0x0000000083b00000| Untracked 
|  16|0x0000000083c00000, 0x0000000083c00000, 0x0000000083d00000|  0%| F|  |TAMS 0x0000000083c00000, 0x0000000083c00000| Untracked 
|  17|0x0000000083d00000, 0x0000000083d00000, 0x0000000083e00000|  0%| F|  |TAMS 0x0000000083d00000, 0x0000000083d00000| Untracked 
|  18|0x0000000083e00000, 0x0000000083e00000, 0x0000000083f00000|  0%| F|  |TAMS 0x0000000083e00000, 0x0000000083e00000| Untracked 
|  19|0x0000000083f00000, 0x0000000083f00000, 0x0000000084000000|  0%| F|  |TAMS 0x0000000083f00000, 0x0000000083f00000| Untracked 
|  20|0x0000000084000000, 0x0000000084000000, 0x0000000084100000|  0%| F|  |TAMS 0x0000000084000000, 0x0000000084000000| Untracked 
|  21|0x0000000084100000, 0x0000000084100000, 0x0000000084200000|  0%| F|  |TAMS 0x0000000084100000, 0x0000000084100000| Untracked 
|  22|0x0000000084200000, 0x0000000084200000, 0x0000000084300000|  0%| F|  |TAMS 0x0000000084200000, 0x0000000084200000| Untracked 
|  23|0x0000000084300000, 0x0000000084300000, 0x0000000084400000|  0%| F|  |TAMS 0x0000000084300000, 0x0000000084300000| Untracked 
|  24|0x0000000084400000, 0x0000000084400000, 0x0000000084500000|  0%| F|  |TAMS 0x0000000084400000, 0x0000000084400000| Untracked 
|  25|0x0000000084500000, 0x0000000084500000, 0x0000000084600000|  0%| F|  |TAMS 0x0000000084500000, 0x0000000084500000| Untracked 
|  26|0x0000000084600000, 0x0000000084600000, 0x0000000084700000|  0%| F|  |TAMS 0x0000000084600000, 0x0000000084600000| Untracked 
|  27|0x0000000084700000, 0x0000000084700000, 0x0000000084800000|  0%| F|  |TAMS 0x0000000084700000, 0x0000000084700000| Untracked 
|  28|0x0000000084800000, 0x0000000084800000, 0x0000000084900000|  0%| F|  |TAMS 0x0000000084800000, 0x0000000084800000| Untracked 
|  29|0x0000000084900000, 0x0000000084900000, 0x0000000084a00000|  0%| F|  |TAMS 0x0000000084900000, 0x0000000084900000| Untracked 
|  30|0x0000000084a00000, 0x0000000084a00000, 0x0000000084b00000|  0%| F|  |TAMS 0x0000000084a00000, 0x0000000084a00000| Untracked 
|  31|0x0000000084b00000, 0x0000000084b00000, 0x0000000084c00000|  0%| F|  |TAMS 0x0000000084b00000, 0x0000000084b00000| Untracked 
|  32|0x0000000084c00000, 0x0000000084c00000, 0x0000000084d00000|  0%| F|  |TAMS 0x0000000084c00000, 0x0000000084c00000| Untracked 
|  33|0x0000000084d00000, 0x0000000084d00000, 0x0000000084e00000|  0%| F|  |TAMS 0x0000000084d00000, 0x0000000084d00000| Untracked 
|  34|0x0000000084e00000, 0x0000000084e00000, 0x0000000084f00000|  0%| F|  |TAMS 0x0000000084e00000, 0x0000000084e00000| Untracked 
|  35|0x0000000084f00000, 0x0000000084f00000, 0x0000000085000000|  0%| F|  |TAMS 0x0000000084f00000, 0x0000000084f00000| Untracked 
|  36|0x0000000085000000, 0x0000000085000000, 0x0000000085100000|  0%| F|  |TAMS 0x0000000085000000, 0x0000000085000000| Untracked 
|  37|0x0000000085100000, 0x0000000085100000, 0x0000000085200000|  0%| F|  |TAMS 0x0000000085100000, 0x0000000085100000| Untracked 
|  38|0x0000000085200000, 0x0000000085200000, 0x0000000085300000|  0%| F|  |TAMS 0x0000000085200000, 0x0000000085200000| Untracked 
|  39|0x0000000085300000, 0x0000000085300000, 0x0000000085400000|  0%| F|  |TAMS 0x0000000085300000, 0x0000000085300000| Untracked 
|  40|0x0000000085400000, 0x0000000085400000, 0x0000000085500000|  0%| F|  |TAMS 0x0000000085400000, 0x0000000085400000| Untracked 
|  41|0x0000000085500000, 0x0000000085500000, 0x0000000085600000|  0%| F|  |TAMS 0x0000000085500000, 0x0000000085500000| Untracked 
|  42|0x0000000085600000, 0x0000000085600000, 0x0000000085700000|  0%| F|  |TAMS 0x0000000085600000, 0x0000000085600000| Untracked 
|  43|0x0000000085700000, 0x0000000085700000, 0x0000000085800000|  0%| F|  |TAMS 0x0000000085700000, 0x0000000085700000| Untracked 
|  44|0x0000000085800000, 0x0000000085800000, 0x0000000085900000|  0%| F|  |TAMS 0x0000000085800000, 0x0000000085800000| Untracked 
|  45|0x0000000085900000, 0x0000000085900000, 0x0000000085a00000|  0%| F|  |TAMS 0x0000000085900000, 0x0000000085900000| Untracked 
|  46|0x0000000085a00000, 0x0000000085a00000, 0x0000000085b00000|  0%| F|  |TAMS 0x0000000085a00000, 0x0000000085a00000| Untracked 
|  47|0x0000000085b00000, 0x0000000085b00000, 0x0000000085c00000|  0%| F|  |TAMS 0x0000000085b00000, 0x0000000085b00000| Untracked 
|  48|0x0000000085c00000, 0x0000000085c00000, 0x0000000085d00000|  0%| F|  |TAMS 0x0000000085c00000, 0x0000000085c00000| Untracked 
|  49|0x0000000085d00000, 0x0000000085d00000, 0x0000000085e00000|  0%| F|  |TAMS 0x0000000085d00000, 0x0000000085d00000| Untracked 
|  50|0x0000000085e00000, 0x0000000085e00000, 0x0000000085f00000|  0%| F|  |TAMS 0x0000000085e00000, 0x0000000085e00000| Untracked 
|  51|0x0000000085f00000, 0x0000000085f00000, 0x0000000086000000|  0%| F|  |TAMS 0x0000000085f00000, 0x0000000085f00000| Untracked 
|  52|0x0000000086000000, 0x0000000086000000, 0x0000000086100000|  0%| F|  |TAMS 0x0000000086000000, 0x0000000086000000| Untracked 
|  53|0x0000000086100000, 0x0000000086100000, 0x0000000086200000|  0%| F|  |TAMS 0x0000000086100000, 0x0000000086100000| Untracked 
|  54|0x0000000086200000, 0x0000000086200000, 0x0000000086300000|  0%| F|  |TAMS 0x0000000086200000, 0x0000000086200000| Untracked 
|  55|0x0000000086300000, 0x0000000086300000, 0x0000000086400000|  0%| F|  |TAMS 0x0000000086300000, 0x0000000086300000| Untracked 
|  56|0x0000000086400000, 0x0000000086400000, 0x0000000086500000|  0%| F|  |TAMS 0x0000000086400000, 0x0000000086400000| Untracked 
|  57|0x0000000086500000, 0x0000000086500000, 0x0000000086600000|  0%| F|  |TAMS 0x0000000086500000, 0x0000000086500000| Untracked 
|  58|0x0000000086600000, 0x0000000086600000, 0x0000000086700000|  0%| F|  |TAMS 0x0000000086600000, 0x0000000086600000| Untracked 
|  59|0x0000000086700000, 0x0000000086700000, 0x0000000086800000|  0%| F|  |TAMS 0x0000000086700000, 0x0000000086700000| Untracked 
|  60|0x0000000086800000, 0x0000000086800000, 0x0000000086900000|  0%| F|  |TAMS 0x0000000086800000, 0x0000000086800000| Untracked 
|  61|0x0000000086900000, 0x0000000086900000, 0x0000000086a00000|  0%| F|  |TAMS 0x0000000086900000, 0x0000000086900000| Untracked 
|  62|0x0000000086a00000, 0x0000000086a00000, 0x0000000086b00000|  0%| F|  |TAMS 0x0000000086a00000, 0x0000000086a00000| Untracked 
|  63|0x0000000086b00000, 0x0000000086b00000, 0x0000000086c00000|  0%| F|  |TAMS 0x0000000086b00000, 0x0000000086b00000| Untracked 
|  64|0x0000000086c00000, 0x0000000086c00000, 0x0000000086d00000|  0%| F|  |TAMS 0x0000000086c00000, 0x0000000086c00000| Untracked 
|  65|0x0000000086d00000, 0x0000000086d00000, 0x0000000086e00000|  0%| F|  |TAMS 0x0000000086d00000, 0x0000000086d00000| Untracked 
|  66|0x0000000086e00000, 0x0000000086e00000, 0x0000000086f00000|  0%| F|  |TAMS 0x0000000086e00000, 0x0000000086e00000| Untracked 
|  67|0x0000000086f00000, 0x0000000086f00000, 0x0000000087000000|  0%| F|  |TAMS 0x0000000086f00000, 0x0000000086f00000| Untracked 
|  68|0x0000000087000000, 0x0000000087000000, 0x0000000087100000|  0%| F|  |TAMS 0x0000000087000000, 0x0000000087000000| Untracked 
|  69|0x0000000087100000, 0x0000000087100000, 0x0000000087200000|  0%| F|  |TAMS 0x0000000087100000, 0x0000000087100000| Untracked 
|  70|0x0000000087200000, 0x0000000087200000, 0x0000000087300000|  0%| F|  |TAMS 0x0000000087200000, 0x0000000087200000| Untracked 
|  71|0x0000000087300000, 0x0000000087300000, 0x0000000087400000|  0%| F|  |TAMS 0x0000000087300000, 0x0000000087300000| Untracked 
|  72|0x0000000087400000, 0x0000000087400000, 0x0000000087500000|  0%| F|  |TAMS 0x0000000087400000, 0x0000000087400000| Untracked 
|  73|0x0000000087500000, 0x0000000087500000, 0x0000000087600000|  0%| F|  |TAMS 0x0000000087500000, 0x0000000087500000| Untracked 
|  74|0x0000000087600000, 0x0000000087600000, 0x0000000087700000|  0%| F|  |TAMS 0x0000000087600000, 0x0000000087600000| Untracked 
|  75|0x0000000087700000, 0x0000000087700000, 0x0000000087800000|  0%| F|  |TAMS 0x0000000087700000, 0x0000000087700000| Untracked 
|  76|0x0000000087800000, 0x0000000087800000, 0x0000000087900000|  0%| F|  |TAMS 0x0000000087800000, 0x0000000087800000| Untracked 
|  77|0x0000000087900000, 0x0000000087900000, 0x0000000087a00000|  0%| F|  |TAMS 0x0000000087900000, 0x0000000087900000| Untracked 
|  78|0x0000000087a00000, 0x0000000087a00000, 0x0000000087b00000|  0%| F|  |TAMS 0x0000000087a00000, 0x0000000087a00000| Untracked 
|  79|0x0000000087b00000, 0x0000000087b00000, 0x0000000087c00000|  0%| F|  |TAMS 0x0000000087b00000, 0x0000000087b00000| Untracked 
|  80|0x0000000087c00000, 0x0000000087c00000, 0x0000000087d00000|  0%| F|  |TAMS 0x0000000087c00000, 0x0000000087c00000| Untracked 
|  81|0x0000000087d00000, 0x0000000087d00000, 0x0000000087e00000|  0%| F|  |TAMS 0x0000000087d00000, 0x0000000087d00000| Untracked 
|  82|0x0000000087e00000, 0x0000000087e00000, 0x0000000087f00000|  0%| F|  |TAMS 0x0000000087e00000, 0x0000000087e00000| Untracked 
|  83|0x0000000087f00000, 0x0000000087f00000, 0x0000000088000000|  0%| F|  |TAMS 0x0000000087f00000, 0x0000000087f00000| Untracked 
|  84|0x0000000088000000, 0x0000000088000000, 0x0000000088100000|  0%| F|  |TAMS 0x0000000088000000, 0x0000000088000000| Untracked 
|  85|0x0000000088100000, 0x0000000088100000, 0x0000000088200000|  0%| F|  |TAMS 0x0000000088100000, 0x0000000088100000| Untracked 
|  86|0x0000000088200000, 0x0000000088200000, 0x0000000088300000|  0%| F|  |TAMS 0x0000000088200000, 0x0000000088200000| Untracked 
|  87|0x0000000088300000, 0x0000000088300000, 0x0000000088400000|  0%| F|  |TAMS 0x0000000088300000, 0x0000000088300000| Untracked 
|  88|0x0000000088400000, 0x0000000088400000, 0x0000000088500000|  0%| F|  |TAMS 0x0000000088400000, 0x0000000088400000| Untracked 
|  89|0x0000000088500000, 0x00000000885ddb40, 0x0000000088600000| 86%| E|  |TAMS 0x0000000088500000, 0x0000000088500000| Complete 
|  90|0x0000000088600000, 0x0000000088700000, 0x0000000088700000|100%| E|CS|TAMS 0x0000000088600000, 0x0000000088600000| Complete 
|  91|0x0000000088700000, 0x0000000088800000, 0x0000000088800000|100%| E|CS|TAMS 0x0000000088700000, 0x0000000088700000| Complete 
|  92|0x0000000088800000, 0x0000000088900000, 0x0000000088900000|100%| E|CS|TAMS 0x0000000088800000, 0x0000000088800000| Complete 
|  93|0x0000000088900000, 0x0000000088a00000, 0x0000000088a00000|100%| E|CS|TAMS 0x0000000088900000, 0x0000000088900000| Complete 
|  94|0x0000000088a00000, 0x0000000088b00000, 0x0000000088b00000|100%| E|CS|TAMS 0x0000000088a00000, 0x0000000088a00000| Complete 
|  95|0x0000000088b00000, 0x0000000088c00000, 0x0000000088c00000|100%| E|CS|TAMS 0x0000000088b00000, 0x0000000088b00000| Complete 
|  96|0x0000000088c00000, 0x0000000088d00000, 0x0000000088d00000|100%| E|CS|TAMS 0x0000000088c00000, 0x0000000088c00000| Complete 
|  97|0x0000000088d00000, 0x0000000088e00000, 0x0000000088e00000|100%| E|CS|TAMS 0x0000000088d00000, 0x0000000088d00000| Complete 
|  98|0x0000000088e00000, 0x0000000088f00000, 0x0000000088f00000|100%| E|CS|TAMS 0x0000000088e00000, 0x0000000088e00000| Complete 
|  99|0x0000000088f00000, 0x0000000089000000, 0x0000000089000000|100%| E|CS|TAMS 0x0000000088f00000, 0x0000000088f00000| Complete 
| 100|0x0000000089000000, 0x0000000089100000, 0x0000000089100000|100%| E|CS|TAMS 0x0000000089000000, 0x0000000089000000| Complete 
| 101|0x0000000089100000, 0x0000000089200000, 0x0000000089200000|100%| E|CS|TAMS 0x0000000089100000, 0x0000000089100000| Complete 
| 102|0x0000000089200000, 0x0000000089300000, 0x0000000089300000|100%| E|CS|TAMS 0x0000000089200000, 0x0000000089200000| Complete 
| 103|0x0000000089300000, 0x0000000089400000, 0x0000000089400000|100%| E|CS|TAMS 0x0000000089300000, 0x0000000089300000| Complete 
| 104|0x0000000089400000, 0x0000000089500000, 0x0000000089500000|100%| S|CS|TAMS 0x0000000089400000, 0x0000000089400000| Complete 
| 105|0x0000000089500000, 0x0000000089600000, 0x0000000089600000|100%| S|CS|TAMS 0x0000000089500000, 0x0000000089500000| Complete 
| 106|0x0000000089600000, 0x0000000089700000, 0x0000000089700000|100%| S|CS|TAMS 0x0000000089600000, 0x0000000089600000| Complete 
| 107|0x0000000089700000, 0x0000000089800000, 0x0000000089800000|100%| E|CS|TAMS 0x0000000089700000, 0x0000000089700000| Complete 
| 108|0x0000000089800000, 0x0000000089900000, 0x0000000089900000|100%| E|CS|TAMS 0x0000000089800000, 0x0000000089800000| Complete 
| 109|0x0000000089900000, 0x0000000089a00000, 0x0000000089a00000|100%| E|CS|TAMS 0x0000000089900000, 0x0000000089900000| Complete 
| 110|0x0000000089a00000, 0x0000000089b00000, 0x0000000089b00000|100%| E|CS|TAMS 0x0000000089a00000, 0x0000000089a00000| Complete 
| 111|0x0000000089b00000, 0x0000000089c00000, 0x0000000089c00000|100%| E|CS|TAMS 0x0000000089b00000, 0x0000000089b00000| Complete 
| 112|0x0000000089c00000, 0x0000000089d00000, 0x0000000089d00000|100%| E|CS|TAMS 0x0000000089c00000, 0x0000000089c00000| Complete 
| 113|0x0000000089d00000, 0x0000000089e00000, 0x0000000089e00000|100%| E|CS|TAMS 0x0000000089d00000, 0x0000000089d00000| Complete 
| 114|0x0000000089e00000, 0x0000000089f00000, 0x0000000089f00000|100%| E|CS|TAMS 0x0000000089e00000, 0x0000000089e00000| Complete 
| 115|0x0000000089f00000, 0x000000008a000000, 0x000000008a000000|100%| E|CS|TAMS 0x0000000089f00000, 0x0000000089f00000| Complete 
| 116|0x000000008a000000, 0x000000008a100000, 0x000000008a100000|100%| E|CS|TAMS 0x000000008a000000, 0x000000008a000000| Complete 
| 117|0x000000008a100000, 0x000000008a200000, 0x000000008a200000|100%| E|CS|TAMS 0x000000008a100000, 0x000000008a100000| Complete 
| 118|0x000000008a200000, 0x000000008a300000, 0x000000008a300000|100%| E|CS|TAMS 0x000000008a200000, 0x000000008a200000| Complete 
| 119|0x000000008a300000, 0x000000008a400000, 0x000000008a400000|100%| E|CS|TAMS 0x000000008a300000, 0x000000008a300000| Complete 
| 120|0x000000008a400000, 0x000000008a500000, 0x000000008a500000|100%| E|CS|TAMS 0x000000008a400000, 0x000000008a400000| Complete 
| 121|0x000000008a500000, 0x000000008a600000, 0x000000008a600000|100%| E|CS|TAMS 0x000000008a500000, 0x000000008a500000| Complete 
| 122|0x000000008a600000, 0x000000008a700000, 0x000000008a700000|100%| E|CS|TAMS 0x000000008a600000, 0x000000008a600000| Complete 
| 123|0x000000008a700000, 0x000000008a800000, 0x000000008a800000|100%| E|CS|TAMS 0x000000008a700000, 0x000000008a700000| Complete 
| 124|0x000000008a800000, 0x000000008a900000, 0x000000008a900000|100%| E|CS|TAMS 0x000000008a800000, 0x000000008a800000| Complete 
| 125|0x000000008a900000, 0x000000008aa00000, 0x000000008aa00000|100%| E|CS|TAMS 0x000000008a900000, 0x000000008a900000| Complete 

Card table byte_map: [0x000001e9bb380000,0x000001e9bb770000] _byte_map_base: 0x000001e9baf6a000

Marking Bits (Prev, Next): (CMBitMap*) 0x000001e9a4848290, (CMBitMap*) 0x000001e9a48482d0
 Prev Bits: [0x000001e9bbb60000, 0x000001e9bdab0000)
 Next Bits: [0x000001e9bdab0000, 0x000001e9bfa00000)

Polling page: 0x000001e9a29c0000

Metaspace:

Usage:
  Non-class:     14.09 MB used.
      Class:      2.28 MB used.
       Both:     16.37 MB used.

Virtual space:
  Non-class space:       16.00 MB reserved,      14.19 MB ( 89%) committed,  2 nodes.
      Class space:        1.00 GB reserved,       2.44 MB ( <1%) committed,  1 nodes.
              Both:        1.02 GB reserved,      16.62 MB (  2%) committed. 

Chunk freelists:
   Non-Class:  1.06 MB
       Class:  1.41 MB
        Both:  2.47 MB

MaxMetaspaceSize: 17179869184.00 GB
CompressedClassSpaceSize: 1.00 GB
 - commit_granule_bytes: 65536.
 - commit_granule_words: 8192.
 - virtual_space_node_default_size: 1048576.
 - enlarge_chunks_in_place: 1.
 - new_chunks_are_fully_committed: 0.
 - uncommit_free_chunks: 1.
 - use_allocation_guard: 0.
 - handle_deallocations: 1.


Internal statistics:

num_allocs_failed_limit: 0.
num_arena_births: 264.
num_arena_deaths: 0.
num_vsnodes_births: 3.
num_vsnodes_deaths: 0.
num_space_committed: 266.
num_space_uncommitted: 0.
num_chunks_returned_to_freelist: 0.
num_chunks_taken_from_freelist: 848.
num_chunk_merges: 0.
num_chunk_splits: 572.
num_chunks_enlarged: 407.
num_purges: 0.

CodeHeap 'non-profiled nmethods': size=120000Kb used=1067Kb max_used=1067Kb free=118932Kb
 bounds [0x000001e9b3a60000, 0x000001e9b3cd0000, 0x000001e9baf90000]
CodeHeap 'profiled nmethods': size=120000Kb used=5322Kb max_used=5322Kb free=114677Kb
 bounds [0x000001e9ac530000, 0x000001e9aca70000, 0x000001e9b3a60000]
CodeHeap 'non-nmethods': size=5760Kb used=1457Kb max_used=1497Kb free=4302Kb
 bounds [0x000001e9abf90000, 0x000001e9ac200000, 0x000001e9ac530000]
 total_blobs=3738 nmethods=2917 adapters=734
 compilation: enabled
              stopped_count=0, restarted_count=0
 full_count=0

Compilation events (20 events):
Event: 13.698 Thread 0x000001e9c1e8d780 nmethod 2914 0x000001e9aca5c310 code [0x000001e9aca5c4c0, 0x000001e9aca5c608]
Event: 13.698 Thread 0x000001e9c1e8d780 2915       3       sun.nio.cs.UTF_8$Encoder::encodeArrayLoop (489 bytes)
Event: 13.702 Thread 0x000001e9c1e8d780 nmethod 2915 0x000001e9aca5c690 code [0x000001e9aca5cca0, 0x000001e9aca603e8]
Event: 13.702 Thread 0x000001e9c1e8d780 2916       3       java.io.BufferedOutputStream::flushBuffer (29 bytes)
Event: 13.702 Thread 0x000001e9c1e8d780 nmethod 2916 0x000001e9aca61590 code [0x000001e9aca61740, 0x000001e9aca61968]
Event: 13.702 Thread 0x000001e9c1e8d780 2917       3       java.io.OutputStream::flush (1 bytes)
Event: 13.702 Thread 0x000001e9c1e8d780 nmethod 2917 0x000001e9aca61a10 code [0x000001e9aca61ba0, 0x000001e9aca61cb8]
Event: 14.180 Thread 0x000001e9c1e870f0 nmethod 2890 0x000001e9b3b5c810 code [0x000001e9b3b5d6e0, 0x000001e9b3b64f58]
Event: 14.181 Thread 0x000001e9c1e870f0 2891       4       jdk.internal.org.objectweb.asm.SymbolTable::addConstantUtf8Reference (101 bytes)
Event: 14.199 Thread 0x000001e9c1e870f0 nmethod 2891 0x000001e9b3b68b90 code [0x000001e9b3b68d60, 0x000001e9b3b69648]
Event: 15.577 Thread 0x000001e9c1e8d780 2918       1       javafx.animation.Animation$AnimationReadOnlyProperty::get (5 bytes)
Event: 15.577 Thread 0x000001e9c1e8d780 nmethod 2918 0x000001e9b3b69c10 code [0x000001e9b3b69da0, 0x000001e9b3b69e78]
Event: 15.591 Thread 0x000001e9c1e8d780 2919       3       com.sun.javafx.event.CompositeEventHandler::dispatchCapturingEvent (40 bytes)
Event: 15.592 Thread 0x000001e9c1e8d780 nmethod 2919 0x000001e9aca61d90 code [0x000001e9aca61f60, 0x000001e9aca62368]
Event: 64.351 Thread 0x000001e9c1e8d780 2920       3       javafx.beans.property.ReadOnlyBooleanWrapper$ReadOnlyPropertyImpl::get (8 bytes)
Event: 64.352 Thread 0x000001e9c1e8d780 nmethod 2920 0x000001e9aca62490 code [0x000001e9aca62640, 0x000001e9aca62968]
Event: 86.725 Thread 0x000001e9c1e870f0 2921       4       com.sun.javafx.tk.quantum.QuantumToolkit::postPulse (106 bytes)
Event: 86.733 Thread 0x000001e9c1e870f0 nmethod 2921 0x000001e9b3b69f10 code [0x000001e9b3b6a0c0, 0x000001e9b3b6a318]
Event: 87.061 Thread 0x000001e9c1e870f0 2922       4       com.sun.javafx.tk.quantum.QuantumToolkit$$Lambda$92/0x0000000800c36258::run (8 bytes)
Event: 87.066 Thread 0x000001e9c1e870f0 nmethod 2922 0x000001e9b3b6a610 code [0x000001e9b3b6a7e0, 0x000001e9b3b6aa88]

GC Heap History (4 events):
Event: 0.913 GC heap before
{Heap before GC invocations=0 (full 0):
 garbage-first heap   total 129024K, used 12288K [0x0000000082c00000, 0x0000000100000000)
  region size 1024K, 13 young (13312K), 0 survivors (0K)
 Metaspace       used 2803K, committed 2880K, reserved 1056768K
  class space    used 285K, committed 320K, reserved 1048576K
}
Event: 0.930 GC heap after
{Heap after GC invocations=1 (full 0):
 garbage-first heap   total 129024K, used 2220K [0x0000000082c00000, 0x0000000100000000)
  region size 1024K, 2 young (2048K), 2 survivors (2048K)
 Metaspace       used 2803K, committed 2880K, reserved 1056768K
  class space    used 285K, committed 320K, reserved 1048576K
}
Event: 1.610 GC heap before
{Heap before GC invocations=1 (full 0):
 garbage-first heap   total 129024K, used 19628K [0x0000000082c00000, 0x0000000100000000)
  region size 1024K, 19 young (19456K), 2 survivors (2048K)
 Metaspace       used 8155K, committed 8384K, reserved 1064960K
  class space    used 965K, committed 1088K, reserved 1048576K
}
Event: 1.618 GC heap after
{Heap after GC invocations=2 (full 0):
 garbage-first heap   total 129024K, used 5640K [0x0000000082c00000, 0x0000000100000000)
  region size 1024K, 3 young (3072K), 3 survivors (3072K)
 Metaspace       used 8155K, committed 8384K, reserved 1064960K
  class space    used 965K, committed 1088K, reserved 1048576K
}

Deoptimization events (20 events):
Event: 11.816 Thread 0x000001e9c34d2ed0 DEOPT PACKING pc=0x000001e9ac802fba sp=0x000000e8e85fdb10
Event: 11.816 Thread 0x000001e9c34d2ed0 DEOPT UNPACKING pc=0x000001e9abfddeaf sp=0x000000e8e85fcf60 mode 0
Event: 11.817 Thread 0x000001e9c34d2ed0 DEOPT PACKING pc=0x000001e9ac802fba sp=0x000000e8e85fdb10
Event: 11.817 Thread 0x000001e9c34d2ed0 DEOPT UNPACKING pc=0x000001e9abfddeaf sp=0x000000e8e85fcf60 mode 0
Event: 11.818 Thread 0x000001e9c34d2ed0 DEOPT PACKING pc=0x000001e9ac802fba sp=0x000000e8e85fdb10
Event: 11.818 Thread 0x000001e9c34d2ed0 DEOPT UNPACKING pc=0x000001e9abfddeaf sp=0x000000e8e85fcf60 mode 0
Event: 11.819 Thread 0x000001e9c34d2ed0 DEOPT PACKING pc=0x000001e9ac802fba sp=0x000000e8e85fdb10
Event: 11.819 Thread 0x000001e9c34d2ed0 DEOPT UNPACKING pc=0x000001e9abfddeaf sp=0x000000e8e85fcf60 mode 0
Event: 11.819 Thread 0x000001e9c34d2ed0 DEOPT PACKING pc=0x000001e9ac802fba sp=0x000000e8e85fdb10
Event: 11.819 Thread 0x000001e9c34d2ed0 DEOPT UNPACKING pc=0x000001e9abfddeaf sp=0x000000e8e85fcf60 mode 0
Event: 11.820 Thread 0x000001e9c34d2ed0 DEOPT PACKING pc=0x000001e9ac802fba sp=0x000000e8e85fdb10
Event: 11.820 Thread 0x000001e9c34d2ed0 DEOPT UNPACKING pc=0x000001e9abfddeaf sp=0x000000e8e85fcf60 mode 0
Event: 13.687 Thread 0x000001e9c3e78a70 Uncommon trap: trap_request=0xffffff45 fr.pc=0x000001e9b3b3f084 relative=0x0000000000000064
Event: 13.687 Thread 0x000001e9c3e78a70 Uncommon trap: reason=unstable_if action=reinterpret pc=0x000001e9b3b3f084 method=java.lang.StringConcatHelper.mix(JLjava/lang/String;)J @ 13 c2
Event: 13.687 Thread 0x000001e9c3e78a70 DEOPT PACKING pc=0x000001e9b3b3f084 sp=0x000000e8e8bf7150
Event: 13.687 Thread 0x000001e9c3e78a70 DEOPT UNPACKING pc=0x000001e9abfdd728 sp=0x000000e8e8bf70d0 mode 2
Event: 13.687 Thread 0x000001e9c3e78a70 Uncommon trap: trap_request=0xffffff45 fr.pc=0x000001e9b3b1ab14 relative=0x00000000000000f4
Event: 13.687 Thread 0x000001e9c3e78a70 Uncommon trap: reason=unstable_if action=reinterpret pc=0x000001e9b3b1ab14 method=java.lang.StringConcatHelper.prepend(J[BLjava/lang/String;)J @ 13 c2
Event: 13.687 Thread 0x000001e9c3e78a70 DEOPT PACKING pc=0x000001e9b3b1ab14 sp=0x000000e8e8bf70b0
Event: 13.687 Thread 0x000001e9c3e78a70 DEOPT UNPACKING pc=0x000001e9abfdd728 sp=0x000000e8e8bf7060 mode 2

Classes unloaded (0 events):
No events

Classes redefined (0 events):
No events

Internal exceptions (20 events):
Event: 1.820 Thread 0x000001e9c3e78a70 Implicit null exception at 0x000001e9b3a85dd8 to 0x000001e9b3a85e6e
Event: 1.912 Thread 0x000001e9c3e78a70 Implicit null exception at 0x000001e9b3abda11 to 0x000001e9b3abdbdc
Event: 2.176 Thread 0x000001e9c3e78a70 Exception <a 'java/lang/ClassNotFoundException'{0x0000000089e00dd0}: com/sun/javafx/scene/control/skin/resources/controls> (0x0000000089e00dd0) 
thrown [t:\workspace\open\src\hotspot\share\prims\jni.cpp, line 600]
Event: 2.178 Thread 0x000001e9c3e78a70 Exception <a 'java/lang/ClassNotFoundException'{0x0000000089e0e8d0}: com/sun/javafx/scene/control/skin/resources/controls_ru> (0x0000000089e0e8d0) 
thrown [t:\workspace\open\src\hotspot\share\prims\jni.cpp, line 600]
Event: 2.178 Thread 0x000001e9c3e78a70 Exception <a 'java/lang/ClassNotFoundException'{0x0000000089e0fec0}: com/sun/javafx/scene/control/skin/resources/controls_ru_RU> (0x0000000089e0fec0) 
thrown [t:\workspace\open\src\hotspot\share\prims\jni.cpp, line 600]
Event: 2.269 Thread 0x000001e9c3e78a70 Exception <a 'java/lang/NoSuchMethodError'{0x0000000089dd09b0}: 'void java.lang.invoke.DirectMethodHandle$Holder.invokeSpecial(java.lang.Object, java.lang.Object, java.lang.Object, java.lang.Object, java.lang.Object, java.lang.Object)'> (0x0000000089dd09b0) 
thrown [t:\workspace\open\src\hotspot\share\interpreter\linkResolver.cpp, line 790]
Event: 2.335 Thread 0x000001e9c3e78a70 Exception <a 'java/lang/NoSuchMethodError'{0x0000000089ab82a8}: 'java.lang.Object java.lang.invoke.DirectMethodHandle$Holder.invokeInterface(java.lang.Object, java.lang.Object, java.lang.Object)'> (0x0000000089ab82a8) 
thrown [t:\workspace\open\src\hotspot\share\interpreter\linkResolver.cpp, line 790]
Event: 2.336 Thread 0x000001e9c3e78a70 Exception <a 'java/lang/IncompatibleClassChangeError'{0x0000000089abbe28}: Found class java.lang.Object, but interface was expected> (0x0000000089abbe28) 
thrown [t:\workspace\open\src\hotspot\share\interpreter\linkResolver.cpp, line 857]
Event: 2.440 Thread 0x000001e9c3e78a70 Exception <a 'java/lang/NoSuchMethodError'{0x00000000898958a0}: 'java.lang.Object java.lang.invoke.DirectMethodHandle$Holder.newInvokeSpecial(java.lang.Object, java.lang.Object, int)'> (0x00000000898958a0) 
thrown [t:\workspace\open\src\hotspot\share\interpreter\linkResolver.cpp, line 790]
Event: 2.478 Thread 0x000001e9c34d2ed0 Exception <a 'java/lang/NoSuchMethodError'{0x0000000089792350}: 'int java.lang.invoke.DirectMethodHandle$Holder.invokeStaticInit(java.lang.Object, java.lang.Object)'> (0x0000000089792350) 
thrown [t:\workspace\open\src\hotspot\share\interpreter\linkResolver.cpp, line 790]
Event: 2.489 Thread 0x000001e9c3e78a70 Exception <a 'java/lang/NoSuchMethodError'{0x00000000898fcc98}: 'long java.lang.invoke.DirectMethodHandle$Holder.invokeStatic(java.lang.Object, java.lang.Object, java.lang.Object)'> (0x00000000898fcc98) 
thrown [t:\workspace\open\src\hotspot\share\interpreter\linkResolver.cpp, line 790]
Event: 2.490 Thread 0x000001e9c3e78a70 Exception <a 'java/lang/NoSuchMethodError'{0x00000000897f8f38}: 'long java.lang.invoke.DirectMethodHandle$Holder.invokeStaticInit(java.lang.Object, java.lang.Object, java.lang.Object)'> (0x00000000897f8f38) 
thrown [t:\workspace\open\src\hotspot\share\interpreter\linkResolver.cpp, line 790]
Event: 2.494 Thread 0x000001e9c3e78a70 Exception <a 'java/lang/NoSuchMethodError'{0x0000000089311368}: 'java.lang.Object java.lang.invoke.DirectMethodHandle$Holder.newInvokeSpecial(java.lang.Object, java.lang.Object, long)'> (0x0000000089311368) 
thrown [t:\workspace\open\src\hotspot\share\interpreter\linkResolver.cpp, line 790]
Event: 2.495 Thread 0x000001e9c3e78a70 Exception <a 'java/lang/NoSuchMethodError'{0x00000000893150d8}: 'java.lang.Object java.lang.invoke.Invokers$Holder.linkToTargetMethod(java.lang.Object, long, java.lang.Object)'> (0x00000000893150d8) 
thrown [t:\workspace\open\src\hotspot\share\interpreter\linkResolver.cpp, line 790]
Event: 10.319 Thread 0x000001e9c34d2ed0 Exception <a 'java/lang/NoSuchMethodError'{0x0000000088def898}: 'java.lang.Object java.lang.invoke.DirectMethodHandle$Holder.invokeStaticInit(java.lang.Object, int)'> (0x0000000088def898) 
thrown [t:\workspace\open\src\hotspot\share\interpreter\linkResolver.cpp, line 790]
Event: 13.674 Thread 0x000001e9c3e78a70 Exception <a 'java/lang/NoSuchMethodError'{0x00000000887e95e0}: 'java.lang.Object java.lang.invoke.DelegatingMethodHandle$Holder.reinvoke_L(java.lang.Object, java.lang.Object, long, java.lang.Object, java.lang.Object, java.lang.Object, java.lang.Object, java.lang.Object, java.lang.Object, java.lang.Object, java.lang.Object, java.lang.Object, java.lang.Object, java.lang.Object, java.lang.Object, java.lang.Object)'> (0x00000000887e95e0) 
thrown [t:\workspace\open\src\hotspot\share\interpreter\linkResolver.cp
Event: 13.682 Thread 0x000001e9c3e78a70 Exception <a 'java/lang/NoSuchMethodError'{0x0000000088632f90}: 'java.lang.Object java.lang.invoke.DirectMethodHandle$Holder.invokeSpecial(java.lang.Object, java.lang.Object, long, java.lang.Object, java.lang.Object, java.lang.Object, java.lang.Object, java.lang.Object, java.lang.Object, java.lang.Object, java.lang.Object, java.lang.Object, java.lang.Object, java.lang.Object, java.lang.Object, java.lang.Object)'> (0x0000000088632f90) 
thrown [t:\workspace\open\src\hotspot\share\interpreter\linkResolver.cpp
Event: 13.682 Thread 0x000001e9c3e78a70 Exception <a 'java/lang/NoSuchMethodError'{0x00000000886389c8}: 'java.lang.Object java.lang.invoke.DelegatingMethodHandle$Holder.reinvoke_L(java.lang.Object, long, java.lang.Object, java.lang.Object, java.lang.Object, java.lang.Object, java.lang.Object, java.lang.Object, java.lang.Object, java.lang.Object, java.lang.Object, java.lang.Object, java.lang.Object, java.lang.Object, java.lang.Object)'> (0x00000000886389c8) 
thrown [t:\workspace\open\src\hotspot\share\interpreter\linkResolver.cpp, line 790]
Event: 13.685 Thread 0x000001e9c3e78a70 Exception <a 'java/lang/NoSuchMethodError'{0x0000000088653618}: 'java.lang.Object java.lang.invoke.DirectMethodHandle$Holder.invokeSpecial(java.lang.Object, java.lang.Object, java.lang.Object, java.lang.Object, java.lang.Object, java.lang.Object, java.lang.Object, java.lang.Object, java.lang.Object, java.lang.Object, java.lang.Object, java.lang.Object, java.lang.Object, java.lang.Object, java.lang.Object)'> (0x0000000088653618) 
thrown [t:\workspace\open\src\hotspot\share\interpreter\linkResolver.cpp, line
Event: 13.686 Thread 0x000001e9c3e78a70 Exception <a 'java/lang/NoSuchMethodError'{0x0000000088659558}: 'java.lang.Object java.lang.invoke.Invokers$Holder.linkToTargetMethod(java.lang.Object, java.lang.Object, java.lang.Object, java.lang.Object, java.lang.Object, java.lang.Object, java.lang.Object, java.lang.Object, java.lang.Object, java.lang.Object, java.lang.Object, java.lang.Object, java.lang.Object, java.lang.Object)'> (0x0000000088659558) 
thrown [t:\workspace\open\src\hotspot\share\interpreter\linkResolver.cpp, line 790]

Events (20 events):
Event: 13.693 loading class java/lang/Throwable$WrappedPrintStream
Event: 13.693 loading class java/lang/Throwable$PrintStreamOrWriter
Event: 13.693 loading class java/lang/Throwable$PrintStreamOrWriter done
Event: 13.693 loading class java/lang/Throwable$WrappedPrintStream done
Event: 14.622 Executing  VM operation: Cleanup
Event: 14.623 Executing  VM operation: Cleanup done
Event: 15.623 Executing  VM operation: Cleanup
Event: 15.623 Executing  VM operation: Cleanup done
Event: 101.696 Executing  VM operation: Cleanup
Event: 101.696 Executing  VM operation: Cleanup done
Event: 102.696 Executing  VM operation: Cleanup
Event: 102.696 Executing  VM operation: Cleanup done
Event: 238.584 loading class jdk/internal/misc/Signal$1
Event: 238.584 loading class jdk/internal/misc/Signal$1 done
Event: 238.584 Thread 0x000001e9c38145b0 Thread added: 0x000001e9c38145b0
Event: 238.585 Thread 0x000001e9c38155a0 Thread added: 0x000001e9c38155a0
Event: 238.585 Thread 0x000001e9c3813b10 Thread added: 0x000001e9c3813b10
Event: 238.587 Thread 0x000001e9c3813b10 Thread exited: 0x000001e9c3813b10
Event: 238.589 Executing  VM operation: Exit
Event: 238.589 Thread 0x000001e9c1e7b7c0 Thread exited: 0x000001e9c1e7b7c0


Dynamic libraries:
0x00007ff7cdca0000 - 0x00007ff7cdcb0000 	C:\Program Files\Java\jdk-16.0.2\bin\java.exe
0x00007ffb23630000 - 0x00007ffb23825000 	C:\Windows\SYSTEM32\ntdll.dll
0x00007ffb22960000 - 0x00007ffb22a1e000 	C:\Windows\System32\KERNEL32.DLL
0x00007ffb210e0000 - 0x00007ffb213a8000 	C:\Windows\System32\KERNELBASE.dll
0x00007ffb20ee0000 - 0x00007ffb20fe0000 	C:\Windows\System32\ucrtbase.dll
0x00007ffb1adf0000 - 0x00007ffb1ae08000 	C:\Program Files\Java\jdk-16.0.2\bin\jli.dll
0x00007ffb22060000 - 0x00007ffb2210c000 	C:\Windows\System32\ADVAPI32.dll
0x00007ffb22110000 - 0x00007ffb221ae000 	C:\Windows\System32\msvcrt.dll
0x00007ffb22bb0000 - 0x00007ffb22c4b000 	C:\Windows\System32\sechost.dll
0x00007ffb218d0000 - 0x00007ffb219fa000 	C:\Windows\System32\RPCRT4.dll
0x00007ffb22f60000 - 0x00007ffb23101000 	C:\Windows\System32\USER32.dll
0x00007ffb214c0000 - 0x00007ffb214e2000 	C:\Windows\System32\win32u.dll
0x00007ffb218a0000 - 0x00007ffb218cb000 	C:\Windows\System32\GDI32.dll
0x00007ffb213b0000 - 0x00007ffb214bb000 	C:\Windows\System32\gdi32full.dll
0x00007ffb20fe0000 - 0x00007ffb2107d000 	C:\Windows\System32\msvcp_win.dll
0x00007ffb0aad0000 - 0x00007ffb0ad6a000 	C:\Windows\WinSxS\amd64_microsoft.windows.common-controls_6595b64144ccf1df_6.0.19041.1110_none_60b5254171f9507e\COMCTL32.dll
0x00007ffb1a7c0000 - 0x00007ffb1a7ca000 	C:\Windows\SYSTEM32\VERSION.dll
0x00007ffb1ae40000 - 0x00007ffb1ae59000 	C:\Program Files\Java\jdk-16.0.2\bin\VCRUNTIME140.dll
0x00007ffb21680000 - 0x00007ffb216b0000 	C:\Windows\System32\IMM32.DLL
0x00007ffb1c0d0000 - 0x00007ffb1c0dc000 	C:\Program Files\Java\jdk-16.0.2\bin\vcruntime140_1.dll
0x00007ffb19d70000 - 0x00007ffb19e01000 	C:\Program Files\Java\jdk-16.0.2\bin\msvcp140.dll
0x00007ffad4e00000 - 0x00007ffad59ab000 	C:\Program Files\Java\jdk-16.0.2\bin\server\jvm.dll
0x00007ffb21a00000 - 0x00007ffb21a08000 	C:\Windows\System32\PSAPI.DLL
0x00007ffb09dc0000 - 0x00007ffb09dc9000 	C:\Windows\SYSTEM32\WSOCK32.dll
0x00007ffb23170000 - 0x00007ffb231db000 	C:\Windows\System32\WS2_32.dll
0x00007ffb02da0000 - 0x00007ffb02dc7000 	C:\Windows\SYSTEM32\WINMM.dll
0x00007ffb1f5d0000 - 0x00007ffb1f5e2000 	C:\Windows\SYSTEM32\kernel.appcore.dll
0x00007ffb1ae20000 - 0x00007ffb1ae2a000 	C:\Program Files\Java\jdk-16.0.2\bin\jimage.dll
0x00007ffb1eb50000 - 0x00007ffb1ed34000 	C:\Windows\SYSTEM32\DBGHELP.DLL
0x00007ffb187f0000 - 0x00007ffb1881c000 	C:\Windows\SYSTEM32\dbgcore.DLL
0x00007ffb214f0000 - 0x00007ffb21573000 	C:\Windows\System32\bcryptPrimitives.dll
0x00007ffb1add0000 - 0x00007ffb1adde000 	C:\Program Files\Java\jdk-16.0.2\bin\instrument.dll
0x00007ffb1ad10000 - 0x00007ffb1ad35000 	C:\Program Files\Java\jdk-16.0.2\bin\java.dll
0x00007ffb22220000 - 0x00007ffb2295f000 	C:\Windows\System32\SHELL32.dll
0x00007ffb1ed40000 - 0x00007ffb1f4d0000 	C:\Windows\SYSTEM32\windows.storage.dll
0x00007ffb23290000 - 0x00007ffb235e5000 	C:\Windows\System32\combase.dll
0x00007ffb206d0000 - 0x00007ffb206fe000 	C:\Windows\SYSTEM32\Wldp.dll
0x00007ffb22a20000 - 0x00007ffb22acd000 	C:\Windows\System32\SHCORE.dll
0x00007ffb221c0000 - 0x00007ffb22215000 	C:\Windows\System32\shlwapi.dll
0x00007ffb20c90000 - 0x00007ffb20caf000 	C:\Windows\SYSTEM32\profapi.dll
0x00007ffb1acf0000 - 0x00007ffb1ad09000 	C:\Program Files\Java\jdk-16.0.2\bin\net.dll
0x00007ffb13460000 - 0x00007ffb1356c000 	C:\Windows\SYSTEM32\WINHTTP.dll
0x00007ffb20430000 - 0x00007ffb2049a000 	C:\Windows\system32\mswsock.dll
0x00007ffb19d50000 - 0x00007ffb19d63000 	C:\Program Files\Java\jdk-16.0.2\bin\nio.dll
0x00007ffb19810000 - 0x00007ffb19828000 	C:\Program Files\Java\jdk-16.0.2\bin\zip.dll
0x00007ffb001a0000 - 0x00007ffb001ba000 	C:\Program Files\JetBrains\IntelliJ IDEA 2021.2.1\bin\breakgen64.dll
0x000001e9a47b0000 - 0x000001e9a47b3000 	C:\javafx-sdk-11.0.2\bin\api-ms-win-core-console-l1-1-0.dll
0x000001e9a47c0000 - 0x000001e9a47c3000 	C:\javafx-sdk-11.0.2\bin\api-ms-win-core-datetime-l1-1-0.dll
0x000001e9a47d0000 - 0x000001e9a47d3000 	C:\javafx-sdk-11.0.2\bin\api-ms-win-core-debug-l1-1-0.dll
0x000001e9a47e0000 - 0x000001e9a47e3000 	C:\javafx-sdk-11.0.2\bin\api-ms-win-core-errorhandling-l1-1-0.dll
0x000001e9c1f30000 - 0x000001e9c1f34000 	C:\javafx-sdk-11.0.2\bin\api-ms-win-core-file-l1-1-0.dll
0x000001e9c1f40000 - 0x000001e9c1f43000 	C:\javafx-sdk-11.0.2\bin\api-ms-win-core-file-l1-2-0.dll
0x000001e9c1f50000 - 0x000001e9c1f53000 	C:\javafx-sdk-11.0.2\bin\api-ms-win-core-file-l2-1-0.dll
0x000001e9c1f60000 - 0x000001e9c1f63000 	C:\javafx-sdk-11.0.2\bin\api-ms-win-core-handle-l1-1-0.dll
0x000001e9c1f70000 - 0x000001e9c1f73000 	C:\javafx-sdk-11.0.2\bin\api-ms-win-core-heap-l1-1-0.dll
0x000001e9c1f80000 - 0x000001e9c1f83000 	C:\javafx-sdk-11.0.2\bin\api-ms-win-core-interlocked-l1-1-0.dll
0x000001e9c1f90000 - 0x000001e9c1f93000 	C:\javafx-sdk-11.0.2\bin\api-ms-win-core-libraryloader-l1-1-0.dll
0x000001e9c1fa0000 - 0x000001e9c1fa3000 	C:\javafx-sdk-11.0.2\bin\api-ms-win-core-localization-l1-2-0.dll
0x000001e9c1fb0000 - 0x000001e9c1fb3000 	C:\javafx-sdk-11.0.2\bin\api-ms-win-core-memory-l1-1-0.dll
0x000001e9c1fc0000 - 0x000001e9c1fc3000 	C:\javafx-sdk-11.0.2\bin\api-ms-win-core-namedpipe-l1-1-0.dll
0x000001e9c1fd0000 - 0x000001e9c1fd3000 	C:\javafx-sdk-11.0.2\bin\api-ms-win-core-processenvironment-l1-1-0.dll
0x000001e9c1fe0000 - 0x000001e9c1fe3000 	C:\javafx-sdk-11.0.2\bin\api-ms-win-core-processthreads-l1-1-0.dll
0x000001e9c1ff0000 - 0x000001e9c1ff3000 	C:\javafx-sdk-11.0.2\bin\api-ms-win-core-processthreads-l1-1-1.dll
0x000001e9c44e0000 - 0x000001e9c44e3000 	C:\javafx-sdk-11.0.2\bin\api-ms-win-core-profile-l1-1-0.dll
0x000001e9c44f0000 - 0x000001e9c44f3000 	C:\javafx-sdk-11.0.2\bin\api-ms-win-core-rtlsupport-l1-1-0.dll
0x000001e9c4500000 - 0x000001e9c4503000 	C:\javafx-sdk-11.0.2\bin\api-ms-win-core-string-l1-1-0.dll
0x000001e9c4510000 - 0x000001e9c4513000 	C:\javafx-sdk-11.0.2\bin\api-ms-win-core-synch-l1-1-0.dll
0x000001e9c4520000 - 0x000001e9c4523000 	C:\javafx-sdk-11.0.2\bin\api-ms-win-core-synch-l1-2-0.dll
0x000001e9c4530000 - 0x000001e9c4533000 	C:\javafx-sdk-11.0.2\bin\api-ms-win-core-sysinfo-l1-1-0.dll
0x000001e9c4540000 - 0x000001e9c4543000 	C:\javafx-sdk-11.0.2\bin\api-ms-win-core-timezone-l1-1-0.dll
0x000001e9c4550000 - 0x000001e9c4553000 	C:\javafx-sdk-11.0.2\bin\api-ms-win-core-util-l1-1-0.dll
0x000001e9c4560000 - 0x000001e9c4563000 	C:\javafx-sdk-11.0.2\bin\api-ms-win-crt-conio-l1-1-0.dll
0x000001e9c4570000 - 0x000001e9c4574000 	C:\javafx-sdk-11.0.2\bin\api-ms-win-crt-convert-l1-1-0.dll
0x000001e9c4580000 - 0x000001e9c4583000 	C:\javafx-sdk-11.0.2\bin\api-ms-win-crt-environment-l1-1-0.dll
0x000001e9c4590000 - 0x000001e9c4593000 	C:\javafx-sdk-11.0.2\bin\api-ms-win-crt-filesystem-l1-1-0.dll
0x000001e9c45a0000 - 0x000001e9c45a3000 	C:\javafx-sdk-11.0.2\bin\api-ms-win-crt-heap-l1-1-0.dll
0x000001e9c45b0000 - 0x000001e9c45b3000 	C:\javafx-sdk-11.0.2\bin\api-ms-win-crt-locale-l1-1-0.dll
0x000001e9c45c0000 - 0x000001e9c45c5000 	C:\javafx-sdk-11.0.2\bin\api-ms-win-crt-math-l1-1-0.dll
0x000001e9c45d0000 - 0x000001e9c45d5000 	C:\javafx-sdk-11.0.2\bin\api-ms-win-crt-multibyte-l1-1-0.dll
0x000001e9c45e0000 - 0x000001e9c45f0000 	C:\javafx-sdk-11.0.2\bin\api-ms-win-crt-private-l1-1-0.dll
0x000001e9c45f0000 - 0x000001e9c45f3000 	C:\javafx-sdk-11.0.2\bin\api-ms-win-crt-process-l1-1-0.dll
0x000001e9c4600000 - 0x000001e9c4604000 	C:\javafx-sdk-11.0.2\bin\api-ms-win-crt-runtime-l1-1-0.dll
0x000001e9c4610000 - 0x000001e9c4614000 	C:\javafx-sdk-11.0.2\bin\api-ms-win-crt-stdio-l1-1-0.dll
0x000001e9c4620000 - 0x000001e9c4624000 	C:\javafx-sdk-11.0.2\bin\api-ms-win-crt-string-l1-1-0.dll
0x000001e9c4630000 - 0x000001e9c4633000 	C:\javafx-sdk-11.0.2\bin\api-ms-win-crt-time-l1-1-0.dll
0x000001e9c4640000 - 0x000001e9c4643000 	C:\javafx-sdk-11.0.2\bin\api-ms-win-crt-utility-l1-1-0.dll
0x00007ffaf01f0000 - 0x00007ffaf02ea000 	C:\javafx-sdk-11.0.2\bin\ucrtbase.dll
0x00007ffb00180000 - 0x00007ffb00196000 	C:\javafx-sdk-11.0.2\bin\vcruntime140.dll
0x00007ffaef750000 - 0x00007ffaef7f6000 	C:\javafx-sdk-11.0.2\bin\msvcp140.dll
0x00007ffaf2290000 - 0x00007ffaf22e1000 	C:\javafx-sdk-11.0.2\bin\concrt140.dll
0x00007ffafb7c0000 - 0x00007ffafb7e3000 	C:\javafx-sdk-11.0.2\bin\prism_d3d.dll
0x00007ffae1e80000 - 0x00007ffae204e000 	C:\Windows\system32\d3d9.dll
0x00007ffb1e5c0000 - 0x00007ffb1e5ef000 	C:\Windows\SYSTEM32\dwmapi.dll
0x00007ffb1e3b0000 - 0x00007ffb1e44e000 	C:\Windows\system32\uxtheme.dll
0x00007ffb20eb0000 - 0x00007ffb20ed7000 	C:\Windows\System32\bcrypt.dll
0x00007ffb22e30000 - 0x00007ffb22f5a000 	C:\Windows\System32\ole32.dll
0x00007ffb22ae0000 - 0x00007ffb22bad000 	C:\Windows\System32\OLEAUT32.dll
0x00007ffb21580000 - 0x00007ffb215ce000 	C:\Windows\System32\cfgmgr32.dll
0x00007ffaf1d10000 - 0x00007ffaf1d55000 	C:\javafx-sdk-11.0.2\bin\glass.dll
0x00007ffb217c0000 - 0x00007ffb2189a000 	C:\Windows\System32\COMDLG32.dll
0x00007ffb22cb0000 - 0x00007ffb22dc5000 	C:\Windows\System32\MSCTF.dll
0x00007ffb165d0000 - 0x00007ffb1660b000 	C:\Windows\SYSTEM32\dxcore.dll
0x00007ffafdcd0000 - 0x00007ffafdce4000 	C:\javafx-sdk-11.0.2\bin\javafx_font.dll
0x00007ffb02b10000 - 0x00007ffb02d93000 	C:\Windows\SYSTEM32\dwrite.dll
0x00007ffb231e0000 - 0x00007ffb23289000 	C:\Windows\System32\clbcatq.dll
0x00007ffb17f70000 - 0x00007ffb18124000 	C:\Windows\SYSTEM32\WindowsCodecs.dll
0x00007ffb00140000 - 0x00007ffb0017e000 	C:\Windows\system32\dataexchange.dll
0x00007ffb1d460000 - 0x00007ffb1d645000 	C:\Windows\system32\dcomp.dll
0x00007ffb1c560000 - 0x00007ffb1c7c4000 	C:\Windows\system32\d3d11.dll
0x00007ffb1f640000 - 0x00007ffb1f734000 	C:\Windows\system32\dxgi.dll
0x00007ffb18590000 - 0x00007ffb18791000 	C:\Windows\system32\twinapi.appcore.dll
0x00007ffafd6e0000 - 0x00007ffafd714000 	C:\Program Files\Common Files\Microsoft Shared\Ink\rtscom.dll
0x00007ffb0f7a0000 - 0x00007ffb0f899000 	C:\Windows\SYSTEM32\textinputframework.dll
0x00007ffb1daf0000 - 0x00007ffb1dbe2000 	C:\Windows\System32\CoreMessaging.dll
0x00007ffb1d790000 - 0x00007ffb1daee000 	C:\Windows\System32\CoreUIComponents.dll
0x00007ffb1fa40000 - 0x00007ffb1fa73000 	C:\Windows\SYSTEM32\ntmarta.dll
0x00007ffb1cf80000 - 0x00007ffb1d0d4000 	C:\Windows\SYSTEM32\wintypes.dll

dbghelp: loaded successfully - version: 4.0.5 - missing functions: none
symbol engine: initialized successfully - sym options: 0x614 - pdb path: .;C:\Program Files\Java\jdk-16.0.2\bin;C:\Windows\SYSTEM32;C:\Windows\WinSxS\amd64_microsoft.windows.common-controls_6595b64144ccf1df_6.0.19041.1110_none_60b5254171f9507e;C:\Program Files\Java\jdk-16.0.2\bin\server;C:\Program Files\JetBrains\IntelliJ IDEA 2021.2.1\bin;C:\javafx-sdk-11.0.2\bin;C:\Windows\System32\DriverStore\FileRepository\iigd_dch.inf_amd64_e9b40d45ab4dc6b8;C:\Program Files\Common Files\Microsoft Shared\Ink

VM Arguments:
jvm_args: --module-path=C:/javafx-sdk-11.0.2/lib --add-modules=javafx.controls,javafx.fxml -javaagent:C:\Program Files\JetBrains\IntelliJ IDEA 2021.2.1\lib\idea_rt.jar=63994:C:\Program Files\JetBrains\IntelliJ IDEA 2021.2.1\bin -Dfile.encoding=UTF-8 
java_command: forms.Main
java_class_path (initial): C:\java\Polyclinic\out\production\Polyclinic;C:\javafx-sdk-11.0.2\lib\src.zip;C:\javafx-sdk-11.0.2\lib\javafx-swt.jar;C:\javafx-sdk-11.0.2\lib\javafx.web.jar;C:\javafx-sdk-11.0.2\lib\javafx.base.jar;C:\javafx-sdk-11.0.2\lib\javafx.fxml.jar;C:\javafx-sdk-11.0.2\lib\javafx.media.jar;C:\javafx-sdk-11.0.2\lib\javafx.swing.jar;C:\javafx-sdk-11.0.2\lib\javafx.controls.jar;C:\javafx-sdk-11.0.2\lib\javafx.graphics.jar
Launcher Type: SUN_STANDARD

[Global flags]
     intx CICompilerCount                          = 3                                         {product} {ergonomic}
     uint ConcGCThreads                            = 1                                         {product} {ergonomic}
     uint G1ConcRefinementThreads                  = 4                                         {product} {ergonomic}
   size_t G1HeapRegionSize                         = 1048576                                   {product} {ergonomic}
    uintx GCDrainStackTargetSize                   = 64                                        {product} {ergonomic}
   size_t InitialHeapSize                          = 132120576                                 {product} {ergonomic}
   size_t MarkStackSize                            = 4194304                                   {product} {ergonomic}
   size_t MaxHeapSize                              = 2101346304                                {product} {ergonomic}
   size_t MaxNewSize                               = 1260388352                                {product} {ergonomic}
   size_t MinHeapDeltaBytes                        = 1048576                                   {product} {ergonomic}
   size_t MinHeapSize                              = 8388608                                   {product} {ergonomic}
    uintx NonNMethodCodeHeapSize                   = 5832780                                {pd product} {ergonomic}
    uintx NonProfiledCodeHeapSize                  = 122912730                              {pd product} {ergonomic}
    uintx ProfiledCodeHeapSize                     = 122912730                              {pd product} {ergonomic}
    uintx ReservedCodeCacheSize                    = 251658240                              {pd product} {ergonomic}
     bool SegmentedCodeCache                       = true                                      {product} {ergonomic}
   size_t SoftMaxHeapSize                          = 2101346304                             {manageable} {ergonomic}
     bool UseCompressedClassPointers               = true                           {product lp64_product} {ergonomic}
     bool UseCompressedOops                        = true                           {product lp64_product} {ergonomic}
     bool UseG1GC                                  = true                                      {product} {ergonomic}
     bool UseLargePagesIndividualAllocation        = false                                  {pd product} {ergonomic}

Logging:
Log output configuration:
 #0: stdout all=off uptime,level,tags
 #1: stderr all=off uptime,level,tags

Environment Variables:
PATH=C:\Program Files\Common Files\Oracle\Java\javapath;C:\Program Files (x86)\Common Files\Oracle\Java\javapath;C:\Windows\system32;C:\Windows;C:\Windows\System32\Wbem;C:\Windows\System32\WindowsPowerShell\v1.0\;C:\Windows\System32\OpenSSH\;C:\Program Files\dotnet\;C:\Users\Kate\AppData\Local\Microsoft\WindowsApps;;C:\Program Files\JetBrains\IntelliJ IDEA 2021.2.1\bin;;C:\Users\Kate\.dotnet\tools
USERNAME=Kate
OS=Windows_NT
PROCESSOR_IDENTIFIER=Intel64 Family 6 Model 122 Stepping 1, GenuineIntel



---------------  S Y S T E M  ---------------

OS:
 Windows 10 , 64 bit Build 19041 (10.0.19041.1348)
OS uptime: 10 days 19:37 hours

CPU: total 4 (initial active 4) (4 cores per cpu, 1 threads per core) family 6 model 122 stepping 1 microcode 0x2e, cx8, cmov, fxsr, mmx, 3dnowpref, sse, sse2, sse3, ssse3, sse4.1, sse4.2, popcnt, tsc, tscinvbit, aes, erms, clmul, sha, clflush, clflushopt

Memory: 4k page, system-wide physical 8014M (1100M free)
TotalPageFile size 12849M (AvailPageFile size 1551M)
current process WorkingSet (physical memory assigned to process): 131M, peak: 167M
current process commit charge ("private bytes"): 250M, peak: 287M

vm_info: Java HotSpot(TM) 64-Bit Server VM (16.0.2+7-67) for windows-amd64 JRE (16.0.2+7-67), built on Jun  8 2021 23:24:19 by "mach5one" with MS VC++ 16.7 (VS2019)

END.
