#
# A fatal error has been detected by the Java Runtime Environment:
#
#  EXCEPTION_ACCESS_VIOLATION (0xc0000005) at pc=0x00007ff886fe6730, pid=2508, tid=2456
#
# JRE version: Java(TM) SE Runtime Environment (16.0.2+7) (build 16.0.2+7-67)
# Java VM: Java HotSpot(TM) 64-Bit Server VM (16.0.2+7-67, mixed mode, sharing, tiered, compressed oops, compressed class ptrs, g1 gc, windows-amd64)
# Problematic frame:
# C  [glass.dll+0x26730]
#
# No core dump will be written. Minidumps are not enabled by default on client versions of Windows
#
# If you would like to submit a bug report, please visit:
#   https://bugreport.java.com/bugreport/crash.jsp
#

---------------  S U M M A R Y ------------

Command Line: --module-path=C:/javafx-sdk-11.0.2/lib --add-modules=javafx.controls,javafx.fxml -javaagent:C:\Program Files\JetBrains\IntelliJ IDEA 2021.2.1\lib\idea_rt.jar=65110:C:\Program Files\JetBrains\IntelliJ IDEA 2021.2.1\bin -Dfile.encoding=UTF-8 forms.Main

Host: Intel(R) Pentium(R) Silver N5000 CPU @ 1.10GHz, 4 cores, 7G,  Windows 10 , 64 bit Build 19041 (10.0.19041.1503)
Time: Wed Feb 23 19:20:34 2022 RTZ 2 (s 10 , 64 bit Build 19041 (10.0.19041.1503) elapsed time: 51.471807 seconds (0d 0h 0m 51s)

---------------  T H R E A D  ---------------

Current thread (0x00000229571b8f90):  VMThread "VM Thread" [stack: 0x0000006d41200000,0x0000006d41300000] [id=2456]

Stack: [0x0000006d41200000,0x0000006d41300000],  sp=0x0000006d412fedf0,  free space=1019k
Native frames: (J=compiled Java code, j=interpreted, Vv=VM code, C=native code)
C  [glass.dll+0x26730]


siginfo: EXCEPTION_ACCESS_VIOLATION (0xc0000005), reading address 0x0000000000000000


Register to memory mapping:

RIP=0x00007ff886fe6730 glass.dll
RAX=0x0 is NULL
RBX=0x00000229571c2120 is a global jni handle
RCX=0x00000229571b8f90 points into unknown readable memory: 0x00007ff86a79f638 | 38 f6 79 6a f8 7f 00 00
RDX=0x0000006d412fedf0 points into unknown readable memory: 0x0000000000000000 | 00 00 00 00 00 00 00 00
RSP=0x0000006d412fedf0 points into unknown readable memory: 0x0000000000000000 | 00 00 00 00 00 00 00 00
RBP=0x00000229584af058 points into unknown readable memory: 0x000056bd4a9961d2 | d2 61 99 4a bd 56 00 00
RSI=0x00000229584af030 points into unknown readable memory: 0xffe24d4591f961d3 | d3 61 f9 91 45 4d e2 ff
RDI=0x000056bd4a9961d2 is an unknown value
R8 =0x0000000000010002 is an unknown value
R9 =0x000056bd4a9961d2 is an unknown value
R10=0x0000000000008000 is an unknown value
R11=0x0000006d412fed90 points into unknown readable memory: 0x0000000000000000 | 00 00 00 00 00 00 00 00
R12=0x00007ff886fe3be0 glass.dll
R13=0x0000022939bb8c90 points into unknown readable memory: 0x8000000900000001 | 01 00 00 00 09 00 00 80
R14=0x0000006d412feef8 points into unknown readable memory: 0x0000006d412feee0 | e0 ee 2f 41 6d 00 00 00
R15=0x00000229584af030 points into unknown readable memory: 0xffe24d4591f961d3 | d3 61 f9 91 45 4d e2 ff


Registers:
RAX=0x0000000000000000, RBX=0x00000229571c2120, RCX=0x00000229571b8f90, RDX=0x0000006d412fedf0
RSP=0x0000006d412fedf0, RBP=0x00000229584af058, RSI=0x00000229584af030, RDI=0x000056bd4a9961d2
R8 =0x0000000000010002, R9 =0x000056bd4a9961d2, R10=0x0000000000008000, R11=0x0000006d412fed90
R12=0x00007ff886fe3be0, R13=0x0000022939bb8c90, R14=0x0000006d412feef8, R15=0x00000229584af030
RIP=0x00007ff886fe6730, EFLAGS=0x0000000000010206

Top of Stack: (sp=0x0000006d412fedf0)
0x0000006d412fedf0:   0000000000000000 00007ff8a607f05b
0x0000006d412fee00:   00000229584af040 00000229584af030
0x0000006d412fee10:   fffffffffffffffe 00007ff886fe3be0
0x0000006d412fee20:   00000229584af038 00007ff8a60842d6
0x0000006d412fee30:   00000229584af040 0000022900000000
0x0000006d412fee40:   00000229584af058 00000229584af030
0x0000006d412fee50:   fffffffffffffffe 0000000000000000
0x0000006d412fee60:   0000000000000001 00007ff886fc0000
0x0000006d412fee70:   0000006d412feee8 00007ff8a60841fb
0x0000006d412fee80:   0000000000000000 0000006d412feef8
0x0000006d412fee90:   0000006d412ff1b0 00007ff8a6160e40
0x0000006d412feea0:   0000000000000001 00007ff8a60841b4
0x0000006d412feeb0:   0000000000000000 0000000000000001
0x0000006d412feec0:   00007ff80000000d 0000006d412feee8
0x0000006d412feed0:   0000000000000000 00007ff886fe3a60
0x0000006d412feee0:   00007ff886ffd100 0000006d00000002 

Instructions: (pc=0x00007ff886fe6730)
0x00007ff886fe6630:   8b 4d 60 e8 d8 c9 ff ff 48 8b 55 68 48 8b 8d 08
0x00007ff886fe6640:   01 00 00 e8 a9 be ff ff 33 d2 33 c9 e8 a9 de ff
0x00007ff886fe6650:   ff 90 cc cc cc cc cc cc cc cc cc cc cc cc cc cc
0x00007ff886fe6660:   48 8d 8a 80 00 00 00 e9 14 ea fe ff 48 89 54 24
0x00007ff886fe6670:   10 55 48 83 ec 20 48 8b ea 48 8d 05 1d cb ff ff
0x00007ff886fe6680:   48 83 c4 20 5d c3 cc 40 55 48 8b ea 48 8b 01 33
0x00007ff886fe6690:   c9 81 38 05 00 00 c0 0f 94 c1 8b c1 5d c3 cc 40
0x00007ff886fe66a0:   55 48 83 ec 20 48 8b ea 8a 4d 40 48 83 c4 20 5d
0x00007ff886fe66b0:   e9 23 ce ff ff cc 40 55 48 83 ec 20 48 8b ea e8
0x00007ff886fe66c0:   3c cc ff ff 8a 4d 38 48 83 c4 20 5d e9 07 ce ff
0x00007ff886fe66d0:   ff cc 40 55 48 83 ec 30 48 8b ea 48 8b 01 8b 10
0x00007ff886fe66e0:   48 89 4c 24 28 89 54 24 20 4c 8d 0d d0 d1 ff ff
0x00007ff886fe66f0:   4c 8b 45 70 8b 55 68 48 8b 4d 60 e8 70 cb ff ff
0x00007ff886fe6700:   90 48 83 c4 30 5d c3 cc cc cc cc cc cc cc cc cc
0x00007ff886fe6710:   40 53 48 83 ec 30 48 c7 44 24 20 fe ff ff ff 48
0x00007ff886fe6720:   8b 1d ea 63 01 00 48 85 db 74 16 e8 90 86 ff ff
0x00007ff886fe6730:   4c 8b 00 48 8b d3 48 8b c8 41 ff 90 b0 00 00 00
0x00007ff886fe6740:   90 48 83 c4 30 5b c3 cc cc cc cc cc cc cc cc cc
0x00007ff886fe6750:   40 53 48 83 ec 20 48 8b 1d 4b 65 01 00 48 85 db
0x00007ff886fe6760:   74 57 b8 ff ff ff ff f0 0f c1 43 10 83 f8 01 75
0x00007ff886fe6770:   3d 48 85 db 74 38 48 8b 0b 48 85 c9 74 0d ff 15
0x00007ff886fe6780:   24 0b 00 00 48 c7 03 00 00 00 00 48 8b 4b 08 48
0x00007ff886fe6790:   85 c9 74 0d e8 77 c8 ff ff 48 c7 43 08 00 00 00
0x00007ff886fe67a0:   00 ba 18 00 00 00 48 8b cb e8 62 c8 ff ff 48 c7
0x00007ff886fe67b0:   05 ef 64 01 00 00 00 00 00 48 83 c4 20 5b c3 cc
0x00007ff886fe67c0:   40 53 48 83 ec 20 48 8b 1d bb 64 01 00 48 85 db
0x00007ff886fe67d0:   74 57 b8 ff ff ff ff f0 0f c1 43 10 83 f8 01 75
0x00007ff886fe67e0:   3d 48 85 db 74 38 48 8b 0b 48 85 c9 74 0d ff 15
0x00007ff886fe67f0:   b4 0a 00 00 48 c7 03 00 00 00 00 48 8b 4b 08 48
0x00007ff886fe6800:   85 c9 74 0d e8 07 c8 ff ff 48 c7 43 08 00 00 00
0x00007ff886fe6810:   00 ba 18 00 00 00 48 8b cb e8 f2 c7 ff ff 48 c7
0x00007ff886fe6820:   05 5f 64 01 00 00 00 00 00 48 83 c4 20 5b c3 cc 


Stack slot to memory mapping:
stack at sp + 0 slots: 0x0 is NULL
stack at sp + 1 slots: 0x00007ff8a607f05b ucrtbase.dll
stack at sp + 2 slots: 0x00000229584af040 points into unknown readable memory: 0x000056bd4a9961d2 | d2 61 99 4a bd 56 00 00
stack at sp + 3 slots: 0x00000229584af030 points into unknown readable memory: 0xffe24d4591f961d3 | d3 61 f9 91 45 4d e2 ff
stack at sp + 4 slots: 0xfffffffffffffffe is an unknown value
stack at sp + 5 slots: 0x00007ff886fe3be0 glass.dll
stack at sp + 6 slots: 0x00000229584af038 points into unknown readable memory: 0x000056bd4a9961d2 | d2 61 99 4a bd 56 00 00
stack at sp + 7 slots: 0x00007ff8a60842d6 ucrtbase.dll

VM_Operation (0x0000006d431ff240): Exit, mode: safepoint, requested by thread 0x0000022958bbcfb0


---------------  P R O C E S S  ---------------

Threads class SMR info:
_java_thread_list=0x00000229587e3500, length=21, elements={
0x0000022939b58c00, 0x00000229571bcaf0, 0x00000229571bd8c0, 0x00000229571d53c0,
0x00000229571d5cd0, 0x00000229571d65e0, 0x00000229571d72d0, 0x0000022957241520,
0x000002295724da90, 0x0000022939c3dfd0, 0x00000229584e4060, 0x000002295813fae0,
0x0000022958b59480, 0x0000022958979410, 0x0000022958769c60, 0x0000022958563d00,
0x00000229588c19e0, 0x0000022958bbef90, 0x0000022958bbf4e0, 0x0000022958bbcfb0,
0x0000022958bbbfc0
}

Java Threads: ( => current thread )
  0x0000022939b58c00 JavaThread "main" [_thread_blocked, id=10484, stack(0x0000006d40c00000,0x0000006d40d00000)]
  0x00000229571bcaf0 JavaThread "Reference Handler" daemon [_thread_blocked, id=3732, stack(0x0000006d41300000,0x0000006d41400000)]
  0x00000229571bd8c0 JavaThread "Finalizer" daemon [_thread_blocked, id=8188, stack(0x0000006d41400000,0x0000006d41500000)]
  0x00000229571d53c0 JavaThread "Attach Listener" daemon [_thread_blocked, id=10228, stack(0x0000006d41600000,0x0000006d41700000)]
  0x00000229571d5cd0 JavaThread "Service Thread" daemon [_thread_blocked, id=14052, stack(0x0000006d41700000,0x0000006d41800000)]
  0x00000229571d65e0 JavaThread "Monitor Deflation Thread" daemon [_thread_blocked, id=14100, stack(0x0000006d41800000,0x0000006d41900000)]
  0x00000229571d72d0 JavaThread "C2 CompilerThread0" daemon [_thread_blocked, id=5324, stack(0x0000006d41900000,0x0000006d41a00000)]
  0x0000022957241520 JavaThread "C1 CompilerThread0" daemon [_thread_blocked, id=11960, stack(0x0000006d41a00000,0x0000006d41b00000)]
  0x000002295724da90 JavaThread "Sweeper thread" daemon [_thread_blocked, id=4572, stack(0x0000006d41b00000,0x0000006d41c00000)]
  0x0000022939c3dfd0 JavaThread "Common-Cleaner" daemon [_thread_blocked, id=5644, stack(0x0000006d41c00000,0x0000006d41d00000)]
  0x00000229584e4060 JavaThread "Monitor Ctrl-Break" daemon [_thread_in_native, id=7792, stack(0x0000006d41e00000,0x0000006d41f00000)]
  0x000002295813fae0 JavaThread "Notification Thread" daemon [_thread_blocked, id=13456, stack(0x0000006d41f00000,0x0000006d42000000)]
  0x0000022958b59480 JavaThread "QuantumRenderer-0" daemon [_thread_blocked, id=14096, stack(0x0000006d42100000,0x0000006d42200000)]
  0x0000022958979410 JavaThread "InvokeLaterDispatcher" daemon [_thread_blocked, id=13548, stack(0x0000006d42200000,0x0000006d42300000)]
  0x0000022958769c60 JavaThread "JavaFX Application Thread" [_thread_in_native, id=7268, stack(0x0000006d42300000,0x0000006d42400000)]
  0x0000022958563d00 JavaThread "JavaFX-Launcher" [_thread_blocked, id=13440, stack(0x0000006d42a00000,0x0000006d42b00000)]
  0x00000229588c19e0 JavaThread "Thread-2" daemon [_thread_in_native, id=9756, stack(0x0000006d41d00000,0x0000006d41e00000)]
  0x0000022958bbef90 JavaThread "Prism Font Disposer" daemon [_thread_blocked, id=7480, stack(0x0000006d42b00000,0x0000006d42c00000)]
  0x0000022958bbf4e0 JavaThread "Cleaner-0" daemon [_thread_blocked, id=428, stack(0x0000006d42f00000,0x0000006d43000000)]
  0x0000022958bbcfb0 JavaThread "SIGINT handler" daemon [_thread_blocked, id=10292, stack(0x0000006d43100000,0x0000006d43200000)]
  0x0000022958bbbfc0 JavaThread "Glass/Prism Shutdown Hook" [_thread_blocked, id=9904, stack(0x0000006d43200000,0x0000006d43300000)]

Other Threads:
=>0x00000229571b8f90 VMThread "VM Thread" [stack: 0x0000006d41200000,0x0000006d41300000] [id=2456]
  0x0000022939b985e0 GCTaskThread "GC Thread#0" [stack: 0x0000006d40d00000,0x0000006d40e00000] [id=12920]
  0x000002295868ca30 GCTaskThread "GC Thread#1" [stack: 0x0000006d42400000,0x0000006d42500000] [id=8540]
  0x000002295868cd40 GCTaskThread "GC Thread#2" [stack: 0x0000006d42500000,0x0000006d42600000] [id=10524]
  0x000002295868d050 GCTaskThread "GC Thread#3" [stack: 0x0000006d42600000,0x0000006d42700000] [id=9716]
  0x0000022939baa040 ConcurrentGCThread "G1 Main Marker" terminated
  0x0000022939baa9c0 ConcurrentGCThread "G1 Conc#0" [stack: 0x0000006d40f00000,0x0000006d41000000] [id=10444]
  0x0000022939c268f0 ConcurrentGCThread "G1 Refine#0" terminated
  0x0000022939c27280 ConcurrentGCThread "G1 Service" terminated

Threads with active compile tasks:

VM state: at safepoint (shutting down)

VM Mutex/Monitor currently owned by a thread:  ([mutex/lock_event])
[0x0000022939b560d0] Threads_lock - owner thread: 0x00000229571b8f90
[0x0000022939b548a0] Heap_lock - owner thread: 0x0000022958bbcfb0

Heap address: 0x0000000082c00000, size: 2004 MB, Compressed Oops mode: 32-bit

CDS archive(s) mapped at: [0x0000000800000000-0x0000000800bb0000-0x0000000800bb0000), size 12255232, SharedBaseAddress: 0x0000000800000000, ArchiveRelocationMode: 0.
Compressed class space mapped at: 0x0000000800c00000-0x0000000840c00000, reserved size: 1073741824
Narrow klass base: 0x0000000800000000, Narrow klass shift: 3, Narrow klass range: 0x100000000

GC Precious Log:
 CPUs: 4 total, 4 available
 Memory: 8014M
 Large Page Support: Disabled
 NUMA Support: Disabled
 Compressed Oops: Enabled (32-bit)
 Heap Region Size: 1M
 Heap Min Capacity: 8M
 Heap Initial Capacity: 126M
 Heap Max Capacity: 2004M
 Pre-touch: Disabled
 Parallel Workers: 4
 Concurrent Workers: 1
 Concurrent Refinement Workers: 4
 Periodic GC: Disabled

Heap:
 garbage-first heap   total 129024K, used 56573K [0x0000000082c00000, 0x0000000100000000)
  region size 1024K, 49 young (50176K), 3 survivors (3072K)
 Metaspace       used 20084K, committed 20352K, reserved 1073152K
  class space    used 2787K, committed 2880K, reserved 1048576K

Heap Regions: E=young(eden), S=young(survivor), O=old, HS=humongous(starts), HC=humongous(continues), CS=collection set, F=free, OA=open archive, CA=closed archive, TAMS=top-at-mark-start (previous, next)
|   0|0x0000000082c00000, 0x0000000082d00000, 0x0000000082d00000|100%| O|  |TAMS 0x0000000082c00000, 0x0000000082c00000| Untracked 
|   1|0x0000000082d00000, 0x0000000082e00000, 0x0000000082e00000|100%| O|  |TAMS 0x0000000082d00000, 0x0000000082d00000| Untracked 
|   2|0x0000000082e00000, 0x0000000082e3f600, 0x0000000082f00000| 24%| O|  |TAMS 0x0000000082e00000, 0x0000000082e00000| Untracked 
|   3|0x0000000082f00000, 0x0000000083000000, 0x0000000083000000|100%|HS|  |TAMS 0x0000000082f00000, 0x0000000082f00000| Complete 
|   4|0x0000000083000000, 0x0000000083100000, 0x0000000083100000|100%|HC|  |TAMS 0x0000000083000000, 0x0000000083000000| Complete 
|   5|0x0000000083100000, 0x0000000083200000, 0x0000000083200000|100%|HS|  |TAMS 0x0000000083100000, 0x0000000083100000| Complete 
|   6|0x0000000083200000, 0x0000000083300000, 0x0000000083300000|100%|HS|  |TAMS 0x0000000083200000, 0x0000000083200000| Complete 
|   7|0x0000000083300000, 0x0000000083400000, 0x0000000083400000|100%|HC|  |TAMS 0x0000000083300000, 0x0000000083300000| Complete 
|   8|0x0000000083400000, 0x0000000083400000, 0x0000000083500000|  0%| F|  |TAMS 0x0000000083400000, 0x0000000083400000| Untracked 
|   9|0x0000000083500000, 0x0000000083500000, 0x0000000083600000|  0%| F|  |TAMS 0x0000000083500000, 0x0000000083500000| Untracked 
|  10|0x0000000083600000, 0x0000000083600000, 0x0000000083700000|  0%| F|  |TAMS 0x0000000083600000, 0x0000000083600000| Untracked 
|  11|0x0000000083700000, 0x0000000083700000, 0x0000000083800000|  0%| F|  |TAMS 0x0000000083700000, 0x0000000083700000| Untracked 
|  12|0x0000000083800000, 0x0000000083800000, 0x0000000083900000|  0%| F|  |TAMS 0x0000000083800000, 0x0000000083800000| Untracked 
|  13|0x0000000083900000, 0x0000000083900000, 0x0000000083a00000|  0%| F|  |TAMS 0x0000000083900000, 0x0000000083900000| Untracked 
|  14|0x0000000083a00000, 0x0000000083a00000, 0x0000000083b00000|  0%| F|  |TAMS 0x0000000083a00000, 0x0000000083a00000| Untracked 
|  15|0x0000000083b00000, 0x0000000083b00000, 0x0000000083c00000|  0%| F|  |TAMS 0x0000000083b00000, 0x0000000083b00000| Untracked 
|  16|0x0000000083c00000, 0x0000000083c00000, 0x0000000083d00000|  0%| F|  |TAMS 0x0000000083c00000, 0x0000000083c00000| Untracked 
|  17|0x0000000083d00000, 0x0000000083d00000, 0x0000000083e00000|  0%| F|  |TAMS 0x0000000083d00000, 0x0000000083d00000| Untracked 
|  18|0x0000000083e00000, 0x0000000083e00000, 0x0000000083f00000|  0%| F|  |TAMS 0x0000000083e00000, 0x0000000083e00000| Untracked 
|  19|0x0000000083f00000, 0x0000000083f00000, 0x0000000084000000|  0%| F|  |TAMS 0x0000000083f00000, 0x0000000083f00000| Untracked 
|  20|0x0000000084000000, 0x0000000084000000, 0x0000000084100000|  0%| F|  |TAMS 0x0000000084000000, 0x0000000084000000| Untracked 
|  21|0x0000000084100000, 0x0000000084100000, 0x0000000084200000|  0%| F|  |TAMS 0x0000000084100000, 0x0000000084100000| Untracked 
|  22|0x0000000084200000, 0x0000000084200000, 0x0000000084300000|  0%| F|  |TAMS 0x0000000084200000, 0x0000000084200000| Untracked 
|  23|0x0000000084300000, 0x0000000084300000, 0x0000000084400000|  0%| F|  |TAMS 0x0000000084300000, 0x0000000084300000| Untracked 
|  24|0x0000000084400000, 0x0000000084400000, 0x0000000084500000|  0%| F|  |TAMS 0x0000000084400000, 0x0000000084400000| Untracked 
|  25|0x0000000084500000, 0x0000000084500000, 0x0000000084600000|  0%| F|  |TAMS 0x0000000084500000, 0x0000000084500000| Untracked 
|  26|0x0000000084600000, 0x0000000084600000, 0x0000000084700000|  0%| F|  |TAMS 0x0000000084600000, 0x0000000084600000| Untracked 
|  27|0x0000000084700000, 0x0000000084700000, 0x0000000084800000|  0%| F|  |TAMS 0x0000000084700000, 0x0000000084700000| Untracked 
|  28|0x0000000084800000, 0x0000000084800000, 0x0000000084900000|  0%| F|  |TAMS 0x0000000084800000, 0x0000000084800000| Untracked 
|  29|0x0000000084900000, 0x0000000084900000, 0x0000000084a00000|  0%| F|  |TAMS 0x0000000084900000, 0x0000000084900000| Untracked 
|  30|0x0000000084a00000, 0x0000000084a00000, 0x0000000084b00000|  0%| F|  |TAMS 0x0000000084a00000, 0x0000000084a00000| Untracked 
|  31|0x0000000084b00000, 0x0000000084b00000, 0x0000000084c00000|  0%| F|  |TAMS 0x0000000084b00000, 0x0000000084b00000| Untracked 
|  32|0x0000000084c00000, 0x0000000084c00000, 0x0000000084d00000|  0%| F|  |TAMS 0x0000000084c00000, 0x0000000084c00000| Untracked 
|  33|0x0000000084d00000, 0x0000000084d00000, 0x0000000084e00000|  0%| F|  |TAMS 0x0000000084d00000, 0x0000000084d00000| Untracked 
|  34|0x0000000084e00000, 0x0000000084e00000, 0x0000000084f00000|  0%| F|  |TAMS 0x0000000084e00000, 0x0000000084e00000| Untracked 
|  35|0x0000000084f00000, 0x0000000084f00000, 0x0000000085000000|  0%| F|  |TAMS 0x0000000084f00000, 0x0000000084f00000| Untracked 
|  36|0x0000000085000000, 0x0000000085000000, 0x0000000085100000|  0%| F|  |TAMS 0x0000000085000000, 0x0000000085000000| Untracked 
|  37|0x0000000085100000, 0x0000000085100000, 0x0000000085200000|  0%| F|  |TAMS 0x0000000085100000, 0x0000000085100000| Untracked 
|  38|0x0000000085200000, 0x0000000085200000, 0x0000000085300000|  0%| F|  |TAMS 0x0000000085200000, 0x0000000085200000| Untracked 
|  39|0x0000000085300000, 0x0000000085300000, 0x0000000085400000|  0%| F|  |TAMS 0x0000000085300000, 0x0000000085300000| Untracked 
|  40|0x0000000085400000, 0x0000000085400000, 0x0000000085500000|  0%| F|  |TAMS 0x0000000085400000, 0x0000000085400000| Untracked 
|  41|0x0000000085500000, 0x0000000085500000, 0x0000000085600000|  0%| F|  |TAMS 0x0000000085500000, 0x0000000085500000| Untracked 
|  42|0x0000000085600000, 0x0000000085600000, 0x0000000085700000|  0%| F|  |TAMS 0x0000000085600000, 0x0000000085600000| Untracked 
|  43|0x0000000085700000, 0x0000000085700000, 0x0000000085800000|  0%| F|  |TAMS 0x0000000085700000, 0x0000000085700000| Untracked 
|  44|0x0000000085800000, 0x0000000085800000, 0x0000000085900000|  0%| F|  |TAMS 0x0000000085800000, 0x0000000085800000| Untracked 
|  45|0x0000000085900000, 0x0000000085900000, 0x0000000085a00000|  0%| F|  |TAMS 0x0000000085900000, 0x0000000085900000| Untracked 
|  46|0x0000000085a00000, 0x0000000085a00000, 0x0000000085b00000|  0%| F|  |TAMS 0x0000000085a00000, 0x0000000085a00000| Untracked 
|  47|0x0000000085b00000, 0x0000000085b00000, 0x0000000085c00000|  0%| F|  |TAMS 0x0000000085b00000, 0x0000000085b00000| Untracked 
|  48|0x0000000085c00000, 0x0000000085c00000, 0x0000000085d00000|  0%| F|  |TAMS 0x0000000085c00000, 0x0000000085c00000| Untracked 
|  49|0x0000000085d00000, 0x0000000085d00000, 0x0000000085e00000|  0%| F|  |TAMS 0x0000000085d00000, 0x0000000085d00000| Untracked 
|  50|0x0000000085e00000, 0x0000000085e00000, 0x0000000085f00000|  0%| F|  |TAMS 0x0000000085e00000, 0x0000000085e00000| Untracked 
|  51|0x0000000085f00000, 0x0000000085f00000, 0x0000000086000000|  0%| F|  |TAMS 0x0000000085f00000, 0x0000000085f00000| Untracked 
|  52|0x0000000086000000, 0x0000000086000000, 0x0000000086100000|  0%| F|  |TAMS 0x0000000086000000, 0x0000000086000000| Untracked 
|  53|0x0000000086100000, 0x0000000086100000, 0x0000000086200000|  0%| F|  |TAMS 0x0000000086100000, 0x0000000086100000| Untracked 
|  54|0x0000000086200000, 0x0000000086200000, 0x0000000086300000|  0%| F|  |TAMS 0x0000000086200000, 0x0000000086200000| Untracked 
|  55|0x0000000086300000, 0x0000000086300000, 0x0000000086400000|  0%| F|  |TAMS 0x0000000086300000, 0x0000000086300000| Untracked 
|  56|0x0000000086400000, 0x0000000086400000, 0x0000000086500000|  0%| F|  |TAMS 0x0000000086400000, 0x0000000086400000| Untracked 
|  57|0x0000000086500000, 0x0000000086500000, 0x0000000086600000|  0%| F|  |TAMS 0x0000000086500000, 0x0000000086500000| Untracked 
|  58|0x0000000086600000, 0x0000000086600000, 0x0000000086700000|  0%| F|  |TAMS 0x0000000086600000, 0x0000000086600000| Untracked 
|  59|0x0000000086700000, 0x0000000086700000, 0x0000000086800000|  0%| F|  |TAMS 0x0000000086700000, 0x0000000086700000| Untracked 
|  60|0x0000000086800000, 0x0000000086800000, 0x0000000086900000|  0%| F|  |TAMS 0x0000000086800000, 0x0000000086800000| Untracked 
|  61|0x0000000086900000, 0x0000000086900000, 0x0000000086a00000|  0%| F|  |TAMS 0x0000000086900000, 0x0000000086900000| Untracked 
|  62|0x0000000086a00000, 0x0000000086a00000, 0x0000000086b00000|  0%| F|  |TAMS 0x0000000086a00000, 0x0000000086a00000| Untracked 
|  63|0x0000000086b00000, 0x0000000086b00000, 0x0000000086c00000|  0%| F|  |TAMS 0x0000000086b00000, 0x0000000086b00000| Untracked 
|  64|0x0000000086c00000, 0x0000000086c00000, 0x0000000086d00000|  0%| F|  |TAMS 0x0000000086c00000, 0x0000000086c00000| Untracked 
|  65|0x0000000086d00000, 0x0000000086d00000, 0x0000000086e00000|  0%| F|  |TAMS 0x0000000086d00000, 0x0000000086d00000| Untracked 
|  66|0x0000000086e00000, 0x0000000086e00000, 0x0000000086f00000|  0%| F|  |TAMS 0x0000000086e00000, 0x0000000086e00000| Untracked 
|  67|0x0000000086f00000, 0x0000000086f00000, 0x0000000087000000|  0%| F|  |TAMS 0x0000000086f00000, 0x0000000086f00000| Untracked 
|  68|0x0000000087000000, 0x0000000087000000, 0x0000000087100000|  0%| F|  |TAMS 0x0000000087000000, 0x0000000087000000| Untracked 
|  69|0x0000000087100000, 0x0000000087100000, 0x0000000087200000|  0%| F|  |TAMS 0x0000000087100000, 0x0000000087100000| Untracked 
|  70|0x0000000087200000, 0x0000000087200000, 0x0000000087300000|  0%| F|  |TAMS 0x0000000087200000, 0x0000000087200000| Untracked 
|  71|0x0000000087300000, 0x0000000087300000, 0x0000000087400000|  0%| F|  |TAMS 0x0000000087300000, 0x0000000087300000| Untracked 
|  72|0x0000000087400000, 0x0000000087400000, 0x0000000087500000|  0%| F|  |TAMS 0x0000000087400000, 0x0000000087400000| Untracked 
|  73|0x0000000087500000, 0x0000000087500000, 0x0000000087600000|  0%| F|  |TAMS 0x0000000087500000, 0x0000000087500000| Untracked 
|  74|0x0000000087600000, 0x0000000087600000, 0x0000000087700000|  0%| F|  |TAMS 0x0000000087600000, 0x0000000087600000| Untracked 
|  75|0x0000000087700000, 0x0000000087700000, 0x0000000087800000|  0%| F|  |TAMS 0x0000000087700000, 0x0000000087700000| Untracked 
|  76|0x0000000087800000, 0x0000000087800000, 0x0000000087900000|  0%| F|  |TAMS 0x0000000087800000, 0x0000000087800000| Untracked 
|  77|0x0000000087900000, 0x0000000087993f90, 0x0000000087a00000| 57%| E|  |TAMS 0x0000000087900000, 0x0000000087900000| Complete 
|  78|0x0000000087a00000, 0x0000000087b00000, 0x0000000087b00000|100%| E|CS|TAMS 0x0000000087a00000, 0x0000000087a00000| Complete 
|  79|0x0000000087b00000, 0x0000000087c00000, 0x0000000087c00000|100%| E|CS|TAMS 0x0000000087b00000, 0x0000000087b00000| Complete 
|  80|0x0000000087c00000, 0x0000000087d00000, 0x0000000087d00000|100%| E|CS|TAMS 0x0000000087c00000, 0x0000000087c00000| Complete 
|  81|0x0000000087d00000, 0x0000000087e00000, 0x0000000087e00000|100%| E|CS|TAMS 0x0000000087d00000, 0x0000000087d00000| Complete 
|  82|0x0000000087e00000, 0x0000000087f00000, 0x0000000087f00000|100%| E|CS|TAMS 0x0000000087e00000, 0x0000000087e00000| Complete 
|  83|0x0000000087f00000, 0x0000000088000000, 0x0000000088000000|100%| E|CS|TAMS 0x0000000087f00000, 0x0000000087f00000| Complete 
|  84|0x0000000088000000, 0x0000000088100000, 0x0000000088100000|100%| E|CS|TAMS 0x0000000088000000, 0x0000000088000000| Complete 
|  85|0x0000000088100000, 0x0000000088200000, 0x0000000088200000|100%| E|CS|TAMS 0x0000000088100000, 0x0000000088100000| Complete 
|  86|0x0000000088200000, 0x0000000088300000, 0x0000000088300000|100%| E|CS|TAMS 0x0000000088200000, 0x0000000088200000| Complete 
|  87|0x0000000088300000, 0x0000000088400000, 0x0000000088400000|100%| E|CS|TAMS 0x0000000088300000, 0x0000000088300000| Complete 
|  88|0x0000000088400000, 0x0000000088500000, 0x0000000088500000|100%| E|CS|TAMS 0x0000000088400000, 0x0000000088400000| Complete 
|  89|0x0000000088500000, 0x0000000088600000, 0x0000000088600000|100%| E|CS|TAMS 0x0000000088500000, 0x0000000088500000| Complete 
|  90|0x0000000088600000, 0x0000000088700000, 0x0000000088700000|100%| E|CS|TAMS 0x0000000088600000, 0x0000000088600000| Complete 
|  91|0x0000000088700000, 0x0000000088800000, 0x0000000088800000|100%| E|CS|TAMS 0x0000000088700000, 0x0000000088700000| Complete 
|  92|0x0000000088800000, 0x0000000088900000, 0x0000000088900000|100%| E|CS|TAMS 0x0000000088800000, 0x0000000088800000| Complete 
|  93|0x0000000088900000, 0x0000000088a00000, 0x0000000088a00000|100%| E|CS|TAMS 0x0000000088900000, 0x0000000088900000| Complete 
|  94|0x0000000088a00000, 0x0000000088b00000, 0x0000000088b00000|100%| E|CS|TAMS 0x0000000088a00000, 0x0000000088a00000| Complete 
|  95|0x0000000088b00000, 0x0000000088c00000, 0x0000000088c00000|100%| E|CS|TAMS 0x0000000088b00000, 0x0000000088b00000| Complete 
|  96|0x0000000088c00000, 0x0000000088d00000, 0x0000000088d00000|100%| E|CS|TAMS 0x0000000088c00000, 0x0000000088c00000| Complete 
|  97|0x0000000088d00000, 0x0000000088e00000, 0x0000000088e00000|100%| E|CS|TAMS 0x0000000088d00000, 0x0000000088d00000| Complete 
|  98|0x0000000088e00000, 0x0000000088f00000, 0x0000000088f00000|100%| E|CS|TAMS 0x0000000088e00000, 0x0000000088e00000| Complete 
|  99|0x0000000088f00000, 0x0000000089000000, 0x0000000089000000|100%| E|CS|TAMS 0x0000000088f00000, 0x0000000088f00000| Complete 
| 100|0x0000000089000000, 0x0000000089100000, 0x0000000089100000|100%| E|CS|TAMS 0x0000000089000000, 0x0000000089000000| Complete 
| 101|0x0000000089100000, 0x0000000089200000, 0x0000000089200000|100%| E|CS|TAMS 0x0000000089100000, 0x0000000089100000| Complete 
| 102|0x0000000089200000, 0x0000000089300000, 0x0000000089300000|100%| E|CS|TAMS 0x0000000089200000, 0x0000000089200000| Complete 
| 103|0x0000000089300000, 0x0000000089400000, 0x0000000089400000|100%| E|CS|TAMS 0x0000000089300000, 0x0000000089300000| Complete 
| 104|0x0000000089400000, 0x0000000089500000, 0x0000000089500000|100%| E|CS|TAMS 0x0000000089400000, 0x0000000089400000| Complete 
| 105|0x0000000089500000, 0x0000000089600000, 0x0000000089600000|100%| S|CS|TAMS 0x0000000089500000, 0x0000000089500000| Complete 
| 106|0x0000000089600000, 0x0000000089700000, 0x0000000089700000|100%| S|CS|TAMS 0x0000000089600000, 0x0000000089600000| Complete 
| 107|0x0000000089700000, 0x0000000089800000, 0x0000000089800000|100%| S|CS|TAMS 0x0000000089700000, 0x0000000089700000| Complete 
| 108|0x0000000089800000, 0x0000000089900000, 0x0000000089900000|100%| E|CS|TAMS 0x0000000089800000, 0x0000000089800000| Complete 
| 109|0x0000000089900000, 0x0000000089a00000, 0x0000000089a00000|100%| E|CS|TAMS 0x0000000089900000, 0x0000000089900000| Complete 
| 110|0x0000000089a00000, 0x0000000089b00000, 0x0000000089b00000|100%| E|CS|TAMS 0x0000000089a00000, 0x0000000089a00000| Complete 
| 111|0x0000000089b00000, 0x0000000089c00000, 0x0000000089c00000|100%| E|CS|TAMS 0x0000000089b00000, 0x0000000089b00000| Complete 
| 112|0x0000000089c00000, 0x0000000089d00000, 0x0000000089d00000|100%| E|CS|TAMS 0x0000000089c00000, 0x0000000089c00000| Complete 
| 113|0x0000000089d00000, 0x0000000089e00000, 0x0000000089e00000|100%| E|CS|TAMS 0x0000000089d00000, 0x0000000089d00000| Complete 
| 114|0x0000000089e00000, 0x0000000089f00000, 0x0000000089f00000|100%| E|CS|TAMS 0x0000000089e00000, 0x0000000089e00000| Complete 
| 115|0x0000000089f00000, 0x000000008a000000, 0x000000008a000000|100%| E|CS|TAMS 0x0000000089f00000, 0x0000000089f00000| Complete 
| 116|0x000000008a000000, 0x000000008a100000, 0x000000008a100000|100%| E|CS|TAMS 0x000000008a000000, 0x000000008a000000| Complete 
| 117|0x000000008a100000, 0x000000008a200000, 0x000000008a200000|100%| E|CS|TAMS 0x000000008a100000, 0x000000008a100000| Complete 
| 118|0x000000008a200000, 0x000000008a300000, 0x000000008a300000|100%| E|CS|TAMS 0x000000008a200000, 0x000000008a200000| Complete 
| 119|0x000000008a300000, 0x000000008a400000, 0x000000008a400000|100%| E|CS|TAMS 0x000000008a300000, 0x000000008a300000| Complete 
| 120|0x000000008a400000, 0x000000008a500000, 0x000000008a500000|100%| E|CS|TAMS 0x000000008a400000, 0x000000008a400000| Complete 
| 121|0x000000008a500000, 0x000000008a600000, 0x000000008a600000|100%| E|CS|TAMS 0x000000008a500000, 0x000000008a500000| Complete 
| 122|0x000000008a600000, 0x000000008a700000, 0x000000008a700000|100%| E|CS|TAMS 0x000000008a600000, 0x000000008a600000| Complete 
| 123|0x000000008a700000, 0x000000008a800000, 0x000000008a800000|100%| E|CS|TAMS 0x000000008a700000, 0x000000008a700000| Complete 
| 124|0x000000008a800000, 0x000000008a900000, 0x000000008a900000|100%| E|CS|TAMS 0x000000008a800000, 0x000000008a800000| Complete 
| 125|0x000000008a900000, 0x000000008aa00000, 0x000000008aa00000|100%| E|CS|TAMS 0x000000008a900000, 0x000000008a900000| Complete 

Card table byte_map: [0x00000229506d0000,0x0000022950ac0000] _byte_map_base: 0x00000229502ba000

Marking Bits (Prev, Next): (CMBitMap*) 0x0000022939b98be0, (CMBitMap*) 0x0000022939b98c20
 Prev Bits: [0x0000022950eb0000, 0x0000022952e00000)
 Next Bits: [0x0000022952e00000, 0x0000022954d50000)

Polling page: 0x0000022939340000

Metaspace:

Usage:
  Non-class:     16.89 MB used.
      Class:      2.72 MB used.
       Both:     19.61 MB used.

Virtual space:
  Non-class space:       24.00 MB reserved,      17.06 MB ( 71%) committed,  3 nodes.
      Class space:        1.00 GB reserved,       2.81 MB ( <1%) committed,  1 nodes.
              Both:        1.02 GB reserved,      19.88 MB (  2%) committed. 

Chunk freelists:
   Non-Class:  2.05 MB
       Class:  1.06 MB
        Both:  3.11 MB

MaxMetaspaceSize: 17179869184.00 GB
CompressedClassSpaceSize: 1.00 GB
 - commit_granule_bytes: 65536.
 - commit_granule_words: 8192.
 - virtual_space_node_default_size: 1048576.
 - enlarge_chunks_in_place: 1.
 - new_chunks_are_fully_committed: 0.
 - uncommit_free_chunks: 1.
 - use_allocation_guard: 0.
 - handle_deallocations: 1.


Internal statistics:

num_allocs_failed_limit: 0.
num_arena_births: 204.
num_arena_deaths: 0.
num_vsnodes_births: 4.
num_vsnodes_deaths: 0.
num_space_committed: 318.
num_space_uncommitted: 0.
num_chunks_returned_to_freelist: 0.
num_chunks_taken_from_freelist: 862.
num_chunk_merges: 0.
num_chunk_splits: 596.
num_chunks_enlarged: 465.
num_purges: 0.

CodeHeap 'non-profiled nmethods': size=120000Kb used=1267Kb max_used=1267Kb free=118732Kb
 bounds [0x0000022948db0000, 0x0000022949020000, 0x00000229502e0000]
CodeHeap 'profiled nmethods': size=120000Kb used=5857Kb max_used=5857Kb free=114142Kb
 bounds [0x0000022941880000, 0x0000022941e40000, 0x0000022948db0000]
CodeHeap 'non-nmethods': size=5760Kb used=1469Kb max_used=1508Kb free=4290Kb
 bounds [0x00000229412e0000, 0x0000022941550000, 0x0000022941880000]
 total_blobs=3939 nmethods=3101 adapters=750
 compilation: enabled
              stopped_count=0, restarted_count=0
 full_count=0

Compilation events (20 events):
Event: 15.791 Thread 0x0000022957241520 3093       3       javafx.scene.Scene$ClickGenerator::postProcess (258 bytes)
Event: 15.793 Thread 0x0000022957241520 nmethod 3093 0x0000022941e2f510 code [0x0000022941e2f820, 0x0000022941e30cb8]
Event: 15.793 Thread 0x0000022957241520 3094       3       javafx.scene.Scene$TargetWrapper::getCursor (61 bytes)
Event: 15.794 Thread 0x0000022957241520 nmethod 3094 0x0000022941e31310 code [0x0000022941e315c0, 0x0000022941e327d8]
Event: 15.797 Thread 0x0000022957241520 3095       3       javafx.scene.Scene$MouseHandler::clearPDREventTargets (46 bytes)
Event: 15.798 Thread 0x0000022957241520 nmethod 3095 0x0000022941e32c90 code [0x0000022941e32e80, 0x0000022941e33478]
Event: 15.798 Thread 0x0000022957241520 3096       3       javafx.scene.Scene$MouseHandler::updateCursor (36 bytes)
Event: 15.798 Thread 0x0000022957241520 nmethod 3096 0x0000022941e33610 code [0x0000022941e337e0, 0x0000022941e33b98]
Event: 15.840 Thread 0x0000022957241520 3097       3       com.sun.javafx.tk.quantum.GlassViewEventHandler::handleMouseEvent (108 bytes)
Event: 15.842 Thread 0x0000022957241520 nmethod 3097 0x0000022941e33c90 code [0x0000022941e33ea0, 0x0000022941e34538]
Event: 15.842 Thread 0x0000022957241520 3098       3       com.sun.javafx.tk.quantum.GlassViewEventHandler$$Lambda$439/0x0000000800e0a1a8::<init> (10 bytes)
Event: 15.842 Thread 0x0000022957241520 nmethod 3098 0x0000022941e34810 code [0x0000022941e349c0, 0x0000022941e34b78]
Event: 15.843 Thread 0x0000022957241520 3099       3       com.sun.javafx.tk.quantum.GlassViewEventHandler$$Lambda$439/0x0000000800e0a1a8::get (8 bytes)
Event: 15.844 Thread 0x0000022957241520 nmethod 3099 0x0000022941e34c10 code [0x0000022941e34e40, 0x0000022941e35448]
Event: 15.845 Thread 0x0000022957241520 3100       3       com.sun.javafx.tk.quantum.GlassViewEventHandler::lambda$handleMouseEvent$2 (18 bytes)
Event: 15.846 Thread 0x0000022957241520 nmethod 3100 0x0000022941e35790 code [0x0000022941e359c0, 0x0000022941e35f68]
Event: 15.846 Thread 0x0000022957241520 3101       3       com.sun.javafx.tk.quantum.GlassViewEventHandler$MouseEventNotification::run (5 bytes)
Event: 15.847 Thread 0x0000022957241520 nmethod 3101 0x0000022941e36210 code [0x0000022941e363c0, 0x0000022941e36508]
Event: 15.847 Thread 0x0000022957241520 3102   !   3       com.sun.javafx.tk.quantum.GlassViewEventHandler$MouseEventNotification::run (635 bytes)
Event: 15.853 Thread 0x0000022957241520 nmethod 3102 0x0000022941e36590 code [0x0000022941e368a0, 0x0000022941e37ca8]

GC Heap History (4 events):
Event: 0.915 GC heap before
{Heap before GC invocations=0 (full 0):
 garbage-first heap   total 129024K, used 12288K [0x0000000082c00000, 0x0000000100000000)
  region size 1024K, 13 young (13312K), 0 survivors (0K)
 Metaspace       used 2802K, committed 2944K, reserved 1056768K
  class space    used 285K, committed 384K, reserved 1048576K
}
Event: 0.922 GC heap after
{Heap after GC invocations=1 (full 0):
 garbage-first heap   total 129024K, used 2352K [0x0000000082c00000, 0x0000000100000000)
  region size 1024K, 2 young (2048K), 2 survivors (2048K)
 Metaspace       used 2802K, committed 2944K, reserved 1056768K
  class space    used 285K, committed 384K, reserved 1048576K
}
Event: 1.721 GC heap before
{Heap before GC invocations=1 (full 0):
 garbage-first heap   total 129024K, used 17712K [0x0000000082c00000, 0x0000000100000000)
  region size 1024K, 18 young (18432K), 2 survivors (2048K)
 Metaspace       used 8051K, committed 8256K, reserved 1064960K
  class space    used 958K, committed 1088K, reserved 1048576K
}
Event: 1.729 GC heap after
{Heap after GC invocations=2 (full 0):
 garbage-first heap   total 129024K, used 5373K [0x0000000082c00000, 0x0000000100000000)
  region size 1024K, 3 young (3072K), 3 survivors (3072K)
 Metaspace       used 8051K, committed 8256K, reserved 1064960K
  class space    used 958K, committed 1088K, reserved 1048576K
}

Deoptimization events (20 events):
Event: 12.356 Thread 0x0000022958b59480 DEOPT PACKING pc=0x0000022941df7ef7 sp=0x0000006d421fdd40
Event: 12.356 Thread 0x0000022958b59480 DEOPT UNPACKING pc=0x000002294132deaf sp=0x0000006d421fd1a0 mode 0
Event: 12.356 Thread 0x0000022958b59480 DEOPT PACKING pc=0x0000022941df7ef7 sp=0x0000006d421fdd40
Event: 12.356 Thread 0x0000022958b59480 DEOPT UNPACKING pc=0x000002294132deaf sp=0x0000006d421fd1a0 mode 0
Event: 12.357 Thread 0x0000022958b59480 DEOPT PACKING pc=0x0000022941df7ef7 sp=0x0000006d421fdd40
Event: 12.357 Thread 0x0000022958b59480 DEOPT UNPACKING pc=0x000002294132deaf sp=0x0000006d421fd1a0 mode 0
Event: 12.357 Thread 0x0000022958b59480 DEOPT PACKING pc=0x0000022941df7ef7 sp=0x0000006d421fdd40
Event: 12.357 Thread 0x0000022958b59480 DEOPT UNPACKING pc=0x000002294132deaf sp=0x0000006d421fd1a0 mode 0
Event: 12.357 Thread 0x0000022958b59480 DEOPT PACKING pc=0x0000022941df7ef7 sp=0x0000006d421fdd40
Event: 12.357 Thread 0x0000022958b59480 DEOPT UNPACKING pc=0x000002294132deaf sp=0x0000006d421fd1a0 mode 0
Event: 12.357 Thread 0x0000022958b59480 DEOPT PACKING pc=0x0000022941df7ef7 sp=0x0000006d421fdd40
Event: 12.357 Thread 0x0000022958b59480 DEOPT UNPACKING pc=0x000002294132deaf sp=0x0000006d421fd1a0 mode 0
Event: 12.358 Thread 0x0000022958b59480 DEOPT PACKING pc=0x0000022941df7ef7 sp=0x0000006d421fdd40
Event: 12.358 Thread 0x0000022958b59480 DEOPT UNPACKING pc=0x000002294132deaf sp=0x0000006d421fd1a0 mode 0
Event: 12.358 Thread 0x0000022958b59480 DEOPT PACKING pc=0x0000022941df7ef7 sp=0x0000006d421fdd40
Event: 12.358 Thread 0x0000022958b59480 DEOPT UNPACKING pc=0x000002294132deaf sp=0x0000006d421fd1a0 mode 0
Event: 12.358 Thread 0x0000022958b59480 DEOPT PACKING pc=0x0000022941df7ef7 sp=0x0000006d421fdd40
Event: 12.358 Thread 0x0000022958b59480 DEOPT UNPACKING pc=0x000002294132deaf sp=0x0000006d421fd1a0 mode 0
Event: 12.394 Thread 0x0000022958b59480 DEOPT PACKING pc=0x0000022941df7e3a sp=0x0000006d421fdcf0
Event: 12.394 Thread 0x0000022958b59480 DEOPT UNPACKING pc=0x000002294132deaf sp=0x0000006d421fd140 mode 0

Classes unloaded (0 events):
No events

Classes redefined (0 events):
No events

Internal exceptions (20 events):
Event: 1.338 Thread 0x0000022958769c60 Exception <a 'java/lang/NoSuchMethodError'{0x000000008a1eed80}: 'void java.lang.invoke.DirectMethodHandle$Holder.invokeSpecial(java.lang.Object, java.lang.Object, java.lang.Object, java.lang.Object, java.lang.Object)'> (0x000000008a1eed80) 
thrown [t:\workspace\open\src\hotspot\share\interpreter\linkResolver.cpp, line 790]
Event: 1.443 Thread 0x0000022958769c60 Exception <a 'java/lang/ClassNotFoundException'{0x000000008a0b53d8}: sun/util/logging/resources/spi/loggingProvider> (0x000000008a0b53d8) 
thrown [t:\workspace\open\src\hotspot\share\classfile\systemDictionary.cpp, line 256]
Event: 1.777 Thread 0x0000022958769c60 Exception <a 'java/lang/NoSuchMethodError'{0x000000008a87d488}: 'void java.lang.invoke.DirectMethodHandle$Holder.invokeStaticInit(java.lang.Object, java.lang.Object)'> (0x000000008a87d488) 
thrown [t:\workspace\open\src\hotspot\share\interpreter\linkResolver.cpp, line 790]
Event: 2.086 Thread 0x0000022958769c60 Implicit null exception at 0x0000022948e1160c to 0x0000022948e117c8
Event: 2.338 Thread 0x0000022958769c60 Exception <a 'java/lang/ClassNotFoundException'{0x0000000089d5be88}: com/sun/javafx/scene/control/skin/resources/controls> (0x0000000089d5be88) 
thrown [t:\workspace\open\src\hotspot\share\prims\jni.cpp, line 600]
Event: 2.340 Thread 0x0000022958769c60 Exception <a 'java/lang/ClassNotFoundException'{0x0000000089d69988}: com/sun/javafx/scene/control/skin/resources/controls_ru> (0x0000000089d69988) 
thrown [t:\workspace\open\src\hotspot\share\prims\jni.cpp, line 600]
Event: 2.341 Thread 0x0000022958769c60 Exception <a 'java/lang/ClassNotFoundException'{0x0000000089d6af78}: com/sun/javafx/scene/control/skin/resources/controls_ru_RU> (0x0000000089d6af78) 
thrown [t:\workspace\open\src\hotspot\share\prims\jni.cpp, line 600]
Event: 2.418 Thread 0x0000022958769c60 Exception <a 'java/lang/NoSuchMethodError'{0x0000000089b2c430}: 'void java.lang.invoke.DirectMethodHandle$Holder.invokeSpecial(java.lang.Object, java.lang.Object, java.lang.Object, java.lang.Object, java.lang.Object, java.lang.Object)'> (0x0000000089b2c430) 
thrown [t:\workspace\open\src\hotspot\share\interpreter\linkResolver.cpp, line 790]
Event: 2.508 Thread 0x0000022958769c60 Exception <a 'java/lang/NoSuchMethodError'{0x0000000089812df0}: 'java.lang.Object java.lang.invoke.DirectMethodHandle$Holder.invokeInterface(java.lang.Object, java.lang.Object, java.lang.Object)'> (0x0000000089812df0) 
thrown [t:\workspace\open\src\hotspot\share\interpreter\linkResolver.cpp, line 790]
Event: 2.509 Thread 0x0000022958769c60 Exception <a 'java/lang/IncompatibleClassChangeError'{0x0000000089816970}: Found class java.lang.Object, but interface was expected> (0x0000000089816970) 
thrown [t:\workspace\open\src\hotspot\share\interpreter\linkResolver.cpp, line 857]
Event: 2.621 Thread 0x0000022958769c60 Exception <a 'java/lang/NoSuchMethodError'{0x00000000894ed730}: 'java.lang.Object java.lang.invoke.DirectMethodHandle$Holder.newInvokeSpecial(java.lang.Object, java.lang.Object, int)'> (0x00000000894ed730) 
thrown [t:\workspace\open\src\hotspot\share\interpreter\linkResolver.cpp, line 790]
Event: 2.664 Thread 0x0000022958b59480 Exception <a 'java/lang/NoSuchMethodError'{0x0000000089212a20}: 'int java.lang.invoke.DirectMethodHandle$Holder.invokeStaticInit(java.lang.Object, java.lang.Object)'> (0x0000000089212a20) 
thrown [t:\workspace\open\src\hotspot\share\interpreter\linkResolver.cpp, line 790]
Event: 2.671 Thread 0x0000022958769c60 Exception <a 'java/lang/NoSuchMethodError'{0x00000000893bc290}: 'long java.lang.invoke.DirectMethodHandle$Holder.invokeStatic(java.lang.Object, java.lang.Object, java.lang.Object)'> (0x00000000893bc290) 
thrown [t:\workspace\open\src\hotspot\share\interpreter\linkResolver.cpp, line 790]
Event: 2.672 Thread 0x0000022958769c60 Exception <a 'java/lang/NoSuchMethodError'{0x00000000893bfc40}: 'long java.lang.invoke.DirectMethodHandle$Holder.invokeStaticInit(java.lang.Object, java.lang.Object, java.lang.Object)'> (0x00000000893bfc40) 
thrown [t:\workspace\open\src\hotspot\share\interpreter\linkResolver.cpp, line 790]
Event: 2.678 Thread 0x0000022958769c60 Exception <a 'java/lang/NoSuchMethodError'{0x00000000893d7ea0}: 'java.lang.Object java.lang.invoke.DirectMethodHandle$Holder.newInvokeSpecial(java.lang.Object, java.lang.Object, long)'> (0x00000000893d7ea0) 
thrown [t:\workspace\open\src\hotspot\share\interpreter\linkResolver.cpp, line 790]
Event: 2.679 Thread 0x0000022958769c60 Exception <a 'java/lang/NoSuchMethodError'{0x00000000893dbc10}: 'java.lang.Object java.lang.invoke.Invokers$Holder.linkToTargetMethod(java.lang.Object, long, java.lang.Object)'> (0x00000000893dbc10) 
thrown [t:\workspace\open\src\hotspot\share\interpreter\linkResolver.cpp, line 790]
Event: 7.438 Thread 0x0000022958769c60 Exception <a 'java/lang/NoSuchMethodError'{0x0000000088d59040}: 'java.lang.Object java.lang.invoke.DirectMethodHandle$Holder.invokeInterface(java.lang.Object, java.lang.Object)'> (0x0000000088d59040) 
thrown [t:\workspace\open\src\hotspot\share\interpreter\linkResolver.cpp, line 790]
Event: 7.440 Thread 0x0000022958769c60 Exception <a 'java/lang/NoSuchMethodError'{0x0000000088d619c8}: 'java.lang.Object java.lang.invoke.DirectMethodHandle$Holder.invokeStaticInit(java.lang.Object, java.lang.Object, java.lang.Object)'> (0x0000000088d619c8) 
thrown [t:\workspace\open\src\hotspot\share\interpreter\linkResolver.cpp, line 790]
Event: 7.446 Thread 0x0000022958769c60 Exception <a 'java/lang/NoSuchMethodError'{0x0000000088d82788}: 'int java.lang.invoke.DirectMethodHandle$Holder.invokeSpecial(java.lang.Object, java.lang.Object, java.lang.Object)'> (0x0000000088d82788) 
thrown [t:\workspace\open\src\hotspot\share\interpreter\linkResolver.cpp, line 790]
Event: 10.078 Thread 0x0000022958b59480 Exception <a 'java/lang/NoSuchMethodError'{0x00000000887ed150}: 'java.lang.Object java.lang.invoke.DirectMethodHandle$Holder.invokeStaticInit(java.lang.Object, int)'> (0x00000000887ed150) 
thrown [t:\workspace\open\src\hotspot\share\interpreter\linkResolver.cpp, line 790]

Events (20 events):
Event: 12.201 loading class sun/text/CompactByteArray done
Event: 12.201 loading class sun/text/SupplementaryCharacterData
Event: 12.201 loading class sun/text/SupplementaryCharacterData done
Event: 12.202 loading class java/text/BreakIterator$BreakIteratorCache
Event: 12.202 loading class java/text/BreakIterator$BreakIteratorCache done
Event: 12.502 Executing  VM operation: Cleanup
Event: 12.502 Executing  VM operation: Cleanup done
Event: 12.816 Thread 0x00000229596f8080 Thread exited: 0x00000229596f8080
Event: 13.502 Executing  VM operation: Cleanup
Event: 13.502 Executing  VM operation: Cleanup done
Event: 16.504 Executing  VM operation: Cleanup
Event: 16.504 Executing  VM operation: Cleanup done
Event: 50.892 loading class jdk/internal/misc/Signal$1
Event: 50.892 loading class jdk/internal/misc/Signal$1 done
Event: 50.893 Thread 0x0000022958bbcfb0 Thread added: 0x0000022958bbcfb0
Event: 50.893 Thread 0x0000022958bbbfc0 Thread added: 0x0000022958bbbfc0
Event: 50.893 Thread 0x0000022958bbc510 Thread added: 0x0000022958bbc510
Event: 50.894 Thread 0x0000022958bbc510 Thread exited: 0x0000022958bbc510
Event: 50.896 Executing  VM operation: Exit
Event: 50.896 Thread 0x00000229571d1a90 Thread exited: 0x00000229571d1a90


Dynamic libraries:
0x00007ff7cecd0000 - 0x00007ff7cece0000 	C:\Program Files\Java\jdk-16.0.2\bin\java.exe
0x00007ff8a81b0000 - 0x00007ff8a83a5000 	C:\Windows\SYSTEM32\ntdll.dll
0x00007ff8a7b10000 - 0x00007ff8a7bce000 	C:\Windows\System32\KERNEL32.DLL
0x00007ff8a5a00000 - 0x00007ff8a5cc8000 	C:\Windows\System32\KERNELBASE.dll
0x00007ff8a6070000 - 0x00007ff8a6170000 	C:\Windows\System32\ucrtbase.dll
0x00007ff8a0d20000 - 0x00007ff8a0d39000 	C:\Program Files\Java\jdk-16.0.2\bin\VCRUNTIME140.dll
0x00007ff8a2a00000 - 0x00007ff8a2a18000 	C:\Program Files\Java\jdk-16.0.2\bin\jli.dll
0x00007ff8a7820000 - 0x00007ff8a78ce000 	C:\Windows\System32\ADVAPI32.dll
0x00007ff8a6200000 - 0x00007ff8a629e000 	C:\Windows\System32\msvcrt.dll
0x00007ff8a7050000 - 0x00007ff8a70ec000 	C:\Windows\System32\sechost.dll
0x00007ff8a78d0000 - 0x00007ff8a79f5000 	C:\Windows\System32\RPCRT4.dll
0x00007ff8a63d0000 - 0x00007ff8a6570000 	C:\Windows\System32\USER32.dll
0x00007ff8a5ed0000 - 0x00007ff8a5ef2000 	C:\Windows\System32\win32u.dll
0x00007ff8a7c60000 - 0x00007ff8a7c8b000 	C:\Windows\System32\GDI32.dll
0x00007ff8a58f0000 - 0x00007ff8a59fd000 	C:\Windows\System32\gdi32full.dll
0x00007ff8a5e30000 - 0x00007ff8a5ecd000 	C:\Windows\System32\msvcp_win.dll
0x00007ff8913d0000 - 0x00007ff89166a000 	C:\Windows\WinSxS\amd64_microsoft.windows.common-controls_6595b64144ccf1df_6.0.19041.1110_none_60b5254171f9507e\COMCTL32.dll
0x00007ff89f580000 - 0x00007ff89f58a000 	C:\Windows\SYSTEM32\VERSION.dll
0x00007ff8a77f0000 - 0x00007ff8a7820000 	C:\Windows\System32\IMM32.DLL
0x00007ff8a0d10000 - 0x00007ff8a0d1c000 	C:\Program Files\Java\jdk-16.0.2\bin\vcruntime140_1.dll
0x00007ff8872e0000 - 0x00007ff887371000 	C:\Program Files\Java\jdk-16.0.2\bin\msvcp140.dll
0x00007ff869e30000 - 0x00007ff86a9db000 	C:\Program Files\Java\jdk-16.0.2\bin\server\jvm.dll
0x00007ff8a71d0000 - 0x00007ff8a71d8000 	C:\Windows\System32\PSAPI.DLL
0x00007ff890220000 - 0x00007ff890229000 	C:\Windows\SYSTEM32\WSOCK32.dll
0x00007ff8a8100000 - 0x00007ff8a816b000 	C:\Windows\System32\WS2_32.dll
0x00007ff884c60000 - 0x00007ff884c87000 	C:\Windows\SYSTEM32\WINMM.dll
0x00007ff8a3990000 - 0x00007ff8a39a2000 	C:\Windows\SYSTEM32\kernel.appcore.dll
0x00007ff8a06a0000 - 0x00007ff8a06aa000 	C:\Program Files\Java\jdk-16.0.2\bin\jimage.dll
0x00007ff8a36b0000 - 0x00007ff8a3894000 	C:\Windows\SYSTEM32\DBGHELP.DLL
0x00007ff892630000 - 0x00007ff89265c000 	C:\Windows\SYSTEM32\dbgcore.DLL
0x00007ff8a6170000 - 0x00007ff8a61f2000 	C:\Windows\System32\bcryptPrimitives.dll
0x00007ff8a0520000 - 0x00007ff8a052e000 	C:\Program Files\Java\jdk-16.0.2\bin\instrument.dll
0x00007ff89f2a0000 - 0x00007ff89f2c5000 	C:\Program Files\Java\jdk-16.0.2\bin\java.dll
0x00007ff8a6750000 - 0x00007ff8a6e94000 	C:\Windows\System32\SHELL32.dll
0x00007ff8a39b0000 - 0x00007ff8a4144000 	C:\Windows\SYSTEM32\windows.storage.dll
0x00007ff8a7da0000 - 0x00007ff8a80f5000 	C:\Windows\System32\combase.dll
0x00007ff8a5240000 - 0x00007ff8a526e000 	C:\Windows\SYSTEM32\Wldp.dll
0x00007ff8a6570000 - 0x00007ff8a661d000 	C:\Windows\System32\SHCORE.dll
0x00007ff8a66f0000 - 0x00007ff8a6745000 	C:\Windows\System32\shlwapi.dll
0x00007ff8a5800000 - 0x00007ff8a581f000 	C:\Windows\SYSTEM32\profapi.dll
0x00007ff89ed10000 - 0x00007ff89ed29000 	C:\Program Files\Java\jdk-16.0.2\bin\net.dll
0x00007ff89c1f0000 - 0x00007ff89c2fc000 	C:\Windows\SYSTEM32\WINHTTP.dll
0x00007ff8a4fa0000 - 0x00007ff8a500a000 	C:\Windows\system32\mswsock.dll
0x00007ff89ecf0000 - 0x00007ff89ed03000 	C:\Program Files\Java\jdk-16.0.2\bin\nio.dll
0x00007ff89ecd0000 - 0x00007ff89ece8000 	C:\Program Files\Java\jdk-16.0.2\bin\zip.dll
0x00007ff89eca0000 - 0x00007ff89ecba000 	C:\Program Files\JetBrains\IntelliJ IDEA 2021.2.1\bin\breakgen64.dll
0x0000022939b10000 - 0x0000022939b13000 	C:\javafx-sdk-11.0.2\bin\api-ms-win-core-console-l1-1-0.dll
0x0000022939b20000 - 0x0000022939b23000 	C:\javafx-sdk-11.0.2\bin\api-ms-win-core-datetime-l1-1-0.dll
0x0000022939b30000 - 0x0000022939b33000 	C:\javafx-sdk-11.0.2\bin\api-ms-win-core-debug-l1-1-0.dll
0x0000022957390000 - 0x0000022957393000 	C:\javafx-sdk-11.0.2\bin\api-ms-win-core-errorhandling-l1-1-0.dll
0x00000229573a0000 - 0x00000229573a4000 	C:\javafx-sdk-11.0.2\bin\api-ms-win-core-file-l1-1-0.dll
0x00000229573b0000 - 0x00000229573b3000 	C:\javafx-sdk-11.0.2\bin\api-ms-win-core-file-l1-2-0.dll
0x00000229573c0000 - 0x00000229573c3000 	C:\javafx-sdk-11.0.2\bin\api-ms-win-core-file-l2-1-0.dll
0x00000229573d0000 - 0x00000229573d3000 	C:\javafx-sdk-11.0.2\bin\api-ms-win-core-handle-l1-1-0.dll
0x00000229573e0000 - 0x00000229573e3000 	C:\javafx-sdk-11.0.2\bin\api-ms-win-core-heap-l1-1-0.dll
0x00000229573f0000 - 0x00000229573f3000 	C:\javafx-sdk-11.0.2\bin\api-ms-win-core-interlocked-l1-1-0.dll
0x0000022959900000 - 0x0000022959903000 	C:\javafx-sdk-11.0.2\bin\api-ms-win-core-libraryloader-l1-1-0.dll
0x00000229597d0000 - 0x00000229597d3000 	C:\javafx-sdk-11.0.2\bin\api-ms-win-core-localization-l1-2-0.dll
0x00000229597e0000 - 0x00000229597e3000 	C:\javafx-sdk-11.0.2\bin\api-ms-win-core-memory-l1-1-0.dll
0x00000229597f0000 - 0x00000229597f3000 	C:\javafx-sdk-11.0.2\bin\api-ms-win-core-namedpipe-l1-1-0.dll
0x0000022959800000 - 0x0000022959803000 	C:\javafx-sdk-11.0.2\bin\api-ms-win-core-processenvironment-l1-1-0.dll
0x0000022959810000 - 0x0000022959813000 	C:\javafx-sdk-11.0.2\bin\api-ms-win-core-processthreads-l1-1-0.dll
0x0000022959820000 - 0x0000022959823000 	C:\javafx-sdk-11.0.2\bin\api-ms-win-core-processthreads-l1-1-1.dll
0x0000022959830000 - 0x0000022959833000 	C:\javafx-sdk-11.0.2\bin\api-ms-win-core-profile-l1-1-0.dll
0x0000022959840000 - 0x0000022959843000 	C:\javafx-sdk-11.0.2\bin\api-ms-win-core-rtlsupport-l1-1-0.dll
0x0000022959850000 - 0x0000022959853000 	C:\javafx-sdk-11.0.2\bin\api-ms-win-core-string-l1-1-0.dll
0x0000022959860000 - 0x0000022959863000 	C:\javafx-sdk-11.0.2\bin\api-ms-win-core-synch-l1-1-0.dll
0x0000022959870000 - 0x0000022959873000 	C:\javafx-sdk-11.0.2\bin\api-ms-win-core-synch-l1-2-0.dll
0x0000022959880000 - 0x0000022959883000 	C:\javafx-sdk-11.0.2\bin\api-ms-win-core-sysinfo-l1-1-0.dll
0x0000022959890000 - 0x0000022959893000 	C:\javafx-sdk-11.0.2\bin\api-ms-win-core-timezone-l1-1-0.dll
0x00000229598a0000 - 0x00000229598a3000 	C:\javafx-sdk-11.0.2\bin\api-ms-win-core-util-l1-1-0.dll
0x00000229598b0000 - 0x00000229598b3000 	C:\javafx-sdk-11.0.2\bin\api-ms-win-crt-conio-l1-1-0.dll
0x00000229598c0000 - 0x00000229598c4000 	C:\javafx-sdk-11.0.2\bin\api-ms-win-crt-convert-l1-1-0.dll
0x00000229598d0000 - 0x00000229598d3000 	C:\javafx-sdk-11.0.2\bin\api-ms-win-crt-environment-l1-1-0.dll
0x00000229598e0000 - 0x00000229598e3000 	C:\javafx-sdk-11.0.2\bin\api-ms-win-crt-filesystem-l1-1-0.dll
0x00000229598f0000 - 0x00000229598f3000 	C:\javafx-sdk-11.0.2\bin\api-ms-win-crt-heap-l1-1-0.dll
0x0000022959910000 - 0x0000022959913000 	C:\javafx-sdk-11.0.2\bin\api-ms-win-crt-locale-l1-1-0.dll
0x0000022959920000 - 0x0000022959925000 	C:\javafx-sdk-11.0.2\bin\api-ms-win-crt-math-l1-1-0.dll
0x0000022959930000 - 0x0000022959935000 	C:\javafx-sdk-11.0.2\bin\api-ms-win-crt-multibyte-l1-1-0.dll
0x0000022959940000 - 0x0000022959950000 	C:\javafx-sdk-11.0.2\bin\api-ms-win-crt-private-l1-1-0.dll
0x0000022959950000 - 0x0000022959953000 	C:\javafx-sdk-11.0.2\bin\api-ms-win-crt-process-l1-1-0.dll
0x0000022959960000 - 0x0000022959964000 	C:\javafx-sdk-11.0.2\bin\api-ms-win-crt-runtime-l1-1-0.dll
0x0000022959970000 - 0x0000022959974000 	C:\javafx-sdk-11.0.2\bin\api-ms-win-crt-stdio-l1-1-0.dll
0x0000022959980000 - 0x0000022959984000 	C:\javafx-sdk-11.0.2\bin\api-ms-win-crt-string-l1-1-0.dll
0x0000022959d00000 - 0x0000022959d03000 	C:\javafx-sdk-11.0.2\bin\api-ms-win-crt-time-l1-1-0.dll
0x0000022959d10000 - 0x0000022959d13000 	C:\javafx-sdk-11.0.2\bin\api-ms-win-crt-utility-l1-1-0.dll
0x00007ff885cb0000 - 0x00007ff885daa000 	C:\javafx-sdk-11.0.2\bin\ucrtbase.dll
0x00007ff8894e0000 - 0x00007ff8894f6000 	C:\javafx-sdk-11.0.2\bin\vcruntime140.dll
0x00007ff885c00000 - 0x00007ff885ca6000 	C:\javafx-sdk-11.0.2\bin\msvcp140.dll
0x00007ff8871d0000 - 0x00007ff887221000 	C:\javafx-sdk-11.0.2\bin\concrt140.dll
0x00007ff8894b0000 - 0x00007ff8894d3000 	C:\javafx-sdk-11.0.2\bin\prism_d3d.dll
0x00007ff84e420000 - 0x00007ff84e5f0000 	C:\Windows\system32\d3d9.dll
0x00007ff8a3120000 - 0x00007ff8a314f000 	C:\Windows\SYSTEM32\dwmapi.dll
0x00007ff8a2f10000 - 0x00007ff8a2fae000 	C:\Windows\system32\uxtheme.dll
0x00007ff8a58c0000 - 0x00007ff8a58e7000 	C:\Windows\System32\bcrypt.dll
0x00007ff8a62a0000 - 0x00007ff8a63ca000 	C:\Windows\System32\ole32.dll
0x00007ff8a6620000 - 0x00007ff8a66ed000 	C:\Windows\System32\OLEAUT32.dll
0x00007ff8a5f70000 - 0x00007ff8a5fbe000 	C:\Windows\System32\cfgmgr32.dll
0x00007ff886fc0000 - 0x00007ff887005000 	C:\javafx-sdk-11.0.2\bin\glass.dll
0x00007ff8a70f0000 - 0x00007ff8a71ca000 	C:\Windows\System32\COMDLG32.dll
0x00007ff8a71e0000 - 0x00007ff8a72f6000 	C:\Windows\System32\MSCTF.dll
0x00007ff89b490000 - 0x00007ff89b4cb000 	C:\Windows\SYSTEM32\dxcore.dll
0x00007ff8872c0000 - 0x00007ff8872d4000 	C:\javafx-sdk-11.0.2\bin\javafx_font.dll
0x00007ff893a20000 - 0x00007ff893ca3000 	C:\Windows\SYSTEM32\dwrite.dll
0x00007ff8a7cf0000 - 0x00007ff8a7d99000 	C:\Windows\System32\clbcatq.dll
0x00007ff89cad0000 - 0x00007ff89cc84000 	C:\Windows\SYSTEM32\WindowsCodecs.dll
0x00007ff87d560000 - 0x00007ff87d59e000 	C:\Windows\system32\dataexchange.dll
0x00007ff8a0f00000 - 0x00007ff8a1164000 	C:\Windows\system32\d3d11.dll
0x00007ff8a1e30000 - 0x00007ff8a2015000 	C:\Windows\system32\dcomp.dll
0x00007ff8a42d0000 - 0x00007ff8a43c4000 	C:\Windows\system32\dxgi.dll
0x00007ff89d220000 - 0x00007ff89d421000 	C:\Windows\system32\twinapi.appcore.dll
0x00007ff86b770000 - 0x00007ff86b7a4000 	C:\Program Files\Common Files\Microsoft Shared\Ink\rtscom.dll
0x00007ff89a660000 - 0x00007ff89a759000 	C:\Windows\SYSTEM32\textinputframework.dll
0x00007ff8a2700000 - 0x00007ff8a27f2000 	C:\Windows\System32\CoreMessaging.dll
0x00007ff8a23a0000 - 0x00007ff8a26fe000 	C:\Windows\System32\CoreUIComponents.dll
0x00007ff8a45b0000 - 0x00007ff8a45e3000 	C:\Windows\SYSTEM32\ntmarta.dll
0x00007ff8a1cd0000 - 0x00007ff8a1e24000 	C:\Windows\SYSTEM32\wintypes.dll
0x00007ff89e600000 - 0x00007ff89e609000 	C:\Program Files\Java\jdk-16.0.2\bin\management.dll
0x00007ff890ea0000 - 0x00007ff890eab000 	C:\Program Files\Java\jdk-16.0.2\bin\management_ext.dll

dbghelp: loaded successfully - version: 4.0.5 - missing functions: none
symbol engine: initialized successfully - sym options: 0x614 - pdb path: .;C:\Program Files\Java\jdk-16.0.2\bin;C:\Windows\SYSTEM32;C:\Windows\WinSxS\amd64_microsoft.windows.common-controls_6595b64144ccf1df_6.0.19041.1110_none_60b5254171f9507e;C:\Program Files\Java\jdk-16.0.2\bin\server;C:\Program Files\JetBrains\IntelliJ IDEA 2021.2.1\bin;C:\javafx-sdk-11.0.2\bin;C:\Windows\System32\DriverStore\FileRepository\iigd_dch.inf_amd64_e9b40d45ab4dc6b8;C:\Program Files\Common Files\Microsoft Shared\Ink

VM Arguments:
jvm_args: --module-path=C:/javafx-sdk-11.0.2/lib --add-modules=javafx.controls,javafx.fxml -javaagent:C:\Program Files\JetBrains\IntelliJ IDEA 2021.2.1\lib\idea_rt.jar=65110:C:\Program Files\JetBrains\IntelliJ IDEA 2021.2.1\bin -Dfile.encoding=UTF-8 
java_command: forms.Main
java_class_path (initial): C:\java\Polyclinic\out\production\Polyclinic;C:\javafx-sdk-11.0.2\lib\src.zip;C:\javafx-sdk-11.0.2\lib\javafx-swt.jar;C:\javafx-sdk-11.0.2\lib\javafx.web.jar;C:\javafx-sdk-11.0.2\lib\javafx.base.jar;C:\javafx-sdk-11.0.2\lib\javafx.fxml.jar;C:\javafx-sdk-11.0.2\lib\javafx.media.jar;C:\javafx-sdk-11.0.2\lib\javafx.swing.jar;C:\javafx-sdk-11.0.2\lib\javafx.controls.jar;C:\javafx-sdk-11.0.2\lib\javafx.graphics.jar;C:\java\Polyclinic\src\resources\postgresql-42.3.1 (1).jar
Launcher Type: SUN_STANDARD

[Global flags]
     intx CICompilerCount                          = 3                                         {product} {ergonomic}
     uint ConcGCThreads                            = 1                                         {product} {ergonomic}
     uint G1ConcRefinementThreads                  = 4                                         {product} {ergonomic}
   size_t G1HeapRegionSize                         = 1048576                                   {product} {ergonomic}
    uintx GCDrainStackTargetSize                   = 64                                        {product} {ergonomic}
   size_t InitialHeapSize                          = 132120576                                 {product} {ergonomic}
   size_t MarkStackSize                            = 4194304                                   {product} {ergonomic}
   size_t MaxHeapSize                              = 2101346304                                {product} {ergonomic}
   size_t MaxNewSize                               = 1260388352                                {product} {ergonomic}
   size_t MinHeapDeltaBytes                        = 1048576                                   {product} {ergonomic}
   size_t MinHeapSize                              = 8388608                                   {product} {ergonomic}
    uintx NonNMethodCodeHeapSize                   = 5832780                                {pd product} {ergonomic}
    uintx NonProfiledCodeHeapSize                  = 122912730                              {pd product} {ergonomic}
    uintx ProfiledCodeHeapSize                     = 122912730                              {pd product} {ergonomic}
    uintx ReservedCodeCacheSize                    = 251658240                              {pd product} {ergonomic}
     bool SegmentedCodeCache                       = true                                      {product} {ergonomic}
   size_t SoftMaxHeapSize                          = 2101346304                             {manageable} {ergonomic}
     bool UseCompressedClassPointers               = true                           {product lp64_product} {ergonomic}
     bool UseCompressedOops                        = true                           {product lp64_product} {ergonomic}
     bool UseG1GC                                  = true                                      {product} {ergonomic}
     bool UseLargePagesIndividualAllocation        = false                                  {pd product} {ergonomic}

Logging:
Log output configuration:
 #0: stdout all=off uptime,level,tags
 #1: stderr all=off uptime,level,tags

Environment Variables:
PATH=C:\Program Files\Common Files\Oracle\Java\javapath;C:\Program Files (x86)\Common Files\Oracle\Java\javapath;C:\Windows\system32;C:\Windows;C:\Windows\System32\Wbem;C:\Windows\System32\WindowsPowerShell\v1.0\;C:\Windows\System32\OpenSSH\;C:\Program Files\dotnet\;C:\Users\Kate\AppData\Local\Microsoft\WindowsApps;;C:\Program Files\JetBrains\IntelliJ IDEA 2021.2.1\bin;;C:\Users\Kate\.dotnet\tools
USERNAME=Kate
OS=Windows_NT
PROCESSOR_IDENTIFIER=Intel64 Family 6 Model 122 Stepping 1, GenuineIntel



---------------  S Y S T E M  ---------------

OS:
 Windows 10 , 64 bit Build 19041 (10.0.19041.1503)
OS uptime: 1 days 21:16 hours

CPU: total 4 (initial active 4) (4 cores per cpu, 1 threads per core) family 6 model 122 stepping 1 microcode 0x2e, cx8, cmov, fxsr, mmx, 3dnowpref, sse, sse2, sse3, ssse3, sse4.1, sse4.2, popcnt, tsc, tscinvbit, aes, erms, clmul, sha, clflush, clflushopt

Memory: 4k page, system-wide physical 8014M (2263M free)
TotalPageFile size 10958M (AvailPageFile size 4008M)
current process WorkingSet (physical memory assigned to process): 154M, peak: 190M
current process commit charge ("private bytes"): 260M, peak: 296M

vm_info: Java HotSpot(TM) 64-Bit Server VM (16.0.2+7-67) for windows-amd64 JRE (16.0.2+7-67), built on Jun  8 2021 23:24:19 by "mach5one" with MS VC++ 16.7 (VS2019)

END.
