#
# A fatal error has been detected by the Java Runtime Environment:
#
#  EXCEPTION_ACCESS_VIOLATION (0xc0000005) at pc=0x00007ff885c46730, pid=7736, tid=14668
#
# JRE version: Java(TM) SE Runtime Environment (16.0.2+7) (build 16.0.2+7-67)
# Java VM: Java HotSpot(TM) 64-Bit Server VM (16.0.2+7-67, mixed mode, sharing, tiered, compressed oops, compressed class ptrs, g1 gc, windows-amd64)
# Problematic frame:
# C  [glass.dll+0x26730]
#
# No core dump will be written. Minidumps are not enabled by default on client versions of Windows
#
# If you would like to submit a bug report, please visit:
#   https://bugreport.java.com/bugreport/crash.jsp
#

---------------  S U M M A R Y ------------

Command Line: --module-path=C:/javafx-sdk-11.0.2/lib --add-modules=javafx.controls,javafx.fxml -javaagent:C:\Program Files\JetBrains\IntelliJ IDEA 2021.2.1\lib\idea_rt.jar=51259:C:\Program Files\JetBrains\IntelliJ IDEA 2021.2.1\bin -Dfile.encoding=UTF-8 forms.Main

Host: Intel(R) Pentium(R) Silver N5000 CPU @ 1.10GHz, 4 cores, 7G,  Windows 10 , 64 bit Build 19041 (10.0.19041.1503)
Time: Sat Feb 26 22:36:45 2022 RTZ 2 (s 10 , 64 bit Build 19041 (10.0.19041.1503) elapsed time: 208.006332 seconds (0d 0h 3m 28s)

---------------  T H R E A D  ---------------

Current thread (0x000001f9fcd44b90):  VMThread "VM Thread" [stack: 0x000000257e700000,0x000000257e800000] [id=14668]

Stack: [0x000000257e700000,0x000000257e800000],  sp=0x000000257e7feb30,  free space=1018k
Native frames: (J=compiled Java code, j=interpreted, Vv=VM code, C=native code)
C  [glass.dll+0x26730]


siginfo: EXCEPTION_ACCESS_VIOLATION (0xc0000005), reading address 0x0000000000000000


Register to memory mapping:

RIP=0x00007ff885c46730 glass.dll
RAX=0x0 is NULL
RBX=0x000001f9fcd4d418 is a global jni handle
RCX=0x000001f9fcd44b90 points into unknown readable memory: 0x00007ff86a79f638 | 38 f6 79 6a f8 7f 00 00
RDX=0x000000257e7feb30 points into unknown readable memory: 0x0000000000000000 | 00 00 00 00 00 00 00 00
RSP=0x000000257e7feb30 points into unknown readable memory: 0x0000000000000000 | 00 00 00 00 00 00 00 00
RBP=0x000001f9feacec58 points into unknown readable memory: 0x00000c34d0318e72 | 72 8e 31 d0 34 0c 00 00
RSI=0x000001f9feacec30 points into unknown readable memory: 0xdb600c352fd39962 | 62 99 d3 2f 35 0c 60 db
RDI=0x00000c34d0318e72 is an unknown value
R8 =0x0000000000010002 is an unknown value
R9 =0x00000c34d0318e72 is an unknown value
R10=0x0000000000008000 is an unknown value
R11=0x000000257e7fead0 points into unknown readable memory: 0x0000000000000000 | 00 00 00 00 00 00 00 00
R12=0x00007ff885c43be0 glass.dll
R13=0x000001f9ec7dc4d0 points into unknown readable memory: 0x8000000900000001 | 01 00 00 00 09 00 00 80
R14=0x000000257e7fec38 points into unknown readable memory: 0x000000257e7fec20 | 20 ec 7f 7e 25 00 00 00
R15=0x000001f9feacec30 points into unknown readable memory: 0xdb600c352fd39962 | 62 99 d3 2f 35 0c 60 db


Registers:
RAX=0x0000000000000000, RBX=0x000001f9fcd4d418, RCX=0x000001f9fcd44b90, RDX=0x000000257e7feb30
RSP=0x000000257e7feb30, RBP=0x000001f9feacec58, RSI=0x000001f9feacec30, RDI=0x00000c34d0318e72
R8 =0x0000000000010002, R9 =0x00000c34d0318e72, R10=0x0000000000008000, R11=0x000000257e7fead0
R12=0x00007ff885c43be0, R13=0x000001f9ec7dc4d0, R14=0x000000257e7fec38, R15=0x000001f9feacec30
RIP=0x00007ff885c46730, EFLAGS=0x0000000000010206

Top of Stack: (sp=0x000000257e7feb30)
0x000000257e7feb30:   0000000000000000 00007ff8a607f05b
0x000000257e7feb40:   000001f9feacec40 000001f9feacec30
0x000000257e7feb50:   fffffffffffffffe 00007ff885c43be0
0x000000257e7feb60:   000001f9feacec38 00007ff8a60842d6
0x000000257e7feb70:   000001f9feacec40 000001f900000000
0x000000257e7feb80:   000001f9feacec58 000001f9feacec30
0x000000257e7feb90:   fffffffffffffffe 0000000000000000
0x000000257e7feba0:   0000000000000001 00007ff885c20000
0x000000257e7febb0:   000000257e7fec28 00007ff8a60841fb
0x000000257e7febc0:   0000000000000000 000000257e7fec38
0x000000257e7febd0:   000000257e7feef0 00007ff8a6160e40
0x000000257e7febe0:   0000000000000001 00007ff8a60841b4
0x000000257e7febf0:   0000000000000000 0000000000000001
0x000000257e7fec00:   00007ff80000000d 000000257e7fec28
0x000000257e7fec10:   0000000000000000 00007ff885c43a60
0x000000257e7fec20:   00007ff885c5d100 0000002500000002 

Instructions: (pc=0x00007ff885c46730)
0x00007ff885c46630:   8b 4d 60 e8 d8 c9 ff ff 48 8b 55 68 48 8b 8d 08
0x00007ff885c46640:   01 00 00 e8 a9 be ff ff 33 d2 33 c9 e8 a9 de ff
0x00007ff885c46650:   ff 90 cc cc cc cc cc cc cc cc cc cc cc cc cc cc
0x00007ff885c46660:   48 8d 8a 80 00 00 00 e9 14 ea fe ff 48 89 54 24
0x00007ff885c46670:   10 55 48 83 ec 20 48 8b ea 48 8d 05 1d cb ff ff
0x00007ff885c46680:   48 83 c4 20 5d c3 cc 40 55 48 8b ea 48 8b 01 33
0x00007ff885c46690:   c9 81 38 05 00 00 c0 0f 94 c1 8b c1 5d c3 cc 40
0x00007ff885c466a0:   55 48 83 ec 20 48 8b ea 8a 4d 40 48 83 c4 20 5d
0x00007ff885c466b0:   e9 23 ce ff ff cc 40 55 48 83 ec 20 48 8b ea e8
0x00007ff885c466c0:   3c cc ff ff 8a 4d 38 48 83 c4 20 5d e9 07 ce ff
0x00007ff885c466d0:   ff cc 40 55 48 83 ec 30 48 8b ea 48 8b 01 8b 10
0x00007ff885c466e0:   48 89 4c 24 28 89 54 24 20 4c 8d 0d d0 d1 ff ff
0x00007ff885c466f0:   4c 8b 45 70 8b 55 68 48 8b 4d 60 e8 70 cb ff ff
0x00007ff885c46700:   90 48 83 c4 30 5d c3 cc cc cc cc cc cc cc cc cc
0x00007ff885c46710:   40 53 48 83 ec 30 48 c7 44 24 20 fe ff ff ff 48
0x00007ff885c46720:   8b 1d ea 63 01 00 48 85 db 74 16 e8 90 86 ff ff
0x00007ff885c46730:   4c 8b 00 48 8b d3 48 8b c8 41 ff 90 b0 00 00 00
0x00007ff885c46740:   90 48 83 c4 30 5b c3 cc cc cc cc cc cc cc cc cc
0x00007ff885c46750:   40 53 48 83 ec 20 48 8b 1d 4b 65 01 00 48 85 db
0x00007ff885c46760:   74 57 b8 ff ff ff ff f0 0f c1 43 10 83 f8 01 75
0x00007ff885c46770:   3d 48 85 db 74 38 48 8b 0b 48 85 c9 74 0d ff 15
0x00007ff885c46780:   24 0b 00 00 48 c7 03 00 00 00 00 48 8b 4b 08 48
0x00007ff885c46790:   85 c9 74 0d e8 77 c8 ff ff 48 c7 43 08 00 00 00
0x00007ff885c467a0:   00 ba 18 00 00 00 48 8b cb e8 62 c8 ff ff 48 c7
0x00007ff885c467b0:   05 ef 64 01 00 00 00 00 00 48 83 c4 20 5b c3 cc
0x00007ff885c467c0:   40 53 48 83 ec 20 48 8b 1d bb 64 01 00 48 85 db
0x00007ff885c467d0:   74 57 b8 ff ff ff ff f0 0f c1 43 10 83 f8 01 75
0x00007ff885c467e0:   3d 48 85 db 74 38 48 8b 0b 48 85 c9 74 0d ff 15
0x00007ff885c467f0:   b4 0a 00 00 48 c7 03 00 00 00 00 48 8b 4b 08 48
0x00007ff885c46800:   85 c9 74 0d e8 07 c8 ff ff 48 c7 43 08 00 00 00
0x00007ff885c46810:   00 ba 18 00 00 00 48 8b cb e8 f2 c7 ff ff 48 c7
0x00007ff885c46820:   05 5f 64 01 00 00 00 00 00 48 83 c4 20 5b c3 cc 


Stack slot to memory mapping:
stack at sp + 0 slots: 0x0 is NULL
stack at sp + 1 slots: 0x00007ff8a607f05b ucrtbase.dll
stack at sp + 2 slots: 0x000001f9feacec40 points into unknown readable memory: 0x00000c34d0318e72 | 72 8e 31 d0 34 0c 00 00
stack at sp + 3 slots: 0x000001f9feacec30 points into unknown readable memory: 0xdb600c352fd39962 | 62 99 d3 2f 35 0c 60 db
stack at sp + 4 slots: 0xfffffffffffffffe is an unknown value
stack at sp + 5 slots: 0x00007ff885c43be0 glass.dll
stack at sp + 6 slots: 0x000001f9feacec38 points into unknown readable memory: 0x00000c34d0318e72 | 72 8e 31 d0 34 0c 00 00
stack at sp + 7 slots: 0x00007ff8a60842d6 ucrtbase.dll

VM_Operation (0x00000025003ff140): Exit, mode: safepoint, requested by thread 0x000001f9fe1c7350


---------------  P R O C E S S  ---------------

Threads class SMR info:
_java_thread_list=0x000001f9fe20faa0, length=20, elements={
0x000001f9ec778af0, 0x000001f9fcd48e90, 0x000001f9fcd49c60, 0x000001f9fcd607b0,
0x000001f9fcd658b0, 0x000001f9fcd61c50, 0x000001f9fcd692d0, 0x000001f9fcd6a470,
0x000001f9fcd71d80, 0x000001f9fd85fa50, 0x000001f9fe2bfeb0, 0x000001f9fe301cf0,
0x000001f9fe1be880, 0x000001f9feac8fe0, 0x000001f9feac0660, 0x000001f9feda7140,
0x000001f9fed90fd0, 0x000001f9fe1c6e00, 0x000001f9fe1c8890, 0x000001f9fe1c7350
}

Java Threads: ( => current thread )
  0x000001f9ec778af0 JavaThread "main" [_thread_blocked, id=11300, stack(0x000000257e100000,0x000000257e200000)]
  0x000001f9fcd48e90 JavaThread "Reference Handler" daemon [_thread_blocked, id=8008, stack(0x000000257e800000,0x000000257e900000)]
  0x000001f9fcd49c60 JavaThread "Finalizer" daemon [_thread_blocked, id=15096, stack(0x000000257e900000,0x000000257ea00000)]
  0x000001f9fcd607b0 JavaThread "Attach Listener" daemon [_thread_blocked, id=13764, stack(0x000000257eb00000,0x000000257ec00000)]
  0x000001f9fcd658b0 JavaThread "Service Thread" daemon [_thread_blocked, id=9544, stack(0x000000257ec00000,0x000000257ed00000)]
  0x000001f9fcd61c50 JavaThread "Monitor Deflation Thread" daemon [_thread_blocked, id=9384, stack(0x000000257ed00000,0x000000257ee00000)]
  0x000001f9fcd692d0 JavaThread "C2 CompilerThread0" daemon [_thread_blocked, id=1308, stack(0x000000257ee00000,0x000000257ef00000)]
  0x000001f9fcd6a470 JavaThread "C1 CompilerThread0" daemon [_thread_blocked, id=5632, stack(0x000000257ef00000,0x000000257f000000)]
  0x000001f9fcd71d80 JavaThread "Sweeper thread" daemon [_thread_blocked, id=6428, stack(0x000000257f000000,0x000000257f100000)]
  0x000001f9fd85fa50 JavaThread "Common-Cleaner" daemon [_thread_blocked, id=12876, stack(0x000000257f100000,0x000000257f200000)]
  0x000001f9fe2bfeb0 JavaThread "Monitor Ctrl-Break" daemon [_thread_in_native, id=8064, stack(0x000000257f300000,0x000000257f400000)]
  0x000001f9fe301cf0 JavaThread "Notification Thread" daemon [_thread_blocked, id=14692, stack(0x000000257f400000,0x000000257f500000)]
  0x000001f9fe1be880 JavaThread "QuantumRenderer-0" daemon [_thread_blocked, id=9844, stack(0x000000257f600000,0x000000257f700000)]
  0x000001f9feac8fe0 JavaThread "InvokeLaterDispatcher" daemon [_thread_blocked, id=3988, stack(0x000000257f700000,0x000000257f800000)]
  0x000001f9feac0660 JavaThread "JavaFX Application Thread" [_thread_in_native, id=14340, stack(0x000000257f800000,0x000000257f900000)]
  0x000001f9feda7140 JavaThread "JavaFX-Launcher" [_thread_blocked, id=2832, stack(0x0000002500000000,0x0000002500100000)]
  0x000001f9fed90fd0 JavaThread "Thread-2" daemon [_thread_in_native, id=8144, stack(0x000000257ff00000,0x0000002580000000)]
  0x000001f9fe1c6e00 JavaThread "Prism Font Disposer" daemon [_thread_blocked, id=14144, stack(0x0000002500100000,0x0000002500200000)]
  0x000001f9fe1c8890 JavaThread "Cleaner-0" daemon [_thread_blocked, id=15160, stack(0x0000002500500000,0x0000002500600000)]
  0x000001f9fe1c7350 JavaThread "SIGINT handler" daemon [_thread_blocked, id=13044, stack(0x0000002500300000,0x0000002500400000)]

Other Threads:
=>0x000001f9fcd44b90 VMThread "VM Thread" [stack: 0x000000257e700000,0x000000257e800000] [id=14668]
  0x000001f9ec7b82e0 GCTaskThread "GC Thread#0" [stack: 0x000000257e200000,0x000000257e300000] [id=12088]
  0x000001f9fead2f40 GCTaskThread "GC Thread#1" [stack: 0x000000257f900000,0x000000257fa00000] [id=5704]
  0x000001f9fea5c520 GCTaskThread "GC Thread#2" [stack: 0x000000257fa00000,0x000000257fb00000] [id=11312]
  0x000001f9fea5c830 GCTaskThread "GC Thread#3" [stack: 0x000000257fb00000,0x000000257fc00000] [id=5744]
  0x000001f9ec7c8cc0 ConcurrentGCThread "G1 Main Marker" terminated
  0x000001f9ec7c9640 ConcurrentGCThread "G1 Conc#0" [stack: 0x000000257e400000,0x000000257e500000] [id=8712]
  0x000001f9ec841000 ConcurrentGCThread "G1 Refine#0" terminated
  0x000001f9febeef40 ConcurrentGCThread "G1 Refine#1" terminated
  0x000001f9ec841990 ConcurrentGCThread "G1 Service" terminated

Threads with active compile tasks:

VM state: at safepoint (shutting down)

VM Mutex/Monitor currently owned by a thread:  ([mutex/lock_event])
[0x000001f9ec773d20] Threads_lock - owner thread: 0x000001f9fcd44b90
[0x000001f9ec7739c0] Heap_lock - owner thread: 0x000001f9fe1c7350

Heap address: 0x0000000082c00000, size: 2004 MB, Compressed Oops mode: 32-bit

CDS archive(s) mapped at: [0x0000000800000000-0x0000000800bb0000-0x0000000800bb0000), size 12255232, SharedBaseAddress: 0x0000000800000000, ArchiveRelocationMode: 0.
Compressed class space mapped at: 0x0000000800c00000-0x0000000840c00000, reserved size: 1073741824
Narrow klass base: 0x0000000800000000, Narrow klass shift: 3, Narrow klass range: 0x100000000

GC Precious Log:
 CPUs: 4 total, 4 available
 Memory: 8014M
 Large Page Support: Disabled
 NUMA Support: Disabled
 Compressed Oops: Enabled (32-bit)
 Heap Region Size: 1M
 Heap Min Capacity: 8M
 Heap Initial Capacity: 126M
 Heap Max Capacity: 2004M
 Pre-touch: Disabled
 Parallel Workers: 4
 Concurrent Workers: 1
 Concurrent Refinement Workers: 4
 Periodic GC: Disabled

Heap:
 garbage-first heap   total 65536K, used 20632K [0x0000000082c00000, 0x0000000100000000)
  region size 1024K, 14 young (14336K), 10 survivors (10240K)
 Metaspace       used 21328K, committed 21632K, reserved 1073152K
  class space    used 2822K, committed 2944K, reserved 1048576K

Heap Regions: E=young(eden), S=young(survivor), O=old, HS=humongous(starts), HC=humongous(continues), CS=collection set, F=free, OA=open archive, CA=closed archive, TAMS=top-at-mark-start (previous, next)
|   0|0x0000000082c00000, 0x0000000082d00000, 0x0000000082d00000|100%| O|  |TAMS 0x0000000082d00000, 0x0000000082c00000| Untracked 
|   1|0x0000000082d00000, 0x0000000082e00000, 0x0000000082e00000|100%| O|  |TAMS 0x0000000082e00000, 0x0000000082d00000| Untracked 
|   2|0x0000000082e00000, 0x0000000082f00000, 0x0000000082f00000|100%| O|  |TAMS 0x0000000082e37800, 0x0000000082e00000| Untracked 
|   3|0x0000000082f00000, 0x0000000082f00000, 0x0000000083000000|  0%| F|  |TAMS 0x0000000082f00000, 0x0000000082f00000| Untracked 
|   4|0x0000000083000000, 0x0000000083000000, 0x0000000083100000|  0%| F|  |TAMS 0x0000000083000000, 0x0000000083000000| Untracked 
|   5|0x0000000083100000, 0x0000000083200000, 0x0000000083200000|100%|HS|  |TAMS 0x0000000083200000, 0x0000000083100000| Complete 
|   6|0x0000000083200000, 0x0000000083300000, 0x0000000083300000|100%|HS|  |TAMS 0x0000000083300000, 0x0000000083200000| Complete 
|   7|0x0000000083300000, 0x0000000083400000, 0x0000000083400000|100%|HC|  |TAMS 0x0000000083400000, 0x0000000083300000| Complete 
|   8|0x0000000083400000, 0x0000000083500000, 0x0000000083500000|100%| O|  |TAMS 0x0000000083400000, 0x0000000083400000| Untracked 
|   9|0x0000000083500000, 0x0000000083526000, 0x0000000083600000| 14%| O|  |TAMS 0x0000000083500000, 0x0000000083500000| Untracked 
|  10|0x0000000083600000, 0x0000000083600000, 0x0000000083700000|  0%| F|  |TAMS 0x0000000083600000, 0x0000000083600000| Untracked 
|  11|0x0000000083700000, 0x0000000083700000, 0x0000000083800000|  0%| F|  |TAMS 0x0000000083700000, 0x0000000083700000| Untracked 
|  12|0x0000000083800000, 0x0000000083800000, 0x0000000083900000|  0%| F|  |TAMS 0x0000000083800000, 0x0000000083800000| Untracked 
|  13|0x0000000083900000, 0x0000000083900000, 0x0000000083a00000|  0%| F|  |TAMS 0x0000000083900000, 0x0000000083900000| Untracked 
|  14|0x0000000083a00000, 0x0000000083a00000, 0x0000000083b00000|  0%| F|  |TAMS 0x0000000083a00000, 0x0000000083a00000| Untracked 
|  15|0x0000000083b00000, 0x0000000083b00000, 0x0000000083c00000|  0%| F|  |TAMS 0x0000000083b00000, 0x0000000083b00000| Untracked 
|  16|0x0000000083c00000, 0x0000000083c00000, 0x0000000083d00000|  0%| F|  |TAMS 0x0000000083c00000, 0x0000000083c00000| Untracked 
|  17|0x0000000083d00000, 0x0000000083d00000, 0x0000000083e00000|  0%| F|  |TAMS 0x0000000083d00000, 0x0000000083d00000| Untracked 
|  18|0x0000000083e00000, 0x0000000083e00000, 0x0000000083f00000|  0%| F|  |TAMS 0x0000000083e00000, 0x0000000083e00000| Untracked 
|  19|0x0000000083f00000, 0x0000000083f00000, 0x0000000084000000|  0%| F|  |TAMS 0x0000000083f00000, 0x0000000083f00000| Untracked 
|  20|0x0000000084000000, 0x0000000084000000, 0x0000000084100000|  0%| F|  |TAMS 0x0000000084000000, 0x0000000084000000| Untracked 
|  21|0x0000000084100000, 0x0000000084100000, 0x0000000084200000|  0%| F|  |TAMS 0x0000000084100000, 0x0000000084100000| Untracked 
|  22|0x0000000084200000, 0x0000000084200000, 0x0000000084300000|  0%| F|  |TAMS 0x0000000084200000, 0x0000000084200000| Untracked 
|  23|0x0000000084300000, 0x0000000084300000, 0x0000000084400000|  0%| F|  |TAMS 0x0000000084300000, 0x0000000084300000| Untracked 
|  24|0x0000000084400000, 0x0000000084400000, 0x0000000084500000|  0%| F|  |TAMS 0x0000000084400000, 0x0000000084400000| Untracked 
|  25|0x0000000084500000, 0x0000000084500000, 0x0000000084600000|  0%| F|  |TAMS 0x0000000084500000, 0x0000000084500000| Untracked 
|  26|0x0000000084600000, 0x0000000084600000, 0x0000000084700000|  0%| F|  |TAMS 0x0000000084600000, 0x0000000084600000| Untracked 
|  27|0x0000000084700000, 0x0000000084700000, 0x0000000084800000|  0%| F|  |TAMS 0x0000000084700000, 0x0000000084700000| Untracked 
|  28|0x0000000084800000, 0x0000000084800000, 0x0000000084900000|  0%| F|  |TAMS 0x0000000084800000, 0x0000000084800000| Untracked 
|  29|0x0000000084900000, 0x0000000084900000, 0x0000000084a00000|  0%| F|  |TAMS 0x0000000084900000, 0x0000000084900000| Untracked 
|  30|0x0000000084a00000, 0x0000000084a00000, 0x0000000084b00000|  0%| F|  |TAMS 0x0000000084a00000, 0x0000000084a00000| Untracked 
|  31|0x0000000084b00000, 0x0000000084b00000, 0x0000000084c00000|  0%| F|  |TAMS 0x0000000084b00000, 0x0000000084b00000| Untracked 
|  32|0x0000000084c00000, 0x0000000084c00000, 0x0000000084d00000|  0%| F|  |TAMS 0x0000000084c00000, 0x0000000084c00000| Untracked 
|  33|0x0000000084d00000, 0x0000000084d00000, 0x0000000084e00000|  0%| F|  |TAMS 0x0000000084d00000, 0x0000000084d00000| Untracked 
|  34|0x0000000084e00000, 0x0000000084e00000, 0x0000000084f00000|  0%| F|  |TAMS 0x0000000084e00000, 0x0000000084e00000| Untracked 
|  35|0x0000000084f00000, 0x0000000084f00000, 0x0000000085000000|  0%| F|  |TAMS 0x0000000084f00000, 0x0000000084f00000| Untracked 
|  36|0x0000000085000000, 0x0000000085000000, 0x0000000085100000|  0%| F|  |TAMS 0x0000000085000000, 0x0000000085000000| Untracked 
|  37|0x0000000085100000, 0x0000000085100000, 0x0000000085200000|  0%| F|  |TAMS 0x0000000085100000, 0x0000000085100000| Untracked 
|  38|0x0000000085200000, 0x0000000085200000, 0x0000000085300000|  0%| F|  |TAMS 0x0000000085200000, 0x0000000085200000| Untracked 
|  39|0x0000000085300000, 0x0000000085300000, 0x0000000085400000|  0%| F|  |TAMS 0x0000000085300000, 0x0000000085300000| Untracked 
|  40|0x0000000085400000, 0x0000000085400000, 0x0000000085500000|  0%| F|  |TAMS 0x0000000085400000, 0x0000000085400000| Untracked 
|  41|0x0000000085500000, 0x0000000085500000, 0x0000000085600000|  0%| F|  |TAMS 0x0000000085500000, 0x0000000085500000| Untracked 
|  42|0x0000000085600000, 0x0000000085600000, 0x0000000085700000|  0%| F|  |TAMS 0x0000000085600000, 0x0000000085600000| Untracked 
|  43|0x0000000085700000, 0x0000000085700000, 0x0000000085800000|  0%| F|  |TAMS 0x0000000085700000, 0x0000000085700000| Untracked 
|  44|0x0000000085800000, 0x0000000085800000, 0x0000000085900000|  0%| F|  |TAMS 0x0000000085800000, 0x0000000085800000| Untracked 
|  45|0x0000000085900000, 0x0000000085900000, 0x0000000085a00000|  0%| F|  |TAMS 0x0000000085900000, 0x0000000085900000| Untracked 
|  46|0x0000000085a00000, 0x0000000085a00000, 0x0000000085b00000|  0%| F|  |TAMS 0x0000000085a00000, 0x0000000085a00000| Untracked 
|  47|0x0000000085b00000, 0x0000000085b00000, 0x0000000085c00000|  0%| F|  |TAMS 0x0000000085b00000, 0x0000000085b00000| Untracked 
|  48|0x0000000085c00000, 0x0000000085c00000, 0x0000000085d00000|  0%| F|  |TAMS 0x0000000085c00000, 0x0000000085c00000| Untracked 
|  49|0x0000000085d00000, 0x0000000085d00000, 0x0000000085e00000|  0%| F|  |TAMS 0x0000000085d00000, 0x0000000085d00000| Untracked 
|  50|0x0000000085e00000, 0x0000000085e48338, 0x0000000085f00000| 28%| E|  |TAMS 0x0000000085e00000, 0x0000000085e00000| Complete 
|  51|0x0000000085f00000, 0x0000000086000000, 0x0000000086000000|100%| E|CS|TAMS 0x0000000085f00000, 0x0000000085f00000| Complete 
|  52|0x0000000086000000, 0x0000000086100000, 0x0000000086100000|100%| E|CS|TAMS 0x0000000086000000, 0x0000000086000000| Complete 
|  53|0x0000000086100000, 0x0000000086200000, 0x0000000086200000|100%| S|CS|TAMS 0x0000000086100000, 0x0000000086100000| Complete 
|  54|0x0000000086200000, 0x0000000086300000, 0x0000000086300000|100%| S|CS|TAMS 0x0000000086200000, 0x0000000086200000| Complete 
|  55|0x0000000086300000, 0x0000000086400000, 0x0000000086400000|100%| S|CS|TAMS 0x0000000086300000, 0x0000000086300000| Complete 
|  56|0x0000000086400000, 0x0000000086500000, 0x0000000086500000|100%| S|CS|TAMS 0x0000000086400000, 0x0000000086400000| Complete 
|  57|0x0000000086500000, 0x0000000086600000, 0x0000000086600000|100%| S|CS|TAMS 0x0000000086500000, 0x0000000086500000| Complete 
|  58|0x0000000086600000, 0x0000000086700000, 0x0000000086700000|100%| S|CS|TAMS 0x0000000086600000, 0x0000000086600000| Complete 
|  59|0x0000000086700000, 0x0000000086800000, 0x0000000086800000|100%| S|CS|TAMS 0x0000000086700000, 0x0000000086700000| Complete 
|  60|0x0000000086800000, 0x0000000086900000, 0x0000000086900000|100%| S|CS|TAMS 0x0000000086800000, 0x0000000086800000| Complete 
|  61|0x0000000086900000, 0x0000000086a00000, 0x0000000086a00000|100%| S|CS|TAMS 0x0000000086900000, 0x0000000086900000| Complete 
|  62|0x0000000086a00000, 0x0000000086b00000, 0x0000000086b00000|100%| S|CS|TAMS 0x0000000086a00000, 0x0000000086a00000| Complete 
| 125|0x000000008a900000, 0x000000008aa00000, 0x000000008aa00000|100%| E|CS|TAMS 0x000000008a900000, 0x000000008a900000| Complete 

Card table byte_map: [0x000001f9f60f0000,0x000001f9f64e0000] _byte_map_base: 0x000001f9f5cda000

Marking Bits (Prev, Next): (CMBitMap*) 0x000001f9ec7b88a0, (CMBitMap*) 0x000001f9ec7b8860
 Prev Bits: [0x000001f9f8820000, 0x000001f9fa770000)
 Next Bits: [0x000001f9f68d0000, 0x000001f9f8820000)

Polling page: 0x000001f9ec860000

Metaspace:

Usage:
  Non-class:     18.07 MB used.
      Class:      2.76 MB used.
       Both:     20.83 MB used.

Virtual space:
  Non-class space:       24.00 MB reserved,      18.25 MB ( 76%) committed,  3 nodes.
      Class space:        1.00 GB reserved,       2.88 MB ( <1%) committed,  1 nodes.
              Both:        1.02 GB reserved,      21.12 MB (  2%) committed. 

Chunk freelists:
   Non-Class:  880.00 KB
       Class:  1.02 MB
        Both:  1.88 MB

MaxMetaspaceSize: 17179869184.00 GB
CompressedClassSpaceSize: 1.00 GB
 - commit_granule_bytes: 65536.
 - commit_granule_words: 8192.
 - virtual_space_node_default_size: 1048576.
 - enlarge_chunks_in_place: 1.
 - new_chunks_are_fully_committed: 0.
 - uncommit_free_chunks: 1.
 - use_allocation_guard: 0.
 - handle_deallocations: 1.


Internal statistics:

num_allocs_failed_limit: 3.
num_arena_births: 220.
num_arena_deaths: 0.
num_vsnodes_births: 4.
num_vsnodes_deaths: 0.
num_space_committed: 338.
num_space_uncommitted: 0.
num_chunks_returned_to_freelist: 3.
num_chunks_taken_from_freelist: 938.
num_chunk_merges: 3.
num_chunk_splits: 657.
num_chunks_enlarged: 505.
num_purges: 0.

CodeHeap 'non-profiled nmethods': size=120000Kb used=2096Kb max_used=2096Kb free=117903Kb
 bounds [0x000001f987ad0000, 0x000001f987d40000, 0x000001f98f000000]
CodeHeap 'profiled nmethods': size=120000Kb used=9318Kb max_used=9318Kb free=110681Kb
 bounds [0x000001f9805a0000, 0x000001f980ec0000, 0x000001f987ad0000]
CodeHeap 'non-nmethods': size=5760Kb used=1471Kb max_used=1535Kb free=4288Kb
 bounds [0x000001f980000000, 0x000001f980270000, 0x000001f9805a0000]
 total_blobs=5585 nmethods=4745 adapters=752
 compilation: enabled
              stopped_count=0, restarted_count=0
 full_count=0

Compilation events (20 events):
Event: 130.364 Thread 0x000001f9fcd6a470 4741       3       java.io.Writer::write (11 bytes)
Event: 130.364 Thread 0x000001f9fcd6a470 nmethod 4741 0x000001f980eb1c10 code [0x000001f980eb1de0, 0x000001f980eb20c8]
Event: 130.364 Thread 0x000001f9fcd6a470 4742   !   3       java.io.BufferedWriter::write (117 bytes)
Event: 130.365 Thread 0x000001f9fcd6a470 nmethod 4742 0x000001f980eb2210 code [0x000001f980eb2420, 0x000001f980eb2a08]
Event: 130.365 Thread 0x000001f9fcd6a470 4743       3       java.io.BufferedWriter::min (9 bytes)
Event: 130.365 Thread 0x000001f9fcd6a470 nmethod 4743 0x000001f980eb2d90 code [0x000001f980eb2f40, 0x000001f980eb30b8]
Event: 130.365 Thread 0x000001f9fcd6a470 4744       3       java.nio.CharBuffer::position (8 bytes)
Event: 130.365 Thread 0x000001f9fcd6a470 nmethod 4744 0x000001f980eb3190 code [0x000001f980eb3340, 0x000001f980eb3488]
Event: 130.365 Thread 0x000001f9fcd6a470 4745       3       java.io.OutputStream::flush (1 bytes)
Event: 130.366 Thread 0x000001f9fcd6a470 nmethod 4745 0x000001f980eb3510 code [0x000001f980eb36a0, 0x000001f980eb37b8]
Event: 130.366 Thread 0x000001f9fcd6a470 4746  s    3       java.io.BufferedOutputStream::flush (12 bytes)
Event: 130.366 Thread 0x000001f9fcd6a470 nmethod 4746 0x000001f980eb3890 code [0x000001f980eb3a60, 0x000001f980eb3e78]
Event: 130.366 Thread 0x000001f9fcd6a470 4747       3       sun.nio.cs.UTF_8$Encoder::encodeArrayLoop (489 bytes)
Event: 130.369 Thread 0x000001f9fcd6a470 nmethod 4747 0x000001f980eb3f90 code [0x000001f980eb45a0, 0x000001f980eb7ce8]
Event: 130.369 Thread 0x000001f9fcd6a470 4748       3       java.io.PrintStream::ensureOpen (18 bytes)
Event: 130.369 Thread 0x000001f9fcd6a470 nmethod 4748 0x000001f980eb8e90 code [0x000001f980eb9040, 0x000001f980eb9268]
Event: 130.369 Thread 0x000001f9fcd6a470 4749       3       java.nio.charset.CoderResult::isOverflow (14 bytes)
Event: 130.369 Thread 0x000001f9fcd6a470 nmethod 4749 0x000001f980eb9310 code [0x000001f980eb94a0, 0x000001f980eb9618]
Event: 130.369 Thread 0x000001f9fcd6a470 4750       3       java.nio.CharBuffer::position (6 bytes)
Event: 130.370 Thread 0x000001f9fcd6a470 nmethod 4750 0x000001f980eb9690 code [0x000001f980eb9840, 0x000001f980eb99e8]

GC Heap History (6 events):
Event: 0.781 GC heap before
{Heap before GC invocations=0 (full 0):
 garbage-first heap   total 129024K, used 12288K [0x0000000082c00000, 0x0000000100000000)
  region size 1024K, 13 young (13312K), 0 survivors (0K)
 Metaspace       used 2800K, committed 2944K, reserved 1056768K
  class space    used 285K, committed 384K, reserved 1048576K
}
Event: 0.804 GC heap after
{Heap after GC invocations=1 (full 0):
 garbage-first heap   total 129024K, used 2284K [0x0000000082c00000, 0x0000000100000000)
  region size 1024K, 2 young (2048K), 2 survivors (2048K)
 Metaspace       used 2800K, committed 2944K, reserved 1056768K
  class space    used 285K, committed 384K, reserved 1048576K
}
Event: 1.437 GC heap before
{Heap before GC invocations=1 (full 0):
 garbage-first heap   total 129024K, used 17644K [0x0000000082c00000, 0x0000000100000000)
  region size 1024K, 18 young (18432K), 2 survivors (2048K)
 Metaspace       used 8059K, committed 8256K, reserved 1064960K
  class space    used 959K, committed 1088K, reserved 1048576K
}
Event: 1.444 GC heap after
{Heap after GC invocations=2 (full 0):
 garbage-first heap   total 129024K, used 5342K [0x0000000082c00000, 0x0000000100000000)
  region size 1024K, 3 young (3072K), 3 survivors (3072K)
 Metaspace       used 8059K, committed 8256K, reserved 1064960K
  class space    used 959K, committed 1088K, reserved 1048576K
}
Event: 59.193 GC heap before
{Heap before GC invocations=2 (full 0):
 garbage-first heap   total 129024K, used 70878K [0x0000000082c00000, 0x0000000100000000)
  region size 1024K, 63 young (64512K), 3 survivors (3072K)
 Metaspace       used 21012K, committed 21248K, reserved 1073152K
  class space    used 2811K, committed 2944K, reserved 1048576K
}
Event: 59.221 GC heap after
{Heap after GC invocations=3 (full 0):
 garbage-first heap   total 129024K, used 17560K [0x0000000082c00000, 0x0000000100000000)
  region size 1024K, 10 young (10240K), 10 survivors (10240K)
 Metaspace       used 21012K, committed 21248K, reserved 1073152K
  class space    used 2811K, committed 2944K, reserved 1048576K
}

Deoptimization events (20 events):
Event: 126.356 Thread 0x000001f9fe1be880 DEOPT PACKING pc=0x000001f980d16ce2 sp=0x000000257f6fd880
Event: 126.356 Thread 0x000001f9fe1be880 DEOPT UNPACKING pc=0x000001f98004deaf sp=0x000000257f6fcc98 mode 0
Event: 126.387 Thread 0x000001f9fe1be880 DEOPT PACKING pc=0x000001f980d171f1 sp=0x000000257f6fd880
Event: 126.387 Thread 0x000001f9fe1be880 DEOPT UNPACKING pc=0x000001f98004deaf sp=0x000000257f6fcc98 mode 0
Event: 126.389 Thread 0x000001f9fe1be880 DEOPT PACKING pc=0x000001f980d17184 sp=0x000000257f6fd880
Event: 126.389 Thread 0x000001f9fe1be880 DEOPT UNPACKING pc=0x000001f98004deaf sp=0x000000257f6fcc98 mode 0
Event: 126.475 Thread 0x000001f9fe1be880 DEOPT PACKING pc=0x000001f980d171f1 sp=0x000000257f6fd880
Event: 126.475 Thread 0x000001f9fe1be880 DEOPT UNPACKING pc=0x000001f98004deaf sp=0x000000257f6fcc98 mode 0
Event: 126.477 Thread 0x000001f9fe1be880 DEOPT PACKING pc=0x000001f980d16ce2 sp=0x000000257f6fd880
Event: 126.479 Thread 0x000001f9fe1be880 DEOPT UNPACKING pc=0x000001f98004deaf sp=0x000000257f6fcc98 mode 0
Event: 126.482 Thread 0x000001f9fe1be880 DEOPT PACKING pc=0x000001f980d16ce2 sp=0x000000257f6fd880
Event: 126.482 Thread 0x000001f9fe1be880 DEOPT UNPACKING pc=0x000001f98004deaf sp=0x000000257f6fcc98 mode 0
Event: 126.510 Thread 0x000001f9fe1be880 DEOPT PACKING pc=0x000001f980d171f1 sp=0x000000257f6fd880
Event: 126.510 Thread 0x000001f9fe1be880 DEOPT UNPACKING pc=0x000001f98004deaf sp=0x000000257f6fcc98 mode 0
Event: 126.515 Thread 0x000001f9fe1be880 DEOPT PACKING pc=0x000001f980d17184 sp=0x000000257f6fd880
Event: 126.515 Thread 0x000001f9fe1be880 DEOPT UNPACKING pc=0x000001f98004deaf sp=0x000000257f6fcc98 mode 0
Event: 207.403 Thread 0x000001f9fe1c7df0 Uncommon trap: trap_request=0xffffff45 fr.pc=0x000001f987b9435c relative=0x00000000000000bc
Event: 207.403 Thread 0x000001f9fe1c7df0 Uncommon trap: reason=unstable_if action=reinterpret pc=0x000001f987b9435c method=java.util.concurrent.locks.ReentrantLock$Sync.tryRelease(I)Z @ 26 c2
Event: 207.403 Thread 0x000001f9fe1c7df0 DEOPT PACKING pc=0x000001f987b9435c sp=0x00000025004fedf0
Event: 207.404 Thread 0x000001f9fe1c7df0 DEOPT UNPACKING pc=0x000001f98004d728 sp=0x00000025004fed90 mode 2

Classes unloaded (0 events):
No events

Classes redefined (0 events):
No events

Internal exceptions (20 events):
Event: 1.796 Thread 0x000001f9feac0660 Implicit null exception at 0x000001f987b2cc8c to 0x000001f987b2ce48
Event: 2.042 Thread 0x000001f9feac0660 Exception <a 'java/lang/ClassNotFoundException'{0x0000000089d3f028}: com/sun/javafx/scene/control/skin/resources/controls> (0x0000000089d3f028) 
thrown [t:\workspace\open\src\hotspot\share\prims\jni.cpp, line 600]
Event: 2.044 Thread 0x000001f9feac0660 Exception <a 'java/lang/ClassNotFoundException'{0x0000000089d4cb28}: com/sun/javafx/scene/control/skin/resources/controls_ru> (0x0000000089d4cb28) 
thrown [t:\workspace\open\src\hotspot\share\prims\jni.cpp, line 600]
Event: 2.045 Thread 0x000001f9feac0660 Exception <a 'java/lang/ClassNotFoundException'{0x0000000089d4e118}: com/sun/javafx/scene/control/skin/resources/controls_ru_RU> (0x0000000089d4e118) 
thrown [t:\workspace\open\src\hotspot\share\prims\jni.cpp, line 600]
Event: 2.132 Thread 0x000001f9feac0660 Exception <a 'java/lang/NoSuchMethodError'{0x0000000089b0edc0}: 'void java.lang.invoke.DirectMethodHandle$Holder.invokeSpecial(java.lang.Object, java.lang.Object, java.lang.Object, java.lang.Object, java.lang.Object, java.lang.Object)'> (0x0000000089b0edc0) 
thrown [t:\workspace\open\src\hotspot\share\interpreter\linkResolver.cpp, line 790]
Event: 2.203 Thread 0x000001f9feac0660 Exception <a 'java/lang/NoSuchMethodError'{0x00000000899f71a8}: 'java.lang.Object java.lang.invoke.DirectMethodHandle$Holder.invokeInterface(java.lang.Object, java.lang.Object, java.lang.Object)'> (0x00000000899f71a8) 
thrown [t:\workspace\open\src\hotspot\share\interpreter\linkResolver.cpp, line 790]
Event: 2.204 Thread 0x000001f9feac0660 Exception <a 'java/lang/IncompatibleClassChangeError'{0x00000000899fad28}: Found class java.lang.Object, but interface was expected> (0x00000000899fad28) 
thrown [t:\workspace\open\src\hotspot\share\interpreter\linkResolver.cpp, line 857]
Event: 2.314 Thread 0x000001f9feac0660 Exception <a 'java/lang/NoSuchMethodError'{0x00000000894d4648}: 'java.lang.Object java.lang.invoke.DirectMethodHandle$Holder.newInvokeSpecial(java.lang.Object, java.lang.Object, int)'> (0x00000000894d4648) 
thrown [t:\workspace\open\src\hotspot\share\interpreter\linkResolver.cpp, line 790]
Event: 2.351 Thread 0x000001f9fe1be880 Exception <a 'java/lang/NoSuchMethodError'{0x000000008921a248}: 'int java.lang.invoke.DirectMethodHandle$Holder.invokeStaticInit(java.lang.Object, java.lang.Object)'> (0x000000008921a248) 
thrown [t:\workspace\open\src\hotspot\share\interpreter\linkResolver.cpp, line 790]
Event: 2.353 Thread 0x000001f9feac0660 Exception <a 'java/lang/NoSuchMethodError'{0x00000000893aa570}: 'long java.lang.invoke.DirectMethodHandle$Holder.invokeStatic(java.lang.Object, java.lang.Object, java.lang.Object)'> (0x00000000893aa570) 
thrown [t:\workspace\open\src\hotspot\share\interpreter\linkResolver.cpp, line 790]
Event: 2.354 Thread 0x000001f9feac0660 Exception <a 'java/lang/NoSuchMethodError'{0x00000000893adf20}: 'long java.lang.invoke.DirectMethodHandle$Holder.invokeStaticInit(java.lang.Object, java.lang.Object, java.lang.Object)'> (0x00000000893adf20) 
thrown [t:\workspace\open\src\hotspot\share\interpreter\linkResolver.cpp, line 790]
Event: 2.357 Thread 0x000001f9feac0660 Exception <a 'java/lang/NoSuchMethodError'{0x00000000893c5e40}: 'java.lang.Object java.lang.invoke.DirectMethodHandle$Holder.newInvokeSpecial(java.lang.Object, java.lang.Object, long)'> (0x00000000893c5e40) 
thrown [t:\workspace\open\src\hotspot\share\interpreter\linkResolver.cpp, line 790]
Event: 2.358 Thread 0x000001f9feac0660 Exception <a 'java/lang/NoSuchMethodError'{0x00000000893c9bb0}: 'java.lang.Object java.lang.invoke.Invokers$Holder.linkToTargetMethod(java.lang.Object, long, java.lang.Object)'> (0x00000000893c9bb0) 
thrown [t:\workspace\open\src\hotspot\share\interpreter\linkResolver.cpp, line 790]
Event: 51.737 Thread 0x000001f9feac0660 Exception <a 'java/lang/NoSuchMethodError'{0x0000000088a55010}: 'java.lang.Object java.lang.invoke.DirectMethodHandle$Holder.invokeInterface(java.lang.Object, java.lang.Object)'> (0x0000000088a55010) 
thrown [t:\workspace\open\src\hotspot\share\interpreter\linkResolver.cpp, line 790]
Event: 51.739 Thread 0x000001f9feac0660 Exception <a 'java/lang/NoSuchMethodError'{0x0000000088a5d998}: 'java.lang.Object java.lang.invoke.DirectMethodHandle$Holder.invokeStaticInit(java.lang.Object, java.lang.Object, java.lang.Object)'> (0x0000000088a5d998) 
thrown [t:\workspace\open\src\hotspot\share\interpreter\linkResolver.cpp, line 790]
Event: 51.746 Thread 0x000001f9feac0660 Exception <a 'java/lang/NoSuchMethodError'{0x0000000088a7e268}: 'int java.lang.invoke.DirectMethodHandle$Holder.invokeSpecial(java.lang.Object, java.lang.Object, java.lang.Object)'> (0x0000000088a7e268) 
thrown [t:\workspace\open\src\hotspot\share\interpreter\linkResolver.cpp, line 790]
Event: 54.384 Thread 0x000001f9fe1be880 Exception <a 'java/lang/NoSuchMethodError'{0x0000000088114810}: 'java.lang.Object java.lang.invoke.DirectMethodHandle$Holder.invokeStaticInit(java.lang.Object, int)'> (0x0000000088114810) 
thrown [t:\workspace\open\src\hotspot\share\interpreter\linkResolver.cpp, line 790]
Event: 56.149 Thread 0x000001f9feac0660 Exception <a 'java/lang/NoSuchMethodError'{0x0000000087abeed8}: 'void java.lang.invoke.DirectMethodHandle$Holder.invokeSpecialIFC(java.lang.Object, java.lang.Object, java.lang.Object, java.lang.Object)'> (0x0000000087abeed8) 
thrown [t:\workspace\open\src\hotspot\share\interpreter\linkResolver.cpp, line 790]
Event: 59.048 Thread 0x000001f9feac0660 Implicit null exception at 0x000001f987c5294f to 0x000001f987c5603c
Event: 130.361 Thread 0x000001f9feac0660 Exception <a 'java/lang/NullPointerException'{0x0000000085f7c890}> (0x0000000085f7c890) 
thrown [t:\workspace\open\src\hotspot\share\interpreter\linkResolver.cpp, line 1385]

Events (20 events):
Event: 126.991 Executing  VM operation: Cleanup
Event: 126.991 Executing  VM operation: Cleanup done
Event: 127.105 Thread 0x000001f9fd9b3770 Thread exited: 0x000001f9fd9b3770
Event: 128.992 Executing  VM operation: Cleanup
Event: 128.992 Executing  VM operation: Cleanup done
Event: 130.361 loading class java/lang/Throwable$WrappedPrintStream
Event: 130.361 loading class java/lang/Throwable$PrintStreamOrWriter
Event: 130.361 loading class java/lang/Throwable$PrintStreamOrWriter done
Event: 130.361 loading class java/lang/Throwable$WrappedPrintStream done
Event: 130.992 Executing  VM operation: Cleanup
Event: 130.993 Executing  VM operation: Cleanup done
Event: 207.395 loading class jdk/internal/misc/Signal$1
Event: 207.396 loading class jdk/internal/misc/Signal$1 done
Event: 207.396 Thread 0x000001f9fe1c7350 Thread added: 0x000001f9fe1c7350
Event: 207.398 Thread 0x000001f9fe1c7df0 Thread added: 0x000001f9fe1c7df0
Event: 207.398 Thread 0x000001f9fe1c78a0 Thread added: 0x000001f9fe1c78a0
Event: 207.401 Thread 0x000001f9fe1c78a0 Thread exited: 0x000001f9fe1c78a0
Event: 207.405 Executing  VM operation: Exit
Event: 207.406 Thread 0x000001f9fcd5ce80 Thread exited: 0x000001f9fcd5ce80
Event: 207.406 Thread 0x000001f9fe1c7df0 Thread exited: 0x000001f9fe1c7df0


Dynamic libraries:
0x00007ff7cecd0000 - 0x00007ff7cece0000 	C:\Program Files\Java\jdk-16.0.2\bin\java.exe
0x00007ff8a81b0000 - 0x00007ff8a83a5000 	C:\Windows\SYSTEM32\ntdll.dll
0x00007ff8a7b10000 - 0x00007ff8a7bce000 	C:\Windows\System32\KERNEL32.DLL
0x00007ff8a5a00000 - 0x00007ff8a5cc8000 	C:\Windows\System32\KERNELBASE.dll
0x00007ff8a6070000 - 0x00007ff8a6170000 	C:\Windows\System32\ucrtbase.dll
0x00007ff8a2a00000 - 0x00007ff8a2a19000 	C:\Program Files\Java\jdk-16.0.2\bin\VCRUNTIME140.dll
0x00007ff8a29d0000 - 0x00007ff8a29e8000 	C:\Program Files\Java\jdk-16.0.2\bin\jli.dll
0x00007ff8a7820000 - 0x00007ff8a78ce000 	C:\Windows\System32\ADVAPI32.dll
0x00007ff8a6200000 - 0x00007ff8a629e000 	C:\Windows\System32\msvcrt.dll
0x00007ff8a7050000 - 0x00007ff8a70ec000 	C:\Windows\System32\sechost.dll
0x00007ff8a78d0000 - 0x00007ff8a79f5000 	C:\Windows\System32\RPCRT4.dll
0x00007ff8a63d0000 - 0x00007ff8a6570000 	C:\Windows\System32\USER32.dll
0x00007ff8a5ed0000 - 0x00007ff8a5ef2000 	C:\Windows\System32\win32u.dll
0x00007ff8a7c60000 - 0x00007ff8a7c8b000 	C:\Windows\System32\GDI32.dll
0x00007ff8a58f0000 - 0x00007ff8a59fd000 	C:\Windows\System32\gdi32full.dll
0x00007ff8a5e30000 - 0x00007ff8a5ecd000 	C:\Windows\System32\msvcp_win.dll
0x00007ff8913d0000 - 0x00007ff89166a000 	C:\Windows\WinSxS\amd64_microsoft.windows.common-controls_6595b64144ccf1df_6.0.19041.1110_none_60b5254171f9507e\COMCTL32.dll
0x00007ff89f580000 - 0x00007ff89f58a000 	C:\Windows\SYSTEM32\VERSION.dll
0x00007ff8a77f0000 - 0x00007ff8a7820000 	C:\Windows\System32\IMM32.DLL
0x00007ff8a29c0000 - 0x00007ff8a29cc000 	C:\Program Files\Java\jdk-16.0.2\bin\vcruntime140_1.dll
0x00007ff8872e0000 - 0x00007ff887371000 	C:\Program Files\Java\jdk-16.0.2\bin\msvcp140.dll
0x00007ff869e30000 - 0x00007ff86a9db000 	C:\Program Files\Java\jdk-16.0.2\bin\server\jvm.dll
0x00007ff8a71d0000 - 0x00007ff8a71d8000 	C:\Windows\System32\PSAPI.DLL
0x00007ff890220000 - 0x00007ff890229000 	C:\Windows\SYSTEM32\WSOCK32.dll
0x00007ff8a8100000 - 0x00007ff8a816b000 	C:\Windows\System32\WS2_32.dll
0x00007ff884c60000 - 0x00007ff884c87000 	C:\Windows\SYSTEM32\WINMM.dll
0x00007ff8a3990000 - 0x00007ff8a39a2000 	C:\Windows\SYSTEM32\kernel.appcore.dll
0x00007ff8a29b0000 - 0x00007ff8a29ba000 	C:\Program Files\Java\jdk-16.0.2\bin\jimage.dll
0x00007ff8a36b0000 - 0x00007ff8a3894000 	C:\Windows\SYSTEM32\DBGHELP.DLL
0x00007ff892630000 - 0x00007ff89265c000 	C:\Windows\SYSTEM32\dbgcore.DLL
0x00007ff8a6170000 - 0x00007ff8a61f2000 	C:\Windows\System32\bcryptPrimitives.dll
0x00007ff8a2990000 - 0x00007ff8a299e000 	C:\Program Files\Java\jdk-16.0.2\bin\instrument.dll
0x00007ff8a0d10000 - 0x00007ff8a0d35000 	C:\Program Files\Java\jdk-16.0.2\bin\java.dll
0x00007ff8a6750000 - 0x00007ff8a6e94000 	C:\Windows\System32\SHELL32.dll
0x00007ff8a39b0000 - 0x00007ff8a4144000 	C:\Windows\SYSTEM32\windows.storage.dll
0x00007ff8a7da0000 - 0x00007ff8a80f5000 	C:\Windows\System32\combase.dll
0x00007ff8a5240000 - 0x00007ff8a526e000 	C:\Windows\SYSTEM32\Wldp.dll
0x00007ff8a6570000 - 0x00007ff8a661d000 	C:\Windows\System32\SHCORE.dll
0x00007ff8a66f0000 - 0x00007ff8a6745000 	C:\Windows\System32\shlwapi.dll
0x00007ff8a5800000 - 0x00007ff8a581f000 	C:\Windows\SYSTEM32\profapi.dll
0x00007ff89fc00000 - 0x00007ff89fc19000 	C:\Program Files\Java\jdk-16.0.2\bin\net.dll
0x00007ff89c1f0000 - 0x00007ff89c2fc000 	C:\Windows\SYSTEM32\WINHTTP.dll
0x00007ff8a4fa0000 - 0x00007ff8a500a000 	C:\Windows\system32\mswsock.dll
0x00007ff89f2b0000 - 0x00007ff89f2c3000 	C:\Program Files\Java\jdk-16.0.2\bin\nio.dll
0x00007ff89ed10000 - 0x00007ff89ed28000 	C:\Program Files\Java\jdk-16.0.2\bin\zip.dll
0x00007ff89ecb0000 - 0x00007ff89ecca000 	C:\Program Files\JetBrains\IntelliJ IDEA 2021.2.1\bin\breakgen64.dll
0x000001f9fcf40000 - 0x000001f9fcf43000 	C:\javafx-sdk-11.0.2\bin\api-ms-win-core-console-l1-1-0.dll
0x000001f9fcf50000 - 0x000001f9fcf53000 	C:\javafx-sdk-11.0.2\bin\api-ms-win-core-datetime-l1-1-0.dll
0x000001f9fcf60000 - 0x000001f9fcf63000 	C:\javafx-sdk-11.0.2\bin\api-ms-win-core-debug-l1-1-0.dll
0x000001f9fcf70000 - 0x000001f9fcf73000 	C:\javafx-sdk-11.0.2\bin\api-ms-win-core-errorhandling-l1-1-0.dll
0x000001f9fcf80000 - 0x000001f9fcf84000 	C:\javafx-sdk-11.0.2\bin\api-ms-win-core-file-l1-1-0.dll
0x000001f9fcf90000 - 0x000001f9fcf93000 	C:\javafx-sdk-11.0.2\bin\api-ms-win-core-file-l1-2-0.dll
0x000001f9fcfa0000 - 0x000001f9fcfa3000 	C:\javafx-sdk-11.0.2\bin\api-ms-win-core-file-l2-1-0.dll
0x000001f9fcfb0000 - 0x000001f9fcfb3000 	C:\javafx-sdk-11.0.2\bin\api-ms-win-core-handle-l1-1-0.dll
0x000001f9fcfc0000 - 0x000001f9fcfc3000 	C:\javafx-sdk-11.0.2\bin\api-ms-win-core-heap-l1-1-0.dll
0x000001f9fcfd0000 - 0x000001f9fcfd3000 	C:\javafx-sdk-11.0.2\bin\api-ms-win-core-interlocked-l1-1-0.dll
0x000001f9fcfe0000 - 0x000001f9fcfe3000 	C:\javafx-sdk-11.0.2\bin\api-ms-win-core-libraryloader-l1-1-0.dll
0x000001f9fcff0000 - 0x000001f9fcff3000 	C:\javafx-sdk-11.0.2\bin\api-ms-win-core-localization-l1-2-0.dll
0x000001f9ff3d0000 - 0x000001f9ff3d3000 	C:\javafx-sdk-11.0.2\bin\api-ms-win-core-memory-l1-1-0.dll
0x000001f9ff510000 - 0x000001f9ff513000 	C:\javafx-sdk-11.0.2\bin\api-ms-win-core-namedpipe-l1-1-0.dll
0x000001f9ff520000 - 0x000001f9ff523000 	C:\javafx-sdk-11.0.2\bin\api-ms-win-core-processenvironment-l1-1-0.dll
0x000001f9ff3e0000 - 0x000001f9ff3e3000 	C:\javafx-sdk-11.0.2\bin\api-ms-win-core-processthreads-l1-1-0.dll
0x000001f9ff3f0000 - 0x000001f9ff3f3000 	C:\javafx-sdk-11.0.2\bin\api-ms-win-core-processthreads-l1-1-1.dll
0x000001f9ff400000 - 0x000001f9ff403000 	C:\javafx-sdk-11.0.2\bin\api-ms-win-core-profile-l1-1-0.dll
0x000001f9ff410000 - 0x000001f9ff413000 	C:\javafx-sdk-11.0.2\bin\api-ms-win-core-rtlsupport-l1-1-0.dll
0x000001f9ff420000 - 0x000001f9ff423000 	C:\javafx-sdk-11.0.2\bin\api-ms-win-core-string-l1-1-0.dll
0x000001f9ff430000 - 0x000001f9ff433000 	C:\javafx-sdk-11.0.2\bin\api-ms-win-core-synch-l1-1-0.dll
0x000001f9ff440000 - 0x000001f9ff443000 	C:\javafx-sdk-11.0.2\bin\api-ms-win-core-synch-l1-2-0.dll
0x000001f9ff450000 - 0x000001f9ff453000 	C:\javafx-sdk-11.0.2\bin\api-ms-win-core-sysinfo-l1-1-0.dll
0x000001f9ff460000 - 0x000001f9ff463000 	C:\javafx-sdk-11.0.2\bin\api-ms-win-core-timezone-l1-1-0.dll
0x000001f9ff470000 - 0x000001f9ff473000 	C:\javafx-sdk-11.0.2\bin\api-ms-win-core-util-l1-1-0.dll
0x000001f9ff480000 - 0x000001f9ff483000 	C:\javafx-sdk-11.0.2\bin\api-ms-win-crt-conio-l1-1-0.dll
0x000001f9ff490000 - 0x000001f9ff494000 	C:\javafx-sdk-11.0.2\bin\api-ms-win-crt-convert-l1-1-0.dll
0x000001f9ff4a0000 - 0x000001f9ff4a3000 	C:\javafx-sdk-11.0.2\bin\api-ms-win-crt-environment-l1-1-0.dll
0x000001f9ff4b0000 - 0x000001f9ff4b3000 	C:\javafx-sdk-11.0.2\bin\api-ms-win-crt-filesystem-l1-1-0.dll
0x000001f9ff4c0000 - 0x000001f9ff4c3000 	C:\javafx-sdk-11.0.2\bin\api-ms-win-crt-heap-l1-1-0.dll
0x000001f9ff4d0000 - 0x000001f9ff4d3000 	C:\javafx-sdk-11.0.2\bin\api-ms-win-crt-locale-l1-1-0.dll
0x000001f9ff4e0000 - 0x000001f9ff4e5000 	C:\javafx-sdk-11.0.2\bin\api-ms-win-crt-math-l1-1-0.dll
0x000001f9ff4f0000 - 0x000001f9ff4f5000 	C:\javafx-sdk-11.0.2\bin\api-ms-win-crt-multibyte-l1-1-0.dll
0x000001f9ff500000 - 0x000001f9ff510000 	C:\javafx-sdk-11.0.2\bin\api-ms-win-crt-private-l1-1-0.dll
0x000001f9ff530000 - 0x000001f9ff533000 	C:\javafx-sdk-11.0.2\bin\api-ms-win-crt-process-l1-1-0.dll
0x000001f9ff540000 - 0x000001f9ff544000 	C:\javafx-sdk-11.0.2\bin\api-ms-win-crt-runtime-l1-1-0.dll
0x000001f9ff550000 - 0x000001f9ff554000 	C:\javafx-sdk-11.0.2\bin\api-ms-win-crt-stdio-l1-1-0.dll
0x000001f9ff560000 - 0x000001f9ff564000 	C:\javafx-sdk-11.0.2\bin\api-ms-win-crt-string-l1-1-0.dll
0x000001f9ff570000 - 0x000001f9ff573000 	C:\javafx-sdk-11.0.2\bin\api-ms-win-crt-time-l1-1-0.dll
0x000001f9ff580000 - 0x000001f9ff583000 	C:\javafx-sdk-11.0.2\bin\api-ms-win-crt-utility-l1-1-0.dll
0x00007ff879cd0000 - 0x00007ff879dca000 	C:\javafx-sdk-11.0.2\bin\ucrtbase.dll
0x00007ff890e90000 - 0x00007ff890ea6000 	C:\javafx-sdk-11.0.2\bin\vcruntime140.dll
0x00007ff8871d0000 - 0x00007ff887276000 	C:\javafx-sdk-11.0.2\bin\msvcp140.dll
0x00007ff885d50000 - 0x00007ff885da1000 	C:\javafx-sdk-11.0.2\bin\concrt140.dll
0x00007ff8866b0000 - 0x00007ff8866d3000 	C:\javafx-sdk-11.0.2\bin\prism_d3d.dll
0x00007ff869940000 - 0x00007ff869b10000 	C:\Windows\system32\d3d9.dll
0x00007ff8a3120000 - 0x00007ff8a314f000 	C:\Windows\SYSTEM32\dwmapi.dll
0x00007ff8a2f10000 - 0x00007ff8a2fae000 	C:\Windows\system32\uxtheme.dll
0x00007ff8a58c0000 - 0x00007ff8a58e7000 	C:\Windows\System32\bcrypt.dll
0x00007ff8a62a0000 - 0x00007ff8a63ca000 	C:\Windows\System32\ole32.dll
0x00007ff8a6620000 - 0x00007ff8a66ed000 	C:\Windows\System32\OLEAUT32.dll
0x00007ff8a5f70000 - 0x00007ff8a5fbe000 	C:\Windows\System32\cfgmgr32.dll
0x00007ff885c20000 - 0x00007ff885c65000 	C:\javafx-sdk-11.0.2\bin\glass.dll
0x00007ff8a70f0000 - 0x00007ff8a71ca000 	C:\Windows\System32\COMDLG32.dll
0x00007ff8a71e0000 - 0x00007ff8a72f6000 	C:\Windows\System32\MSCTF.dll
0x00007ff89b490000 - 0x00007ff89b4cb000 	C:\Windows\SYSTEM32\dxcore.dll
0x00007ff890e70000 - 0x00007ff890e84000 	C:\javafx-sdk-11.0.2\bin\javafx_font.dll
0x00007ff893a20000 - 0x00007ff893ca3000 	C:\Windows\SYSTEM32\dwrite.dll
0x00007ff8a7cf0000 - 0x00007ff8a7d99000 	C:\Windows\System32\clbcatq.dll
0x00007ff89cad0000 - 0x00007ff89cc84000 	C:\Windows\SYSTEM32\WindowsCodecs.dll
0x00007ff87d560000 - 0x00007ff87d59e000 	C:\Windows\system32\dataexchange.dll
0x00007ff8a0f00000 - 0x00007ff8a1164000 	C:\Windows\system32\d3d11.dll
0x00007ff8a1e30000 - 0x00007ff8a2015000 	C:\Windows\system32\dcomp.dll
0x00007ff8a42d0000 - 0x00007ff8a43c4000 	C:\Windows\system32\dxgi.dll
0x00007ff89d220000 - 0x00007ff89d421000 	C:\Windows\system32\twinapi.appcore.dll
0x00007ff885460000 - 0x00007ff885494000 	C:\Program Files\Common Files\Microsoft Shared\Ink\rtscom.dll
0x00007ff89a660000 - 0x00007ff89a759000 	C:\Windows\SYSTEM32\textinputframework.dll
0x00007ff8a23a0000 - 0x00007ff8a26fe000 	C:\Windows\System32\CoreUIComponents.dll
0x00007ff8a2700000 - 0x00007ff8a27f2000 	C:\Windows\System32\CoreMessaging.dll
0x00007ff8a45b0000 - 0x00007ff8a45e3000 	C:\Windows\SYSTEM32\ntmarta.dll
0x00007ff8a1cd0000 - 0x00007ff8a1e24000 	C:\Windows\SYSTEM32\wintypes.dll
0x00007ff8a0ce0000 - 0x00007ff8a0ce9000 	C:\Program Files\Java\jdk-16.0.2\bin\management.dll
0x00007ff8a06a0000 - 0x00007ff8a06ab000 	C:\Program Files\Java\jdk-16.0.2\bin\management_ext.dll

dbghelp: loaded successfully - version: 4.0.5 - missing functions: none
symbol engine: initialized successfully - sym options: 0x614 - pdb path: .;C:\Program Files\Java\jdk-16.0.2\bin;C:\Windows\SYSTEM32;C:\Windows\WinSxS\amd64_microsoft.windows.common-controls_6595b64144ccf1df_6.0.19041.1110_none_60b5254171f9507e;C:\Program Files\Java\jdk-16.0.2\bin\server;C:\Program Files\JetBrains\IntelliJ IDEA 2021.2.1\bin;C:\javafx-sdk-11.0.2\bin;C:\Windows\System32\DriverStore\FileRepository\iigd_dch.inf_amd64_e9b40d45ab4dc6b8;C:\Program Files\Common Files\Microsoft Shared\Ink

VM Arguments:
jvm_args: --module-path=C:/javafx-sdk-11.0.2/lib --add-modules=javafx.controls,javafx.fxml -javaagent:C:\Program Files\JetBrains\IntelliJ IDEA 2021.2.1\lib\idea_rt.jar=51259:C:\Program Files\JetBrains\IntelliJ IDEA 2021.2.1\bin -Dfile.encoding=UTF-8 
java_command: forms.Main
java_class_path (initial): C:\java\Polyclinic\out\production\Polyclinic;C:\javafx-sdk-11.0.2\lib\src.zip;C:\javafx-sdk-11.0.2\lib\javafx-swt.jar;C:\javafx-sdk-11.0.2\lib\javafx.web.jar;C:\javafx-sdk-11.0.2\lib\javafx.base.jar;C:\javafx-sdk-11.0.2\lib\javafx.fxml.jar;C:\javafx-sdk-11.0.2\lib\javafx.media.jar;C:\javafx-sdk-11.0.2\lib\javafx.swing.jar;C:\javafx-sdk-11.0.2\lib\javafx.controls.jar;C:\javafx-sdk-11.0.2\lib\javafx.graphics.jar;C:\java\Polyclinic\src\resources\postgresql-42.3.1 (1).jar
Launcher Type: SUN_STANDARD

[Global flags]
     intx CICompilerCount                          = 3                                         {product} {ergonomic}
     uint ConcGCThreads                            = 1                                         {product} {ergonomic}
     uint G1ConcRefinementThreads                  = 4                                         {product} {ergonomic}
   size_t G1HeapRegionSize                         = 1048576                                   {product} {ergonomic}
    uintx GCDrainStackTargetSize                   = 64                                        {product} {ergonomic}
   size_t InitialHeapSize                          = 132120576                                 {product} {ergonomic}
   size_t MarkStackSize                            = 4194304                                   {product} {ergonomic}
   size_t MaxHeapSize                              = 2101346304                                {product} {ergonomic}
   size_t MaxNewSize                               = 1260388352                                {product} {ergonomic}
   size_t MinHeapDeltaBytes                        = 1048576                                   {product} {ergonomic}
   size_t MinHeapSize                              = 8388608                                   {product} {ergonomic}
    uintx NonNMethodCodeHeapSize                   = 5832780                                {pd product} {ergonomic}
    uintx NonProfiledCodeHeapSize                  = 122912730                              {pd product} {ergonomic}
    uintx ProfiledCodeHeapSize                     = 122912730                              {pd product} {ergonomic}
    uintx ReservedCodeCacheSize                    = 251658240                              {pd product} {ergonomic}
     bool SegmentedCodeCache                       = true                                      {product} {ergonomic}
   size_t SoftMaxHeapSize                          = 2101346304                             {manageable} {ergonomic}
     bool UseCompressedClassPointers               = true                           {product lp64_product} {ergonomic}
     bool UseCompressedOops                        = true                           {product lp64_product} {ergonomic}
     bool UseG1GC                                  = true                                      {product} {ergonomic}
     bool UseLargePagesIndividualAllocation        = false                                  {pd product} {ergonomic}

Logging:
Log output configuration:
 #0: stdout all=off uptime,level,tags
 #1: stderr all=off uptime,level,tags

Environment Variables:
PATH=C:\Program Files\Common Files\Oracle\Java\javapath;C:\Program Files (x86)\Common Files\Oracle\Java\javapath;C:\Windows\system32;C:\Windows;C:\Windows\System32\Wbem;C:\Windows\System32\WindowsPowerShell\v1.0\;C:\Windows\System32\OpenSSH\;C:\Program Files\dotnet\;C:\Users\Kate\AppData\Local\Microsoft\WindowsApps;;C:\Program Files\JetBrains\IntelliJ IDEA 2021.2.1\bin;;C:\Users\Kate\.dotnet\tools
USERNAME=Kate
OS=Windows_NT
PROCESSOR_IDENTIFIER=Intel64 Family 6 Model 122 Stepping 1, GenuineIntel



---------------  S Y S T E M  ---------------

OS:
 Windows 10 , 64 bit Build 19041 (10.0.19041.1503)
OS uptime: 5 days 0:32 hours

CPU: total 4 (initial active 4) (4 cores per cpu, 1 threads per core) family 6 model 122 stepping 1 microcode 0x2e, cx8, cmov, fxsr, mmx, 3dnowpref, sse, sse2, sse3, ssse3, sse4.1, sse4.2, popcnt, tsc, tscinvbit, aes, erms, clmul, sha, clflush, clflushopt

Memory: 4k page, system-wide physical 8014M (2685M free)
TotalPageFile size 10958M (AvailPageFile size 3412M)
current process WorkingSet (physical memory assigned to process): 134M, peak: 247M
current process commit charge ("private bytes"): 205M, peak: 327M

vm_info: Java HotSpot(TM) 64-Bit Server VM (16.0.2+7-67) for windows-amd64 JRE (16.0.2+7-67), built on Jun  8 2021 23:24:19 by "mach5one" with MS VC++ 16.7 (VS2019)

END.
