#
# A fatal error has been detected by the Java Runtime Environment:
#
#  EXCEPTION_ACCESS_VIOLATION (0xc0000005) at pc=0x00007ff885d86730, pid=12052, tid=12064
#
# JRE version: Java(TM) SE Runtime Environment (16.0.2+7) (build 16.0.2+7-67)
# Java VM: Java HotSpot(TM) 64-Bit Server VM (16.0.2+7-67, mixed mode, sharing, tiered, compressed oops, compressed class ptrs, g1 gc, windows-amd64)
# Problematic frame:
# C  [glass.dll+0x26730]
#
# No core dump will be written. Minidumps are not enabled by default on client versions of Windows
#
# If you would like to submit a bug report, please visit:
#   https://bugreport.java.com/bugreport/crash.jsp
#

---------------  S U M M A R Y ------------

Command Line: --module-path=C:/javafx-sdk-11.0.2/lib --add-modules=javafx.controls,javafx.fxml -javaagent:C:\Program Files\JetBrains\IntelliJ IDEA 2021.2.1\lib\idea_rt.jar=52458:C:\Program Files\JetBrains\IntelliJ IDEA 2021.2.1\bin -Dfile.encoding=UTF-8 forms.Main

Host: Intel(R) Pentium(R) Silver N5000 CPU @ 1.10GHz, 4 cores, 7G,  Windows 10 , 64 bit Build 19041 (10.0.19041.1503)
Time: Sun Feb 27 13:43:49 2022 RTZ 2 (s 10 , 64 bit Build 19041 (10.0.19041.1503) elapsed time: 119.943228 seconds (0d 0h 1m 59s)

---------------  T H R E A D  ---------------

Current thread (0x00000171fe784980):  VMThread "VM Thread" [stack: 0x00000007bcf00000,0x00000007bd000000] [id=12064]

Stack: [0x00000007bcf00000,0x00000007bd000000],  sp=0x00000007bcfff0e0,  free space=1020k
Native frames: (J=compiled Java code, j=interpreted, Vv=VM code, C=native code)
C  [glass.dll+0x26730]


siginfo: EXCEPTION_ACCESS_VIOLATION (0xc0000005), reading address 0x0000000000000000


Register to memory mapping:

RIP=0x00007ff885d86730 glass.dll
RAX=0x0 is NULL
RBX=0x00000171fe78d558 is a global jni handle
RCX=0x00000171fe784980 points into unknown readable memory: 0x00007ff86a79f638 | 38 f6 79 6a f8 7f 00 00
RDX=0x00000007bcfff0e0 points into unknown readable memory: 0x0000000000000000 | 00 00 00 00 00 00 00 00
RSP=0x00000007bcfff0e0 points into unknown readable memory: 0x0000000000000000 | 00 00 00 00 00 00 00 00
RBP=0x00000171935485c8 points into unknown readable memory: 0x000096468a69caf5 | f5 ca 69 8a 46 96 00 00
RSI=0x00000171935485a0 points into unknown readable memory: 0xdb009649757971f3 | f3 71 79 75 49 96 00 db
RDI=0x000096468a69caf5 is an unknown value
R8 =0x0000000000010002 is an unknown value
R9 =0x000096468a69caf5 is an unknown value
R10=0x0000000000008000 is an unknown value
R11=0x00000007bcfff080 points into unknown readable memory: 0x0000000000000000 | 00 00 00 00 00 00 00 00
R12=0x00007ff885d83be0 glass.dll
R13=0x00000171f4101d20 points into unknown readable memory: 0x8000000900000001 | 01 00 00 00 09 00 00 80
R14=0x00000007bcfff1e8 points into unknown readable memory: 0x00000007bcfff1d0 | d0 f1 ff bc 07 00 00 00
R15=0x00000171935485a0 points into unknown readable memory: 0xdb009649757971f3 | f3 71 79 75 49 96 00 db


Registers:
RAX=0x0000000000000000, RBX=0x00000171fe78d558, RCX=0x00000171fe784980, RDX=0x00000007bcfff0e0
RSP=0x00000007bcfff0e0, RBP=0x00000171935485c8, RSI=0x00000171935485a0, RDI=0x000096468a69caf5
R8 =0x0000000000010002, R9 =0x000096468a69caf5, R10=0x0000000000008000, R11=0x00000007bcfff080
R12=0x00007ff885d83be0, R13=0x00000171f4101d20, R14=0x00000007bcfff1e8, R15=0x00000171935485a0
RIP=0x00007ff885d86730, EFLAGS=0x0000000000010206

Top of Stack: (sp=0x00000007bcfff0e0)
0x00000007bcfff0e0:   0000000000000000 00007ff8a607f05b
0x00000007bcfff0f0:   00000171935485b0 00000171935485a0
0x00000007bcfff100:   fffffffffffffffe 00007ff885d83be0
0x00000007bcfff110:   00000171935485a8 00007ff8a60842d6
0x00000007bcfff120:   00000171935485b0 0000017100000000
0x00000007bcfff130:   00000171935485c8 00000171935485a0
0x00000007bcfff140:   fffffffffffffffe 0000000000000000
0x00000007bcfff150:   0000000000000001 00007ff885d60000
0x00000007bcfff160:   00000007bcfff1d8 00007ff8a60841fb
0x00000007bcfff170:   0000000000000000 00000007bcfff1e8
0x00000007bcfff180:   00000007bcfff4a0 00007ff8a6160e40
0x00000007bcfff190:   0000000000000001 00007ff8a60841b4
0x00000007bcfff1a0:   0000000000000000 0000000000000001
0x00000007bcfff1b0:   00007ff80000000d 00000007bcfff1d8
0x00000007bcfff1c0:   0000000000000000 00007ff885d83a60
0x00000007bcfff1d0:   00007ff885d9d100 0000000700000002 

Instructions: (pc=0x00007ff885d86730)
0x00007ff885d86630:   8b 4d 60 e8 d8 c9 ff ff 48 8b 55 68 48 8b 8d 08
0x00007ff885d86640:   01 00 00 e8 a9 be ff ff 33 d2 33 c9 e8 a9 de ff
0x00007ff885d86650:   ff 90 cc cc cc cc cc cc cc cc cc cc cc cc cc cc
0x00007ff885d86660:   48 8d 8a 80 00 00 00 e9 14 ea fe ff 48 89 54 24
0x00007ff885d86670:   10 55 48 83 ec 20 48 8b ea 48 8d 05 1d cb ff ff
0x00007ff885d86680:   48 83 c4 20 5d c3 cc 40 55 48 8b ea 48 8b 01 33
0x00007ff885d86690:   c9 81 38 05 00 00 c0 0f 94 c1 8b c1 5d c3 cc 40
0x00007ff885d866a0:   55 48 83 ec 20 48 8b ea 8a 4d 40 48 83 c4 20 5d
0x00007ff885d866b0:   e9 23 ce ff ff cc 40 55 48 83 ec 20 48 8b ea e8
0x00007ff885d866c0:   3c cc ff ff 8a 4d 38 48 83 c4 20 5d e9 07 ce ff
0x00007ff885d866d0:   ff cc 40 55 48 83 ec 30 48 8b ea 48 8b 01 8b 10
0x00007ff885d866e0:   48 89 4c 24 28 89 54 24 20 4c 8d 0d d0 d1 ff ff
0x00007ff885d866f0:   4c 8b 45 70 8b 55 68 48 8b 4d 60 e8 70 cb ff ff
0x00007ff885d86700:   90 48 83 c4 30 5d c3 cc cc cc cc cc cc cc cc cc
0x00007ff885d86710:   40 53 48 83 ec 30 48 c7 44 24 20 fe ff ff ff 48
0x00007ff885d86720:   8b 1d ea 63 01 00 48 85 db 74 16 e8 90 86 ff ff
0x00007ff885d86730:   4c 8b 00 48 8b d3 48 8b c8 41 ff 90 b0 00 00 00
0x00007ff885d86740:   90 48 83 c4 30 5b c3 cc cc cc cc cc cc cc cc cc
0x00007ff885d86750:   40 53 48 83 ec 20 48 8b 1d 4b 65 01 00 48 85 db
0x00007ff885d86760:   74 57 b8 ff ff ff ff f0 0f c1 43 10 83 f8 01 75
0x00007ff885d86770:   3d 48 85 db 74 38 48 8b 0b 48 85 c9 74 0d ff 15
0x00007ff885d86780:   24 0b 00 00 48 c7 03 00 00 00 00 48 8b 4b 08 48
0x00007ff885d86790:   85 c9 74 0d e8 77 c8 ff ff 48 c7 43 08 00 00 00
0x00007ff885d867a0:   00 ba 18 00 00 00 48 8b cb e8 62 c8 ff ff 48 c7
0x00007ff885d867b0:   05 ef 64 01 00 00 00 00 00 48 83 c4 20 5b c3 cc
0x00007ff885d867c0:   40 53 48 83 ec 20 48 8b 1d bb 64 01 00 48 85 db
0x00007ff885d867d0:   74 57 b8 ff ff ff ff f0 0f c1 43 10 83 f8 01 75
0x00007ff885d867e0:   3d 48 85 db 74 38 48 8b 0b 48 85 c9 74 0d ff 15
0x00007ff885d867f0:   b4 0a 00 00 48 c7 03 00 00 00 00 48 8b 4b 08 48
0x00007ff885d86800:   85 c9 74 0d e8 07 c8 ff ff 48 c7 43 08 00 00 00
0x00007ff885d86810:   00 ba 18 00 00 00 48 8b cb e8 f2 c7 ff ff 48 c7
0x00007ff885d86820:   05 5f 64 01 00 00 00 00 00 48 83 c4 20 5b c3 cc 


Stack slot to memory mapping:
stack at sp + 0 slots: 0x0 is NULL
stack at sp + 1 slots: 0x00007ff8a607f05b ucrtbase.dll
stack at sp + 2 slots: 0x00000171935485b0 points into unknown readable memory: 0x000096468a69caf5 | f5 ca 69 8a 46 96 00 00
stack at sp + 3 slots: 0x00000171935485a0 points into unknown readable memory: 0xdb009649757971f3 | f3 71 79 75 49 96 00 db
stack at sp + 4 slots: 0xfffffffffffffffe is an unknown value
stack at sp + 5 slots: 0x00007ff885d83be0 glass.dll
stack at sp + 6 slots: 0x00000171935485a8 points into unknown readable memory: 0x000096468a69caf5 | f5 ca 69 8a 46 96 00 00
stack at sp + 7 slots: 0x00007ff8a60842d6 ucrtbase.dll

VM_Operation (0x00000007bc6ff080): Exit, mode: safepoint, requested by thread 0x00000171ffb98030


---------------  P R O C E S S  ---------------

Threads class SMR info:
_java_thread_list=0x00000171934e85e0, length=21, elements={
0x00000171f4077c00, 0x00000171fe788d70, 0x00000171fe789c30, 0x00000171fe7a0ae0,
0x00000171fe7a14e0, 0x00000171fe7a1ee0, 0x00000171fe7a2cc0, 0x00000171fe7a47c0,
0x00000171fe7a79b0, 0x00000171fe76c660, 0x00000171fffbac00, 0x00000171ffd537c0,
0x000001719313ecc0, 0x00000171934057b0, 0x00000171ff547d60, 0x0000017193a00c70,
0x0000017193a37a20, 0x00000171ffb96af0, 0x00000171ffb95b00, 0x00000171ffb98030,
0x00000171ffb96050
}

Java Threads: ( => current thread )
  0x00000171f4077c00 JavaThread "main" [_thread_blocked, id=9020, stack(0x00000007bc900000,0x00000007bca00000)]
  0x00000171fe788d70 JavaThread "Reference Handler" daemon [_thread_blocked, id=9932, stack(0x00000007bd000000,0x00000007bd100000)]
  0x00000171fe789c30 JavaThread "Finalizer" daemon [_thread_blocked, id=2528, stack(0x00000007bd100000,0x00000007bd200000)]
  0x00000171fe7a0ae0 JavaThread "Attach Listener" daemon [_thread_blocked, id=2652, stack(0x00000007bd300000,0x00000007bd400000)]
  0x00000171fe7a14e0 JavaThread "Service Thread" daemon [_thread_blocked, id=14132, stack(0x00000007bd400000,0x00000007bd500000)]
  0x00000171fe7a1ee0 JavaThread "Monitor Deflation Thread" daemon [_thread_blocked, id=11560, stack(0x00000007bd500000,0x00000007bd600000)]
  0x00000171fe7a2cc0 JavaThread "C2 CompilerThread0" daemon [_thread_blocked, id=5584, stack(0x00000007bd600000,0x00000007bd700000)]
  0x00000171fe7a47c0 JavaThread "C1 CompilerThread0" daemon [_thread_blocked, id=7840, stack(0x00000007bd700000,0x00000007bd800000)]
  0x00000171fe7a79b0 JavaThread "Sweeper thread" daemon [_thread_blocked, id=2712, stack(0x00000007bd800000,0x00000007bd900000)]
  0x00000171fe76c660 JavaThread "Common-Cleaner" daemon [_thread_blocked, id=13164, stack(0x00000007bd900000,0x00000007bda00000)]
  0x00000171fffbac00 JavaThread "Monitor Ctrl-Break" daemon [_thread_in_native, id=14248, stack(0x00000007bdb00000,0x00000007bdc00000)]
  0x00000171ffd537c0 JavaThread "Notification Thread" daemon [_thread_blocked, id=4068, stack(0x00000007bdc00000,0x00000007bdd00000)]
  0x000001719313ecc0 JavaThread "QuantumRenderer-0" daemon [_thread_blocked, id=2832, stack(0x00000007bde00000,0x00000007bdf00000)]
  0x00000171934057b0 JavaThread "InvokeLaterDispatcher" daemon [_thread_blocked, id=3624, stack(0x00000007bdf00000,0x00000007be000000)]
  0x00000171ff547d60 JavaThread "JavaFX Application Thread" [_thread_in_native, id=14388, stack(0x00000007be000000,0x00000007be100000)]
  0x0000017193a00c70 JavaThread "JavaFX-Launcher" [_thread_blocked, id=9256, stack(0x00000007be700000,0x00000007be800000)]
  0x0000017193a37a20 JavaThread "Thread-2" daemon [_thread_in_native, id=11684, stack(0x00000007bda00000,0x00000007bdb00000)]
  0x00000171ffb96af0 JavaThread "Prism Font Disposer" daemon [_thread_blocked, id=9732, stack(0x00000007bec00000,0x00000007bed00000)]
  0x00000171ffb95b00 JavaThread "Cleaner-0" daemon [_thread_blocked, id=10452, stack(0x00000007bed00000,0x00000007bee00000)]
  0x00000171ffb98030 JavaThread "SIGINT handler" daemon [_thread_blocked, id=7424, stack(0x00000007bc600000,0x00000007bc700000)]
  0x00000171ffb96050 JavaThread "Glass/Prism Shutdown Hook" [_thread_blocked, id=12080, stack(0x00000007bc700000,0x00000007bc800000)]

Other Threads:
=>0x00000171fe784980 VMThread "VM Thread" [stack: 0x00000007bcf00000,0x00000007bd000000] [id=12064]
  0x00000171f40b6780 GCTaskThread "GC Thread#0" [stack: 0x00000007bca00000,0x00000007bcb00000] [id=7276]
  0x000001719326f100 GCTaskThread "GC Thread#1" [stack: 0x00000007be100000,0x00000007be200000] [id=15232]
  0x00000171932be600 GCTaskThread "GC Thread#2" [stack: 0x00000007be200000,0x00000007be300000] [id=12404]
  0x00000171932be910 GCTaskThread "GC Thread#3" [stack: 0x00000007be300000,0x00000007be400000] [id=10588]
  0x00000171f40c7340 ConcurrentGCThread "G1 Main Marker" terminated
  0x00000171f40c7e30 ConcurrentGCThread "G1 Conc#0" [stack: 0x00000007bcc00000,0x00000007bcd00000] [id=13652]
  0x00000171f413f140 ConcurrentGCThread "G1 Refine#0" terminated
  0x000001719bcaeff0 ConcurrentGCThread "G1 Refine#1" terminated
  0x00000171f413fbc0 ConcurrentGCThread "G1 Service" terminated

Threads with active compile tasks:
C2 CompilerThread0  
[error occurred during error reporting (printing all threads), id 0xc0000005, EXCEPTION_ACCESS_VIOLATION (0xc0000005) at pc=0x00007ff86a5bb5c3]

VM state: at safepoint (shutting down)

VM Mutex/Monitor currently owned by a thread:  ([mutex/lock_event])
[0x00000171f4073540] Threads_lock - owner thread: 0x00000171fe784980
[0x00000171f4074110] Heap_lock - owner thread: 0x00000171ffb98030

Heap address: 0x0000000082c00000, size: 2004 MB, Compressed Oops mode: 32-bit

CDS archive(s) mapped at: [0x0000000800000000-0x0000000800bb0000-0x0000000800bb0000), size 12255232, SharedBaseAddress: 0x0000000800000000, ArchiveRelocationMode: 0.
Compressed class space mapped at: 0x0000000800c00000-0x0000000840c00000, reserved size: 1073741824
Narrow klass base: 0x0000000800000000, Narrow klass shift: 3, Narrow klass range: 0x100000000

GC Precious Log:
 CPUs: 4 total, 4 available
 Memory: 8014M
 Large Page Support: Disabled
 NUMA Support: Disabled
 Compressed Oops: Enabled (32-bit)
 Heap Region Size: 1M
 Heap Min Capacity: 8M
 Heap Initial Capacity: 126M
 Heap Max Capacity: 2004M
 Pre-touch: Disabled
 Parallel Workers: 4
 Concurrent Workers: 1
 Concurrent Refinement Workers: 4
 Periodic GC: Disabled

Heap:
 garbage-first heap   total 65536K, used 36422K [0x0000000082c00000, 0x0000000100000000)
  region size 1024K, 27 young (27648K), 10 survivors (10240K)
 Metaspace       used 21592K, committed 21824K, reserved 1073152K
  class space    used 2824K, committed 2944K, reserved 1048576K

Heap Regions: E=young(eden), S=young(survivor), O=old, HS=humongous(starts), HC=humongous(continues), CS=collection set, F=free, OA=open archive, CA=closed archive, TAMS=top-at-mark-start (previous, next)
|   0|0x0000000082c00000, 0x0000000082d00000, 0x0000000082d00000|100%| O|  |TAMS 0x0000000082d00000, 0x0000000082c00000| Untracked 
|   1|0x0000000082d00000, 0x0000000082e00000, 0x0000000082e00000|100%| O|  |TAMS 0x0000000082e00000, 0x0000000082d00000| Untracked 
|   2|0x0000000082e00000, 0x0000000082f00000, 0x0000000082f00000|100%| O|  |TAMS 0x0000000082e45a00, 0x0000000082e00000| Untracked 
|   3|0x0000000082f00000, 0x0000000083000000, 0x0000000083000000|100%|HS|  |TAMS 0x0000000082f00000, 0x0000000082f00000| Complete 
|   4|0x0000000083000000, 0x0000000083100000, 0x0000000083100000|100%|HS|  |TAMS 0x0000000083000000, 0x0000000083000000| Complete 
|   5|0x0000000083100000, 0x0000000083200000, 0x0000000083200000|100%|HS|  |TAMS 0x0000000083200000, 0x0000000083100000| Complete 
|   6|0x0000000083200000, 0x0000000083300000, 0x0000000083300000|100%|HS|  |TAMS 0x0000000083300000, 0x0000000083200000| Complete 
|   7|0x0000000083300000, 0x0000000083400000, 0x0000000083400000|100%|HC|  |TAMS 0x0000000083400000, 0x0000000083300000| Complete 
|   8|0x0000000083400000, 0x0000000083500000, 0x0000000083500000|100%| O|  |TAMS 0x0000000083400000, 0x0000000083400000| Untracked 
|   9|0x0000000083500000, 0x0000000083591a00, 0x0000000083600000| 56%| O|  |TAMS 0x0000000083500000, 0x0000000083500000| Untracked 
|  10|0x0000000083600000, 0x0000000083600000, 0x0000000083700000|  0%| F|  |TAMS 0x0000000083600000, 0x0000000083600000| Untracked 
|  11|0x0000000083700000, 0x0000000083700000, 0x0000000083800000|  0%| F|  |TAMS 0x0000000083700000, 0x0000000083700000| Untracked 
|  12|0x0000000083800000, 0x0000000083800000, 0x0000000083900000|  0%| F|  |TAMS 0x0000000083800000, 0x0000000083800000| Untracked 
|  13|0x0000000083900000, 0x0000000083900000, 0x0000000083a00000|  0%| F|  |TAMS 0x0000000083900000, 0x0000000083900000| Untracked 
|  14|0x0000000083a00000, 0x0000000083a00000, 0x0000000083b00000|  0%| F|  |TAMS 0x0000000083a00000, 0x0000000083a00000| Untracked 
|  15|0x0000000083b00000, 0x0000000083b00000, 0x0000000083c00000|  0%| F|  |TAMS 0x0000000083b00000, 0x0000000083b00000| Untracked 
|  16|0x0000000083c00000, 0x0000000083c00000, 0x0000000083d00000|  0%| F|  |TAMS 0x0000000083c00000, 0x0000000083c00000| Untracked 
|  17|0x0000000083d00000, 0x0000000083d00000, 0x0000000083e00000|  0%| F|  |TAMS 0x0000000083d00000, 0x0000000083d00000| Untracked 
|  18|0x0000000083e00000, 0x0000000083e00000, 0x0000000083f00000|  0%| F|  |TAMS 0x0000000083e00000, 0x0000000083e00000| Untracked 
|  19|0x0000000083f00000, 0x0000000083f00000, 0x0000000084000000|  0%| F|  |TAMS 0x0000000083f00000, 0x0000000083f00000| Untracked 
|  20|0x0000000084000000, 0x0000000084000000, 0x0000000084100000|  0%| F|  |TAMS 0x0000000084000000, 0x0000000084000000| Untracked 
|  21|0x0000000084100000, 0x0000000084100000, 0x0000000084200000|  0%| F|  |TAMS 0x0000000084100000, 0x0000000084100000| Untracked 
|  22|0x0000000084200000, 0x0000000084200000, 0x0000000084300000|  0%| F|  |TAMS 0x0000000084200000, 0x0000000084200000| Untracked 
|  23|0x0000000084300000, 0x0000000084300000, 0x0000000084400000|  0%| F|  |TAMS 0x0000000084300000, 0x0000000084300000| Untracked 
|  24|0x0000000084400000, 0x0000000084400000, 0x0000000084500000|  0%| F|  |TAMS 0x0000000084400000, 0x0000000084400000| Untracked 
|  25|0x0000000084500000, 0x0000000084500000, 0x0000000084600000|  0%| F|  |TAMS 0x0000000084500000, 0x0000000084500000| Untracked 
|  26|0x0000000084600000, 0x0000000084600000, 0x0000000084700000|  0%| F|  |TAMS 0x0000000084600000, 0x0000000084600000| Untracked 
|  27|0x0000000084700000, 0x0000000084700000, 0x0000000084800000|  0%| F|  |TAMS 0x0000000084700000, 0x0000000084700000| Untracked 
|  28|0x0000000084800000, 0x0000000084800000, 0x0000000084900000|  0%| F|  |TAMS 0x0000000084800000, 0x0000000084800000| Untracked 
|  29|0x0000000084900000, 0x0000000084900000, 0x0000000084a00000|  0%| F|  |TAMS 0x0000000084900000, 0x0000000084900000| Untracked 
|  30|0x0000000084a00000, 0x0000000084a00000, 0x0000000084b00000|  0%| F|  |TAMS 0x0000000084a00000, 0x0000000084a00000| Untracked 
|  31|0x0000000084b00000, 0x0000000084b00000, 0x0000000084c00000|  0%| F|  |TAMS 0x0000000084b00000, 0x0000000084b00000| Untracked 
|  32|0x0000000084c00000, 0x0000000084c00000, 0x0000000084d00000|  0%| F|  |TAMS 0x0000000084c00000, 0x0000000084c00000| Untracked 
|  33|0x0000000084d00000, 0x0000000084d00000, 0x0000000084e00000|  0%| F|  |TAMS 0x0000000084d00000, 0x0000000084d00000| Untracked 
|  34|0x0000000084e00000, 0x0000000084e00000, 0x0000000084f00000|  0%| F|  |TAMS 0x0000000084e00000, 0x0000000084e00000| Untracked 
|  35|0x0000000084f00000, 0x0000000084f00000, 0x0000000085000000|  0%| F|  |TAMS 0x0000000084f00000, 0x0000000084f00000| Untracked 
|  36|0x0000000085000000, 0x0000000085000000, 0x0000000085100000|  0%| F|  |TAMS 0x0000000085000000, 0x0000000085000000| Untracked 
|  37|0x0000000085100000, 0x00000000851304e0, 0x0000000085200000| 18%| E|  |TAMS 0x0000000085100000, 0x0000000085100000| Complete 
|  38|0x0000000085200000, 0x0000000085300000, 0x0000000085300000|100%| E|CS|TAMS 0x0000000085200000, 0x0000000085200000| Complete 
|  39|0x0000000085300000, 0x0000000085400000, 0x0000000085400000|100%| E|CS|TAMS 0x0000000085300000, 0x0000000085300000| Complete 
|  40|0x0000000085400000, 0x0000000085500000, 0x0000000085500000|100%| E|CS|TAMS 0x0000000085400000, 0x0000000085400000| Complete 
|  41|0x0000000085500000, 0x0000000085600000, 0x0000000085600000|100%| E|CS|TAMS 0x0000000085500000, 0x0000000085500000| Complete 
|  42|0x0000000085600000, 0x0000000085700000, 0x0000000085700000|100%| E|CS|TAMS 0x0000000085600000, 0x0000000085600000| Complete 
|  43|0x0000000085700000, 0x0000000085800000, 0x0000000085800000|100%| E|CS|TAMS 0x0000000085700000, 0x0000000085700000| Complete 
|  44|0x0000000085800000, 0x0000000085900000, 0x0000000085900000|100%| E|CS|TAMS 0x0000000085800000, 0x0000000085800000| Complete 
|  45|0x0000000085900000, 0x0000000085a00000, 0x0000000085a00000|100%| E|CS|TAMS 0x0000000085900000, 0x0000000085900000| Complete 
|  46|0x0000000085a00000, 0x0000000085b00000, 0x0000000085b00000|100%| E|CS|TAMS 0x0000000085a00000, 0x0000000085a00000| Complete 
|  47|0x0000000085b00000, 0x0000000085c00000, 0x0000000085c00000|100%| E|CS|TAMS 0x0000000085b00000, 0x0000000085b00000| Complete 
|  48|0x0000000085c00000, 0x0000000085d00000, 0x0000000085d00000|100%| E|CS|TAMS 0x0000000085c00000, 0x0000000085c00000| Complete 
|  49|0x0000000085d00000, 0x0000000085e00000, 0x0000000085e00000|100%| E|CS|TAMS 0x0000000085d00000, 0x0000000085d00000| Complete 
|  50|0x0000000085e00000, 0x0000000085f00000, 0x0000000085f00000|100%| E|CS|TAMS 0x0000000085e00000, 0x0000000085e00000| Complete 
|  51|0x0000000085f00000, 0x0000000086000000, 0x0000000086000000|100%| E|CS|TAMS 0x0000000085f00000, 0x0000000085f00000| Complete 
|  52|0x0000000086000000, 0x0000000086100000, 0x0000000086100000|100%| E|CS|TAMS 0x0000000086000000, 0x0000000086000000| Complete 
|  55|0x0000000086300000, 0x0000000086400000, 0x0000000086400000|100%| S|CS|TAMS 0x0000000086300000, 0x0000000086300000| Complete 
|  56|0x0000000086400000, 0x0000000086500000, 0x0000000086500000|100%| S|CS|TAMS 0x0000000086400000, 0x0000000086400000| Complete 
|  57|0x0000000086500000, 0x0000000086600000, 0x0000000086600000|100%| S|CS|TAMS 0x0000000086500000, 0x0000000086500000| Complete 
|  58|0x0000000086600000, 0x0000000086700000, 0x0000000086700000|100%| S|CS|TAMS 0x0000000086600000, 0x0000000086600000| Complete 
|  59|0x0000000086700000, 0x0000000086800000, 0x0000000086800000|100%| S|CS|TAMS 0x0000000086700000, 0x0000000086700000| Complete 
|  60|0x0000000086800000, 0x0000000086900000, 0x0000000086900000|100%| S|CS|TAMS 0x0000000086800000, 0x0000000086800000| Complete 
|  61|0x0000000086900000, 0x0000000086a00000, 0x0000000086a00000|100%| S|CS|TAMS 0x0000000086900000, 0x0000000086900000| Complete 
|  62|0x0000000086a00000, 0x0000000086b00000, 0x0000000086b00000|100%| S|CS|TAMS 0x0000000086a00000, 0x0000000086a00000| Complete 
|  63|0x0000000086b00000, 0x0000000086c00000, 0x0000000086c00000|100%| S|CS|TAMS 0x0000000086b00000, 0x0000000086b00000| Complete 
|  64|0x0000000086c00000, 0x0000000086d00000, 0x0000000086d00000|100%| S|CS|TAMS 0x0000000086c00000, 0x0000000086c00000| Complete 
| 125|0x000000008a900000, 0x000000008aa00000, 0x000000008aa00000|100%| E|CS|TAMS 0x000000008a900000, 0x000000008a900000| Complete 

Card table byte_map: [0x00000171fbbf0000,0x00000171fbfe0000] _byte_map_base: 0x00000171fb7da000

Marking Bits (Prev, Next): (CMBitMap*) 0x00000171f40b6eb0, (CMBitMap*) 0x00000171f40b6e70
 Prev Bits: [0x000001718f000000, 0x0000017190f50000)
 Next Bits: [0x00000171fc3d0000, 0x00000171fe320000)

Polling page: 0x00000171f2030000

Metaspace:

Usage:
  Non-class:     18.33 MB used.
      Class:      2.76 MB used.
       Both:     21.09 MB used.

Virtual space:
  Non-class space:       24.00 MB reserved,      18.44 MB ( 77%) committed,  3 nodes.
      Class space:        1.00 GB reserved,       2.88 MB ( <1%) committed,  1 nodes.
              Both:        1.02 GB reserved,      21.31 MB (  2%) committed. 

Chunk freelists:
   Non-Class:  1.58 MB
       Class:  1.02 MB
        Both:  2.60 MB

MaxMetaspaceSize: 17179869184.00 GB
CompressedClassSpaceSize: 1.00 GB
 - commit_granule_bytes: 65536.
 - commit_granule_words: 8192.
 - virtual_space_node_default_size: 1048576.
 - enlarge_chunks_in_place: 1.
 - new_chunks_are_fully_committed: 0.
 - uncommit_free_chunks: 1.
 - use_allocation_guard: 0.
 - handle_deallocations: 1.


Internal statistics:

num_allocs_failed_limit: 3.
num_arena_births: 230.
num_arena_deaths: 0.
num_vsnodes_births: 4.
num_vsnodes_deaths: 0.
num_space_committed: 341.
num_space_uncommitted: 0.
num_chunks_returned_to_freelist: 3.
num_chunks_taken_from_freelist: 975.
num_chunk_merges: 3.
num_chunk_splits: 679.
num_chunks_enlarged: 504.
num_purges: 0.

CodeHeap 'non-profiled nmethods': size=120000Kb used=2054Kb max_used=2054Kb free=117945Kb
 bounds [0x0000017187ad0000, 0x0000017187d40000, 0x000001718f000000]
CodeHeap 'profiled nmethods': size=120000Kb used=10071Kb max_used=10071Kb free=109928Kb
 bounds [0x00000171805a0000, 0x0000017180f80000, 0x0000017187ad0000]
CodeHeap 'non-nmethods': size=5760Kb used=1471Kb max_used=1528Kb free=4288Kb
 bounds [0x0000017180000000, 0x0000017180270000, 0x00000171805a0000]
 total_blobs=5796 nmethods=4955 adapters=752
 compilation: enabled
              stopped_count=0, restarted_count=0
 full_count=0

Compilation events (20 events):
Event: 110.737 Thread 0x00000171fe7a47c0 nmethod 4953 0x0000017180f71e10 code [0x0000017180f71fc0, 0x0000017180f721b8]
Event: 110.737 Thread 0x00000171fe7a47c0 4954       3       com.sun.scenario.effect.impl.prism.ps.PPSDrawable::getMaxContentHeight (10 bytes)
Event: 110.737 Thread 0x00000171fe7a47c0 nmethod 4954 0x0000017180f72290 code [0x0000017180f72440, 0x0000017180f72638]
Event: 110.743 Thread 0x00000171ff5bc880 nmethod 4951 0x0000017187cbca10 code [0x0000017187cbccc0, 0x0000017187cbd428]
Event: 110.743 Thread 0x00000171ff5bc880 4952       4       com.sun.javafx.geom.transform.AffineBase::transform2DBounds (576 bytes)
Event: 110.747 Thread 0x00000171ff5bc880 nmethod 4952 0x0000017187cbd790 code [0x0000017187cbd920, 0x0000017187cbdba8]
Event: 110.760 Thread 0x00000171ff5bc880 4955       4       com.sun.javafx.geom.RectBounds::<init> (14 bytes)
Event: 110.760 Thread 0x00000171ff5bc880 nmethod 4955 0x0000017187cbde10 code [0x0000017187cbdf80, 0x0000017187cbe018]
Event: 111.368 Thread 0x00000171fe7a2cc0 nmethod 4863 0x0000017187cbe110 code [0x0000017187cbe960, 0x0000017187ccb008]
Event: 117.693 Thread 0x00000171fe7a2cc0 4956       4       com.sun.javafx.event.BasicEventDispatcher::dispatchEvent (44 bytes)
Event: 117.698 Thread 0x00000171fe7a2cc0 nmethod 4956 0x0000017187cd1010 code [0x0000017187cd11c0, 0x0000017187cd1438]
Event: 117.706 Thread 0x00000171fe7a2cc0 4957       4       com.sun.javafx.event.CompositeEventDispatcher::dispatchCapturingEvent (35 bytes)
Event: 117.708 Thread 0x00000171fe7a2cc0 nmethod 4957 0x0000017187cd1710 code [0x0000017187cd18a0, 0x0000017187cd19b8]
Event: 119.358 Thread 0x00000171fe7a47c0 4958   !   3       java.util.concurrent.ConcurrentHashMap::replaceNode (437 bytes)
Event: 119.358 Thread 0x00000171fe7a2cc0 4960       4       java.util.concurrent.ConcurrentHashMap::addCount (280 bytes)
Event: 119.360 Thread 0x00000171fe7a47c0 nmethod 4958 0x0000017180f72710 code [0x0000017180f72a80, 0x0000017180f74398]
Event: 119.360 Thread 0x00000171fe7a47c0 4959       3       java.util.concurrent.ConcurrentHashMap::remove (8 bytes)
Event: 119.360 Thread 0x00000171fe7a47c0 nmethod 4959 0x0000017180f75110 code [0x0000017180f752c0, 0x0000017180f75408]
Event: 119.360 Thread 0x00000171fe7a47c0 4961       3       java.util.LinkedList$ListItr::next (56 bytes)
Event: 119.361 Thread 0x00000171fe7a47c0 nmethod 4961 0x0000017180f75490 code [0x0000017180f75680, 0x0000017180f75bb8]

GC Heap History (6 events):
Event: 0.812 GC heap before
{Heap before GC invocations=0 (full 0):
 garbage-first heap   total 129024K, used 12288K [0x0000000082c00000, 0x0000000100000000)
  region size 1024K, 13 young (13312K), 0 survivors (0K)
 Metaspace       used 2806K, committed 2944K, reserved 1056768K
  class space    used 285K, committed 384K, reserved 1048576K
}
Event: 0.823 GC heap after
{Heap after GC invocations=1 (full 0):
 garbage-first heap   total 129024K, used 2289K [0x0000000082c00000, 0x0000000100000000)
  region size 1024K, 2 young (2048K), 2 survivors (2048K)
 Metaspace       used 2806K, committed 2944K, reserved 1056768K
  class space    used 285K, committed 384K, reserved 1048576K
}
Event: 1.511 GC heap before
{Heap before GC invocations=1 (full 0):
 garbage-first heap   total 129024K, used 18673K [0x0000000082c00000, 0x0000000100000000)
  region size 1024K, 18 young (18432K), 2 survivors (2048K)
 Metaspace       used 8055K, committed 8256K, reserved 1064960K
  class space    used 959K, committed 1088K, reserved 1048576K
}
Event: 1.519 GC heap after
{Heap after GC invocations=2 (full 0):
 garbage-first heap   total 129024K, used 5398K [0x0000000082c00000, 0x0000000100000000)
  region size 1024K, 3 young (3072K), 3 survivors (3072K)
 Metaspace       used 8055K, committed 8256K, reserved 1064960K
  class space    used 959K, committed 1088K, reserved 1048576K
}
Event: 39.433 GC heap before
{Heap before GC invocations=2 (full 0):
 garbage-first heap   total 129024K, used 68886K [0x0000000082c00000, 0x0000000100000000)
  region size 1024K, 61 young (62464K), 3 survivors (3072K)
 Metaspace       used 21004K, committed 21248K, reserved 1073152K
  class space    used 2816K, committed 2944K, reserved 1048576K
}
Event: 39.455 GC heap after
{Heap after GC invocations=3 (full 0):
 garbage-first heap   total 129024K, used 17990K [0x0000000082c00000, 0x0000000100000000)
  region size 1024K, 10 young (10240K), 10 survivors (10240K)
 Metaspace       used 21004K, committed 21248K, reserved 1073152K
  class space    used 2816K, committed 2944K, reserved 1048576K
}

Deoptimization events (20 events):
Event: 102.503 Thread 0x00000171ff547d60 Uncommon trap: trap_request=0xffffffbe fr.pc=0x0000017187c9f078 relative=0x00000000000005b8
Event: 102.503 Thread 0x00000171ff547d60 Uncommon trap: reason=profile_predicate action=maybe_recompile pc=0x0000017187c9f078 method=java.lang.PublicMethods$MethodList.filter([Ljava/lang/reflect/Method;Ljava/lang/String;[Ljava/lang/Class;Z)Ljava/lang/PublicMethods$MethodList; @ 21 c2
Event: 102.503 Thread 0x00000171ff547d60 DEOPT PACKING pc=0x0000017187c9f078 sp=0x00000007be0f4c50
Event: 102.503 Thread 0x00000171ff547d60 DEOPT UNPACKING pc=0x000001718004d728 sp=0x00000007be0f4bf8 mode 2
Event: 102.503 Thread 0x00000171ff547d60 Uncommon trap: trap_request=0xffffffbe fr.pc=0x0000017187c9f078 relative=0x00000000000005b8
Event: 102.503 Thread 0x00000171ff547d60 Uncommon trap: reason=profile_predicate action=maybe_recompile pc=0x0000017187c9f078 method=java.lang.PublicMethods$MethodList.filter([Ljava/lang/reflect/Method;Ljava/lang/String;[Ljava/lang/Class;Z)Ljava/lang/PublicMethods$MethodList; @ 21 c2
Event: 102.503 Thread 0x00000171ff547d60 DEOPT PACKING pc=0x0000017187c9f078 sp=0x00000007be0f4ba0
Event: 102.503 Thread 0x00000171ff547d60 DEOPT UNPACKING pc=0x000001718004d728 sp=0x00000007be0f4b48 mode 2
Event: 102.504 Thread 0x00000171ff547d60 Uncommon trap: trap_request=0xffffffbe fr.pc=0x0000017187c9f078 relative=0x00000000000005b8
Event: 102.504 Thread 0x00000171ff547d60 Uncommon trap: reason=profile_predicate action=maybe_recompile pc=0x0000017187c9f078 method=java.lang.PublicMethods$MethodList.filter([Ljava/lang/reflect/Method;Ljava/lang/String;[Ljava/lang/Class;Z)Ljava/lang/PublicMethods$MethodList; @ 21 c2
Event: 102.504 Thread 0x00000171ff547d60 DEOPT PACKING pc=0x0000017187c9f078 sp=0x00000007be0f4c50
Event: 102.504 Thread 0x00000171ff547d60 DEOPT UNPACKING pc=0x000001718004d728 sp=0x00000007be0f4bf8 mode 2
Event: 102.505 Thread 0x00000171ff547d60 Uncommon trap: trap_request=0xffffffbe fr.pc=0x0000017187bc4e08 relative=0x00000000000006a8
Event: 102.505 Thread 0x00000171ff547d60 Uncommon trap: reason=profile_predicate action=maybe_recompile pc=0x0000017187bc4e08 method=java.lang.PublicMethods$MethodList.filter([Ljava/lang/reflect/Method;Ljava/lang/String;[Ljava/lang/Class;Z)Ljava/lang/PublicMethods$MethodList; @ 17 c2
Event: 102.505 Thread 0x00000171ff547d60 DEOPT PACKING pc=0x0000017187bc4e08 sp=0x00000007be0f4ba0
Event: 102.505 Thread 0x00000171ff547d60 DEOPT UNPACKING pc=0x000001718004d728 sp=0x00000007be0f4b58 mode 2
Event: 110.418 Thread 0x00000171ff547d60 Uncommon trap: trap_request=0xffffff45 fr.pc=0x0000017187bf3878 relative=0x00000000000002f8
Event: 110.418 Thread 0x00000171ff547d60 Uncommon trap: reason=unstable_if action=reinterpret pc=0x0000017187bf3878 method=javafx.scene.Parent.setChildDirty(Ljavafx/scene/Node;Z)V @ 22 c2
Event: 110.418 Thread 0x00000171ff547d60 DEOPT PACKING pc=0x0000017187bf3878 sp=0x00000007be0f2e20
Event: 110.418 Thread 0x00000171ff547d60 DEOPT UNPACKING pc=0x000001718004d728 sp=0x00000007be0f2c88 mode 2

Classes unloaded (0 events):
No events

Classes redefined (0 events):
No events

Internal exceptions (20 events):
Event: 1.271 Thread 0x00000171ff547d60 Exception <a 'java/lang/ClassNotFoundException'{0x000000008a0e88b8}: sun/util/logging/resources/spi/loggingProvider> (0x000000008a0e88b8) 
thrown [t:\workspace\open\src\hotspot\share\classfile\systemDictionary.cpp, line 256]
Event: 1.545 Thread 0x00000171ff547d60 Exception <a 'java/lang/NoSuchMethodError'{0x000000008a885cd0}: 'void java.lang.invoke.DirectMethodHandle$Holder.invokeStaticInit(java.lang.Object, java.lang.Object)'> (0x000000008a885cd0) 
thrown [t:\workspace\open\src\hotspot\share\interpreter\linkResolver.cpp, line 790]
Event: 1.754 Thread 0x00000171ff547d60 Implicit null exception at 0x0000017187b30711 to 0x0000017187b308f0
Event: 1.963 Thread 0x00000171ff547d60 Exception <a 'java/lang/ClassNotFoundException'{0x0000000089eb4a10}: com/sun/javafx/scene/control/skin/resources/controls> (0x0000000089eb4a10) 
thrown [t:\workspace\open\src\hotspot\share\prims\jni.cpp, line 600]
Event: 1.964 Thread 0x00000171ff547d60 Exception <a 'java/lang/ClassNotFoundException'{0x0000000089ec2510}: com/sun/javafx/scene/control/skin/resources/controls_ru> (0x0000000089ec2510) 
thrown [t:\workspace\open\src\hotspot\share\prims\jni.cpp, line 600]
Event: 1.965 Thread 0x00000171ff547d60 Exception <a 'java/lang/ClassNotFoundException'{0x0000000089ec3b00}: com/sun/javafx/scene/control/skin/resources/controls_ru_RU> (0x0000000089ec3b00) 
thrown [t:\workspace\open\src\hotspot\share\prims\jni.cpp, line 600]
Event: 2.039 Thread 0x00000171ff547d60 Exception <a 'java/lang/NoSuchMethodError'{0x0000000089c83d48}: 'void java.lang.invoke.DirectMethodHandle$Holder.invokeSpecial(java.lang.Object, java.lang.Object, java.lang.Object, java.lang.Object, java.lang.Object, java.lang.Object)'> (0x0000000089c83d48) 
thrown [t:\workspace\open\src\hotspot\share\interpreter\linkResolver.cpp, line 790]
Event: 2.109 Thread 0x00000171ff547d60 Exception <a 'java/lang/NoSuchMethodError'{0x000000008996b758}: 'java.lang.Object java.lang.invoke.DirectMethodHandle$Holder.invokeInterface(java.lang.Object, java.lang.Object, java.lang.Object)'> (0x000000008996b758) 
thrown [t:\workspace\open\src\hotspot\share\interpreter\linkResolver.cpp, line 790]
Event: 2.109 Thread 0x00000171ff547d60 Exception <a 'java/lang/IncompatibleClassChangeError'{0x000000008996f2d8}: Found class java.lang.Object, but interface was expected> (0x000000008996f2d8) 
thrown [t:\workspace\open\src\hotspot\share\interpreter\linkResolver.cpp, line 857]
Event: 2.255 Thread 0x00000171ff547d60 Exception <a 'java/lang/NoSuchMethodError'{0x0000000089447f48}: 'java.lang.Object java.lang.invoke.DirectMethodHandle$Holder.newInvokeSpecial(java.lang.Object, java.lang.Object, int)'> (0x0000000089447f48) 
thrown [t:\workspace\open\src\hotspot\share\interpreter\linkResolver.cpp, line 790]
Event: 2.290 Thread 0x000001719313ecc0 Exception <a 'java/lang/NoSuchMethodError'{0x000000008931a190}: 'int java.lang.invoke.DirectMethodHandle$Holder.invokeStaticInit(java.lang.Object, java.lang.Object)'> (0x000000008931a190) 
thrown [t:\workspace\open\src\hotspot\share\interpreter\linkResolver.cpp, line 790]
Event: 2.301 Thread 0x00000171ff547d60 Exception <a 'java/lang/NoSuchMethodError'{0x0000000089398490}: 'long java.lang.invoke.DirectMethodHandle$Holder.invokeStatic(java.lang.Object, java.lang.Object, java.lang.Object)'> (0x0000000089398490) 
thrown [t:\workspace\open\src\hotspot\share\interpreter\linkResolver.cpp, line 790]
Event: 2.302 Thread 0x00000171ff547d60 Exception <a 'java/lang/NoSuchMethodError'{0x000000008939be40}: 'long java.lang.invoke.DirectMethodHandle$Holder.invokeStaticInit(java.lang.Object, java.lang.Object, java.lang.Object)'> (0x000000008939be40) 
thrown [t:\workspace\open\src\hotspot\share\interpreter\linkResolver.cpp, line 790]
Event: 2.310 Thread 0x00000171ff547d60 Exception <a 'java/lang/NoSuchMethodError'{0x00000000893b4118}: 'java.lang.Object java.lang.invoke.DirectMethodHandle$Holder.newInvokeSpecial(java.lang.Object, java.lang.Object, long)'> (0x00000000893b4118) 
thrown [t:\workspace\open\src\hotspot\share\interpreter\linkResolver.cpp, line 790]
Event: 2.311 Thread 0x00000171ff547d60 Exception <a 'java/lang/NoSuchMethodError'{0x00000000893b7e88}: 'java.lang.Object java.lang.invoke.Invokers$Holder.linkToTargetMethod(java.lang.Object, long, java.lang.Object)'> (0x00000000893b7e88) 
thrown [t:\workspace\open\src\hotspot\share\interpreter\linkResolver.cpp, line 790]
Event: 6.805 Thread 0x00000171ff547d60 Exception <a 'java/lang/NoSuchMethodError'{0x0000000088ee2858}: 'java.lang.Object java.lang.invoke.DirectMethodHandle$Holder.invokeInterface(java.lang.Object, java.lang.Object)'> (0x0000000088ee2858) 
thrown [t:\workspace\open\src\hotspot\share\interpreter\linkResolver.cpp, line 790]
Event: 6.807 Thread 0x00000171ff547d60 Exception <a 'java/lang/NoSuchMethodError'{0x0000000088eeb1e0}: 'java.lang.Object java.lang.invoke.DirectMethodHandle$Holder.invokeStaticInit(java.lang.Object, java.lang.Object, java.lang.Object)'> (0x0000000088eeb1e0) 
thrown [t:\workspace\open\src\hotspot\share\interpreter\linkResolver.cpp, line 790]
Event: 6.813 Thread 0x00000171ff547d60 Exception <a 'java/lang/NoSuchMethodError'{0x0000000088d0bf40}: 'int java.lang.invoke.DirectMethodHandle$Holder.invokeSpecial(java.lang.Object, java.lang.Object, java.lang.Object)'> (0x0000000088d0bf40) 
thrown [t:\workspace\open\src\hotspot\share\interpreter\linkResolver.cpp, line 790]
Event: 8.671 Thread 0x000001719313ecc0 Exception <a 'java/lang/NoSuchMethodError'{0x00000000886744c0}: 'java.lang.Object java.lang.invoke.DirectMethodHandle$Holder.invokeStaticInit(java.lang.Object, int)'> (0x00000000886744c0) 
thrown [t:\workspace\open\src\hotspot\share\interpreter\linkResolver.cpp, line 790]
Event: 10.516 Thread 0x00000171ff547d60 Exception <a 'java/lang/NoSuchMethodError'{0x0000000087c05368}: 'void java.lang.invoke.DirectMethodHandle$Holder.invokeSpecialIFC(java.lang.Object, java.lang.Object, java.lang.Object, java.lang.Object)'> (0x0000000087c05368) 
thrown [t:\workspace\open\src\hotspot\share\interpreter\linkResolver.cpp, line 790]

Events (20 events):
Event: 103.513 Executing  VM operation: Cleanup done
Event: 103.787 Thread 0x0000017193e42aa0 Thread exited: 0x0000017193e42aa0
Event: 110.431 Thread 0x00000171ff5bc880 Thread added: 0x00000171ff5bc880
Event: 110.516 Executing  VM operation: Cleanup
Event: 110.517 Executing  VM operation: Cleanup done
Event: 111.368 Executing  VM operation: HandshakeAllThreads
Event: 111.368 Executing  VM operation: HandshakeAllThreads done
Event: 112.367 Executing  VM operation: Cleanup
Event: 112.368 Executing  VM operation: Cleanup done
Event: 115.761 Thread 0x00000171ff5bc880 Thread exited: 0x00000171ff5bc880
Event: 118.370 Executing  VM operation: Cleanup
Event: 118.370 Executing  VM operation: Cleanup done
Event: 119.356 loading class jdk/internal/misc/Signal$1
Event: 119.356 loading class jdk/internal/misc/Signal$1 done
Event: 119.356 Thread 0x00000171ffb98030 Thread added: 0x00000171ffb98030
Event: 119.357 Thread 0x00000171ffb96050 Thread added: 0x00000171ffb96050
Event: 119.357 Thread 0x00000171ffb955b0 Thread added: 0x00000171ffb955b0
Event: 119.358 Thread 0x00000171ffb955b0 Thread exited: 0x00000171ffb955b0
Event: 119.362 Thread 0x00000171fe79b0b0 Thread exited: 0x00000171fe79b0b0
Event: 119.362 Executing  VM operation: Exit


Dynamic libraries:
0x00007ff7cecd0000 - 0x00007ff7cece0000 	C:\Program Files\Java\jdk-16.0.2\bin\java.exe
0x00007ff8a81b0000 - 0x00007ff8a83a5000 	C:\Windows\SYSTEM32\ntdll.dll
0x00007ff8a7b10000 - 0x00007ff8a7bce000 	C:\Windows\System32\KERNEL32.DLL
0x00007ff8a5a00000 - 0x00007ff8a5cc8000 	C:\Windows\System32\KERNELBASE.dll
0x00007ff8a6070000 - 0x00007ff8a6170000 	C:\Windows\System32\ucrtbase.dll
0x00007ff8a29d0000 - 0x00007ff8a29e8000 	C:\Program Files\Java\jdk-16.0.2\bin\jli.dll
0x00007ff8a7820000 - 0x00007ff8a78ce000 	C:\Windows\System32\ADVAPI32.dll
0x00007ff8a2a00000 - 0x00007ff8a2a19000 	C:\Program Files\Java\jdk-16.0.2\bin\VCRUNTIME140.dll
0x00007ff8a6200000 - 0x00007ff8a629e000 	C:\Windows\System32\msvcrt.dll
0x00007ff8a7050000 - 0x00007ff8a70ec000 	C:\Windows\System32\sechost.dll
0x00007ff8a78d0000 - 0x00007ff8a79f5000 	C:\Windows\System32\RPCRT4.dll
0x00007ff8a63d0000 - 0x00007ff8a6570000 	C:\Windows\System32\USER32.dll
0x00007ff8913d0000 - 0x00007ff89166a000 	C:\Windows\WinSxS\amd64_microsoft.windows.common-controls_6595b64144ccf1df_6.0.19041.1110_none_60b5254171f9507e\COMCTL32.dll
0x00007ff8a5ed0000 - 0x00007ff8a5ef2000 	C:\Windows\System32\win32u.dll
0x00007ff8a7c60000 - 0x00007ff8a7c8b000 	C:\Windows\System32\GDI32.dll
0x00007ff8a58f0000 - 0x00007ff8a59fd000 	C:\Windows\System32\gdi32full.dll
0x00007ff8a5e30000 - 0x00007ff8a5ecd000 	C:\Windows\System32\msvcp_win.dll
0x00007ff89f580000 - 0x00007ff89f58a000 	C:\Windows\SYSTEM32\VERSION.dll
0x00007ff8a77f0000 - 0x00007ff8a7820000 	C:\Windows\System32\IMM32.DLL
0x00007ff8a29c0000 - 0x00007ff8a29cc000 	C:\Program Files\Java\jdk-16.0.2\bin\vcruntime140_1.dll
0x00007ff8872e0000 - 0x00007ff887371000 	C:\Program Files\Java\jdk-16.0.2\bin\msvcp140.dll
0x00007ff869e30000 - 0x00007ff86a9db000 	C:\Program Files\Java\jdk-16.0.2\bin\server\jvm.dll
0x00007ff8a71d0000 - 0x00007ff8a71d8000 	C:\Windows\System32\PSAPI.DLL
0x00007ff890220000 - 0x00007ff890229000 	C:\Windows\SYSTEM32\WSOCK32.dll
0x00007ff8a8100000 - 0x00007ff8a816b000 	C:\Windows\System32\WS2_32.dll
0x00007ff884c60000 - 0x00007ff884c87000 	C:\Windows\SYSTEM32\WINMM.dll
0x00007ff8a3990000 - 0x00007ff8a39a2000 	C:\Windows\SYSTEM32\kernel.appcore.dll
0x00007ff8a29b0000 - 0x00007ff8a29ba000 	C:\Program Files\Java\jdk-16.0.2\bin\jimage.dll
0x00007ff8a36b0000 - 0x00007ff8a3894000 	C:\Windows\SYSTEM32\DBGHELP.DLL
0x00007ff892630000 - 0x00007ff89265c000 	C:\Windows\SYSTEM32\dbgcore.DLL
0x00007ff8a6170000 - 0x00007ff8a61f2000 	C:\Windows\System32\bcryptPrimitives.dll
0x00007ff8a2990000 - 0x00007ff8a299e000 	C:\Program Files\Java\jdk-16.0.2\bin\instrument.dll
0x00007ff8a0d10000 - 0x00007ff8a0d35000 	C:\Program Files\Java\jdk-16.0.2\bin\java.dll
0x00007ff8a6750000 - 0x00007ff8a6e94000 	C:\Windows\System32\SHELL32.dll
0x00007ff8a39b0000 - 0x00007ff8a4144000 	C:\Windows\SYSTEM32\windows.storage.dll
0x00007ff8a7da0000 - 0x00007ff8a80f5000 	C:\Windows\System32\combase.dll
0x00007ff8a5240000 - 0x00007ff8a526e000 	C:\Windows\SYSTEM32\Wldp.dll
0x00007ff8a6570000 - 0x00007ff8a661d000 	C:\Windows\System32\SHCORE.dll
0x00007ff8a66f0000 - 0x00007ff8a6745000 	C:\Windows\System32\shlwapi.dll
0x00007ff8a5800000 - 0x00007ff8a581f000 	C:\Windows\SYSTEM32\profapi.dll
0x00007ff8a0ce0000 - 0x00007ff8a0cf9000 	C:\Program Files\Java\jdk-16.0.2\bin\net.dll
0x00007ff89c1f0000 - 0x00007ff89c2fc000 	C:\Windows\SYSTEM32\WINHTTP.dll
0x00007ff8a4fa0000 - 0x00007ff8a500a000 	C:\Windows\system32\mswsock.dll
0x00007ff89fc00000 - 0x00007ff89fc13000 	C:\Program Files\Java\jdk-16.0.2\bin\nio.dll
0x00007ff89f2b0000 - 0x00007ff89f2c8000 	C:\Program Files\Java\jdk-16.0.2\bin\zip.dll
0x00007ff89ed10000 - 0x00007ff89ed2a000 	C:\Program Files\JetBrains\IntelliJ IDEA 2021.2.1\bin\breakgen64.dll
0x00000171f3fb0000 - 0x00000171f3fb3000 	C:\javafx-sdk-11.0.2\bin\api-ms-win-core-console-l1-1-0.dll
0x00000171f3fc0000 - 0x00000171f3fc3000 	C:\javafx-sdk-11.0.2\bin\api-ms-win-core-datetime-l1-1-0.dll
0x00000171f3fd0000 - 0x00000171f3fd3000 	C:\javafx-sdk-11.0.2\bin\api-ms-win-core-debug-l1-1-0.dll
0x00000171f3fe0000 - 0x00000171f3fe3000 	C:\javafx-sdk-11.0.2\bin\api-ms-win-core-errorhandling-l1-1-0.dll
0x00000171f3ff0000 - 0x00000171f3ff4000 	C:\javafx-sdk-11.0.2\bin\api-ms-win-core-file-l1-1-0.dll
0x00000171f4000000 - 0x00000171f4003000 	C:\javafx-sdk-11.0.2\bin\api-ms-win-core-file-l1-2-0.dll
0x00000171f4010000 - 0x00000171f4013000 	C:\javafx-sdk-11.0.2\bin\api-ms-win-core-file-l2-1-0.dll
0x00000171f4020000 - 0x00000171f4023000 	C:\javafx-sdk-11.0.2\bin\api-ms-win-core-handle-l1-1-0.dll
0x00000171f4030000 - 0x00000171f4033000 	C:\javafx-sdk-11.0.2\bin\api-ms-win-core-heap-l1-1-0.dll
0x00000171f4040000 - 0x00000171f4043000 	C:\javafx-sdk-11.0.2\bin\api-ms-win-core-interlocked-l1-1-0.dll
0x00000171f4050000 - 0x00000171f4053000 	C:\javafx-sdk-11.0.2\bin\api-ms-win-core-libraryloader-l1-1-0.dll
0x00000171fe960000 - 0x00000171fe963000 	C:\javafx-sdk-11.0.2\bin\api-ms-win-core-localization-l1-2-0.dll
0x00000171fe970000 - 0x00000171fe973000 	C:\javafx-sdk-11.0.2\bin\api-ms-win-core-memory-l1-1-0.dll
0x00000171feac0000 - 0x00000171feac3000 	C:\javafx-sdk-11.0.2\bin\api-ms-win-core-namedpipe-l1-1-0.dll
0x00000171fe980000 - 0x00000171fe983000 	C:\javafx-sdk-11.0.2\bin\api-ms-win-core-processenvironment-l1-1-0.dll
0x00000171fe990000 - 0x00000171fe993000 	C:\javafx-sdk-11.0.2\bin\api-ms-win-core-processthreads-l1-1-0.dll
0x00000171fe9a0000 - 0x00000171fe9a3000 	C:\javafx-sdk-11.0.2\bin\api-ms-win-core-processthreads-l1-1-1.dll
0x00000171fe9b0000 - 0x00000171fe9b3000 	C:\javafx-sdk-11.0.2\bin\api-ms-win-core-profile-l1-1-0.dll
0x00000171fe9c0000 - 0x00000171fe9c3000 	C:\javafx-sdk-11.0.2\bin\api-ms-win-core-rtlsupport-l1-1-0.dll
0x00000171fe9d0000 - 0x00000171fe9d3000 	C:\javafx-sdk-11.0.2\bin\api-ms-win-core-string-l1-1-0.dll
0x00000171fe9e0000 - 0x00000171fe9e3000 	C:\javafx-sdk-11.0.2\bin\api-ms-win-core-synch-l1-1-0.dll
0x00000171fe9f0000 - 0x00000171fe9f3000 	C:\javafx-sdk-11.0.2\bin\api-ms-win-core-synch-l1-2-0.dll
0x00000171fea00000 - 0x00000171fea03000 	C:\javafx-sdk-11.0.2\bin\api-ms-win-core-sysinfo-l1-1-0.dll
0x00000171fea10000 - 0x00000171fea13000 	C:\javafx-sdk-11.0.2\bin\api-ms-win-core-timezone-l1-1-0.dll
0x0000017193f20000 - 0x0000017193f23000 	C:\javafx-sdk-11.0.2\bin\api-ms-win-core-util-l1-1-0.dll
0x0000017193f30000 - 0x0000017193f33000 	C:\javafx-sdk-11.0.2\bin\api-ms-win-crt-conio-l1-1-0.dll
0x0000017193f40000 - 0x0000017193f44000 	C:\javafx-sdk-11.0.2\bin\api-ms-win-crt-convert-l1-1-0.dll
0x0000017193f50000 - 0x0000017193f53000 	C:\javafx-sdk-11.0.2\bin\api-ms-win-crt-environment-l1-1-0.dll
0x0000017193f60000 - 0x0000017193f63000 	C:\javafx-sdk-11.0.2\bin\api-ms-win-crt-filesystem-l1-1-0.dll
0x0000017193f70000 - 0x0000017193f73000 	C:\javafx-sdk-11.0.2\bin\api-ms-win-crt-heap-l1-1-0.dll
0x0000017193f80000 - 0x0000017193f83000 	C:\javafx-sdk-11.0.2\bin\api-ms-win-crt-locale-l1-1-0.dll
0x0000017193f90000 - 0x0000017193f95000 	C:\javafx-sdk-11.0.2\bin\api-ms-win-crt-math-l1-1-0.dll
0x0000017193fa0000 - 0x0000017193fa5000 	C:\javafx-sdk-11.0.2\bin\api-ms-win-crt-multibyte-l1-1-0.dll
0x0000017193fb0000 - 0x0000017193fc0000 	C:\javafx-sdk-11.0.2\bin\api-ms-win-crt-private-l1-1-0.dll
0x0000017193fc0000 - 0x0000017193fc3000 	C:\javafx-sdk-11.0.2\bin\api-ms-win-crt-process-l1-1-0.dll
0x0000017193fd0000 - 0x0000017193fd4000 	C:\javafx-sdk-11.0.2\bin\api-ms-win-crt-runtime-l1-1-0.dll
0x0000017193fe0000 - 0x0000017193fe4000 	C:\javafx-sdk-11.0.2\bin\api-ms-win-crt-stdio-l1-1-0.dll
0x0000017193ff0000 - 0x0000017193ff4000 	C:\javafx-sdk-11.0.2\bin\api-ms-win-crt-string-l1-1-0.dll
0x0000017194000000 - 0x0000017194003000 	C:\javafx-sdk-11.0.2\bin\api-ms-win-crt-time-l1-1-0.dll
0x0000017194010000 - 0x0000017194013000 	C:\javafx-sdk-11.0.2\bin\api-ms-win-crt-utility-l1-1-0.dll
0x00007ff8853a0000 - 0x00007ff88549a000 	C:\javafx-sdk-11.0.2\bin\ucrtbase.dll
0x00007ff89ecf0000 - 0x00007ff89ed06000 	C:\javafx-sdk-11.0.2\bin\vcruntime140.dll
0x00007ff8871c0000 - 0x00007ff887266000 	C:\javafx-sdk-11.0.2\bin\msvcp140.dll
0x00007ff887120000 - 0x00007ff887171000 	C:\javafx-sdk-11.0.2\bin\concrt140.dll
0x00007ff890e80000 - 0x00007ff890ea3000 	C:\javafx-sdk-11.0.2\bin\prism_d3d.dll
0x00007ff869940000 - 0x00007ff869b10000 	C:\Windows\system32\d3d9.dll
0x00007ff8a3120000 - 0x00007ff8a314f000 	C:\Windows\SYSTEM32\dwmapi.dll
0x00007ff8a2f10000 - 0x00007ff8a2fae000 	C:\Windows\system32\uxtheme.dll
0x00007ff8a58c0000 - 0x00007ff8a58e7000 	C:\Windows\System32\bcrypt.dll
0x00007ff8a62a0000 - 0x00007ff8a63ca000 	C:\Windows\System32\ole32.dll
0x00007ff8a6620000 - 0x00007ff8a66ed000 	C:\Windows\System32\OLEAUT32.dll
0x00007ff8a5f70000 - 0x00007ff8a5fbe000 	C:\Windows\System32\cfgmgr32.dll
0x00007ff885d60000 - 0x00007ff885da5000 	C:\javafx-sdk-11.0.2\bin\glass.dll
0x00007ff8a70f0000 - 0x00007ff8a71ca000 	C:\Windows\System32\COMDLG32.dll
0x00007ff8a71e0000 - 0x00007ff8a72f6000 	C:\Windows\System32\MSCTF.dll
0x00007ff89b490000 - 0x00007ff89b4cb000 	C:\Windows\SYSTEM32\dxcore.dll
0x00007ff89eca0000 - 0x00007ff89ecb4000 	C:\javafx-sdk-11.0.2\bin\javafx_font.dll
0x00007ff893a20000 - 0x00007ff893ca3000 	C:\Windows\SYSTEM32\dwrite.dll
0x00007ff8a7cf0000 - 0x00007ff8a7d99000 	C:\Windows\System32\clbcatq.dll
0x00007ff89cad0000 - 0x00007ff89cc84000 	C:\Windows\SYSTEM32\WindowsCodecs.dll
0x00007ff87d560000 - 0x00007ff87d59e000 	C:\Windows\system32\dataexchange.dll
0x00007ff8a1e30000 - 0x00007ff8a2015000 	C:\Windows\system32\dcomp.dll
0x00007ff8a0f00000 - 0x00007ff8a1164000 	C:\Windows\system32\d3d11.dll
0x00007ff8a42d0000 - 0x00007ff8a43c4000 	C:\Windows\system32\dxgi.dll
0x00007ff89d220000 - 0x00007ff89d421000 	C:\Windows\system32\twinapi.appcore.dll
0x00007ff890da0000 - 0x00007ff890dd4000 	C:\Program Files\Common Files\Microsoft Shared\Ink\rtscom.dll
0x00007ff89a660000 - 0x00007ff89a759000 	C:\Windows\SYSTEM32\textinputframework.dll
0x00007ff8a2700000 - 0x00007ff8a27f2000 	C:\Windows\System32\CoreMessaging.dll
0x00007ff8a23a0000 - 0x00007ff8a26fe000 	C:\Windows\System32\CoreUIComponents.dll
0x00007ff8a45b0000 - 0x00007ff8a45e3000 	C:\Windows\SYSTEM32\ntmarta.dll
0x00007ff8a1cd0000 - 0x00007ff8a1e24000 	C:\Windows\SYSTEM32\wintypes.dll
0x00007ff8a06a0000 - 0x00007ff8a06a9000 	C:\Program Files\Java\jdk-16.0.2\bin\management.dll
0x00007ff8a0520000 - 0x00007ff8a052b000 	C:\Program Files\Java\jdk-16.0.2\bin\management_ext.dll

dbghelp: loaded successfully - version: 4.0.5 - missing functions: none
symbol engine: initialized successfully - sym options: 0x614 - pdb path: .;C:\Program Files\Java\jdk-16.0.2\bin;C:\Windows\SYSTEM32;C:\Windows\WinSxS\amd64_microsoft.windows.common-controls_6595b64144ccf1df_6.0.19041.1110_none_60b5254171f9507e;C:\Program Files\Java\jdk-16.0.2\bin\server;C:\Program Files\JetBrains\IntelliJ IDEA 2021.2.1\bin;C:\javafx-sdk-11.0.2\bin;C:\Windows\System32\DriverStore\FileRepository\iigd_dch.inf_amd64_e9b40d45ab4dc6b8;C:\Program Files\Common Files\Microsoft Shared\Ink

VM Arguments:
jvm_args: --module-path=C:/javafx-sdk-11.0.2/lib --add-modules=javafx.controls,javafx.fxml -javaagent:C:\Program Files\JetBrains\IntelliJ IDEA 2021.2.1\lib\idea_rt.jar=52458:C:\Program Files\JetBrains\IntelliJ IDEA 2021.2.1\bin -Dfile.encoding=UTF-8 
java_command: forms.Main
java_class_path (initial): C:\java\Polyclinic\out\production\Polyclinic;C:\javafx-sdk-11.0.2\lib\src.zip;C:\javafx-sdk-11.0.2\lib\javafx-swt.jar;C:\javafx-sdk-11.0.2\lib\javafx.web.jar;C:\javafx-sdk-11.0.2\lib\javafx.base.jar;C:\javafx-sdk-11.0.2\lib\javafx.fxml.jar;C:\javafx-sdk-11.0.2\lib\javafx.media.jar;C:\javafx-sdk-11.0.2\lib\javafx.swing.jar;C:\javafx-sdk-11.0.2\lib\javafx.controls.jar;C:\javafx-sdk-11.0.2\lib\javafx.graphics.jar;C:\java\Polyclinic\src\resources\postgresql-42.3.1 (1).jar
Launcher Type: SUN_STANDARD

[Global flags]
     intx CICompilerCount                          = 3                                         {product} {ergonomic}
     uint ConcGCThreads                            = 1                                         {product} {ergonomic}
     uint G1ConcRefinementThreads                  = 4                                         {product} {ergonomic}
   size_t G1HeapRegionSize                         = 1048576                                   {product} {ergonomic}
    uintx GCDrainStackTargetSize                   = 64                                        {product} {ergonomic}
   size_t InitialHeapSize                          = 132120576                                 {product} {ergonomic}
   size_t MarkStackSize                            = 4194304                                   {product} {ergonomic}
   size_t MaxHeapSize                              = 2101346304                                {product} {ergonomic}
   size_t MaxNewSize                               = 1260388352                                {product} {ergonomic}
   size_t MinHeapDeltaBytes                        = 1048576                                   {product} {ergonomic}
   size_t MinHeapSize                              = 8388608                                   {product} {ergonomic}
    uintx NonNMethodCodeHeapSize                   = 5832780                                {pd product} {ergonomic}
    uintx NonProfiledCodeHeapSize                  = 122912730                              {pd product} {ergonomic}
    uintx ProfiledCodeHeapSize                     = 122912730                              {pd product} {ergonomic}
    uintx ReservedCodeCacheSize                    = 251658240                              {pd product} {ergonomic}
     bool SegmentedCodeCache                       = true                                      {product} {ergonomic}
   size_t SoftMaxHeapSize                          = 2101346304                             {manageable} {ergonomic}
     bool UseCompressedClassPointers               = true                           {product lp64_product} {ergonomic}
     bool UseCompressedOops                        = true                           {product lp64_product} {ergonomic}
     bool UseG1GC                                  = true                                      {product} {ergonomic}
     bool UseLargePagesIndividualAllocation        = false                                  {pd product} {ergonomic}

Logging:
Log output configuration:
 #0: stdout all=off uptime,level,tags
 #1: stderr all=off uptime,level,tags

Environment Variables:
PATH=C:\Program Files\Common Files\Oracle\Java\javapath;C:\Program Files (x86)\Common Files\Oracle\Java\javapath;C:\Windows\system32;C:\Windows;C:\Windows\System32\Wbem;C:\Windows\System32\WindowsPowerShell\v1.0\;C:\Windows\System32\OpenSSH\;C:\Program Files\dotnet\;C:\Users\Kate\AppData\Local\Microsoft\WindowsApps;;C:\Program Files\JetBrains\IntelliJ IDEA 2021.2.1\bin;;C:\Users\Kate\.dotnet\tools
USERNAME=Kate
OS=Windows_NT
PROCESSOR_IDENTIFIER=Intel64 Family 6 Model 122 Stepping 1, GenuineIntel



---------------  S Y S T E M  ---------------

OS:
 Windows 10 , 64 bit Build 19041 (10.0.19041.1503)
OS uptime: 5 days 15:39 hours

CPU: total 4 (initial active 4) (4 cores per cpu, 1 threads per core) family 6 model 122 stepping 1 microcode 0x2e, cx8, cmov, fxsr, mmx, 3dnowpref, sse, sse2, sse3, ssse3, sse4.1, sse4.2, popcnt, tsc, tscinvbit, aes, erms, clmul, sha, clflush, clflushopt

Memory: 4k page, system-wide physical 8014M (2297M free)
TotalPageFile size 10958M (AvailPageFile size 3024M)
current process WorkingSet (physical memory assigned to process): 157M, peak: 228M
current process commit charge ("private bytes"): 215M, peak: 322M

vm_info: Java HotSpot(TM) 64-Bit Server VM (16.0.2+7-67) for windows-amd64 JRE (16.0.2+7-67), built on Jun  8 2021 23:24:19 by "mach5one" with MS VC++ 16.7 (VS2019)

END.
