#
# A fatal error has been detected by the Java Runtime Environment:
#
#  EXCEPTION_ACCESS_VIOLATION (0xc0000005) at pc=0x00007ffaf1d36730, pid=18956, tid=12680
#
# JRE version: Java(TM) SE Runtime Environment (16.0.2+7) (build 16.0.2+7-67)
# Java VM: Java HotSpot(TM) 64-Bit Server VM (16.0.2+7-67, mixed mode, sharing, tiered, compressed oops, compressed class ptrs, g1 gc, windows-amd64)
# Problematic frame:
# C  [glass.dll+0x26730]
#
# No core dump will be written. Minidumps are not enabled by default on client versions of Windows
#
# If you would like to submit a bug report, please visit:
#   https://bugreport.java.com/bugreport/crash.jsp
#

---------------  S U M M A R Y ------------

Command Line: --module-path=C:/javafx-sdk-11.0.2/lib --add-modules=javafx.controls,javafx.fxml -javaagent:C:\Program Files\JetBrains\IntelliJ IDEA 2021.2.1\lib\idea_rt.jar=54550:C:\Program Files\JetBrains\IntelliJ IDEA 2021.2.1\bin -Dfile.encoding=UTF-8 forms.Main

Host: Intel(R) Pentium(R) Silver N5000 CPU @ 1.10GHz, 4 cores, 7G,  Windows 10 , 64 bit Build 19041 (10.0.19041.1348)
Time: Tue Dec 14 15:39:17 2021 RTZ 2 (s 10 , 64 bit Build 19041 (10.0.19041.1348) elapsed time: 187.629528 seconds (0d 0h 3m 7s)

---------------  T H R E A D  ---------------

Current thread (0x00000277fb1d9b00):  VMThread "VM Thread" [stack: 0x0000008b43a00000,0x0000008b43b00000] [id=12680]

Stack: [0x0000008b43a00000,0x0000008b43b00000],  sp=0x0000008b43afebd0,  free space=1018k
Native frames: (J=compiled Java code, j=interpreted, Vv=VM code, C=native code)
C  [glass.dll+0x26730]


siginfo: EXCEPTION_ACCESS_VIOLATION (0xc0000005), reading address 0x0000000000000000


Register to memory mapping:

RIP=0x00007ffaf1d36730 glass.dll
RAX=0x0 is NULL
RBX=0x00000277fb1e0e28 is a global jni handle
RCX=0x00000277fb1d9b00 points into unknown readable memory: 0x00007ffad576f638 | 38 f6 76 d5 fa 7f 00 00
RDX=0x0000008b43afebd0 points into unknown readable memory: 0x0000000000000000 | 00 00 00 00 00 00 00 00
RSP=0x0000008b43afebd0 points into unknown readable memory: 0x0000000000000000 | 00 00 00 00 00 00 00 00
RBP=0x00000277fd16b0f8 points into unknown readable memory: 0x0000089f0a1dec80 | 80 ec 1d 0a 9f 08 00 00
RSI=0x00000277fd16b0d0 points into unknown readable memory: 0x00007765fbceda58 | 58 da ce fb 65 77 00 00
RDI=0x0000089f0a1dec80 is an unknown value
R8 =0x0000000000010002 is an unknown value
R9 =0x0000089f0a1dec80 is an unknown value
R10=0x0000000000008000 is an unknown value
R11=0x0000008b43afeb70 points into unknown readable memory: 0x0000000000000000 | 00 00 00 00 00 00 00 00
R12=0x00007ffaf1d33be0 glass.dll
R13=0x00000277dbc8b2c0 points into unknown readable memory: 0x8000000900000001 | 01 00 00 00 09 00 00 80
R14=0x0000008b43afecd8 points into unknown readable memory: 0x0000008b43afecc0 | c0 ec af 43 8b 00 00 00
R15=0x00000277fd16b0d0 points into unknown readable memory: 0x00007765fbceda58 | 58 da ce fb 65 77 00 00


Registers:
RAX=0x0000000000000000, RBX=0x00000277fb1e0e28, RCX=0x00000277fb1d9b00, RDX=0x0000008b43afebd0
RSP=0x0000008b43afebd0, RBP=0x00000277fd16b0f8, RSI=0x00000277fd16b0d0, RDI=0x0000089f0a1dec80
R8 =0x0000000000010002, R9 =0x0000089f0a1dec80, R10=0x0000000000008000, R11=0x0000008b43afeb70
R12=0x00007ffaf1d33be0, R13=0x00000277dbc8b2c0, R14=0x0000008b43afecd8, R15=0x00000277fd16b0d0
RIP=0x00007ffaf1d36730, EFLAGS=0x0000000000010202

Top of Stack: (sp=0x0000008b43afebd0)
0x0000008b43afebd0:   0000000000000000 00007ffb20eef05b
0x0000008b43afebe0:   00000277fd16b0e0 00000277fd16b0d0
0x0000008b43afebf0:   fffffffffffffffe 00007ffaf1d33be0
0x0000008b43afec00:   00000277fd16b0d8 00007ffb20ef42d6
0x0000008b43afec10:   00000277fd16b0e0 0000027700000000
0x0000008b43afec20:   00000277fd16b0f8 00000277fd16b0d0
0x0000008b43afec30:   fffffffffffffffe 0000000000000000
0x0000008b43afec40:   0000000000000001 00007ffaf1d10000
0x0000008b43afec50:   0000008b43afecc8 00007ffb20ef41fb
0x0000008b43afec60:   0000000000000000 0000008b43afecd8
0x0000008b43afec70:   0000008b43afef90 00007ffb20fd0e40
0x0000008b43afec80:   0000000000000001 00007ffb20ef41b4
0x0000008b43afec90:   0000000000000000 0000000000000001
0x0000008b43afeca0:   00007ffb0000000d 0000008b43afecc8
0x0000008b43afecb0:   0000000000000000 00007ffaf1d33a60
0x0000008b43afecc0:   00007ffaf1d4d100 0000008b00000002 

Instructions: (pc=0x00007ffaf1d36730)
0x00007ffaf1d36630:   8b 4d 60 e8 d8 c9 ff ff 48 8b 55 68 48 8b 8d 08
0x00007ffaf1d36640:   01 00 00 e8 a9 be ff ff 33 d2 33 c9 e8 a9 de ff
0x00007ffaf1d36650:   ff 90 cc cc cc cc cc cc cc cc cc cc cc cc cc cc
0x00007ffaf1d36660:   48 8d 8a 80 00 00 00 e9 14 ea fe ff 48 89 54 24
0x00007ffaf1d36670:   10 55 48 83 ec 20 48 8b ea 48 8d 05 1d cb ff ff
0x00007ffaf1d36680:   48 83 c4 20 5d c3 cc 40 55 48 8b ea 48 8b 01 33
0x00007ffaf1d36690:   c9 81 38 05 00 00 c0 0f 94 c1 8b c1 5d c3 cc 40
0x00007ffaf1d366a0:   55 48 83 ec 20 48 8b ea 8a 4d 40 48 83 c4 20 5d
0x00007ffaf1d366b0:   e9 23 ce ff ff cc 40 55 48 83 ec 20 48 8b ea e8
0x00007ffaf1d366c0:   3c cc ff ff 8a 4d 38 48 83 c4 20 5d e9 07 ce ff
0x00007ffaf1d366d0:   ff cc 40 55 48 83 ec 30 48 8b ea 48 8b 01 8b 10
0x00007ffaf1d366e0:   48 89 4c 24 28 89 54 24 20 4c 8d 0d d0 d1 ff ff
0x00007ffaf1d366f0:   4c 8b 45 70 8b 55 68 48 8b 4d 60 e8 70 cb ff ff
0x00007ffaf1d36700:   90 48 83 c4 30 5d c3 cc cc cc cc cc cc cc cc cc
0x00007ffaf1d36710:   40 53 48 83 ec 30 48 c7 44 24 20 fe ff ff ff 48
0x00007ffaf1d36720:   8b 1d ea 63 01 00 48 85 db 74 16 e8 90 86 ff ff
0x00007ffaf1d36730:   4c 8b 00 48 8b d3 48 8b c8 41 ff 90 b0 00 00 00
0x00007ffaf1d36740:   90 48 83 c4 30 5b c3 cc cc cc cc cc cc cc cc cc
0x00007ffaf1d36750:   40 53 48 83 ec 20 48 8b 1d 4b 65 01 00 48 85 db
0x00007ffaf1d36760:   74 57 b8 ff ff ff ff f0 0f c1 43 10 83 f8 01 75
0x00007ffaf1d36770:   3d 48 85 db 74 38 48 8b 0b 48 85 c9 74 0d ff 15
0x00007ffaf1d36780:   24 0b 00 00 48 c7 03 00 00 00 00 48 8b 4b 08 48
0x00007ffaf1d36790:   85 c9 74 0d e8 77 c8 ff ff 48 c7 43 08 00 00 00
0x00007ffaf1d367a0:   00 ba 18 00 00 00 48 8b cb e8 62 c8 ff ff 48 c7
0x00007ffaf1d367b0:   05 ef 64 01 00 00 00 00 00 48 83 c4 20 5b c3 cc
0x00007ffaf1d367c0:   40 53 48 83 ec 20 48 8b 1d bb 64 01 00 48 85 db
0x00007ffaf1d367d0:   74 57 b8 ff ff ff ff f0 0f c1 43 10 83 f8 01 75
0x00007ffaf1d367e0:   3d 48 85 db 74 38 48 8b 0b 48 85 c9 74 0d ff 15
0x00007ffaf1d367f0:   b4 0a 00 00 48 c7 03 00 00 00 00 48 8b 4b 08 48
0x00007ffaf1d36800:   85 c9 74 0d e8 07 c8 ff ff 48 c7 43 08 00 00 00
0x00007ffaf1d36810:   00 ba 18 00 00 00 48 8b cb e8 f2 c7 ff ff 48 c7
0x00007ffaf1d36820:   05 5f 64 01 00 00 00 00 00 48 83 c4 20 5b c3 cc 


Stack slot to memory mapping:
stack at sp + 0 slots: 0x0 is NULL
stack at sp + 1 slots: 0x00007ffb20eef05b ucrtbase.dll
stack at sp + 2 slots: 0x00000277fd16b0e0 points into unknown readable memory: 0x0000089f0a1dec80 | 80 ec 1d 0a 9f 08 00 00
stack at sp + 3 slots: 0x00000277fd16b0d0 points into unknown readable memory: 0x00007765fbceda58 | 58 da ce fb 65 77 00 00
stack at sp + 4 slots: 0xfffffffffffffffe is an unknown value
stack at sp + 5 slots: 0x00007ffaf1d33be0 glass.dll
stack at sp + 6 slots: 0x00000277fd16b0d8 points into unknown readable memory: 0x0000089f0a1dec80 | 80 ec 1d 0a 9f 08 00 00
stack at sp + 7 slots: 0x00007ffb20ef42d6 ucrtbase.dll

VM_Operation (0x0000008b432ff160): Exit, mode: safepoint, requested by thread 0x00000277fd43df10


---------------  P R O C E S S  ---------------

Threads class SMR info:
_java_thread_list=0x00000277fd681730, length=21, elements={
0x00000277dbc38580, 0x00000277fb1dd660, 0x00000277fb1de430, 0x00000277fb1ef7a0,
0x00000277fb1f41d0, 0x00000277fb1f4ae0, 0x00000277fb1f57d0, 0x00000277fb1fc6f0,
0x00000277fb211850, 0x00000277fb29eaa0, 0x00000277fc46d260, 0x00000277fc6aa350,
0x00000277fca95d20, 0x00000277fd16e6d0, 0x00000277fc8712c0, 0x00000277fca4dc10,
0x00000277fca99370, 0x00000277fd43d9c0, 0x00000277fd43f9a0, 0x00000277fd43df10,
0x00000277fd43ef00
}

Java Threads: ( => current thread )
  0x00000277dbc38580 JavaThread "main" [_thread_blocked, id=8056, stack(0x0000008b43400000,0x0000008b43500000)]
  0x00000277fb1dd660 JavaThread "Reference Handler" daemon [_thread_blocked, id=18628, stack(0x0000008b43b00000,0x0000008b43c00000)]
  0x00000277fb1de430 JavaThread "Finalizer" daemon [_thread_blocked, id=15364, stack(0x0000008b43c00000,0x0000008b43d00000)]
  0x00000277fb1ef7a0 JavaThread "Attach Listener" daemon [_thread_blocked, id=11992, stack(0x0000008b43e00000,0x0000008b43f00000)]
  0x00000277fb1f41d0 JavaThread "Service Thread" daemon [_thread_blocked, id=1780, stack(0x0000008b43f00000,0x0000008b44000000)]
  0x00000277fb1f4ae0 JavaThread "Monitor Deflation Thread" daemon [_thread_blocked, id=10128, stack(0x0000008b44000000,0x0000008b44100000)]
  0x00000277fb1f57d0 JavaThread "C2 CompilerThread0" daemon [_thread_blocked, id=13484, stack(0x0000008b44100000,0x0000008b44200000)]
  0x00000277fb1fc6f0 JavaThread "C1 CompilerThread0" daemon [_thread_blocked, id=15304, stack(0x0000008b44200000,0x0000008b44300000)]
  0x00000277fb211850 JavaThread "Sweeper thread" daemon [_thread_blocked, id=9064, stack(0x0000008b44300000,0x0000008b44400000)]
  0x00000277fb29eaa0 JavaThread "Common-Cleaner" daemon [_thread_blocked, id=1748, stack(0x0000008b44400000,0x0000008b44500000)]
  0x00000277fc46d260 JavaThread "Monitor Ctrl-Break" daemon [_thread_in_native, id=20332, stack(0x0000008b44600000,0x0000008b44700000)]
  0x00000277fc6aa350 JavaThread "Notification Thread" daemon [_thread_blocked, id=1820, stack(0x0000008b44700000,0x0000008b44800000)]
  0x00000277fca95d20 JavaThread "QuantumRenderer-0" daemon [_thread_blocked, id=18576, stack(0x0000008b44900000,0x0000008b44a00000)]
  0x00000277fd16e6d0 JavaThread "InvokeLaterDispatcher" daemon [_thread_blocked, id=20376, stack(0x0000008b44a00000,0x0000008b44b00000)]
  0x00000277fc8712c0 JavaThread "JavaFX Application Thread" [_thread_in_native, id=17948, stack(0x0000008b44b00000,0x0000008b44c00000)]
  0x00000277fca4dc10 JavaThread "JavaFX-Launcher" [_thread_blocked, id=18968, stack(0x0000008b45300000,0x0000008b45400000)]
  0x00000277fca99370 JavaThread "Thread-2" daemon [_thread_in_native, id=4632, stack(0x0000008b45200000,0x0000008b45300000)]
  0x00000277fd43d9c0 JavaThread "Prism Font Disposer" daemon [_thread_blocked, id=17896, stack(0x0000008b45700000,0x0000008b45800000)]
  0x00000277fd43f9a0 JavaThread "Cleaner-0" daemon [_thread_blocked, id=2784, stack(0x0000008b45800000,0x0000008b45900000)]
  0x00000277fd43df10 JavaThread "SIGINT handler" daemon [_thread_blocked, id=2028, stack(0x0000008b43200000,0x0000008b43300000)]
  0x00000277fd43ef00 JavaThread "Glass/Prism Shutdown Hook" [_thread_blocked, id=19584, stack(0x0000008b43300000,0x0000008b43400000)]

Other Threads:
=>0x00000277fb1d9b00 VMThread "VM Thread" [stack: 0x0000008b43a00000,0x0000008b43b00000] [id=12680]
  0x00000277dbc77d80 GCTaskThread "GC Thread#0" [stack: 0x0000008b43500000,0x0000008b43600000] [id=17128]
  0x00000277fc7eb2d0 GCTaskThread "GC Thread#1" [stack: 0x0000008b44c00000,0x0000008b44d00000] [id=13072]
  0x00000277fc7eb5e0 GCTaskThread "GC Thread#2" [stack: 0x0000008b44d00000,0x0000008b44e00000] [id=20352]
  0x00000277fc7eb8f0 GCTaskThread "GC Thread#3" [stack: 0x0000008b44e00000,0x0000008b44f00000] [id=11384]
  0x00000277dbc88750 ConcurrentGCThread "G1 Main Marker" terminated
  0x00000277dbc89870 ConcurrentGCThread "G1 Conc#0" [stack: 0x0000008b43700000,0x0000008b43800000] [id=3612]
  0x00000277dbd020d0 ConcurrentGCThread "G1 Refine#0" terminated
  0x00000277dbd02a60 ConcurrentGCThread "G1 Service" terminated

Threads with active compile tasks:

VM state: at safepoint (shutting down)

VM Mutex/Monitor currently owned by a thread:  ([mutex/lock_event])
[0x00000277dbc35300] Threads_lock - owner thread: 0x00000277fb1d9b00
[0x00000277dbc35270] Heap_lock - owner thread: 0x00000277fd43df10

Heap address: 0x0000000082c00000, size: 2004 MB, Compressed Oops mode: 32-bit

CDS archive(s) mapped at: [0x0000000800000000-0x0000000800bb0000-0x0000000800bb0000), size 12255232, SharedBaseAddress: 0x0000000800000000, ArchiveRelocationMode: 0.
Compressed class space mapped at: 0x0000000800c00000-0x0000000840c00000, reserved size: 1073741824
Narrow klass base: 0x0000000800000000, Narrow klass shift: 3, Narrow klass range: 0x100000000

GC Precious Log:
 CPUs: 4 total, 4 available
 Memory: 8014M
 Large Page Support: Disabled
 NUMA Support: Disabled
 Compressed Oops: Enabled (32-bit)
 Heap Region Size: 1M
 Heap Min Capacity: 8M
 Heap Initial Capacity: 126M
 Heap Max Capacity: 2004M
 Pre-touch: Disabled
 Parallel Workers: 4
 Concurrent Workers: 1
 Concurrent Refinement Workers: 4
 Periodic GC: Disabled

Heap:
 garbage-first heap   total 129024K, used 42819K [0x0000000082c00000, 0x0000000100000000)
  region size 1024K, 38 young (38912K), 3 survivors (3072K)
 Metaspace       used 16738K, committed 17024K, reserved 1064960K
  class space    used 2336K, committed 2496K, reserved 1048576K

Heap Regions: E=young(eden), S=young(survivor), O=old, HS=humongous(starts), HC=humongous(continues), CS=collection set, F=free, OA=open archive, CA=closed archive, TAMS=top-at-mark-start (previous, next)
|   0|0x0000000082c00000, 0x0000000082d00000, 0x0000000082d00000|100%| O|  |TAMS 0x0000000082c00000, 0x0000000082c00000| Untracked 
|   1|0x0000000082d00000, 0x0000000082e00000, 0x0000000082e00000|100%| O|  |TAMS 0x0000000082d00000, 0x0000000082d00000| Untracked 
|   2|0x0000000082e00000, 0x0000000082ed0c00, 0x0000000082f00000| 81%| O|  |TAMS 0x0000000082e00000, 0x0000000082e00000| Untracked 
|   3|0x0000000082f00000, 0x0000000083000000, 0x0000000083000000|100%|HS|  |TAMS 0x0000000082f00000, 0x0000000082f00000| Complete 
|   4|0x0000000083000000, 0x0000000083100000, 0x0000000083100000|100%|HC|  |TAMS 0x0000000083000000, 0x0000000083000000| Complete 
|   5|0x0000000083100000, 0x0000000083100000, 0x0000000083200000|  0%| F|  |TAMS 0x0000000083100000, 0x0000000083100000| Untracked 
|   6|0x0000000083200000, 0x0000000083200000, 0x0000000083300000|  0%| F|  |TAMS 0x0000000083200000, 0x0000000083200000| Untracked 
|   7|0x0000000083300000, 0x0000000083300000, 0x0000000083400000|  0%| F|  |TAMS 0x0000000083300000, 0x0000000083300000| Untracked 
|   8|0x0000000083400000, 0x0000000083400000, 0x0000000083500000|  0%| F|  |TAMS 0x0000000083400000, 0x0000000083400000| Untracked 
|   9|0x0000000083500000, 0x0000000083500000, 0x0000000083600000|  0%| F|  |TAMS 0x0000000083500000, 0x0000000083500000| Untracked 
|  10|0x0000000083600000, 0x0000000083600000, 0x0000000083700000|  0%| F|  |TAMS 0x0000000083600000, 0x0000000083600000| Untracked 
|  11|0x0000000083700000, 0x0000000083700000, 0x0000000083800000|  0%| F|  |TAMS 0x0000000083700000, 0x0000000083700000| Untracked 
|  12|0x0000000083800000, 0x0000000083800000, 0x0000000083900000|  0%| F|  |TAMS 0x0000000083800000, 0x0000000083800000| Untracked 
|  13|0x0000000083900000, 0x0000000083900000, 0x0000000083a00000|  0%| F|  |TAMS 0x0000000083900000, 0x0000000083900000| Untracked 
|  14|0x0000000083a00000, 0x0000000083a00000, 0x0000000083b00000|  0%| F|  |TAMS 0x0000000083a00000, 0x0000000083a00000| Untracked 
|  15|0x0000000083b00000, 0x0000000083b00000, 0x0000000083c00000|  0%| F|  |TAMS 0x0000000083b00000, 0x0000000083b00000| Untracked 
|  16|0x0000000083c00000, 0x0000000083c00000, 0x0000000083d00000|  0%| F|  |TAMS 0x0000000083c00000, 0x0000000083c00000| Untracked 
|  17|0x0000000083d00000, 0x0000000083d00000, 0x0000000083e00000|  0%| F|  |TAMS 0x0000000083d00000, 0x0000000083d00000| Untracked 
|  18|0x0000000083e00000, 0x0000000083e00000, 0x0000000083f00000|  0%| F|  |TAMS 0x0000000083e00000, 0x0000000083e00000| Untracked 
|  19|0x0000000083f00000, 0x0000000083f00000, 0x0000000084000000|  0%| F|  |TAMS 0x0000000083f00000, 0x0000000083f00000| Untracked 
|  20|0x0000000084000000, 0x0000000084000000, 0x0000000084100000|  0%| F|  |TAMS 0x0000000084000000, 0x0000000084000000| Untracked 
|  21|0x0000000084100000, 0x0000000084100000, 0x0000000084200000|  0%| F|  |TAMS 0x0000000084100000, 0x0000000084100000| Untracked 
|  22|0x0000000084200000, 0x0000000084200000, 0x0000000084300000|  0%| F|  |TAMS 0x0000000084200000, 0x0000000084200000| Untracked 
|  23|0x0000000084300000, 0x0000000084300000, 0x0000000084400000|  0%| F|  |TAMS 0x0000000084300000, 0x0000000084300000| Untracked 
|  24|0x0000000084400000, 0x0000000084400000, 0x0000000084500000|  0%| F|  |TAMS 0x0000000084400000, 0x0000000084400000| Untracked 
|  25|0x0000000084500000, 0x0000000084500000, 0x0000000084600000|  0%| F|  |TAMS 0x0000000084500000, 0x0000000084500000| Untracked 
|  26|0x0000000084600000, 0x0000000084600000, 0x0000000084700000|  0%| F|  |TAMS 0x0000000084600000, 0x0000000084600000| Untracked 
|  27|0x0000000084700000, 0x0000000084700000, 0x0000000084800000|  0%| F|  |TAMS 0x0000000084700000, 0x0000000084700000| Untracked 
|  28|0x0000000084800000, 0x0000000084800000, 0x0000000084900000|  0%| F|  |TAMS 0x0000000084800000, 0x0000000084800000| Untracked 
|  29|0x0000000084900000, 0x0000000084900000, 0x0000000084a00000|  0%| F|  |TAMS 0x0000000084900000, 0x0000000084900000| Untracked 
|  30|0x0000000084a00000, 0x0000000084a00000, 0x0000000084b00000|  0%| F|  |TAMS 0x0000000084a00000, 0x0000000084a00000| Untracked 
|  31|0x0000000084b00000, 0x0000000084b00000, 0x0000000084c00000|  0%| F|  |TAMS 0x0000000084b00000, 0x0000000084b00000| Untracked 
|  32|0x0000000084c00000, 0x0000000084c00000, 0x0000000084d00000|  0%| F|  |TAMS 0x0000000084c00000, 0x0000000084c00000| Untracked 
|  33|0x0000000084d00000, 0x0000000084d00000, 0x0000000084e00000|  0%| F|  |TAMS 0x0000000084d00000, 0x0000000084d00000| Untracked 
|  34|0x0000000084e00000, 0x0000000084e00000, 0x0000000084f00000|  0%| F|  |TAMS 0x0000000084e00000, 0x0000000084e00000| Untracked 
|  35|0x0000000084f00000, 0x0000000084f00000, 0x0000000085000000|  0%| F|  |TAMS 0x0000000084f00000, 0x0000000084f00000| Untracked 
|  36|0x0000000085000000, 0x0000000085000000, 0x0000000085100000|  0%| F|  |TAMS 0x0000000085000000, 0x0000000085000000| Untracked 
|  37|0x0000000085100000, 0x0000000085100000, 0x0000000085200000|  0%| F|  |TAMS 0x0000000085100000, 0x0000000085100000| Untracked 
|  38|0x0000000085200000, 0x0000000085200000, 0x0000000085300000|  0%| F|  |TAMS 0x0000000085200000, 0x0000000085200000| Untracked 
|  39|0x0000000085300000, 0x0000000085300000, 0x0000000085400000|  0%| F|  |TAMS 0x0000000085300000, 0x0000000085300000| Untracked 
|  40|0x0000000085400000, 0x0000000085400000, 0x0000000085500000|  0%| F|  |TAMS 0x0000000085400000, 0x0000000085400000| Untracked 
|  41|0x0000000085500000, 0x0000000085500000, 0x0000000085600000|  0%| F|  |TAMS 0x0000000085500000, 0x0000000085500000| Untracked 
|  42|0x0000000085600000, 0x0000000085600000, 0x0000000085700000|  0%| F|  |TAMS 0x0000000085600000, 0x0000000085600000| Untracked 
|  43|0x0000000085700000, 0x0000000085700000, 0x0000000085800000|  0%| F|  |TAMS 0x0000000085700000, 0x0000000085700000| Untracked 
|  44|0x0000000085800000, 0x0000000085800000, 0x0000000085900000|  0%| F|  |TAMS 0x0000000085800000, 0x0000000085800000| Untracked 
|  45|0x0000000085900000, 0x0000000085900000, 0x0000000085a00000|  0%| F|  |TAMS 0x0000000085900000, 0x0000000085900000| Untracked 
|  46|0x0000000085a00000, 0x0000000085a00000, 0x0000000085b00000|  0%| F|  |TAMS 0x0000000085a00000, 0x0000000085a00000| Untracked 
|  47|0x0000000085b00000, 0x0000000085b00000, 0x0000000085c00000|  0%| F|  |TAMS 0x0000000085b00000, 0x0000000085b00000| Untracked 
|  48|0x0000000085c00000, 0x0000000085c00000, 0x0000000085d00000|  0%| F|  |TAMS 0x0000000085c00000, 0x0000000085c00000| Untracked 
|  49|0x0000000085d00000, 0x0000000085d00000, 0x0000000085e00000|  0%| F|  |TAMS 0x0000000085d00000, 0x0000000085d00000| Untracked 
|  50|0x0000000085e00000, 0x0000000085e00000, 0x0000000085f00000|  0%| F|  |TAMS 0x0000000085e00000, 0x0000000085e00000| Untracked 
|  51|0x0000000085f00000, 0x0000000085f00000, 0x0000000086000000|  0%| F|  |TAMS 0x0000000085f00000, 0x0000000085f00000| Untracked 
|  52|0x0000000086000000, 0x0000000086000000, 0x0000000086100000|  0%| F|  |TAMS 0x0000000086000000, 0x0000000086000000| Untracked 
|  53|0x0000000086100000, 0x0000000086100000, 0x0000000086200000|  0%| F|  |TAMS 0x0000000086100000, 0x0000000086100000| Untracked 
|  54|0x0000000086200000, 0x0000000086200000, 0x0000000086300000|  0%| F|  |TAMS 0x0000000086200000, 0x0000000086200000| Untracked 
|  55|0x0000000086300000, 0x0000000086300000, 0x0000000086400000|  0%| F|  |TAMS 0x0000000086300000, 0x0000000086300000| Untracked 
|  56|0x0000000086400000, 0x0000000086400000, 0x0000000086500000|  0%| F|  |TAMS 0x0000000086400000, 0x0000000086400000| Untracked 
|  57|0x0000000086500000, 0x0000000086500000, 0x0000000086600000|  0%| F|  |TAMS 0x0000000086500000, 0x0000000086500000| Untracked 
|  58|0x0000000086600000, 0x0000000086600000, 0x0000000086700000|  0%| F|  |TAMS 0x0000000086600000, 0x0000000086600000| Untracked 
|  59|0x0000000086700000, 0x0000000086700000, 0x0000000086800000|  0%| F|  |TAMS 0x0000000086700000, 0x0000000086700000| Untracked 
|  60|0x0000000086800000, 0x0000000086800000, 0x0000000086900000|  0%| F|  |TAMS 0x0000000086800000, 0x0000000086800000| Untracked 
|  61|0x0000000086900000, 0x0000000086900000, 0x0000000086a00000|  0%| F|  |TAMS 0x0000000086900000, 0x0000000086900000| Untracked 
|  62|0x0000000086a00000, 0x0000000086a00000, 0x0000000086b00000|  0%| F|  |TAMS 0x0000000086a00000, 0x0000000086a00000| Untracked 
|  63|0x0000000086b00000, 0x0000000086b00000, 0x0000000086c00000|  0%| F|  |TAMS 0x0000000086b00000, 0x0000000086b00000| Untracked 
|  64|0x0000000086c00000, 0x0000000086c00000, 0x0000000086d00000|  0%| F|  |TAMS 0x0000000086c00000, 0x0000000086c00000| Untracked 
|  65|0x0000000086d00000, 0x0000000086d00000, 0x0000000086e00000|  0%| F|  |TAMS 0x0000000086d00000, 0x0000000086d00000| Untracked 
|  66|0x0000000086e00000, 0x0000000086e00000, 0x0000000086f00000|  0%| F|  |TAMS 0x0000000086e00000, 0x0000000086e00000| Untracked 
|  67|0x0000000086f00000, 0x0000000086f00000, 0x0000000087000000|  0%| F|  |TAMS 0x0000000086f00000, 0x0000000086f00000| Untracked 
|  68|0x0000000087000000, 0x0000000087000000, 0x0000000087100000|  0%| F|  |TAMS 0x0000000087000000, 0x0000000087000000| Untracked 
|  69|0x0000000087100000, 0x0000000087100000, 0x0000000087200000|  0%| F|  |TAMS 0x0000000087100000, 0x0000000087100000| Untracked 
|  70|0x0000000087200000, 0x0000000087200000, 0x0000000087300000|  0%| F|  |TAMS 0x0000000087200000, 0x0000000087200000| Untracked 
|  71|0x0000000087300000, 0x0000000087300000, 0x0000000087400000|  0%| F|  |TAMS 0x0000000087300000, 0x0000000087300000| Untracked 
|  72|0x0000000087400000, 0x0000000087400000, 0x0000000087500000|  0%| F|  |TAMS 0x0000000087400000, 0x0000000087400000| Untracked 
|  73|0x0000000087500000, 0x0000000087500000, 0x0000000087600000|  0%| F|  |TAMS 0x0000000087500000, 0x0000000087500000| Untracked 
|  74|0x0000000087600000, 0x0000000087600000, 0x0000000087700000|  0%| F|  |TAMS 0x0000000087600000, 0x0000000087600000| Untracked 
|  75|0x0000000087700000, 0x0000000087700000, 0x0000000087800000|  0%| F|  |TAMS 0x0000000087700000, 0x0000000087700000| Untracked 
|  76|0x0000000087800000, 0x0000000087800000, 0x0000000087900000|  0%| F|  |TAMS 0x0000000087800000, 0x0000000087800000| Untracked 
|  77|0x0000000087900000, 0x0000000087900000, 0x0000000087a00000|  0%| F|  |TAMS 0x0000000087900000, 0x0000000087900000| Untracked 
|  78|0x0000000087a00000, 0x0000000087a00000, 0x0000000087b00000|  0%| F|  |TAMS 0x0000000087a00000, 0x0000000087a00000| Untracked 
|  79|0x0000000087b00000, 0x0000000087b00000, 0x0000000087c00000|  0%| F|  |TAMS 0x0000000087b00000, 0x0000000087b00000| Untracked 
|  80|0x0000000087c00000, 0x0000000087c00000, 0x0000000087d00000|  0%| F|  |TAMS 0x0000000087c00000, 0x0000000087c00000| Untracked 
|  81|0x0000000087d00000, 0x0000000087d00000, 0x0000000087e00000|  0%| F|  |TAMS 0x0000000087d00000, 0x0000000087d00000| Untracked 
|  82|0x0000000087e00000, 0x0000000087e00000, 0x0000000087f00000|  0%| F|  |TAMS 0x0000000087e00000, 0x0000000087e00000| Untracked 
|  83|0x0000000087f00000, 0x0000000087f00000, 0x0000000088000000|  0%| F|  |TAMS 0x0000000087f00000, 0x0000000087f00000| Untracked 
|  84|0x0000000088000000, 0x0000000088000000, 0x0000000088100000|  0%| F|  |TAMS 0x0000000088000000, 0x0000000088000000| Untracked 
|  85|0x0000000088100000, 0x0000000088100000, 0x0000000088200000|  0%| F|  |TAMS 0x0000000088100000, 0x0000000088100000| Untracked 
|  86|0x0000000088200000, 0x0000000088200000, 0x0000000088300000|  0%| F|  |TAMS 0x0000000088200000, 0x0000000088200000| Untracked 
|  87|0x0000000088300000, 0x0000000088300000, 0x0000000088400000|  0%| F|  |TAMS 0x0000000088300000, 0x0000000088300000| Untracked 
|  88|0x0000000088400000, 0x00000000884ddb40, 0x0000000088500000| 86%| E|  |TAMS 0x0000000088400000, 0x0000000088400000| Complete 
|  89|0x0000000088500000, 0x0000000088600000, 0x0000000088600000|100%| E|CS|TAMS 0x0000000088500000, 0x0000000088500000| Complete 
|  90|0x0000000088600000, 0x0000000088700000, 0x0000000088700000|100%| E|CS|TAMS 0x0000000088600000, 0x0000000088600000| Complete 
|  91|0x0000000088700000, 0x0000000088800000, 0x0000000088800000|100%| E|CS|TAMS 0x0000000088700000, 0x0000000088700000| Complete 
|  92|0x0000000088800000, 0x0000000088900000, 0x0000000088900000|100%| E|CS|TAMS 0x0000000088800000, 0x0000000088800000| Complete 
|  93|0x0000000088900000, 0x0000000088a00000, 0x0000000088a00000|100%| E|CS|TAMS 0x0000000088900000, 0x0000000088900000| Complete 
|  94|0x0000000088a00000, 0x0000000088b00000, 0x0000000088b00000|100%| E|CS|TAMS 0x0000000088a00000, 0x0000000088a00000| Complete 
|  95|0x0000000088b00000, 0x0000000088c00000, 0x0000000088c00000|100%| E|CS|TAMS 0x0000000088b00000, 0x0000000088b00000| Complete 
|  96|0x0000000088c00000, 0x0000000088d00000, 0x0000000088d00000|100%| E|CS|TAMS 0x0000000088c00000, 0x0000000088c00000| Complete 
|  97|0x0000000088d00000, 0x0000000088e00000, 0x0000000088e00000|100%| E|CS|TAMS 0x0000000088d00000, 0x0000000088d00000| Complete 
|  98|0x0000000088e00000, 0x0000000088f00000, 0x0000000088f00000|100%| E|CS|TAMS 0x0000000088e00000, 0x0000000088e00000| Complete 
|  99|0x0000000088f00000, 0x0000000089000000, 0x0000000089000000|100%| E|CS|TAMS 0x0000000088f00000, 0x0000000088f00000| Complete 
| 100|0x0000000089000000, 0x0000000089100000, 0x0000000089100000|100%| E|CS|TAMS 0x0000000089000000, 0x0000000089000000| Complete 
| 101|0x0000000089100000, 0x0000000089200000, 0x0000000089200000|100%| E|CS|TAMS 0x0000000089100000, 0x0000000089100000| Complete 
| 102|0x0000000089200000, 0x0000000089300000, 0x0000000089300000|100%| E|CS|TAMS 0x0000000089200000, 0x0000000089200000| Complete 
| 103|0x0000000089300000, 0x0000000089400000, 0x0000000089400000|100%| E|CS|TAMS 0x0000000089300000, 0x0000000089300000| Complete 
| 104|0x0000000089400000, 0x0000000089500000, 0x0000000089500000|100%| S|CS|TAMS 0x0000000089400000, 0x0000000089400000| Complete 
| 105|0x0000000089500000, 0x0000000089600000, 0x0000000089600000|100%| S|CS|TAMS 0x0000000089500000, 0x0000000089500000| Complete 
| 106|0x0000000089600000, 0x0000000089700000, 0x0000000089700000|100%| S|CS|TAMS 0x0000000089600000, 0x0000000089600000| Complete 
| 107|0x0000000089700000, 0x0000000089800000, 0x0000000089800000|100%| E|CS|TAMS 0x0000000089700000, 0x0000000089700000| Complete 
| 108|0x0000000089800000, 0x0000000089900000, 0x0000000089900000|100%| E|CS|TAMS 0x0000000089800000, 0x0000000089800000| Complete 
| 109|0x0000000089900000, 0x0000000089a00000, 0x0000000089a00000|100%| E|CS|TAMS 0x0000000089900000, 0x0000000089900000| Complete 
| 110|0x0000000089a00000, 0x0000000089b00000, 0x0000000089b00000|100%| E|CS|TAMS 0x0000000089a00000, 0x0000000089a00000| Complete 
| 111|0x0000000089b00000, 0x0000000089c00000, 0x0000000089c00000|100%| E|CS|TAMS 0x0000000089b00000, 0x0000000089b00000| Complete 
| 112|0x0000000089c00000, 0x0000000089d00000, 0x0000000089d00000|100%| E|CS|TAMS 0x0000000089c00000, 0x0000000089c00000| Complete 
| 113|0x0000000089d00000, 0x0000000089e00000, 0x0000000089e00000|100%| E|CS|TAMS 0x0000000089d00000, 0x0000000089d00000| Complete 
| 114|0x0000000089e00000, 0x0000000089f00000, 0x0000000089f00000|100%| E|CS|TAMS 0x0000000089e00000, 0x0000000089e00000| Complete 
| 115|0x0000000089f00000, 0x000000008a000000, 0x000000008a000000|100%| E|CS|TAMS 0x0000000089f00000, 0x0000000089f00000| Complete 
| 116|0x000000008a000000, 0x000000008a100000, 0x000000008a100000|100%| E|CS|TAMS 0x000000008a000000, 0x000000008a000000| Complete 
| 117|0x000000008a100000, 0x000000008a200000, 0x000000008a200000|100%| E|CS|TAMS 0x000000008a100000, 0x000000008a100000| Complete 
| 118|0x000000008a200000, 0x000000008a300000, 0x000000008a300000|100%| E|CS|TAMS 0x000000008a200000, 0x000000008a200000| Complete 
| 119|0x000000008a300000, 0x000000008a400000, 0x000000008a400000|100%| E|CS|TAMS 0x000000008a300000, 0x000000008a300000| Complete 
| 120|0x000000008a400000, 0x000000008a500000, 0x000000008a500000|100%| E|CS|TAMS 0x000000008a400000, 0x000000008a400000| Complete 
| 121|0x000000008a500000, 0x000000008a600000, 0x000000008a600000|100%| E|CS|TAMS 0x000000008a500000, 0x000000008a500000| Complete 
| 122|0x000000008a600000, 0x000000008a700000, 0x000000008a700000|100%| E|CS|TAMS 0x000000008a600000, 0x000000008a600000| Complete 
| 123|0x000000008a700000, 0x000000008a800000, 0x000000008a800000|100%| E|CS|TAMS 0x000000008a700000, 0x000000008a700000| Complete 
| 124|0x000000008a800000, 0x000000008a900000, 0x000000008a900000|100%| E|CS|TAMS 0x000000008a800000, 0x000000008a800000| Complete 
| 125|0x000000008a900000, 0x000000008aa00000, 0x000000008aa00000|100%| E|CS|TAMS 0x000000008a900000, 0x000000008a900000| Complete 

Card table byte_map: [0x00000277f4590000,0x00000277f4980000] _byte_map_base: 0x00000277f417a000

Marking Bits (Prev, Next): (CMBitMap*) 0x00000277dbc78300, (CMBitMap*) 0x00000277dbc78340
 Prev Bits: [0x00000277f4d70000, 0x00000277f6cc0000)
 Next Bits: [0x00000277f6cc0000, 0x00000277f8c10000)

Polling page: 0x00000277dbac0000

Metaspace:

Usage:
  Non-class:     14.06 MB used.
      Class:      2.28 MB used.
       Both:     16.35 MB used.

Virtual space:
  Non-class space:       16.00 MB reserved,      14.19 MB ( 89%) committed,  2 nodes.
      Class space:        1.00 GB reserved,       2.44 MB ( <1%) committed,  1 nodes.
              Both:        1.02 GB reserved,      16.62 MB (  2%) committed. 

Chunk freelists:
   Non-Class:  1.09 MB
       Class:  1.41 MB
        Both:  2.50 MB

MaxMetaspaceSize: 17179869184.00 GB
CompressedClassSpaceSize: 1.00 GB
 - commit_granule_bytes: 65536.
 - commit_granule_words: 8192.
 - virtual_space_node_default_size: 1048576.
 - enlarge_chunks_in_place: 1.
 - new_chunks_are_fully_committed: 0.
 - uncommit_free_chunks: 1.
 - use_allocation_guard: 0.
 - handle_deallocations: 1.


Internal statistics:

num_allocs_failed_limit: 0.
num_arena_births: 262.
num_arena_deaths: 0.
num_vsnodes_births: 3.
num_vsnodes_deaths: 0.
num_space_committed: 266.
num_space_uncommitted: 0.
num_chunks_returned_to_freelist: 0.
num_chunks_taken_from_freelist: 847.
num_chunk_merges: 0.
num_chunk_splits: 569.
num_chunks_enlarged: 407.
num_purges: 0.

CodeHeap 'non-profiled nmethods': size=120000Kb used=1147Kb max_used=1147Kb free=118852Kb
 bounds [0x00000277ec640000, 0x00000277ec8b0000, 0x00000277f3b70000]
CodeHeap 'profiled nmethods': size=120000Kb used=5340Kb max_used=5340Kb free=114659Kb
 bounds [0x00000277e5110000, 0x00000277e5650000, 0x00000277ec640000]
CodeHeap 'non-nmethods': size=5760Kb used=1460Kb max_used=1499Kb free=4300Kb
 bounds [0x00000277e4b70000, 0x00000277e4de0000, 0x00000277e5110000]
 total_blobs=3744 nmethods=2922 adapters=734
 compilation: enabled
              stopped_count=0, restarted_count=0
 full_count=0

Compilation events (20 events):
Event: 14.091 Thread 0x00000277fb1fc6f0 2921       3       javafx.scene.Scene$ClickGenerator::preProcess (290 bytes)
Event: 14.098 Thread 0x00000277fb1fc6f0 nmethod 2921 0x00000277e563f590 code [0x00000277e563f980, 0x00000277e5641b38]
Event: 14.098 Thread 0x00000277fb1fc6f0 2922       3       javafx.scene.Scene$TargetWrapper::getCursor (61 bytes)
Event: 14.102 Thread 0x00000277fb1fc6f0 nmethod 2922 0x00000277e5642390 code [0x00000277e5642640, 0x00000277e5643858]
Event: 14.102 Thread 0x00000277fb1fc6f0 2923       3       com.sun.javafx.event.CompositeEventHandler::dispatchCapturingEvent (40 bytes)
Event: 14.103 Thread 0x00000277fb1fc6f0 nmethod 2923 0x00000277e5643d10 code [0x00000277e5643ee0, 0x00000277e56442e8]
Event: 14.103 Thread 0x00000277fb1fc6f0 2924       3       javafx.scene.Scene$ClickGenerator::postProcess (258 bytes)
Event: 14.107 Thread 0x00000277fb1fc6f0 nmethod 2924 0x00000277e5644410 code [0x00000277e5644720, 0x00000277e5645b98]
Event: 14.107 Thread 0x00000277fb1fc6f0 2925       3       javafx.scene.Scene$MouseHandler::updateCursor (36 bytes)
Event: 14.108 Thread 0x00000277fb1fc6f0 nmethod 2925 0x00000277e5646210 code [0x00000277e56463e0, 0x00000277e5646798]
Event: 14.108 Thread 0x00000277fb1fc6f0 2926       3       javafx.scene.Scene$TargetWrapper::clear (12 bytes)
Event: 14.109 Thread 0x00000277fb1fc6f0 nmethod 2926 0x00000277e5646890 code [0x00000277e5646a40, 0x00000277e5646c38]
Event: 86.648 Thread 0x00000277fb1f57d0 2927       4       com.sun.javafx.tk.quantum.QuantumToolkit::postPulse (106 bytes)
Event: 86.671 Thread 0x00000277fb1f57d0 nmethod 2927 0x00000277ec75dc90 code [0x00000277ec75de40, 0x00000277ec75e098]
Event: 86.967 Thread 0x00000277fb1f57d0 2928       4       com.sun.javafx.tk.quantum.QuantumToolkit$$Lambda$92/0x0000000800c32ea0::run (8 bytes)
Event: 86.973 Thread 0x00000277fb1f57d0 nmethod 2928 0x00000277ec75e390 code [0x00000277ec75e560, 0x00000277ec75e808]
Event: 104.199 Thread 0x00000277fb1f57d0 2930       4       com.sun.javafx.collections.SetListenerHelper::hasListeners (10 bytes)
Event: 104.199 Thread 0x00000277fb1fc6f0 2929       3       javafx.beans.property.ReadOnlyBooleanWrapper$ReadOnlyPropertyImpl::get (8 bytes)
Event: 104.200 Thread 0x00000277fb1fc6f0 nmethod 2929 0x00000277e5646d10 code [0x00000277e5646ec0, 0x00000277e56471e8]
Event: 104.200 Thread 0x00000277fb1f57d0 nmethod 2930 0x00000277ec75eb90 code [0x00000277ec75ed00, 0x00000277ec75ed78]

GC Heap History (4 events):
Event: 0.815 GC heap before
{Heap before GC invocations=0 (full 0):
 garbage-first heap   total 129024K, used 12288K [0x0000000082c00000, 0x0000000100000000)
  region size 1024K, 13 young (13312K), 0 survivors (0K)
 Metaspace       used 2802K, committed 2944K, reserved 1056768K
  class space    used 285K, committed 384K, reserved 1048576K
}
Event: 0.827 GC heap after
{Heap after GC invocations=1 (full 0):
 garbage-first heap   total 129024K, used 2220K [0x0000000082c00000, 0x0000000100000000)
  region size 1024K, 2 young (2048K), 2 survivors (2048K)
 Metaspace       used 2802K, committed 2944K, reserved 1056768K
  class space    used 285K, committed 384K, reserved 1048576K
}
Event: 1.540 GC heap before
{Heap before GC invocations=1 (full 0):
 garbage-first heap   total 129024K, used 19628K [0x0000000082c00000, 0x0000000100000000)
  region size 1024K, 19 young (19456K), 2 survivors (2048K)
 Metaspace       used 8155K, committed 8384K, reserved 1064960K
  class space    used 965K, committed 1088K, reserved 1048576K
}
Event: 1.548 GC heap after
{Heap after GC invocations=2 (full 0):
 garbage-first heap   total 129024K, used 5955K [0x0000000082c00000, 0x0000000100000000)
  region size 1024K, 3 young (3072K), 3 survivors (3072K)
 Metaspace       used 8155K, committed 8384K, reserved 1064960K
  class space    used 965K, committed 1088K, reserved 1048576K
}

Deoptimization events (20 events):
Event: 10.874 Thread 0x00000277fca95d20 DEOPT PACKING pc=0x00000277e53ed4ba sp=0x0000008b449fdb20
Event: 10.874 Thread 0x00000277fca95d20 DEOPT UNPACKING pc=0x00000277e4bbdeaf sp=0x0000008b449fcf70 mode 0
Event: 10.894 Thread 0x00000277fca95d20 DEOPT PACKING pc=0x00000277e53ed4ba sp=0x0000008b449fdb20
Event: 10.894 Thread 0x00000277fca95d20 DEOPT UNPACKING pc=0x00000277e4bbdeaf sp=0x0000008b449fcf70 mode 0
Event: 10.898 Thread 0x00000277fca95d20 DEOPT PACKING pc=0x00000277e53ed4ba sp=0x0000008b449fdb20
Event: 10.898 Thread 0x00000277fca95d20 DEOPT UNPACKING pc=0x00000277e4bbdeaf sp=0x0000008b449fcf70 mode 0
Event: 10.901 Thread 0x00000277fca95d20 DEOPT PACKING pc=0x00000277e53ed4ba sp=0x0000008b449fdb20
Event: 10.901 Thread 0x00000277fca95d20 DEOPT UNPACKING pc=0x00000277e4bbdeaf sp=0x0000008b449fcf70 mode 0
Event: 10.904 Thread 0x00000277fca95d20 DEOPT PACKING pc=0x00000277e53ed4ba sp=0x0000008b449fdb20
Event: 10.904 Thread 0x00000277fca95d20 DEOPT UNPACKING pc=0x00000277e4bbdeaf sp=0x0000008b449fcf70 mode 0
Event: 10.905 Thread 0x00000277fca95d20 DEOPT PACKING pc=0x00000277e53ed4ba sp=0x0000008b449fdb20
Event: 10.906 Thread 0x00000277fca95d20 DEOPT UNPACKING pc=0x00000277e4bbdeaf sp=0x0000008b449fcf70 mode 0
Event: 12.390 Thread 0x00000277fc8712c0 Uncommon trap: trap_request=0xffffff45 fr.pc=0x00000277ec733e04 relative=0x0000000000000064
Event: 12.390 Thread 0x00000277fc8712c0 Uncommon trap: reason=unstable_if action=reinterpret pc=0x00000277ec733e04 method=java.lang.StringConcatHelper.mix(JLjava/lang/String;)J @ 13 c2
Event: 12.391 Thread 0x00000277fc8712c0 DEOPT PACKING pc=0x00000277ec733e04 sp=0x0000008b44bf7880
Event: 12.391 Thread 0x00000277fc8712c0 DEOPT UNPACKING pc=0x00000277e4bbd728 sp=0x0000008b44bf7800 mode 2
Event: 12.391 Thread 0x00000277fc8712c0 Uncommon trap: trap_request=0xffffff45 fr.pc=0x00000277ec70db94 relative=0x00000000000000f4
Event: 12.391 Thread 0x00000277fc8712c0 Uncommon trap: reason=unstable_if action=reinterpret pc=0x00000277ec70db94 method=java.lang.StringConcatHelper.prepend(J[BLjava/lang/String;)J @ 13 c2
Event: 12.391 Thread 0x00000277fc8712c0 DEOPT PACKING pc=0x00000277ec70db94 sp=0x0000008b44bf77e0
Event: 12.391 Thread 0x00000277fc8712c0 DEOPT UNPACKING pc=0x00000277e4bbd728 sp=0x0000008b44bf7790 mode 2

Classes unloaded (0 events):
No events

Classes redefined (0 events):
No events

Internal exceptions (20 events):
Event: 1.571 Thread 0x00000277fc8712c0 Exception <a 'java/lang/NoSuchMethodError'{0x000000008a9313f0}: 'void java.lang.invoke.DirectMethodHandle$Holder.invokeStaticInit(java.lang.Object, java.lang.Object)'> (0x000000008a9313f0) 
thrown [t:\workspace\open\src\hotspot\share\interpreter\linkResolver.cpp, line 790]
Event: 1.835 Thread 0x00000277fc8712c0 Implicit null exception at 0x00000277ec6a078c to 0x00000277ec6a0948
Event: 2.083 Thread 0x00000277fc8712c0 Exception <a 'java/lang/ClassNotFoundException'{0x0000000089e52440}: com/sun/javafx/scene/control/skin/resources/controls> (0x0000000089e52440) 
thrown [t:\workspace\open\src\hotspot\share\prims\jni.cpp, line 600]
Event: 2.085 Thread 0x00000277fc8712c0 Exception <a 'java/lang/ClassNotFoundException'{0x0000000089e5ff40}: com/sun/javafx/scene/control/skin/resources/controls_ru> (0x0000000089e5ff40) 
thrown [t:\workspace\open\src\hotspot\share\prims\jni.cpp, line 600]
Event: 2.086 Thread 0x00000277fc8712c0 Exception <a 'java/lang/ClassNotFoundException'{0x0000000089e61530}: com/sun/javafx/scene/control/skin/resources/controls_ru_RU> (0x0000000089e61530) 
thrown [t:\workspace\open\src\hotspot\share\prims\jni.cpp, line 600]
Event: 2.167 Thread 0x00000277fc8712c0 Exception <a 'java/lang/NoSuchMethodError'{0x0000000089c21f98}: 'void java.lang.invoke.DirectMethodHandle$Holder.invokeSpecial(java.lang.Object, java.lang.Object, java.lang.Object, java.lang.Object, java.lang.Object, java.lang.Object)'> (0x0000000089c21f98) 
thrown [t:\workspace\open\src\hotspot\share\interpreter\linkResolver.cpp, line 790]
Event: 2.231 Thread 0x00000277fc8712c0 Exception <a 'java/lang/NoSuchMethodError'{0x0000000089909cc0}: 'java.lang.Object java.lang.invoke.DirectMethodHandle$Holder.invokeInterface(java.lang.Object, java.lang.Object, java.lang.Object)'> (0x0000000089909cc0) 
thrown [t:\workspace\open\src\hotspot\share\interpreter\linkResolver.cpp, line 790]
Event: 2.232 Thread 0x00000277fc8712c0 Exception <a 'java/lang/IncompatibleClassChangeError'{0x000000008990d840}: Found class java.lang.Object, but interface was expected> (0x000000008990d840) 
thrown [t:\workspace\open\src\hotspot\share\interpreter\linkResolver.cpp, line 857]
Event: 2.334 Thread 0x00000277fc8712c0 Exception <a 'java/lang/NoSuchMethodError'{0x00000000898e4dd8}: 'java.lang.Object java.lang.invoke.DirectMethodHandle$Holder.newInvokeSpecial(java.lang.Object, java.lang.Object, int)'> (0x00000000898e4dd8) 
thrown [t:\workspace\open\src\hotspot\share\interpreter\linkResolver.cpp, line 790]
Event: 2.367 Thread 0x00000277fca95d20 Exception <a 'java/lang/NoSuchMethodError'{0x0000000089312a20}: 'int java.lang.invoke.DirectMethodHandle$Holder.invokeStaticInit(java.lang.Object, java.lang.Object)'> (0x0000000089312a20) 
thrown [t:\workspace\open\src\hotspot\share\interpreter\linkResolver.cpp, line 790]
Event: 2.380 Thread 0x00000277fc8712c0 Exception <a 'java/lang/NoSuchMethodError'{0x00000000897c5980}: 'long java.lang.invoke.DirectMethodHandle$Holder.invokeStatic(java.lang.Object, java.lang.Object, java.lang.Object)'> (0x00000000897c5980) 
thrown [t:\workspace\open\src\hotspot\share\interpreter\linkResolver.cpp, line 790]
Event: 2.385 Thread 0x00000277fc8712c0 Exception <a 'java/lang/NoSuchMethodError'{0x00000000897c9330}: 'long java.lang.invoke.DirectMethodHandle$Holder.invokeStaticInit(java.lang.Object, java.lang.Object, java.lang.Object)'> (0x00000000897c9330) 
thrown [t:\workspace\open\src\hotspot\share\interpreter\linkResolver.cpp, line 790]
Event: 2.392 Thread 0x00000277fc8712c0 Exception <a 'java/lang/NoSuchMethodError'{0x00000000897e1250}: 'java.lang.Object java.lang.invoke.DirectMethodHandle$Holder.newInvokeSpecial(java.lang.Object, java.lang.Object, long)'> (0x00000000897e1250) 
thrown [t:\workspace\open\src\hotspot\share\interpreter\linkResolver.cpp, line 790]
Event: 2.392 Thread 0x00000277fc8712c0 Exception <a 'java/lang/NoSuchMethodError'{0x00000000897e4fc0}: 'java.lang.Object java.lang.invoke.Invokers$Holder.linkToTargetMethod(java.lang.Object, long, java.lang.Object)'> (0x00000000897e4fc0) 
thrown [t:\workspace\open\src\hotspot\share\interpreter\linkResolver.cpp, line 790]
Event: 9.393 Thread 0x00000277fca95d20 Exception <a 'java/lang/NoSuchMethodError'{0x0000000088ce5920}: 'java.lang.Object java.lang.invoke.DirectMethodHandle$Holder.invokeStaticInit(java.lang.Object, int)'> (0x0000000088ce5920) 
thrown [t:\workspace\open\src\hotspot\share\interpreter\linkResolver.cpp, line 790]
Event: 12.372 Thread 0x00000277fc8712c0 Exception <a 'java/lang/NoSuchMethodError'{0x00000000886f65a0}: 'java.lang.Object java.lang.invoke.DelegatingMethodHandle$Holder.reinvoke_L(java.lang.Object, java.lang.Object, long, java.lang.Object, java.lang.Object, java.lang.Object, java.lang.Object, java.lang.Object, java.lang.Object, java.lang.Object, java.lang.Object, java.lang.Object, java.lang.Object, java.lang.Object, java.lang.Object, java.lang.Object)'> (0x00000000886f65a0) 
thrown [t:\workspace\open\src\hotspot\share\interpreter\linkResolver.cp
Event: 12.387 Thread 0x00000277fc8712c0 Exception <a 'java/lang/NoSuchMethodError'{0x0000000088540168}: 'java.lang.Object java.lang.invoke.DirectMethodHandle$Holder.invokeSpecial(java.lang.Object, java.lang.Object, long, java.lang.Object, java.lang.Object, java.lang.Object, java.lang.Object, java.lang.Object, java.lang.Object, java.lang.Object, java.lang.Object, java.lang.Object, java.lang.Object, java.lang.Object, java.lang.Object, java.lang.Object)'> (0x0000000088540168) 
thrown [t:\workspace\open\src\hotspot\share\interpreter\linkResolver.cpp
Event: 12.387 Thread 0x00000277fc8712c0 Exception <a 'java/lang/NoSuchMethodError'{0x0000000088545ba0}: 'java.lang.Object java.lang.invoke.DelegatingMethodHandle$Holder.reinvoke_L(java.lang.Object, long, java.lang.Object, java.lang.Object, java.lang.Object, java.lang.Object, java.lang.Object, java.lang.Object, java.lang.Object, java.lang.Object, java.lang.Object, java.lang.Object, java.lang.Object, java.lang.Object, java.lang.Object)'> (0x0000000088545ba0) 
thrown [t:\workspace\open\src\hotspot\share\interpreter\linkResolver.cpp, line 790]
Event: 12.390 Thread 0x00000277fc8712c0 Exception <a 'java/lang/NoSuchMethodError'{0x00000000885607f0}: 'java.lang.Object java.lang.invoke.DirectMethodHandle$Holder.invokeSpecial(java.lang.Object, java.lang.Object, java.lang.Object, java.lang.Object, java.lang.Object, java.lang.Object, java.lang.Object, java.lang.Object, java.lang.Object, java.lang.Object, java.lang.Object, java.lang.Object, java.lang.Object, java.lang.Object, java.lang.Object)'> (0x00000000885607f0) 
thrown [t:\workspace\open\src\hotspot\share\interpreter\linkResolver.cpp, line
Event: 12.390 Thread 0x00000277fc8712c0 Exception <a 'java/lang/NoSuchMethodError'{0x0000000088566730}: 'java.lang.Object java.lang.invoke.Invokers$Holder.linkToTargetMethod(java.lang.Object, java.lang.Object, java.lang.Object, java.lang.Object, java.lang.Object, java.lang.Object, java.lang.Object, java.lang.Object, java.lang.Object, java.lang.Object, java.lang.Object, java.lang.Object, java.lang.Object, java.lang.Object)'> (0x0000000088566730) 
thrown [t:\workspace\open\src\hotspot\share\interpreter\linkResolver.cpp, line 790]

Events (20 events):
Event: 12.396 loading class java/util/concurrent/atomic/AtomicReferenceFieldUpdater$AtomicReferenceFieldUpdaterImpl
Event: 12.396 loading class java/util/concurrent/atomic/AtomicReferenceFieldUpdater$AtomicReferenceFieldUpdaterImpl done
Event: 12.396 loading class java/util/concurrent/atomic/AtomicReferenceFieldUpdater$AtomicReferenceFieldUpdaterImpl$1
Event: 12.396 loading class java/util/concurrent/atomic/AtomicReferenceFieldUpdater$AtomicReferenceFieldUpdaterImpl$1 done
Event: 12.397 loading class java/lang/Throwable$WrappedPrintStream
Event: 12.397 loading class java/lang/Throwable$PrintStreamOrWriter
Event: 12.397 loading class java/lang/Throwable$PrintStreamOrWriter done
Event: 12.397 loading class java/lang/Throwable$WrappedPrintStream done
Event: 12.555 Executing  VM operation: Cleanup
Event: 12.555 Executing  VM operation: Cleanup done
Event: 14.556 Executing  VM operation: Cleanup
Event: 14.557 Executing  VM operation: Cleanup done
Event: 187.037 loading class jdk/internal/misc/Signal$1
Event: 187.037 loading class jdk/internal/misc/Signal$1 done
Event: 187.037 Thread 0x00000277fd43df10 Thread added: 0x00000277fd43df10
Event: 187.038 Thread 0x00000277fd43ef00 Thread added: 0x00000277fd43ef00
Event: 187.038 Thread 0x00000277fd43fef0 Thread added: 0x00000277fd43fef0
Event: 187.040 Thread 0x00000277fd43fef0 Thread exited: 0x00000277fd43fef0
Event: 187.042 Thread 0x00000277fb1eec90 Thread exited: 0x00000277fb1eec90
Event: 187.042 Executing  VM operation: Exit


Dynamic libraries:
0x00007ff7cdca0000 - 0x00007ff7cdcb0000 	C:\Program Files\Java\jdk-16.0.2\bin\java.exe
0x00007ffb23630000 - 0x00007ffb23825000 	C:\Windows\SYSTEM32\ntdll.dll
0x00007ffb22960000 - 0x00007ffb22a1e000 	C:\Windows\System32\KERNEL32.DLL
0x00007ffb210e0000 - 0x00007ffb213a8000 	C:\Windows\System32\KERNELBASE.dll
0x00007ffb20ee0000 - 0x00007ffb20fe0000 	C:\Windows\System32\ucrtbase.dll
0x00007ffb1ae40000 - 0x00007ffb1ae58000 	C:\Program Files\Java\jdk-16.0.2\bin\jli.dll
0x00007ffb22060000 - 0x00007ffb2210c000 	C:\Windows\System32\ADVAPI32.dll
0x00007ffb22110000 - 0x00007ffb221ae000 	C:\Windows\System32\msvcrt.dll
0x00007ffb22bb0000 - 0x00007ffb22c4b000 	C:\Windows\System32\sechost.dll
0x00007ffb218d0000 - 0x00007ffb219fa000 	C:\Windows\System32\RPCRT4.dll
0x00007ffb22f60000 - 0x00007ffb23101000 	C:\Windows\System32\USER32.dll
0x00007ffb214c0000 - 0x00007ffb214e2000 	C:\Windows\System32\win32u.dll
0x00007ffb218a0000 - 0x00007ffb218cb000 	C:\Windows\System32\GDI32.dll
0x00007ffb213b0000 - 0x00007ffb214bb000 	C:\Windows\System32\gdi32full.dll
0x00007ffb20fe0000 - 0x00007ffb2107d000 	C:\Windows\System32\msvcp_win.dll
0x00007ffb1adf0000 - 0x00007ffb1ae09000 	C:\Program Files\Java\jdk-16.0.2\bin\VCRUNTIME140.dll
0x00007ffb0aad0000 - 0x00007ffb0ad6a000 	C:\Windows\WinSxS\amd64_microsoft.windows.common-controls_6595b64144ccf1df_6.0.19041.1110_none_60b5254171f9507e\COMCTL32.dll
0x00007ffb1a7c0000 - 0x00007ffb1a7ca000 	C:\Windows\SYSTEM32\VERSION.dll
0x00007ffb21680000 - 0x00007ffb216b0000 	C:\Windows\System32\IMM32.DLL
0x00007ffb1c0d0000 - 0x00007ffb1c0dc000 	C:\Program Files\Java\jdk-16.0.2\bin\vcruntime140_1.dll
0x00007ffb19d70000 - 0x00007ffb19e01000 	C:\Program Files\Java\jdk-16.0.2\bin\msvcp140.dll
0x00007ffad4e00000 - 0x00007ffad59ab000 	C:\Program Files\Java\jdk-16.0.2\bin\server\jvm.dll
0x00007ffb21a00000 - 0x00007ffb21a08000 	C:\Windows\System32\PSAPI.DLL
0x00007ffb09dc0000 - 0x00007ffb09dc9000 	C:\Windows\SYSTEM32\WSOCK32.dll
0x00007ffb23170000 - 0x00007ffb231db000 	C:\Windows\System32\WS2_32.dll
0x00007ffb02da0000 - 0x00007ffb02dc7000 	C:\Windows\SYSTEM32\WINMM.dll
0x00007ffb1f5d0000 - 0x00007ffb1f5e2000 	C:\Windows\SYSTEM32\kernel.appcore.dll
0x00007ffb1ae20000 - 0x00007ffb1ae2a000 	C:\Program Files\Java\jdk-16.0.2\bin\jimage.dll
0x00007ffb1eb50000 - 0x00007ffb1ed34000 	C:\Windows\SYSTEM32\DBGHELP.DLL
0x00007ffb187f0000 - 0x00007ffb1881c000 	C:\Windows\SYSTEM32\dbgcore.DLL
0x00007ffb214f0000 - 0x00007ffb21573000 	C:\Windows\System32\bcryptPrimitives.dll
0x00007ffb1add0000 - 0x00007ffb1adde000 	C:\Program Files\Java\jdk-16.0.2\bin\instrument.dll
0x00007ffb1ad10000 - 0x00007ffb1ad35000 	C:\Program Files\Java\jdk-16.0.2\bin\java.dll
0x00007ffb22220000 - 0x00007ffb2295f000 	C:\Windows\System32\SHELL32.dll
0x00007ffb1ed40000 - 0x00007ffb1f4d0000 	C:\Windows\SYSTEM32\windows.storage.dll
0x00007ffb23290000 - 0x00007ffb235e5000 	C:\Windows\System32\combase.dll
0x00007ffb206d0000 - 0x00007ffb206fe000 	C:\Windows\SYSTEM32\Wldp.dll
0x00007ffb22a20000 - 0x00007ffb22acd000 	C:\Windows\System32\SHCORE.dll
0x00007ffb221c0000 - 0x00007ffb22215000 	C:\Windows\System32\shlwapi.dll
0x00007ffb20c90000 - 0x00007ffb20caf000 	C:\Windows\SYSTEM32\profapi.dll
0x00007ffb1acf0000 - 0x00007ffb1ad09000 	C:\Program Files\Java\jdk-16.0.2\bin\net.dll
0x00007ffb13460000 - 0x00007ffb1356c000 	C:\Windows\SYSTEM32\WINHTTP.dll
0x00007ffb20430000 - 0x00007ffb2049a000 	C:\Windows\system32\mswsock.dll
0x00007ffb19d50000 - 0x00007ffb19d63000 	C:\Program Files\Java\jdk-16.0.2\bin\nio.dll
0x00007ffb19810000 - 0x00007ffb19828000 	C:\Program Files\Java\jdk-16.0.2\bin\zip.dll
0x00007ffb001a0000 - 0x00007ffb001ba000 	C:\Program Files\JetBrains\IntelliJ IDEA 2021.2.1\bin\breakgen64.dll
0x00000277dbb10000 - 0x00000277dbb13000 	C:\javafx-sdk-11.0.2\bin\api-ms-win-core-console-l1-1-0.dll
0x00000277fb3b0000 - 0x00000277fb3b3000 	C:\javafx-sdk-11.0.2\bin\api-ms-win-core-datetime-l1-1-0.dll
0x00000277fb3c0000 - 0x00000277fb3c3000 	C:\javafx-sdk-11.0.2\bin\api-ms-win-core-debug-l1-1-0.dll
0x00000277fb3d0000 - 0x00000277fb3d3000 	C:\javafx-sdk-11.0.2\bin\api-ms-win-core-errorhandling-l1-1-0.dll
0x00000277fb3e0000 - 0x00000277fb3e4000 	C:\javafx-sdk-11.0.2\bin\api-ms-win-core-file-l1-1-0.dll
0x00000277fb3f0000 - 0x00000277fb3f3000 	C:\javafx-sdk-11.0.2\bin\api-ms-win-core-file-l1-2-0.dll
0x00000277fd7d0000 - 0x00000277fd7d3000 	C:\javafx-sdk-11.0.2\bin\api-ms-win-core-file-l2-1-0.dll
0x00000277fd7e0000 - 0x00000277fd7e3000 	C:\javafx-sdk-11.0.2\bin\api-ms-win-core-handle-l1-1-0.dll
0x00000277fd7f0000 - 0x00000277fd7f3000 	C:\javafx-sdk-11.0.2\bin\api-ms-win-core-heap-l1-1-0.dll
0x00000277fd800000 - 0x00000277fd803000 	C:\javafx-sdk-11.0.2\bin\api-ms-win-core-interlocked-l1-1-0.dll
0x00000277fd810000 - 0x00000277fd813000 	C:\javafx-sdk-11.0.2\bin\api-ms-win-core-libraryloader-l1-1-0.dll
0x00000277fd820000 - 0x00000277fd823000 	C:\javafx-sdk-11.0.2\bin\api-ms-win-core-localization-l1-2-0.dll
0x00000277fd830000 - 0x00000277fd833000 	C:\javafx-sdk-11.0.2\bin\api-ms-win-core-memory-l1-1-0.dll
0x00000277fd840000 - 0x00000277fd843000 	C:\javafx-sdk-11.0.2\bin\api-ms-win-core-namedpipe-l1-1-0.dll
0x00000277fd850000 - 0x00000277fd853000 	C:\javafx-sdk-11.0.2\bin\api-ms-win-core-processenvironment-l1-1-0.dll
0x00000277fd860000 - 0x00000277fd863000 	C:\javafx-sdk-11.0.2\bin\api-ms-win-core-processthreads-l1-1-0.dll
0x00000277fd870000 - 0x00000277fd873000 	C:\javafx-sdk-11.0.2\bin\api-ms-win-core-processthreads-l1-1-1.dll
0x00000277fd880000 - 0x00000277fd883000 	C:\javafx-sdk-11.0.2\bin\api-ms-win-core-profile-l1-1-0.dll
0x00000277fd890000 - 0x00000277fd893000 	C:\javafx-sdk-11.0.2\bin\api-ms-win-core-rtlsupport-l1-1-0.dll
0x00000277fd8a0000 - 0x00000277fd8a3000 	C:\javafx-sdk-11.0.2\bin\api-ms-win-core-string-l1-1-0.dll
0x00000277fd8b0000 - 0x00000277fd8b3000 	C:\javafx-sdk-11.0.2\bin\api-ms-win-core-synch-l1-1-0.dll
0x00000277fd8c0000 - 0x00000277fd8c3000 	C:\javafx-sdk-11.0.2\bin\api-ms-win-core-synch-l1-2-0.dll
0x00000277fdc50000 - 0x00000277fdc53000 	C:\javafx-sdk-11.0.2\bin\api-ms-win-core-sysinfo-l1-1-0.dll
0x00000277fdc60000 - 0x00000277fdc63000 	C:\javafx-sdk-11.0.2\bin\api-ms-win-core-timezone-l1-1-0.dll
0x00000277fdc70000 - 0x00000277fdc73000 	C:\javafx-sdk-11.0.2\bin\api-ms-win-core-util-l1-1-0.dll
0x00000277fdc80000 - 0x00000277fdc83000 	C:\javafx-sdk-11.0.2\bin\api-ms-win-crt-conio-l1-1-0.dll
0x00000277fdc90000 - 0x00000277fdc94000 	C:\javafx-sdk-11.0.2\bin\api-ms-win-crt-convert-l1-1-0.dll
0x00000277fdca0000 - 0x00000277fdca3000 	C:\javafx-sdk-11.0.2\bin\api-ms-win-crt-environment-l1-1-0.dll
0x00000277fdcb0000 - 0x00000277fdcb3000 	C:\javafx-sdk-11.0.2\bin\api-ms-win-crt-filesystem-l1-1-0.dll
0x00000277fdcc0000 - 0x00000277fdcc3000 	C:\javafx-sdk-11.0.2\bin\api-ms-win-crt-heap-l1-1-0.dll
0x00000277fdcd0000 - 0x00000277fdcd3000 	C:\javafx-sdk-11.0.2\bin\api-ms-win-crt-locale-l1-1-0.dll
0x00000277fd8d0000 - 0x00000277fd8d5000 	C:\javafx-sdk-11.0.2\bin\api-ms-win-crt-math-l1-1-0.dll
0x00000277fd8e0000 - 0x00000277fd8e5000 	C:\javafx-sdk-11.0.2\bin\api-ms-win-crt-multibyte-l1-1-0.dll
0x00000277fd8f0000 - 0x00000277fd900000 	C:\javafx-sdk-11.0.2\bin\api-ms-win-crt-private-l1-1-0.dll
0x00000277fd900000 - 0x00000277fd903000 	C:\javafx-sdk-11.0.2\bin\api-ms-win-crt-process-l1-1-0.dll
0x00000277fd910000 - 0x00000277fd914000 	C:\javafx-sdk-11.0.2\bin\api-ms-win-crt-runtime-l1-1-0.dll
0x00000277fd920000 - 0x00000277fd924000 	C:\javafx-sdk-11.0.2\bin\api-ms-win-crt-stdio-l1-1-0.dll
0x00000277fd930000 - 0x00000277fd934000 	C:\javafx-sdk-11.0.2\bin\api-ms-win-crt-string-l1-1-0.dll
0x00000277fd940000 - 0x00000277fd943000 	C:\javafx-sdk-11.0.2\bin\api-ms-win-crt-time-l1-1-0.dll
0x00000277fd950000 - 0x00000277fd953000 	C:\javafx-sdk-11.0.2\bin\api-ms-win-crt-utility-l1-1-0.dll
0x00007ffaf01f0000 - 0x00007ffaf02ea000 	C:\javafx-sdk-11.0.2\bin\ucrtbase.dll
0x00007ffb00180000 - 0x00007ffb00196000 	C:\javafx-sdk-11.0.2\bin\vcruntime140.dll
0x00007ffaef750000 - 0x00007ffaef7f6000 	C:\javafx-sdk-11.0.2\bin\msvcp140.dll
0x00007ffaf2290000 - 0x00007ffaf22e1000 	C:\javafx-sdk-11.0.2\bin\concrt140.dll
0x00007ffafb7c0000 - 0x00007ffafb7e3000 	C:\javafx-sdk-11.0.2\bin\prism_d3d.dll
0x00007ffae1e80000 - 0x00007ffae204e000 	C:\Windows\system32\d3d9.dll
0x00007ffb1e5c0000 - 0x00007ffb1e5ef000 	C:\Windows\SYSTEM32\dwmapi.dll
0x00007ffb1e3b0000 - 0x00007ffb1e44e000 	C:\Windows\system32\uxtheme.dll
0x00007ffb20eb0000 - 0x00007ffb20ed7000 	C:\Windows\System32\bcrypt.dll
0x00007ffb22e30000 - 0x00007ffb22f5a000 	C:\Windows\System32\ole32.dll
0x00007ffb22ae0000 - 0x00007ffb22bad000 	C:\Windows\System32\OLEAUT32.dll
0x00007ffb21580000 - 0x00007ffb215ce000 	C:\Windows\System32\cfgmgr32.dll
0x00007ffaf1d10000 - 0x00007ffaf1d55000 	C:\javafx-sdk-11.0.2\bin\glass.dll
0x00007ffb217c0000 - 0x00007ffb2189a000 	C:\Windows\System32\COMDLG32.dll
0x00007ffb22cb0000 - 0x00007ffb22dc5000 	C:\Windows\System32\MSCTF.dll
0x00007ffb165d0000 - 0x00007ffb1660b000 	C:\Windows\SYSTEM32\dxcore.dll
0x00007ffafdcd0000 - 0x00007ffafdce4000 	C:\javafx-sdk-11.0.2\bin\javafx_font.dll
0x00007ffb02b10000 - 0x00007ffb02d93000 	C:\Windows\SYSTEM32\dwrite.dll
0x00007ffb231e0000 - 0x00007ffb23289000 	C:\Windows\System32\clbcatq.dll
0x00007ffb17f70000 - 0x00007ffb18124000 	C:\Windows\SYSTEM32\WindowsCodecs.dll
0x00007ffb00140000 - 0x00007ffb0017e000 	C:\Windows\system32\dataexchange.dll
0x00007ffb1c560000 - 0x00007ffb1c7c4000 	C:\Windows\system32\d3d11.dll
0x00007ffb1d460000 - 0x00007ffb1d645000 	C:\Windows\system32\dcomp.dll
0x00007ffb1f640000 - 0x00007ffb1f734000 	C:\Windows\system32\dxgi.dll
0x00007ffb18590000 - 0x00007ffb18791000 	C:\Windows\system32\twinapi.appcore.dll
0x00007ffafd6e0000 - 0x00007ffafd714000 	C:\Program Files\Common Files\Microsoft Shared\Ink\rtscom.dll
0x00007ffb0f7a0000 - 0x00007ffb0f899000 	C:\Windows\SYSTEM32\textinputframework.dll
0x00007ffb1d790000 - 0x00007ffb1daee000 	C:\Windows\System32\CoreUIComponents.dll
0x00007ffb1daf0000 - 0x00007ffb1dbe2000 	C:\Windows\System32\CoreMessaging.dll
0x00007ffb1fa40000 - 0x00007ffb1fa73000 	C:\Windows\SYSTEM32\ntmarta.dll
0x00007ffb1cf80000 - 0x00007ffb1d0d4000 	C:\Windows\SYSTEM32\wintypes.dll

dbghelp: loaded successfully - version: 4.0.5 - missing functions: none
symbol engine: initialized successfully - sym options: 0x614 - pdb path: .;C:\Program Files\Java\jdk-16.0.2\bin;C:\Windows\SYSTEM32;C:\Windows\WinSxS\amd64_microsoft.windows.common-controls_6595b64144ccf1df_6.0.19041.1110_none_60b5254171f9507e;C:\Program Files\Java\jdk-16.0.2\bin\server;C:\Program Files\JetBrains\IntelliJ IDEA 2021.2.1\bin;C:\javafx-sdk-11.0.2\bin;C:\Windows\System32\DriverStore\FileRepository\iigd_dch.inf_amd64_e9b40d45ab4dc6b8;C:\Program Files\Common Files\Microsoft Shared\Ink

VM Arguments:
jvm_args: --module-path=C:/javafx-sdk-11.0.2/lib --add-modules=javafx.controls,javafx.fxml -javaagent:C:\Program Files\JetBrains\IntelliJ IDEA 2021.2.1\lib\idea_rt.jar=54550:C:\Program Files\JetBrains\IntelliJ IDEA 2021.2.1\bin -Dfile.encoding=UTF-8 
java_command: forms.Main
java_class_path (initial): C:\java\Polyclinic\out\production\Polyclinic;C:\javafx-sdk-11.0.2\lib\src.zip;C:\javafx-sdk-11.0.2\lib\javafx-swt.jar;C:\javafx-sdk-11.0.2\lib\javafx.web.jar;C:\javafx-sdk-11.0.2\lib\javafx.base.jar;C:\javafx-sdk-11.0.2\lib\javafx.fxml.jar;C:\javafx-sdk-11.0.2\lib\javafx.media.jar;C:\javafx-sdk-11.0.2\lib\javafx.swing.jar;C:\javafx-sdk-11.0.2\lib\javafx.controls.jar;C:\javafx-sdk-11.0.2\lib\javafx.graphics.jar
Launcher Type: SUN_STANDARD

[Global flags]
     intx CICompilerCount                          = 3                                         {product} {ergonomic}
     uint ConcGCThreads                            = 1                                         {product} {ergonomic}
     uint G1ConcRefinementThreads                  = 4                                         {product} {ergonomic}
   size_t G1HeapRegionSize                         = 1048576                                   {product} {ergonomic}
    uintx GCDrainStackTargetSize                   = 64                                        {product} {ergonomic}
   size_t InitialHeapSize                          = 132120576                                 {product} {ergonomic}
   size_t MarkStackSize                            = 4194304                                   {product} {ergonomic}
   size_t MaxHeapSize                              = 2101346304                                {product} {ergonomic}
   size_t MaxNewSize                               = 1260388352                                {product} {ergonomic}
   size_t MinHeapDeltaBytes                        = 1048576                                   {product} {ergonomic}
   size_t MinHeapSize                              = 8388608                                   {product} {ergonomic}
    uintx NonNMethodCodeHeapSize                   = 5832780                                {pd product} {ergonomic}
    uintx NonProfiledCodeHeapSize                  = 122912730                              {pd product} {ergonomic}
    uintx ProfiledCodeHeapSize                     = 122912730                              {pd product} {ergonomic}
    uintx ReservedCodeCacheSize                    = 251658240                              {pd product} {ergonomic}
     bool SegmentedCodeCache                       = true                                      {product} {ergonomic}
   size_t SoftMaxHeapSize                          = 2101346304                             {manageable} {ergonomic}
     bool UseCompressedClassPointers               = true                           {product lp64_product} {ergonomic}
     bool UseCompressedOops                        = true                           {product lp64_product} {ergonomic}
     bool UseG1GC                                  = true                                      {product} {ergonomic}
     bool UseLargePagesIndividualAllocation        = false                                  {pd product} {ergonomic}

Logging:
Log output configuration:
 #0: stdout all=off uptime,level,tags
 #1: stderr all=off uptime,level,tags

Environment Variables:
PATH=C:\Program Files\Common Files\Oracle\Java\javapath;C:\Program Files (x86)\Common Files\Oracle\Java\javapath;C:\Windows\system32;C:\Windows;C:\Windows\System32\Wbem;C:\Windows\System32\WindowsPowerShell\v1.0\;C:\Windows\System32\OpenSSH\;C:\Program Files\dotnet\;C:\Users\Kate\AppData\Local\Microsoft\WindowsApps;;C:\Program Files\JetBrains\IntelliJ IDEA 2021.2.1\bin;;C:\Users\Kate\.dotnet\tools
USERNAME=Kate
OS=Windows_NT
PROCESSOR_IDENTIFIER=Intel64 Family 6 Model 122 Stepping 1, GenuineIntel



---------------  S Y S T E M  ---------------

OS:
 Windows 10 , 64 bit Build 19041 (10.0.19041.1348)
OS uptime: 10 days 19:33 hours

CPU: total 4 (initial active 4) (4 cores per cpu, 1 threads per core) family 6 model 122 stepping 1 microcode 0x2e, cx8, cmov, fxsr, mmx, 3dnowpref, sse, sse2, sse3, ssse3, sse4.1, sse4.2, popcnt, tsc, tscinvbit, aes, erms, clmul, sha, clflush, clflushopt

Memory: 4k page, system-wide physical 8014M (1246M free)
TotalPageFile size 12849M (AvailPageFile size 1721M)
current process WorkingSet (physical memory assigned to process): 131M, peak: 170M
current process commit charge ("private bytes"): 251M, peak: 290M

vm_info: Java HotSpot(TM) 64-Bit Server VM (16.0.2+7-67) for windows-amd64 JRE (16.0.2+7-67), built on Jun  8 2021 23:24:19 by "mach5one" with MS VC++ 16.7 (VS2019)

END.
