#
# A fatal error has been detected by the Java Runtime Environment:
#
#  EXCEPTION_ACCESS_VIOLATION (0xc0000005) at pc=0x00007ffe2fd66ab7, pid=19092, tid=20320
#
# JRE version: Java(TM) SE Runtime Environment (16.0.2+7) (build 16.0.2+7-67)
# Java VM: Java HotSpot(TM) 64-Bit Server VM (16.0.2+7-67, mixed mode, sharing, tiered, compressed oops, compressed class ptrs, g1 gc, windows-amd64)
# Problematic frame:
# C  [glass.dll+0x26ab7]
#
# No core dump will be written. Minidumps are not enabled by default on client versions of Windows
#
# If you would like to submit a bug report, please visit:
#   https://bugreport.java.com/bugreport/crash.jsp
#

---------------  S U M M A R Y ------------

Command Line: --module-path=C:/javafx-sdk-17.0.2/lib --add-modules=javafx.controls,javafx.fxml -javaagent:C:\Program Files\JetBrains\IntelliJ IDEA 2021.3.3\lib\idea_rt.jar=64828:C:\Program Files\JetBrains\IntelliJ IDEA 2021.3.3\bin -Dfile.encoding=UTF-8 forms.Main

Host: Intel(R) Pentium(R) Silver N5000 CPU @ 1.10GHz, 4 cores, 7G,  Windows 10 , 64 bit Build 19041 (10.0.19041.1566)
Time: Sun Apr  3 20:49:52 2022 RTZ 2 (s 10 , 64 bit Build 19041 (10.0.19041.1566) elapsed time: 310.196900 seconds (0d 0h 5m 10s)

---------------  T H R E A D  ---------------

Current thread (0x000002cba3102760):  VMThread "VM Thread" [stack: 0x000000d609300000,0x000000d609400000] [id=20320]

Stack: [0x000000d609300000,0x000000d609400000],  sp=0x000000d6093fefa0,  free space=1019k
Native frames: (J=compiled Java code, j=interpreted, Vv=VM code, C=native code)
C  [glass.dll+0x26ab7]


siginfo: EXCEPTION_ACCESS_VIOLATION (0xc0000005), reading address 0x0000000000000000


Register to memory mapping:

RIP=0x00007ffe2fd66ab7 glass.dll
RAX=0x0 is NULL
RBX=0x000002cba310f2a0 is a global jni handle
RCX=0x000002cba3102760 points into unknown readable memory: 0x00007ffe05cef638 | 38 f6 ce 05 fe 7f 00 00
RDX=0x000000d6093fefa0 points into unknown readable memory: 0x0000000000000000 | 00 00 00 00 00 00 00 00
RSP=0x000000d6093fefa0 points into unknown readable memory: 0x0000000000000000 | 00 00 00 00 00 00 00 00
RBP=0x000002cba3c78ed8 points into unknown readable memory: 0x0000d9f5c04b14c6 | c6 14 4b c0 f5 d9 00 00
RSI=0x000002cba3c78eb0 points into unknown readable memory: 0x001f267e35c4b3c6 | c6 b3 c4 35 7e 26 1f 00
RDI=0x0000d9f5c04b14c6 is an unknown value
R8 =0x0000000000010002 is an unknown value
R9 =0x0000d9f5c04b14c6 is an unknown value
R10=0x0000000000008000 is an unknown value
R11=0x000000d6093fef30 points into unknown readable memory: 0x0000000000000000 | 00 00 00 00 00 00 00 00
R12=0x00007ffe2fd64384 glass.dll
R13=0x000002cb83b9d390 points into unknown readable memory: 0x8000000900000001 | 01 00 00 00 09 00 00 80
R14=0x000000d6093ff098 points into unknown readable memory: 0x000000d6093ff080 | 80 f0 3f 09 d6 00 00 00
R15=0x000002cba3c78eb0 points into unknown readable memory: 0x001f267e35c4b3c6 | c6 b3 c4 35 7e 26 1f 00


Registers:
RAX=0x0000000000000000, RBX=0x000002cba310f2a0, RCX=0x000002cba3102760, RDX=0x000000d6093fefa0
RSP=0x000000d6093fefa0, RBP=0x000002cba3c78ed8, RSI=0x000002cba3c78eb0, RDI=0x0000d9f5c04b14c6
R8 =0x0000000000010002, R9 =0x0000d9f5c04b14c6, R10=0x0000000000008000, R11=0x000000d6093fef30
R12=0x00007ffe2fd64384, R13=0x000002cb83b9d390, R14=0x000000d6093ff098, R15=0x000002cba3c78eb0
RIP=0x00007ffe2fd66ab7, EFLAGS=0x0000000000010202

Top of Stack: (sp=0x000000d6093fefa0)
0x000000d6093fefa0:   0000000000000000 000002cba3c78eb0
0x000000d6093fefb0:   000002cb83b9d390 00007ffe2fd64384
0x000000d6093fefc0:   000002cba3c78eb8 00007ffe4ef142d6
0x000000d6093fefd0:   0000d9f5c04b14c6 000002cb00000000
0x000000d6093fefe0:   000002cba3c78ed8 000002cba3c78eb0
0x000000d6093feff0:   fffffffffffffffe 0000000000000000
0x000000d6093ff000:   0000000000000001 00007ffe2fd40000
0x000000d6093ff010:   000000d6093ff088 00007ffe4ef141fb
0x000000d6093ff020:   0000000000000000 000000d6093ff098
0x000000d6093ff030:   000000d6093ff360 00007ffe4eff0e40
0x000000d6093ff040:   0000000000000001 00007ffe4ef141b4
0x000000d6093ff050:   0000000000000000 0000000000000001
0x000000d6093ff060:   00007ffe00000001 000000d6093ff088
0x000000d6093ff070:   0000000000000000 00007ffe2fd64211
0x000000d6093ff080:   00007ffe2fd7a138 00007ffe00000002
0x000000d6093ff090:   0000000000000002 000000d6093ff080 

Instructions: (pc=0x00007ffe2fd66ab7)
0x00007ffe2fd669b7:   8b 4d 58 e8 01 cf ff ff 48 8b 4d 60 e8 f8 ce ff
0x00007ffe2fd669c7:   ff 48 8b 95 80 00 00 00 48 8b 8d 18 01 00 00 e8
0x00007ffe2fd669d7:   c6 c3 ff ff 33 d2 33 c9 e8 3c e1 ff ff 90 48 89
0x00007ffe2fd669e7:   54 24 10 55 48 83 ec 20 48 8b ea 48 b8 00 00 00
0x00007ffe2fd669f7:   00 00 00 00 00 48 83 c4 20 5d c3 cc 40 55 48 8b
0x00007ffe2fd66a07:   ea 48 8b 01 33 c9 81 38 05 00 00 c0 0f 94 c1 8b
0x00007ffe2fd66a17:   c1 5d c3 cc 40 55 48 83 ec 20 48 8b ea 8a 4d 40
0x00007ffe2fd66a27:   48 83 c4 20 5d e9 f7 d2 ff ff cc 40 55 48 83 ec
0x00007ffe2fd66a37:   20 48 8b ea 8a 4d 20 e8 e5 d2 ff ff 90 48 83 c4
0x00007ffe2fd66a47:   20 5d c3 cc 40 55 48 83 ec 20 48 8b ea 48 83 c4
0x00007ffe2fd66a57:   20 5d e9 46 d1 ff ff cc 40 55 48 83 ec 30 48 8b
0x00007ffe2fd66a67:   ea 48 8b 01 8b 10 48 89 4c 24 28 89 54 24 20 4c
0x00007ffe2fd66a77:   8d 0d e7 d5 ff ff 4c 8b 45 70 8b 55 68 48 8b 4d
0x00007ffe2fd66a87:   60 e8 87 d0 ff ff 90 48 83 c4 30 5d c3 cc cc cc
0x00007ffe2fd66a97:   cc cc cc cc cc cc cc cc cc 40 53 48 83 ec 20 48
0x00007ffe2fd66aa7:   8b 1d 83 30 01 00 48 85 db 74 16 e8 09 8b ff ff
0x00007ffe2fd66ab7:   4c 8b 00 48 8b d3 48 8b c8 41 ff 90 b0 00 00 00
0x00007ffe2fd66ac7:   90 48 83 c4 20 5b c3 cc cc 40 53 48 83 ec 20 48
0x00007ffe2fd66ad7:   8b 1d fb 31 01 00 48 85 db 74 57 b8 ff ff ff ff
0x00007ffe2fd66ae7:   f0 0f c1 43 10 83 f8 01 75 3d 48 85 db 74 38 48
0x00007ffe2fd66af7:   8b 0b 48 85 c9 74 0d ff 15 a4 07 00 00 48 c7 03
0x00007ffe2fd66b07:   00 00 00 00 48 8b 4b 08 48 85 c9 74 0d e8 a7 cd
0x00007ffe2fd66b17:   ff ff 48 c7 43 08 00 00 00 00 ba 18 00 00 00 48
0x00007ffe2fd66b27:   8b cb e8 92 cd ff ff 48 c7 05 9f 31 01 00 00 00
0x00007ffe2fd66b37:   00 00 48 83 c4 20 5b c3 cc 40 53 48 83 ec 20 48
0x00007ffe2fd66b47:   8b 1d 6b 31 01 00 48 85 db 74 57 b8 ff ff ff ff
0x00007ffe2fd66b57:   f0 0f c1 43 10 83 f8 01 75 3d 48 85 db 74 38 48
0x00007ffe2fd66b67:   8b 0b 48 85 c9 74 0d ff 15 34 07 00 00 48 c7 03
0x00007ffe2fd66b77:   00 00 00 00 48 8b 4b 08 48 85 c9 74 0d e8 37 cd
0x00007ffe2fd66b87:   ff ff 48 c7 43 08 00 00 00 00 ba 18 00 00 00 48
0x00007ffe2fd66b97:   8b cb e8 22 cd ff ff 48 c7 05 0f 31 01 00 00 00
0x00007ffe2fd66ba7:   00 00 48 83 c4 20 5b c3 cc 40 53 48 83 ec 20 48 


Stack slot to memory mapping:
stack at sp + 0 slots: 0x0 is NULL
stack at sp + 1 slots: 0x000002cba3c78eb0 points into unknown readable memory: 0x001f267e35c4b3c6 | c6 b3 c4 35 7e 26 1f 00
stack at sp + 2 slots: 0x000002cb83b9d390 points into unknown readable memory: 0x8000000900000001 | 01 00 00 00 09 00 00 80
stack at sp + 3 slots: 0x00007ffe2fd64384 glass.dll
stack at sp + 4 slots: 0x000002cba3c78eb8 points into unknown readable memory: 0x0000d9f5c04b14c6 | c6 14 4b c0 f5 d9 00 00
stack at sp + 5 slots: 0x00007ffe4ef142d6 ucrtbase.dll
stack at sp + 6 slots: 0x0000d9f5c04b14c6 is an unknown value
stack at sp + 7 slots: 0x000002cb00000000 is an unknown value

VM_Operation (0x000000d608cfecb0): Exit, mode: safepoint, requested by thread 0x000002cba4aa99b0


---------------  P R O C E S S  ---------------

Threads class SMR info:
_java_thread_list=0x000002cba3f54310, length=20, elements={
0x000002cb83b3fa10, 0x000002cba3108f60, 0x000002cba310b470, 0x000002cba311f630,
0x000002cba3120030, 0x000002cba3120a30, 0x000002cba3121810, 0x000002cba3126240,
0x000002cba318c600, 0x000002cba30e8560, 0x000002cba449ab00, 0x000002cba459c3b0,
0x000002cba459ae70, 0x000002cba459a3d0, 0x000002cba459a920, 0x000002cba4599930,
0x000002cba459c900, 0x000002cba4599e80, 0x000002cba459b910, 0x000002cba4aa99b0
}

Java Threads: ( => current thread )
  0x000002cb83b3fa10 JavaThread "main" [_thread_blocked, id=15856, stack(0x000000d608d00000,0x000000d608e00000)]
  0x000002cba3108f60 JavaThread "Reference Handler" daemon [_thread_blocked, id=9896, stack(0x000000d609400000,0x000000d609500000)]
  0x000002cba310b470 JavaThread "Finalizer" daemon [_thread_blocked, id=6416, stack(0x000000d609500000,0x000000d609600000)]
  0x000002cba311f630 JavaThread "Attach Listener" daemon [_thread_blocked, id=18044, stack(0x000000d609700000,0x000000d609800000)]
  0x000002cba3120030 JavaThread "Service Thread" daemon [_thread_blocked, id=19816, stack(0x000000d609800000,0x000000d609900000)]
  0x000002cba3120a30 JavaThread "Monitor Deflation Thread" daemon [_thread_blocked, id=18108, stack(0x000000d609900000,0x000000d609a00000)]
  0x000002cba3121810 JavaThread "C2 CompilerThread0" daemon [_thread_blocked, id=19348, stack(0x000000d609a00000,0x000000d609b00000)]
  0x000002cba3126240 JavaThread "C1 CompilerThread0" daemon [_thread_blocked, id=12376, stack(0x000000d609b00000,0x000000d609c00000)]
  0x000002cba318c600 JavaThread "Sweeper thread" daemon [_thread_blocked, id=14852, stack(0x000000d609c00000,0x000000d609d00000)]
  0x000002cba30e8560 JavaThread "Common-Cleaner" daemon [_thread_blocked, id=20208, stack(0x000000d609d00000,0x000000d609e00000)]
  0x000002cba449ab00 JavaThread "Monitor Ctrl-Break" daemon [_thread_in_native, id=7680, stack(0x000000d609f00000,0x000000d60a000000)]
  0x000002cba459c3b0 JavaThread "Notification Thread" daemon [_thread_blocked, id=19724, stack(0x000000d60a000000,0x000000d60a100000)]
  0x000002cba459ae70 JavaThread "QuantumRenderer-0" daemon [_thread_blocked, id=5060, stack(0x000000d60a200000,0x000000d60a300000)]
  0x000002cba459a3d0 JavaThread "InvokeLaterDispatcher" daemon [_thread_blocked, id=16996, stack(0x000000d60a600000,0x000000d60a700000)]
  0x000002cba459a920 JavaThread "JavaFX Application Thread" [_thread_in_native, id=8260, stack(0x000000d60a700000,0x000000d60a800000)]
  0x000002cba4599930 JavaThread "JavaFX-Launcher" [_thread_blocked, id=17892, stack(0x000000d60ad00000,0x000000d60ae00000)]
  0x000002cba459c900 JavaThread "Thread-2" daemon [_thread_in_native, id=11940, stack(0x000000d60ab00000,0x000000d60ac00000)]
  0x000002cba4599e80 JavaThread "Prism Font Disposer" daemon [_thread_blocked, id=18172, stack(0x000000d609e00000,0x000000d609f00000)]
  0x000002cba459b910 JavaThread "Cleaner-0" daemon [_thread_blocked, id=5176, stack(0x000000d60b000000,0x000000d60b100000)]
  0x000002cba4aa99b0 JavaThread "SIGINT handler" daemon [_thread_blocked, id=4416, stack(0x000000d608c00000,0x000000d608d00000)]

Other Threads:
=>0x000002cba3102760 VMThread "VM Thread" [stack: 0x000000d609300000,0x000000d609400000] [id=20320]
  0x000002cb83b79d70 GCTaskThread "GC Thread#0" [stack: 0x000000d608e00000,0x000000d608f00000] [id=12148]
  0x000002cba4b41cd0 GCTaskThread "GC Thread#1" [stack: 0x000000d60a300000,0x000000d60a400000] [id=18476]
  0x000002cba48e7bb0 GCTaskThread "GC Thread#2" [stack: 0x000000d60a400000,0x000000d60a500000] [id=17364]
  0x000002cba4598cd0 GCTaskThread "GC Thread#3" [stack: 0x000000d60a500000,0x000000d60a600000] [id=9004]
  0x000002cb83b8a830 ConcurrentGCThread "G1 Main Marker" terminated
  0x000002cb83b8b2a0 ConcurrentGCThread "G1 Conc#0" [stack: 0x000000d609000000,0x000000d609100000] [id=132]
  0x000002cb83c00660 ConcurrentGCThread "G1 Refine#0" terminated
  0x000002cb83c01880 ConcurrentGCThread "G1 Service" terminated

Threads with active compile tasks:

VM state: at safepoint (shutting down)

VM Mutex/Monitor currently owned by a thread:  ([mutex/lock_event])
[0x000002cb83b3be40] Threads_lock - owner thread: 0x000002cba3102760
[0x000002cb83b3b270] Heap_lock - owner thread: 0x000002cba4aa99b0

Heap address: 0x0000000082c00000, size: 2004 MB, Compressed Oops mode: 32-bit

CDS archive(s) mapped at: [0x0000000800000000-0x0000000800bb0000-0x0000000800bb0000), size 12255232, SharedBaseAddress: 0x0000000800000000, ArchiveRelocationMode: 0.
Compressed class space mapped at: 0x0000000800c00000-0x0000000840c00000, reserved size: 1073741824
Narrow klass base: 0x0000000800000000, Narrow klass shift: 3, Narrow klass range: 0x100000000

GC Precious Log:
 CPUs: 4 total, 4 available
 Memory: 8014M
 Large Page Support: Disabled
 NUMA Support: Disabled
 Compressed Oops: Enabled (32-bit)
 Heap Region Size: 1M
 Heap Min Capacity: 8M
 Heap Initial Capacity: 126M
 Heap Max Capacity: 2004M
 Pre-touch: Disabled
 Parallel Workers: 4
 Concurrent Workers: 1
 Concurrent Refinement Workers: 4
 Periodic GC: Disabled

Heap:
 garbage-first heap   total 129024K, used 73143K [0x0000000082c00000, 0x0000000100000000)
  region size 1024K, 65 young (66560K), 3 survivors (3072K)
 Metaspace       used 20872K, committed 21120K, reserved 1073152K
  class space    used 2821K, committed 2944K, reserved 1048576K

Heap Regions: E=young(eden), S=young(survivor), O=old, HS=humongous(starts), HC=humongous(continues), CS=collection set, F=free, OA=open archive, CA=closed archive, TAMS=top-at-mark-start (previous, next)
|   0|0x0000000082c00000, 0x0000000082d00000, 0x0000000082d00000|100%| O|  |TAMS 0x0000000082c00000, 0x0000000082c00000| Untracked 
|   1|0x0000000082d00000, 0x0000000082e00000, 0x0000000082e00000|100%| O|  |TAMS 0x0000000082d00000, 0x0000000082d00000| Untracked 
|   2|0x0000000082e00000, 0x0000000082efbe00, 0x0000000082f00000| 98%| O|  |TAMS 0x0000000082e00000, 0x0000000082e00000| Untracked 
|   3|0x0000000082f00000, 0x0000000083000000, 0x0000000083000000|100%|HS|  |TAMS 0x0000000082f00000, 0x0000000082f00000| Complete 
|   4|0x0000000083000000, 0x0000000083100000, 0x0000000083100000|100%|HC|  |TAMS 0x0000000083000000, 0x0000000083000000| Complete 
|   5|0x0000000083100000, 0x0000000083200000, 0x0000000083200000|100%|HS|  |TAMS 0x0000000083100000, 0x0000000083100000| Complete 
|   6|0x0000000083200000, 0x0000000083300000, 0x0000000083300000|100%|HS|  |TAMS 0x0000000083200000, 0x0000000083200000| Complete 
|   7|0x0000000083300000, 0x0000000083400000, 0x0000000083400000|100%|HC|  |TAMS 0x0000000083300000, 0x0000000083300000| Complete 
|   8|0x0000000083400000, 0x0000000083400000, 0x0000000083500000|  0%| F|  |TAMS 0x0000000083400000, 0x0000000083400000| Untracked 
|   9|0x0000000083500000, 0x0000000083500000, 0x0000000083600000|  0%| F|  |TAMS 0x0000000083500000, 0x0000000083500000| Untracked 
|  10|0x0000000083600000, 0x0000000083600000, 0x0000000083700000|  0%| F|  |TAMS 0x0000000083600000, 0x0000000083600000| Untracked 
|  11|0x0000000083700000, 0x0000000083700000, 0x0000000083800000|  0%| F|  |TAMS 0x0000000083700000, 0x0000000083700000| Untracked 
|  12|0x0000000083800000, 0x0000000083800000, 0x0000000083900000|  0%| F|  |TAMS 0x0000000083800000, 0x0000000083800000| Untracked 
|  13|0x0000000083900000, 0x0000000083900000, 0x0000000083a00000|  0%| F|  |TAMS 0x0000000083900000, 0x0000000083900000| Untracked 
|  14|0x0000000083a00000, 0x0000000083a00000, 0x0000000083b00000|  0%| F|  |TAMS 0x0000000083a00000, 0x0000000083a00000| Untracked 
|  15|0x0000000083b00000, 0x0000000083b00000, 0x0000000083c00000|  0%| F|  |TAMS 0x0000000083b00000, 0x0000000083b00000| Untracked 
|  16|0x0000000083c00000, 0x0000000083c00000, 0x0000000083d00000|  0%| F|  |TAMS 0x0000000083c00000, 0x0000000083c00000| Untracked 
|  17|0x0000000083d00000, 0x0000000083d00000, 0x0000000083e00000|  0%| F|  |TAMS 0x0000000083d00000, 0x0000000083d00000| Untracked 
|  18|0x0000000083e00000, 0x0000000083e00000, 0x0000000083f00000|  0%| F|  |TAMS 0x0000000083e00000, 0x0000000083e00000| Untracked 
|  19|0x0000000083f00000, 0x0000000083f00000, 0x0000000084000000|  0%| F|  |TAMS 0x0000000083f00000, 0x0000000083f00000| Untracked 
|  20|0x0000000084000000, 0x0000000084000000, 0x0000000084100000|  0%| F|  |TAMS 0x0000000084000000, 0x0000000084000000| Untracked 
|  21|0x0000000084100000, 0x0000000084100000, 0x0000000084200000|  0%| F|  |TAMS 0x0000000084100000, 0x0000000084100000| Untracked 
|  22|0x0000000084200000, 0x0000000084200000, 0x0000000084300000|  0%| F|  |TAMS 0x0000000084200000, 0x0000000084200000| Untracked 
|  23|0x0000000084300000, 0x0000000084300000, 0x0000000084400000|  0%| F|  |TAMS 0x0000000084300000, 0x0000000084300000| Untracked 
|  24|0x0000000084400000, 0x0000000084400000, 0x0000000084500000|  0%| F|  |TAMS 0x0000000084400000, 0x0000000084400000| Untracked 
|  25|0x0000000084500000, 0x0000000084500000, 0x0000000084600000|  0%| F|  |TAMS 0x0000000084500000, 0x0000000084500000| Untracked 
|  26|0x0000000084600000, 0x0000000084600000, 0x0000000084700000|  0%| F|  |TAMS 0x0000000084600000, 0x0000000084600000| Untracked 
|  27|0x0000000084700000, 0x0000000084700000, 0x0000000084800000|  0%| F|  |TAMS 0x0000000084700000, 0x0000000084700000| Untracked 
|  28|0x0000000084800000, 0x0000000084800000, 0x0000000084900000|  0%| F|  |TAMS 0x0000000084800000, 0x0000000084800000| Untracked 
|  29|0x0000000084900000, 0x0000000084900000, 0x0000000084a00000|  0%| F|  |TAMS 0x0000000084900000, 0x0000000084900000| Untracked 
|  30|0x0000000084a00000, 0x0000000084a00000, 0x0000000084b00000|  0%| F|  |TAMS 0x0000000084a00000, 0x0000000084a00000| Untracked 
|  31|0x0000000084b00000, 0x0000000084b00000, 0x0000000084c00000|  0%| F|  |TAMS 0x0000000084b00000, 0x0000000084b00000| Untracked 
|  32|0x0000000084c00000, 0x0000000084c00000, 0x0000000084d00000|  0%| F|  |TAMS 0x0000000084c00000, 0x0000000084c00000| Untracked 
|  33|0x0000000084d00000, 0x0000000084d00000, 0x0000000084e00000|  0%| F|  |TAMS 0x0000000084d00000, 0x0000000084d00000| Untracked 
|  34|0x0000000084e00000, 0x0000000084e00000, 0x0000000084f00000|  0%| F|  |TAMS 0x0000000084e00000, 0x0000000084e00000| Untracked 
|  35|0x0000000084f00000, 0x0000000084f00000, 0x0000000085000000|  0%| F|  |TAMS 0x0000000084f00000, 0x0000000084f00000| Untracked 
|  36|0x0000000085000000, 0x0000000085000000, 0x0000000085100000|  0%| F|  |TAMS 0x0000000085000000, 0x0000000085000000| Untracked 
|  37|0x0000000085100000, 0x0000000085100000, 0x0000000085200000|  0%| F|  |TAMS 0x0000000085100000, 0x0000000085100000| Untracked 
|  38|0x0000000085200000, 0x0000000085200000, 0x0000000085300000|  0%| F|  |TAMS 0x0000000085200000, 0x0000000085200000| Untracked 
|  39|0x0000000085300000, 0x0000000085300000, 0x0000000085400000|  0%| F|  |TAMS 0x0000000085300000, 0x0000000085300000| Untracked 
|  40|0x0000000085400000, 0x0000000085400000, 0x0000000085500000|  0%| F|  |TAMS 0x0000000085400000, 0x0000000085400000| Untracked 
|  41|0x0000000085500000, 0x0000000085500000, 0x0000000085600000|  0%| F|  |TAMS 0x0000000085500000, 0x0000000085500000| Untracked 
|  42|0x0000000085600000, 0x0000000085600000, 0x0000000085700000|  0%| F|  |TAMS 0x0000000085600000, 0x0000000085600000| Untracked 
|  43|0x0000000085700000, 0x0000000085700000, 0x0000000085800000|  0%| F|  |TAMS 0x0000000085700000, 0x0000000085700000| Untracked 
|  44|0x0000000085800000, 0x0000000085800000, 0x0000000085900000|  0%| F|  |TAMS 0x0000000085800000, 0x0000000085800000| Untracked 
|  45|0x0000000085900000, 0x0000000085900000, 0x0000000085a00000|  0%| F|  |TAMS 0x0000000085900000, 0x0000000085900000| Untracked 
|  46|0x0000000085a00000, 0x0000000085a00000, 0x0000000085b00000|  0%| F|  |TAMS 0x0000000085a00000, 0x0000000085a00000| Untracked 
|  47|0x0000000085b00000, 0x0000000085b00000, 0x0000000085c00000|  0%| F|  |TAMS 0x0000000085b00000, 0x0000000085b00000| Untracked 
|  48|0x0000000085c00000, 0x0000000085c00000, 0x0000000085d00000|  0%| F|  |TAMS 0x0000000085c00000, 0x0000000085c00000| Untracked 
|  49|0x0000000085d00000, 0x0000000085d00000, 0x0000000085e00000|  0%| F|  |TAMS 0x0000000085d00000, 0x0000000085d00000| Untracked 
|  50|0x0000000085e00000, 0x0000000085e00000, 0x0000000085f00000|  0%| F|  |TAMS 0x0000000085e00000, 0x0000000085e00000| Untracked 
|  51|0x0000000085f00000, 0x0000000085f00000, 0x0000000086000000|  0%| F|  |TAMS 0x0000000085f00000, 0x0000000085f00000| Untracked 
|  52|0x0000000086000000, 0x0000000086000000, 0x0000000086100000|  0%| F|  |TAMS 0x0000000086000000, 0x0000000086000000| Untracked 
|  53|0x0000000086100000, 0x0000000086100000, 0x0000000086200000|  0%| F|  |TAMS 0x0000000086100000, 0x0000000086100000| Untracked 
|  54|0x0000000086200000, 0x0000000086200000, 0x0000000086300000|  0%| F|  |TAMS 0x0000000086200000, 0x0000000086200000| Untracked 
|  55|0x0000000086300000, 0x0000000086300000, 0x0000000086400000|  0%| F|  |TAMS 0x0000000086300000, 0x0000000086300000| Untracked 
|  56|0x0000000086400000, 0x0000000086400000, 0x0000000086500000|  0%| F|  |TAMS 0x0000000086400000, 0x0000000086400000| Untracked 
|  57|0x0000000086500000, 0x0000000086500000, 0x0000000086600000|  0%| F|  |TAMS 0x0000000086500000, 0x0000000086500000| Untracked 
|  58|0x0000000086600000, 0x0000000086600000, 0x0000000086700000|  0%| F|  |TAMS 0x0000000086600000, 0x0000000086600000| Untracked 
|  59|0x0000000086700000, 0x0000000086700000, 0x0000000086800000|  0%| F|  |TAMS 0x0000000086700000, 0x0000000086700000| Untracked 
|  60|0x0000000086800000, 0x0000000086800000, 0x0000000086900000|  0%| F|  |TAMS 0x0000000086800000, 0x0000000086800000| Untracked 
|  61|0x0000000086900000, 0x00000000869ddb40, 0x0000000086a00000| 86%| E|  |TAMS 0x0000000086900000, 0x0000000086900000| Complete 
|  62|0x0000000086a00000, 0x0000000086b00000, 0x0000000086b00000|100%| E|CS|TAMS 0x0000000086a00000, 0x0000000086a00000| Complete 
|  63|0x0000000086b00000, 0x0000000086c00000, 0x0000000086c00000|100%| E|CS|TAMS 0x0000000086b00000, 0x0000000086b00000| Complete 
|  64|0x0000000086c00000, 0x0000000086d00000, 0x0000000086d00000|100%| E|CS|TAMS 0x0000000086c00000, 0x0000000086c00000| Complete 
|  65|0x0000000086d00000, 0x0000000086e00000, 0x0000000086e00000|100%| E|CS|TAMS 0x0000000086d00000, 0x0000000086d00000| Complete 
|  66|0x0000000086e00000, 0x0000000086f00000, 0x0000000086f00000|100%| E|CS|TAMS 0x0000000086e00000, 0x0000000086e00000| Complete 
|  67|0x0000000086f00000, 0x0000000087000000, 0x0000000087000000|100%| E|CS|TAMS 0x0000000086f00000, 0x0000000086f00000| Complete 
|  68|0x0000000087000000, 0x0000000087100000, 0x0000000087100000|100%| E|CS|TAMS 0x0000000087000000, 0x0000000087000000| Complete 
|  69|0x0000000087100000, 0x0000000087200000, 0x0000000087200000|100%| E|CS|TAMS 0x0000000087100000, 0x0000000087100000| Complete 
|  70|0x0000000087200000, 0x0000000087300000, 0x0000000087300000|100%| E|CS|TAMS 0x0000000087200000, 0x0000000087200000| Complete 
|  71|0x0000000087300000, 0x0000000087400000, 0x0000000087400000|100%| E|CS|TAMS 0x0000000087300000, 0x0000000087300000| Complete 
|  72|0x0000000087400000, 0x0000000087500000, 0x0000000087500000|100%| E|CS|TAMS 0x0000000087400000, 0x0000000087400000| Complete 
|  73|0x0000000087500000, 0x0000000087600000, 0x0000000087600000|100%| E|CS|TAMS 0x0000000087500000, 0x0000000087500000| Complete 
|  74|0x0000000087600000, 0x0000000087700000, 0x0000000087700000|100%| E|CS|TAMS 0x0000000087600000, 0x0000000087600000| Complete 
|  75|0x0000000087700000, 0x0000000087800000, 0x0000000087800000|100%| E|CS|TAMS 0x0000000087700000, 0x0000000087700000| Complete 
|  76|0x0000000087800000, 0x0000000087900000, 0x0000000087900000|100%| E|CS|TAMS 0x0000000087800000, 0x0000000087800000| Complete 
|  77|0x0000000087900000, 0x0000000087a00000, 0x0000000087a00000|100%| E|CS|TAMS 0x0000000087900000, 0x0000000087900000| Complete 
|  78|0x0000000087a00000, 0x0000000087b00000, 0x0000000087b00000|100%| E|CS|TAMS 0x0000000087a00000, 0x0000000087a00000| Complete 
|  79|0x0000000087b00000, 0x0000000087c00000, 0x0000000087c00000|100%| E|CS|TAMS 0x0000000087b00000, 0x0000000087b00000| Complete 
|  80|0x0000000087c00000, 0x0000000087d00000, 0x0000000087d00000|100%| E|CS|TAMS 0x0000000087c00000, 0x0000000087c00000| Complete 
|  81|0x0000000087d00000, 0x0000000087e00000, 0x0000000087e00000|100%| E|CS|TAMS 0x0000000087d00000, 0x0000000087d00000| Complete 
|  82|0x0000000087e00000, 0x0000000087f00000, 0x0000000087f00000|100%| E|CS|TAMS 0x0000000087e00000, 0x0000000087e00000| Complete 
|  83|0x0000000087f00000, 0x0000000088000000, 0x0000000088000000|100%| E|CS|TAMS 0x0000000087f00000, 0x0000000087f00000| Complete 
|  84|0x0000000088000000, 0x0000000088100000, 0x0000000088100000|100%| E|CS|TAMS 0x0000000088000000, 0x0000000088000000| Complete 
|  85|0x0000000088100000, 0x0000000088200000, 0x0000000088200000|100%| E|CS|TAMS 0x0000000088100000, 0x0000000088100000| Complete 
|  86|0x0000000088200000, 0x0000000088300000, 0x0000000088300000|100%| E|CS|TAMS 0x0000000088200000, 0x0000000088200000| Complete 
|  87|0x0000000088300000, 0x0000000088400000, 0x0000000088400000|100%| E|CS|TAMS 0x0000000088300000, 0x0000000088300000| Complete 
|  88|0x0000000088400000, 0x0000000088500000, 0x0000000088500000|100%| E|CS|TAMS 0x0000000088400000, 0x0000000088400000| Complete 
|  89|0x0000000088500000, 0x0000000088600000, 0x0000000088600000|100%| E|CS|TAMS 0x0000000088500000, 0x0000000088500000| Complete 
|  90|0x0000000088600000, 0x0000000088700000, 0x0000000088700000|100%| E|CS|TAMS 0x0000000088600000, 0x0000000088600000| Complete 
|  91|0x0000000088700000, 0x0000000088800000, 0x0000000088800000|100%| E|CS|TAMS 0x0000000088700000, 0x0000000088700000| Complete 
|  92|0x0000000088800000, 0x0000000088900000, 0x0000000088900000|100%| E|CS|TAMS 0x0000000088800000, 0x0000000088800000| Complete 
|  93|0x0000000088900000, 0x0000000088a00000, 0x0000000088a00000|100%| E|CS|TAMS 0x0000000088900000, 0x0000000088900000| Complete 
|  94|0x0000000088a00000, 0x0000000088b00000, 0x0000000088b00000|100%| E|CS|TAMS 0x0000000088a00000, 0x0000000088a00000| Complete 
|  95|0x0000000088b00000, 0x0000000088c00000, 0x0000000088c00000|100%| E|CS|TAMS 0x0000000088b00000, 0x0000000088b00000| Complete 
|  96|0x0000000088c00000, 0x0000000088d00000, 0x0000000088d00000|100%| E|CS|TAMS 0x0000000088c00000, 0x0000000088c00000| Complete 
|  97|0x0000000088d00000, 0x0000000088e00000, 0x0000000088e00000|100%| E|CS|TAMS 0x0000000088d00000, 0x0000000088d00000| Complete 
|  98|0x0000000088e00000, 0x0000000088f00000, 0x0000000088f00000|100%| E|CS|TAMS 0x0000000088e00000, 0x0000000088e00000| Complete 
|  99|0x0000000088f00000, 0x0000000089000000, 0x0000000089000000|100%| E|CS|TAMS 0x0000000088f00000, 0x0000000088f00000| Complete 
| 100|0x0000000089000000, 0x0000000089100000, 0x0000000089100000|100%| E|CS|TAMS 0x0000000089000000, 0x0000000089000000| Complete 
| 101|0x0000000089100000, 0x0000000089200000, 0x0000000089200000|100%| E|CS|TAMS 0x0000000089100000, 0x0000000089100000| Complete 
| 102|0x0000000089200000, 0x0000000089300000, 0x0000000089300000|100%| E|CS|TAMS 0x0000000089200000, 0x0000000089200000| Complete 
| 103|0x0000000089300000, 0x0000000089400000, 0x0000000089400000|100%| E|CS|TAMS 0x0000000089300000, 0x0000000089300000| Complete 
| 104|0x0000000089400000, 0x0000000089500000, 0x0000000089500000|100%| E|CS|TAMS 0x0000000089400000, 0x0000000089400000| Complete 
| 105|0x0000000089500000, 0x0000000089600000, 0x0000000089600000|100%| E|CS|TAMS 0x0000000089500000, 0x0000000089500000| Complete 
| 106|0x0000000089600000, 0x0000000089672038, 0x0000000089700000| 44%| S|CS|TAMS 0x0000000089600000, 0x0000000089600000| Complete 
| 107|0x0000000089700000, 0x0000000089800000, 0x0000000089800000|100%| S|CS|TAMS 0x0000000089700000, 0x0000000089700000| Complete 
| 108|0x0000000089800000, 0x0000000089900000, 0x0000000089900000|100%| S|CS|TAMS 0x0000000089800000, 0x0000000089800000| Complete 
| 109|0x0000000089900000, 0x0000000089a00000, 0x0000000089a00000|100%| E|CS|TAMS 0x0000000089900000, 0x0000000089900000| Complete 
| 110|0x0000000089a00000, 0x0000000089b00000, 0x0000000089b00000|100%| E|CS|TAMS 0x0000000089a00000, 0x0000000089a00000| Complete 
| 111|0x0000000089b00000, 0x0000000089c00000, 0x0000000089c00000|100%| E|CS|TAMS 0x0000000089b00000, 0x0000000089b00000| Complete 
| 112|0x0000000089c00000, 0x0000000089d00000, 0x0000000089d00000|100%| E|CS|TAMS 0x0000000089c00000, 0x0000000089c00000| Complete 
| 113|0x0000000089d00000, 0x0000000089e00000, 0x0000000089e00000|100%| E|CS|TAMS 0x0000000089d00000, 0x0000000089d00000| Complete 
| 114|0x0000000089e00000, 0x0000000089f00000, 0x0000000089f00000|100%| E|CS|TAMS 0x0000000089e00000, 0x0000000089e00000| Complete 
| 115|0x0000000089f00000, 0x000000008a000000, 0x000000008a000000|100%| E|CS|TAMS 0x0000000089f00000, 0x0000000089f00000| Complete 
| 116|0x000000008a000000, 0x000000008a100000, 0x000000008a100000|100%| E|CS|TAMS 0x000000008a000000, 0x000000008a000000| Complete 
| 117|0x000000008a100000, 0x000000008a200000, 0x000000008a200000|100%| E|CS|TAMS 0x000000008a100000, 0x000000008a100000| Complete 
| 118|0x000000008a200000, 0x000000008a300000, 0x000000008a300000|100%| E|CS|TAMS 0x000000008a200000, 0x000000008a200000| Complete 
| 119|0x000000008a300000, 0x000000008a400000, 0x000000008a400000|100%| E|CS|TAMS 0x000000008a300000, 0x000000008a300000| Complete 
| 120|0x000000008a400000, 0x000000008a500000, 0x000000008a500000|100%| E|CS|TAMS 0x000000008a400000, 0x000000008a400000| Complete 
| 121|0x000000008a500000, 0x000000008a600000, 0x000000008a600000|100%| E|CS|TAMS 0x000000008a500000, 0x000000008a500000| Complete 
| 122|0x000000008a600000, 0x000000008a700000, 0x000000008a700000|100%| E|CS|TAMS 0x000000008a600000, 0x000000008a600000| Complete 
| 123|0x000000008a700000, 0x000000008a800000, 0x000000008a800000|100%| E|CS|TAMS 0x000000008a700000, 0x000000008a700000| Complete 
| 124|0x000000008a800000, 0x000000008a900000, 0x000000008a900000|100%| E|CS|TAMS 0x000000008a800000, 0x000000008a800000| Complete 
| 125|0x000000008a900000, 0x000000008aa00000, 0x000000008aa00000|100%| E|CS|TAMS 0x000000008a900000, 0x000000008a900000| Complete 

Card table byte_map: [0x000002cb9c4a0000,0x000002cb9c890000] _byte_map_base: 0x000002cb9c08a000

Marking Bits (Prev, Next): (CMBitMap*) 0x000002cb83b7a3e0, (CMBitMap*) 0x000002cb83b7a420
 Prev Bits: [0x000002cb9cc80000, 0x000002cb9ebd0000)
 Next Bits: [0x000002cb9ebd0000, 0x000002cba0b20000)

Polling page: 0x000002cb83c10000

Metaspace:

Usage:
  Non-class:     17.63 MB used.
      Class:      2.76 MB used.
       Both:     20.38 MB used.

Virtual space:
  Non-class space:       24.00 MB reserved,      17.75 MB ( 74%) committed,  3 nodes.
      Class space:        1.00 GB reserved,       2.88 MB ( <1%) committed,  1 nodes.
              Both:        1.02 GB reserved,      20.62 MB (  2%) committed. 

Chunk freelists:
   Non-Class:  2.17 MB
       Class:  1.14 MB
        Both:  3.31 MB

MaxMetaspaceSize: 17179869184.00 GB
CompressedClassSpaceSize: 1.00 GB
 - commit_granule_bytes: 65536.
 - commit_granule_words: 8192.
 - virtual_space_node_default_size: 1048576.
 - enlarge_chunks_in_place: 1.
 - new_chunks_are_fully_committed: 0.
 - uncommit_free_chunks: 1.
 - use_allocation_guard: 0.
 - handle_deallocations: 1.


Internal statistics:

num_allocs_failed_limit: 0.
num_arena_births: 204.
num_arena_deaths: 0.
num_vsnodes_births: 4.
num_vsnodes_deaths: 0.
num_space_committed: 330.
num_space_uncommitted: 0.
num_chunks_returned_to_freelist: 0.
num_chunks_taken_from_freelist: 896.
num_chunk_merges: 0.
num_chunk_splits: 625.
num_chunks_enlarged: 502.
num_purges: 0.

CodeHeap 'non-profiled nmethods': size=120000Kb used=1783Kb max_used=1783Kb free=118216Kb
 bounds [0x000002cb94560000, 0x000002cb947d0000, 0x000002cb9ba90000]
CodeHeap 'profiled nmethods': size=120000Kb used=8543Kb max_used=8543Kb free=111456Kb
 bounds [0x000002cb8d030000, 0x000002cb8d890000, 0x000002cb94560000]
CodeHeap 'non-nmethods': size=5760Kb used=1470Kb max_used=1533Kb free=4289Kb
 bounds [0x000002cb8ca90000, 0x000002cb8cd00000, 0x000002cb8d030000]
 total_blobs=5043 nmethods=4206 adapters=750
 compilation: enabled
              stopped_count=0, restarted_count=0
 full_count=0

Compilation events (20 events):
Event: 151.972 Thread 0x000002cba3121810 4204       4       com.sun.javafx.event.CompositeEventHandler::find (44 bytes)
Event: 151.980 Thread 0x000002cba3121810 nmethod 4204 0x000002cb94719a90 code [0x000002cb94719c20, 0x000002cb94719d78]
Event: 152.267 Thread 0x000002cba3121810 4205       4       com.sun.javafx.css.PseudoClassState::getIndex (9 bytes)
Event: 152.270 Thread 0x000002cba3121810 nmethod 4205 0x000002cb94719e90 code [0x000002cb9471a020, 0x000002cb9471a0d8]
Event: 152.398 Thread 0x000002cba3121810 4206       4       com.sun.javafx.event.EventHandlerManager::dispatchBubblingEvent (23 bytes)
Event: 152.453 Thread 0x000002cba3121810 nmethod 4206 0x000002cb9471a190 code [0x000002cb9471a400, 0x000002cb9471ae10]
Event: 152.666 Thread 0x000002cba3121810 4207       4       com.sun.javafx.scene.EnteredExitedHandler::dispatchCapturingEvent (222 bytes)
Event: 152.720 Thread 0x000002cba3121810 nmethod 4207 0x000002cb9471b810 code [0x000002cb9471ba20, 0x000002cb9471c4b8]
Event: 154.474 Thread 0x000002cba3126240 4208       3       javafx.scene.Scene$TargetWrapper::fillHierarchy (63 bytes)
Event: 154.476 Thread 0x000002cba3126240 nmethod 4208 0x000002cb8d887090 code [0x000002cb8d8872a0, 0x000002cb8d887b78]
Event: 154.646 Thread 0x000002cba3121810 4209  s!   4       com.sun.javafx.tk.Toolkit::getToolkit (244 bytes)
Event: 154.649 Thread 0x000002cba3121810 nmethod 4209 0x000002cb9471ca10 code [0x000002cb9471cba0, 0x000002cb9471cd58]
Event: 155.479 Thread 0x000002cba3121810 4210       4       com.sun.javafx.geom.PickRay::setDirection (12 bytes)
Event: 155.481 Thread 0x000002cba3121810 nmethod 4210 0x000002cb9471ce10 code [0x000002cb9471cfa0, 0x000002cb9471d058]
Event: 155.500 Thread 0x000002cba3121810 4211       4       com.sun.javafx.event.CompositeEventDispatcher::dispatchBubblingEvent (35 bytes)
Event: 155.505 Thread 0x000002cba3121810 nmethod 4211 0x000002cb9471d110 code [0x000002cb9471d2a0, 0x000002cb9471d398]
Event: 155.527 Thread 0x000002cba3121810 4212       4       com.sun.glass.ui.win.WinApplication::staticView_getMultiClickMaxX (4 bytes)
Event: 155.528 Thread 0x000002cba3121810 nmethod 4212 0x000002cb9471d510 code [0x000002cb9471d680, 0x000002cb9471d6f8]
Event: 155.534 Thread 0x000002cba3121810 4213       4       java.util.EnumMap$ValueIterator::next (50 bytes)
Event: 155.547 Thread 0x000002cba3121810 nmethod 4213 0x000002cb9471d810 code [0x000002cb9471d9a0, 0x000002cb9471db98]

GC Heap History (4 events):
Event: 0.934 GC heap before
{Heap before GC invocations=0 (full 0):
 garbage-first heap   total 129024K, used 12288K [0x0000000082c00000, 0x0000000100000000)
  region size 1024K, 13 young (13312K), 0 survivors (0K)
 Metaspace       used 2614K, committed 2752K, reserved 1056768K
  class space    used 267K, committed 320K, reserved 1048576K
}
Event: 0.947 GC heap after
{Heap after GC invocations=1 (full 0):
 garbage-first heap   total 129024K, used 3250K [0x0000000082c00000, 0x0000000100000000)
  region size 1024K, 2 young (2048K), 2 survivors (2048K)
 Metaspace       used 2614K, committed 2752K, reserved 1056768K
  class space    used 267K, committed 320K, reserved 1048576K
}
Event: 1.484 GC heap before
{Heap before GC invocations=1 (full 0):
 garbage-first heap   total 129024K, used 17586K [0x0000000082c00000, 0x0000000100000000)
  region size 1024K, 17 young (17408K), 2 survivors (2048K)
 Metaspace       used 7477K, committed 7680K, reserved 1056768K
  class space    used 883K, committed 960K, reserved 1048576K
}
Event: 1.490 GC heap after
{Heap after GC invocations=2 (full 0):
 garbage-first heap   total 129024K, used 5559K [0x0000000082c00000, 0x0000000100000000)
  region size 1024K, 3 young (3072K), 3 survivors (3072K)
 Metaspace       used 7477K, committed 7680K, reserved 1056768K
  class space    used 883K, committed 960K, reserved 1048576K
}

Deoptimization events (20 events):
Event: 20.615 Thread 0x000002cba459ae70 DEOPT PACKING pc=0x000002cb8d74b2e2 sp=0x000000d60a2fdea0
Event: 20.615 Thread 0x000002cba459ae70 DEOPT UNPACKING pc=0x000002cb8caddeaf sp=0x000000d60a2fd2d8 mode 0
Event: 20.793 Thread 0x000002cba459ae70 DEOPT PACKING pc=0x000002cb8d74b2e2 sp=0x000000d60a2fdea0
Event: 20.793 Thread 0x000002cba459ae70 DEOPT UNPACKING pc=0x000002cb8caddeaf sp=0x000000d60a2fd2d8 mode 0
Event: 38.873 Thread 0x000002cba459a920 Uncommon trap: trap_request=0xffffff45 fr.pc=0x000002cb9463c304 relative=0x0000000000000064
Event: 38.873 Thread 0x000002cba459a920 Uncommon trap: reason=unstable_if action=reinterpret pc=0x000002cb9463c304 method=java.lang.StringConcatHelper.mix(JLjava/lang/String;)J @ 13 c2
Event: 38.873 Thread 0x000002cba459a920 DEOPT PACKING pc=0x000002cb9463c304 sp=0x000000d60a7f78c0
Event: 38.873 Thread 0x000002cba459a920 DEOPT UNPACKING pc=0x000002cb8cadd728 sp=0x000000d60a7f7840 mode 2
Event: 39.027 Thread 0x000002cba459a920 Uncommon trap: trap_request=0xffffff45 fr.pc=0x000002cb945a514c relative=0x000000000000048c
Event: 39.027 Thread 0x000002cba459a920 Uncommon trap: reason=unstable_if action=reinterpret pc=0x000002cb945a514c method=java.lang.AbstractStringBuilder.putStringAt(ILjava/lang/String;II)V @ 8 c2
Event: 39.027 Thread 0x000002cba459a920 DEOPT PACKING pc=0x000002cb945a514c sp=0x000000d60a7f7360
Event: 39.027 Thread 0x000002cba459a920 DEOPT UNPACKING pc=0x000002cb8cadd728 sp=0x000000d60a7f71e8 mode 2
Event: 39.027 Thread 0x000002cba459a920 Uncommon trap: trap_request=0xffffff45 fr.pc=0x000002cb945aaa40 relative=0x0000000000000480
Event: 39.027 Thread 0x000002cba459a920 Uncommon trap: reason=unstable_if action=reinterpret pc=0x000002cb945aaa40 method=java.lang.AbstractStringBuilder.putStringAt(ILjava/lang/String;II)V @ 8 c2
Event: 39.027 Thread 0x000002cba459a920 DEOPT PACKING pc=0x000002cb945aaa40 sp=0x000000d60a7f72f0
Event: 39.027 Thread 0x000002cba459a920 DEOPT UNPACKING pc=0x000002cb8cadd728 sp=0x000000d60a7f71e0 mode 2
Event: 39.027 Thread 0x000002cba459a920 Uncommon trap: trap_request=0xffffff45 fr.pc=0x000002cb945a45c8 relative=0x0000000000000128
Event: 39.027 Thread 0x000002cba459a920 Uncommon trap: reason=unstable_if action=reinterpret pc=0x000002cb945a45c8 method=java.lang.AbstractStringBuilder.putStringAt(ILjava/lang/String;II)V @ 8 c2
Event: 39.027 Thread 0x000002cba459a920 DEOPT PACKING pc=0x000002cb945a45c8 sp=0x000000d60a7f7220
Event: 39.027 Thread 0x000002cba459a920 DEOPT UNPACKING pc=0x000002cb8cadd728 sp=0x000000d60a7f71e8 mode 2

Classes unloaded (0 events):
No events

Classes redefined (0 events):
No events

Internal exceptions (20 events):
Event: 1.565 Thread 0x000002cba459a920 Exception <a 'java/lang/NoSuchMethodError'{0x000000008a70d918}: 'void java.lang.invoke.DirectMethodHandle$Holder.invokeStaticInit(java.lang.Object, java.lang.Object)'> (0x000000008a70d918) 
thrown [t:\workspace\open\src\hotspot\share\interpreter\linkResolver.cpp, line 790]
Event: 1.582 Thread 0x000002cba459a920 Exception <a 'java/lang/NoSuchMethodError'{0x000000008a78e540}: 'void java.lang.invoke.DirectMethodHandle$Holder.invokeSpecial(java.lang.Object, java.lang.Object, java.lang.Object, java.lang.Object, java.lang.Object)'> (0x000000008a78e540) 
thrown [t:\workspace\open\src\hotspot\share\interpreter\linkResolver.cpp, line 790]
Event: 1.824 Thread 0x000002cba459a920 Implicit null exception at 0x000002cb945b800a to 0x000002cb945b835c
Event: 1.825 Thread 0x000002cba459a920 Implicit null exception at 0x000002cb945b890c to 0x000002cb945b8ca4
Event: 2.032 Thread 0x000002cba459a920 Exception <a 'java/lang/ClassNotFoundException'{0x0000000089dab0d8}: com/sun/javafx/scene/control/skin/resources/controls> (0x0000000089dab0d8) 
thrown [t:\workspace\open\src\hotspot\share\prims\jni.cpp, line 600]
Event: 2.034 Thread 0x000002cba459a920 Exception <a 'java/lang/ClassNotFoundException'{0x0000000089db9078}: com/sun/javafx/scene/control/skin/resources/controls_ru> (0x0000000089db9078) 
thrown [t:\workspace\open\src\hotspot\share\prims\jni.cpp, line 600]
Event: 2.035 Thread 0x000002cba459a920 Exception <a 'java/lang/ClassNotFoundException'{0x0000000089dba700}: com/sun/javafx/scene/control/skin/resources/controls_ru_RU> (0x0000000089dba700) 
thrown [t:\workspace\open\src\hotspot\share\prims\jni.cpp, line 600]
Event: 2.099 Thread 0x000002cba459a920 Exception <a 'java/lang/NoSuchMethodError'{0x0000000089b7d3f0}: 'void java.lang.invoke.DirectMethodHandle$Holder.invokeSpecial(java.lang.Object, java.lang.Object, java.lang.Object, java.lang.Object, java.lang.Object, java.lang.Object)'> (0x0000000089b7d3f0) 
thrown [t:\workspace\open\src\hotspot\share\interpreter\linkResolver.cpp, line 790]
Event: 2.170 Thread 0x000002cba459a920 Exception <a 'java/lang/NoSuchMethodError'{0x0000000089578588}: 'java.lang.Object java.lang.invoke.DirectMethodHandle$Holder.invokeInterface(java.lang.Object, java.lang.Object, java.lang.Object)'> (0x0000000089578588) 
thrown [t:\workspace\open\src\hotspot\share\interpreter\linkResolver.cpp, line 790]
Event: 2.170 Thread 0x000002cba459a920 Exception <a 'java/lang/IncompatibleClassChangeError'{0x000000008957c108}: Found class java.lang.Object, but interface was expected> (0x000000008957c108) 
thrown [t:\workspace\open\src\hotspot\share\interpreter\linkResolver.cpp, line 857]
Event: 2.270 Thread 0x000002cba459a920 Exception <a 'java/lang/NoSuchMethodError'{0x000000008935bd48}: 'java.lang.Object java.lang.invoke.DirectMethodHandle$Holder.newInvokeSpecial(java.lang.Object, java.lang.Object, int)'> (0x000000008935bd48) 
thrown [t:\workspace\open\src\hotspot\share\interpreter\linkResolver.cpp, line 790]
Event: 2.301 Thread 0x000002cba459ae70 Exception <a 'java/lang/NoSuchMethodError'{0x000000008929a8f8}: 'int java.lang.invoke.DirectMethodHandle$Holder.invokeStaticInit(java.lang.Object, java.lang.Object)'> (0x000000008929a8f8) 
thrown [t:\workspace\open\src\hotspot\share\interpreter\linkResolver.cpp, line 790]
Event: 2.309 Thread 0x000002cba459a920 Exception <a 'java/lang/NoSuchMethodError'{0x000000008923cfd8}: 'long java.lang.invoke.DirectMethodHandle$Holder.invokeStatic(java.lang.Object, java.lang.Object, java.lang.Object)'> (0x000000008923cfd8) 
thrown [t:\workspace\open\src\hotspot\share\interpreter\linkResolver.cpp, line 790]
Event: 2.309 Thread 0x000002cba459a920 Exception <a 'java/lang/NoSuchMethodError'{0x0000000089240988}: 'long java.lang.invoke.DirectMethodHandle$Holder.invokeStaticInit(java.lang.Object, java.lang.Object, java.lang.Object)'> (0x0000000089240988) 
thrown [t:\workspace\open\src\hotspot\share\interpreter\linkResolver.cpp, line 790]
Event: 2.315 Thread 0x000002cba459a920 Exception <a 'java/lang/NoSuchMethodError'{0x00000000892588a8}: 'java.lang.Object java.lang.invoke.DirectMethodHandle$Holder.newInvokeSpecial(java.lang.Object, java.lang.Object, long)'> (0x00000000892588a8) 
thrown [t:\workspace\open\src\hotspot\share\interpreter\linkResolver.cpp, line 790]
Event: 2.315 Thread 0x000002cba459a920 Exception <a 'java/lang/NoSuchMethodError'{0x000000008925c618}: 'java.lang.Object java.lang.invoke.Invokers$Holder.linkToTargetMethod(java.lang.Object, long, java.lang.Object)'> (0x000000008925c618) 
thrown [t:\workspace\open\src\hotspot\share\interpreter\linkResolver.cpp, line 790]
Event: 6.360 Thread 0x000002cba459a920 Exception <a 'java/lang/NoSuchMethodError'{0x0000000088df0598}: 'java.lang.Object java.lang.invoke.DirectMethodHandle$Holder.invokeInterface(java.lang.Object, java.lang.Object)'> (0x0000000088df0598) 
thrown [t:\workspace\open\src\hotspot\share\interpreter\linkResolver.cpp, line 790]
Event: 6.362 Thread 0x000002cba459a920 Exception <a 'java/lang/NoSuchMethodError'{0x0000000088df8f20}: 'java.lang.Object java.lang.invoke.DirectMethodHandle$Holder.invokeStaticInit(java.lang.Object, java.lang.Object, java.lang.Object)'> (0x0000000088df8f20) 
thrown [t:\workspace\open\src\hotspot\share\interpreter\linkResolver.cpp, line 790]
Event: 6.369 Thread 0x000002cba459a920 Exception <a 'java/lang/NoSuchMethodError'{0x0000000088c19cc8}: 'int java.lang.invoke.DirectMethodHandle$Holder.invokeSpecial(java.lang.Object, java.lang.Object, java.lang.Object)'> (0x0000000088c19cc8) 
thrown [t:\workspace\open\src\hotspot\share\interpreter\linkResolver.cpp, line 790]
Event: 7.857 Thread 0x000002cba459ae70 Exception <a 'java/lang/NoSuchMethodError'{0x00000000886f09e8}: 'java.lang.Object java.lang.invoke.DirectMethodHandle$Holder.invokeStaticInit(java.lang.Object, int)'> (0x00000000886f09e8) 
thrown [t:\workspace\open\src\hotspot\share\interpreter\linkResolver.cpp, line 790]

Events (20 events):
Event: 145.615 Executing  VM operation: Cleanup done
Event: 147.615 Executing  VM operation: Cleanup
Event: 147.615 Executing  VM operation: Cleanup done
Event: 149.615 Executing  VM operation: Cleanup
Event: 149.615 Executing  VM operation: Cleanup done
Event: 152.617 Executing  VM operation: Cleanup
Event: 152.617 Executing  VM operation: Cleanup done
Event: 155.619 Executing  VM operation: Cleanup
Event: 155.619 Executing  VM operation: Cleanup done
Event: 157.619 Executing  VM operation: Cleanup
Event: 157.619 Executing  VM operation: Cleanup done
Event: 309.774 loading class jdk/internal/misc/Signal$1
Event: 309.774 loading class jdk/internal/misc/Signal$1 done
Event: 309.774 Thread 0x000002cba4aa99b0 Thread added: 0x000002cba4aa99b0
Event: 309.775 Thread 0x000002cba4aab990 Thread added: 0x000002cba4aab990
Event: 309.775 Thread 0x000002cba4aae410 Thread added: 0x000002cba4aae410
Event: 309.776 Thread 0x000002cba4aae410 Thread exited: 0x000002cba4aae410
Event: 309.777 Thread 0x000002cba4aab990 Thread exited: 0x000002cba4aab990
Event: 309.777 Executing  VM operation: Exit
Event: 309.778 Thread 0x000002cba311ed20 Thread exited: 0x000002cba311ed20


Dynamic libraries:
0x00007ff6c4990000 - 0x00007ff6c49a0000 	C:\Program Files\Java\jdk-16.0.2\bin\java.exe
0x00007ffe517b0000 - 0x00007ffe519a5000 	C:\Windows\SYSTEM32\ntdll.dll
0x00007ffe51060000 - 0x00007ffe5111e000 	C:\Windows\System32\KERNEL32.DLL
0x00007ffe4f540000 - 0x00007ffe4f808000 	C:\Windows\System32\KERNELBASE.dll
0x00007ffe4bad0000 - 0x00007ffe4bb60000 	C:\Windows\SYSTEM32\apphelp.dll
0x00007ffe4ef00000 - 0x00007ffe4f000000 	C:\Windows\System32\ucrtbase.dll
0x00007ffe41010000 - 0x00007ffe41028000 	C:\Program Files\Java\jdk-16.0.2\bin\jli.dll
0x00007ffe51550000 - 0x00007ffe515fe000 	C:\Windows\System32\ADVAPI32.dll
0x00007ffe4f950000 - 0x00007ffe4f9ee000 	C:\Windows\System32\msvcrt.dll
0x00007ffe50fc0000 - 0x00007ffe5105c000 	C:\Windows\System32\sechost.dll
0x00007ffe50500000 - 0x00007ffe50625000 	C:\Windows\System32\RPCRT4.dll
0x00007ffe511d0000 - 0x00007ffe51370000 	C:\Windows\System32\USER32.dll
0x00007ffe4eed0000 - 0x00007ffe4eef2000 	C:\Windows\System32\win32u.dll
0x00007ffe51670000 - 0x00007ffe5169b000 	C:\Windows\System32\GDI32.dll
0x00007ffe4f1d0000 - 0x00007ffe4f2db000 	C:\Windows\System32\gdi32full.dll
0x00007ffe4f0e0000 - 0x00007ffe4f17d000 	C:\Windows\System32\msvcp_win.dll
0x00007ffe38c40000 - 0x00007ffe38c59000 	C:\Program Files\Java\jdk-16.0.2\bin\VCRUNTIME140.dll
0x00007ffe426d0000 - 0x00007ffe4296a000 	C:\Windows\WinSxS\amd64_microsoft.windows.common-controls_6595b64144ccf1df_6.0.19041.1110_none_60b5254171f9507e\COMCTL32.dll
0x00007ffe4a970000 - 0x00007ffe4a97a000 	C:\Windows\SYSTEM32\VERSION.dll
0x00007ffe51190000 - 0x00007ffe511c0000 	C:\Windows\System32\IMM32.DLL
0x00007ffe48d50000 - 0x00007ffe48d5c000 	C:\Program Files\Java\jdk-16.0.2\bin\vcruntime140_1.dll
0x00007ffe283f0000 - 0x00007ffe28481000 	C:\Program Files\Java\jdk-16.0.2\bin\msvcp140.dll
0x00007ffe05380000 - 0x00007ffe05f2b000 	C:\Program Files\Java\jdk-16.0.2\bin\server\jvm.dll
0x00007ffe51600000 - 0x00007ffe51608000 	C:\Windows\System32\PSAPI.DLL
0x00007ffe41140000 - 0x00007ffe41149000 	C:\Windows\SYSTEM32\WSOCK32.dll
0x00007ffe51120000 - 0x00007ffe5118b000 	C:\Windows\System32\WS2_32.dll
0x00007ffe40cc0000 - 0x00007ffe40ce7000 	C:\Windows\SYSTEM32\WINMM.dll
0x00007ffe4d770000 - 0x00007ffe4d782000 	C:\Windows\SYSTEM32\kernel.appcore.dll
0x00007ffe48240000 - 0x00007ffe4824a000 	C:\Program Files\Java\jdk-16.0.2\bin\jimage.dll
0x00007ffe4cce0000 - 0x00007ffe4cec4000 	C:\Windows\SYSTEM32\DBGHELP.DLL
0x00007ffe47bf0000 - 0x00007ffe47c1c000 	C:\Windows\SYSTEM32\dbgcore.DLL
0x00007ffe4f4b0000 - 0x00007ffe4f532000 	C:\Windows\System32\bcryptPrimitives.dll
0x00007ffe48210000 - 0x00007ffe4821e000 	C:\Program Files\Java\jdk-16.0.2\bin\instrument.dll
0x00007ffe38b90000 - 0x00007ffe38bb5000 	C:\Program Files\Java\jdk-16.0.2\bin\java.dll
0x00007ffe4fc60000 - 0x00007ffe503a4000 	C:\Windows\System32\SHELL32.dll
0x00007ffe4cfc0000 - 0x00007ffe4d754000 	C:\Windows\SYSTEM32\windows.storage.dll
0x00007ffe50aa0000 - 0x00007ffe50df4000 	C:\Windows\System32\combase.dll
0x00007ffe4e860000 - 0x00007ffe4e88c000 	C:\Windows\SYSTEM32\Wldp.dll
0x00007ffe514a0000 - 0x00007ffe5154d000 	C:\Windows\System32\SHCORE.dll
0x00007ffe4f9f0000 - 0x00007ffe4fa45000 	C:\Windows\System32\shlwapi.dll
0x00007ffe4ee10000 - 0x00007ffe4ee2f000 	C:\Windows\SYSTEM32\profapi.dll
0x00007ffe38c20000 - 0x00007ffe38c39000 	C:\Program Files\Java\jdk-16.0.2\bin\net.dll
0x00007ffe455e0000 - 0x00007ffe456e9000 	C:\Windows\SYSTEM32\WINHTTP.dll
0x00007ffe4e5c0000 - 0x00007ffe4e62a000 	C:\Windows\system32\mswsock.dll
0x00007ffe30990000 - 0x00007ffe309a3000 	C:\Program Files\Java\jdk-16.0.2\bin\nio.dll
0x00007ffe30490000 - 0x00007ffe304a8000 	C:\Program Files\Java\jdk-16.0.2\bin\zip.dll
0x00007ffe303f0000 - 0x00007ffe3040a000 	C:\Program Files\JetBrains\IntelliJ IDEA 2021.3.3\bin\breakgen64.dll
0x000002cba32f0000 - 0x000002cba32f3000 	C:\javafx-sdk-17.0.2\bin\api-ms-win-core-console-l1-1-0.dll
0x000002cba3300000 - 0x000002cba3303000 	C:\javafx-sdk-17.0.2\bin\api-ms-win-core-console-l1-2-0.dll
0x000002cba3310000 - 0x000002cba3313000 	C:\javafx-sdk-17.0.2\bin\api-ms-win-core-datetime-l1-1-0.dll
0x000002cba3320000 - 0x000002cba3323000 	C:\javafx-sdk-17.0.2\bin\api-ms-win-core-debug-l1-1-0.dll
0x000002cba3330000 - 0x000002cba3333000 	C:\javafx-sdk-17.0.2\bin\api-ms-win-core-errorhandling-l1-1-0.dll
0x000002cba3340000 - 0x000002cba3344000 	C:\javafx-sdk-17.0.2\bin\api-ms-win-core-file-l1-1-0.dll
0x000002cba3350000 - 0x000002cba3353000 	C:\javafx-sdk-17.0.2\bin\api-ms-win-core-file-l1-2-0.dll
0x000002cba3360000 - 0x000002cba3363000 	C:\javafx-sdk-17.0.2\bin\api-ms-win-core-file-l2-1-0.dll
0x000002cba3370000 - 0x000002cba3373000 	C:\javafx-sdk-17.0.2\bin\api-ms-win-core-handle-l1-1-0.dll
0x000002cba3380000 - 0x000002cba3383000 	C:\javafx-sdk-17.0.2\bin\api-ms-win-core-heap-l1-1-0.dll
0x000002cba3390000 - 0x000002cba3393000 	C:\javafx-sdk-17.0.2\bin\api-ms-win-core-interlocked-l1-1-0.dll
0x000002cba33a0000 - 0x000002cba33a3000 	C:\javafx-sdk-17.0.2\bin\api-ms-win-core-libraryloader-l1-1-0.dll
0x000002cba33b0000 - 0x000002cba33b3000 	C:\javafx-sdk-17.0.2\bin\api-ms-win-core-localization-l1-2-0.dll
0x000002cba33c0000 - 0x000002cba33c3000 	C:\javafx-sdk-17.0.2\bin\api-ms-win-core-memory-l1-1-0.dll
0x000002cba33d0000 - 0x000002cba33d3000 	C:\javafx-sdk-17.0.2\bin\api-ms-win-core-namedpipe-l1-1-0.dll
0x000002cba33e0000 - 0x000002cba33e3000 	C:\javafx-sdk-17.0.2\bin\api-ms-win-core-processenvironment-l1-1-0.dll
0x000002cba33f0000 - 0x000002cba33f3000 	C:\javafx-sdk-17.0.2\bin\api-ms-win-core-processthreads-l1-1-0.dll
0x000002cba57d0000 - 0x000002cba57d3000 	C:\javafx-sdk-17.0.2\bin\api-ms-win-core-processthreads-l1-1-1.dll
0x000002cba57e0000 - 0x000002cba57e3000 	C:\javafx-sdk-17.0.2\bin\api-ms-win-core-profile-l1-1-0.dll
0x000002cba57f0000 - 0x000002cba57f3000 	C:\javafx-sdk-17.0.2\bin\api-ms-win-core-rtlsupport-l1-1-0.dll
0x000002cba5800000 - 0x000002cba5803000 	C:\javafx-sdk-17.0.2\bin\api-ms-win-core-string-l1-1-0.dll
0x000002cba5810000 - 0x000002cba5813000 	C:\javafx-sdk-17.0.2\bin\api-ms-win-core-synch-l1-1-0.dll
0x000002cba5b90000 - 0x000002cba5b93000 	C:\javafx-sdk-17.0.2\bin\api-ms-win-core-synch-l1-2-0.dll
0x000002cba5ba0000 - 0x000002cba5ba3000 	C:\javafx-sdk-17.0.2\bin\api-ms-win-core-sysinfo-l1-1-0.dll
0x000002cba5bb0000 - 0x000002cba5bb3000 	C:\javafx-sdk-17.0.2\bin\api-ms-win-core-timezone-l1-1-0.dll
0x000002cba5bc0000 - 0x000002cba5bc3000 	C:\javafx-sdk-17.0.2\bin\api-ms-win-core-util-l1-1-0.dll
0x000002cba5820000 - 0x000002cba5823000 	C:\javafx-sdk-17.0.2\bin\api-ms-win-crt-conio-l1-1-0.dll
0x000002cba5830000 - 0x000002cba5834000 	C:\javafx-sdk-17.0.2\bin\api-ms-win-crt-convert-l1-1-0.dll
0x000002cba5840000 - 0x000002cba5843000 	C:\javafx-sdk-17.0.2\bin\api-ms-win-crt-environment-l1-1-0.dll
0x000002cba5850000 - 0x000002cba5853000 	C:\javafx-sdk-17.0.2\bin\api-ms-win-crt-filesystem-l1-1-0.dll
0x000002cba5860000 - 0x000002cba5863000 	C:\javafx-sdk-17.0.2\bin\api-ms-win-crt-heap-l1-1-0.dll
0x000002cba5870000 - 0x000002cba5873000 	C:\javafx-sdk-17.0.2\bin\api-ms-win-crt-locale-l1-1-0.dll
0x000002cba5880000 - 0x000002cba5885000 	C:\javafx-sdk-17.0.2\bin\api-ms-win-crt-math-l1-1-0.dll
0x000002cba5890000 - 0x000002cba5895000 	C:\javafx-sdk-17.0.2\bin\api-ms-win-crt-multibyte-l1-1-0.dll
0x000002cba58a0000 - 0x000002cba58b0000 	C:\javafx-sdk-17.0.2\bin\api-ms-win-crt-private-l1-1-0.dll
0x000002cba58b0000 - 0x000002cba58b3000 	C:\javafx-sdk-17.0.2\bin\api-ms-win-crt-process-l1-1-0.dll
0x000002cba58c0000 - 0x000002cba58c4000 	C:\javafx-sdk-17.0.2\bin\api-ms-win-crt-runtime-l1-1-0.dll
0x000002cba58d0000 - 0x000002cba58d4000 	C:\javafx-sdk-17.0.2\bin\api-ms-win-crt-stdio-l1-1-0.dll
0x000002cba58e0000 - 0x000002cba58e4000 	C:\javafx-sdk-17.0.2\bin\api-ms-win-crt-string-l1-1-0.dll
0x000002cba58f0000 - 0x000002cba58f3000 	C:\javafx-sdk-17.0.2\bin\api-ms-win-crt-time-l1-1-0.dll
0x000002cba5900000 - 0x000002cba5903000 	C:\javafx-sdk-17.0.2\bin\api-ms-win-crt-utility-l1-1-0.dll
0x00007ffe1a440000 - 0x00007ffe1a53c000 	C:\javafx-sdk-17.0.2\bin\ucrtbase.dll
0x00007ffe2ff60000 - 0x00007ffe2ff7a000 	C:\javafx-sdk-17.0.2\bin\vcruntime140.dll
0x00007ffe42fd0000 - 0x00007ffe42fdc000 	C:\javafx-sdk-17.0.2\bin\vcruntime140_1.dll
0x00007ffe1b410000 - 0x00007ffe1b49d000 	C:\javafx-sdk-17.0.2\bin\msvcp140.dll
0x00007ffe2feb0000 - 0x00007ffe2feda000 	C:\javafx-sdk-17.0.2\bin\prism_d3d.dll
0x00007ffe1b120000 - 0x00007ffe1b2ef000 	C:\Windows\system32\d3d9.dll
0x00007ffe4c860000 - 0x00007ffe4c88f000 	C:\Windows\SYSTEM32\dwmapi.dll
0x00007ffe4c560000 - 0x00007ffe4c5fe000 	C:\Windows\system32\uxtheme.dll
0x00007ffe1b9f0000 - 0x00007ffe1bb53000 	C:\Windows\System32\DriverStore\FileRepository\iigd_dch.inf_amd64_e9b40d45ab4dc6b8\igdumdim64.dll
0x00007ffe4f000000 - 0x00007ffe4f027000 	C:\Windows\System32\bcrypt.dll
0x00007ffdf0e40000 - 0x00007ffdf4844000 	C:\Windows\System32\DriverStore\FileRepository\iigd_dch.inf_amd64_e9b40d45ab4dc6b8\igd9dxva64.dll
0x00007ffe51370000 - 0x00007ffe5149a000 	C:\Windows\System32\ole32.dll
0x00007ffe516a0000 - 0x00007ffe5176d000 	C:\Windows\System32\OLEAUT32.dll
0x00007ffe50630000 - 0x00007ffe50aa0000 	C:\Windows\System32\SETUPAPI.dll
0x00007ffe4f180000 - 0x00007ffe4f1ce000 	C:\Windows\System32\cfgmgr32.dll
0x00007ffe35170000 - 0x00007ffe353af000 	C:\Windows\System32\DriverStore\FileRepository\iigd_dch.inf_amd64_e9b40d45ab4dc6b8\igdgmm64.dll
0x00007ffe2fd40000 - 0x00007ffe2fd82000 	C:\javafx-sdk-17.0.2\bin\glass.dll
0x00007ffe4fb00000 - 0x00007ffe4fbdb000 	C:\Windows\System32\COMDLG32.dll
0x00007ffe4f830000 - 0x00007ffe4f946000 	C:\Windows\System32\MSCTF.dll
0x00007ffe2f9a0000 - 0x00007ffe2f9c7000 	C:\Windows\System32\DriverStore\FileRepository\iigd_dch.inf_amd64_e9b40d45ab4dc6b8\igdinfo64.dll
0x00007ffe32140000 - 0x00007ffe34da2000 	C:\Windows\System32\DriverStore\FileRepository\iigd_dch.inf_amd64_e9b40d45ab4dc6b8\igc64.dll
0x00007ffe31950000 - 0x00007ffe3198b000 	C:\Windows\SYSTEM32\dxcore.dll
0x00007ffe2fe40000 - 0x00007ffe2fe54000 	C:\javafx-sdk-17.0.2\bin\javafx_font.dll
0x00007ffe355f0000 - 0x00007ffe3586f000 	C:\Windows\SYSTEM32\dwrite.dll
0x00007ffe4fa50000 - 0x00007ffe4faf9000 	C:\Windows\System32\clbcatq.dll
0x00007ffe4c000000 - 0x00007ffe4c1b4000 	C:\Windows\SYSTEM32\WindowsCodecs.dll
0x00007ffe26120000 - 0x00007ffe2615e000 	C:\Windows\system32\dataexchange.dll
0x00007ffe4aea0000 - 0x00007ffe4b085000 	C:\Windows\system32\dcomp.dll
0x00007ffe49eb0000 - 0x00007ffe4a114000 	C:\Windows\system32\d3d11.dll
0x00007ffe4d7e0000 - 0x00007ffe4d8d3000 	C:\Windows\system32\dxgi.dll
0x00007ffe47450000 - 0x00007ffe47651000 	C:\Windows\system32\twinapi.appcore.dll
0x00007ffe2eff0000 - 0x00007ffe2f024000 	C:\Program Files\Common Files\Microsoft Shared\Ink\rtscom.dll
0x00007ffe38ea0000 - 0x00007ffe38f99000 	C:\Windows\SYSTEM32\textinputframework.dll
0x00007ffe4b890000 - 0x00007ffe4b982000 	C:\Windows\System32\CoreMessaging.dll
0x00007ffe4b2c0000 - 0x00007ffe4b61e000 	C:\Windows\System32\CoreUIComponents.dll
0x00007ffe4dbd0000 - 0x00007ffe4dc03000 	C:\Windows\SYSTEM32\ntmarta.dll
0x00007ffe4a770000 - 0x00007ffe4a8c4000 	C:\Windows\SYSTEM32\wintypes.dll
0x00007ffe42f90000 - 0x00007ffe42f99000 	C:\Program Files\Java\jdk-16.0.2\bin\management.dll
0x00007ffe42f20000 - 0x00007ffe42f2b000 	C:\Program Files\Java\jdk-16.0.2\bin\management_ext.dll

dbghelp: loaded successfully - version: 4.0.5 - missing functions: none
symbol engine: initialized successfully - sym options: 0x614 - pdb path: .;C:\Program Files\Java\jdk-16.0.2\bin;C:\Windows\SYSTEM32;C:\Windows\WinSxS\amd64_microsoft.windows.common-controls_6595b64144ccf1df_6.0.19041.1110_none_60b5254171f9507e;C:\Program Files\Java\jdk-16.0.2\bin\server;C:\Program Files\JetBrains\IntelliJ IDEA 2021.3.3\bin;C:\javafx-sdk-17.0.2\bin;C:\Windows\System32\DriverStore\FileRepository\iigd_dch.inf_amd64_e9b40d45ab4dc6b8;C:\Program Files\Common Files\Microsoft Shared\Ink

VM Arguments:
jvm_args: --module-path=C:/javafx-sdk-17.0.2/lib --add-modules=javafx.controls,javafx.fxml -javaagent:C:\Program Files\JetBrains\IntelliJ IDEA 2021.3.3\lib\idea_rt.jar=64828:C:\Program Files\JetBrains\IntelliJ IDEA 2021.3.3\bin -Dfile.encoding=UTF-8 
java_command: forms.Main
java_class_path (initial): C:\java\Polyclinic\out\production\Polyclinic;C:\javafx-sdk-11.0.2\lib\src.zip;C:\javafx-sdk-11.0.2\lib\javafx-swt.jar;C:\javafx-sdk-11.0.2\lib\javafx.web.jar;C:\javafx-sdk-11.0.2\lib\javafx.base.jar;C:\javafx-sdk-11.0.2\lib\javafx.fxml.jar;C:\javafx-sdk-11.0.2\lib\javafx.media.jar;C:\javafx-sdk-11.0.2\lib\javafx.swing.jar;C:\javafx-sdk-11.0.2\lib\javafx.controls.jar;C:\javafx-sdk-11.0.2\lib\javafx.graphics.jar;C:\java\Polyclinic\src\resources\postgresql-42.3.1 (1).jar;C:\javafx-sdk-17.0.2\lib\javafx-swt.jar;C:\javafx-sdk-17.0.2\lib\javafx.web.jar;C:\javafx-sdk-17.0.2\lib\javafx.base.jar;C:\javafx-sdk-17.0.2\lib\javafx.fxml.jar;C:\javafx-sdk-17.0.2\lib\javafx.media.jar;C:\javafx-sdk-17.0.2\lib\javafx.swing.jar;C:\javafx-sdk-17.0.2\lib\javafx.controls.jar;C:\javafx-sdk-17.0.2\lib\javafx.graphics.jar
Launcher Type: SUN_STANDARD

[Global flags]
     intx CICompilerCount                          = 3                                         {product} {ergonomic}
     uint ConcGCThreads                            = 1                                         {product} {ergonomic}
     uint G1ConcRefinementThreads                  = 4                                         {product} {ergonomic}
   size_t G1HeapRegionSize                         = 1048576                                   {product} {ergonomic}
    uintx GCDrainStackTargetSize                   = 64                                        {product} {ergonomic}
   size_t InitialHeapSize                          = 132120576                                 {product} {ergonomic}
   size_t MarkStackSize                            = 4194304                                   {product} {ergonomic}
   size_t MaxHeapSize                              = 2101346304                                {product} {ergonomic}
   size_t MaxNewSize                               = 1260388352                                {product} {ergonomic}
   size_t MinHeapDeltaBytes                        = 1048576                                   {product} {ergonomic}
   size_t MinHeapSize                              = 8388608                                   {product} {ergonomic}
    uintx NonNMethodCodeHeapSize                   = 5832780                                {pd product} {ergonomic}
    uintx NonProfiledCodeHeapSize                  = 122912730                              {pd product} {ergonomic}
    uintx ProfiledCodeHeapSize                     = 122912730                              {pd product} {ergonomic}
    uintx ReservedCodeCacheSize                    = 251658240                              {pd product} {ergonomic}
     bool SegmentedCodeCache                       = true                                      {product} {ergonomic}
   size_t SoftMaxHeapSize                          = 2101346304                             {manageable} {ergonomic}
     bool UseCompressedClassPointers               = true                           {product lp64_product} {ergonomic}
     bool UseCompressedOops                        = true                           {product lp64_product} {ergonomic}
     bool UseG1GC                                  = true                                      {product} {ergonomic}
     bool UseLargePagesIndividualAllocation        = false                                  {pd product} {ergonomic}

Logging:
Log output configuration:
 #0: stdout all=off uptime,level,tags
 #1: stderr all=off uptime,level,tags

Environment Variables:
PATH=C:\Program Files\Common Files\Oracle\Java\javapath;C:\Program Files (x86)\Common Files\Oracle\Java\javapath;C:\Windows\system32;C:\Windows;C:\Windows\System32\Wbem;C:\Windows\System32\WindowsPowerShell\v1.0\;C:\Windows\System32\OpenSSH\;C:\Program Files\dotnet\;C:\Users\Kate\AppData\Local\Microsoft\WindowsApps;;C:\Program Files\JetBrains\IntelliJ IDEA 2021.2.1\bin;;C:\Users\Kate\.dotnet\tools
USERNAME=Kate
OS=Windows_NT
PROCESSOR_IDENTIFIER=Intel64 Family 6 Model 122 Stepping 1, GenuineIntel



---------------  S Y S T E M  ---------------

OS:
 Windows 10 , 64 bit Build 19041 (10.0.19041.1566)
OS uptime: 20 days 3:17 hours

CPU: total 4 (initial active 4) (4 cores per cpu, 1 threads per core) family 6 model 122 stepping 1 microcode 0x2e, cx8, cmov, fxsr, mmx, 3dnowpref, sse, sse2, sse3, ssse3, sse4.1, sse4.2, popcnt, tsc, tscinvbit, aes, erms, clmul, sha, clflush, clflushopt

Memory: 4k page, system-wide physical 8014M (1492M free)
TotalPageFile size 11342M (AvailPageFile size 3062M)
current process WorkingSet (physical memory assigned to process): 191M, peak: 227M
current process commit charge ("private bytes"): 277M, peak: 320M

vm_info: Java HotSpot(TM) 64-Bit Server VM (16.0.2+7-67) for windows-amd64 JRE (16.0.2+7-67), built on Jun  8 2021 23:24:19 by "mach5one" with MS VC++ 16.7 (VS2019)

END.
