#
# A fatal error has been detected by the Java Runtime Environment:
#
#  EXCEPTION_ACCESS_VIOLATION (0xc0000005) at pc=0x00007ffaf1d36730, pid=17804, tid=9784
#
# JRE version: Java(TM) SE Runtime Environment (16.0.2+7) (build 16.0.2+7-67)
# Java VM: Java HotSpot(TM) 64-Bit Server VM (16.0.2+7-67, mixed mode, sharing, tiered, compressed oops, compressed class ptrs, g1 gc, windows-amd64)
# Problematic frame:
# C  [glass.dll+0x26730]
#
# No core dump will be written. Minidumps are not enabled by default on client versions of Windows
#
# If you would like to submit a bug report, please visit:
#   https://bugreport.java.com/bugreport/crash.jsp
#

---------------  S U M M A R Y ------------

Command Line: --module-path=C:/javafx-sdk-11.0.2/lib --add-modules=javafx.controls,javafx.fxml -javaagent:C:\Program Files\JetBrains\IntelliJ IDEA 2021.2.1\lib\idea_rt.jar=59253:C:\Program Files\JetBrains\IntelliJ IDEA 2021.2.1\bin -Dfile.encoding=UTF-8 forms.Main

Host: Intel(R) Pentium(R) Silver N5000 CPU @ 1.10GHz, 4 cores, 7G,  Windows 10 , 64 bit Build 19041 (10.0.19041.1348)
Time: Tue Dec 14 15:36:03 2021 RTZ 2 (s 10 , 64 bit Build 19041 (10.0.19041.1348) elapsed time: 361.783544 seconds (0d 0h 6m 1s)

---------------  T H R E A D  ---------------

Current thread (0x000001b261e01210):  VMThread "VM Thread" [stack: 0x0000002e02c00000,0x0000002e02d00000] [id=9784]

Stack: [0x0000002e02c00000,0x0000002e02d00000],  sp=0x0000002e02cff030,  free space=1020k
Native frames: (J=compiled Java code, j=interpreted, Vv=VM code, C=native code)
C  [glass.dll+0x26730]


siginfo: EXCEPTION_ACCESS_VIOLATION (0xc0000005), reading address 0x0000000000000000


Register to memory mapping:

RIP=0x00007ffaf1d36730 glass.dll
RAX=0x0 is NULL
RBX=0x000001b261e0dc58 is a global jni handle
RCX=0x000001b261e01210 points into unknown readable memory: 0x00007ffad576f638 | 38 f6 76 d5 fa 7f 00 00
RDX=0x0000002e02cff030 points into unknown readable memory: 0x0000000000000000 | 00 00 00 00 00 00 00 00
RSP=0x0000002e02cff030 points into unknown readable memory: 0x0000000000000000 | 00 00 00 00 00 00 00 00
RBP=0x000001b263b14a48 points into unknown readable memory: 0x000040bad5f614b4 | b4 14 f6 d5 ba 40 00 00
RSI=0x000001b263b14a20 points into unknown readable memory: 0x6d8040bd2a590987 | 87 09 59 2a bd 40 80 6d
RDI=0x000040bad5f614b4 is an unknown value
R8 =0x0000000000010002 is an unknown value
R9 =0x000040bad5f614b4 is an unknown value
R10=0x0000000000008000 is an unknown value
R11=0x0000002e02cfefd0 points into unknown readable memory: 0x0000000000000000 | 00 00 00 00 00 00 00 00
R12=0x00007ffaf1d33be0 glass.dll
R13=0x000001b24486ed20 points into unknown readable memory: 0x8000000900000001 | 01 00 00 00 09 00 00 80
R14=0x0000002e02cff138 points into unknown readable memory: 0x0000002e02cff120 | 20 f1 cf 02 2e 00 00 00
R15=0x000001b263b14a20 points into unknown readable memory: 0x6d8040bd2a590987 | 87 09 59 2a bd 40 80 6d


Registers:
RAX=0x0000000000000000, RBX=0x000001b261e0dc58, RCX=0x000001b261e01210, RDX=0x0000002e02cff030
RSP=0x0000002e02cff030, RBP=0x000001b263b14a48, RSI=0x000001b263b14a20, RDI=0x000040bad5f614b4
R8 =0x0000000000010002, R9 =0x000040bad5f614b4, R10=0x0000000000008000, R11=0x0000002e02cfefd0
R12=0x00007ffaf1d33be0, R13=0x000001b24486ed20, R14=0x0000002e02cff138, R15=0x000001b263b14a20
RIP=0x00007ffaf1d36730, EFLAGS=0x0000000000010206

Top of Stack: (sp=0x0000002e02cff030)
0x0000002e02cff030:   0000000000000000 00007ffb20eef05b
0x0000002e02cff040:   000001b263b14a30 000001b263b14a20
0x0000002e02cff050:   fffffffffffffffe 00007ffaf1d33be0
0x0000002e02cff060:   000001b263b14a28 00007ffb20ef42d6
0x0000002e02cff070:   000001b263b14a30 000001b200000000
0x0000002e02cff080:   000001b263b14a48 000001b263b14a20
0x0000002e02cff090:   fffffffffffffffe 0000000000000000
0x0000002e02cff0a0:   0000000000000001 00007ffaf1d10000
0x0000002e02cff0b0:   0000002e02cff128 00007ffb20ef41fb
0x0000002e02cff0c0:   0000000000000000 0000002e02cff138
0x0000002e02cff0d0:   0000002e02cff3f0 00007ffb20fd0e40
0x0000002e02cff0e0:   0000000000000001 00007ffb20ef41b4
0x0000002e02cff0f0:   0000000000000000 0000000000000001
0x0000002e02cff100:   00007ffb0000000d 0000002e02cff128
0x0000002e02cff110:   0000000000000000 00007ffaf1d33a60
0x0000002e02cff120:   00007ffaf1d4d100 0000002e00000002 

Instructions: (pc=0x00007ffaf1d36730)
0x00007ffaf1d36630:   8b 4d 60 e8 d8 c9 ff ff 48 8b 55 68 48 8b 8d 08
0x00007ffaf1d36640:   01 00 00 e8 a9 be ff ff 33 d2 33 c9 e8 a9 de ff
0x00007ffaf1d36650:   ff 90 cc cc cc cc cc cc cc cc cc cc cc cc cc cc
0x00007ffaf1d36660:   48 8d 8a 80 00 00 00 e9 14 ea fe ff 48 89 54 24
0x00007ffaf1d36670:   10 55 48 83 ec 20 48 8b ea 48 8d 05 1d cb ff ff
0x00007ffaf1d36680:   48 83 c4 20 5d c3 cc 40 55 48 8b ea 48 8b 01 33
0x00007ffaf1d36690:   c9 81 38 05 00 00 c0 0f 94 c1 8b c1 5d c3 cc 40
0x00007ffaf1d366a0:   55 48 83 ec 20 48 8b ea 8a 4d 40 48 83 c4 20 5d
0x00007ffaf1d366b0:   e9 23 ce ff ff cc 40 55 48 83 ec 20 48 8b ea e8
0x00007ffaf1d366c0:   3c cc ff ff 8a 4d 38 48 83 c4 20 5d e9 07 ce ff
0x00007ffaf1d366d0:   ff cc 40 55 48 83 ec 30 48 8b ea 48 8b 01 8b 10
0x00007ffaf1d366e0:   48 89 4c 24 28 89 54 24 20 4c 8d 0d d0 d1 ff ff
0x00007ffaf1d366f0:   4c 8b 45 70 8b 55 68 48 8b 4d 60 e8 70 cb ff ff
0x00007ffaf1d36700:   90 48 83 c4 30 5d c3 cc cc cc cc cc cc cc cc cc
0x00007ffaf1d36710:   40 53 48 83 ec 30 48 c7 44 24 20 fe ff ff ff 48
0x00007ffaf1d36720:   8b 1d ea 63 01 00 48 85 db 74 16 e8 90 86 ff ff
0x00007ffaf1d36730:   4c 8b 00 48 8b d3 48 8b c8 41 ff 90 b0 00 00 00
0x00007ffaf1d36740:   90 48 83 c4 30 5b c3 cc cc cc cc cc cc cc cc cc
0x00007ffaf1d36750:   40 53 48 83 ec 20 48 8b 1d 4b 65 01 00 48 85 db
0x00007ffaf1d36760:   74 57 b8 ff ff ff ff f0 0f c1 43 10 83 f8 01 75
0x00007ffaf1d36770:   3d 48 85 db 74 38 48 8b 0b 48 85 c9 74 0d ff 15
0x00007ffaf1d36780:   24 0b 00 00 48 c7 03 00 00 00 00 48 8b 4b 08 48
0x00007ffaf1d36790:   85 c9 74 0d e8 77 c8 ff ff 48 c7 43 08 00 00 00
0x00007ffaf1d367a0:   00 ba 18 00 00 00 48 8b cb e8 62 c8 ff ff 48 c7
0x00007ffaf1d367b0:   05 ef 64 01 00 00 00 00 00 48 83 c4 20 5b c3 cc
0x00007ffaf1d367c0:   40 53 48 83 ec 20 48 8b 1d bb 64 01 00 48 85 db
0x00007ffaf1d367d0:   74 57 b8 ff ff ff ff f0 0f c1 43 10 83 f8 01 75
0x00007ffaf1d367e0:   3d 48 85 db 74 38 48 8b 0b 48 85 c9 74 0d ff 15
0x00007ffaf1d367f0:   b4 0a 00 00 48 c7 03 00 00 00 00 48 8b 4b 08 48
0x00007ffaf1d36800:   85 c9 74 0d e8 07 c8 ff ff 48 c7 43 08 00 00 00
0x00007ffaf1d36810:   00 ba 18 00 00 00 48 8b cb e8 f2 c7 ff ff 48 c7
0x00007ffaf1d36820:   05 5f 64 01 00 00 00 00 00 48 83 c4 20 5b c3 cc 


Stack slot to memory mapping:
stack at sp + 0 slots: 0x0 is NULL
stack at sp + 1 slots: 0x00007ffb20eef05b ucrtbase.dll
stack at sp + 2 slots: 0x000001b263b14a30 points into unknown readable memory: 0x000040bad5f614b4 | b4 14 f6 d5 ba 40 00 00
stack at sp + 3 slots: 0x000001b263b14a20 points into unknown readable memory: 0x6d8040bd2a590987 | 87 09 59 2a bd 40 80 6d
stack at sp + 4 slots: 0xfffffffffffffffe is an unknown value
stack at sp + 5 slots: 0x00007ffaf1d33be0 glass.dll
stack at sp + 6 slots: 0x000001b263b14a28 points into unknown readable memory: 0x000040bad5f614b4 | b4 14 f6 d5 ba 40 00 00
stack at sp + 7 slots: 0x00007ffb20ef42d6 ucrtbase.dll

VM_Operation (0x0000002e024ff250): Exit, mode: safepoint, requested by thread 0x000001b262b2a030


---------------  P R O C E S S  ---------------

Threads class SMR info:
_java_thread_list=0x000001b2638b15c0, length=20, elements={
0x000001b2447a8080, 0x000001b261e08cf0, 0x000001b261e09bb0, 0x000001b261e1c600,
0x000001b261e21020, 0x000001b261e21a20, 0x000001b261e22750, 0x000001b261e26260,
0x000001b261e9eb60, 0x000001b261dec840, 0x000001b2631b5410, 0x000001b26323ccd0,
0x000001b263e0b720, 0x000001b263b20830, 0x000001b263b17eb0, 0x000001b262dfd140,
0x000001b2636511c0, 0x000001b262b27b00, 0x000001b262b29590, 0x000001b262b2a030
}

Java Threads: ( => current thread )
  0x000001b2447a8080 JavaThread "main" [_thread_blocked, id=17012, stack(0x0000002e02600000,0x0000002e02700000)]
  0x000001b261e08cf0 JavaThread "Reference Handler" daemon [_thread_blocked, id=17660, stack(0x0000002e02d00000,0x0000002e02e00000)]
  0x000001b261e09bb0 JavaThread "Finalizer" daemon [_thread_blocked, id=4716, stack(0x0000002e02e00000,0x0000002e02f00000)]
  0x000001b261e1c600 JavaThread "Attach Listener" daemon [_thread_blocked, id=19656, stack(0x0000002e03000000,0x0000002e03100000)]
  0x000001b261e21020 JavaThread "Service Thread" daemon [_thread_blocked, id=11512, stack(0x0000002e03100000,0x0000002e03200000)]
  0x000001b261e21a20 JavaThread "Monitor Deflation Thread" daemon [_thread_blocked, id=920, stack(0x0000002e03200000,0x0000002e03300000)]
  0x000001b261e22750 JavaThread "C2 CompilerThread0" daemon [_thread_blocked, id=10008, stack(0x0000002e03300000,0x0000002e03400000)]
  0x000001b261e26260 JavaThread "C1 CompilerThread0" daemon [_thread_blocked, id=11600, stack(0x0000002e03400000,0x0000002e03500000)]
  0x000001b261e9eb60 JavaThread "Sweeper thread" daemon [_thread_blocked, id=2632, stack(0x0000002e03500000,0x0000002e03600000)]
  0x000001b261dec840 JavaThread "Common-Cleaner" daemon [_thread_blocked, id=16708, stack(0x0000002e03600000,0x0000002e03700000)]
  0x000001b2631b5410 JavaThread "Monitor Ctrl-Break" daemon [_thread_in_native, id=9232, stack(0x0000002e03800000,0x0000002e03900000)]
  0x000001b26323ccd0 JavaThread "Notification Thread" daemon [_thread_blocked, id=7412, stack(0x0000002e03900000,0x0000002e03a00000)]
  0x000001b263e0b720 JavaThread "QuantumRenderer-0" daemon [_thread_blocked, id=17780, stack(0x0000002e03b00000,0x0000002e03c00000)]
  0x000001b263b20830 JavaThread "InvokeLaterDispatcher" daemon [_thread_blocked, id=2036, stack(0x0000002e03c00000,0x0000002e03d00000)]
  0x000001b263b17eb0 JavaThread "JavaFX Application Thread" [_thread_in_native, id=19324, stack(0x0000002e03d00000,0x0000002e03e00000)]
  0x000001b262dfd140 JavaThread "Thread-1" daemon [_thread_in_native, id=15568, stack(0x0000002e04300000,0x0000002e04400000)]
  0x000001b2636511c0 JavaThread "JavaFX-Launcher" [_thread_blocked, id=18588, stack(0x0000002e03700000,0x0000002e03800000)]
  0x000001b262b27b00 JavaThread "Prism Font Disposer" daemon [_thread_blocked, id=16208, stack(0x0000002e04500000,0x0000002e04600000)]
  0x000001b262b29590 JavaThread "Cleaner-0" daemon [_thread_blocked, id=17536, stack(0x0000002e04900000,0x0000002e04a00000)]
  0x000001b262b2a030 JavaThread "SIGINT handler" daemon [_thread_blocked, id=12180, stack(0x0000002e02400000,0x0000002e02500000)]

Other Threads:
=>0x000001b261e01210 VMThread "VM Thread" [stack: 0x0000002e02c00000,0x0000002e02d00000] [id=9784]
  0x000001b2447e6800 GCTaskThread "GC Thread#0" [stack: 0x0000002e02700000,0x0000002e02800000] [id=8088]
  0x000001b263e0bc40 GCTaskThread "GC Thread#1" [stack: 0x0000002e03e00000,0x0000002e03f00000] [id=20400]
  0x000001b263771cb0 GCTaskThread "GC Thread#2" [stack: 0x0000002e03f00000,0x0000002e04000000] [id=12200]
  0x000001b263af4df0 GCTaskThread "GC Thread#3" [stack: 0x0000002e04000000,0x0000002e04100000] [id=11660]
  0x000001b2447f8750 ConcurrentGCThread "G1 Main Marker" terminated
  0x000001b2447f91c0 ConcurrentGCThread "G1 Conc#0" [stack: 0x0000002e02900000,0x0000002e02a00000] [id=16988]
  0x000001b24486d170 ConcurrentGCThread "G1 Refine#0" terminated
  0x000001b24486dbf0 ConcurrentGCThread "G1 Service" terminated

Threads with active compile tasks:

VM state: at safepoint (shutting down)

VM Mutex/Monitor currently owned by a thread:  ([mutex/lock_event])
[0x000001b2447a38a0] Threads_lock - owner thread: 0x000001b261e01210
[0x000001b2447a42c0] Heap_lock - owner thread: 0x000001b262b2a030

Heap address: 0x0000000082c00000, size: 2004 MB, Compressed Oops mode: 32-bit

CDS archive(s) mapped at: [0x0000000800000000-0x0000000800bb0000-0x0000000800bb0000), size 12255232, SharedBaseAddress: 0x0000000800000000, ArchiveRelocationMode: 0.
Compressed class space mapped at: 0x0000000800c00000-0x0000000840c00000, reserved size: 1073741824
Narrow klass base: 0x0000000800000000, Narrow klass shift: 3, Narrow klass range: 0x100000000

GC Precious Log:
 CPUs: 4 total, 4 available
 Memory: 8014M
 Large Page Support: Disabled
 NUMA Support: Disabled
 Compressed Oops: Enabled (32-bit)
 Heap Region Size: 1M
 Heap Min Capacity: 8M
 Heap Initial Capacity: 126M
 Heap Max Capacity: 2004M
 Pre-touch: Disabled
 Parallel Workers: 4
 Concurrent Workers: 1
 Concurrent Refinement Workers: 4
 Periodic GC: Disabled

Heap:
 garbage-first heap   total 129024K, used 41373K [0x0000000082c00000, 0x0000000100000000)
  region size 1024K, 37 young (37888K), 3 survivors (3072K)
 Metaspace       used 16672K, committed 16960K, reserved 1064960K
  class space    used 2328K, committed 2496K, reserved 1048576K

Heap Regions: E=young(eden), S=young(survivor), O=old, HS=humongous(starts), HC=humongous(continues), CS=collection set, F=free, OA=open archive, CA=closed archive, TAMS=top-at-mark-start (previous, next)
|   0|0x0000000082c00000, 0x0000000082d00000, 0x0000000082d00000|100%| O|  |TAMS 0x0000000082c00000, 0x0000000082c00000| Untracked 
|   1|0x0000000082d00000, 0x0000000082e00000, 0x0000000082e00000|100%| O|  |TAMS 0x0000000082d00000, 0x0000000082d00000| Untracked 
|   2|0x0000000082e00000, 0x0000000082e67400, 0x0000000082f00000| 40%| O|  |TAMS 0x0000000082e00000, 0x0000000082e00000| Untracked 
|   3|0x0000000082f00000, 0x0000000083000000, 0x0000000083000000|100%|HS|  |TAMS 0x0000000082f00000, 0x0000000082f00000| Complete 
|   4|0x0000000083000000, 0x0000000083100000, 0x0000000083100000|100%|HC|  |TAMS 0x0000000083000000, 0x0000000083000000| Complete 
|   5|0x0000000083100000, 0x0000000083100000, 0x0000000083200000|  0%| F|  |TAMS 0x0000000083100000, 0x0000000083100000| Untracked 
|   6|0x0000000083200000, 0x0000000083200000, 0x0000000083300000|  0%| F|  |TAMS 0x0000000083200000, 0x0000000083200000| Untracked 
|   7|0x0000000083300000, 0x0000000083300000, 0x0000000083400000|  0%| F|  |TAMS 0x0000000083300000, 0x0000000083300000| Untracked 
|   8|0x0000000083400000, 0x0000000083400000, 0x0000000083500000|  0%| F|  |TAMS 0x0000000083400000, 0x0000000083400000| Untracked 
|   9|0x0000000083500000, 0x0000000083500000, 0x0000000083600000|  0%| F|  |TAMS 0x0000000083500000, 0x0000000083500000| Untracked 
|  10|0x0000000083600000, 0x0000000083600000, 0x0000000083700000|  0%| F|  |TAMS 0x0000000083600000, 0x0000000083600000| Untracked 
|  11|0x0000000083700000, 0x0000000083700000, 0x0000000083800000|  0%| F|  |TAMS 0x0000000083700000, 0x0000000083700000| Untracked 
|  12|0x0000000083800000, 0x0000000083800000, 0x0000000083900000|  0%| F|  |TAMS 0x0000000083800000, 0x0000000083800000| Untracked 
|  13|0x0000000083900000, 0x0000000083900000, 0x0000000083a00000|  0%| F|  |TAMS 0x0000000083900000, 0x0000000083900000| Untracked 
|  14|0x0000000083a00000, 0x0000000083a00000, 0x0000000083b00000|  0%| F|  |TAMS 0x0000000083a00000, 0x0000000083a00000| Untracked 
|  15|0x0000000083b00000, 0x0000000083b00000, 0x0000000083c00000|  0%| F|  |TAMS 0x0000000083b00000, 0x0000000083b00000| Untracked 
|  16|0x0000000083c00000, 0x0000000083c00000, 0x0000000083d00000|  0%| F|  |TAMS 0x0000000083c00000, 0x0000000083c00000| Untracked 
|  17|0x0000000083d00000, 0x0000000083d00000, 0x0000000083e00000|  0%| F|  |TAMS 0x0000000083d00000, 0x0000000083d00000| Untracked 
|  18|0x0000000083e00000, 0x0000000083e00000, 0x0000000083f00000|  0%| F|  |TAMS 0x0000000083e00000, 0x0000000083e00000| Untracked 
|  19|0x0000000083f00000, 0x0000000083f00000, 0x0000000084000000|  0%| F|  |TAMS 0x0000000083f00000, 0x0000000083f00000| Untracked 
|  20|0x0000000084000000, 0x0000000084000000, 0x0000000084100000|  0%| F|  |TAMS 0x0000000084000000, 0x0000000084000000| Untracked 
|  21|0x0000000084100000, 0x0000000084100000, 0x0000000084200000|  0%| F|  |TAMS 0x0000000084100000, 0x0000000084100000| Untracked 
|  22|0x0000000084200000, 0x0000000084200000, 0x0000000084300000|  0%| F|  |TAMS 0x0000000084200000, 0x0000000084200000| Untracked 
|  23|0x0000000084300000, 0x0000000084300000, 0x0000000084400000|  0%| F|  |TAMS 0x0000000084300000, 0x0000000084300000| Untracked 
|  24|0x0000000084400000, 0x0000000084400000, 0x0000000084500000|  0%| F|  |TAMS 0x0000000084400000, 0x0000000084400000| Untracked 
|  25|0x0000000084500000, 0x0000000084500000, 0x0000000084600000|  0%| F|  |TAMS 0x0000000084500000, 0x0000000084500000| Untracked 
|  26|0x0000000084600000, 0x0000000084600000, 0x0000000084700000|  0%| F|  |TAMS 0x0000000084600000, 0x0000000084600000| Untracked 
|  27|0x0000000084700000, 0x0000000084700000, 0x0000000084800000|  0%| F|  |TAMS 0x0000000084700000, 0x0000000084700000| Untracked 
|  28|0x0000000084800000, 0x0000000084800000, 0x0000000084900000|  0%| F|  |TAMS 0x0000000084800000, 0x0000000084800000| Untracked 
|  29|0x0000000084900000, 0x0000000084900000, 0x0000000084a00000|  0%| F|  |TAMS 0x0000000084900000, 0x0000000084900000| Untracked 
|  30|0x0000000084a00000, 0x0000000084a00000, 0x0000000084b00000|  0%| F|  |TAMS 0x0000000084a00000, 0x0000000084a00000| Untracked 
|  31|0x0000000084b00000, 0x0000000084b00000, 0x0000000084c00000|  0%| F|  |TAMS 0x0000000084b00000, 0x0000000084b00000| Untracked 
|  32|0x0000000084c00000, 0x0000000084c00000, 0x0000000084d00000|  0%| F|  |TAMS 0x0000000084c00000, 0x0000000084c00000| Untracked 
|  33|0x0000000084d00000, 0x0000000084d00000, 0x0000000084e00000|  0%| F|  |TAMS 0x0000000084d00000, 0x0000000084d00000| Untracked 
|  34|0x0000000084e00000, 0x0000000084e00000, 0x0000000084f00000|  0%| F|  |TAMS 0x0000000084e00000, 0x0000000084e00000| Untracked 
|  35|0x0000000084f00000, 0x0000000084f00000, 0x0000000085000000|  0%| F|  |TAMS 0x0000000084f00000, 0x0000000084f00000| Untracked 
|  36|0x0000000085000000, 0x0000000085000000, 0x0000000085100000|  0%| F|  |TAMS 0x0000000085000000, 0x0000000085000000| Untracked 
|  37|0x0000000085100000, 0x0000000085100000, 0x0000000085200000|  0%| F|  |TAMS 0x0000000085100000, 0x0000000085100000| Untracked 
|  38|0x0000000085200000, 0x0000000085200000, 0x0000000085300000|  0%| F|  |TAMS 0x0000000085200000, 0x0000000085200000| Untracked 
|  39|0x0000000085300000, 0x0000000085300000, 0x0000000085400000|  0%| F|  |TAMS 0x0000000085300000, 0x0000000085300000| Untracked 
|  40|0x0000000085400000, 0x0000000085400000, 0x0000000085500000|  0%| F|  |TAMS 0x0000000085400000, 0x0000000085400000| Untracked 
|  41|0x0000000085500000, 0x0000000085500000, 0x0000000085600000|  0%| F|  |TAMS 0x0000000085500000, 0x0000000085500000| Untracked 
|  42|0x0000000085600000, 0x0000000085600000, 0x0000000085700000|  0%| F|  |TAMS 0x0000000085600000, 0x0000000085600000| Untracked 
|  43|0x0000000085700000, 0x0000000085700000, 0x0000000085800000|  0%| F|  |TAMS 0x0000000085700000, 0x0000000085700000| Untracked 
|  44|0x0000000085800000, 0x0000000085800000, 0x0000000085900000|  0%| F|  |TAMS 0x0000000085800000, 0x0000000085800000| Untracked 
|  45|0x0000000085900000, 0x0000000085900000, 0x0000000085a00000|  0%| F|  |TAMS 0x0000000085900000, 0x0000000085900000| Untracked 
|  46|0x0000000085a00000, 0x0000000085a00000, 0x0000000085b00000|  0%| F|  |TAMS 0x0000000085a00000, 0x0000000085a00000| Untracked 
|  47|0x0000000085b00000, 0x0000000085b00000, 0x0000000085c00000|  0%| F|  |TAMS 0x0000000085b00000, 0x0000000085b00000| Untracked 
|  48|0x0000000085c00000, 0x0000000085c00000, 0x0000000085d00000|  0%| F|  |TAMS 0x0000000085c00000, 0x0000000085c00000| Untracked 
|  49|0x0000000085d00000, 0x0000000085d00000, 0x0000000085e00000|  0%| F|  |TAMS 0x0000000085d00000, 0x0000000085d00000| Untracked 
|  50|0x0000000085e00000, 0x0000000085e00000, 0x0000000085f00000|  0%| F|  |TAMS 0x0000000085e00000, 0x0000000085e00000| Untracked 
|  51|0x0000000085f00000, 0x0000000085f00000, 0x0000000086000000|  0%| F|  |TAMS 0x0000000085f00000, 0x0000000085f00000| Untracked 
|  52|0x0000000086000000, 0x0000000086000000, 0x0000000086100000|  0%| F|  |TAMS 0x0000000086000000, 0x0000000086000000| Untracked 
|  53|0x0000000086100000, 0x0000000086100000, 0x0000000086200000|  0%| F|  |TAMS 0x0000000086100000, 0x0000000086100000| Untracked 
|  54|0x0000000086200000, 0x0000000086200000, 0x0000000086300000|  0%| F|  |TAMS 0x0000000086200000, 0x0000000086200000| Untracked 
|  55|0x0000000086300000, 0x0000000086300000, 0x0000000086400000|  0%| F|  |TAMS 0x0000000086300000, 0x0000000086300000| Untracked 
|  56|0x0000000086400000, 0x0000000086400000, 0x0000000086500000|  0%| F|  |TAMS 0x0000000086400000, 0x0000000086400000| Untracked 
|  57|0x0000000086500000, 0x0000000086500000, 0x0000000086600000|  0%| F|  |TAMS 0x0000000086500000, 0x0000000086500000| Untracked 
|  58|0x0000000086600000, 0x0000000086600000, 0x0000000086700000|  0%| F|  |TAMS 0x0000000086600000, 0x0000000086600000| Untracked 
|  59|0x0000000086700000, 0x0000000086700000, 0x0000000086800000|  0%| F|  |TAMS 0x0000000086700000, 0x0000000086700000| Untracked 
|  60|0x0000000086800000, 0x0000000086800000, 0x0000000086900000|  0%| F|  |TAMS 0x0000000086800000, 0x0000000086800000| Untracked 
|  61|0x0000000086900000, 0x0000000086900000, 0x0000000086a00000|  0%| F|  |TAMS 0x0000000086900000, 0x0000000086900000| Untracked 
|  62|0x0000000086a00000, 0x0000000086a00000, 0x0000000086b00000|  0%| F|  |TAMS 0x0000000086a00000, 0x0000000086a00000| Untracked 
|  63|0x0000000086b00000, 0x0000000086b00000, 0x0000000086c00000|  0%| F|  |TAMS 0x0000000086b00000, 0x0000000086b00000| Untracked 
|  64|0x0000000086c00000, 0x0000000086c00000, 0x0000000086d00000|  0%| F|  |TAMS 0x0000000086c00000, 0x0000000086c00000| Untracked 
|  65|0x0000000086d00000, 0x0000000086d00000, 0x0000000086e00000|  0%| F|  |TAMS 0x0000000086d00000, 0x0000000086d00000| Untracked 
|  66|0x0000000086e00000, 0x0000000086e00000, 0x0000000086f00000|  0%| F|  |TAMS 0x0000000086e00000, 0x0000000086e00000| Untracked 
|  67|0x0000000086f00000, 0x0000000086f00000, 0x0000000087000000|  0%| F|  |TAMS 0x0000000086f00000, 0x0000000086f00000| Untracked 
|  68|0x0000000087000000, 0x0000000087000000, 0x0000000087100000|  0%| F|  |TAMS 0x0000000087000000, 0x0000000087000000| Untracked 
|  69|0x0000000087100000, 0x0000000087100000, 0x0000000087200000|  0%| F|  |TAMS 0x0000000087100000, 0x0000000087100000| Untracked 
|  70|0x0000000087200000, 0x0000000087200000, 0x0000000087300000|  0%| F|  |TAMS 0x0000000087200000, 0x0000000087200000| Untracked 
|  71|0x0000000087300000, 0x0000000087300000, 0x0000000087400000|  0%| F|  |TAMS 0x0000000087300000, 0x0000000087300000| Untracked 
|  72|0x0000000087400000, 0x0000000087400000, 0x0000000087500000|  0%| F|  |TAMS 0x0000000087400000, 0x0000000087400000| Untracked 
|  73|0x0000000087500000, 0x0000000087500000, 0x0000000087600000|  0%| F|  |TAMS 0x0000000087500000, 0x0000000087500000| Untracked 
|  74|0x0000000087600000, 0x0000000087600000, 0x0000000087700000|  0%| F|  |TAMS 0x0000000087600000, 0x0000000087600000| Untracked 
|  75|0x0000000087700000, 0x0000000087700000, 0x0000000087800000|  0%| F|  |TAMS 0x0000000087700000, 0x0000000087700000| Untracked 
|  76|0x0000000087800000, 0x0000000087800000, 0x0000000087900000|  0%| F|  |TAMS 0x0000000087800000, 0x0000000087800000| Untracked 
|  77|0x0000000087900000, 0x0000000087900000, 0x0000000087a00000|  0%| F|  |TAMS 0x0000000087900000, 0x0000000087900000| Untracked 
|  78|0x0000000087a00000, 0x0000000087a00000, 0x0000000087b00000|  0%| F|  |TAMS 0x0000000087a00000, 0x0000000087a00000| Untracked 
|  79|0x0000000087b00000, 0x0000000087b00000, 0x0000000087c00000|  0%| F|  |TAMS 0x0000000087b00000, 0x0000000087b00000| Untracked 
|  80|0x0000000087c00000, 0x0000000087c00000, 0x0000000087d00000|  0%| F|  |TAMS 0x0000000087c00000, 0x0000000087c00000| Untracked 
|  81|0x0000000087d00000, 0x0000000087d00000, 0x0000000087e00000|  0%| F|  |TAMS 0x0000000087d00000, 0x0000000087d00000| Untracked 
|  82|0x0000000087e00000, 0x0000000087e00000, 0x0000000087f00000|  0%| F|  |TAMS 0x0000000087e00000, 0x0000000087e00000| Untracked 
|  83|0x0000000087f00000, 0x0000000087f00000, 0x0000000088000000|  0%| F|  |TAMS 0x0000000087f00000, 0x0000000087f00000| Untracked 
|  84|0x0000000088000000, 0x0000000088000000, 0x0000000088100000|  0%| F|  |TAMS 0x0000000088000000, 0x0000000088000000| Untracked 
|  85|0x0000000088100000, 0x0000000088100000, 0x0000000088200000|  0%| F|  |TAMS 0x0000000088100000, 0x0000000088100000| Untracked 
|  86|0x0000000088200000, 0x0000000088200000, 0x0000000088300000|  0%| F|  |TAMS 0x0000000088200000, 0x0000000088200000| Untracked 
|  87|0x0000000088300000, 0x0000000088300000, 0x0000000088400000|  0%| F|  |TAMS 0x0000000088300000, 0x0000000088300000| Untracked 
|  88|0x0000000088400000, 0x0000000088400000, 0x0000000088500000|  0%| F|  |TAMS 0x0000000088400000, 0x0000000088400000| Untracked 
|  89|0x0000000088500000, 0x0000000088593f90, 0x0000000088600000| 57%| E|  |TAMS 0x0000000088500000, 0x0000000088500000| Complete 
|  90|0x0000000088600000, 0x0000000088700000, 0x0000000088700000|100%| E|CS|TAMS 0x0000000088600000, 0x0000000088600000| Complete 
|  91|0x0000000088700000, 0x0000000088800000, 0x0000000088800000|100%| E|CS|TAMS 0x0000000088700000, 0x0000000088700000| Complete 
|  92|0x0000000088800000, 0x0000000088900000, 0x0000000088900000|100%| E|CS|TAMS 0x0000000088800000, 0x0000000088800000| Complete 
|  93|0x0000000088900000, 0x0000000088a00000, 0x0000000088a00000|100%| E|CS|TAMS 0x0000000088900000, 0x0000000088900000| Complete 
|  94|0x0000000088a00000, 0x0000000088b00000, 0x0000000088b00000|100%| E|CS|TAMS 0x0000000088a00000, 0x0000000088a00000| Complete 
|  95|0x0000000088b00000, 0x0000000088c00000, 0x0000000088c00000|100%| E|CS|TAMS 0x0000000088b00000, 0x0000000088b00000| Complete 
|  96|0x0000000088c00000, 0x0000000088d00000, 0x0000000088d00000|100%| E|CS|TAMS 0x0000000088c00000, 0x0000000088c00000| Complete 
|  97|0x0000000088d00000, 0x0000000088e00000, 0x0000000088e00000|100%| E|CS|TAMS 0x0000000088d00000, 0x0000000088d00000| Complete 
|  98|0x0000000088e00000, 0x0000000088f00000, 0x0000000088f00000|100%| E|CS|TAMS 0x0000000088e00000, 0x0000000088e00000| Complete 
|  99|0x0000000088f00000, 0x0000000089000000, 0x0000000089000000|100%| E|CS|TAMS 0x0000000088f00000, 0x0000000088f00000| Complete 
| 100|0x0000000089000000, 0x0000000089100000, 0x0000000089100000|100%| E|CS|TAMS 0x0000000089000000, 0x0000000089000000| Complete 
| 101|0x0000000089100000, 0x0000000089200000, 0x0000000089200000|100%| E|CS|TAMS 0x0000000089100000, 0x0000000089100000| Complete 
| 102|0x0000000089200000, 0x0000000089300000, 0x0000000089300000|100%| E|CS|TAMS 0x0000000089200000, 0x0000000089200000| Complete 
| 103|0x0000000089300000, 0x0000000089400000, 0x0000000089400000|100%| E|CS|TAMS 0x0000000089300000, 0x0000000089300000| Complete 
| 104|0x0000000089400000, 0x0000000089500000, 0x0000000089500000|100%| S|CS|TAMS 0x0000000089400000, 0x0000000089400000| Complete 
| 105|0x0000000089500000, 0x0000000089600000, 0x0000000089600000|100%| S|CS|TAMS 0x0000000089500000, 0x0000000089500000| Complete 
| 106|0x0000000089600000, 0x0000000089700000, 0x0000000089700000|100%| S|CS|TAMS 0x0000000089600000, 0x0000000089600000| Complete 
| 107|0x0000000089700000, 0x0000000089800000, 0x0000000089800000|100%| E|CS|TAMS 0x0000000089700000, 0x0000000089700000| Complete 
| 108|0x0000000089800000, 0x0000000089900000, 0x0000000089900000|100%| E|CS|TAMS 0x0000000089800000, 0x0000000089800000| Complete 
| 109|0x0000000089900000, 0x0000000089a00000, 0x0000000089a00000|100%| E|CS|TAMS 0x0000000089900000, 0x0000000089900000| Complete 
| 110|0x0000000089a00000, 0x0000000089b00000, 0x0000000089b00000|100%| E|CS|TAMS 0x0000000089a00000, 0x0000000089a00000| Complete 
| 111|0x0000000089b00000, 0x0000000089c00000, 0x0000000089c00000|100%| E|CS|TAMS 0x0000000089b00000, 0x0000000089b00000| Complete 
| 112|0x0000000089c00000, 0x0000000089d00000, 0x0000000089d00000|100%| E|CS|TAMS 0x0000000089c00000, 0x0000000089c00000| Complete 
| 113|0x0000000089d00000, 0x0000000089e00000, 0x0000000089e00000|100%| E|CS|TAMS 0x0000000089d00000, 0x0000000089d00000| Complete 
| 114|0x0000000089e00000, 0x0000000089f00000, 0x0000000089f00000|100%| E|CS|TAMS 0x0000000089e00000, 0x0000000089e00000| Complete 
| 115|0x0000000089f00000, 0x000000008a000000, 0x000000008a000000|100%| E|CS|TAMS 0x0000000089f00000, 0x0000000089f00000| Complete 
| 116|0x000000008a000000, 0x000000008a100000, 0x000000008a100000|100%| E|CS|TAMS 0x000000008a000000, 0x000000008a000000| Complete 
| 117|0x000000008a100000, 0x000000008a200000, 0x000000008a200000|100%| E|CS|TAMS 0x000000008a100000, 0x000000008a100000| Complete 
| 118|0x000000008a200000, 0x000000008a300000, 0x000000008a300000|100%| E|CS|TAMS 0x000000008a200000, 0x000000008a200000| Complete 
| 119|0x000000008a300000, 0x000000008a400000, 0x000000008a400000|100%| E|CS|TAMS 0x000000008a300000, 0x000000008a300000| Complete 
| 120|0x000000008a400000, 0x000000008a500000, 0x000000008a500000|100%| E|CS|TAMS 0x000000008a400000, 0x000000008a400000| Complete 
| 121|0x000000008a500000, 0x000000008a600000, 0x000000008a600000|100%| E|CS|TAMS 0x000000008a500000, 0x000000008a500000| Complete 
| 122|0x000000008a600000, 0x000000008a700000, 0x000000008a700000|100%| E|CS|TAMS 0x000000008a600000, 0x000000008a600000| Complete 
| 123|0x000000008a700000, 0x000000008a800000, 0x000000008a800000|100%| E|CS|TAMS 0x000000008a700000, 0x000000008a700000| Complete 
| 124|0x000000008a800000, 0x000000008a900000, 0x000000008a900000|100%| E|CS|TAMS 0x000000008a800000, 0x000000008a800000| Complete 
| 125|0x000000008a900000, 0x000000008aa00000, 0x000000008aa00000|100%| E|CS|TAMS 0x000000008a900000, 0x000000008a900000| Complete 

Card table byte_map: [0x000001b25b320000,0x000001b25b710000] _byte_map_base: 0x000001b25af0a000

Marking Bits (Prev, Next): (CMBitMap*) 0x000001b2447e6ef0, (CMBitMap*) 0x000001b2447e6f30
 Prev Bits: [0x000001b25bb00000, 0x000001b25da50000)
 Next Bits: [0x000001b25da50000, 0x000001b25f9a0000)

Polling page: 0x000001b242660000

Metaspace:

Usage:
  Non-class:     14.01 MB used.
      Class:      2.27 MB used.
       Both:     16.28 MB used.

Virtual space:
  Non-class space:       16.00 MB reserved,      14.12 MB ( 88%) committed,  2 nodes.
      Class space:        1.00 GB reserved,       2.44 MB ( <1%) committed,  1 nodes.
              Both:        1.02 GB reserved,      16.56 MB (  2%) committed. 

Chunk freelists:
   Non-Class:  1.16 MB
       Class:  1.43 MB
        Both:  2.59 MB

MaxMetaspaceSize: 17179869184.00 GB
CompressedClassSpaceSize: 1.00 GB
 - commit_granule_bytes: 65536.
 - commit_granule_words: 8192.
 - virtual_space_node_default_size: 1048576.
 - enlarge_chunks_in_place: 1.
 - new_chunks_are_fully_committed: 0.
 - uncommit_free_chunks: 1.
 - use_allocation_guard: 0.
 - handle_deallocations: 1.


Internal statistics:

num_allocs_failed_limit: 0.
num_arena_births: 210.
num_arena_deaths: 0.
num_vsnodes_births: 3.
num_vsnodes_deaths: 0.
num_space_committed: 265.
num_space_uncommitted: 0.
num_chunks_returned_to_freelist: 0.
num_chunks_taken_from_freelist: 786.
num_chunk_merges: 0.
num_chunk_splits: 522.
num_chunks_enlarged: 388.
num_purges: 0.

CodeHeap 'non-profiled nmethods': size=120000Kb used=1051Kb max_used=1051Kb free=118948Kb
 bounds [0x000001b253a00000, 0x000001b253c70000, 0x000001b25af30000]
CodeHeap 'profiled nmethods': size=120000Kb used=5262Kb max_used=5262Kb free=114737Kb
 bounds [0x000001b24c4d0000, 0x000001b24ca00000, 0x000001b253a00000]
CodeHeap 'non-nmethods': size=5760Kb used=1456Kb max_used=1483Kb free=4303Kb
 bounds [0x000001b24bf30000, 0x000001b24c1a0000, 0x000001b24c4d0000]
 total_blobs=3762 nmethods=2942 adapters=733
 compilation: enabled
              stopped_count=0, restarted_count=0
 full_count=0

Compilation events (20 events):
Event: 15.481 Thread 0x000001b261e26260 2936       3       com.sun.javafx.tk.quantum.GlassViewEventHandler::mouseEventButton (44 bytes)
Event: 15.481 Thread 0x000001b261e26260 nmethod 2936 0x000001b24c9f1c90 code [0x000001b24c9f1e40, 0x000001b24c9f2058]
Event: 15.481 Thread 0x000001b261e26260 2937       3       javafx.scene.Scene$ScenePeerListener::mouseEvent (50 bytes)
Event: 15.482 Thread 0x000001b261e26260 nmethod 2937 0x000001b24c9f2110 code [0x000001b24c9f22e0, 0x000001b24c9f26d8]
Event: 15.741 Thread 0x000001b261e26260 2938       3       javafx.beans.property.ReadOnlyBooleanWrapper$ReadOnlyPropertyImpl::get (8 bytes)
Event: 15.742 Thread 0x000001b261e26260 nmethod 2938 0x000001b24c9f2910 code [0x000001b24c9f2ac0, 0x000001b24c9f2de8]
Event: 15.754 Thread 0x000001b261e22750 2939       4       com.sun.javafx.geom.PickRay::setOrigin (12 bytes)
Event: 15.756 Thread 0x000001b261e22750 nmethod 2939 0x000001b253b01310 code [0x000001b253b014a0, 0x000001b253b01558]
Event: 15.768 Thread 0x000001b261e22750 2940   !   4       javafx.scene.Node::intersectsBounds (1005 bytes)
Event: 15.817 Thread 0x000001b261e22750 nmethod 2940 0x000001b253b01610 code [0x000001b253b018a0, 0x000001b253b023d0]
Event: 16.634 Thread 0x000001b261e26260 2941       3       com.sun.javafx.scene.KeyboardShortcutsHandler::dispatchBubblingEvent (60 bytes)
Event: 16.636 Thread 0x000001b261e26260 nmethod 2941 0x000001b24c9f2f10 code [0x000001b24c9f3100, 0x000001b24c9f3828]
Event: 16.689 Thread 0x000001b261e22750 2942   !   4       javafx.scene.Node::pickNode (130 bytes)
Event: 16.723 Thread 0x000001b261e22750 nmethod 2942 0x000001b253b03510 code [0x000001b253b03700, 0x000001b253b03ca8]
Event: 20.219 Thread 0x000001b261e22750 2943       4       com.sun.javafx.scene.layout.RegionHelper::pickNodeLocalImpl (12 bytes)
Event: 20.247 Thread 0x000001b261e22750 nmethod 2943 0x000001b253b04410 code [0x000001b253b04660, 0x000001b253b051a8]
Event: 86.655 Thread 0x000001b261e22750 2944       4       com.sun.javafx.tk.quantum.QuantumToolkit::postPulse (106 bytes)
Event: 86.672 Thread 0x000001b261e22750 nmethod 2944 0x000001b253b06010 code [0x000001b253b061c0, 0x000001b253b063f8]
Event: 86.975 Thread 0x000001b261e22750 2945       4       com.sun.javafx.tk.quantum.QuantumToolkit$$Lambda$92/0x0000000800c36258::run (8 bytes)
Event: 86.980 Thread 0x000001b261e22750 nmethod 2945 0x000001b253b06710 code [0x000001b253b068e0, 0x000001b253b06b88]

GC Heap History (4 events):
Event: 0.788 GC heap before
{Heap before GC invocations=0 (full 0):
 garbage-first heap   total 129024K, used 12288K [0x0000000082c00000, 0x0000000100000000)
  region size 1024K, 13 young (13312K), 0 survivors (0K)
 Metaspace       used 2801K, committed 2880K, reserved 1056768K
  class space    used 285K, committed 320K, reserved 1048576K
}
Event: 0.798 GC heap after
{Heap after GC invocations=1 (full 0):
 garbage-first heap   total 129024K, used 2226K [0x0000000082c00000, 0x0000000100000000)
  region size 1024K, 2 young (2048K), 2 survivors (2048K)
 Metaspace       used 2801K, committed 2880K, reserved 1056768K
  class space    used 285K, committed 320K, reserved 1048576K
}
Event: 1.567 GC heap before
{Heap before GC invocations=1 (full 0):
 garbage-first heap   total 129024K, used 19634K [0x0000000082c00000, 0x0000000100000000)
  region size 1024K, 19 young (19456K), 2 survivors (2048K)
 Metaspace       used 8152K, committed 8384K, reserved 1064960K
  class space    used 966K, committed 1088K, reserved 1048576K
}
Event: 1.575 GC heap after
{Heap after GC invocations=2 (full 0):
 garbage-first heap   total 129024K, used 5533K [0x0000000082c00000, 0x0000000100000000)
  region size 1024K, 3 young (3072K), 3 survivors (3072K)
 Metaspace       used 8152K, committed 8384K, reserved 1064960K
  class space    used 966K, committed 1088K, reserved 1048576K
}

Deoptimization events (20 events):
Event: 11.946 Thread 0x000001b263e0b720 DEOPT PACKING pc=0x000001b24c79aa3a sp=0x0000002e03bfd800
Event: 11.946 Thread 0x000001b263e0b720 DEOPT UNPACKING pc=0x000001b24bf7deaf sp=0x0000002e03bfcc50 mode 0
Event: 11.966 Thread 0x000001b263e0b720 DEOPT PACKING pc=0x000001b24c79aa3a sp=0x0000002e03bfd800
Event: 11.966 Thread 0x000001b263e0b720 DEOPT UNPACKING pc=0x000001b24bf7deaf sp=0x0000002e03bfcc50 mode 0
Event: 11.968 Thread 0x000001b263e0b720 DEOPT PACKING pc=0x000001b24c79aa3a sp=0x0000002e03bfd800
Event: 11.968 Thread 0x000001b263e0b720 DEOPT UNPACKING pc=0x000001b24bf7deaf sp=0x0000002e03bfcc50 mode 0
Event: 11.969 Thread 0x000001b263e0b720 DEOPT PACKING pc=0x000001b24c79aa5b sp=0x0000002e03bfd800
Event: 11.969 Thread 0x000001b263e0b720 DEOPT UNPACKING pc=0x000001b24bf7deaf sp=0x0000002e03bfcc60 mode 0
Event: 11.971 Thread 0x000001b263e0b720 DEOPT PACKING pc=0x000001b24c79aa5b sp=0x0000002e03bfd800
Event: 11.971 Thread 0x000001b263e0b720 DEOPT UNPACKING pc=0x000001b24bf7deaf sp=0x0000002e03bfcc60 mode 0
Event: 11.972 Thread 0x000001b263e0b720 DEOPT PACKING pc=0x000001b24c79aa3a sp=0x0000002e03bfd800
Event: 11.972 Thread 0x000001b263e0b720 DEOPT UNPACKING pc=0x000001b24bf7deaf sp=0x0000002e03bfcc50 mode 0
Event: 11.974 Thread 0x000001b263e0b720 DEOPT PACKING pc=0x000001b24c79aa3a sp=0x0000002e03bfd800
Event: 11.974 Thread 0x000001b263e0b720 DEOPT UNPACKING pc=0x000001b24bf7deaf sp=0x0000002e03bfcc50 mode 0
Event: 11.975 Thread 0x000001b263e0b720 DEOPT PACKING pc=0x000001b24c79aa3a sp=0x0000002e03bfd800
Event: 11.975 Thread 0x000001b263e0b720 DEOPT UNPACKING pc=0x000001b24bf7deaf sp=0x0000002e03bfcc50 mode 0
Event: 11.975 Thread 0x000001b263e0b720 DEOPT PACKING pc=0x000001b24c79aa3a sp=0x0000002e03bfd800
Event: 11.975 Thread 0x000001b263e0b720 DEOPT UNPACKING pc=0x000001b24bf7deaf sp=0x0000002e03bfcc50 mode 0
Event: 11.976 Thread 0x000001b263e0b720 DEOPT PACKING pc=0x000001b24c79aa3a sp=0x0000002e03bfd800
Event: 11.976 Thread 0x000001b263e0b720 DEOPT UNPACKING pc=0x000001b24bf7deaf sp=0x0000002e03bfcc50 mode 0

Classes unloaded (0 events):
No events

Classes redefined (0 events):
No events

Internal exceptions (20 events):
Event: 1.752 Thread 0x000001b263b17eb0 Implicit null exception at 0x000001b253a42fd8 to 0x000001b253a4306e
Event: 1.814 Thread 0x000001b263b17eb0 Implicit null exception at 0x000001b253a61091 to 0x000001b253a61444
Event: 1.815 Thread 0x000001b263b17eb0 Implicit null exception at 0x000001b253a6070c to 0x000001b253a60aa4
Event: 1.820 Thread 0x000001b263b17eb0 Implicit null exception at 0x000001b253a26f2f to 0x000001b253a26fad
Event: 2.036 Thread 0x000001b263b17eb0 Exception <a 'java/lang/ClassNotFoundException'{0x0000000089f89ca0}: com/sun/javafx/scene/control/skin/resources/controls> (0x0000000089f89ca0) 
thrown [t:\workspace\open\src\hotspot\share\prims\jni.cpp, line 600]
Event: 2.038 Thread 0x000001b263b17eb0 Exception <a 'java/lang/ClassNotFoundException'{0x0000000089f977a0}: com/sun/javafx/scene/control/skin/resources/controls_ru> (0x0000000089f977a0) 
thrown [t:\workspace\open\src\hotspot\share\prims\jni.cpp, line 600]
Event: 2.038 Thread 0x000001b263b17eb0 Exception <a 'java/lang/ClassNotFoundException'{0x0000000089f98d90}: com/sun/javafx/scene/control/skin/resources/controls_ru_RU> (0x0000000089f98d90) 
thrown [t:\workspace\open\src\hotspot\share\prims\jni.cpp, line 600]
Event: 2.138 Thread 0x000001b263b17eb0 Exception <a 'java/lang/NoSuchMethodError'{0x0000000089d596a0}: 'void java.lang.invoke.DirectMethodHandle$Holder.invokeSpecial(java.lang.Object, java.lang.Object, java.lang.Object, java.lang.Object, java.lang.Object, java.lang.Object)'> (0x0000000089d596a0) 
thrown [t:\workspace\open\src\hotspot\share\interpreter\linkResolver.cpp, line 790]
Event: 2.207 Thread 0x000001b263b17eb0 Exception <a 'java/lang/NoSuchMethodError'{0x0000000089a40d20}: 'java.lang.Object java.lang.invoke.DirectMethodHandle$Holder.invokeInterface(java.lang.Object, java.lang.Object, java.lang.Object)'> (0x0000000089a40d20) 
thrown [t:\workspace\open\src\hotspot\share\interpreter\linkResolver.cpp, line 790]
Event: 2.207 Thread 0x000001b263b17eb0 Exception <a 'java/lang/IncompatibleClassChangeError'{0x0000000089a448a0}: Found class java.lang.Object, but interface was expected> (0x0000000089a448a0) 
thrown [t:\workspace\open\src\hotspot\share\interpreter\linkResolver.cpp, line 857]
Event: 2.309 Thread 0x000001b263b17eb0 Exception <a 'java/lang/NoSuchMethodError'{0x000000008981cfb8}: 'java.lang.Object java.lang.invoke.DirectMethodHandle$Holder.newInvokeSpecial(java.lang.Object, java.lang.Object, int)'> (0x000000008981cfb8) 
thrown [t:\workspace\open\src\hotspot\share\interpreter\linkResolver.cpp, line 790]
Event: 2.341 Thread 0x000001b263e0b720 Exception <a 'java/lang/NoSuchMethodError'{0x000000008971a190}: 'int java.lang.invoke.DirectMethodHandle$Holder.invokeStaticInit(java.lang.Object, java.lang.Object)'> (0x000000008971a190) 
thrown [t:\workspace\open\src\hotspot\share\interpreter\linkResolver.cpp, line 790]
Event: 2.354 Thread 0x000001b263b17eb0 Exception <a 'java/lang/NoSuchMethodError'{0x0000000089872518}: 'long java.lang.invoke.DirectMethodHandle$Holder.invokeStatic(java.lang.Object, java.lang.Object, java.lang.Object)'> (0x0000000089872518) 
thrown [t:\workspace\open\src\hotspot\share\interpreter\linkResolver.cpp, line 790]
Event: 2.355 Thread 0x000001b263b17eb0 Exception <a 'java/lang/NoSuchMethodError'{0x0000000089875ec8}: 'long java.lang.invoke.DirectMethodHandle$Holder.invokeStaticInit(java.lang.Object, java.lang.Object, java.lang.Object)'> (0x0000000089875ec8) 
thrown [t:\workspace\open\src\hotspot\share\interpreter\linkResolver.cpp, line 790]
Event: 2.359 Thread 0x000001b263b17eb0 Exception <a 'java/lang/NoSuchMethodError'{0x000000008978c4f0}: 'java.lang.Object java.lang.invoke.DirectMethodHandle$Holder.newInvokeSpecial(java.lang.Object, java.lang.Object, long)'> (0x000000008978c4f0) 
thrown [t:\workspace\open\src\hotspot\share\interpreter\linkResolver.cpp, line 790]
Event: 2.360 Thread 0x000001b263b17eb0 Exception <a 'java/lang/NoSuchMethodError'{0x0000000089790260}: 'java.lang.Object java.lang.invoke.Invokers$Holder.linkToTargetMethod(java.lang.Object, long, java.lang.Object)'> (0x0000000089790260) 
thrown [t:\workspace\open\src\hotspot\share\interpreter\linkResolver.cpp, line 790]
Event: 8.464 Thread 0x000001b263e0b720 Exception <a 'java/lang/NoSuchMethodError'{0x0000000088deda28}: 'java.lang.Object java.lang.invoke.DirectMethodHandle$Holder.invokeStaticInit(java.lang.Object, int)'> (0x0000000088deda28) 
thrown [t:\workspace\open\src\hotspot\share\interpreter\linkResolver.cpp, line 790]
Event: 14.818 Thread 0x000001b263b17eb0 Exception <a 'java/lang/NoSuchMethodError'{0x00000000887f56a8}: 'java.lang.Object java.lang.invoke.DirectMethodHandle$Holder.newInvokeSpecial(java.lang.Object, java.lang.Object, int, int, int, int, int, java.lang.Object)'> (0x00000000887f56a8) 
thrown [t:\workspace\open\src\hotspot\share\interpreter\linkResolver.cpp, line 790]
Event: 14.828 Thread 0x000001b263b17eb0 Exception <a 'java/lang/NoSuchMethodError'{0x000000008860a0e0}: 'java.lang.Object java.lang.invoke.DirectMethodHandle$Holder.newInvokeSpecial(java.lang.Object, java.lang.Object, java.lang.Object, int, int, int, int, int)'> (0x000000008860a0e0) 
thrown [t:\workspace\open\src\hotspot\share\interpreter\linkResolver.cpp, line 790]
Event: 14.830 Thread 0x000001b263b17eb0 Exception <a 'java/lang/NoSuchMethodError'{0x00000000886126f0}: 'java.lang.Object java.lang.invoke.Invokers$Holder.linkToTargetMethod(java.lang.Object, java.lang.Object, int, int, int, int, int, java.lang.Object)'> (0x00000000886126f0) 
thrown [t:\workspace\open\src\hotspot\share\interpreter\linkResolver.cpp, line 790]

Events (20 events):
Event: 13.905 loading class java/lang/Throwable$PrintStreamOrWriter
Event: 13.905 loading class java/lang/Throwable$PrintStreamOrWriter done
Event: 13.905 loading class java/lang/Throwable$WrappedPrintStream done
Event: 14.112 Executing  VM operation: Cleanup
Event: 14.112 Executing  VM operation: Cleanup done
Event: 16.112 Executing  VM operation: Cleanup
Event: 16.113 Executing  VM operation: Cleanup done
Event: 17.113 Executing  VM operation: Cleanup
Event: 17.113 Executing  VM operation: Cleanup done
Event: 21.114 Executing  VM operation: Cleanup
Event: 21.114 Executing  VM operation: Cleanup done
Event: 361.147 loading class jdk/internal/misc/Signal$1
Event: 361.147 loading class jdk/internal/misc/Signal$1 done
Event: 361.148 Thread 0x000001b262b2a030 Thread added: 0x000001b262b2a030
Event: 361.149 Thread 0x000001b262b29ae0 Thread added: 0x000001b262b29ae0
Event: 361.150 Thread 0x000001b262b28050 Thread added: 0x000001b262b28050
Event: 361.151 Thread 0x000001b262b28050 Thread exited: 0x000001b262b28050
Event: 361.158 Executing  VM operation: Exit
Event: 361.158 Thread 0x000001b262b29ae0 Thread exited: 0x000001b262b29ae0
Event: 361.158 Thread 0x000001b261e1ba00 Thread exited: 0x000001b261e1ba00


Dynamic libraries:
0x00007ff7cdca0000 - 0x00007ff7cdcb0000 	C:\Program Files\Java\jdk-16.0.2\bin\java.exe
0x00007ffb23630000 - 0x00007ffb23825000 	C:\Windows\SYSTEM32\ntdll.dll
0x00007ffb22960000 - 0x00007ffb22a1e000 	C:\Windows\System32\KERNEL32.DLL
0x00007ffb210e0000 - 0x00007ffb213a8000 	C:\Windows\System32\KERNELBASE.dll
0x00007ffb20ee0000 - 0x00007ffb20fe0000 	C:\Windows\System32\ucrtbase.dll
0x00007ffb1adf0000 - 0x00007ffb1ae09000 	C:\Program Files\Java\jdk-16.0.2\bin\VCRUNTIME140.dll
0x00007ffb1ae40000 - 0x00007ffb1ae58000 	C:\Program Files\Java\jdk-16.0.2\bin\jli.dll
0x00007ffb22060000 - 0x00007ffb2210c000 	C:\Windows\System32\ADVAPI32.dll
0x00007ffb22110000 - 0x00007ffb221ae000 	C:\Windows\System32\msvcrt.dll
0x00007ffb22bb0000 - 0x00007ffb22c4b000 	C:\Windows\System32\sechost.dll
0x00007ffb218d0000 - 0x00007ffb219fa000 	C:\Windows\System32\RPCRT4.dll
0x00007ffb22f60000 - 0x00007ffb23101000 	C:\Windows\System32\USER32.dll
0x00007ffb214c0000 - 0x00007ffb214e2000 	C:\Windows\System32\win32u.dll
0x00007ffb218a0000 - 0x00007ffb218cb000 	C:\Windows\System32\GDI32.dll
0x00007ffb213b0000 - 0x00007ffb214bb000 	C:\Windows\System32\gdi32full.dll
0x00007ffb20fe0000 - 0x00007ffb2107d000 	C:\Windows\System32\msvcp_win.dll
0x00007ffb0aad0000 - 0x00007ffb0ad6a000 	C:\Windows\WinSxS\amd64_microsoft.windows.common-controls_6595b64144ccf1df_6.0.19041.1110_none_60b5254171f9507e\COMCTL32.dll
0x00007ffb1a7c0000 - 0x00007ffb1a7ca000 	C:\Windows\SYSTEM32\VERSION.dll
0x00007ffb21680000 - 0x00007ffb216b0000 	C:\Windows\System32\IMM32.DLL
0x00007ffb1c0d0000 - 0x00007ffb1c0dc000 	C:\Program Files\Java\jdk-16.0.2\bin\vcruntime140_1.dll
0x00007ffb19d70000 - 0x00007ffb19e01000 	C:\Program Files\Java\jdk-16.0.2\bin\msvcp140.dll
0x00007ffad4e00000 - 0x00007ffad59ab000 	C:\Program Files\Java\jdk-16.0.2\bin\server\jvm.dll
0x00007ffb21a00000 - 0x00007ffb21a08000 	C:\Windows\System32\PSAPI.DLL
0x00007ffb09dc0000 - 0x00007ffb09dc9000 	C:\Windows\SYSTEM32\WSOCK32.dll
0x00007ffb23170000 - 0x00007ffb231db000 	C:\Windows\System32\WS2_32.dll
0x00007ffb02da0000 - 0x00007ffb02dc7000 	C:\Windows\SYSTEM32\WINMM.dll
0x00007ffb1f5d0000 - 0x00007ffb1f5e2000 	C:\Windows\SYSTEM32\kernel.appcore.dll
0x00007ffb1ae20000 - 0x00007ffb1ae2a000 	C:\Program Files\Java\jdk-16.0.2\bin\jimage.dll
0x00007ffb1eb50000 - 0x00007ffb1ed34000 	C:\Windows\SYSTEM32\DBGHELP.DLL
0x00007ffb187f0000 - 0x00007ffb1881c000 	C:\Windows\SYSTEM32\dbgcore.DLL
0x00007ffb214f0000 - 0x00007ffb21573000 	C:\Windows\System32\bcryptPrimitives.dll
0x00007ffb1add0000 - 0x00007ffb1adde000 	C:\Program Files\Java\jdk-16.0.2\bin\instrument.dll
0x00007ffb1ad10000 - 0x00007ffb1ad35000 	C:\Program Files\Java\jdk-16.0.2\bin\java.dll
0x00007ffb22220000 - 0x00007ffb2295f000 	C:\Windows\System32\SHELL32.dll
0x00007ffb1ed40000 - 0x00007ffb1f4d0000 	C:\Windows\SYSTEM32\windows.storage.dll
0x00007ffb23290000 - 0x00007ffb235e5000 	C:\Windows\System32\combase.dll
0x00007ffb206d0000 - 0x00007ffb206fe000 	C:\Windows\SYSTEM32\Wldp.dll
0x00007ffb22a20000 - 0x00007ffb22acd000 	C:\Windows\System32\SHCORE.dll
0x00007ffb221c0000 - 0x00007ffb22215000 	C:\Windows\System32\shlwapi.dll
0x00007ffb20c90000 - 0x00007ffb20caf000 	C:\Windows\SYSTEM32\profapi.dll
0x00007ffb1acf0000 - 0x00007ffb1ad09000 	C:\Program Files\Java\jdk-16.0.2\bin\net.dll
0x00007ffb13460000 - 0x00007ffb1356c000 	C:\Windows\SYSTEM32\WINHTTP.dll
0x00007ffb20430000 - 0x00007ffb2049a000 	C:\Windows\system32\mswsock.dll
0x00007ffb19d50000 - 0x00007ffb19d63000 	C:\Program Files\Java\jdk-16.0.2\bin\nio.dll
0x00007ffb19810000 - 0x00007ffb19828000 	C:\Program Files\Java\jdk-16.0.2\bin\zip.dll
0x00007ffb001a0000 - 0x00007ffb001ba000 	C:\Program Files\JetBrains\IntelliJ IDEA 2021.2.1\bin\breakgen64.dll
0x000001b2426b0000 - 0x000001b2426b3000 	C:\javafx-sdk-11.0.2\bin\api-ms-win-core-console-l1-1-0.dll
0x000001b242950000 - 0x000001b242953000 	C:\javafx-sdk-11.0.2\bin\api-ms-win-core-datetime-l1-1-0.dll
0x000001b242960000 - 0x000001b242963000 	C:\javafx-sdk-11.0.2\bin\api-ms-win-core-debug-l1-1-0.dll
0x000001b244710000 - 0x000001b244713000 	C:\javafx-sdk-11.0.2\bin\api-ms-win-core-errorhandling-l1-1-0.dll
0x000001b244720000 - 0x000001b244724000 	C:\javafx-sdk-11.0.2\bin\api-ms-win-core-file-l1-1-0.dll
0x000001b244730000 - 0x000001b244733000 	C:\javafx-sdk-11.0.2\bin\api-ms-win-core-file-l1-2-0.dll
0x000001b244740000 - 0x000001b244743000 	C:\javafx-sdk-11.0.2\bin\api-ms-win-core-file-l2-1-0.dll
0x000001b244750000 - 0x000001b244753000 	C:\javafx-sdk-11.0.2\bin\api-ms-win-core-handle-l1-1-0.dll
0x000001b244760000 - 0x000001b244763000 	C:\javafx-sdk-11.0.2\bin\api-ms-win-core-heap-l1-1-0.dll
0x000001b244770000 - 0x000001b244773000 	C:\javafx-sdk-11.0.2\bin\api-ms-win-core-interlocked-l1-1-0.dll
0x000001b244780000 - 0x000001b244783000 	C:\javafx-sdk-11.0.2\bin\api-ms-win-core-libraryloader-l1-1-0.dll
0x000001b261fe0000 - 0x000001b261fe3000 	C:\javafx-sdk-11.0.2\bin\api-ms-win-core-localization-l1-2-0.dll
0x000001b261ff0000 - 0x000001b261ff3000 	C:\javafx-sdk-11.0.2\bin\api-ms-win-core-memory-l1-1-0.dll
0x000001b2643d0000 - 0x000001b2643d3000 	C:\javafx-sdk-11.0.2\bin\api-ms-win-core-namedpipe-l1-1-0.dll
0x000001b2643e0000 - 0x000001b2643e3000 	C:\javafx-sdk-11.0.2\bin\api-ms-win-core-processenvironment-l1-1-0.dll
0x000001b2643f0000 - 0x000001b2643f3000 	C:\javafx-sdk-11.0.2\bin\api-ms-win-core-processthreads-l1-1-0.dll
0x000001b264400000 - 0x000001b264403000 	C:\javafx-sdk-11.0.2\bin\api-ms-win-core-processthreads-l1-1-1.dll
0x000001b264410000 - 0x000001b264413000 	C:\javafx-sdk-11.0.2\bin\api-ms-win-core-profile-l1-1-0.dll
0x000001b264420000 - 0x000001b264423000 	C:\javafx-sdk-11.0.2\bin\api-ms-win-core-rtlsupport-l1-1-0.dll
0x000001b264570000 - 0x000001b264573000 	C:\javafx-sdk-11.0.2\bin\api-ms-win-core-string-l1-1-0.dll
0x000001b264430000 - 0x000001b264433000 	C:\javafx-sdk-11.0.2\bin\api-ms-win-core-synch-l1-1-0.dll
0x000001b264440000 - 0x000001b264443000 	C:\javafx-sdk-11.0.2\bin\api-ms-win-core-synch-l1-2-0.dll
0x000001b264450000 - 0x000001b264453000 	C:\javafx-sdk-11.0.2\bin\api-ms-win-core-sysinfo-l1-1-0.dll
0x000001b264460000 - 0x000001b264463000 	C:\javafx-sdk-11.0.2\bin\api-ms-win-core-timezone-l1-1-0.dll
0x000001b264470000 - 0x000001b264473000 	C:\javafx-sdk-11.0.2\bin\api-ms-win-core-util-l1-1-0.dll
0x000001b264480000 - 0x000001b264483000 	C:\javafx-sdk-11.0.2\bin\api-ms-win-crt-conio-l1-1-0.dll
0x000001b264490000 - 0x000001b264494000 	C:\javafx-sdk-11.0.2\bin\api-ms-win-crt-convert-l1-1-0.dll
0x000001b2644a0000 - 0x000001b2644a3000 	C:\javafx-sdk-11.0.2\bin\api-ms-win-crt-environment-l1-1-0.dll
0x000001b2644b0000 - 0x000001b2644b3000 	C:\javafx-sdk-11.0.2\bin\api-ms-win-crt-filesystem-l1-1-0.dll
0x000001b2644c0000 - 0x000001b2644c3000 	C:\javafx-sdk-11.0.2\bin\api-ms-win-crt-heap-l1-1-0.dll
0x000001b2644d0000 - 0x000001b2644d3000 	C:\javafx-sdk-11.0.2\bin\api-ms-win-crt-locale-l1-1-0.dll
0x000001b2644e0000 - 0x000001b2644e5000 	C:\javafx-sdk-11.0.2\bin\api-ms-win-crt-math-l1-1-0.dll
0x000001b2644f0000 - 0x000001b2644f5000 	C:\javafx-sdk-11.0.2\bin\api-ms-win-crt-multibyte-l1-1-0.dll
0x000001b264500000 - 0x000001b264510000 	C:\javafx-sdk-11.0.2\bin\api-ms-win-crt-private-l1-1-0.dll
0x000001b264510000 - 0x000001b264513000 	C:\javafx-sdk-11.0.2\bin\api-ms-win-crt-process-l1-1-0.dll
0x000001b264520000 - 0x000001b264524000 	C:\javafx-sdk-11.0.2\bin\api-ms-win-crt-runtime-l1-1-0.dll
0x000001b264530000 - 0x000001b264534000 	C:\javafx-sdk-11.0.2\bin\api-ms-win-crt-stdio-l1-1-0.dll
0x000001b264540000 - 0x000001b264544000 	C:\javafx-sdk-11.0.2\bin\api-ms-win-crt-string-l1-1-0.dll
0x000001b264550000 - 0x000001b264553000 	C:\javafx-sdk-11.0.2\bin\api-ms-win-crt-time-l1-1-0.dll
0x000001b264560000 - 0x000001b264563000 	C:\javafx-sdk-11.0.2\bin\api-ms-win-crt-utility-l1-1-0.dll
0x00007ffaf01f0000 - 0x00007ffaf02ea000 	C:\javafx-sdk-11.0.2\bin\ucrtbase.dll
0x00007ffb00180000 - 0x00007ffb00196000 	C:\javafx-sdk-11.0.2\bin\vcruntime140.dll
0x00007ffaef750000 - 0x00007ffaef7f6000 	C:\javafx-sdk-11.0.2\bin\msvcp140.dll
0x00007ffaf2290000 - 0x00007ffaf22e1000 	C:\javafx-sdk-11.0.2\bin\concrt140.dll
0x00007ffafb7c0000 - 0x00007ffafb7e3000 	C:\javafx-sdk-11.0.2\bin\prism_d3d.dll
0x00007ffae1e80000 - 0x00007ffae204e000 	C:\Windows\system32\d3d9.dll
0x00007ffb1e5c0000 - 0x00007ffb1e5ef000 	C:\Windows\SYSTEM32\dwmapi.dll
0x00007ffb1e3b0000 - 0x00007ffb1e44e000 	C:\Windows\system32\uxtheme.dll
0x00007ffb20eb0000 - 0x00007ffb20ed7000 	C:\Windows\System32\bcrypt.dll
0x00007ffb22e30000 - 0x00007ffb22f5a000 	C:\Windows\System32\ole32.dll
0x00007ffb22ae0000 - 0x00007ffb22bad000 	C:\Windows\System32\OLEAUT32.dll
0x00007ffb21580000 - 0x00007ffb215ce000 	C:\Windows\System32\cfgmgr32.dll
0x00007ffaf1d10000 - 0x00007ffaf1d55000 	C:\javafx-sdk-11.0.2\bin\glass.dll
0x00007ffb217c0000 - 0x00007ffb2189a000 	C:\Windows\System32\COMDLG32.dll
0x00007ffb22cb0000 - 0x00007ffb22dc5000 	C:\Windows\System32\MSCTF.dll
0x00007ffb165d0000 - 0x00007ffb1660b000 	C:\Windows\SYSTEM32\dxcore.dll
0x00007ffafdcd0000 - 0x00007ffafdce4000 	C:\javafx-sdk-11.0.2\bin\javafx_font.dll
0x00007ffb02b10000 - 0x00007ffb02d93000 	C:\Windows\SYSTEM32\dwrite.dll
0x00007ffb231e0000 - 0x00007ffb23289000 	C:\Windows\System32\clbcatq.dll
0x00007ffb17f70000 - 0x00007ffb18124000 	C:\Windows\SYSTEM32\WindowsCodecs.dll
0x00007ffb00140000 - 0x00007ffb0017e000 	C:\Windows\system32\dataexchange.dll
0x00007ffb1d460000 - 0x00007ffb1d645000 	C:\Windows\system32\dcomp.dll
0x00007ffb1c560000 - 0x00007ffb1c7c4000 	C:\Windows\system32\d3d11.dll
0x00007ffb1f640000 - 0x00007ffb1f734000 	C:\Windows\system32\dxgi.dll
0x00007ffb18590000 - 0x00007ffb18791000 	C:\Windows\system32\twinapi.appcore.dll
0x00007ffafd6e0000 - 0x00007ffafd714000 	C:\Program Files\Common Files\Microsoft Shared\Ink\rtscom.dll
0x00007ffb0f7a0000 - 0x00007ffb0f899000 	C:\Windows\SYSTEM32\textinputframework.dll
0x00007ffb1d790000 - 0x00007ffb1daee000 	C:\Windows\System32\CoreUIComponents.dll
0x00007ffb1daf0000 - 0x00007ffb1dbe2000 	C:\Windows\System32\CoreMessaging.dll
0x00007ffb1fa40000 - 0x00007ffb1fa73000 	C:\Windows\SYSTEM32\ntmarta.dll
0x00007ffb1cf80000 - 0x00007ffb1d0d4000 	C:\Windows\SYSTEM32\wintypes.dll

dbghelp: loaded successfully - version: 4.0.5 - missing functions: none
symbol engine: initialized successfully - sym options: 0x614 - pdb path: .;C:\Program Files\Java\jdk-16.0.2\bin;C:\Windows\SYSTEM32;C:\Windows\WinSxS\amd64_microsoft.windows.common-controls_6595b64144ccf1df_6.0.19041.1110_none_60b5254171f9507e;C:\Program Files\Java\jdk-16.0.2\bin\server;C:\Program Files\JetBrains\IntelliJ IDEA 2021.2.1\bin;C:\javafx-sdk-11.0.2\bin;C:\Windows\System32\DriverStore\FileRepository\iigd_dch.inf_amd64_e9b40d45ab4dc6b8;C:\Program Files\Common Files\Microsoft Shared\Ink

VM Arguments:
jvm_args: --module-path=C:/javafx-sdk-11.0.2/lib --add-modules=javafx.controls,javafx.fxml -javaagent:C:\Program Files\JetBrains\IntelliJ IDEA 2021.2.1\lib\idea_rt.jar=59253:C:\Program Files\JetBrains\IntelliJ IDEA 2021.2.1\bin -Dfile.encoding=UTF-8 
java_command: forms.Main
java_class_path (initial): C:\java\Polyclinic\out\production\Polyclinic;C:\javafx-sdk-11.0.2\lib\src.zip;C:\javafx-sdk-11.0.2\lib\javafx-swt.jar;C:\javafx-sdk-11.0.2\lib\javafx.web.jar;C:\javafx-sdk-11.0.2\lib\javafx.base.jar;C:\javafx-sdk-11.0.2\lib\javafx.fxml.jar;C:\javafx-sdk-11.0.2\lib\javafx.media.jar;C:\javafx-sdk-11.0.2\lib\javafx.swing.jar;C:\javafx-sdk-11.0.2\lib\javafx.controls.jar;C:\javafx-sdk-11.0.2\lib\javafx.graphics.jar
Launcher Type: SUN_STANDARD

[Global flags]
     intx CICompilerCount                          = 3                                         {product} {ergonomic}
     uint ConcGCThreads                            = 1                                         {product} {ergonomic}
     uint G1ConcRefinementThreads                  = 4                                         {product} {ergonomic}
   size_t G1HeapRegionSize                         = 1048576                                   {product} {ergonomic}
    uintx GCDrainStackTargetSize                   = 64                                        {product} {ergonomic}
   size_t InitialHeapSize                          = 132120576                                 {product} {ergonomic}
   size_t MarkStackSize                            = 4194304                                   {product} {ergonomic}
   size_t MaxHeapSize                              = 2101346304                                {product} {ergonomic}
   size_t MaxNewSize                               = 1260388352                                {product} {ergonomic}
   size_t MinHeapDeltaBytes                        = 1048576                                   {product} {ergonomic}
   size_t MinHeapSize                              = 8388608                                   {product} {ergonomic}
    uintx NonNMethodCodeHeapSize                   = 5832780                                {pd product} {ergonomic}
    uintx NonProfiledCodeHeapSize                  = 122912730                              {pd product} {ergonomic}
    uintx ProfiledCodeHeapSize                     = 122912730                              {pd product} {ergonomic}
    uintx ReservedCodeCacheSize                    = 251658240                              {pd product} {ergonomic}
     bool SegmentedCodeCache                       = true                                      {product} {ergonomic}
   size_t SoftMaxHeapSize                          = 2101346304                             {manageable} {ergonomic}
     bool UseCompressedClassPointers               = true                           {product lp64_product} {ergonomic}
     bool UseCompressedOops                        = true                           {product lp64_product} {ergonomic}
     bool UseG1GC                                  = true                                      {product} {ergonomic}
     bool UseLargePagesIndividualAllocation        = false                                  {pd product} {ergonomic}

Logging:
Log output configuration:
 #0: stdout all=off uptime,level,tags
 #1: stderr all=off uptime,level,tags

Environment Variables:
PATH=C:\Program Files\Common Files\Oracle\Java\javapath;C:\Program Files (x86)\Common Files\Oracle\Java\javapath;C:\Windows\system32;C:\Windows;C:\Windows\System32\Wbem;C:\Windows\System32\WindowsPowerShell\v1.0\;C:\Windows\System32\OpenSSH\;C:\Program Files\dotnet\;C:\Users\Kate\AppData\Local\Microsoft\WindowsApps;;C:\Program Files\JetBrains\IntelliJ IDEA 2021.2.1\bin;;C:\Users\Kate\.dotnet\tools
USERNAME=Kate
OS=Windows_NT
PROCESSOR_IDENTIFIER=Intel64 Family 6 Model 122 Stepping 1, GenuineIntel



---------------  S Y S T E M  ---------------

OS:
 Windows 10 , 64 bit Build 19041 (10.0.19041.1348)
OS uptime: 10 days 19:29 hours

CPU: total 4 (initial active 4) (4 cores per cpu, 1 threads per core) family 6 model 122 stepping 1 microcode 0x2e, cx8, cmov, fxsr, mmx, 3dnowpref, sse, sse2, sse3, ssse3, sse4.1, sse4.2, popcnt, tsc, tscinvbit, aes, erms, clmul, sha, clflush, clflushopt

Memory: 4k page, system-wide physical 8014M (1287M free)
TotalPageFile size 12849M (AvailPageFile size 1815M)
current process WorkingSet (physical memory assigned to process): 130M, peak: 156M
current process commit charge ("private bytes"): 249M, peak: 280M

vm_info: Java HotSpot(TM) 64-Bit Server VM (16.0.2+7-67) for windows-amd64 JRE (16.0.2+7-67), built on Jun  8 2021 23:24:19 by "mach5one" with MS VC++ 16.7 (VS2019)

END.
