#
# A fatal error has been detected by the Java Runtime Environment:
#
#  EXCEPTION_ACCESS_VIOLATION (0xc0000005) at pc=0x00007ff885c46730, pid=2008, tid=1404
#
# JRE version: Java(TM) SE Runtime Environment (16.0.2+7) (build 16.0.2+7-67)
# Java VM: Java HotSpot(TM) 64-Bit Server VM (16.0.2+7-67, mixed mode, sharing, tiered, compressed oops, compressed class ptrs, g1 gc, windows-amd64)
# Problematic frame:
# C  [glass.dll+0x26730]
#
# No core dump will be written. Minidumps are not enabled by default on client versions of Windows
#
# If you would like to submit a bug report, please visit:
#   https://bugreport.java.com/bugreport/crash.jsp
#

---------------  S U M M A R Y ------------

Command Line: --module-path=C:/javafx-sdk-11.0.2/lib --add-modules=javafx.controls,javafx.fxml -javaagent:C:\Program Files\JetBrains\IntelliJ IDEA 2021.2.1\lib\idea_rt.jar=57913:C:\Program Files\JetBrains\IntelliJ IDEA 2021.2.1\bin -Dfile.encoding=UTF-8 forms.Main

Host: Intel(R) Pentium(R) Silver N5000 CPU @ 1.10GHz, 4 cores, 7G,  Windows 10 , 64 bit Build 19041 (10.0.19041.1503)
Time: Sat Feb 26 22:54:01 2022 RTZ 2 (s 10 , 64 bit Build 19041 (10.0.19041.1503) elapsed time: 325.541947 seconds (0d 0h 5m 25s)

---------------  T H R E A D  ---------------

Current thread (0x000001bc9ecb36a0):  VMThread "VM Thread" [stack: 0x00000089a2000000,0x00000089a2100000] [id=1404]

Stack: [0x00000089a2000000,0x00000089a2100000],  sp=0x00000089a20feda0,  free space=1019k
Native frames: (J=compiled Java code, j=interpreted, Vv=VM code, C=native code)
C  [glass.dll+0x26730]


siginfo: EXCEPTION_ACCESS_VIOLATION (0xc0000005), reading address 0x0000000000000000


Register to memory mapping:

RIP=0x00007ff885c46730 glass.dll
RAX=0x0 is NULL
RBX=0x000001bc9ecbf358 is a global jni handle
RCX=0x000001bc9ecb36a0 points into unknown readable memory: 0x00007ff86a79f638 | 38 f6 79 6a f8 7f 00 00
RDX=0x00000089a20feda0 points into unknown readable memory: 0x0000000000000000 | 00 00 00 00 00 00 00 00
RSP=0x00000089a20feda0 points into unknown readable memory: 0x0000000000000000 | 00 00 00 00 00 00 00 00
RBP=0x000001bca03b1a28 points into unknown readable memory: 0x0000b8a5c07e3404 | 04 34 7e c0 a5 b8 00 00
RSI=0x000001bca03b1a00 points into unknown readable memory: 0x0007472d9c3d5984 | 84 59 3d 9c 2d 47 07 00
RDI=0x0000b8a5c07e3404 is an unknown value
R8 =0x0000000000010002 is an unknown value
R9 =0x0000b8a5c07e3404 is an unknown value
R10=0x0000000000008000 is an unknown value
R11=0x00000089a20fed40 points into unknown readable memory: 0x0000000000000000 | 00 00 00 00 00 00 00 00
R12=0x00007ff885c43be0 glass.dll
R13=0x000001bcffade490 points into unknown readable memory: 0x8000000900000001 | 01 00 00 00 09 00 00 80
R14=0x00000089a20feea8 points into unknown readable memory: 0x00000089a20fee90 | 90 ee 0f a2 89 00 00 00
R15=0x000001bca03b1a00 points into unknown readable memory: 0x0007472d9c3d5984 | 84 59 3d 9c 2d 47 07 00


Registers:
RAX=0x0000000000000000, RBX=0x000001bc9ecbf358, RCX=0x000001bc9ecb36a0, RDX=0x00000089a20feda0
RSP=0x00000089a20feda0, RBP=0x000001bca03b1a28, RSI=0x000001bca03b1a00, RDI=0x0000b8a5c07e3404
R8 =0x0000000000010002, R9 =0x0000b8a5c07e3404, R10=0x0000000000008000, R11=0x00000089a20fed40
R12=0x00007ff885c43be0, R13=0x000001bcffade490, R14=0x00000089a20feea8, R15=0x000001bca03b1a00
RIP=0x00007ff885c46730, EFLAGS=0x0000000000010202

Top of Stack: (sp=0x00000089a20feda0)
0x00000089a20feda0:   0000000000000000 00007ff8a607f05b
0x00000089a20fedb0:   000001bca03b1a10 000001bca03b1a00
0x00000089a20fedc0:   fffffffffffffffe 00007ff885c43be0
0x00000089a20fedd0:   000001bca03b1a08 00007ff8a60842d6
0x00000089a20fede0:   000001bca03b1a10 000001bc00000000
0x00000089a20fedf0:   000001bca03b1a28 000001bca03b1a00
0x00000089a20fee00:   fffffffffffffffe 0000000000000000
0x00000089a20fee10:   0000000000000001 00007ff885c20000
0x00000089a20fee20:   00000089a20fee98 00007ff8a60841fb
0x00000089a20fee30:   0000000000000000 00000089a20feea8
0x00000089a20fee40:   00000089a20ff160 00007ff8a6160e40
0x00000089a20fee50:   0000000000000001 00007ff8a60841b4
0x00000089a20fee60:   0000000000000000 0000000000000001
0x00000089a20fee70:   00007ff80000000d 00000089a20fee98
0x00000089a20fee80:   0000000000000000 00007ff885c43a60
0x00000089a20fee90:   00007ff885c5d100 0000008900000002 

Instructions: (pc=0x00007ff885c46730)
0x00007ff885c46630:   8b 4d 60 e8 d8 c9 ff ff 48 8b 55 68 48 8b 8d 08
0x00007ff885c46640:   01 00 00 e8 a9 be ff ff 33 d2 33 c9 e8 a9 de ff
0x00007ff885c46650:   ff 90 cc cc cc cc cc cc cc cc cc cc cc cc cc cc
0x00007ff885c46660:   48 8d 8a 80 00 00 00 e9 14 ea fe ff 48 89 54 24
0x00007ff885c46670:   10 55 48 83 ec 20 48 8b ea 48 8d 05 1d cb ff ff
0x00007ff885c46680:   48 83 c4 20 5d c3 cc 40 55 48 8b ea 48 8b 01 33
0x00007ff885c46690:   c9 81 38 05 00 00 c0 0f 94 c1 8b c1 5d c3 cc 40
0x00007ff885c466a0:   55 48 83 ec 20 48 8b ea 8a 4d 40 48 83 c4 20 5d
0x00007ff885c466b0:   e9 23 ce ff ff cc 40 55 48 83 ec 20 48 8b ea e8
0x00007ff885c466c0:   3c cc ff ff 8a 4d 38 48 83 c4 20 5d e9 07 ce ff
0x00007ff885c466d0:   ff cc 40 55 48 83 ec 30 48 8b ea 48 8b 01 8b 10
0x00007ff885c466e0:   48 89 4c 24 28 89 54 24 20 4c 8d 0d d0 d1 ff ff
0x00007ff885c466f0:   4c 8b 45 70 8b 55 68 48 8b 4d 60 e8 70 cb ff ff
0x00007ff885c46700:   90 48 83 c4 30 5d c3 cc cc cc cc cc cc cc cc cc
0x00007ff885c46710:   40 53 48 83 ec 30 48 c7 44 24 20 fe ff ff ff 48
0x00007ff885c46720:   8b 1d ea 63 01 00 48 85 db 74 16 e8 90 86 ff ff
0x00007ff885c46730:   4c 8b 00 48 8b d3 48 8b c8 41 ff 90 b0 00 00 00
0x00007ff885c46740:   90 48 83 c4 30 5b c3 cc cc cc cc cc cc cc cc cc
0x00007ff885c46750:   40 53 48 83 ec 20 48 8b 1d 4b 65 01 00 48 85 db
0x00007ff885c46760:   74 57 b8 ff ff ff ff f0 0f c1 43 10 83 f8 01 75
0x00007ff885c46770:   3d 48 85 db 74 38 48 8b 0b 48 85 c9 74 0d ff 15
0x00007ff885c46780:   24 0b 00 00 48 c7 03 00 00 00 00 48 8b 4b 08 48
0x00007ff885c46790:   85 c9 74 0d e8 77 c8 ff ff 48 c7 43 08 00 00 00
0x00007ff885c467a0:   00 ba 18 00 00 00 48 8b cb e8 62 c8 ff ff 48 c7
0x00007ff885c467b0:   05 ef 64 01 00 00 00 00 00 48 83 c4 20 5b c3 cc
0x00007ff885c467c0:   40 53 48 83 ec 20 48 8b 1d bb 64 01 00 48 85 db
0x00007ff885c467d0:   74 57 b8 ff ff ff ff f0 0f c1 43 10 83 f8 01 75
0x00007ff885c467e0:   3d 48 85 db 74 38 48 8b 0b 48 85 c9 74 0d ff 15
0x00007ff885c467f0:   b4 0a 00 00 48 c7 03 00 00 00 00 48 8b 4b 08 48
0x00007ff885c46800:   85 c9 74 0d e8 07 c8 ff ff 48 c7 43 08 00 00 00
0x00007ff885c46810:   00 ba 18 00 00 00 48 8b cb e8 f2 c7 ff ff 48 c7
0x00007ff885c46820:   05 5f 64 01 00 00 00 00 00 48 83 c4 20 5b c3 cc 


Stack slot to memory mapping:
stack at sp + 0 slots: 0x0 is NULL
stack at sp + 1 slots: 0x00007ff8a607f05b ucrtbase.dll
stack at sp + 2 slots: 0x000001bca03b1a10 points into unknown readable memory: 0x0000b8a5c07e3404 | 04 34 7e c0 a5 b8 00 00
stack at sp + 3 slots: 0x000001bca03b1a00 points into unknown readable memory: 0x0007472d9c3d5984 | 84 59 3d 9c 2d 47 07 00
stack at sp + 4 slots: 0xfffffffffffffffe is an unknown value
stack at sp + 5 slots: 0x00007ff885c43be0 glass.dll
stack at sp + 6 slots: 0x000001bca03b1a08 points into unknown readable memory: 0x0000b8a5c07e3404 | 04 34 7e c0 a5 b8 00 00
stack at sp + 7 slots: 0x00007ff8a60842d6 ucrtbase.dll

VM_Operation (0x00000089a19fef70): Exit, mode: safepoint, requested by thread 0x000001bca04c7150


---------------  P R O C E S S  ---------------

Threads class SMR info:
_java_thread_list=0x000001bca045fb60, length=20, elements={
0x000001bcffa18c70, 0x000001bc9ecbbaa0, 0x000001bc9ecbc960, 0x000001bc9ecd29d0,
0x000001bc9ecd33d0, 0x000001bc9ecd3dd0, 0x000001bc9ecd4bb0, 0x000001bc9ecd66b0,
0x000001bc9ed3dc30, 0x000001bcffaf6450, 0x000001bc9ffffc00, 0x000001bca037a590,
0x000001bca0377030, 0x000001bca0a79100, 0x000001bca0a79620, 0x000001bca0794d70,
0x000001bca0dbe360, 0x000001bca04c8140, 0x000001bca04c5170, 0x000001bca04c7150
}

Java Threads: ( => current thread )
  0x000001bcffa18c70 JavaThread "main" [_thread_blocked, id=10472, stack(0x00000089a1a00000,0x00000089a1b00000)]
  0x000001bc9ecbbaa0 JavaThread "Reference Handler" daemon [_thread_blocked, id=9512, stack(0x00000089a2100000,0x00000089a2200000)]
  0x000001bc9ecbc960 JavaThread "Finalizer" daemon [_thread_blocked, id=6360, stack(0x00000089a2200000,0x00000089a2300000)]
  0x000001bc9ecd29d0 JavaThread "Attach Listener" daemon [_thread_blocked, id=1960, stack(0x00000089a2400000,0x00000089a2500000)]
  0x000001bc9ecd33d0 JavaThread "Service Thread" daemon [_thread_blocked, id=9016, stack(0x00000089a2500000,0x00000089a2600000)]
  0x000001bc9ecd3dd0 JavaThread "Monitor Deflation Thread" daemon [_thread_blocked, id=7676, stack(0x00000089a2600000,0x00000089a2700000)]
  0x000001bc9ecd4bb0 JavaThread "C2 CompilerThread0" daemon [_thread_blocked, id=8328, stack(0x00000089a2700000,0x00000089a2800000)]
  0x000001bc9ecd66b0 JavaThread "C1 CompilerThread0" daemon [_thread_blocked, id=12944, stack(0x00000089a2800000,0x00000089a2900000)]
  0x000001bc9ed3dc30 JavaThread "Sweeper thread" daemon [_thread_blocked, id=14452, stack(0x00000089a2900000,0x00000089a2a00000)]
  0x000001bcffaf6450 JavaThread "Common-Cleaner" daemon [_thread_blocked, id=7096, stack(0x00000089a2a00000,0x00000089a2b00000)]
  0x000001bc9ffffc00 JavaThread "Monitor Ctrl-Break" daemon [_thread_in_native, id=9932, stack(0x00000089a2c00000,0x00000089a2d00000)]
  0x000001bca037a590 JavaThread "Notification Thread" daemon [_thread_blocked, id=12852, stack(0x00000089a2d00000,0x00000089a2e00000)]
  0x000001bca0377030 JavaThread "QuantumRenderer-0" daemon [_thread_blocked, id=6612, stack(0x00000089a2f00000,0x00000089a3000000)]
  0x000001bca0a79100 JavaThread "InvokeLaterDispatcher" daemon [_thread_blocked, id=8884, stack(0x00000089a3000000,0x00000089a3100000)]
  0x000001bca0a79620 JavaThread "JavaFX Application Thread" [_thread_in_native, id=8108, stack(0x00000089a3100000,0x00000089a3200000)]
  0x000001bca0794d70 JavaThread "JavaFX-Launcher" [_thread_blocked, id=12752, stack(0x00000089a3800000,0x00000089a3900000)]
  0x000001bca0dbe360 JavaThread "Thread-2" daemon [_thread_in_native, id=10376, stack(0x00000089a2b00000,0x00000089a2c00000)]
  0x000001bca04c8140 JavaThread "Prism Font Disposer" daemon [_thread_blocked, id=5416, stack(0x00000089a3900000,0x00000089a3a00000)]
  0x000001bca04c5170 JavaThread "Cleaner-0" daemon [_thread_blocked, id=5560, stack(0x00000089a3d00000,0x00000089a3e00000)]
  0x000001bca04c7150 JavaThread "SIGINT handler" daemon [_thread_blocked, id=15228, stack(0x00000089a1900000,0x00000089a1a00000)]

Other Threads:
=>0x000001bc9ecb36a0 VMThread "VM Thread" [stack: 0x00000089a2000000,0x00000089a2100000] [id=1404]
  0x000001bcffa57550 GCTaskThread "GC Thread#0" [stack: 0x00000089a1b00000,0x00000089a1c00000] [id=13292]
  0x000001bca0a79f00 GCTaskThread "GC Thread#1" [stack: 0x00000089a3200000,0x00000089a3300000] [id=14740]
  0x000001bca0110bd0 GCTaskThread "GC Thread#2" [stack: 0x00000089a3300000,0x00000089a3400000] [id=8180]
  0x000001bca0110ee0 GCTaskThread "GC Thread#3" [stack: 0x00000089a3400000,0x00000089a3500000] [id=7968]
  0x000001bcffa68010 ConcurrentGCThread "G1 Main Marker" terminated
  0x000001bcffa68a80 ConcurrentGCThread "G1 Conc#0" [stack: 0x00000089a1d00000,0x00000089a1e00000] [id=1000]
  0x000001bcffadce30 ConcurrentGCThread "G1 Refine#0" terminated
  0x000001bca7f0f430 ConcurrentGCThread "G1 Refine#1" terminated
  0x000001bcffade8c0 ConcurrentGCThread "G1 Service" terminated

Threads with active compile tasks:

VM state: at safepoint (shutting down)

VM Mutex/Monitor currently owned by a thread:  ([mutex/lock_event])
[0x000001bcffa16380] Threads_lock - owner thread: 0x000001bc9ecb36a0
[0x000001bcffa149a0] Heap_lock - owner thread: 0x000001bca04c7150

Heap address: 0x0000000082c00000, size: 2004 MB, Compressed Oops mode: 32-bit

CDS archive(s) mapped at: [0x0000000800000000-0x0000000800bb0000-0x0000000800bb0000), size 12255232, SharedBaseAddress: 0x0000000800000000, ArchiveRelocationMode: 0.
Compressed class space mapped at: 0x0000000800c00000-0x0000000840c00000, reserved size: 1073741824
Narrow klass base: 0x0000000800000000, Narrow klass shift: 3, Narrow klass range: 0x100000000

GC Precious Log:
 CPUs: 4 total, 4 available
 Memory: 8014M
 Large Page Support: Disabled
 NUMA Support: Disabled
 Compressed Oops: Enabled (32-bit)
 Heap Region Size: 1M
 Heap Min Capacity: 8M
 Heap Initial Capacity: 126M
 Heap Max Capacity: 2004M
 Pre-touch: Disabled
 Parallel Workers: 4
 Concurrent Workers: 1
 Concurrent Refinement Workers: 4
 Periodic GC: Disabled

Heap:
 garbage-first heap   total 65536K, used 22755K [0x0000000082c00000, 0x0000000100000000)
  region size 1024K, 16 young (16384K), 10 survivors (10240K)
 Metaspace       used 21544K, committed 21760K, reserved 1073152K
  class space    used 2835K, committed 2944K, reserved 1048576K

Heap Regions: E=young(eden), S=young(survivor), O=old, HS=humongous(starts), HC=humongous(continues), CS=collection set, F=free, OA=open archive, CA=closed archive, TAMS=top-at-mark-start (previous, next)
|   0|0x0000000082c00000, 0x0000000082d00000, 0x0000000082d00000|100%| O|  |TAMS 0x0000000082d00000, 0x0000000082c00000| Untracked 
|   1|0x0000000082d00000, 0x0000000082e00000, 0x0000000082e00000|100%| O|  |TAMS 0x0000000082e00000, 0x0000000082d00000| Untracked 
|   2|0x0000000082e00000, 0x0000000082f00000, 0x0000000082f00000|100%| O|  |TAMS 0x0000000082e36a00, 0x0000000082e00000| Untracked 
|   3|0x0000000082f00000, 0x0000000082f00000, 0x0000000083000000|  0%| F|  |TAMS 0x0000000082f00000, 0x0000000082f00000| Untracked 
|   4|0x0000000083000000, 0x0000000083000000, 0x0000000083100000|  0%| F|  |TAMS 0x0000000083000000, 0x0000000083000000| Untracked 
|   5|0x0000000083100000, 0x0000000083200000, 0x0000000083200000|100%|HS|  |TAMS 0x0000000083200000, 0x0000000083100000| Complete 
|   6|0x0000000083200000, 0x0000000083300000, 0x0000000083300000|100%|HS|  |TAMS 0x0000000083300000, 0x0000000083200000| Complete 
|   7|0x0000000083300000, 0x0000000083400000, 0x0000000083400000|100%|HC|  |TAMS 0x0000000083400000, 0x0000000083300000| Complete 
|   8|0x0000000083400000, 0x0000000083500000, 0x0000000083500000|100%| O|  |TAMS 0x0000000083400000, 0x0000000083400000| Untracked 
|   9|0x0000000083500000, 0x0000000083538c00, 0x0000000083600000| 22%| O|  |TAMS 0x0000000083500000, 0x0000000083500000| Untracked 
|  10|0x0000000083600000, 0x0000000083600000, 0x0000000083700000|  0%| F|  |TAMS 0x0000000083600000, 0x0000000083600000| Untracked 
|  11|0x0000000083700000, 0x0000000083700000, 0x0000000083800000|  0%| F|  |TAMS 0x0000000083700000, 0x0000000083700000| Untracked 
|  12|0x0000000083800000, 0x0000000083800000, 0x0000000083900000|  0%| F|  |TAMS 0x0000000083800000, 0x0000000083800000| Untracked 
|  13|0x0000000083900000, 0x0000000083900000, 0x0000000083a00000|  0%| F|  |TAMS 0x0000000083900000, 0x0000000083900000| Untracked 
|  14|0x0000000083a00000, 0x0000000083a00000, 0x0000000083b00000|  0%| F|  |TAMS 0x0000000083a00000, 0x0000000083a00000| Untracked 
|  15|0x0000000083b00000, 0x0000000083b00000, 0x0000000083c00000|  0%| F|  |TAMS 0x0000000083b00000, 0x0000000083b00000| Untracked 
|  16|0x0000000083c00000, 0x0000000083c00000, 0x0000000083d00000|  0%| F|  |TAMS 0x0000000083c00000, 0x0000000083c00000| Untracked 
|  17|0x0000000083d00000, 0x0000000083d00000, 0x0000000083e00000|  0%| F|  |TAMS 0x0000000083d00000, 0x0000000083d00000| Untracked 
|  18|0x0000000083e00000, 0x0000000083e00000, 0x0000000083f00000|  0%| F|  |TAMS 0x0000000083e00000, 0x0000000083e00000| Untracked 
|  19|0x0000000083f00000, 0x0000000083f00000, 0x0000000084000000|  0%| F|  |TAMS 0x0000000083f00000, 0x0000000083f00000| Untracked 
|  20|0x0000000084000000, 0x0000000084000000, 0x0000000084100000|  0%| F|  |TAMS 0x0000000084000000, 0x0000000084000000| Untracked 
|  21|0x0000000084100000, 0x0000000084100000, 0x0000000084200000|  0%| F|  |TAMS 0x0000000084100000, 0x0000000084100000| Untracked 
|  22|0x0000000084200000, 0x0000000084200000, 0x0000000084300000|  0%| F|  |TAMS 0x0000000084200000, 0x0000000084200000| Untracked 
|  23|0x0000000084300000, 0x0000000084300000, 0x0000000084400000|  0%| F|  |TAMS 0x0000000084300000, 0x0000000084300000| Untracked 
|  24|0x0000000084400000, 0x0000000084400000, 0x0000000084500000|  0%| F|  |TAMS 0x0000000084400000, 0x0000000084400000| Untracked 
|  25|0x0000000084500000, 0x0000000084500000, 0x0000000084600000|  0%| F|  |TAMS 0x0000000084500000, 0x0000000084500000| Untracked 
|  26|0x0000000084600000, 0x0000000084600000, 0x0000000084700000|  0%| F|  |TAMS 0x0000000084600000, 0x0000000084600000| Untracked 
|  27|0x0000000084700000, 0x0000000084700000, 0x0000000084800000|  0%| F|  |TAMS 0x0000000084700000, 0x0000000084700000| Untracked 
|  28|0x0000000084800000, 0x0000000084800000, 0x0000000084900000|  0%| F|  |TAMS 0x0000000084800000, 0x0000000084800000| Untracked 
|  29|0x0000000084900000, 0x0000000084900000, 0x0000000084a00000|  0%| F|  |TAMS 0x0000000084900000, 0x0000000084900000| Untracked 
|  30|0x0000000084a00000, 0x0000000084a00000, 0x0000000084b00000|  0%| F|  |TAMS 0x0000000084a00000, 0x0000000084a00000| Untracked 
|  31|0x0000000084b00000, 0x0000000084b00000, 0x0000000084c00000|  0%| F|  |TAMS 0x0000000084b00000, 0x0000000084b00000| Untracked 
|  32|0x0000000084c00000, 0x0000000084c00000, 0x0000000084d00000|  0%| F|  |TAMS 0x0000000084c00000, 0x0000000084c00000| Untracked 
|  33|0x0000000084d00000, 0x0000000084d00000, 0x0000000084e00000|  0%| F|  |TAMS 0x0000000084d00000, 0x0000000084d00000| Untracked 
|  34|0x0000000084e00000, 0x0000000084e00000, 0x0000000084f00000|  0%| F|  |TAMS 0x0000000084e00000, 0x0000000084e00000| Untracked 
|  35|0x0000000084f00000, 0x0000000084f00000, 0x0000000085000000|  0%| F|  |TAMS 0x0000000084f00000, 0x0000000084f00000| Untracked 
|  36|0x0000000085000000, 0x0000000085000000, 0x0000000085100000|  0%| F|  |TAMS 0x0000000085000000, 0x0000000085000000| Untracked 
|  37|0x0000000085100000, 0x0000000085100000, 0x0000000085200000|  0%| F|  |TAMS 0x0000000085100000, 0x0000000085100000| Untracked 
|  38|0x0000000085200000, 0x0000000085200000, 0x0000000085300000|  0%| F|  |TAMS 0x0000000085200000, 0x0000000085200000| Untracked 
|  39|0x0000000085300000, 0x0000000085300000, 0x0000000085400000|  0%| F|  |TAMS 0x0000000085300000, 0x0000000085300000| Untracked 
|  40|0x0000000085400000, 0x0000000085400000, 0x0000000085500000|  0%| F|  |TAMS 0x0000000085400000, 0x0000000085400000| Untracked 
|  41|0x0000000085500000, 0x0000000085500000, 0x0000000085600000|  0%| F|  |TAMS 0x0000000085500000, 0x0000000085500000| Untracked 
|  42|0x0000000085600000, 0x0000000085600000, 0x0000000085700000|  0%| F|  |TAMS 0x0000000085600000, 0x0000000085600000| Untracked 
|  43|0x0000000085700000, 0x0000000085700000, 0x0000000085800000|  0%| F|  |TAMS 0x0000000085700000, 0x0000000085700000| Untracked 
|  44|0x0000000085800000, 0x0000000085800000, 0x0000000085900000|  0%| F|  |TAMS 0x0000000085800000, 0x0000000085800000| Untracked 
|  45|0x0000000085900000, 0x0000000085900000, 0x0000000085a00000|  0%| F|  |TAMS 0x0000000085900000, 0x0000000085900000| Untracked 
|  46|0x0000000085a00000, 0x0000000085a00000, 0x0000000085b00000|  0%| F|  |TAMS 0x0000000085a00000, 0x0000000085a00000| Untracked 
|  47|0x0000000085b00000, 0x0000000085b00000, 0x0000000085c00000|  0%| F|  |TAMS 0x0000000085b00000, 0x0000000085b00000| Untracked 
|  48|0x0000000085c00000, 0x0000000085c48338, 0x0000000085d00000| 28%| E|  |TAMS 0x0000000085c00000, 0x0000000085c00000| Complete 
|  49|0x0000000085d00000, 0x0000000085e00000, 0x0000000085e00000|100%| E|CS|TAMS 0x0000000085d00000, 0x0000000085d00000| Complete 
|  50|0x0000000085e00000, 0x0000000085f00000, 0x0000000085f00000|100%| E|CS|TAMS 0x0000000085e00000, 0x0000000085e00000| Complete 
|  51|0x0000000085f00000, 0x0000000086000000, 0x0000000086000000|100%| E|CS|TAMS 0x0000000085f00000, 0x0000000085f00000| Complete 
|  52|0x0000000086000000, 0x0000000086100000, 0x0000000086100000|100%| E|CS|TAMS 0x0000000086000000, 0x0000000086000000| Complete 
|  56|0x0000000086400000, 0x0000000086500000, 0x0000000086500000|100%| S|CS|TAMS 0x0000000086400000, 0x0000000086400000| Complete 
|  57|0x0000000086500000, 0x0000000086600000, 0x0000000086600000|100%| S|CS|TAMS 0x0000000086500000, 0x0000000086500000| Complete 
|  58|0x0000000086600000, 0x0000000086700000, 0x0000000086700000|100%| S|CS|TAMS 0x0000000086600000, 0x0000000086600000| Complete 
|  59|0x0000000086700000, 0x0000000086800000, 0x0000000086800000|100%| S|CS|TAMS 0x0000000086700000, 0x0000000086700000| Complete 
|  60|0x0000000086800000, 0x0000000086900000, 0x0000000086900000|100%| S|CS|TAMS 0x0000000086800000, 0x0000000086800000| Complete 
|  61|0x0000000086900000, 0x0000000086a00000, 0x0000000086a00000|100%| S|CS|TAMS 0x0000000086900000, 0x0000000086900000| Complete 
|  62|0x0000000086a00000, 0x0000000086b00000, 0x0000000086b00000|100%| S|CS|TAMS 0x0000000086a00000, 0x0000000086a00000| Complete 
|  63|0x0000000086b00000, 0x0000000086c00000, 0x0000000086c00000|100%| S|CS|TAMS 0x0000000086b00000, 0x0000000086b00000| Complete 
|  64|0x0000000086c00000, 0x0000000086d00000, 0x0000000086d00000|100%| S|CS|TAMS 0x0000000086c00000, 0x0000000086c00000| Complete 
|  65|0x0000000086d00000, 0x0000000086e00000, 0x0000000086e00000|100%| S|CS|TAMS 0x0000000086d00000, 0x0000000086d00000| Complete 
| 125|0x000000008a900000, 0x000000008aa00000, 0x000000008aa00000|100%| E|CS|TAMS 0x000000008a900000, 0x000000008a900000| Complete 

Card table byte_map: [0x000001bc980c0000,0x000001bc984b0000] _byte_map_base: 0x000001bc97caa000

Marking Bits (Prev, Next): (CMBitMap*) 0x000001bcffa57c00, (CMBitMap*) 0x000001bcffa57bc0
 Prev Bits: [0x000001bc9a7f0000, 0x000001bc9c740000)
 Next Bits: [0x000001bc988a0000, 0x000001bc9a7f0000)

Polling page: 0x000001bcff5b0000

Metaspace:

Usage:
  Non-class:     18.27 MB used.
      Class:      2.77 MB used.
       Both:     21.04 MB used.

Virtual space:
  Non-class space:       24.00 MB reserved,      18.38 MB ( 77%) committed,  3 nodes.
      Class space:        1.00 GB reserved,       2.88 MB ( <1%) committed,  1 nodes.
              Both:        1.02 GB reserved,      21.25 MB (  2%) committed. 

Chunk freelists:
   Non-Class:  1.56 MB
       Class:  1.02 MB
        Both:  2.59 MB

MaxMetaspaceSize: 17179869184.00 GB
CompressedClassSpaceSize: 1.00 GB
 - commit_granule_bytes: 65536.
 - commit_granule_words: 8192.
 - virtual_space_node_default_size: 1048576.
 - enlarge_chunks_in_place: 1.
 - new_chunks_are_fully_committed: 0.
 - uncommit_free_chunks: 1.
 - use_allocation_guard: 0.
 - handle_deallocations: 1.


Internal statistics:

num_allocs_failed_limit: 3.
num_arena_births: 236.
num_arena_deaths: 0.
num_vsnodes_births: 4.
num_vsnodes_deaths: 0.
num_space_committed: 340.
num_space_uncommitted: 0.
num_chunks_returned_to_freelist: 3.
num_chunks_taken_from_freelist: 955.
num_chunk_merges: 3.
num_chunk_splits: 665.
num_chunks_enlarged: 514.
num_purges: 0.

CodeHeap 'non-profiled nmethods': size=120000Kb used=2154Kb max_used=2154Kb free=117845Kb
 bounds [0x000001bc90580000, 0x000001bc907f0000, 0x000001bc97ab0000]
CodeHeap 'profiled nmethods': size=120000Kb used=9508Kb max_used=9508Kb free=110491Kb
 bounds [0x000001bc89050000, 0x000001bc899a0000, 0x000001bc90580000]
CodeHeap 'non-nmethods': size=5760Kb used=1472Kb max_used=1529Kb free=4287Kb
 bounds [0x000001bc88ab0000, 0x000001bc88d20000, 0x000001bc89050000]
 total_blobs=5680 nmethods=4837 adapters=755
 compilation: enabled
              stopped_count=0, restarted_count=0
 full_count=0

Compilation events (20 events):
Event: 149.286 Thread 0x000001bc9ecd66b0 nmethod 4837 0x000001bc89995510 code [0x000001bc899956c0, 0x000001bc89995808]
Event: 149.286 Thread 0x000001bc9ecd66b0 4838   !   3       sun.nio.cs.StreamEncoder::flushBuffer (42 bytes)
Event: 149.287 Thread 0x000001bc9ecd66b0 nmethod 4838 0x000001bc89995910 code [0x000001bc89995b00, 0x000001bc89995fb8]
Event: 149.287 Thread 0x000001bc9ecd66b0 4839       3       sun.nio.cs.StreamEncoder::isOpen (13 bytes)
Event: 149.287 Thread 0x000001bc9ecd66b0 nmethod 4839 0x000001bc89996210 code [0x000001bc899963a0, 0x000001bc89996518]
Event: 149.287 Thread 0x000001bc9ecd66b0 4840   !   3       java.io.PrintStream::writeln (81 bytes)
Event: 149.288 Thread 0x000001bc9ecd66b0 nmethod 4840 0x000001bc89996590 code [0x000001bc89996840, 0x000001bc899974a8]
Event: 149.288 Thread 0x000001bc9ecd66b0 4843       3       sun.nio.cs.StreamEncoder::writeBytes (132 bytes)
Event: 149.289 Thread 0x000001bc9ecd66b0 nmethod 4843 0x000001bc89997b90 code [0x000001bc89997e00, 0x000001bc89998798]
Event: 149.289 Thread 0x000001bc9ecd66b0 4835       3       java.io.FileDescriptor$1::getAppend (5 bytes)
Event: 149.289 Thread 0x000001bc9ecd66b0 nmethod 4835 0x000001bc89998b10 code [0x000001bc89998ca0, 0x000001bc89998db8]
Event: 149.289 Thread 0x000001bc9ecd66b0 4841       3       java.lang.Throwable$WrappedPrintStream::println (9 bytes)
Event: 149.289 Thread 0x000001bc9ecd66b0 nmethod 4841 0x000001bc89998e90 code [0x000001bc89999040, 0x000001bc89999188]
Event: 149.306 Thread 0x000001bc9ecd4bb0 nmethod 4842% 0x000001bc90798e90 code [0x000001bc90799060, 0x000001bc90799a28]
Event: 149.306 Thread 0x000001bc9ecd4bb0 4844       4       java.lang.String::checkBoundsOffCount (64 bytes)
Event: 149.307 Thread 0x000001bc9ecd4bb0 nmethod 4844 0x000001bc90799f90 code [0x000001bc9079a120, 0x000001bc9079a1d8]
Event: 149.307 Thread 0x000001bc9ecd4bb0 4845       4       java.nio.ByteBuffer::position (8 bytes)
Event: 149.307 Thread 0x000001bc9ecd4bb0 nmethod 4845 0x000001bc9079a290 code [0x000001bc9079a420, 0x000001bc9079a4f8]
Event: 150.047 Thread 0x000001bc9ecd4bb0 4846       4       javafx.event.Event::<init> (36 bytes)
Event: 150.058 Thread 0x000001bc9ecd4bb0 nmethod 4846 0x000001bc9079a590 code [0x000001bc9079a720, 0x000001bc9079aa38]

GC Heap History (6 events):
Event: 0.876 GC heap before
{Heap before GC invocations=0 (full 0):
 garbage-first heap   total 129024K, used 12288K [0x0000000082c00000, 0x0000000100000000)
  region size 1024K, 13 young (13312K), 0 survivors (0K)
 Metaspace       used 2799K, committed 2944K, reserved 1056768K
  class space    used 285K, committed 384K, reserved 1048576K
}
Event: 0.883 GC heap after
{Heap after GC invocations=1 (full 0):
 garbage-first heap   total 129024K, used 2269K [0x0000000082c00000, 0x0000000100000000)
  region size 1024K, 2 young (2048K), 2 survivors (2048K)
 Metaspace       used 2799K, committed 2944K, reserved 1056768K
  class space    used 285K, committed 384K, reserved 1048576K
}
Event: 1.503 GC heap before
{Heap before GC invocations=1 (full 0):
 garbage-first heap   total 129024K, used 18653K [0x0000000082c00000, 0x0000000100000000)
  region size 1024K, 18 young (18432K), 2 survivors (2048K)
 Metaspace       used 8019K, committed 8192K, reserved 1064960K
  class space    used 955K, committed 1024K, reserved 1048576K
}
Event: 1.509 GC heap after
{Heap after GC invocations=2 (full 0):
 garbage-first heap   total 129024K, used 5324K [0x0000000082c00000, 0x0000000100000000)
  region size 1024K, 3 young (3072K), 3 survivors (3072K)
 Metaspace       used 8019K, committed 8192K, reserved 1064960K
  class space    used 955K, committed 1024K, reserved 1048576K
}
Event: 22.936 GC heap before
{Heap before GC invocations=2 (full 0):
 garbage-first heap   total 129024K, used 67788K [0x0000000082c00000, 0x0000000100000000)
  region size 1024K, 60 young (61440K), 3 survivors (3072K)
 Metaspace       used 21009K, committed 21248K, reserved 1073152K
  class space    used 2814K, committed 2944K, reserved 1048576K
}
Event: 22.957 GC heap after
{Heap after GC invocations=3 (full 0):
 garbage-first heap   total 129024K, used 17635K [0x0000000082c00000, 0x0000000100000000)
  region size 1024K, 10 young (10240K), 10 survivors (10240K)
 Metaspace       used 21009K, committed 21248K, reserved 1073152K
  class space    used 2814K, committed 2944K, reserved 1048576K
}

Deoptimization events (20 events):
Event: 84.581 Thread 0x000001bca0377030 DEOPT PACKING pc=0x000001bc89778504 sp=0x00000089a2ffdd00
Event: 84.581 Thread 0x000001bca0377030 DEOPT UNPACKING pc=0x000001bc88afdeaf sp=0x00000089a2ffd0f8 mode 0
Event: 84.588 Thread 0x000001bca0377030 DEOPT PACKING pc=0x000001bc89778062 sp=0x00000089a2ffdd00
Event: 84.588 Thread 0x000001bca0377030 DEOPT UNPACKING pc=0x000001bc88afdeaf sp=0x00000089a2ffd0f8 mode 0
Event: 84.595 Thread 0x000001bca0377030 DEOPT PACKING pc=0x000001bc89778062 sp=0x00000089a2ffdd00
Event: 84.595 Thread 0x000001bca0377030 DEOPT UNPACKING pc=0x000001bc88afdeaf sp=0x00000089a2ffd0f8 mode 0
Event: 84.623 Thread 0x000001bca0377030 DEOPT PACKING pc=0x000001bc89778571 sp=0x00000089a2ffdd00
Event: 84.623 Thread 0x000001bca0377030 DEOPT UNPACKING pc=0x000001bc88afdeaf sp=0x00000089a2ffd0f8 mode 0
Event: 84.627 Thread 0x000001bca0377030 DEOPT PACKING pc=0x000001bc89778062 sp=0x00000089a2ffdd00
Event: 84.627 Thread 0x000001bca0377030 DEOPT UNPACKING pc=0x000001bc88afdeaf sp=0x00000089a2ffd0f8 mode 0
Event: 84.647 Thread 0x000001bca0377030 DEOPT PACKING pc=0x000001bc89778571 sp=0x00000089a2ffdd00
Event: 84.647 Thread 0x000001bca0377030 DEOPT UNPACKING pc=0x000001bc88afdeaf sp=0x00000089a2ffd0f8 mode 0
Event: 84.649 Thread 0x000001bca0377030 DEOPT PACKING pc=0x000001bc89778062 sp=0x00000089a2ffdd00
Event: 84.649 Thread 0x000001bca0377030 DEOPT UNPACKING pc=0x000001bc88afdeaf sp=0x00000089a2ffd0f8 mode 0
Event: 84.650 Thread 0x000001bca0377030 DEOPT PACKING pc=0x000001bc89778062 sp=0x00000089a2ffdd00
Event: 84.650 Thread 0x000001bca0377030 DEOPT UNPACKING pc=0x000001bc88afdeaf sp=0x00000089a2ffd0f8 mode 0
Event: 148.854 Thread 0x000001bca0a79620 Uncommon trap: trap_request=0xffffff45 fr.pc=0x000001bc9060aea4 relative=0x0000000000000384
Event: 148.854 Thread 0x000001bca0a79620 Uncommon trap: reason=unstable_if action=reinterpret pc=0x000001bc9060aea4 method=java.lang.AbstractStringBuilder.append(C)Ljava/lang/AbstractStringBuilder; @ 21 c2
Event: 148.854 Thread 0x000001bca0a79620 DEOPT PACKING pc=0x000001bc9060aea4 sp=0x00000089a31f59b0
Event: 148.854 Thread 0x000001bca0a79620 DEOPT UNPACKING pc=0x000001bc88afd728 sp=0x00000089a31f5990 mode 2

Classes unloaded (0 events):
No events

Classes redefined (0 events):
No events

Internal exceptions (20 events):
Event: 2.112 Thread 0x000001bca0a79620 Exception <a 'java/lang/ClassNotFoundException'{0x0000000089d5ce08}: com/sun/javafx/scene/control/skin/resources/controls_ru_RU> (0x0000000089d5ce08) 
thrown [t:\workspace\open\src\hotspot\share\prims\jni.cpp, line 600]
Event: 2.194 Thread 0x000001bca0a79620 Exception <a 'java/lang/NoSuchMethodError'{0x0000000089b1eed8}: 'void java.lang.invoke.DirectMethodHandle$Holder.invokeSpecial(java.lang.Object, java.lang.Object, java.lang.Object, java.lang.Object, java.lang.Object, java.lang.Object)'> (0x0000000089b1eed8) 
thrown [t:\workspace\open\src\hotspot\share\interpreter\linkResolver.cpp, line 790]
Event: 2.260 Thread 0x000001bca0a79620 Exception <a 'java/lang/NoSuchMethodError'{0x00000000898063b8}: 'java.lang.Object java.lang.invoke.DirectMethodHandle$Holder.invokeInterface(java.lang.Object, java.lang.Object, java.lang.Object)'> (0x00000000898063b8) 
thrown [t:\workspace\open\src\hotspot\share\interpreter\linkResolver.cpp, line 790]
Event: 2.260 Thread 0x000001bca0a79620 Exception <a 'java/lang/IncompatibleClassChangeError'{0x0000000089809f38}: Found class java.lang.Object, but interface was expected> (0x0000000089809f38) 
thrown [t:\workspace\open\src\hotspot\share\interpreter\linkResolver.cpp, line 857]
Event: 2.368 Thread 0x000001bca0a79620 Exception <a 'java/lang/NoSuchMethodError'{0x00000000894e12a0}: 'java.lang.Object java.lang.invoke.DirectMethodHandle$Holder.newInvokeSpecial(java.lang.Object, java.lang.Object, int)'> (0x00000000894e12a0) 
thrown [t:\workspace\open\src\hotspot\share\interpreter\linkResolver.cpp, line 790]
Event: 2.407 Thread 0x000001bca0377030 Exception <a 'java/lang/NoSuchMethodError'{0x0000000089212a20}: 'int java.lang.invoke.DirectMethodHandle$Holder.invokeStaticInit(java.lang.Object, java.lang.Object)'> (0x0000000089212a20) 
thrown [t:\workspace\open\src\hotspot\share\interpreter\linkResolver.cpp, line 790]
Event: 2.412 Thread 0x000001bca0a79620 Exception <a 'java/lang/NoSuchMethodError'{0x00000000893aef40}: 'long java.lang.invoke.DirectMethodHandle$Holder.invokeStatic(java.lang.Object, java.lang.Object, java.lang.Object)'> (0x00000000893aef40) 
thrown [t:\workspace\open\src\hotspot\share\interpreter\linkResolver.cpp, line 790]
Event: 2.413 Thread 0x000001bca0a79620 Exception <a 'java/lang/NoSuchMethodError'{0x00000000893b28f0}: 'long java.lang.invoke.DirectMethodHandle$Holder.invokeStaticInit(java.lang.Object, java.lang.Object, java.lang.Object)'> (0x00000000893b28f0) 
thrown [t:\workspace\open\src\hotspot\share\interpreter\linkResolver.cpp, line 790]
Event: 2.419 Thread 0x000001bca0a79620 Exception <a 'java/lang/NoSuchMethodError'{0x00000000893ca810}: 'java.lang.Object java.lang.invoke.DirectMethodHandle$Holder.newInvokeSpecial(java.lang.Object, java.lang.Object, long)'> (0x00000000893ca810) 
thrown [t:\workspace\open\src\hotspot\share\interpreter\linkResolver.cpp, line 790]
Event: 2.419 Thread 0x000001bca0a79620 Exception <a 'java/lang/NoSuchMethodError'{0x00000000893ce580}: 'java.lang.Object java.lang.invoke.Invokers$Holder.linkToTargetMethod(java.lang.Object, long, java.lang.Object)'> (0x00000000893ce580) 
thrown [t:\workspace\open\src\hotspot\share\interpreter\linkResolver.cpp, line 790]
Event: 11.735 Thread 0x000001bca0a79620 Exception <a 'java/lang/NoSuchMethodError'{0x0000000088dea890}: 'java.lang.Object java.lang.invoke.DirectMethodHandle$Holder.invokeInterface(java.lang.Object, java.lang.Object)'> (0x0000000088dea890) 
thrown [t:\workspace\open\src\hotspot\share\interpreter\linkResolver.cpp, line 790]
Event: 11.736 Thread 0x000001bca0a79620 Exception <a 'java/lang/NoSuchMethodError'{0x0000000088df3218}: 'java.lang.Object java.lang.invoke.DirectMethodHandle$Holder.invokeStaticInit(java.lang.Object, java.lang.Object, java.lang.Object)'> (0x0000000088df3218) 
thrown [t:\workspace\open\src\hotspot\share\interpreter\linkResolver.cpp, line 790]
Event: 11.742 Thread 0x000001bca0a79620 Exception <a 'java/lang/NoSuchMethodError'{0x0000000088c14338}: 'int java.lang.invoke.DirectMethodHandle$Holder.invokeSpecial(java.lang.Object, java.lang.Object, java.lang.Object)'> (0x0000000088c14338) 
thrown [t:\workspace\open\src\hotspot\share\interpreter\linkResolver.cpp, line 790]
Event: 13.895 Thread 0x000001bca0377030 Exception <a 'java/lang/NoSuchMethodError'{0x00000000886f4cc0}: 'java.lang.Object java.lang.invoke.DirectMethodHandle$Holder.invokeStaticInit(java.lang.Object, int)'> (0x00000000886f4cc0) 
thrown [t:\workspace\open\src\hotspot\share\interpreter\linkResolver.cpp, line 790]
Event: 15.400 Thread 0x000001bca0a79620 Exception <a 'java/lang/NoSuchMethodError'{0x0000000087c7a1d0}: 'void java.lang.invoke.DirectMethodHandle$Holder.invokeSpecialIFC(java.lang.Object, java.lang.Object, java.lang.Object, java.lang.Object)'> (0x0000000087c7a1d0) 
thrown [t:\workspace\open\src\hotspot\share\interpreter\linkResolver.cpp, line 790]
Event: 15.825 Thread 0x000001bca0a79620 Implicit null exception at 0x000001bc906c8f7b to 0x000001bc906c9150
Event: 58.973 Thread 0x000001bca0a79620 Exception <a 'java/lang/NoSuchMethodError'{0x0000000086051498}: 'java.lang.Object java.lang.invoke.DirectMethodHandle$Holder.newInvokeSpecial(java.lang.Object, java.lang.Object, int, int, int, int, int, java.lang.Object)'> (0x0000000086051498) 
thrown [t:\workspace\open\src\hotspot\share\interpreter\linkResolver.cpp, line 790]
Event: 58.979 Thread 0x000001bca0a79620 Exception <a 'java/lang/NoSuchMethodError'{0x0000000086065ba0}: 'java.lang.Object java.lang.invoke.DirectMethodHandle$Holder.newInvokeSpecial(java.lang.Object, java.lang.Object, java.lang.Object, int, int, int, int, int)'> (0x0000000086065ba0) 
thrown [t:\workspace\open\src\hotspot\share\interpreter\linkResolver.cpp, line 790]
Event: 58.982 Thread 0x000001bca0a79620 Exception <a 'java/lang/NoSuchMethodError'{0x000000008606e458}: 'java.lang.Object java.lang.invoke.Invokers$Holder.linkToTargetMethod(java.lang.Object, java.lang.Object, int, int, int, int, int, java.lang.Object)'> (0x000000008606e458) 
thrown [t:\workspace\open\src\hotspot\share\interpreter\linkResolver.cpp, line 790]
Event: 149.282 Thread 0x000001bca0a79620 Exception <a 'java/lang/NullPointerException'{0x0000000085daa770}> (0x0000000085daa770) 
thrown [t:\workspace\open\src\hotspot\share\interpreter\linkResolver.cpp, line 1385]

Events (20 events):
Event: 148.854 loading class java/text/MessageFormat done
Event: 148.854 loading class java/text/MessageFormat$Field
Event: 148.854 loading class java/text/MessageFormat$Field done
Event: 148.856 loading class java/lang/Throwable$WrappedPrintStream
Event: 148.856 loading class java/lang/Throwable$PrintStreamOrWriter
Event: 148.856 loading class java/lang/Throwable$PrintStreamOrWriter done
Event: 148.856 loading class java/lang/Throwable$WrappedPrintStream done
Event: 149.035 Executing  VM operation: Cleanup
Event: 149.035 Executing  VM operation: Cleanup done
Event: 151.036 Executing  VM operation: Cleanup
Event: 151.037 Executing  VM operation: Cleanup done
Event: 324.905 loading class jdk/internal/misc/Signal$1
Event: 324.906 loading class jdk/internal/misc/Signal$1 done
Event: 324.906 Thread 0x000001bca04c7150 Thread added: 0x000001bca04c7150
Event: 324.908 Thread 0x000001bca04c56c0 Thread added: 0x000001bca04c56c0
Event: 324.908 Thread 0x000001bca04c5c10 Thread added: 0x000001bca04c5c10
Event: 324.911 Thread 0x000001bca04c5c10 Thread exited: 0x000001bca04c5c10
Event: 324.915 Thread 0x000001bca04c56c0 Thread exited: 0x000001bca04c56c0
Event: 324.916 Executing  VM operation: Exit
Event: 324.916 Thread 0x000001bc9ecccea0 Thread exited: 0x000001bc9ecccea0


Dynamic libraries:
0x00007ff7cecd0000 - 0x00007ff7cece0000 	C:\Program Files\Java\jdk-16.0.2\bin\java.exe
0x00007ff8a81b0000 - 0x00007ff8a83a5000 	C:\Windows\SYSTEM32\ntdll.dll
0x00007ff8a7b10000 - 0x00007ff8a7bce000 	C:\Windows\System32\KERNEL32.DLL
0x00007ff8a5a00000 - 0x00007ff8a5cc8000 	C:\Windows\System32\KERNELBASE.dll
0x00007ff8a6070000 - 0x00007ff8a6170000 	C:\Windows\System32\ucrtbase.dll
0x00007ff8a2a00000 - 0x00007ff8a2a18000 	C:\Program Files\Java\jdk-16.0.2\bin\jli.dll
0x00007ff8a7820000 - 0x00007ff8a78ce000 	C:\Windows\System32\ADVAPI32.dll
0x00007ff8a6200000 - 0x00007ff8a629e000 	C:\Windows\System32\msvcrt.dll
0x00007ff8a7050000 - 0x00007ff8a70ec000 	C:\Windows\System32\sechost.dll
0x00007ff8a78d0000 - 0x00007ff8a79f5000 	C:\Windows\System32\RPCRT4.dll
0x00007ff8a63d0000 - 0x00007ff8a6570000 	C:\Windows\System32\USER32.dll
0x00007ff8a5ed0000 - 0x00007ff8a5ef2000 	C:\Windows\System32\win32u.dll
0x00007ff8a7c60000 - 0x00007ff8a7c8b000 	C:\Windows\System32\GDI32.dll
0x00007ff8a58f0000 - 0x00007ff8a59fd000 	C:\Windows\System32\gdi32full.dll
0x00007ff8a5e30000 - 0x00007ff8a5ecd000 	C:\Windows\System32\msvcp_win.dll
0x00007ff8913d0000 - 0x00007ff89166a000 	C:\Windows\WinSxS\amd64_microsoft.windows.common-controls_6595b64144ccf1df_6.0.19041.1110_none_60b5254171f9507e\COMCTL32.dll
0x00007ff89f580000 - 0x00007ff89f58a000 	C:\Windows\SYSTEM32\VERSION.dll
0x00007ff8a29d0000 - 0x00007ff8a29e9000 	C:\Program Files\Java\jdk-16.0.2\bin\VCRUNTIME140.dll
0x00007ff8a77f0000 - 0x00007ff8a7820000 	C:\Windows\System32\IMM32.DLL
0x00007ff8a29c0000 - 0x00007ff8a29cc000 	C:\Program Files\Java\jdk-16.0.2\bin\vcruntime140_1.dll
0x00007ff8872e0000 - 0x00007ff887371000 	C:\Program Files\Java\jdk-16.0.2\bin\msvcp140.dll
0x00007ff869e30000 - 0x00007ff86a9db000 	C:\Program Files\Java\jdk-16.0.2\bin\server\jvm.dll
0x00007ff8a71d0000 - 0x00007ff8a71d8000 	C:\Windows\System32\PSAPI.DLL
0x00007ff890220000 - 0x00007ff890229000 	C:\Windows\SYSTEM32\WSOCK32.dll
0x00007ff8a8100000 - 0x00007ff8a816b000 	C:\Windows\System32\WS2_32.dll
0x00007ff884c60000 - 0x00007ff884c87000 	C:\Windows\SYSTEM32\WINMM.dll
0x00007ff8a3990000 - 0x00007ff8a39a2000 	C:\Windows\SYSTEM32\kernel.appcore.dll
0x00007ff8a29b0000 - 0x00007ff8a29ba000 	C:\Program Files\Java\jdk-16.0.2\bin\jimage.dll
0x00007ff8a36b0000 - 0x00007ff8a3894000 	C:\Windows\SYSTEM32\DBGHELP.DLL
0x00007ff892630000 - 0x00007ff89265c000 	C:\Windows\SYSTEM32\dbgcore.DLL
0x00007ff8a6170000 - 0x00007ff8a61f2000 	C:\Windows\System32\bcryptPrimitives.dll
0x00007ff8a2990000 - 0x00007ff8a299e000 	C:\Program Files\Java\jdk-16.0.2\bin\instrument.dll
0x00007ff8a0d10000 - 0x00007ff8a0d35000 	C:\Program Files\Java\jdk-16.0.2\bin\java.dll
0x00007ff8a6750000 - 0x00007ff8a6e94000 	C:\Windows\System32\SHELL32.dll
0x00007ff8a39b0000 - 0x00007ff8a4144000 	C:\Windows\SYSTEM32\windows.storage.dll
0x00007ff8a7da0000 - 0x00007ff8a80f5000 	C:\Windows\System32\combase.dll
0x00007ff8a5240000 - 0x00007ff8a526e000 	C:\Windows\SYSTEM32\Wldp.dll
0x00007ff8a6570000 - 0x00007ff8a661d000 	C:\Windows\System32\SHCORE.dll
0x00007ff8a66f0000 - 0x00007ff8a6745000 	C:\Windows\System32\shlwapi.dll
0x00007ff8a5800000 - 0x00007ff8a581f000 	C:\Windows\SYSTEM32\profapi.dll
0x00007ff89fc00000 - 0x00007ff89fc19000 	C:\Program Files\Java\jdk-16.0.2\bin\net.dll
0x00007ff89c1f0000 - 0x00007ff89c2fc000 	C:\Windows\SYSTEM32\WINHTTP.dll
0x00007ff8a4fa0000 - 0x00007ff8a500a000 	C:\Windows\system32\mswsock.dll
0x00007ff89f2b0000 - 0x00007ff89f2c3000 	C:\Program Files\Java\jdk-16.0.2\bin\nio.dll
0x00007ff89ed10000 - 0x00007ff89ed28000 	C:\Program Files\Java\jdk-16.0.2\bin\zip.dll
0x00007ff89ecf0000 - 0x00007ff89ed0a000 	C:\Program Files\JetBrains\IntelliJ IDEA 2021.2.1\bin\breakgen64.dll
0x000001bc9eeb0000 - 0x000001bc9eeb3000 	C:\javafx-sdk-11.0.2\bin\api-ms-win-core-console-l1-1-0.dll
0x000001bc9eec0000 - 0x000001bc9eec3000 	C:\javafx-sdk-11.0.2\bin\api-ms-win-core-datetime-l1-1-0.dll
0x000001bca13d0000 - 0x000001bca13d3000 	C:\javafx-sdk-11.0.2\bin\api-ms-win-core-debug-l1-1-0.dll
0x000001bc9eed0000 - 0x000001bc9eed3000 	C:\javafx-sdk-11.0.2\bin\api-ms-win-core-errorhandling-l1-1-0.dll
0x000001bc9eee0000 - 0x000001bc9eee4000 	C:\javafx-sdk-11.0.2\bin\api-ms-win-core-file-l1-1-0.dll
0x000001bc9eef0000 - 0x000001bc9eef3000 	C:\javafx-sdk-11.0.2\bin\api-ms-win-core-file-l1-2-0.dll
0x000001bc9ef00000 - 0x000001bc9ef03000 	C:\javafx-sdk-11.0.2\bin\api-ms-win-core-file-l2-1-0.dll
0x000001bc9ef10000 - 0x000001bc9ef13000 	C:\javafx-sdk-11.0.2\bin\api-ms-win-core-handle-l1-1-0.dll
0x000001bc9ef20000 - 0x000001bc9ef23000 	C:\javafx-sdk-11.0.2\bin\api-ms-win-core-heap-l1-1-0.dll
0x000001bc9ef30000 - 0x000001bc9ef33000 	C:\javafx-sdk-11.0.2\bin\api-ms-win-core-interlocked-l1-1-0.dll
0x000001bc9ef40000 - 0x000001bc9ef43000 	C:\javafx-sdk-11.0.2\bin\api-ms-win-core-libraryloader-l1-1-0.dll
0x000001bc9ef50000 - 0x000001bc9ef53000 	C:\javafx-sdk-11.0.2\bin\api-ms-win-core-localization-l1-2-0.dll
0x000001bc9ef60000 - 0x000001bc9ef63000 	C:\javafx-sdk-11.0.2\bin\api-ms-win-core-memory-l1-1-0.dll
0x000001bc9ef70000 - 0x000001bc9ef73000 	C:\javafx-sdk-11.0.2\bin\api-ms-win-core-namedpipe-l1-1-0.dll
0x000001bc9ef80000 - 0x000001bc9ef83000 	C:\javafx-sdk-11.0.2\bin\api-ms-win-core-processenvironment-l1-1-0.dll
0x000001bc9ef90000 - 0x000001bc9ef93000 	C:\javafx-sdk-11.0.2\bin\api-ms-win-core-processthreads-l1-1-0.dll
0x000001bc9efa0000 - 0x000001bc9efa3000 	C:\javafx-sdk-11.0.2\bin\api-ms-win-core-processthreads-l1-1-1.dll
0x000001bc9efb0000 - 0x000001bc9efb3000 	C:\javafx-sdk-11.0.2\bin\api-ms-win-core-profile-l1-1-0.dll
0x000001bc9efc0000 - 0x000001bc9efc3000 	C:\javafx-sdk-11.0.2\bin\api-ms-win-core-rtlsupport-l1-1-0.dll
0x000001bc9efd0000 - 0x000001bc9efd3000 	C:\javafx-sdk-11.0.2\bin\api-ms-win-core-string-l1-1-0.dll
0x000001bc9efe0000 - 0x000001bc9efe3000 	C:\javafx-sdk-11.0.2\bin\api-ms-win-core-synch-l1-1-0.dll
0x000001bc9eff0000 - 0x000001bc9eff3000 	C:\javafx-sdk-11.0.2\bin\api-ms-win-core-synch-l1-2-0.dll
0x000001bca13e0000 - 0x000001bca13e3000 	C:\javafx-sdk-11.0.2\bin\api-ms-win-core-sysinfo-l1-1-0.dll
0x000001bca13f0000 - 0x000001bca13f3000 	C:\javafx-sdk-11.0.2\bin\api-ms-win-core-timezone-l1-1-0.dll
0x000001bca1400000 - 0x000001bca1403000 	C:\javafx-sdk-11.0.2\bin\api-ms-win-core-util-l1-1-0.dll
0x000001bca1410000 - 0x000001bca1413000 	C:\javafx-sdk-11.0.2\bin\api-ms-win-crt-conio-l1-1-0.dll
0x000001bca1420000 - 0x000001bca1424000 	C:\javafx-sdk-11.0.2\bin\api-ms-win-crt-convert-l1-1-0.dll
0x000001bca1430000 - 0x000001bca1433000 	C:\javafx-sdk-11.0.2\bin\api-ms-win-crt-environment-l1-1-0.dll
0x000001bca1440000 - 0x000001bca1443000 	C:\javafx-sdk-11.0.2\bin\api-ms-win-crt-filesystem-l1-1-0.dll
0x000001bca1450000 - 0x000001bca1453000 	C:\javafx-sdk-11.0.2\bin\api-ms-win-crt-heap-l1-1-0.dll
0x000001bca1460000 - 0x000001bca1463000 	C:\javafx-sdk-11.0.2\bin\api-ms-win-crt-locale-l1-1-0.dll
0x000001bca1470000 - 0x000001bca1475000 	C:\javafx-sdk-11.0.2\bin\api-ms-win-crt-math-l1-1-0.dll
0x000001bca1480000 - 0x000001bca1485000 	C:\javafx-sdk-11.0.2\bin\api-ms-win-crt-multibyte-l1-1-0.dll
0x000001bca1490000 - 0x000001bca14a0000 	C:\javafx-sdk-11.0.2\bin\api-ms-win-crt-private-l1-1-0.dll
0x000001bca14a0000 - 0x000001bca14a3000 	C:\javafx-sdk-11.0.2\bin\api-ms-win-crt-process-l1-1-0.dll
0x000001bca14b0000 - 0x000001bca14b4000 	C:\javafx-sdk-11.0.2\bin\api-ms-win-crt-runtime-l1-1-0.dll
0x000001bca14c0000 - 0x000001bca14c4000 	C:\javafx-sdk-11.0.2\bin\api-ms-win-crt-stdio-l1-1-0.dll
0x000001bca14d0000 - 0x000001bca14d4000 	C:\javafx-sdk-11.0.2\bin\api-ms-win-crt-string-l1-1-0.dll
0x000001bca14e0000 - 0x000001bca14e3000 	C:\javafx-sdk-11.0.2\bin\api-ms-win-crt-time-l1-1-0.dll
0x000001bca14f0000 - 0x000001bca14f3000 	C:\javafx-sdk-11.0.2\bin\api-ms-win-crt-utility-l1-1-0.dll
0x00007ff8871e0000 - 0x00007ff8872da000 	C:\javafx-sdk-11.0.2\bin\ucrtbase.dll
0x00007ff89ecd0000 - 0x00007ff89ece6000 	C:\javafx-sdk-11.0.2\bin\vcruntime140.dll
0x00007ff879d20000 - 0x00007ff879dc6000 	C:\javafx-sdk-11.0.2\bin\msvcp140.dll
0x00007ff885d50000 - 0x00007ff885da1000 	C:\javafx-sdk-11.0.2\bin\concrt140.dll
0x00007ff89eca0000 - 0x00007ff89ecc3000 	C:\javafx-sdk-11.0.2\bin\prism_d3d.dll
0x00007ff869940000 - 0x00007ff869b10000 	C:\Windows\system32\d3d9.dll
0x00007ff8a3120000 - 0x00007ff8a314f000 	C:\Windows\SYSTEM32\dwmapi.dll
0x00007ff8a2f10000 - 0x00007ff8a2fae000 	C:\Windows\system32\uxtheme.dll
0x00007ff8a58c0000 - 0x00007ff8a58e7000 	C:\Windows\System32\bcrypt.dll
0x00007ff8a62a0000 - 0x00007ff8a63ca000 	C:\Windows\System32\ole32.dll
0x00007ff8a6620000 - 0x00007ff8a66ed000 	C:\Windows\System32\OLEAUT32.dll
0x00007ff8a5f70000 - 0x00007ff8a5fbe000 	C:\Windows\System32\cfgmgr32.dll
0x00007ff885c20000 - 0x00007ff885c65000 	C:\javafx-sdk-11.0.2\bin\glass.dll
0x00007ff8a70f0000 - 0x00007ff8a71ca000 	C:\Windows\System32\COMDLG32.dll
0x00007ff8a71e0000 - 0x00007ff8a72f6000 	C:\Windows\System32\MSCTF.dll
0x00007ff89b490000 - 0x00007ff89b4cb000 	C:\Windows\SYSTEM32\dxcore.dll
0x00007ff890e90000 - 0x00007ff890ea4000 	C:\javafx-sdk-11.0.2\bin\javafx_font.dll
0x00007ff893a20000 - 0x00007ff893ca3000 	C:\Windows\SYSTEM32\dwrite.dll
0x00007ff8a7cf0000 - 0x00007ff8a7d99000 	C:\Windows\System32\clbcatq.dll
0x00007ff89cad0000 - 0x00007ff89cc84000 	C:\Windows\SYSTEM32\WindowsCodecs.dll
0x00007ff87d560000 - 0x00007ff87d59e000 	C:\Windows\system32\dataexchange.dll
0x00007ff8a0f00000 - 0x00007ff8a1164000 	C:\Windows\system32\d3d11.dll
0x00007ff8a1e30000 - 0x00007ff8a2015000 	C:\Windows\system32\dcomp.dll
0x00007ff8a42d0000 - 0x00007ff8a43c4000 	C:\Windows\system32\dxgi.dll
0x00007ff89d220000 - 0x00007ff89d421000 	C:\Windows\system32\twinapi.appcore.dll
0x00007ff8866a0000 - 0x00007ff8866d4000 	C:\Program Files\Common Files\Microsoft Shared\Ink\rtscom.dll
0x00007ff89a660000 - 0x00007ff89a759000 	C:\Windows\SYSTEM32\textinputframework.dll
0x00007ff8a23a0000 - 0x00007ff8a26fe000 	C:\Windows\System32\CoreUIComponents.dll
0x00007ff8a2700000 - 0x00007ff8a27f2000 	C:\Windows\System32\CoreMessaging.dll
0x00007ff8a45b0000 - 0x00007ff8a45e3000 	C:\Windows\SYSTEM32\ntmarta.dll
0x00007ff8a1cd0000 - 0x00007ff8a1e24000 	C:\Windows\SYSTEM32\wintypes.dll
0x00007ff8a0ce0000 - 0x00007ff8a0ce9000 	C:\Program Files\Java\jdk-16.0.2\bin\management.dll
0x00007ff8a06a0000 - 0x00007ff8a06ab000 	C:\Program Files\Java\jdk-16.0.2\bin\management_ext.dll

dbghelp: loaded successfully - version: 4.0.5 - missing functions: none
symbol engine: initialized successfully - sym options: 0x614 - pdb path: .;C:\Program Files\Java\jdk-16.0.2\bin;C:\Windows\SYSTEM32;C:\Windows\WinSxS\amd64_microsoft.windows.common-controls_6595b64144ccf1df_6.0.19041.1110_none_60b5254171f9507e;C:\Program Files\Java\jdk-16.0.2\bin\server;C:\Program Files\JetBrains\IntelliJ IDEA 2021.2.1\bin;C:\javafx-sdk-11.0.2\bin;C:\Windows\System32\DriverStore\FileRepository\iigd_dch.inf_amd64_e9b40d45ab4dc6b8;C:\Program Files\Common Files\Microsoft Shared\Ink

VM Arguments:
jvm_args: --module-path=C:/javafx-sdk-11.0.2/lib --add-modules=javafx.controls,javafx.fxml -javaagent:C:\Program Files\JetBrains\IntelliJ IDEA 2021.2.1\lib\idea_rt.jar=57913:C:\Program Files\JetBrains\IntelliJ IDEA 2021.2.1\bin -Dfile.encoding=UTF-8 
java_command: forms.Main
java_class_path (initial): C:\java\Polyclinic\out\production\Polyclinic;C:\javafx-sdk-11.0.2\lib\src.zip;C:\javafx-sdk-11.0.2\lib\javafx-swt.jar;C:\javafx-sdk-11.0.2\lib\javafx.web.jar;C:\javafx-sdk-11.0.2\lib\javafx.base.jar;C:\javafx-sdk-11.0.2\lib\javafx.fxml.jar;C:\javafx-sdk-11.0.2\lib\javafx.media.jar;C:\javafx-sdk-11.0.2\lib\javafx.swing.jar;C:\javafx-sdk-11.0.2\lib\javafx.controls.jar;C:\javafx-sdk-11.0.2\lib\javafx.graphics.jar;C:\java\Polyclinic\src\resources\postgresql-42.3.1 (1).jar
Launcher Type: SUN_STANDARD

[Global flags]
     intx CICompilerCount                          = 3                                         {product} {ergonomic}
     uint ConcGCThreads                            = 1                                         {product} {ergonomic}
     uint G1ConcRefinementThreads                  = 4                                         {product} {ergonomic}
   size_t G1HeapRegionSize                         = 1048576                                   {product} {ergonomic}
    uintx GCDrainStackTargetSize                   = 64                                        {product} {ergonomic}
   size_t InitialHeapSize                          = 132120576                                 {product} {ergonomic}
   size_t MarkStackSize                            = 4194304                                   {product} {ergonomic}
   size_t MaxHeapSize                              = 2101346304                                {product} {ergonomic}
   size_t MaxNewSize                               = 1260388352                                {product} {ergonomic}
   size_t MinHeapDeltaBytes                        = 1048576                                   {product} {ergonomic}
   size_t MinHeapSize                              = 8388608                                   {product} {ergonomic}
    uintx NonNMethodCodeHeapSize                   = 5832780                                {pd product} {ergonomic}
    uintx NonProfiledCodeHeapSize                  = 122912730                              {pd product} {ergonomic}
    uintx ProfiledCodeHeapSize                     = 122912730                              {pd product} {ergonomic}
    uintx ReservedCodeCacheSize                    = 251658240                              {pd product} {ergonomic}
     bool SegmentedCodeCache                       = true                                      {product} {ergonomic}
   size_t SoftMaxHeapSize                          = 2101346304                             {manageable} {ergonomic}
     bool UseCompressedClassPointers               = true                           {product lp64_product} {ergonomic}
     bool UseCompressedOops                        = true                           {product lp64_product} {ergonomic}
     bool UseG1GC                                  = true                                      {product} {ergonomic}
     bool UseLargePagesIndividualAllocation        = false                                  {pd product} {ergonomic}

Logging:
Log output configuration:
 #0: stdout all=off uptime,level,tags
 #1: stderr all=off uptime,level,tags

Environment Variables:
PATH=C:\Program Files\Common Files\Oracle\Java\javapath;C:\Program Files (x86)\Common Files\Oracle\Java\javapath;C:\Windows\system32;C:\Windows;C:\Windows\System32\Wbem;C:\Windows\System32\WindowsPowerShell\v1.0\;C:\Windows\System32\OpenSSH\;C:\Program Files\dotnet\;C:\Users\Kate\AppData\Local\Microsoft\WindowsApps;;C:\Program Files\JetBrains\IntelliJ IDEA 2021.2.1\bin;;C:\Users\Kate\.dotnet\tools
USERNAME=Kate
OS=Windows_NT
PROCESSOR_IDENTIFIER=Intel64 Family 6 Model 122 Stepping 1, GenuineIntel



---------------  S Y S T E M  ---------------

OS:
 Windows 10 , 64 bit Build 19041 (10.0.19041.1503)
OS uptime: 5 days 0:49 hours

CPU: total 4 (initial active 4) (4 cores per cpu, 1 threads per core) family 6 model 122 stepping 1 microcode 0x2e, cx8, cmov, fxsr, mmx, 3dnowpref, sse, sse2, sse3, ssse3, sse4.1, sse4.2, popcnt, tsc, tscinvbit, aes, erms, clmul, sha, clflush, clflushopt

Memory: 4k page, system-wide physical 8014M (2621M free)
TotalPageFile size 10958M (AvailPageFile size 3367M)
current process WorkingSet (physical memory assigned to process): 140M, peak: 228M
current process commit charge ("private bytes"): 210M, peak: 321M

vm_info: Java HotSpot(TM) 64-Bit Server VM (16.0.2+7-67) for windows-amd64 JRE (16.0.2+7-67), built on Jun  8 2021 23:24:19 by "mach5one" with MS VC++ 16.7 (VS2019)

END.
