#
# A fatal error has been detected by the Java Runtime Environment:
#
#  EXCEPTION_ACCESS_VIOLATION (0xc0000005) at pc=0x00007ff8850c6730, pid=12692, tid=14312
#
# JRE version: Java(TM) SE Runtime Environment (16.0.2+7) (build 16.0.2+7-67)
# Java VM: Java HotSpot(TM) 64-Bit Server VM (16.0.2+7-67, mixed mode, sharing, tiered, compressed oops, compressed class ptrs, g1 gc, windows-amd64)
# Problematic frame:
# C  [glass.dll+0x26730]
#
# No core dump will be written. Minidumps are not enabled by default on client versions of Windows
#
# If you would like to submit a bug report, please visit:
#   https://bugreport.java.com/bugreport/crash.jsp
#

---------------  S U M M A R Y ------------

Command Line: --module-path=C:/javafx-sdk-11.0.2/lib --add-modules=javafx.controls,javafx.fxml -javaagent:C:\Program Files\JetBrains\IntelliJ IDEA 2021.2.1\lib\idea_rt.jar=56602:C:\Program Files\JetBrains\IntelliJ IDEA 2021.2.1\bin -Dfile.encoding=UTF-8 forms.Main

Host: Intel(R) Pentium(R) Silver N5000 CPU @ 1.10GHz, 4 cores, 7G,  Windows 10 , 64 bit Build 19041 (10.0.19041.1503)
Time: Sun Feb 27 12:25:55 2022 RTZ 2 (s 10 , 64 bit Build 19041 (10.0.19041.1503) elapsed time: 526.098678 seconds (0d 0h 8m 46s)

---------------  T H R E A D  ---------------

Current thread (0x000001b765f06790):  VMThread "VM Thread" [stack: 0x0000000924100000,0x0000000924200000] [id=14312]

Stack: [0x0000000924100000,0x0000000924200000],  sp=0x00000009241ff0f0,  free space=1020k
Native frames: (J=compiled Java code, j=interpreted, Vv=VM code, C=native code)
C  [glass.dll+0x26730]


siginfo: EXCEPTION_ACCESS_VIOLATION (0xc0000005), reading address 0x0000000000000000


Register to memory mapping:

RIP=0x00007ff8850c6730 glass.dll
RAX=0x0 is NULL
RBX=0x000001b765f0d758 is a global jni handle
RCX=0x000001b765f06790 points into unknown readable memory: 0x00007ff86a79f638 | 38 f6 79 6a f8 7f 00 00
RDX=0x00000009241ff0f0 points into unknown readable memory: 0x0000000000000000 | 00 00 00 00 00 00 00 00
RSP=0x00000009241ff0f0 points into unknown readable memory: 0x0000000000000000 | 00 00 00 00 00 00 00 00
RBP=0x000001b767f03fe8 points into unknown readable memory: 0x0000e21775c4669c | 9c 66 c4 75 17 e2 00 00
RSI=0x000001b767f03fc0 points into unknown readable memory: 0x8850217af5c46163 | 63 61 c4 f5 7a 21 50 88
RDI=0x0000e21775c4669c is an unknown value
R8 =0x0000000000010002 is an unknown value
R9 =0x0000e21775c4669c is an unknown value
R10=0x0000000000008000 is an unknown value
R11=0x00000009241ff090 points into unknown readable memory: 0x0000000000000000 | 00 00 00 00 00 00 00 00
R12=0x00007ff8850c3be0 glass.dll
R13=0x000001b74890b2a0 points into unknown readable memory: 0x8000000900000001 | 01 00 00 00 09 00 00 80
R14=0x00000009241ff1f8 points into unknown readable memory: 0x00000009241ff1e0 | e0 f1 1f 24 09 00 00 00
R15=0x000001b767f03fc0 points into unknown readable memory: 0x8850217af5c46163 | 63 61 c4 f5 7a 21 50 88


Registers:
RAX=0x0000000000000000, RBX=0x000001b765f0d758, RCX=0x000001b765f06790, RDX=0x00000009241ff0f0
RSP=0x00000009241ff0f0, RBP=0x000001b767f03fe8, RSI=0x000001b767f03fc0, RDI=0x0000e21775c4669c
R8 =0x0000000000010002, R9 =0x0000e21775c4669c, R10=0x0000000000008000, R11=0x00000009241ff090
R12=0x00007ff8850c3be0, R13=0x000001b74890b2a0, R14=0x00000009241ff1f8, R15=0x000001b767f03fc0
RIP=0x00007ff8850c6730, EFLAGS=0x0000000000010206

Top of Stack: (sp=0x00000009241ff0f0)
0x00000009241ff0f0:   0000000000000000 00007ff8a607f05b
0x00000009241ff100:   000001b767f03fd0 000001b767f03fc0
0x00000009241ff110:   fffffffffffffffe 00007ff8850c3be0
0x00000009241ff120:   000001b767f03fc8 00007ff8a60842d6
0x00000009241ff130:   000001b767f03fd0 000001b700000000
0x00000009241ff140:   000001b767f03fe8 000001b767f03fc0
0x00000009241ff150:   fffffffffffffffe 0000000000000000
0x00000009241ff160:   0000000000000001 00007ff8850a0000
0x00000009241ff170:   00000009241ff1e8 00007ff8a60841fb
0x00000009241ff180:   0000000000000000 00000009241ff1f8
0x00000009241ff190:   00000009241ff4b0 00007ff8a6160e40
0x00000009241ff1a0:   0000000000000001 00007ff8a60841b4
0x00000009241ff1b0:   0000000000000000 0000000000000001
0x00000009241ff1c0:   00007ff80000000d 00000009241ff1e8
0x00000009241ff1d0:   0000000000000000 00007ff8850c3a60
0x00000009241ff1e0:   00007ff8850dd100 0000000900000002 

Instructions: (pc=0x00007ff8850c6730)
0x00007ff8850c6630:   8b 4d 60 e8 d8 c9 ff ff 48 8b 55 68 48 8b 8d 08
0x00007ff8850c6640:   01 00 00 e8 a9 be ff ff 33 d2 33 c9 e8 a9 de ff
0x00007ff8850c6650:   ff 90 cc cc cc cc cc cc cc cc cc cc cc cc cc cc
0x00007ff8850c6660:   48 8d 8a 80 00 00 00 e9 14 ea fe ff 48 89 54 24
0x00007ff8850c6670:   10 55 48 83 ec 20 48 8b ea 48 8d 05 1d cb ff ff
0x00007ff8850c6680:   48 83 c4 20 5d c3 cc 40 55 48 8b ea 48 8b 01 33
0x00007ff8850c6690:   c9 81 38 05 00 00 c0 0f 94 c1 8b c1 5d c3 cc 40
0x00007ff8850c66a0:   55 48 83 ec 20 48 8b ea 8a 4d 40 48 83 c4 20 5d
0x00007ff8850c66b0:   e9 23 ce ff ff cc 40 55 48 83 ec 20 48 8b ea e8
0x00007ff8850c66c0:   3c cc ff ff 8a 4d 38 48 83 c4 20 5d e9 07 ce ff
0x00007ff8850c66d0:   ff cc 40 55 48 83 ec 30 48 8b ea 48 8b 01 8b 10
0x00007ff8850c66e0:   48 89 4c 24 28 89 54 24 20 4c 8d 0d d0 d1 ff ff
0x00007ff8850c66f0:   4c 8b 45 70 8b 55 68 48 8b 4d 60 e8 70 cb ff ff
0x00007ff8850c6700:   90 48 83 c4 30 5d c3 cc cc cc cc cc cc cc cc cc
0x00007ff8850c6710:   40 53 48 83 ec 30 48 c7 44 24 20 fe ff ff ff 48
0x00007ff8850c6720:   8b 1d ea 63 01 00 48 85 db 74 16 e8 90 86 ff ff
0x00007ff8850c6730:   4c 8b 00 48 8b d3 48 8b c8 41 ff 90 b0 00 00 00
0x00007ff8850c6740:   90 48 83 c4 30 5b c3 cc cc cc cc cc cc cc cc cc
0x00007ff8850c6750:   40 53 48 83 ec 20 48 8b 1d 4b 65 01 00 48 85 db
0x00007ff8850c6760:   74 57 b8 ff ff ff ff f0 0f c1 43 10 83 f8 01 75
0x00007ff8850c6770:   3d 48 85 db 74 38 48 8b 0b 48 85 c9 74 0d ff 15
0x00007ff8850c6780:   24 0b 00 00 48 c7 03 00 00 00 00 48 8b 4b 08 48
0x00007ff8850c6790:   85 c9 74 0d e8 77 c8 ff ff 48 c7 43 08 00 00 00
0x00007ff8850c67a0:   00 ba 18 00 00 00 48 8b cb e8 62 c8 ff ff 48 c7
0x00007ff8850c67b0:   05 ef 64 01 00 00 00 00 00 48 83 c4 20 5b c3 cc
0x00007ff8850c67c0:   40 53 48 83 ec 20 48 8b 1d bb 64 01 00 48 85 db
0x00007ff8850c67d0:   74 57 b8 ff ff ff ff f0 0f c1 43 10 83 f8 01 75
0x00007ff8850c67e0:   3d 48 85 db 74 38 48 8b 0b 48 85 c9 74 0d ff 15
0x00007ff8850c67f0:   b4 0a 00 00 48 c7 03 00 00 00 00 48 8b 4b 08 48
0x00007ff8850c6800:   85 c9 74 0d e8 07 c8 ff ff 48 c7 43 08 00 00 00
0x00007ff8850c6810:   00 ba 18 00 00 00 48 8b cb e8 f2 c7 ff ff 48 c7
0x00007ff8850c6820:   05 5f 64 01 00 00 00 00 00 48 83 c4 20 5b c3 cc 


Stack slot to memory mapping:
stack at sp + 0 slots: 0x0 is NULL
stack at sp + 1 slots: 0x00007ff8a607f05b ucrtbase.dll
stack at sp + 2 slots: 0x000001b767f03fd0 points into unknown readable memory: 0x0000e21775c4669c | 9c 66 c4 75 17 e2 00 00
stack at sp + 3 slots: 0x000001b767f03fc0 points into unknown readable memory: 0x8850217af5c46163 | 63 61 c4 f5 7a 21 50 88
stack at sp + 4 slots: 0xfffffffffffffffe is an unknown value
stack at sp + 5 slots: 0x00007ff8850c3be0 glass.dll
stack at sp + 6 slots: 0x000001b767f03fc8 points into unknown readable memory: 0x0000e21775c4669c | 9c 66 c4 75 17 e2 00 00
stack at sp + 7 slots: 0x00007ff8a60842d6 ucrtbase.dll

VM_Operation (0x00000009239ff1e0): Exit, mode: safepoint, requested by thread 0x000001b767a5d7e0


---------------  P R O C E S S  ---------------

Threads class SMR info:
_java_thread_list=0x000001b76721dc40, length=21, elements={
0x000001b7488a8770, 0x000001b765f0a2f0, 0x000001b765f0b0c0, 0x000001b765f1d2a0,
0x000001b765f22be0, 0x000001b765f234f0, 0x000001b765f23e00, 0x000001b765f24af0,
0x000001b765f26500, 0x000001b765f352c0, 0x000001b765eea430, 0x000001b76725f630,
0x000001b767499b30, 0x000001b766eacd00, 0x000001b767eb57d0, 0x000001b7669c2110,
0x000001b767b06fe0, 0x000001b767b07980, 0x000001b767a5cd40, 0x000001b767a5d290,
0x000001b767a5d7e0
}

Java Threads: ( => current thread )
  0x000001b7488a8770 JavaThread "main" [_thread_blocked, id=10824, stack(0x0000000923b00000,0x0000000923c00000)]
  0x000001b765f0a2f0 JavaThread "Reference Handler" daemon [_thread_blocked, id=7676, stack(0x0000000924200000,0x0000000924300000)]
  0x000001b765f0b0c0 JavaThread "Finalizer" daemon [_thread_blocked, id=13164, stack(0x0000000924300000,0x0000000924400000)]
  0x000001b765f1d2a0 JavaThread "Signal Dispatcher" daemon [_thread_blocked, id=1656, stack(0x0000000924400000,0x0000000924500000)]
  0x000001b765f22be0 JavaThread "Attach Listener" daemon [_thread_blocked, id=12008, stack(0x0000000924500000,0x0000000924600000)]
  0x000001b765f234f0 JavaThread "Service Thread" daemon [_thread_blocked, id=4968, stack(0x0000000924600000,0x0000000924700000)]
  0x000001b765f23e00 JavaThread "Monitor Deflation Thread" daemon [_thread_blocked, id=9016, stack(0x0000000924700000,0x0000000924800000)]
  0x000001b765f24af0 JavaThread "C2 CompilerThread0" daemon [_thread_blocked, id=8944, stack(0x0000000924800000,0x0000000924900000)]
  0x000001b765f26500 JavaThread "C1 CompilerThread0" daemon [_thread_blocked, id=8164, stack(0x0000000924900000,0x0000000924a00000)]
  0x000001b765f352c0 JavaThread "Sweeper thread" daemon [_thread_blocked, id=1836, stack(0x0000000924a00000,0x0000000924b00000)]
  0x000001b765eea430 JavaThread "Common-Cleaner" daemon [_thread_blocked, id=6952, stack(0x0000000924b00000,0x0000000924c00000)]
  0x000001b76725f630 JavaThread "Monitor Ctrl-Break" daemon [_thread_in_native, id=10944, stack(0x0000000924d00000,0x0000000924e00000)]
  0x000001b767499b30 JavaThread "Notification Thread" daemon [_thread_blocked, id=7280, stack(0x0000000924e00000,0x0000000924f00000)]
  0x000001b766eacd00 JavaThread "QuantumRenderer-0" daemon [_thread_blocked, id=12364, stack(0x0000000925000000,0x0000000925100000)]
  0x000001b767eb57d0 JavaThread "InvokeLaterDispatcher" daemon [_thread_blocked, id=12560, stack(0x0000000925100000,0x0000000925200000)]
  0x000001b7669c2110 JavaThread "JavaFX Application Thread" [_thread_in_native, id=7620, stack(0x0000000925500000,0x0000000925600000)]
  0x000001b767b06fe0 JavaThread "JavaFX-Launcher" [_thread_blocked, id=5680, stack(0x0000000925900000,0x0000000925a00000)]
  0x000001b767b07980 JavaThread "Thread-2" daemon [_thread_in_native, id=1272, stack(0x0000000924c00000,0x0000000924d00000)]
  0x000001b767a5cd40 JavaThread "Prism Font Disposer" daemon [_thread_blocked, id=11652, stack(0x0000000925e00000,0x0000000925f00000)]
  0x000001b767a5d290 JavaThread "Cleaner-0" daemon [_thread_blocked, id=5368, stack(0x0000000925f00000,0x0000000926000000)]
  0x000001b767a5d7e0 JavaThread "SIGINT handler" daemon [_thread_blocked, id=8744, stack(0x0000000923900000,0x0000000923a00000)]

Other Threads:
=>0x000001b765f06790 VMThread "VM Thread" [stack: 0x0000000924100000,0x0000000924200000] [id=14312]
  0x000001b7488e7d70 GCTaskThread "GC Thread#0" [stack: 0x0000000923c00000,0x0000000923d00000] [id=5728]
  0x000001b766c33de0 GCTaskThread "GC Thread#1" [stack: 0x0000000925200000,0x0000000925300000] [id=8608]
  0x000001b766c340f0 GCTaskThread "GC Thread#2" [stack: 0x0000000925300000,0x0000000925400000] [id=568]
  0x000001b766c34400 GCTaskThread "GC Thread#3" [stack: 0x0000000925400000,0x0000000925500000] [id=3232]
  0x000001b7488f8740 ConcurrentGCThread "G1 Main Marker" terminated
  0x000001b7488f90c0 ConcurrentGCThread "G1 Conc#0" [stack: 0x0000000923e00000,0x0000000923f00000] [id=8124]
  0x000001b748972b40 ConcurrentGCThread "G1 Refine#0" terminated
  0x000001b767747680 ConcurrentGCThread "G1 Refine#1" terminated
  0x000001b767a8d830 ConcurrentGCThread "G1 Refine#2" terminated
  0x000001b7489734d0 ConcurrentGCThread "G1 Service" terminated

Threads with active compile tasks:

VM state: at safepoint (shutting down)

VM Mutex/Monitor currently owned by a thread:  ([mutex/lock_event])
[0x000001b7488a4a40] Threads_lock - owner thread: 0x000001b765f06790
[0x000001b7488a57c0] Heap_lock - owner thread: 0x000001b767a5d7e0

Heap address: 0x0000000082c00000, size: 2004 MB, Compressed Oops mode: 32-bit

CDS archive(s) mapped at: [0x0000000800000000-0x0000000800bb0000-0x0000000800bb0000), size 12255232, SharedBaseAddress: 0x0000000800000000, ArchiveRelocationMode: 0.
Compressed class space mapped at: 0x0000000800c00000-0x0000000840c00000, reserved size: 1073741824
Narrow klass base: 0x0000000800000000, Narrow klass shift: 3, Narrow klass range: 0x100000000

GC Precious Log:
 CPUs: 4 total, 4 available
 Memory: 8014M
 Large Page Support: Disabled
 NUMA Support: Disabled
 Compressed Oops: Enabled (32-bit)
 Heap Region Size: 1M
 Heap Min Capacity: 8M
 Heap Initial Capacity: 126M
 Heap Max Capacity: 2004M
 Pre-touch: Disabled
 Parallel Workers: 4
 Concurrent Workers: 1
 Concurrent Refinement Workers: 4
 Periodic GC: Disabled

Heap:
 garbage-first heap   total 61440K, used 22050K [0x0000000082c00000, 0x0000000100000000)
  region size 1024K, 15 young (15360K), 10 survivors (10240K)
 Metaspace       used 21456K, committed 21632K, reserved 1073152K
  class space    used 2833K, committed 2944K, reserved 1048576K

Heap Regions: E=young(eden), S=young(survivor), O=old, HS=humongous(starts), HC=humongous(continues), CS=collection set, F=free, OA=open archive, CA=closed archive, TAMS=top-at-mark-start (previous, next)
|   0|0x0000000082c00000, 0x0000000082d00000, 0x0000000082d00000|100%| O|  |TAMS 0x0000000082d00000, 0x0000000082c00000| Untracked 
|   1|0x0000000082d00000, 0x0000000082e00000, 0x0000000082e00000|100%| O|  |TAMS 0x0000000082e00000, 0x0000000082d00000| Untracked 
|   2|0x0000000082e00000, 0x0000000082f00000, 0x0000000082f00000|100%| O|  |TAMS 0x0000000082e82a00, 0x0000000082e00000| Untracked 
|   3|0x0000000082f00000, 0x0000000082f00000, 0x0000000083000000|  0%| F|  |TAMS 0x0000000082f00000, 0x0000000082f00000| Untracked 
|   4|0x0000000083000000, 0x0000000083000000, 0x0000000083100000|  0%| F|  |TAMS 0x0000000083000000, 0x0000000083000000| Untracked 
|   5|0x0000000083100000, 0x0000000083200000, 0x0000000083200000|100%|HS|  |TAMS 0x0000000083200000, 0x0000000083100000| Complete 
|   6|0x0000000083200000, 0x0000000083300000, 0x0000000083300000|100%|HS|  |TAMS 0x0000000083300000, 0x0000000083200000| Complete 
|   7|0x0000000083300000, 0x0000000083400000, 0x0000000083400000|100%|HC|  |TAMS 0x0000000083400000, 0x0000000083300000| Complete 
|   8|0x0000000083400000, 0x0000000083500000, 0x0000000083500000|100%| O|  |TAMS 0x0000000083400000, 0x0000000083400000| Untracked 
|   9|0x0000000083500000, 0x0000000083588a00, 0x0000000083600000| 53%| O|  |TAMS 0x0000000083500000, 0x0000000083500000| Untracked 
|  10|0x0000000083600000, 0x0000000083600000, 0x0000000083700000|  0%| F|  |TAMS 0x0000000083600000, 0x0000000083600000| Untracked 
|  11|0x0000000083700000, 0x0000000083700000, 0x0000000083800000|  0%| F|  |TAMS 0x0000000083700000, 0x0000000083700000| Untracked 
|  12|0x0000000083800000, 0x0000000083800000, 0x0000000083900000|  0%| F|  |TAMS 0x0000000083800000, 0x0000000083800000| Untracked 
|  13|0x0000000083900000, 0x0000000083900000, 0x0000000083a00000|  0%| F|  |TAMS 0x0000000083900000, 0x0000000083900000| Untracked 
|  14|0x0000000083a00000, 0x0000000083a00000, 0x0000000083b00000|  0%| F|  |TAMS 0x0000000083a00000, 0x0000000083a00000| Untracked 
|  15|0x0000000083b00000, 0x0000000083b00000, 0x0000000083c00000|  0%| F|  |TAMS 0x0000000083b00000, 0x0000000083b00000| Untracked 
|  16|0x0000000083c00000, 0x0000000083c00000, 0x0000000083d00000|  0%| F|  |TAMS 0x0000000083c00000, 0x0000000083c00000| Untracked 
|  17|0x0000000083d00000, 0x0000000083d00000, 0x0000000083e00000|  0%| F|  |TAMS 0x0000000083d00000, 0x0000000083d00000| Untracked 
|  18|0x0000000083e00000, 0x0000000083e00000, 0x0000000083f00000|  0%| F|  |TAMS 0x0000000083e00000, 0x0000000083e00000| Untracked 
|  19|0x0000000083f00000, 0x0000000083f00000, 0x0000000084000000|  0%| F|  |TAMS 0x0000000083f00000, 0x0000000083f00000| Untracked 
|  20|0x0000000084000000, 0x0000000084000000, 0x0000000084100000|  0%| F|  |TAMS 0x0000000084000000, 0x0000000084000000| Untracked 
|  21|0x0000000084100000, 0x0000000084100000, 0x0000000084200000|  0%| F|  |TAMS 0x0000000084100000, 0x0000000084100000| Untracked 
|  22|0x0000000084200000, 0x0000000084200000, 0x0000000084300000|  0%| F|  |TAMS 0x0000000084200000, 0x0000000084200000| Untracked 
|  23|0x0000000084300000, 0x0000000084300000, 0x0000000084400000|  0%| F|  |TAMS 0x0000000084300000, 0x0000000084300000| Untracked 
|  24|0x0000000084400000, 0x0000000084400000, 0x0000000084500000|  0%| F|  |TAMS 0x0000000084400000, 0x0000000084400000| Untracked 
|  25|0x0000000084500000, 0x0000000084500000, 0x0000000084600000|  0%| F|  |TAMS 0x0000000084500000, 0x0000000084500000| Untracked 
|  26|0x0000000084600000, 0x0000000084600000, 0x0000000084700000|  0%| F|  |TAMS 0x0000000084600000, 0x0000000084600000| Untracked 
|  27|0x0000000084700000, 0x0000000084700000, 0x0000000084800000|  0%| F|  |TAMS 0x0000000084700000, 0x0000000084700000| Untracked 
|  28|0x0000000084800000, 0x0000000084800000, 0x0000000084900000|  0%| F|  |TAMS 0x0000000084800000, 0x0000000084800000| Untracked 
|  29|0x0000000084900000, 0x0000000084900000, 0x0000000084a00000|  0%| F|  |TAMS 0x0000000084900000, 0x0000000084900000| Untracked 
|  30|0x0000000084a00000, 0x0000000084a00000, 0x0000000084b00000|  0%| F|  |TAMS 0x0000000084a00000, 0x0000000084a00000| Untracked 
|  31|0x0000000084b00000, 0x0000000084b00000, 0x0000000084c00000|  0%| F|  |TAMS 0x0000000084b00000, 0x0000000084b00000| Untracked 
|  32|0x0000000084c00000, 0x0000000084c00000, 0x0000000084d00000|  0%| F|  |TAMS 0x0000000084c00000, 0x0000000084c00000| Untracked 
|  33|0x0000000084d00000, 0x0000000084d00000, 0x0000000084e00000|  0%| F|  |TAMS 0x0000000084d00000, 0x0000000084d00000| Untracked 
|  34|0x0000000084e00000, 0x0000000084e00000, 0x0000000084f00000|  0%| F|  |TAMS 0x0000000084e00000, 0x0000000084e00000| Untracked 
|  35|0x0000000084f00000, 0x0000000084f00000, 0x0000000085000000|  0%| F|  |TAMS 0x0000000084f00000, 0x0000000084f00000| Untracked 
|  36|0x0000000085000000, 0x0000000085000000, 0x0000000085100000|  0%| F|  |TAMS 0x0000000085000000, 0x0000000085000000| Untracked 
|  37|0x0000000085100000, 0x0000000085100000, 0x0000000085200000|  0%| F|  |TAMS 0x0000000085100000, 0x0000000085100000| Untracked 
|  38|0x0000000085200000, 0x0000000085200000, 0x0000000085300000|  0%| F|  |TAMS 0x0000000085200000, 0x0000000085200000| Untracked 
|  39|0x0000000085300000, 0x0000000085300000, 0x0000000085400000|  0%| F|  |TAMS 0x0000000085300000, 0x0000000085300000| Untracked 
|  40|0x0000000085400000, 0x0000000085400000, 0x0000000085500000|  0%| F|  |TAMS 0x0000000085400000, 0x0000000085400000| Untracked 
|  41|0x0000000085500000, 0x0000000085500000, 0x0000000085600000|  0%| F|  |TAMS 0x0000000085500000, 0x0000000085500000| Untracked 
|  42|0x0000000085600000, 0x0000000085600000, 0x0000000085700000|  0%| F|  |TAMS 0x0000000085600000, 0x0000000085600000| Untracked 
|  43|0x0000000085700000, 0x0000000085700000, 0x0000000085800000|  0%| F|  |TAMS 0x0000000085700000, 0x0000000085700000| Untracked 
|  44|0x0000000085800000, 0x0000000085800000, 0x0000000085900000|  0%| F|  |TAMS 0x0000000085800000, 0x0000000085800000| Untracked 
|  45|0x0000000085900000, 0x0000000085943148, 0x0000000085a00000| 26%| E|  |TAMS 0x0000000085900000, 0x0000000085900000| Complete 
|  46|0x0000000085a00000, 0x0000000085b00000, 0x0000000085b00000|100%| E|CS|TAMS 0x0000000085a00000, 0x0000000085a00000| Complete 
|  47|0x0000000085b00000, 0x0000000085c00000, 0x0000000085c00000|100%| E|CS|TAMS 0x0000000085b00000, 0x0000000085b00000| Complete 
|  48|0x0000000085c00000, 0x0000000085d00000, 0x0000000085d00000|100%| E|CS|TAMS 0x0000000085c00000, 0x0000000085c00000| Complete 
|  49|0x0000000085d00000, 0x0000000085e00000, 0x0000000085e00000|100%| E|CS|TAMS 0x0000000085d00000, 0x0000000085d00000| Complete 
|  55|0x0000000086300000, 0x0000000086400000, 0x0000000086400000|100%| S|CS|TAMS 0x0000000086300000, 0x0000000086300000| Complete 
|  56|0x0000000086400000, 0x0000000086500000, 0x0000000086500000|100%| S|CS|TAMS 0x0000000086400000, 0x0000000086400000| Complete 
|  57|0x0000000086500000, 0x0000000086600000, 0x0000000086600000|100%| S|CS|TAMS 0x0000000086500000, 0x0000000086500000| Complete 
|  58|0x0000000086600000, 0x0000000086700000, 0x0000000086700000|100%| S|CS|TAMS 0x0000000086600000, 0x0000000086600000| Complete 
|  59|0x0000000086700000, 0x0000000086800000, 0x0000000086800000|100%| S|CS|TAMS 0x0000000086700000, 0x0000000086700000| Complete 
|  60|0x0000000086800000, 0x0000000086900000, 0x0000000086900000|100%| S|CS|TAMS 0x0000000086800000, 0x0000000086800000| Complete 
|  61|0x0000000086900000, 0x0000000086a00000, 0x0000000086a00000|100%| S|CS|TAMS 0x0000000086900000, 0x0000000086900000| Complete 
|  62|0x0000000086a00000, 0x0000000086b00000, 0x0000000086b00000|100%| S|CS|TAMS 0x0000000086a00000, 0x0000000086a00000| Complete 
|  63|0x0000000086b00000, 0x0000000086c00000, 0x0000000086c00000|100%| S|CS|TAMS 0x0000000086b00000, 0x0000000086b00000| Complete 
|  64|0x0000000086c00000, 0x0000000086d00000, 0x0000000086d00000|100%| S|CS|TAMS 0x0000000086c00000, 0x0000000086c00000| Complete 

Card table byte_map: [0x000001b75f420000,0x000001b75f810000] _byte_map_base: 0x000001b75f00a000

Marking Bits (Prev, Next): (CMBitMap*) 0x000001b7488e8330, (CMBitMap*) 0x000001b7488e82f0
 Prev Bits: [0x000001b761b50000, 0x000001b763aa0000)
 Next Bits: [0x000001b75fc00000, 0x000001b761b50000)

Polling page: 0x000001b746830000

Metaspace:

Usage:
  Non-class:     18.19 MB used.
      Class:      2.77 MB used.
       Both:     20.95 MB used.

Virtual space:
  Non-class space:       24.00 MB reserved,      18.25 MB ( 76%) committed,  3 nodes.
      Class space:        1.00 GB reserved,       2.88 MB ( <1%) committed,  1 nodes.
              Both:        1.02 GB reserved,      21.12 MB (  2%) committed. 

Chunk freelists:
   Non-Class:  1.75 MB
       Class:  1.03 MB
        Both:  2.78 MB

MaxMetaspaceSize: 17179869184.00 GB
CompressedClassSpaceSize: 1.00 GB
 - commit_granule_bytes: 65536.
 - commit_granule_words: 8192.
 - virtual_space_node_default_size: 1048576.
 - enlarge_chunks_in_place: 1.
 - new_chunks_are_fully_committed: 0.
 - uncommit_free_chunks: 1.
 - use_allocation_guard: 0.
 - handle_deallocations: 1.


Internal statistics:

num_allocs_failed_limit: 3.
num_arena_births: 220.
num_arena_deaths: 0.
num_vsnodes_births: 4.
num_vsnodes_deaths: 0.
num_space_committed: 338.
num_space_uncommitted: 0.
num_chunks_returned_to_freelist: 3.
num_chunks_taken_from_freelist: 942.
num_chunk_merges: 0.
num_chunk_splits: 653.
num_chunks_enlarged: 498.
num_purges: 0.

CodeHeap 'non-profiled nmethods': size=120000Kb used=1954Kb max_used=1954Kb free=118045Kb
 bounds [0x000001b757b00000, 0x000001b757d70000, 0x000001b75f030000]
CodeHeap 'profiled nmethods': size=120000Kb used=9235Kb max_used=9235Kb free=110764Kb
 bounds [0x000001b7505d0000, 0x000001b750ee0000, 0x000001b757b00000]
CodeHeap 'non-nmethods': size=5760Kb used=1472Kb max_used=1532Kb free=4287Kb
 bounds [0x000001b750030000, 0x000001b7502a0000, 0x000001b7505d0000]
 total_blobs=5537 nmethods=4696 adapters=752
 compilation: enabled
              stopped_count=0, restarted_count=0
 full_count=0

Compilation events (20 events):
Event: 112.186 Thread 0x000001b765f26500 4696       3       java.nio.CharBuffer::limit (8 bytes)
Event: 112.186 Thread 0x000001b765f26500 nmethod 4696 0x000001b750ecd090 code [0x000001b750ecd240, 0x000001b750ecd388]
Event: 112.186 Thread 0x000001b765f26500 4697   !   3       java.nio.CharBuffer::wrap (21 bytes)
Event: 112.186 Thread 0x000001b765f26500 nmethod 4697 0x000001b750ecd410 code [0x000001b750ecd5e0, 0x000001b750ecd878]
Event: 112.186 Thread 0x000001b765f26500 4698       3       java.nio.CharBuffer::hasArray (20 bytes)
Event: 112.186 Thread 0x000001b765f26500 nmethod 4698 0x000001b750ecda10 code [0x000001b750ecdba0, 0x000001b750ecdd58]
Event: 112.186 Thread 0x000001b765f26500 4699       3       java.nio.ByteBuffer::clear (7 bytes)
Event: 112.186 Thread 0x000001b765f26500 nmethod 4699 0x000001b750ecde10 code [0x000001b750ecdfc0, 0x000001b750ece138]
Event: 112.186 Thread 0x000001b765f26500 4700   !   3       sun.nio.cs.StreamEncoder::write (78 bytes)
Event: 112.187 Thread 0x000001b765f26500 nmethod 4700 0x000001b750ece210 code [0x000001b750ece440, 0x000001b750eceb58]
Event: 112.187 Thread 0x000001b765f26500 4701       3       sun.nio.cs.StreamEncoder::implWrite (15 bytes)
Event: 112.187 Thread 0x000001b765f26500 nmethod 4701 0x000001b750ecef10 code [0x000001b750ecf0c0, 0x000001b750ecf238]
Event: 112.187 Thread 0x000001b765f26500 4702       3       sun.nio.cs.StreamEncoder::implWrite (137 bytes)
Event: 112.188 Thread 0x000001b765f26500 nmethod 4702 0x000001b750ecf310 code [0x000001b750ecf540, 0x000001b750ecfd88]
Event: 112.188 Thread 0x000001b765f26500 4703       3       java.io.OutputStreamWriter::write (11 bytes)
Event: 112.188 Thread 0x000001b765f26500 nmethod 4703 0x000001b750ed0010 code [0x000001b750ed01c0, 0x000001b750ed0328]
Event: 112.188 Thread 0x000001b765f26500 4704       3       java.lang.StackTraceElement::toString (322 bytes)
Event: 112.193 Thread 0x000001b765f26500 nmethod 4704 0x000001b750ed0410 code [0x000001b750ed0a80, 0x000001b750ed3918]
Event: 525.483 Thread 0x000001b765f26500 4705       3       java.lang.invoke.MethodHandleImpl::makePairwiseConvert (22 bytes)
Event: 525.483 Thread 0x000001b765f26500 nmethod 4705 0x000001b750ed4790 code [0x000001b750ed4940, 0x000001b750ed4b68]

GC Heap History (6 events):
Event: 0.987 GC heap before
{Heap before GC invocations=0 (full 0):
 garbage-first heap   total 129024K, used 12288K [0x0000000082c00000, 0x0000000100000000)
  region size 1024K, 13 young (13312K), 0 survivors (0K)
 Metaspace       used 2812K, committed 3008K, reserved 1056768K
  class space    used 285K, committed 384K, reserved 1048576K
}
Event: 0.994 GC heap after
{Heap after GC invocations=1 (full 0):
 garbage-first heap   total 129024K, used 2275K [0x0000000082c00000, 0x0000000100000000)
  region size 1024K, 2 young (2048K), 2 survivors (2048K)
 Metaspace       used 2812K, committed 3008K, reserved 1056768K
  class space    used 285K, committed 384K, reserved 1048576K
}
Event: 2.031 GC heap before
{Heap before GC invocations=1 (full 0):
 garbage-first heap   total 129024K, used 17635K [0x0000000082c00000, 0x0000000100000000)
  region size 1024K, 18 young (18432K), 2 survivors (2048K)
 Metaspace       used 8038K, committed 8256K, reserved 1064960K
  class space    used 957K, committed 1088K, reserved 1048576K
}
Event: 2.039 GC heap after
{Heap after GC invocations=2 (full 0):
 garbage-first heap   total 129024K, used 5589K [0x0000000082c00000, 0x0000000100000000)
  region size 1024K, 3 young (3072K), 3 survivors (3072K)
 Metaspace       used 8038K, committed 8256K, reserved 1064960K
  class space    used 957K, committed 1088K, reserved 1048576K
}
Event: 53.471 GC heap before
{Heap before GC invocations=2 (full 0):
 garbage-first heap   total 129024K, used 69077K [0x0000000082c00000, 0x0000000100000000)
  region size 1024K, 61 young (62464K), 3 survivors (3072K)
 Metaspace       used 21010K, committed 21248K, reserved 1073152K
  class space    used 2818K, committed 2944K, reserved 1048576K
}
Event: 53.507 GC heap after
{Heap after GC invocations=3 (full 0):
 garbage-first heap   total 129024K, used 17954K [0x0000000082c00000, 0x0000000100000000)
  region size 1024K, 10 young (10240K), 10 survivors (10240K)
 Metaspace       used 21010K, committed 21248K, reserved 1073152K
  class space    used 2818K, committed 2944K, reserved 1048576K
}

Deoptimization events (20 events):
Event: 77.429 Thread 0x000001b7669c2110 DEOPT PACKING pc=0x000001b757c91ec0 sp=0x00000009255f57b0
Event: 77.429 Thread 0x000001b7669c2110 DEOPT UNPACKING pc=0x000001b75007d728 sp=0x00000009255f5718 mode 2
Event: 77.430 Thread 0x000001b7669c2110 Uncommon trap: trap_request=0xffffffbe fr.pc=0x000001b757c91ec0 relative=0x0000000000005980
Event: 77.430 Thread 0x000001b7669c2110 Uncommon trap: reason=profile_predicate action=maybe_recompile pc=0x000001b757c91ec0 method=javafx.scene.CssStyleHelper.transitionToState(Ljavafx/scene/Node;)V @ 286 c2
Event: 77.430 Thread 0x000001b7669c2110 DEOPT PACKING pc=0x000001b757c91ec0 sp=0x00000009255f57b0
Event: 77.430 Thread 0x000001b7669c2110 DEOPT UNPACKING pc=0x000001b75007d728 sp=0x00000009255f5718 mode 2
Event: 77.430 Thread 0x000001b7669c2110 Uncommon trap: trap_request=0xffffffbe fr.pc=0x000001b757c91ec0 relative=0x0000000000005980
Event: 77.430 Thread 0x000001b7669c2110 Uncommon trap: reason=profile_predicate action=maybe_recompile pc=0x000001b757c91ec0 method=javafx.scene.CssStyleHelper.transitionToState(Ljavafx/scene/Node;)V @ 286 c2
Event: 77.430 Thread 0x000001b7669c2110 DEOPT PACKING pc=0x000001b757c91ec0 sp=0x00000009255f57b0
Event: 77.430 Thread 0x000001b7669c2110 DEOPT UNPACKING pc=0x000001b75007d728 sp=0x00000009255f5718 mode 2
Event: 77.431 Thread 0x000001b7669c2110 Uncommon trap: trap_request=0xffffff45 fr.pc=0x000001b757c23690 relative=0x0000000000000430
Event: 77.432 Thread 0x000001b7669c2110 Uncommon trap: reason=unstable_if action=reinterpret pc=0x000001b757c23690 method=java.util.WeakHashMap.expungeStaleEntries()V @ 9 c2
Event: 77.432 Thread 0x000001b7669c2110 DEOPT PACKING pc=0x000001b757c23690 sp=0x00000009255f5020
Event: 77.432 Thread 0x000001b7669c2110 DEOPT UNPACKING pc=0x000001b75007d728 sp=0x00000009255f4ee8 mode 2
Event: 77.451 Thread 0x000001b766eacd00 DEOPT PACKING pc=0x000001b750cd3984 sp=0x00000009250fda10
Event: 77.451 Thread 0x000001b766eacd00 DEOPT UNPACKING pc=0x000001b75007deaf sp=0x00000009250fce28 mode 0
Event: 111.917 Thread 0x000001b7669c2110 Uncommon trap: trap_request=0xffffff45 fr.pc=0x000001b757b474dc relative=0x000000000000039c
Event: 111.917 Thread 0x000001b7669c2110 Uncommon trap: reason=unstable_if action=reinterpret pc=0x000001b757b474dc method=java.lang.AbstractStringBuilder.isLatin1()Z @ 10 c2
Event: 111.917 Thread 0x000001b7669c2110 DEOPT PACKING pc=0x000001b757b474dc sp=0x00000009255f5f00
Event: 111.918 Thread 0x000001b7669c2110 DEOPT UNPACKING pc=0x000001b75007d728 sp=0x00000009255f5e70 mode 2

Classes unloaded (0 events):
No events

Classes redefined (0 events):
No events

Internal exceptions (20 events):
Event: 2.470 Thread 0x000001b7669c2110 Implicit null exception at 0x000001b757b61d8c to 0x000001b757b61f38
Event: 2.714 Thread 0x000001b7669c2110 Exception <a 'java/lang/ClassNotFoundException'{0x0000000089d5be88}: com/sun/javafx/scene/control/skin/resources/controls> (0x0000000089d5be88) 
thrown [t:\workspace\open\src\hotspot\share\prims\jni.cpp, line 600]
Event: 2.715 Thread 0x000001b7669c2110 Exception <a 'java/lang/ClassNotFoundException'{0x0000000089d69988}: com/sun/javafx/scene/control/skin/resources/controls_ru> (0x0000000089d69988) 
thrown [t:\workspace\open\src\hotspot\share\prims\jni.cpp, line 600]
Event: 2.716 Thread 0x000001b7669c2110 Exception <a 'java/lang/ClassNotFoundException'{0x0000000089d6af78}: com/sun/javafx/scene/control/skin/resources/controls_ru_RU> (0x0000000089d6af78) 
thrown [t:\workspace\open\src\hotspot\share\prims\jni.cpp, line 600]
Event: 2.797 Thread 0x000001b7669c2110 Exception <a 'java/lang/NoSuchMethodError'{0x0000000089b2c430}: 'void java.lang.invoke.DirectMethodHandle$Holder.invokeSpecial(java.lang.Object, java.lang.Object, java.lang.Object, java.lang.Object, java.lang.Object, java.lang.Object)'> (0x0000000089b2c430) 
thrown [t:\workspace\open\src\hotspot\share\interpreter\linkResolver.cpp, line 790]
Event: 2.859 Thread 0x000001b7669c2110 Exception <a 'java/lang/NoSuchMethodError'{0x0000000089814178}: 'java.lang.Object java.lang.invoke.DirectMethodHandle$Holder.invokeInterface(java.lang.Object, java.lang.Object, java.lang.Object)'> (0x0000000089814178) 
thrown [t:\workspace\open\src\hotspot\share\interpreter\linkResolver.cpp, line 790]
Event: 2.860 Thread 0x000001b7669c2110 Exception <a 'java/lang/IncompatibleClassChangeError'{0x0000000089817cf8}: Found class java.lang.Object, but interface was expected> (0x0000000089817cf8) 
thrown [t:\workspace\open\src\hotspot\share\interpreter\linkResolver.cpp, line 857]
Event: 2.964 Thread 0x000001b7669c2110 Exception <a 'java/lang/NoSuchMethodError'{0x00000000894f03f0}: 'java.lang.Object java.lang.invoke.DirectMethodHandle$Holder.newInvokeSpecial(java.lang.Object, java.lang.Object, int)'> (0x00000000894f03f0) 
thrown [t:\workspace\open\src\hotspot\share\interpreter\linkResolver.cpp, line 790]
Event: 3.001 Thread 0x000001b766eacd00 Exception <a 'java/lang/NoSuchMethodError'{0x000000008939ae30}: 'int java.lang.invoke.DirectMethodHandle$Holder.invokeStaticInit(java.lang.Object, java.lang.Object)'> (0x000000008939ae30) 
thrown [t:\workspace\open\src\hotspot\share\interpreter\linkResolver.cpp, line 790]
Event: 3.016 Thread 0x000001b7669c2110 Exception <a 'java/lang/NoSuchMethodError'{0x0000000089346ba8}: 'long java.lang.invoke.DirectMethodHandle$Holder.invokeStatic(java.lang.Object, java.lang.Object, java.lang.Object)'> (0x0000000089346ba8) 
thrown [t:\workspace\open\src\hotspot\share\interpreter\linkResolver.cpp, line 790]
Event: 3.017 Thread 0x000001b7669c2110 Exception <a 'java/lang/NoSuchMethodError'{0x000000008934a558}: 'long java.lang.invoke.DirectMethodHandle$Holder.invokeStaticInit(java.lang.Object, java.lang.Object, java.lang.Object)'> (0x000000008934a558) 
thrown [t:\workspace\open\src\hotspot\share\interpreter\linkResolver.cpp, line 790]
Event: 3.024 Thread 0x000001b7669c2110 Exception <a 'java/lang/NoSuchMethodError'{0x0000000089362478}: 'java.lang.Object java.lang.invoke.DirectMethodHandle$Holder.newInvokeSpecial(java.lang.Object, java.lang.Object, long)'> (0x0000000089362478) 
thrown [t:\workspace\open\src\hotspot\share\interpreter\linkResolver.cpp, line 790]
Event: 3.025 Thread 0x000001b7669c2110 Exception <a 'java/lang/NoSuchMethodError'{0x00000000893661e8}: 'java.lang.Object java.lang.invoke.Invokers$Holder.linkToTargetMethod(java.lang.Object, long, java.lang.Object)'> (0x00000000893661e8) 
thrown [t:\workspace\open\src\hotspot\share\interpreter\linkResolver.cpp, line 790]
Event: 11.985 Thread 0x000001b7669c2110 Exception <a 'java/lang/NoSuchMethodError'{0x0000000088d917e0}: 'java.lang.Object java.lang.invoke.DirectMethodHandle$Holder.invokeInterface(java.lang.Object, java.lang.Object)'> (0x0000000088d917e0) 
thrown [t:\workspace\open\src\hotspot\share\interpreter\linkResolver.cpp, line 790]
Event: 11.987 Thread 0x000001b7669c2110 Exception <a 'java/lang/NoSuchMethodError'{0x0000000088d9a168}: 'java.lang.Object java.lang.invoke.DirectMethodHandle$Holder.invokeStaticInit(java.lang.Object, java.lang.Object, java.lang.Object)'> (0x0000000088d9a168) 
thrown [t:\workspace\open\src\hotspot\share\interpreter\linkResolver.cpp, line 790]
Event: 11.993 Thread 0x000001b7669c2110 Exception <a 'java/lang/NoSuchMethodError'{0x0000000088dbaa38}: 'int java.lang.invoke.DirectMethodHandle$Holder.invokeSpecial(java.lang.Object, java.lang.Object, java.lang.Object)'> (0x0000000088dbaa38) 
thrown [t:\workspace\open\src\hotspot\share\interpreter\linkResolver.cpp, line 790]
Event: 31.827 Thread 0x000001b766eacd00 Exception <a 'java/lang/NoSuchMethodError'{0x0000000088677d80}: 'java.lang.Object java.lang.invoke.DirectMethodHandle$Holder.invokeStaticInit(java.lang.Object, int)'> (0x0000000088677d80) 
thrown [t:\workspace\open\src\hotspot\share\interpreter\linkResolver.cpp, line 790]
Event: 33.505 Thread 0x000001b7669c2110 Exception <a 'java/lang/NoSuchMethodError'{0x0000000087c356e8}: 'void java.lang.invoke.DirectMethodHandle$Holder.invokeSpecialIFC(java.lang.Object, java.lang.Object, java.lang.Object, java.lang.Object)'> (0x0000000087c356e8) 
thrown [t:\workspace\open\src\hotspot\share\interpreter\linkResolver.cpp, line 790]
Event: 36.754 Thread 0x000001b7669c2110 Implicit null exception at 0x000001b757c66b5b to 0x000001b757c69f1c
Event: 112.180 Thread 0x000001b7669c2110 Exception <a 'java/lang/NullPointerException'{0x0000000085a62cd8}> (0x0000000085a62cd8) 
thrown [t:\workspace\open\src\hotspot\share\interpreter\linkResolver.cpp, line 1385]

Events (20 events):
Event: 112.086 loading class java/util/ResourceBundle$Control$1
Event: 112.086 loading class java/util/ResourceBundle$Control$1 done
Event: 112.089 loading class java/text/MessageFormat
Event: 112.089 loading class java/text/MessageFormat done
Event: 112.090 loading class java/text/MessageFormat$Field
Event: 112.090 loading class java/text/MessageFormat$Field done
Event: 112.092 loading class java/lang/Throwable$WrappedPrintStream
Event: 112.092 loading class java/lang/Throwable$PrintStreamOrWriter
Event: 112.092 loading class java/lang/Throwable$PrintStreamOrWriter done
Event: 112.092 loading class java/lang/Throwable$WrappedPrintStream done
Event: 113.559 Executing  VM operation: Cleanup
Event: 113.559 Executing  VM operation: Cleanup done
Event: 525.480 loading class jdk/internal/misc/Signal$1
Event: 525.480 loading class jdk/internal/misc/Signal$1 done
Event: 525.480 Thread 0x000001b767a5d7e0 Thread added: 0x000001b767a5d7e0
Event: 525.481 Thread 0x000001b767a5dd30 Thread added: 0x000001b767a5dd30
Event: 525.481 Thread 0x000001b767a5e7d0 Thread added: 0x000001b767a5e7d0
Event: 525.481 Thread 0x000001b767a5dd30 Thread exited: 0x000001b767a5dd30
Event: 525.483 Thread 0x000001b767a5e7d0 Thread exited: 0x000001b767a5e7d0
Event: 525.483 Executing  VM operation: Exit


Dynamic libraries:
0x00007ff7cecd0000 - 0x00007ff7cece0000 	C:\Program Files\Java\jdk-16.0.2\bin\java.exe
0x00007ff8a81b0000 - 0x00007ff8a83a5000 	C:\Windows\SYSTEM32\ntdll.dll
0x00007ff8a7b10000 - 0x00007ff8a7bce000 	C:\Windows\System32\KERNEL32.DLL
0x00007ff8a5a00000 - 0x00007ff8a5cc8000 	C:\Windows\System32\KERNELBASE.dll
0x00007ff8a6070000 - 0x00007ff8a6170000 	C:\Windows\System32\ucrtbase.dll
0x00007ff8a2a00000 - 0x00007ff8a2a18000 	C:\Program Files\Java\jdk-16.0.2\bin\jli.dll
0x00007ff8a7820000 - 0x00007ff8a78ce000 	C:\Windows\System32\ADVAPI32.dll
0x00007ff8a6200000 - 0x00007ff8a629e000 	C:\Windows\System32\msvcrt.dll
0x00007ff8a7050000 - 0x00007ff8a70ec000 	C:\Windows\System32\sechost.dll
0x00007ff8a78d0000 - 0x00007ff8a79f5000 	C:\Windows\System32\RPCRT4.dll
0x00007ff8a63d0000 - 0x00007ff8a6570000 	C:\Windows\System32\USER32.dll
0x00007ff8a5ed0000 - 0x00007ff8a5ef2000 	C:\Windows\System32\win32u.dll
0x00007ff8a7c60000 - 0x00007ff8a7c8b000 	C:\Windows\System32\GDI32.dll
0x00007ff8a58f0000 - 0x00007ff8a59fd000 	C:\Windows\System32\gdi32full.dll
0x00007ff8a5e30000 - 0x00007ff8a5ecd000 	C:\Windows\System32\msvcp_win.dll
0x00007ff8913d0000 - 0x00007ff89166a000 	C:\Windows\WinSxS\amd64_microsoft.windows.common-controls_6595b64144ccf1df_6.0.19041.1110_none_60b5254171f9507e\COMCTL32.dll
0x00007ff89f580000 - 0x00007ff89f58a000 	C:\Windows\SYSTEM32\VERSION.dll
0x00007ff8a29d0000 - 0x00007ff8a29e9000 	C:\Program Files\Java\jdk-16.0.2\bin\VCRUNTIME140.dll
0x00007ff8a77f0000 - 0x00007ff8a7820000 	C:\Windows\System32\IMM32.DLL
0x00007ff8a29c0000 - 0x00007ff8a29cc000 	C:\Program Files\Java\jdk-16.0.2\bin\vcruntime140_1.dll
0x00007ff8872e0000 - 0x00007ff887371000 	C:\Program Files\Java\jdk-16.0.2\bin\msvcp140.dll
0x00007ff869e30000 - 0x00007ff86a9db000 	C:\Program Files\Java\jdk-16.0.2\bin\server\jvm.dll
0x00007ff8a71d0000 - 0x00007ff8a71d8000 	C:\Windows\System32\PSAPI.DLL
0x00007ff890220000 - 0x00007ff890229000 	C:\Windows\SYSTEM32\WSOCK32.dll
0x00007ff8a8100000 - 0x00007ff8a816b000 	C:\Windows\System32\WS2_32.dll
0x00007ff884c60000 - 0x00007ff884c87000 	C:\Windows\SYSTEM32\WINMM.dll
0x00007ff8a3990000 - 0x00007ff8a39a2000 	C:\Windows\SYSTEM32\kernel.appcore.dll
0x00007ff8a29b0000 - 0x00007ff8a29ba000 	C:\Program Files\Java\jdk-16.0.2\bin\jimage.dll
0x00007ff8a36b0000 - 0x00007ff8a3894000 	C:\Windows\SYSTEM32\DBGHELP.DLL
0x00007ff892630000 - 0x00007ff89265c000 	C:\Windows\SYSTEM32\dbgcore.DLL
0x00007ff8a6170000 - 0x00007ff8a61f2000 	C:\Windows\System32\bcryptPrimitives.dll
0x00007ff8a0d80000 - 0x00007ff8a0d8e000 	C:\Program Files\Java\jdk-16.0.2\bin\instrument.dll
0x00007ff8a0d10000 - 0x00007ff8a0d35000 	C:\Program Files\Java\jdk-16.0.2\bin\java.dll
0x00007ff8a6750000 - 0x00007ff8a6e94000 	C:\Windows\System32\SHELL32.dll
0x00007ff8a39b0000 - 0x00007ff8a4144000 	C:\Windows\SYSTEM32\windows.storage.dll
0x00007ff8a7da0000 - 0x00007ff8a80f5000 	C:\Windows\System32\combase.dll
0x00007ff8a5240000 - 0x00007ff8a526e000 	C:\Windows\SYSTEM32\Wldp.dll
0x00007ff8a6570000 - 0x00007ff8a661d000 	C:\Windows\System32\SHCORE.dll
0x00007ff8a66f0000 - 0x00007ff8a6745000 	C:\Windows\System32\shlwapi.dll
0x00007ff8a5800000 - 0x00007ff8a581f000 	C:\Windows\SYSTEM32\profapi.dll
0x00007ff89fc00000 - 0x00007ff89fc19000 	C:\Program Files\Java\jdk-16.0.2\bin\net.dll
0x00007ff89c1f0000 - 0x00007ff89c2fc000 	C:\Windows\SYSTEM32\WINHTTP.dll
0x00007ff8a4fa0000 - 0x00007ff8a500a000 	C:\Windows\system32\mswsock.dll
0x00007ff89f2b0000 - 0x00007ff89f2c3000 	C:\Program Files\Java\jdk-16.0.2\bin\nio.dll
0x00007ff89ed10000 - 0x00007ff89ed28000 	C:\Program Files\Java\jdk-16.0.2\bin\zip.dll
0x00007ff89ecf0000 - 0x00007ff89ed0a000 	C:\Program Files\JetBrains\IntelliJ IDEA 2021.2.1\bin\breakgen64.dll
0x000001b7468d0000 - 0x000001b7468d3000 	C:\javafx-sdk-11.0.2\bin\api-ms-win-core-console-l1-1-0.dll
0x000001b7487c0000 - 0x000001b7487c3000 	C:\javafx-sdk-11.0.2\bin\api-ms-win-core-datetime-l1-1-0.dll
0x000001b7487d0000 - 0x000001b7487d3000 	C:\javafx-sdk-11.0.2\bin\api-ms-win-core-debug-l1-1-0.dll
0x000001b7487e0000 - 0x000001b7487e3000 	C:\javafx-sdk-11.0.2\bin\api-ms-win-core-errorhandling-l1-1-0.dll
0x000001b7487f0000 - 0x000001b7487f4000 	C:\javafx-sdk-11.0.2\bin\api-ms-win-core-file-l1-1-0.dll
0x000001b748800000 - 0x000001b748803000 	C:\javafx-sdk-11.0.2\bin\api-ms-win-core-file-l1-2-0.dll
0x000001b748810000 - 0x000001b748813000 	C:\javafx-sdk-11.0.2\bin\api-ms-win-core-file-l2-1-0.dll
0x000001b748820000 - 0x000001b748823000 	C:\javafx-sdk-11.0.2\bin\api-ms-win-core-handle-l1-1-0.dll
0x000001b748830000 - 0x000001b748833000 	C:\javafx-sdk-11.0.2\bin\api-ms-win-core-heap-l1-1-0.dll
0x000001b748840000 - 0x000001b748843000 	C:\javafx-sdk-11.0.2\bin\api-ms-win-core-interlocked-l1-1-0.dll
0x000001b748850000 - 0x000001b748853000 	C:\javafx-sdk-11.0.2\bin\api-ms-win-core-libraryloader-l1-1-0.dll
0x000001b748860000 - 0x000001b748863000 	C:\javafx-sdk-11.0.2\bin\api-ms-win-core-localization-l1-2-0.dll
0x000001b748870000 - 0x000001b748873000 	C:\javafx-sdk-11.0.2\bin\api-ms-win-core-memory-l1-1-0.dll
0x000001b748880000 - 0x000001b748883000 	C:\javafx-sdk-11.0.2\bin\api-ms-win-core-namedpipe-l1-1-0.dll
0x000001b765fd0000 - 0x000001b765fd3000 	C:\javafx-sdk-11.0.2\bin\api-ms-win-core-processenvironment-l1-1-0.dll
0x000001b765fe0000 - 0x000001b765fe3000 	C:\javafx-sdk-11.0.2\bin\api-ms-win-core-processthreads-l1-1-0.dll
0x000001b765ff0000 - 0x000001b765ff3000 	C:\javafx-sdk-11.0.2\bin\api-ms-win-core-processthreads-l1-1-1.dll
0x000001b7684e0000 - 0x000001b7684e3000 	C:\javafx-sdk-11.0.2\bin\api-ms-win-core-profile-l1-1-0.dll
0x000001b7684f0000 - 0x000001b7684f3000 	C:\javafx-sdk-11.0.2\bin\api-ms-win-core-rtlsupport-l1-1-0.dll
0x000001b768500000 - 0x000001b768503000 	C:\javafx-sdk-11.0.2\bin\api-ms-win-core-string-l1-1-0.dll
0x000001b768510000 - 0x000001b768513000 	C:\javafx-sdk-11.0.2\bin\api-ms-win-core-synch-l1-1-0.dll
0x000001b768520000 - 0x000001b768523000 	C:\javafx-sdk-11.0.2\bin\api-ms-win-core-synch-l1-2-0.dll
0x000001b768530000 - 0x000001b768533000 	C:\javafx-sdk-11.0.2\bin\api-ms-win-core-sysinfo-l1-1-0.dll
0x000001b768540000 - 0x000001b768543000 	C:\javafx-sdk-11.0.2\bin\api-ms-win-core-timezone-l1-1-0.dll
0x000001b768550000 - 0x000001b768553000 	C:\javafx-sdk-11.0.2\bin\api-ms-win-core-util-l1-1-0.dll
0x000001b768560000 - 0x000001b768563000 	C:\javafx-sdk-11.0.2\bin\api-ms-win-crt-conio-l1-1-0.dll
0x000001b768570000 - 0x000001b768574000 	C:\javafx-sdk-11.0.2\bin\api-ms-win-crt-convert-l1-1-0.dll
0x000001b768580000 - 0x000001b768583000 	C:\javafx-sdk-11.0.2\bin\api-ms-win-crt-environment-l1-1-0.dll
0x000001b768590000 - 0x000001b768593000 	C:\javafx-sdk-11.0.2\bin\api-ms-win-crt-filesystem-l1-1-0.dll
0x000001b768820000 - 0x000001b768823000 	C:\javafx-sdk-11.0.2\bin\api-ms-win-crt-heap-l1-1-0.dll
0x000001b768830000 - 0x000001b768833000 	C:\javafx-sdk-11.0.2\bin\api-ms-win-crt-locale-l1-1-0.dll
0x000001b768840000 - 0x000001b768845000 	C:\javafx-sdk-11.0.2\bin\api-ms-win-crt-math-l1-1-0.dll
0x000001b768850000 - 0x000001b768855000 	C:\javafx-sdk-11.0.2\bin\api-ms-win-crt-multibyte-l1-1-0.dll
0x000001b768860000 - 0x000001b768870000 	C:\javafx-sdk-11.0.2\bin\api-ms-win-crt-private-l1-1-0.dll
0x000001b768870000 - 0x000001b768873000 	C:\javafx-sdk-11.0.2\bin\api-ms-win-crt-process-l1-1-0.dll
0x000001b768880000 - 0x000001b768884000 	C:\javafx-sdk-11.0.2\bin\api-ms-win-crt-runtime-l1-1-0.dll
0x000001b768890000 - 0x000001b768894000 	C:\javafx-sdk-11.0.2\bin\api-ms-win-crt-stdio-l1-1-0.dll
0x000001b7688a0000 - 0x000001b7688a4000 	C:\javafx-sdk-11.0.2\bin\api-ms-win-crt-string-l1-1-0.dll
0x000001b7688b0000 - 0x000001b7688b3000 	C:\javafx-sdk-11.0.2\bin\api-ms-win-crt-time-l1-1-0.dll
0x000001b7688c0000 - 0x000001b7688c3000 	C:\javafx-sdk-11.0.2\bin\api-ms-win-crt-utility-l1-1-0.dll
0x00007ff8853a0000 - 0x00007ff88549a000 	C:\javafx-sdk-11.0.2\bin\ucrtbase.dll
0x00007ff89eca0000 - 0x00007ff89ecb6000 	C:\javafx-sdk-11.0.2\bin\vcruntime140.dll
0x00007ff8871c0000 - 0x00007ff887266000 	C:\javafx-sdk-11.0.2\bin\msvcp140.dll
0x00007ff885340000 - 0x00007ff885391000 	C:\javafx-sdk-11.0.2\bin\concrt140.dll
0x00007ff890e80000 - 0x00007ff890ea3000 	C:\javafx-sdk-11.0.2\bin\prism_d3d.dll
0x00007ff868d70000 - 0x00007ff868f40000 	C:\Windows\system32\d3d9.dll
0x00007ff8a3120000 - 0x00007ff8a314f000 	C:\Windows\SYSTEM32\dwmapi.dll
0x00007ff8a2f10000 - 0x00007ff8a2fae000 	C:\Windows\system32\uxtheme.dll
0x00007ff8a58c0000 - 0x00007ff8a58e7000 	C:\Windows\System32\bcrypt.dll
0x00007ff8a62a0000 - 0x00007ff8a63ca000 	C:\Windows\System32\ole32.dll
0x00007ff8a6620000 - 0x00007ff8a66ed000 	C:\Windows\System32\OLEAUT32.dll
0x00007ff8a5f70000 - 0x00007ff8a5fbe000 	C:\Windows\System32\cfgmgr32.dll
0x00007ff8850a0000 - 0x00007ff8850e5000 	C:\javafx-sdk-11.0.2\bin\glass.dll
0x00007ff8a70f0000 - 0x00007ff8a71ca000 	C:\Windows\System32\COMDLG32.dll
0x00007ff8a71e0000 - 0x00007ff8a72f6000 	C:\Windows\System32\MSCTF.dll
0x00007ff89b490000 - 0x00007ff89b4cb000 	C:\Windows\SYSTEM32\dxcore.dll
0x00007ff886fc0000 - 0x00007ff886fd4000 	C:\javafx-sdk-11.0.2\bin\javafx_font.dll
0x00007ff893a20000 - 0x00007ff893ca3000 	C:\Windows\SYSTEM32\dwrite.dll
0x00007ff8a7cf0000 - 0x00007ff8a7d99000 	C:\Windows\System32\clbcatq.dll
0x00007ff89cad0000 - 0x00007ff89cc84000 	C:\Windows\SYSTEM32\WindowsCodecs.dll
0x00007ff87d560000 - 0x00007ff87d59e000 	C:\Windows\system32\dataexchange.dll
0x00007ff8a1e30000 - 0x00007ff8a2015000 	C:\Windows\system32\dcomp.dll
0x00007ff8a0f00000 - 0x00007ff8a1164000 	C:\Windows\system32\d3d11.dll
0x00007ff8a42d0000 - 0x00007ff8a43c4000 	C:\Windows\system32\dxgi.dll
0x00007ff89d220000 - 0x00007ff89d421000 	C:\Windows\system32\twinapi.appcore.dll
0x00007ff8866a0000 - 0x00007ff8866d4000 	C:\Program Files\Common Files\Microsoft Shared\Ink\rtscom.dll
0x00007ff89a660000 - 0x00007ff89a759000 	C:\Windows\SYSTEM32\textinputframework.dll
0x00007ff8a23a0000 - 0x00007ff8a26fe000 	C:\Windows\System32\CoreUIComponents.dll
0x00007ff8a2700000 - 0x00007ff8a27f2000 	C:\Windows\System32\CoreMessaging.dll
0x00007ff8a45b0000 - 0x00007ff8a45e3000 	C:\Windows\SYSTEM32\ntmarta.dll
0x00007ff8a1cd0000 - 0x00007ff8a1e24000 	C:\Windows\SYSTEM32\wintypes.dll
0x00007ff8a06a0000 - 0x00007ff8a06a9000 	C:\Program Files\Java\jdk-16.0.2\bin\management.dll
0x00007ff8a0520000 - 0x00007ff8a052b000 	C:\Program Files\Java\jdk-16.0.2\bin\management_ext.dll

dbghelp: loaded successfully - version: 4.0.5 - missing functions: none
symbol engine: initialized successfully - sym options: 0x614 - pdb path: .;C:\Program Files\Java\jdk-16.0.2\bin;C:\Windows\SYSTEM32;C:\Windows\WinSxS\amd64_microsoft.windows.common-controls_6595b64144ccf1df_6.0.19041.1110_none_60b5254171f9507e;C:\Program Files\Java\jdk-16.0.2\bin\server;C:\Program Files\JetBrains\IntelliJ IDEA 2021.2.1\bin;C:\javafx-sdk-11.0.2\bin;C:\Windows\System32\DriverStore\FileRepository\iigd_dch.inf_amd64_e9b40d45ab4dc6b8;C:\Program Files\Common Files\Microsoft Shared\Ink

VM Arguments:
jvm_args: --module-path=C:/javafx-sdk-11.0.2/lib --add-modules=javafx.controls,javafx.fxml -javaagent:C:\Program Files\JetBrains\IntelliJ IDEA 2021.2.1\lib\idea_rt.jar=56602:C:\Program Files\JetBrains\IntelliJ IDEA 2021.2.1\bin -Dfile.encoding=UTF-8 
java_command: forms.Main
java_class_path (initial): C:\java\Polyclinic\out\production\Polyclinic;C:\javafx-sdk-11.0.2\lib\src.zip;C:\javafx-sdk-11.0.2\lib\javafx-swt.jar;C:\javafx-sdk-11.0.2\lib\javafx.web.jar;C:\javafx-sdk-11.0.2\lib\javafx.base.jar;C:\javafx-sdk-11.0.2\lib\javafx.fxml.jar;C:\javafx-sdk-11.0.2\lib\javafx.media.jar;C:\javafx-sdk-11.0.2\lib\javafx.swing.jar;C:\javafx-sdk-11.0.2\lib\javafx.controls.jar;C:\javafx-sdk-11.0.2\lib\javafx.graphics.jar;C:\java\Polyclinic\src\resources\postgresql-42.3.1 (1).jar
Launcher Type: SUN_STANDARD

[Global flags]
     intx CICompilerCount                          = 3                                         {product} {ergonomic}
     uint ConcGCThreads                            = 1                                         {product} {ergonomic}
     uint G1ConcRefinementThreads                  = 4                                         {product} {ergonomic}
   size_t G1HeapRegionSize                         = 1048576                                   {product} {ergonomic}
    uintx GCDrainStackTargetSize                   = 64                                        {product} {ergonomic}
   size_t InitialHeapSize                          = 132120576                                 {product} {ergonomic}
   size_t MarkStackSize                            = 4194304                                   {product} {ergonomic}
   size_t MaxHeapSize                              = 2101346304                                {product} {ergonomic}
   size_t MaxNewSize                               = 1260388352                                {product} {ergonomic}
   size_t MinHeapDeltaBytes                        = 1048576                                   {product} {ergonomic}
   size_t MinHeapSize                              = 8388608                                   {product} {ergonomic}
    uintx NonNMethodCodeHeapSize                   = 5832780                                {pd product} {ergonomic}
    uintx NonProfiledCodeHeapSize                  = 122912730                              {pd product} {ergonomic}
    uintx ProfiledCodeHeapSize                     = 122912730                              {pd product} {ergonomic}
    uintx ReservedCodeCacheSize                    = 251658240                              {pd product} {ergonomic}
     bool SegmentedCodeCache                       = true                                      {product} {ergonomic}
   size_t SoftMaxHeapSize                          = 2101346304                             {manageable} {ergonomic}
     bool UseCompressedClassPointers               = true                           {product lp64_product} {ergonomic}
     bool UseCompressedOops                        = true                           {product lp64_product} {ergonomic}
     bool UseG1GC                                  = true                                      {product} {ergonomic}
     bool UseLargePagesIndividualAllocation        = false                                  {pd product} {ergonomic}

Logging:
Log output configuration:
 #0: stdout all=off uptime,level,tags
 #1: stderr all=off uptime,level,tags

Environment Variables:
PATH=C:\Program Files\Common Files\Oracle\Java\javapath;C:\Program Files (x86)\Common Files\Oracle\Java\javapath;C:\Windows\system32;C:\Windows;C:\Windows\System32\Wbem;C:\Windows\System32\WindowsPowerShell\v1.0\;C:\Windows\System32\OpenSSH\;C:\Program Files\dotnet\;C:\Users\Kate\AppData\Local\Microsoft\WindowsApps;;C:\Program Files\JetBrains\IntelliJ IDEA 2021.2.1\bin;;C:\Users\Kate\.dotnet\tools
USERNAME=Kate
OS=Windows_NT
PROCESSOR_IDENTIFIER=Intel64 Family 6 Model 122 Stepping 1, GenuineIntel



---------------  S Y S T E M  ---------------

OS:
 Windows 10 , 64 bit Build 19041 (10.0.19041.1503)
OS uptime: 5 days 14:21 hours

CPU: total 4 (initial active 4) (4 cores per cpu, 1 threads per core) family 6 model 122 stepping 1 microcode 0x2e, cx8, cmov, fxsr, mmx, 3dnowpref, sse, sse2, sse3, ssse3, sse4.1, sse4.2, popcnt, tsc, tscinvbit, aes, erms, clmul, sha, clflush, clflushopt

Memory: 4k page, system-wide physical 8014M (2379M free)
TotalPageFile size 10958M (AvailPageFile size 3136M)
current process WorkingSet (physical memory assigned to process): 138M, peak: 234M
current process commit charge ("private bytes"): 205M, peak: 328M

vm_info: Java HotSpot(TM) 64-Bit Server VM (16.0.2+7-67) for windows-amd64 JRE (16.0.2+7-67), built on Jun  8 2021 23:24:19 by "mach5one" with MS VC++ 16.7 (VS2019)

END.
